Mock Version: 1.2.14
ENTER do(['bash', '--login', '-c', '/usr/bin/rpmbuild -bs --target x86_64 --nodeps /builddir/build/SPECS/nfv-plugins.spec'], chrootPath='/var/lib/mock/clear-nfv-plugins/root'env={'TERM': 'vt100', 'SHELL': '/bin/bash', 'HOME': '/builddir', 'HOSTNAME': 'mock', 'PATH': '/usr/bin:/bin:/usr/sbin:/sbin', 'LANG': 'en_US.UTF-8', 'CCACHE_DIR': '/var/tmp/ccache', 'CCACHE_UMASK': '002'}shell=Falselogger=<mockbuild.trace_decorator.getLog object at 0x7f6a636b6550>timeout=0uid=1000gid=1000user='mockbuild'printOutput=False)
Executing command: ['bash', '--login', '-c', '/usr/bin/rpmbuild -bs --target x86_64 --nodeps /builddir/build/SPECS/nfv-plugins.spec'] with env {'TERM': 'vt100', 'SHELL': '/bin/bash', 'HOME': '/builddir', 'HOSTNAME': 'mock', 'PATH': '/usr/bin:/bin:/usr/sbin:/sbin', 'LANG': 'en_US.UTF-8', 'CCACHE_DIR': '/var/tmp/ccache', 'CCACHE_UMASK': '002'} and shell False
Building target platforms: x86_64
Building for target x86_64
Wrote: /builddir/build/SRPMS/nfv-plugins-1-1.src.rpm
Child return code was: 0
LEAVE do --> 

ENTER do(['bash', '--login', '-c', '/usr/bin/rpmbuild -bb --target x86_64 --nodeps  /builddir/build/SPECS/nfv-plugins.spec '], chrootPath='/var/lib/mock/clear-nfv-plugins/root'env={'TERM': 'vt100', 'SHELL': '/bin/bash', 'HOME': '/builddir', 'HOSTNAME': 'mock', 'PATH': '/usr/bin:/bin:/usr/sbin:/sbin', 'LANG': 'en_US.UTF-8', 'CCACHE_DIR': '/var/tmp/ccache', 'CCACHE_UMASK': '002'}shell=Falselogger=<mockbuild.trace_decorator.getLog object at 0x7f6a636b6550>timeout=0uid=1000gid=1000user='mockbuild'private_network=TrueprintOutput=False)
Executing command: ['bash', '--login', '-c', '/usr/bin/rpmbuild -bb --target x86_64 --nodeps  /builddir/build/SPECS/nfv-plugins.spec '] with env {'TERM': 'vt100', 'SHELL': '/bin/bash', 'HOME': '/builddir', 'HOSTNAME': 'mock', 'PATH': '/usr/bin:/bin:/usr/sbin:/sbin', 'LANG': 'en_US.UTF-8', 'CCACHE_DIR': '/var/tmp/ccache', 'CCACHE_UMASK': '002'} and shell False
Building target platforms: x86_64
Building for target x86_64
Executing(%prep): /bin/sh -e /var/tmp/rpm-tmp.zgsEkO
+ umask 022
+ cd /builddir/build/BUILD
+ LANG=en_US.UTF-8
+ export LANG
+ unset DISPLAY
+ cd /builddir/build/BUILD
+ rm -rf nfv-plugins
+ /usr/bin/gzip -dc /builddir/build/SOURCES/nfv-plugins.tgz
+ /usr/bin/tar -xf -
+ STATUS=0
+ '[' 0 -ne 0 ']'
+ cd nfv-plugins
+ /usr/bin/chmod -Rf a+rX,u+w,g-w,o-w .
+ exit 0
Executing(%build): /bin/sh -e /var/tmp/rpm-tmp.XXZVzO
+ umask 022
+ cd /builddir/build/BUILD
+ cd nfv-plugins
+ LANG=en_US.UTF-8
+ export LANG
+ unset DISPLAY
+ unset PYTHONOPTIMIZE
+ CFLAGS='-O2 -g -feliminate-unused-debug-types -pipe -Wall -Wp,-D_FORTIFY_SOURCE=2 -fexceptions -fstack-protector --param=ssp-buffer-size=32 -Wformat -Wformat-security -Wl,-z,now,-z,relro,-z,max-page-size=0x1000,-z,separate-code -Wno-error -ftree-vectorize -ftree-slp-vectorize -Wl,--enable-new-dtags -fcf-protection=return -m64 -march=westmere -mtune=haswell -fasynchronous-unwind-tables -fno-omit-frame-pointer -Wp,-D_REENTRANT'
+ export CFLAGS
+ http_proxy=http://127.0.0.1:9/
+ export http_proxy
+ https_proxy=http://127.0.0.1:9/
+ export https_proxy
+ ftp_proxy=http://127.0.0.1:9/
+ export ftp_proxy
+ no_proxy=localhost,127.0.0.1,0.0.0.0
+ export no_proxy
+ CXXFLAGS='-O2 -g -feliminate-unused-debug-types -pipe -Wall -Wp,-D_FORTIFY_SOURCE=2 -fexceptions -fstack-protector --param=ssp-buffer-size=32 -Wformat -Wformat-security -Wl,-z,now,-z,relro,-z,max-page-size=0x1000,-z,separate-code -Wno-error -ftree-vectorize -ftree-slp-vectorize -Wl,--enable-new-dtags -fcf-protection=return -m64 -march=westmere -mtune=haswell -fasynchronous-unwind-tables -fno-omit-frame-pointer -Wp,-D_REENTRANT'
+ export CXXFLAGS
+ FFLAGS='-g -O3 -feliminate-unused-debug-types  -pipe -Wall -Wp,-D_FORTIFY_SOURCE=2 -fexceptions -fstack-protector --param=ssp-buffer-size=32 -m64 -fasynchronous-unwind-tables -Wp,-D_REENTRANT -ftree-loop-distribute-patterns -Wl,-z -Wl,now -Wl,-z -Wl,relro -malign-data=abi -fno-semantic-interposition -ftree-vectorize  -ftree-loop-vectorize -Wl,--enable-new-dtags '
+ export FFLAGS
+ LD_AS_NEEDED=1
+ export LD_AS_NEEDED
+ PKG_CONFIG_LIBDIR=/usr/lib64/pkgconfig
+ export PKG_CONFIG_LIBDIR
+ PATH=/usr/lib64/ccache/bin:/usr/local/bin:/usr/bin
+ export PATH
+ export http_proxy=http://127.0.0.1:9/
+ http_proxy=http://127.0.0.1:9/
+ export https_proxy=http://127.0.0.1:9/
+ https_proxy=http://127.0.0.1:9/
+ export no_proxy=localhost,127.0.0.1,0.0.0.0
+ no_proxy=localhost,127.0.0.1,0.0.0.0
+ export LANG=C.UTF-8
+ LANG=C.UTF-8
+ export SOURCE_DATE_EPOCH=1566357513
+ SOURCE_DATE_EPOCH=1566357513
+ export GCC_IGNORE_WERROR=1
+ GCC_IGNORE_WERROR=1
+ export AR=gcc-ar
+ AR=gcc-ar
+ export RANLIB=gcc-ranlib
+ RANLIB=gcc-ranlib
+ export NM=gcc-nm
+ NM=gcc-nm
+ export 'CFLAGS=-O2 -g -feliminate-unused-debug-types -pipe -Wall -Wp,-D_FORTIFY_SOURCE=2 -fexceptions -fstack-protector --param=ssp-buffer-size=32 -Wformat -Wformat-security -Wl,-z,now,-z,relro,-z,max-page-size=0x1000,-z,separate-code -Wno-error -ftree-vectorize -ftree-slp-vectorize -Wl,--enable-new-dtags -fcf-protection=return -m64 -march=westmere -mtune=haswell -fasynchronous-unwind-tables -fno-omit-frame-pointer -Wp,-D_REENTRANT -O3 -ffat-lto-objects -flto=4 '
+ CFLAGS='-O2 -g -feliminate-unused-debug-types -pipe -Wall -Wp,-D_FORTIFY_SOURCE=2 -fexceptions -fstack-protector --param=ssp-buffer-size=32 -Wformat -Wformat-security -Wl,-z,now,-z,relro,-z,max-page-size=0x1000,-z,separate-code -Wno-error -ftree-vectorize -ftree-slp-vectorize -Wl,--enable-new-dtags -fcf-protection=return -m64 -march=westmere -mtune=haswell -fasynchronous-unwind-tables -fno-omit-frame-pointer -Wp,-D_REENTRANT -O3 -ffat-lto-objects -flto=4 '
+ export 'FCFLAGS=-O2 -g -feliminate-unused-debug-types -pipe -Wall -Wp,-D_FORTIFY_SOURCE=2 -fexceptions -fstack-protector --param=ssp-buffer-size=32 -Wformat -Wformat-security -Wl,-z,now,-z,relro,-z,max-page-size=0x1000,-z,separate-code -Wno-error -ftree-vectorize -ftree-slp-vectorize -Wl,--enable-new-dtags -fcf-protection=return -m64 -march=westmere -mtune=haswell -fasynchronous-unwind-tables -fno-omit-frame-pointer -Wp,-D_REENTRANT -O3 -ffat-lto-objects -flto=4  -O3 -ffat-lto-objects -flto=4 '
+ FCFLAGS='-O2 -g -feliminate-unused-debug-types -pipe -Wall -Wp,-D_FORTIFY_SOURCE=2 -fexceptions -fstack-protector --param=ssp-buffer-size=32 -Wformat -Wformat-security -Wl,-z,now,-z,relro,-z,max-page-size=0x1000,-z,separate-code -Wno-error -ftree-vectorize -ftree-slp-vectorize -Wl,--enable-new-dtags -fcf-protection=return -m64 -march=westmere -mtune=haswell -fasynchronous-unwind-tables -fno-omit-frame-pointer -Wp,-D_REENTRANT -O3 -ffat-lto-objects -flto=4  -O3 -ffat-lto-objects -flto=4 '
+ export 'FFLAGS=-O2 -g -feliminate-unused-debug-types -pipe -Wall -Wp,-D_FORTIFY_SOURCE=2 -fexceptions -fstack-protector --param=ssp-buffer-size=32 -Wformat -Wformat-security -Wl,-z,now,-z,relro,-z,max-page-size=0x1000,-z,separate-code -Wno-error -ftree-vectorize -ftree-slp-vectorize -Wl,--enable-new-dtags -fcf-protection=return -m64 -march=westmere -mtune=haswell -fasynchronous-unwind-tables -fno-omit-frame-pointer -Wp,-D_REENTRANT -O3 -ffat-lto-objects -flto=4  -O3 -ffat-lto-objects -flto=4 '
+ FFLAGS='-O2 -g -feliminate-unused-debug-types -pipe -Wall -Wp,-D_FORTIFY_SOURCE=2 -fexceptions -fstack-protector --param=ssp-buffer-size=32 -Wformat -Wformat-security -Wl,-z,now,-z,relro,-z,max-page-size=0x1000,-z,separate-code -Wno-error -ftree-vectorize -ftree-slp-vectorize -Wl,--enable-new-dtags -fcf-protection=return -m64 -march=westmere -mtune=haswell -fasynchronous-unwind-tables -fno-omit-frame-pointer -Wp,-D_REENTRANT -O3 -ffat-lto-objects -flto=4  -O3 -ffat-lto-objects -flto=4 '
+ export 'CXXFLAGS=-O2 -g -feliminate-unused-debug-types -pipe -Wall -Wp,-D_FORTIFY_SOURCE=2 -fexceptions -fstack-protector --param=ssp-buffer-size=32 -Wformat -Wformat-security -Wl,-z,now,-z,relro,-z,max-page-size=0x1000,-z,separate-code -Wno-error -ftree-vectorize -ftree-slp-vectorize -Wl,--enable-new-dtags -fcf-protection=return -m64 -march=westmere -mtune=haswell -fasynchronous-unwind-tables -fno-omit-frame-pointer -Wp,-D_REENTRANT -O3 -ffat-lto-objects -flto=4 '
+ CXXFLAGS='-O2 -g -feliminate-unused-debug-types -pipe -Wall -Wp,-D_FORTIFY_SOURCE=2 -fexceptions -fstack-protector --param=ssp-buffer-size=32 -Wformat -Wformat-security -Wl,-z,now,-z,relro,-z,max-page-size=0x1000,-z,separate-code -Wno-error -ftree-vectorize -ftree-slp-vectorize -Wl,--enable-new-dtags -fcf-protection=return -m64 -march=westmere -mtune=haswell -fasynchronous-unwind-tables -fno-omit-frame-pointer -Wp,-D_REENTRANT -O3 -ffat-lto-objects -flto=4 '
+ export MAKEFLAGS=-j4
+ MAKEFLAGS=-j4
+ python3 setup.py build
running build
running build_py
creating build
creating build/lib
creating build/lib/nfv_plugins
copying nfv_plugins/__init__.py -> build/lib/nfv_plugins
creating build/lib/nfv_plugins/nfvi_plugins
copying nfv_plugins/nfvi_plugins/nfvi_fault_mgmt_api.py -> build/lib/nfv_plugins/nfvi_plugins
copying nfv_plugins/nfvi_plugins/nfvi_infrastructure_api.py -> build/lib/nfv_plugins/nfvi_plugins
copying nfv_plugins/nfvi_plugins/__init__.py -> build/lib/nfv_plugins/nfvi_plugins
copying nfv_plugins/nfvi_plugins/unit_test.py -> build/lib/nfv_plugins/nfvi_plugins
copying nfv_plugins/nfvi_plugins/nfvi_sw_mgmt_api.py -> build/lib/nfv_plugins/nfvi_plugins
copying nfv_plugins/nfvi_plugins/config.py -> build/lib/nfv_plugins/nfvi_plugins
copying nfv_plugins/nfvi_plugins/nfvi_block_storage_api.py -> build/lib/nfv_plugins/nfvi_plugins
copying nfv_plugins/nfvi_plugins/nfvi_guest_api.py -> build/lib/nfv_plugins/nfvi_plugins
copying nfv_plugins/nfvi_plugins/nfvi_network_api.py -> build/lib/nfv_plugins/nfvi_plugins
copying nfv_plugins/nfvi_plugins/nfvi_compute_api.py -> build/lib/nfv_plugins/nfvi_plugins
copying nfv_plugins/nfvi_plugins/nfvi_image_api.py -> build/lib/nfv_plugins/nfvi_plugins
copying nfv_plugins/nfvi_plugins/nfvi_identity_api.py -> build/lib/nfv_plugins/nfvi_plugins
creating build/lib/nfv_plugins/alarm_handlers
copying nfv_plugins/alarm_handlers/__init__.py -> build/lib/nfv_plugins/alarm_handlers
copying nfv_plugins/alarm_handlers/config.py -> build/lib/nfv_plugins/alarm_handlers
copying nfv_plugins/alarm_handlers/file_storage.py -> build/lib/nfv_plugins/alarm_handlers
copying nfv_plugins/alarm_handlers/fm.py -> build/lib/nfv_plugins/alarm_handlers
creating build/lib/nfv_plugins/event_log_handlers
copying nfv_plugins/event_log_handlers/__init__.py -> build/lib/nfv_plugins/event_log_handlers
copying nfv_plugins/event_log_handlers/config.py -> build/lib/nfv_plugins/event_log_handlers
copying nfv_plugins/event_log_handlers/file_storage.py -> build/lib/nfv_plugins/event_log_handlers
copying nfv_plugins/event_log_handlers/fm.py -> build/lib/nfv_plugins/event_log_handlers
creating build/lib/nfv_plugins/nfvi_plugins/openstack
copying nfv_plugins/nfvi_plugins/openstack/sysinv.py -> build/lib/nfv_plugins/nfvi_plugins/openstack
copying nfv_plugins/nfvi_plugins/openstack/heat.py -> build/lib/nfv_plugins/nfvi_plugins/openstack
copying nfv_plugins/nfvi_plugins/openstack/openstack.py -> build/lib/nfv_plugins/nfvi_plugins/openstack
copying nfv_plugins/nfvi_plugins/openstack/ceilometer.py -> build/lib/nfv_plugins/nfvi_plugins/openstack
copying nfv_plugins/nfvi_plugins/openstack/__init__.py -> build/lib/nfv_plugins/nfvi_plugins/openstack
copying nfv_plugins/nfvi_plugins/openstack/exceptions.py -> build/lib/nfv_plugins/nfvi_plugins/openstack
copying nfv_plugins/nfvi_plugins/openstack/neutron.py -> build/lib/nfv_plugins/nfvi_plugins/openstack
copying nfv_plugins/nfvi_plugins/openstack/mtc.py -> build/lib/nfv_plugins/nfvi_plugins/openstack
copying nfv_plugins/nfvi_plugins/openstack/rest_api.py -> build/lib/nfv_plugins/nfvi_plugins/openstack
copying nfv_plugins/nfvi_plugins/openstack/guest.py -> build/lib/nfv_plugins/nfvi_plugins/openstack
copying nfv_plugins/nfvi_plugins/openstack/cinder.py -> build/lib/nfv_plugins/nfvi_plugins/openstack
copying nfv_plugins/nfvi_plugins/openstack/nova.py -> build/lib/nfv_plugins/nfvi_plugins/openstack
copying nfv_plugins/nfvi_plugins/openstack/rpc_listener.py -> build/lib/nfv_plugins/nfvi_plugins/openstack
copying nfv_plugins/nfvi_plugins/openstack/openstack_log.py -> build/lib/nfv_plugins/nfvi_plugins/openstack
copying nfv_plugins/nfvi_plugins/openstack/patching.py -> build/lib/nfv_plugins/nfvi_plugins/openstack
copying nfv_plugins/nfvi_plugins/openstack/glance.py -> build/lib/nfv_plugins/nfvi_plugins/openstack
copying nfv_plugins/nfvi_plugins/openstack/objects.py -> build/lib/nfv_plugins/nfvi_plugins/openstack
copying nfv_plugins/nfvi_plugins/openstack/keystone.py -> build/lib/nfv_plugins/nfvi_plugins/openstack
copying nfv_plugins/nfvi_plugins/openstack/fm.py -> build/lib/nfv_plugins/nfvi_plugins/openstack
creating build/lib/nfv_plugins/nfvi_plugins/clients
copying nfv_plugins/nfvi_plugins/clients/__init__.py -> build/lib/nfv_plugins/nfvi_plugins/clients
copying nfv_plugins/nfvi_plugins/clients/kubernetes_client.py -> build/lib/nfv_plugins/nfvi_plugins/clients
+ exit 0
Executing(%install): /bin/sh -e /var/tmp/rpm-tmp.M7DyNO
+ umask 022
+ cd /builddir/build/BUILD
+ cd nfv-plugins
+ LANG=en_US.UTF-8
+ export LANG
+ unset DISPLAY
+ unset PYTHONOPTIMIZE
+ rm -rf /builddir/build/BUILDROOT/nfv-plugins-1-1.x86_64
+ mkdir -p /builddir/build/BUILDROOT/nfv-plugins-1-1.x86_64
+ export MAKEFLAGS=-j4
+ MAKEFLAGS=-j4
+ rm -rf /builddir/build/BUILDROOT/nfv-plugins-1-1.x86_64
+ python3 -tt setup.py build install --root=/builddir/build/BUILDROOT/nfv-plugins-1-1.x86_64
running build
running build_py
running install
running install_lib
creating /builddir/build/BUILDROOT/nfv-plugins-1-1.x86_64
creating /builddir/build/BUILDROOT/nfv-plugins-1-1.x86_64/usr
creating /builddir/build/BUILDROOT/nfv-plugins-1-1.x86_64/usr/lib
creating /builddir/build/BUILDROOT/nfv-plugins-1-1.x86_64/usr/lib/python3.7
creating /builddir/build/BUILDROOT/nfv-plugins-1-1.x86_64/usr/lib/python3.7/site-packages
creating /builddir/build/BUILDROOT/nfv-plugins-1-1.x86_64/usr/lib/python3.7/site-packages/nfv_plugins
creating /builddir/build/BUILDROOT/nfv-plugins-1-1.x86_64/usr/lib/python3.7/site-packages/nfv_plugins/nfvi_plugins
creating /builddir/build/BUILDROOT/nfv-plugins-1-1.x86_64/usr/lib/python3.7/site-packages/nfv_plugins/nfvi_plugins/openstack
copying build/lib/nfv_plugins/nfvi_plugins/openstack/sysinv.py -> /builddir/build/BUILDROOT/nfv-plugins-1-1.x86_64/usr/lib/python3.7/site-packages/nfv_plugins/nfvi_plugins/openstack
copying build/lib/nfv_plugins/nfvi_plugins/openstack/heat.py -> /builddir/build/BUILDROOT/nfv-plugins-1-1.x86_64/usr/lib/python3.7/site-packages/nfv_plugins/nfvi_plugins/openstack
copying build/lib/nfv_plugins/nfvi_plugins/openstack/openstack.py -> /builddir/build/BUILDROOT/nfv-plugins-1-1.x86_64/usr/lib/python3.7/site-packages/nfv_plugins/nfvi_plugins/openstack
copying build/lib/nfv_plugins/nfvi_plugins/openstack/ceilometer.py -> /builddir/build/BUILDROOT/nfv-plugins-1-1.x86_64/usr/lib/python3.7/site-packages/nfv_plugins/nfvi_plugins/openstack
copying build/lib/nfv_plugins/nfvi_plugins/openstack/__init__.py -> /builddir/build/BUILDROOT/nfv-plugins-1-1.x86_64/usr/lib/python3.7/site-packages/nfv_plugins/nfvi_plugins/openstack
copying build/lib/nfv_plugins/nfvi_plugins/openstack/exceptions.py -> /builddir/build/BUILDROOT/nfv-plugins-1-1.x86_64/usr/lib/python3.7/site-packages/nfv_plugins/nfvi_plugins/openstack
copying build/lib/nfv_plugins/nfvi_plugins/openstack/neutron.py -> /builddir/build/BUILDROOT/nfv-plugins-1-1.x86_64/usr/lib/python3.7/site-packages/nfv_plugins/nfvi_plugins/openstack
copying build/lib/nfv_plugins/nfvi_plugins/openstack/mtc.py -> /builddir/build/BUILDROOT/nfv-plugins-1-1.x86_64/usr/lib/python3.7/site-packages/nfv_plugins/nfvi_plugins/openstack
copying build/lib/nfv_plugins/nfvi_plugins/openstack/rest_api.py -> /builddir/build/BUILDROOT/nfv-plugins-1-1.x86_64/usr/lib/python3.7/site-packages/nfv_plugins/nfvi_plugins/openstack
copying build/lib/nfv_plugins/nfvi_plugins/openstack/guest.py -> /builddir/build/BUILDROOT/nfv-plugins-1-1.x86_64/usr/lib/python3.7/site-packages/nfv_plugins/nfvi_plugins/openstack
copying build/lib/nfv_plugins/nfvi_plugins/openstack/cinder.py -> /builddir/build/BUILDROOT/nfv-plugins-1-1.x86_64/usr/lib/python3.7/site-packages/nfv_plugins/nfvi_plugins/openstack
copying build/lib/nfv_plugins/nfvi_plugins/openstack/nova.py -> /builddir/build/BUILDROOT/nfv-plugins-1-1.x86_64/usr/lib/python3.7/site-packages/nfv_plugins/nfvi_plugins/openstack
copying build/lib/nfv_plugins/nfvi_plugins/openstack/rpc_listener.py -> /builddir/build/BUILDROOT/nfv-plugins-1-1.x86_64/usr/lib/python3.7/site-packages/nfv_plugins/nfvi_plugins/openstack
copying build/lib/nfv_plugins/nfvi_plugins/openstack/openstack_log.py -> /builddir/build/BUILDROOT/nfv-plugins-1-1.x86_64/usr/lib/python3.7/site-packages/nfv_plugins/nfvi_plugins/openstack
copying build/lib/nfv_plugins/nfvi_plugins/openstack/patching.py -> /builddir/build/BUILDROOT/nfv-plugins-1-1.x86_64/usr/lib/python3.7/site-packages/nfv_plugins/nfvi_plugins/openstack
copying build/lib/nfv_plugins/nfvi_plugins/openstack/glance.py -> /builddir/build/BUILDROOT/nfv-plugins-1-1.x86_64/usr/lib/python3.7/site-packages/nfv_plugins/nfvi_plugins/openstack
copying build/lib/nfv_plugins/nfvi_plugins/openstack/objects.py -> /builddir/build/BUILDROOT/nfv-plugins-1-1.x86_64/usr/lib/python3.7/site-packages/nfv_plugins/nfvi_plugins/openstack
copying build/lib/nfv_plugins/nfvi_plugins/openstack/keystone.py -> /builddir/build/BUILDROOT/nfv-plugins-1-1.x86_64/usr/lib/python3.7/site-packages/nfv_plugins/nfvi_plugins/openstack
copying build/lib/nfv_plugins/nfvi_plugins/openstack/fm.py -> /builddir/build/BUILDROOT/nfv-plugins-1-1.x86_64/usr/lib/python3.7/site-packages/nfv_plugins/nfvi_plugins/openstack
creating /builddir/build/BUILDROOT/nfv-plugins-1-1.x86_64/usr/lib/python3.7/site-packages/nfv_plugins/nfvi_plugins/clients
copying build/lib/nfv_plugins/nfvi_plugins/clients/__init__.py -> /builddir/build/BUILDROOT/nfv-plugins-1-1.x86_64/usr/lib/python3.7/site-packages/nfv_plugins/nfvi_plugins/clients
copying build/lib/nfv_plugins/nfvi_plugins/clients/kubernetes_client.py -> /builddir/build/BUILDROOT/nfv-plugins-1-1.x86_64/usr/lib/python3.7/site-packages/nfv_plugins/nfvi_plugins/clients
copying build/lib/nfv_plugins/nfvi_plugins/nfvi_fault_mgmt_api.py -> /builddir/build/BUILDROOT/nfv-plugins-1-1.x86_64/usr/lib/python3.7/site-packages/nfv_plugins/nfvi_plugins
copying build/lib/nfv_plugins/nfvi_plugins/nfvi_infrastructure_api.py -> /builddir/build/BUILDROOT/nfv-plugins-1-1.x86_64/usr/lib/python3.7/site-packages/nfv_plugins/nfvi_plugins
copying build/lib/nfv_plugins/nfvi_plugins/__init__.py -> /builddir/build/BUILDROOT/nfv-plugins-1-1.x86_64/usr/lib/python3.7/site-packages/nfv_plugins/nfvi_plugins
copying build/lib/nfv_plugins/nfvi_plugins/unit_test.py -> /builddir/build/BUILDROOT/nfv-plugins-1-1.x86_64/usr/lib/python3.7/site-packages/nfv_plugins/nfvi_plugins
copying build/lib/nfv_plugins/nfvi_plugins/nfvi_sw_mgmt_api.py -> /builddir/build/BUILDROOT/nfv-plugins-1-1.x86_64/usr/lib/python3.7/site-packages/nfv_plugins/nfvi_plugins
copying build/lib/nfv_plugins/nfvi_plugins/config.py -> /builddir/build/BUILDROOT/nfv-plugins-1-1.x86_64/usr/lib/python3.7/site-packages/nfv_plugins/nfvi_plugins
copying build/lib/nfv_plugins/nfvi_plugins/nfvi_block_storage_api.py -> /builddir/build/BUILDROOT/nfv-plugins-1-1.x86_64/usr/lib/python3.7/site-packages/nfv_plugins/nfvi_plugins
copying build/lib/nfv_plugins/nfvi_plugins/nfvi_guest_api.py -> /builddir/build/BUILDROOT/nfv-plugins-1-1.x86_64/usr/lib/python3.7/site-packages/nfv_plugins/nfvi_plugins
copying build/lib/nfv_plugins/nfvi_plugins/nfvi_network_api.py -> /builddir/build/BUILDROOT/nfv-plugins-1-1.x86_64/usr/lib/python3.7/site-packages/nfv_plugins/nfvi_plugins
copying build/lib/nfv_plugins/nfvi_plugins/nfvi_compute_api.py -> /builddir/build/BUILDROOT/nfv-plugins-1-1.x86_64/usr/lib/python3.7/site-packages/nfv_plugins/nfvi_plugins
copying build/lib/nfv_plugins/nfvi_plugins/nfvi_image_api.py -> /builddir/build/BUILDROOT/nfv-plugins-1-1.x86_64/usr/lib/python3.7/site-packages/nfv_plugins/nfvi_plugins
copying build/lib/nfv_plugins/nfvi_plugins/nfvi_identity_api.py -> /builddir/build/BUILDROOT/nfv-plugins-1-1.x86_64/usr/lib/python3.7/site-packages/nfv_plugins/nfvi_plugins
copying build/lib/nfv_plugins/__init__.py -> /builddir/build/BUILDROOT/nfv-plugins-1-1.x86_64/usr/lib/python3.7/site-packages/nfv_plugins
creating /builddir/build/BUILDROOT/nfv-plugins-1-1.x86_64/usr/lib/python3.7/site-packages/nfv_plugins/alarm_handlers
copying build/lib/nfv_plugins/alarm_handlers/__init__.py -> /builddir/build/BUILDROOT/nfv-plugins-1-1.x86_64/usr/lib/python3.7/site-packages/nfv_plugins/alarm_handlers
copying build/lib/nfv_plugins/alarm_handlers/config.py -> /builddir/build/BUILDROOT/nfv-plugins-1-1.x86_64/usr/lib/python3.7/site-packages/nfv_plugins/alarm_handlers
copying build/lib/nfv_plugins/alarm_handlers/file_storage.py -> /builddir/build/BUILDROOT/nfv-plugins-1-1.x86_64/usr/lib/python3.7/site-packages/nfv_plugins/alarm_handlers
copying build/lib/nfv_plugins/alarm_handlers/fm.py -> /builddir/build/BUILDROOT/nfv-plugins-1-1.x86_64/usr/lib/python3.7/site-packages/nfv_plugins/alarm_handlers
creating /builddir/build/BUILDROOT/nfv-plugins-1-1.x86_64/usr/lib/python3.7/site-packages/nfv_plugins/event_log_handlers
copying build/lib/nfv_plugins/event_log_handlers/__init__.py -> /builddir/build/BUILDROOT/nfv-plugins-1-1.x86_64/usr/lib/python3.7/site-packages/nfv_plugins/event_log_handlers
copying build/lib/nfv_plugins/event_log_handlers/config.py -> /builddir/build/BUILDROOT/nfv-plugins-1-1.x86_64/usr/lib/python3.7/site-packages/nfv_plugins/event_log_handlers
copying build/lib/nfv_plugins/event_log_handlers/file_storage.py -> /builddir/build/BUILDROOT/nfv-plugins-1-1.x86_64/usr/lib/python3.7/site-packages/nfv_plugins/event_log_handlers
copying build/lib/nfv_plugins/event_log_handlers/fm.py -> /builddir/build/BUILDROOT/nfv-plugins-1-1.x86_64/usr/lib/python3.7/site-packages/nfv_plugins/event_log_handlers
byte-compiling /builddir/build/BUILDROOT/nfv-plugins-1-1.x86_64/usr/lib/python3.7/site-packages/nfv_plugins/nfvi_plugins/openstack/sysinv.py to sysinv.cpython-37.pyc
byte-compiling /builddir/build/BUILDROOT/nfv-plugins-1-1.x86_64/usr/lib/python3.7/site-packages/nfv_plugins/nfvi_plugins/openstack/heat.py to heat.cpython-37.pyc
byte-compiling /builddir/build/BUILDROOT/nfv-plugins-1-1.x86_64/usr/lib/python3.7/site-packages/nfv_plugins/nfvi_plugins/openstack/openstack.py to openstack.cpython-37.pyc
byte-compiling /builddir/build/BUILDROOT/nfv-plugins-1-1.x86_64/usr/lib/python3.7/site-packages/nfv_plugins/nfvi_plugins/openstack/ceilometer.py to ceilometer.cpython-37.pyc
byte-compiling /builddir/build/BUILDROOT/nfv-plugins-1-1.x86_64/usr/lib/python3.7/site-packages/nfv_plugins/nfvi_plugins/openstack/__init__.py to __init__.cpython-37.pyc
byte-compiling /builddir/build/BUILDROOT/nfv-plugins-1-1.x86_64/usr/lib/python3.7/site-packages/nfv_plugins/nfvi_plugins/openstack/exceptions.py to exceptions.cpython-37.pyc
byte-compiling /builddir/build/BUILDROOT/nfv-plugins-1-1.x86_64/usr/lib/python3.7/site-packages/nfv_plugins/nfvi_plugins/openstack/neutron.py to neutron.cpython-37.pyc
byte-compiling /builddir/build/BUILDROOT/nfv-plugins-1-1.x86_64/usr/lib/python3.7/site-packages/nfv_plugins/nfvi_plugins/openstack/mtc.py to mtc.cpython-37.pyc
byte-compiling /builddir/build/BUILDROOT/nfv-plugins-1-1.x86_64/usr/lib/python3.7/site-packages/nfv_plugins/nfvi_plugins/openstack/rest_api.py to rest_api.cpython-37.pyc
byte-compiling /builddir/build/BUILDROOT/nfv-plugins-1-1.x86_64/usr/lib/python3.7/site-packages/nfv_plugins/nfvi_plugins/openstack/guest.py to guest.cpython-37.pyc
byte-compiling /builddir/build/BUILDROOT/nfv-plugins-1-1.x86_64/usr/lib/python3.7/site-packages/nfv_plugins/nfvi_plugins/openstack/cinder.py to cinder.cpython-37.pyc
byte-compiling /builddir/build/BUILDROOT/nfv-plugins-1-1.x86_64/usr/lib/python3.7/site-packages/nfv_plugins/nfvi_plugins/openstack/nova.py to nova.cpython-37.pyc
byte-compiling /builddir/build/BUILDROOT/nfv-plugins-1-1.x86_64/usr/lib/python3.7/site-packages/nfv_plugins/nfvi_plugins/openstack/rpc_listener.py to rpc_listener.cpython-37.pyc
byte-compiling /builddir/build/BUILDROOT/nfv-plugins-1-1.x86_64/usr/lib/python3.7/site-packages/nfv_plugins/nfvi_plugins/openstack/openstack_log.py to openstack_log.cpython-37.pyc
byte-compiling /builddir/build/BUILDROOT/nfv-plugins-1-1.x86_64/usr/lib/python3.7/site-packages/nfv_plugins/nfvi_plugins/openstack/patching.py to patching.cpython-37.pyc
byte-compiling /builddir/build/BUILDROOT/nfv-plugins-1-1.x86_64/usr/lib/python3.7/site-packages/nfv_plugins/nfvi_plugins/openstack/glance.py to glance.cpython-37.pyc
byte-compiling /builddir/build/BUILDROOT/nfv-plugins-1-1.x86_64/usr/lib/python3.7/site-packages/nfv_plugins/nfvi_plugins/openstack/objects.py to objects.cpython-37.pyc
byte-compiling /builddir/build/BUILDROOT/nfv-plugins-1-1.x86_64/usr/lib/python3.7/site-packages/nfv_plugins/nfvi_plugins/openstack/keystone.py to keystone.cpython-37.pyc
byte-compiling /builddir/build/BUILDROOT/nfv-plugins-1-1.x86_64/usr/lib/python3.7/site-packages/nfv_plugins/nfvi_plugins/openstack/fm.py to fm.cpython-37.pyc
byte-compiling /builddir/build/BUILDROOT/nfv-plugins-1-1.x86_64/usr/lib/python3.7/site-packages/nfv_plugins/nfvi_plugins/clients/__init__.py to __init__.cpython-37.pyc
byte-compiling /builddir/build/BUILDROOT/nfv-plugins-1-1.x86_64/usr/lib/python3.7/site-packages/nfv_plugins/nfvi_plugins/clients/kubernetes_client.py to kubernetes_client.cpython-37.pyc
byte-compiling /builddir/build/BUILDROOT/nfv-plugins-1-1.x86_64/usr/lib/python3.7/site-packages/nfv_plugins/nfvi_plugins/nfvi_fault_mgmt_api.py to nfvi_fault_mgmt_api.cpython-37.pyc
byte-compiling /builddir/build/BUILDROOT/nfv-plugins-1-1.x86_64/usr/lib/python3.7/site-packages/nfv_plugins/nfvi_plugins/nfvi_infrastructure_api.py to nfvi_infrastructure_api.cpython-37.pyc
byte-compiling /builddir/build/BUILDROOT/nfv-plugins-1-1.x86_64/usr/lib/python3.7/site-packages/nfv_plugins/nfvi_plugins/__init__.py to __init__.cpython-37.pyc
byte-compiling /builddir/build/BUILDROOT/nfv-plugins-1-1.x86_64/usr/lib/python3.7/site-packages/nfv_plugins/nfvi_plugins/unit_test.py to unit_test.cpython-37.pyc
byte-compiling /builddir/build/BUILDROOT/nfv-plugins-1-1.x86_64/usr/lib/python3.7/site-packages/nfv_plugins/nfvi_plugins/nfvi_sw_mgmt_api.py to nfvi_sw_mgmt_api.cpython-37.pyc
byte-compiling /builddir/build/BUILDROOT/nfv-plugins-1-1.x86_64/usr/lib/python3.7/site-packages/nfv_plugins/nfvi_plugins/config.py to config.cpython-37.pyc
byte-compiling /builddir/build/BUILDROOT/nfv-plugins-1-1.x86_64/usr/lib/python3.7/site-packages/nfv_plugins/nfvi_plugins/nfvi_block_storage_api.py to nfvi_block_storage_api.cpython-37.pyc
byte-compiling /builddir/build/BUILDROOT/nfv-plugins-1-1.x86_64/usr/lib/python3.7/site-packages/nfv_plugins/nfvi_plugins/nfvi_guest_api.py to nfvi_guest_api.cpython-37.pyc
byte-compiling /builddir/build/BUILDROOT/nfv-plugins-1-1.x86_64/usr/lib/python3.7/site-packages/nfv_plugins/nfvi_plugins/nfvi_network_api.py to nfvi_network_api.cpython-37.pyc
byte-compiling /builddir/build/BUILDROOT/nfv-plugins-1-1.x86_64/usr/lib/python3.7/site-packages/nfv_plugins/nfvi_plugins/nfvi_compute_api.py to nfvi_compute_api.cpython-37.pyc
byte-compiling /builddir/build/BUILDROOT/nfv-plugins-1-1.x86_64/usr/lib/python3.7/site-packages/nfv_plugins/nfvi_plugins/nfvi_image_api.py to nfvi_image_api.cpython-37.pyc
byte-compiling /builddir/build/BUILDROOT/nfv-plugins-1-1.x86_64/usr/lib/python3.7/site-packages/nfv_plugins/nfvi_plugins/nfvi_identity_api.py to nfvi_identity_api.cpython-37.pyc
byte-compiling /builddir/build/BUILDROOT/nfv-plugins-1-1.x86_64/usr/lib/python3.7/site-packages/nfv_plugins/__init__.py to __init__.cpython-37.pyc
byte-compiling /builddir/build/BUILDROOT/nfv-plugins-1-1.x86_64/usr/lib/python3.7/site-packages/nfv_plugins/alarm_handlers/__init__.py to __init__.cpython-37.pyc
byte-compiling /builddir/build/BUILDROOT/nfv-plugins-1-1.x86_64/usr/lib/python3.7/site-packages/nfv_plugins/alarm_handlers/config.py to config.cpython-37.pyc
byte-compiling /builddir/build/BUILDROOT/nfv-plugins-1-1.x86_64/usr/lib/python3.7/site-packages/nfv_plugins/alarm_handlers/file_storage.py to file_storage.cpython-37.pyc
byte-compiling /builddir/build/BUILDROOT/nfv-plugins-1-1.x86_64/usr/lib/python3.7/site-packages/nfv_plugins/alarm_handlers/fm.py to fm.cpython-37.pyc
byte-compiling /builddir/build/BUILDROOT/nfv-plugins-1-1.x86_64/usr/lib/python3.7/site-packages/nfv_plugins/event_log_handlers/__init__.py to __init__.cpython-37.pyc
byte-compiling /builddir/build/BUILDROOT/nfv-plugins-1-1.x86_64/usr/lib/python3.7/site-packages/nfv_plugins/event_log_handlers/config.py to config.cpython-37.pyc
byte-compiling /builddir/build/BUILDROOT/nfv-plugins-1-1.x86_64/usr/lib/python3.7/site-packages/nfv_plugins/event_log_handlers/file_storage.py to file_storage.cpython-37.pyc
byte-compiling /builddir/build/BUILDROOT/nfv-plugins-1-1.x86_64/usr/lib/python3.7/site-packages/nfv_plugins/event_log_handlers/fm.py to fm.cpython-37.pyc
running install_egg_info
running egg_info
creating windriver_nfv_plugins.egg-info
writing windriver_nfv_plugins.egg-info/PKG-INFO
writing dependency_links to windriver_nfv_plugins.egg-info/dependency_links.txt
writing entry points to windriver_nfv_plugins.egg-info/entry_points.txt
writing top-level names to windriver_nfv_plugins.egg-info/top_level.txt
writing manifest file 'windriver_nfv_plugins.egg-info/SOURCES.txt'
reading manifest file 'windriver_nfv_plugins.egg-info/SOURCES.txt'
writing manifest file 'windriver_nfv_plugins.egg-info/SOURCES.txt'
Copying windriver_nfv_plugins.egg-info to /builddir/build/BUILDROOT/nfv-plugins-1-1.x86_64/usr/lib/python3.7/site-packages/windriver_nfv_plugins-1.0.0-py3.7.egg-info
running install_scripts
----[ mark ]----
+ echo '----[' mark ']----'
+ cat '/builddir/build/BUILDROOT/nfv-plugins-1-1.x86_64/usr/lib/python3*/site-packages/*/requires.txt'
cat: '/builddir/build/BUILDROOT/nfv-plugins-1-1.x86_64/usr/lib/python3*/site-packages/*/requires.txt': No such file or directory
----[ mark ]----
+ :
+ echo '----[' mark ']----'
+ rm -f /builddir/build/BUILDROOT/nfv-plugins-1-1.x86_64/usr/share/info/dir
++ find /builddir/build/BUILDROOT/nfv-plugins-1-1.x86_64 -path 'etc/*' '!' -type d
+ test -z ''
+ rm -rf '/builddir/build/BUILDROOT/nfv-plugins-1-1.x86_64/etc/*'
+ rm -rf '/builddir/build/BUILDROOT/nfv-plugins-1-1.x86_64/usr/share/factory/*'
+ find /builddir/build/BUILDROOT/nfv-plugins-1-1.x86_64 -name __pycache__
+ xargs rm -rf --
+ '[' -d /builddir/build/BUILDROOT/nfv-plugins-1-1.x86_64/usr/share/mime ']'
++ getconf _NPROCESSORS_ONLN
+ RPM_XARGS_PFLAG=-P4
+ find /builddir/build/BUILDROOT/nfv-plugins-1-1.x86_64 -name '*.so.avx512' -print0
+ xargs -0rtn1 -P4 python /usr/share/clr-avx-tools/avxjudge.py -q -5
+ find /builddir/build/BUILDROOT/nfv-plugins-1-1.x86_64/usr/lib64/haswell/avx512_1 -name '*.so*' -print0
find: ‘/builddir/build/BUILDROOT/nfv-plugins-1-1.x86_64/usr/lib64/haswell/avx512_1’: No such file or directory
+ xargs -0rtn1 -P4 python /usr/share/clr-avx-tools/avxjudge.py -q -2
+ find /builddir/build/BUILDROOT/nfv-plugins-1-1.x86_64 -name '*.so.avx2' -print0
+ find /builddir/build/BUILDROOT/nfv-plugins-1-1.x86_64/usr/lib64/haswell '!' -path '/usr/lib64/haswell/avx512_1/*' -name '*.so*' -print0
find: ‘/builddir/build/BUILDROOT/nfv-plugins-1-1.x86_64/usr/lib64/haswell’: No such file or directory
+ xargs -0rtn1 -P4 /usr/lib/rpm/clr/brp-create-abi
+ sort -u
+ find /builddir/build/BUILDROOT/nfv-plugins-1-1.x86_64/usr/lib64/ -maxdepth 1 -name '*.so*' -type f -print0
find: ‘/builddir/build/BUILDROOT/nfv-plugins-1-1.x86_64/usr/lib64/’: No such file or directory
+ /usr/lib/rpm/find-debuginfo.sh --strict-build-id /builddir/build/BUILD/nfv-plugins
find: ‘debug’: No such file or directory
+ '[' -d /builddir/build/BUILDROOT/nfv-plugins-1-1.x86_64/usr/lib/debug ']'
+ :
+ '[' -d /builddir/build/BUILDROOT/nfv-plugins-1-1.x86_64/usr/lib/debug ']'
+ :
+ '[' -d /builddir/build/BUILDROOT/nfv-plugins-1-1.x86_64/usr/src/debug ']'
+ :
+ '[' -d /builddir/build/BUILDROOT/nfv-plugins-1-1.x86_64/usr/lib/debug.force ']'
+ :
+ '[' -d /builddir/build/BUILDROOT/nfv-plugins-1-1.x86_64/usr/src/debug.force ']'
+ :
+ /usr/lib/rpm/check-buildroot
+ /usr/lib/rpm/clr/brp-strip-static-archive /usr/bin/strip
+ /usr/lib/rpm/clr/brp-strip-comment-note /usr/bin/strip /usr/bin/objdump
+ /usr/lib/rpm/clr/brp-python-bytecompile
[BYTECOMPILE] Building for /builddir/build/BUILDROOT/nfv-plugins-1-1.x86_64/usr/lib/python3.7 using /usr/bin/python3.7
+ find /builddir/build/BUILDROOT/nfv-plugins-1-1.x86_64 -print0
+ xargs -0 touch -h -d '@1549052798 '
+ /usr/lib/rpm/clr/brp-java-repack-jars
Processing files: nfv-plugins-1-1.x86_64
Processing files: nfv-plugins-python-1-1.x86_64
Processing files: nfv-plugins-python3-1-1.x86_64
Provides: nfv-plugins-python3 = 1-1 nfv-plugins-python3(x86-64) = 1-1
Requires(rpmlib): rpmlib(CompressedFileNames) <= 3.0.4-1 rpmlib(PayloadFilesHavePrefix) <= 4.0-1
Requires: python(abi) = 3.7
Processing files: nfv-plugins-debuginfo-1-1.x86_64
warning: Empty %files file /builddir/build/BUILD/nfv-plugins/debugfiles.list
Processing files: nfv-plugins-abi-1-1.x86_64
warning: Empty %files file /builddir/build/BUILD/nfv-plugins/abifiles.list
Checking for unpackaged file(s): /usr/lib/rpm/check-files /builddir/build/BUILDROOT/nfv-plugins-1-1.x86_64
Wrote: /builddir/build/RPMS/nfv-plugins-1-1.x86_64.rpm
Wrote: /builddir/build/RPMS/nfv-plugins-python-1-1.x86_64.rpm
Wrote: /builddir/build/RPMS/nfv-plugins-python3-1-1.x86_64.rpm
Wrote: /builddir/build/RPMS/nfv-plugins-debuginfo-1-1.x86_64.rpm
Wrote: /builddir/build/RPMS/nfv-plugins-abi-1-1.x86_64.rpm
Executing(%clean): /bin/sh -e /var/tmp/rpm-tmp.s4b1LN
+ umask 022
+ cd /builddir/build/BUILD
+ cd nfv-plugins
+ /usr/bin/rm -rf /builddir/build/BUILDROOT/nfv-plugins-1-1.x86_64
+ exit 0
Child return code was: 0
LEAVE do --> 

