Mock Version: 1.2.14
ENTER do(['bash', '--login', '-c', '/usr/bin/rpmbuild -bs --target x86_64 --nodeps /builddir/build/SPECS/puppet-ldap.spec'], chrootPath='/var/lib/mock/clear-puppet-ldap/root'env={'TERM': 'vt100', 'SHELL': '/bin/bash', 'HOME': '/builddir', 'HOSTNAME': 'mock', 'PATH': '/usr/bin:/bin:/usr/sbin:/sbin', 'LANG': 'en_US.UTF-8', 'CCACHE_DIR': '/var/tmp/ccache', 'CCACHE_UMASK': '002'}shell=Falselogger=<mockbuild.trace_decorator.getLog object at 0x7fc1a79dfdd0>timeout=0uid=1000gid=1000user='mockbuild'printOutput=False)
Executing command: ['bash', '--login', '-c', '/usr/bin/rpmbuild -bs --target x86_64 --nodeps /builddir/build/SPECS/puppet-ldap.spec'] with env {'TERM': 'vt100', 'SHELL': '/bin/bash', 'HOME': '/builddir', 'HOSTNAME': 'mock', 'PATH': '/usr/bin:/bin:/usr/sbin:/sbin', 'LANG': 'en_US.UTF-8', 'CCACHE_DIR': '/var/tmp/ccache', 'CCACHE_UMASK': '002'} and shell False
Building target platforms: x86_64
Building for target x86_64
Wrote: /builddir/build/SRPMS/puppet-ldap-0.2.4-1.src.rpm
Child return code was: 0
LEAVE do --> 

ENTER do(['bash', '--login', '-c', '/usr/bin/rpmbuild -bb --target x86_64 --nodeps  /builddir/build/SPECS/puppet-ldap.spec '], chrootPath='/var/lib/mock/clear-puppet-ldap/root'env={'TERM': 'vt100', 'SHELL': '/bin/bash', 'HOME': '/builddir', 'HOSTNAME': 'mock', 'PATH': '/usr/bin:/bin:/usr/sbin:/sbin', 'LANG': 'en_US.UTF-8', 'CCACHE_DIR': '/var/tmp/ccache', 'CCACHE_UMASK': '002'}shell=Falselogger=<mockbuild.trace_decorator.getLog object at 0x7fc1a79dfdd0>timeout=0uid=1000gid=1000user='mockbuild'private_network=TrueprintOutput=False)
Executing command: ['bash', '--login', '-c', '/usr/bin/rpmbuild -bb --target x86_64 --nodeps  /builddir/build/SPECS/puppet-ldap.spec '] with env {'TERM': 'vt100', 'SHELL': '/bin/bash', 'HOME': '/builddir', 'HOSTNAME': 'mock', 'PATH': '/usr/bin:/bin:/usr/sbin:/sbin', 'LANG': 'en_US.UTF-8', 'CCACHE_DIR': '/var/tmp/ccache', 'CCACHE_UMASK': '002'} and shell False
Building target platforms: x86_64
Building for target x86_64
Executing(%prep): /bin/sh -e /var/tmp/rpm-tmp.dmWVu2
+ umask 022
+ cd /builddir/build/BUILD
+ LANG=en_US.UTF-8
+ export LANG
+ unset DISPLAY
+ cd /builddir/build/BUILD
+ rm -rf puppet-ldap-master
+ /usr/bin/gzip -dc /builddir/build/SOURCES/puppet-ldap-0.2.4.tar.gz
+ /usr/bin/tar -xf -
+ STATUS=0
+ '[' 0 -ne 0 ']'
+ cd puppet-ldap-master
+ /usr/bin/chmod -Rf a+rX,u+w,g-w,o-w .
+ echo 'Patch #1 (0001-add-makefile.patch):'
Patch #1 (0001-add-makefile.patch):
+ /usr/bin/cat /builddir/build/SOURCES/0001-add-makefile.patch
+ /usr/bin/patch -p1 --fuzz=2
patching file Makefile
+ exit 0
Executing(%build): /bin/sh -e /var/tmp/rpm-tmp.9Hr944
+ umask 022
+ cd /builddir/build/BUILD
+ cd puppet-ldap-master
+ LANG=en_US.UTF-8
+ export LANG
+ unset DISPLAY
+ unset PYTHONOPTIMIZE
+ CFLAGS='-O2 -g -feliminate-unused-debug-types -pipe -Wall -Wp,-D_FORTIFY_SOURCE=2 -fexceptions -fstack-protector --param=ssp-buffer-size=32 -Wformat -Wformat-security -Wl,-z,now,-z,relro,-z,max-page-size=0x1000,-z,separate-code -Wno-error -ftree-vectorize -ftree-slp-vectorize -Wl,--enable-new-dtags -fcf-protection=return -m64 -march=westmere -mtune=haswell -fasynchronous-unwind-tables -fno-omit-frame-pointer -Wp,-D_REENTRANT'
+ export CFLAGS
+ http_proxy=http://127.0.0.1:9/
+ export http_proxy
+ https_proxy=http://127.0.0.1:9/
+ export https_proxy
+ ftp_proxy=http://127.0.0.1:9/
+ export ftp_proxy
+ no_proxy=localhost,127.0.0.1,0.0.0.0
+ export no_proxy
+ CXXFLAGS='-O2 -g -feliminate-unused-debug-types -pipe -Wall -Wp,-D_FORTIFY_SOURCE=2 -fexceptions -fstack-protector --param=ssp-buffer-size=32 -Wformat -Wformat-security -Wl,-z,now,-z,relro,-z,max-page-size=0x1000,-z,separate-code -Wno-error -ftree-vectorize -ftree-slp-vectorize -Wl,--enable-new-dtags -fcf-protection=return -m64 -march=westmere -mtune=haswell -fasynchronous-unwind-tables -fno-omit-frame-pointer -Wp,-D_REENTRANT'
+ export CXXFLAGS
+ FFLAGS='-g -O3 -feliminate-unused-debug-types  -pipe -Wall -Wp,-D_FORTIFY_SOURCE=2 -fexceptions -fstack-protector --param=ssp-buffer-size=32 -m64 -fasynchronous-unwind-tables -Wp,-D_REENTRANT -ftree-loop-distribute-patterns -Wl,-z -Wl,now -Wl,-z -Wl,relro -malign-data=abi -fno-semantic-interposition -ftree-vectorize  -ftree-loop-vectorize -Wl,--enable-new-dtags '
+ export FFLAGS
+ LD_AS_NEEDED=1
+ export LD_AS_NEEDED
+ PKG_CONFIG_LIBDIR=/usr/lib64/pkgconfig
+ export PKG_CONFIG_LIBDIR
+ PATH=/usr/lib64/ccache/bin:/usr/local/bin:/usr/bin
+ export PATH
+ export http_proxy=http://127.0.0.1:9/
+ http_proxy=http://127.0.0.1:9/
+ export https_proxy=http://127.0.0.1:9/
+ https_proxy=http://127.0.0.1:9/
+ export no_proxy=localhost,127.0.0.1,0.0.0.0
+ no_proxy=localhost,127.0.0.1,0.0.0.0
+ export LANG=C.UTF-8
+ LANG=C.UTF-8
+ export SOURCE_DATE_EPOCH=1568788404
+ SOURCE_DATE_EPOCH=1568788404
+ export GCC_IGNORE_WERROR=1
+ GCC_IGNORE_WERROR=1
+ export AR=gcc-ar
+ AR=gcc-ar
+ export RANLIB=gcc-ranlib
+ RANLIB=gcc-ranlib
+ export NM=gcc-nm
+ NM=gcc-nm
+ export 'CFLAGS=-O2 -g -feliminate-unused-debug-types -pipe -Wall -Wp,-D_FORTIFY_SOURCE=2 -fexceptions -fstack-protector --param=ssp-buffer-size=32 -Wformat -Wformat-security -Wl,-z,now,-z,relro,-z,max-page-size=0x1000,-z,separate-code -Wno-error -ftree-vectorize -ftree-slp-vectorize -Wl,--enable-new-dtags -fcf-protection=return -m64 -march=westmere -mtune=haswell -fasynchronous-unwind-tables -fno-omit-frame-pointer -Wp,-D_REENTRANT -O3 -ffat-lto-objects -flto=4 '
+ CFLAGS='-O2 -g -feliminate-unused-debug-types -pipe -Wall -Wp,-D_FORTIFY_SOURCE=2 -fexceptions -fstack-protector --param=ssp-buffer-size=32 -Wformat -Wformat-security -Wl,-z,now,-z,relro,-z,max-page-size=0x1000,-z,separate-code -Wno-error -ftree-vectorize -ftree-slp-vectorize -Wl,--enable-new-dtags -fcf-protection=return -m64 -march=westmere -mtune=haswell -fasynchronous-unwind-tables -fno-omit-frame-pointer -Wp,-D_REENTRANT -O3 -ffat-lto-objects -flto=4 '
+ export 'FCFLAGS=-O2 -g -feliminate-unused-debug-types -pipe -Wall -Wp,-D_FORTIFY_SOURCE=2 -fexceptions -fstack-protector --param=ssp-buffer-size=32 -Wformat -Wformat-security -Wl,-z,now,-z,relro,-z,max-page-size=0x1000,-z,separate-code -Wno-error -ftree-vectorize -ftree-slp-vectorize -Wl,--enable-new-dtags -fcf-protection=return -m64 -march=westmere -mtune=haswell -fasynchronous-unwind-tables -fno-omit-frame-pointer -Wp,-D_REENTRANT -O3 -ffat-lto-objects -flto=4  -O3 -ffat-lto-objects -flto=4 '
+ FCFLAGS='-O2 -g -feliminate-unused-debug-types -pipe -Wall -Wp,-D_FORTIFY_SOURCE=2 -fexceptions -fstack-protector --param=ssp-buffer-size=32 -Wformat -Wformat-security -Wl,-z,now,-z,relro,-z,max-page-size=0x1000,-z,separate-code -Wno-error -ftree-vectorize -ftree-slp-vectorize -Wl,--enable-new-dtags -fcf-protection=return -m64 -march=westmere -mtune=haswell -fasynchronous-unwind-tables -fno-omit-frame-pointer -Wp,-D_REENTRANT -O3 -ffat-lto-objects -flto=4  -O3 -ffat-lto-objects -flto=4 '
+ export 'FFLAGS=-O2 -g -feliminate-unused-debug-types -pipe -Wall -Wp,-D_FORTIFY_SOURCE=2 -fexceptions -fstack-protector --param=ssp-buffer-size=32 -Wformat -Wformat-security -Wl,-z,now,-z,relro,-z,max-page-size=0x1000,-z,separate-code -Wno-error -ftree-vectorize -ftree-slp-vectorize -Wl,--enable-new-dtags -fcf-protection=return -m64 -march=westmere -mtune=haswell -fasynchronous-unwind-tables -fno-omit-frame-pointer -Wp,-D_REENTRANT -O3 -ffat-lto-objects -flto=4  -O3 -ffat-lto-objects -flto=4 '
+ FFLAGS='-O2 -g -feliminate-unused-debug-types -pipe -Wall -Wp,-D_FORTIFY_SOURCE=2 -fexceptions -fstack-protector --param=ssp-buffer-size=32 -Wformat -Wformat-security -Wl,-z,now,-z,relro,-z,max-page-size=0x1000,-z,separate-code -Wno-error -ftree-vectorize -ftree-slp-vectorize -Wl,--enable-new-dtags -fcf-protection=return -m64 -march=westmere -mtune=haswell -fasynchronous-unwind-tables -fno-omit-frame-pointer -Wp,-D_REENTRANT -O3 -ffat-lto-objects -flto=4  -O3 -ffat-lto-objects -flto=4 '
+ export 'CXXFLAGS=-O2 -g -feliminate-unused-debug-types -pipe -Wall -Wp,-D_FORTIFY_SOURCE=2 -fexceptions -fstack-protector --param=ssp-buffer-size=32 -Wformat -Wformat-security -Wl,-z,now,-z,relro,-z,max-page-size=0x1000,-z,separate-code -Wno-error -ftree-vectorize -ftree-slp-vectorize -Wl,--enable-new-dtags -fcf-protection=return -m64 -march=westmere -mtune=haswell -fasynchronous-unwind-tables -fno-omit-frame-pointer -Wp,-D_REENTRANT -O3 -ffat-lto-objects -flto=4 '
+ CXXFLAGS='-O2 -g -feliminate-unused-debug-types -pipe -Wall -Wp,-D_FORTIFY_SOURCE=2 -fexceptions -fstack-protector --param=ssp-buffer-size=32 -Wformat -Wformat-security -Wl,-z,now,-z,relro,-z,max-page-size=0x1000,-z,separate-code -Wno-error -ftree-vectorize -ftree-slp-vectorize -Wl,--enable-new-dtags -fcf-protection=return -m64 -march=westmere -mtune=haswell -fasynchronous-unwind-tables -fno-omit-frame-pointer -Wp,-D_REENTRANT -O3 -ffat-lto-objects -flto=4 '
+ make -j4
echo "no build"
no build
+ exit 0
Executing(%install): /bin/sh -e /var/tmp/rpm-tmp.iCakW4
+ umask 022
+ cd /builddir/build/BUILD
+ cd puppet-ldap-master
+ LANG=en_US.UTF-8
+ export LANG
+ unset DISPLAY
+ unset PYTHONOPTIMIZE
+ rm -rf /builddir/build/BUILDROOT/puppet-ldap-0.2.4-1.x86_64
+ mkdir -p /builddir/build/BUILDROOT/puppet-ldap-0.2.4-1.x86_64
+ export SOURCE_DATE_EPOCH=1568788404
+ SOURCE_DATE_EPOCH=1568788404
+ rm -rf /builddir/build/BUILDROOT/puppet-ldap-0.2.4-1.x86_64
+ install -d -m 0755 /builddir/build/BUILDROOT/puppet-ldap-0.2.4-1.x86_64/usr/share/puppet/modules/ldap
+ cp -R ../puppet-ldap-master/CHANGELOG ../puppet-ldap-master/Gemfile ../puppet-ldap-master/Gemfile.lock ../puppet-ldap-master/Makefile ../puppet-ldap-master/manifests ../puppet-ldap-master/metadata.json ../puppet-ldap-master/Modulefile ../puppet-ldap-master/Rakefile ../puppet-ldap-master/README.md ../puppet-ldap-master/spec ../puppet-ldap-master/templates /builddir/build/BUILDROOT/puppet-ldap-0.2.4-1.x86_64/usr/share/puppet/modules/ldap/.
+ rm -f /builddir/build/BUILDROOT/puppet-ldap-0.2.4-1.x86_64/usr/share/info/dir
++ find /builddir/build/BUILDROOT/puppet-ldap-0.2.4-1.x86_64 -path 'etc/*' '!' -type d
+ test -z ''
+ rm -rf '/builddir/build/BUILDROOT/puppet-ldap-0.2.4-1.x86_64/etc/*'
+ rm -rf '/builddir/build/BUILDROOT/puppet-ldap-0.2.4-1.x86_64/usr/share/factory/*'
+ find /builddir/build/BUILDROOT/puppet-ldap-0.2.4-1.x86_64 -name __pycache__
+ xargs rm -rf --
+ '[' -d /builddir/build/BUILDROOT/puppet-ldap-0.2.4-1.x86_64/usr/share/mime ']'
++ getconf _NPROCESSORS_ONLN
+ RPM_XARGS_PFLAG=-P4
+ find /builddir/build/BUILDROOT/puppet-ldap-0.2.4-1.x86_64 -name '*.so.avx512' -print0
+ xargs -0rtn1 -P4 python /usr/share/clr-avx-tools/avxjudge.py -q -5
+ find /builddir/build/BUILDROOT/puppet-ldap-0.2.4-1.x86_64/usr/lib64/haswell/avx512_1 -name '*.so*' -print0
find: ‘/builddir/build/BUILDROOT/puppet-ldap-0.2.4-1.x86_64/usr/lib64/haswell/avx512_1’: No such file or directory
+ find /builddir/build/BUILDROOT/puppet-ldap-0.2.4-1.x86_64 -name '*.so.avx2' -print0
+ xargs -0rtn1 -P4 python /usr/share/clr-avx-tools/avxjudge.py -q -2
+ find /builddir/build/BUILDROOT/puppet-ldap-0.2.4-1.x86_64/usr/lib64/haswell '!' -path '/usr/lib64/haswell/avx512_1/*' -name '*.so*' -print0
find: ‘/builddir/build/BUILDROOT/puppet-ldap-0.2.4-1.x86_64/usr/lib64/haswell’: No such file or directory
+ find /builddir/build/BUILDROOT/puppet-ldap-0.2.4-1.x86_64/usr/lib64/ -maxdepth 1 -name '*.so*' -type f -print0
+ xargs -0rtn1 -P4 /usr/lib/rpm/clr/brp-create-abi
+ sort -u
find: ‘/builddir/build/BUILDROOT/puppet-ldap-0.2.4-1.x86_64/usr/lib64/’: No such file or directory
+ /usr/lib/rpm/find-debuginfo.sh --strict-build-id /builddir/build/BUILD/puppet-ldap-master
+ '[' -d /builddir/build/BUILDROOT/puppet-ldap-0.2.4-1.x86_64/usr/lib/debug ']'
+ :
+ '[' -d /builddir/build/BUILDROOT/puppet-ldap-0.2.4-1.x86_64/usr/lib/debug ']'
+ :
+ '[' -d /builddir/build/BUILDROOT/puppet-ldap-0.2.4-1.x86_64/usr/src/debug ']'
+ :
+ '[' -d /builddir/build/BUILDROOT/puppet-ldap-0.2.4-1.x86_64/usr/lib/debug.force ']'
+ :
+ '[' -d /builddir/build/BUILDROOT/puppet-ldap-0.2.4-1.x86_64/usr/src/debug.force ']'
+ :
+ /usr/lib/rpm/check-buildroot
+ /usr/lib/rpm/clr/brp-strip-static-archive /usr/bin/strip
+ /usr/lib/rpm/clr/brp-strip-comment-note /usr/bin/strip /usr/bin/objdump
+ /usr/lib/rpm/clr/brp-python-bytecompile
+ find /builddir/build/BUILDROOT/puppet-ldap-0.2.4-1.x86_64 -print0
+ xargs -0 touch -h -d @1568788404
+ /usr/lib/rpm/clr/brp-java-repack-jars
Processing files: puppet-ldap-0.2.4-1.x86_64
Processing files: puppet-ldap-debuginfo-0.2.4-1.x86_64
warning: Empty %files file /builddir/build/BUILD/puppet-ldap-master/debugfiles.list
warning: Empty %files file /builddir/build/BUILD/puppet-ldap-master/abifiles.list
Processing files: puppet-ldap-abi-0.2.4-1.x86_64
Checking for unpackaged file(s): /usr/lib/rpm/check-files /builddir/build/BUILDROOT/puppet-ldap-0.2.4-1.x86_64
RPM build errors:
error: Installed (but unpackaged) file(s) found:
   /usr/share/puppet/modules/ldap/CHANGELOG
   /usr/share/puppet/modules/ldap/Gemfile
   /usr/share/puppet/modules/ldap/Gemfile.lock
   /usr/share/puppet/modules/ldap/Makefile
   /usr/share/puppet/modules/ldap/Modulefile
   /usr/share/puppet/modules/ldap/README.md
   /usr/share/puppet/modules/ldap/Rakefile
   /usr/share/puppet/modules/ldap/manifests/client.pp
   /usr/share/puppet/modules/ldap/manifests/init.pp
   /usr/share/puppet/modules/ldap/manifests/os/debian.pp
   /usr/share/puppet/modules/ldap/manifests/os/redhat.pp
   /usr/share/puppet/modules/ldap/manifests/os/suse.pp
   /usr/share/puppet/modules/ldap/manifests/os/ubuntu.pp
   /usr/share/puppet/modules/ldap/manifests/params.pp
   /usr/share/puppet/modules/ldap/manifests/server/debian.pp
   /usr/share/puppet/modules/ldap/manifests/server/master.pp
   /usr/share/puppet/modules/ldap/manifests/server/redhat.pp
   /usr/share/puppet/modules/ldap/manifests/server/slave.pp
   /usr/share/puppet/modules/ldap/metadata.json
   /usr/share/puppet/modules/ldap/spec/classes/ldap_client_spec.rb
   /usr/share/puppet/modules/ldap/spec/classes/ldap_server_master_spec.rb
   /usr/share/puppet/modules/ldap/spec/classes/ldap_server_slave_spec.rb
   /usr/share/puppet/modules/ldap/spec/classes/ldap_spec.rb
   /usr/share/puppet/modules/ldap/spec/fixtures/manifests/site.pp
   /usr/share/puppet/modules/ldap/spec/spec_helper.rb
   /usr/share/puppet/modules/ldap/templates/default/slapd.erb
   /usr/share/puppet/modules/ldap/templates/etc/default/slapd.erb
   /usr/share/puppet/modules/ldap/templates/etc/ldap/ldap.conf.erb
   /usr/share/puppet/modules/ldap/templates/etc/ldap/slapd.conf.erb
   /usr/share/puppet/modules/ldap/templates/etc/ldap/slapd.d
   /usr/share/puppet/modules/ldap/templates/etc/openldap/ldap.conf.erb
   /usr/share/puppet/modules/ldap/templates/etc/openldap/slapd.conf.erb
   /usr/share/puppet/modules/ldap/templates/etc/openldap/slapd.d/cn=config-update.ldif.erb
   /usr/share/puppet/modules/ldap/templates/etc/sysconfig/ldap.erb
   /usr/share/puppet/modules/ldap/templates/ldap.conf.erb
   /usr/share/puppet/modules/ldap/templates/slapd.conf.erb
   /usr/share/puppet/modules/ldap/templates/sysconfig/ldap.erb
    Empty %files file /builddir/build/BUILD/puppet-ldap-master/debugfiles.list
    Empty %files file /builddir/build/BUILD/puppet-ldap-master/abifiles.list
    Installed (but unpackaged) file(s) found:
   /usr/share/puppet/modules/ldap/CHANGELOG
   /usr/share/puppet/modules/ldap/Gemfile
   /usr/share/puppet/modules/ldap/Gemfile.lock
   /usr/share/puppet/modules/ldap/Makefile
   /usr/share/puppet/modules/ldap/Modulefile
   /usr/share/puppet/modules/ldap/README.md
   /usr/share/puppet/modules/ldap/Rakefile
   /usr/share/puppet/modules/ldap/manifests/client.pp
   /usr/share/puppet/modules/ldap/manifests/init.pp
   /usr/share/puppet/modules/ldap/manifests/os/debian.pp
   /usr/share/puppet/modules/ldap/manifests/os/redhat.pp
   /usr/share/puppet/modules/ldap/manifests/os/suse.pp
   /usr/share/puppet/modules/ldap/manifests/os/ubuntu.pp
   /usr/share/puppet/modules/ldap/manifests/params.pp
   /usr/share/puppet/modules/ldap/manifests/server/debian.pp
   /usr/share/puppet/modules/ldap/manifests/server/master.pp
   /usr/share/puppet/modules/ldap/manifests/server/redhat.pp
   /usr/share/puppet/modules/ldap/manifests/server/slave.pp
   /usr/share/puppet/modules/ldap/metadata.json
   /usr/share/puppet/modules/ldap/spec/classes/ldap_client_spec.rb
   /usr/share/puppet/modules/ldap/spec/classes/ldap_server_master_spec.rb
   /usr/share/puppet/modules/ldap/spec/classes/ldap_server_slave_spec.rb
   /usr/share/puppet/modules/ldap/spec/classes/ldap_spec.rb
   /usr/share/puppet/modules/ldap/spec/fixtures/manifests/site.pp
   /usr/share/puppet/modules/ldap/spec/spec_helper.rb
   /usr/share/puppet/modules/ldap/templates/default/slapd.erb
   /usr/share/puppet/modules/ldap/templates/etc/default/slapd.erb
   /usr/share/puppet/modules/ldap/templates/etc/ldap/ldap.conf.erb
   /usr/share/puppet/modules/ldap/templates/etc/ldap/slapd.conf.erb
   /usr/share/puppet/modules/ldap/templates/etc/ldap/slapd.d
   /usr/share/puppet/modules/ldap/templates/etc/openldap/ldap.conf.erb
   /usr/share/puppet/modules/ldap/templates/etc/openldap/slapd.conf.erb
   /usr/share/puppet/modules/ldap/templates/etc/openldap/slapd.d/cn=config-update.ldif.erb
   /usr/share/puppet/modules/ldap/templates/etc/sysconfig/ldap.erb
   /usr/share/puppet/modules/ldap/templates/ldap.conf.erb
   /usr/share/puppet/modules/ldap/templates/slapd.conf.erb
   /usr/share/puppet/modules/ldap/templates/sysconfig/ldap.erb
Child return code was: 1
EXCEPTION: Command failed. See logs for output.
 # bash --login -c /usr/bin/rpmbuild -bb --target x86_64 --nodeps  /builddir/build/SPECS/puppet-ldap.spec 
Traceback (most recent call last):
  File "/usr/lib/python3.7/site-packages/mockbuild/trace_decorator.py", line 84, in trace
    result = func(*args, **kw)
  File "/usr/lib/python3.7/site-packages/mockbuild/util.py", line 531, in do
    raise exception.Error("Command failed. See logs for output.\n # %s" % (command,), child.returncode)
mockbuild.exception.Error: Command failed. See logs for output.
 # bash --login -c /usr/bin/rpmbuild -bb --target x86_64 --nodeps  /builddir/build/SPECS/puppet-ldap.spec 
LEAVE do --> EXCEPTION RAISED

