Mock Version: 1.2.14
ENTER do(['bash', '--login', '-c', '/usr/bin/rpmbuild -bs --target x86_64 --nodeps /builddir/build/SPECS/dpkg.spec'], chrootPath='/var/lib/mock/clear-dpkg/root'env={'TERM': 'vt100', 'SHELL': '/bin/bash', 'HOME': '/builddir', 'HOSTNAME': 'mock', 'PATH': '/usr/bin:/bin:/usr/sbin:/sbin', 'LANG': 'en_US.UTF-8', 'CCACHE_DIR': '/var/tmp/ccache', 'CCACHE_UMASK': '002'}shell=Falselogger=<mockbuild.trace_decorator.getLog object at 0x7f3e9d2b3050>timeout=0uid=1000gid=1000user='mockbuild'printOutput=False)
Executing command: ['bash', '--login', '-c', '/usr/bin/rpmbuild -bs --target x86_64 --nodeps /builddir/build/SPECS/dpkg.spec'] with env {'TERM': 'vt100', 'SHELL': '/bin/bash', 'HOME': '/builddir', 'HOSTNAME': 'mock', 'PATH': '/usr/bin:/bin:/usr/sbin:/sbin', 'LANG': 'en_US.UTF-8', 'CCACHE_DIR': '/var/tmp/ccache', 'CCACHE_UMASK': '002'} and shell False
Building target platforms: x86_64
Building for target x86_64
Wrote: /builddir/build/SRPMS/dpkg-1.18.24-1.src.rpm
Child return code was: 0
LEAVE do --> 

ENTER do(['bash', '--login', '-c', '/usr/bin/rpmbuild -bb --target x86_64 --nodeps  /builddir/build/SPECS/dpkg.spec '], chrootPath='/var/lib/mock/clear-dpkg/root'env={'TERM': 'vt100', 'SHELL': '/bin/bash', 'HOME': '/builddir', 'HOSTNAME': 'mock', 'PATH': '/usr/bin:/bin:/usr/sbin:/sbin', 'LANG': 'en_US.UTF-8', 'CCACHE_DIR': '/var/tmp/ccache', 'CCACHE_UMASK': '002'}shell=Falselogger=<mockbuild.trace_decorator.getLog object at 0x7f3e9d2b3050>timeout=0uid=1000gid=1000user='mockbuild'private_network=TrueprintOutput=False)
Executing command: ['bash', '--login', '-c', '/usr/bin/rpmbuild -bb --target x86_64 --nodeps  /builddir/build/SPECS/dpkg.spec '] with env {'TERM': 'vt100', 'SHELL': '/bin/bash', 'HOME': '/builddir', 'HOSTNAME': 'mock', 'PATH': '/usr/bin:/bin:/usr/sbin:/sbin', 'LANG': 'en_US.UTF-8', 'CCACHE_DIR': '/var/tmp/ccache', 'CCACHE_UMASK': '002'} and shell False
Building target platforms: x86_64
Building for target x86_64
Executing(%prep): /bin/sh -e /var/tmp/rpm-tmp.DPSqRn
+ umask 022
+ cd /builddir/build/BUILD
+ LANG=en_US.UTF-8
+ export LANG
+ unset DISPLAY
+ cd /builddir/build/BUILD
+ rm -rf dpkg-1.18.24
+ /usr/bin/xz -dc /builddir/build/SOURCES/dpkg_1.18.24.tar.xz
+ /usr/bin/tar -xf -
+ STATUS=0
+ '[' 0 -ne 0 ']'
+ cd dpkg-1.18.24
+ /usr/bin/chmod -Rf a+rX,u+w,g-w,o-w .
+ exit 0
Executing(%build): /bin/sh -e /var/tmp/rpm-tmp.8RDW2l
+ umask 022
+ cd /builddir/build/BUILD
+ cd dpkg-1.18.24
+ LANG=en_US.UTF-8
+ export LANG
+ unset DISPLAY
+ unset PYTHONOPTIMIZE
+ CFLAGS='-O2 -g -feliminate-unused-debug-types -pipe -Wall -Wp,-D_FORTIFY_SOURCE=2 -fexceptions -fstack-protector --param=ssp-buffer-size=32 -Wformat -Wformat-security -Wl,-z,now,-z,relro,-z,max-page-size=0x1000,-z,separate-code -Wno-error -ftree-vectorize -ftree-slp-vectorize -Wl,--enable-new-dtags -fcf-protection=return -m64 -march=westmere -mtune=haswell -fasynchronous-unwind-tables -fno-omit-frame-pointer -Wp,-D_REENTRANT'
+ export CFLAGS
+ http_proxy=http://127.0.0.1:9/
+ export http_proxy
+ https_proxy=http://127.0.0.1:9/
+ export https_proxy
+ ftp_proxy=http://127.0.0.1:9/
+ export ftp_proxy
+ no_proxy=localhost,127.0.0.1,0.0.0.0
+ export no_proxy
+ CXXFLAGS='-O2 -g -feliminate-unused-debug-types -pipe -Wall -Wp,-D_FORTIFY_SOURCE=2 -fexceptions -fstack-protector --param=ssp-buffer-size=32 -Wformat -Wformat-security -Wl,-z,now,-z,relro,-z,max-page-size=0x1000,-z,separate-code -Wno-error -ftree-vectorize -ftree-slp-vectorize -Wl,--enable-new-dtags -fcf-protection=return -m64 -march=westmere -mtune=haswell -fasynchronous-unwind-tables -fno-omit-frame-pointer -Wp,-D_REENTRANT'
+ export CXXFLAGS
+ FFLAGS='-g -O3 -feliminate-unused-debug-types  -pipe -Wall -Wp,-D_FORTIFY_SOURCE=2 -fexceptions -fstack-protector --param=ssp-buffer-size=32 -m64 -fasynchronous-unwind-tables -Wp,-D_REENTRANT -ftree-loop-distribute-patterns -Wl,-z -Wl,now -Wl,-z -Wl,relro -malign-data=abi -fno-semantic-interposition -ftree-vectorize  -ftree-loop-vectorize -Wl,--enable-new-dtags '
+ export FFLAGS
+ LD_AS_NEEDED=1
+ export LD_AS_NEEDED
+ PKG_CONFIG_LIBDIR=/usr/lib64/pkgconfig
+ export PKG_CONFIG_LIBDIR
+ PATH=/usr/lib64/ccache/bin:/usr/local/bin:/usr/bin
+ export PATH
+ ./configure --prefix=/builddir/build/BUILDROOT/dpkg-1.18.24-1.x86_64 --disable-dselect --disable-update-alternatives --without-liblzma
checking for gcc... gcc
checking whether the C compiler works... yes
checking for C compiler default output file name... a.out
checking for suffix of executables... 
checking whether we are cross compiling... no
checking for suffix of object files... o
checking whether we are using the GNU C compiler... yes
checking whether gcc accepts -g... yes
checking for gcc option to accept ISO C89... none needed
checking whether gcc understands -c and -o together... yes
checking how to run the C preprocessor... gcc -E
checking for grep that handles long lines and -e... /usr/bin/grep
checking for egrep... /usr/bin/grep -E
checking for ANSI C header files... yes
checking for sys/types.h... yes
checking for sys/stat.h... yes
checking for stdlib.h... yes
checking for string.h... yes
checking for memory.h... yes
checking for strings.h... yes
checking for inttypes.h... yes
checking for stdint.h... yes
checking for unistd.h... yes
checking minix/config.h usability... no
checking minix/config.h presence... no
checking for minix/config.h... no
checking whether it is safe to define __EXTENSIONS__... yes
checking for a BSD-compatible install... /usr/bin/install -c
checking whether build environment is sane... yes
checking for a thread-safe mkdir -p... /usr/bin/mkdir -p
checking for gawk... gawk
checking whether make sets $(MAKE)... yes
checking for style of include used by make... GNU
checking whether make supports nested variables... yes
checking dependency style of gcc... gcc3
checking whether make supports nested variables... (cached) yes
checking for a sed that does not truncate output... /usr/bin/sed
checking whether NLS is requested... yes
checking for msgfmt... /usr/bin/msgfmt
checking for gmsgfmt... /usr/bin/msgfmt
checking for xgettext... /usr/bin/xgettext
checking for msgmerge... /usr/bin/msgmerge
checking build system type... x86_64-pc-linux-gnu
checking host system type... x86_64-pc-linux-gnu
checking for ld used by gcc... /usr/bin/ld
checking if the linker (/usr/bin/ld) is GNU ld... yes
checking for shared library run path origin... done
checking for CFPreferencesCopyAppValue... no
checking for CFLocaleCopyCurrent... no
checking for GNU gettext in libc... yes
checking whether to use NLS... yes
checking where the gettext function comes from... libc
checking the archiver (gcc-ar) interface... ar
checking how to print strings... printf
checking for a sed that does not truncate output... (cached) /usr/bin/sed
checking for fgrep... /usr/bin/grep -F
checking for ld used by gcc... /usr/bin/ld
checking if the linker (/usr/bin/ld) is GNU ld... yes
checking for BSD- or MS-compatible name lister (nm)... gcc-nm
checking the name lister (gcc-nm) interface... BSD nm
checking whether ln -s works... yes
checking the maximum length of command line arguments... 1572864
checking how to convert x86_64-pc-linux-gnu file names to x86_64-pc-linux-gnu format... func_convert_file_noop
checking how to convert x86_64-pc-linux-gnu file names to toolchain format... func_convert_file_noop
checking for /usr/bin/ld option to reload object files... -r
checking for objdump... objdump
checking how to recognize dependent libraries... pass_all
checking for dlltool... dlltool
checking how to associate runtime and link libraries... printf %s\n
checking for archiver @FILE support... @
checking for strip... strip
checking for ranlib... gcc-ranlib
checking command to parse gcc-nm output from gcc object... ok
checking for sysroot... no
checking for a working dd... /usr/bin/dd
checking how to truncate binary pipes... /usr/bin/dd bs=4096 count=1
checking for mt... no
checking if : is a manifest tool... no
checking for dlfcn.h... yes
checking for objdir... .libs
checking if gcc supports -fno-rtti -fno-exceptions... no
checking for gcc option to produce PIC... -fPIC -DPIC
checking if gcc PIC flag -fPIC -DPIC works... yes
checking if gcc static flag -static works... no
checking if gcc supports -c -o file.o... yes
checking if gcc supports -c -o file.o... (cached) yes
checking whether the gcc linker (/usr/bin/ld -m elf_x86_64) supports shared libraries... yes
checking dynamic linker characteristics... GNU/Linux ld.so
checking how to hardcode library paths into programs... immediate
checking whether stripping libraries is possible... yes
checking if libtool supports shared libraries... yes
checking whether to build shared libraries... no
checking whether to build static libraries... yes
checking for --as-needed linker flag... yes
checking for --version-script linker flag... yes
checking whether to build dselect... no
checking whether to build start-stop-daemon... yes
checking whether to build update-alternatives... no
checking for perl >= 5.14.2... /usr/bin/perl
checking for gnutar... no
checking for gtar... no
checking for tar... tar
checking for gcc... (cached) gcc
checking whether we are using the GNU C compiler... (cached) yes
checking whether gcc accepts -g... (cached) yes
checking for gcc option to accept ISO C89... (cached) none needed
checking whether gcc understands -c and -o together... (cached) yes
checking whether gcc supports C99 features... yes
checking whether we are using the GNU C++ compiler... yes
checking whether g++ accepts -g... yes
checking dependency style of g++... gcc3
checking how to run the C++ preprocessor... g++ -E
checking for ld used by g++... /usr/bin/ld -m elf_x86_64
checking if the linker (/usr/bin/ld -m elf_x86_64) is GNU ld... yes
checking whether the g++ linker (/usr/bin/ld -m elf_x86_64) supports shared libraries... yes
checking for g++ option to produce PIC... -fPIC -DPIC
checking if g++ PIC flag -fPIC -DPIC works... yes
checking if g++ static flag -static works... no
checking if g++ supports -c -o file.o... yes
checking if g++ supports -c -o file.o... (cached) yes
checking whether the g++ linker (/usr/bin/ld -m elf_x86_64) supports shared libraries... yes
checking dynamic linker characteristics... (cached) GNU/Linux ld.so
checking how to hardcode library paths into programs... immediate
checking whether g++ supports C++11... yes
checking for gpatch... no
checking for patch... patch
checking for doxygen... doxygen
checking for dot... NO
checking for po4a... no
checking for perl >= 5.14.2... (cached) /usr/bin/perl
checking for pod2man... pod2man
checking whether to build with code coverage... no
checking for special C compiler options needed for large files... no
checking for _FILE_OFFSET_BITS value needed for large files... no
checking md5.h usability... no
checking md5.h presence... no
checking for md5.h... no
checking for gzdopen in -lz... yes
checking zlib.h usability... yes
checking zlib.h presence... yes
checking for zlib.h... yes
checking for BZ2_bzdopen in -lbz2... yes
checking bzlib.h usability... yes
checking bzlib.h presence... yes
checking for bzlib.h... yes
checking for lzma_stream_encoder_mt in -llzma... yes
checking for pkg-config... /usr/bin/pkg-config
checking pkg-config is at least version 0.9.0... yes
checking for SELINUX... no
checking whether Unicode is requested... yes
checking for proc_stat_list_create in -lps... no
checking for kvm_openfiles in -lkvm... no
checking for ANSI C header files... (cached) yes
checking stddef.h usability... yes
checking stddef.h presence... yes
checking for stddef.h... yes
checking error.h usability... yes
checking error.h presence... yes
checking for error.h... yes
checking err.h usability... yes
checking err.h presence... yes
checking for err.h... yes
checking locale.h usability... yes
checking locale.h presence... yes
checking for locale.h... yes
checking libintl.h usability... yes
checking libintl.h presence... yes
checking for libintl.h... yes
checking kvm.h usability... no
checking kvm.h presence... no
checking for kvm.h... no
checking sys/sysmacros.h usability... yes
checking sys/sysmacros.h presence... yes
checking for sys/sysmacros.h... yes
checking sys/param.h usability... yes
checking sys/param.h presence... yes
checking for sys/param.h... yes
checking sys/sysctl.h usability... yes
checking sys/sysctl.h presence... yes
checking for sys/sysctl.h... yes
checking sys/syscall.h usability... yes
checking sys/syscall.h presence... yes
checking for sys/syscall.h... yes
checking sys/user.h usability... yes
checking sys/user.h presence... yes
checking for sys/user.h... yes
checking sys/procfs.h usability... yes
checking sys/procfs.h presence... yes
checking for sys/procfs.h... yes
checking sys/pstat.h usability... no
checking sys/pstat.h presence... no
checking for sys/pstat.h... no
checking linux/fiemap.h usability... yes
checking linux/fiemap.h presence... yes
checking for linux/fiemap.h... yes
checking for sys/proc.h... no
checking whether byte ordering is bigendian... no
checking for an ANSI C-conforming const... yes
checking for inline... inline
checking for working volatile... yes
checking for mode_t... yes
checking for pid_t... yes
checking for size_t... yes
checking for u_int8_t... yes
checking for u_int16_t... yes
checking for u_int32_t... yes
checking for u_int64_t... yes
checking for ptrdiff_t... yes
checking size of unsigned int... 4
checking size of unsigned long... 8
checking for unistd.h... (cached) yes
checking whether sys_siglist is declared... yes
checking whether sys_errlist is declared... yes
checking whether sys_nerr is declared... yes
checking for va_copy... yes
checking for C99 snprintf functions... yes
checking whether offsetof is declared... yes
checking whether makedev is declared... no
checking whether WCOREDUMP is declared... yes
checking whether TIOCNOTTY is declared... yes
checking whether O_NOFOLLOW is declared... yes
checking whether F_ALLOCSP64 is declared... no
checking whether F_PREALLOCATE is declared... no
checking whether P_tmpdir is declared... yes
checking for program_invocation_short_name... yes
checking for __progname... yes
checking for getopt... yes
checking for getopt_long... yes
checking for obstack_free... yes
checking for strnlen... yes
checking for strndup... yes
checking for strerror... yes
checking for strsignal... yes
checking for asprintf... yes
checking for scandir... yes
checking for alphasort... yes
checking for unsetenv... yes
checking for memcpy... yes
checking for lchown... yes
checking for strtoimax... yes
checking for isascii... yes
checking for setsid... yes
checking for getdtablesize... yes
checking for getprogname... no
checking for getexecname... no
checking for lutimes... yes
checking for fallocate... yes
checking for posix_fallocate... yes
checking for posix_fadvise... yes
checking whether gcc accepts -Wall... yes
checking whether gcc accepts -Wextra... yes
checking whether gcc accepts -Wno-unused-parameter... yes
checking whether gcc accepts -Wno-missing-field-initializers... yes
checking whether gcc accepts -Wno-tautological-constant-out-of-range-compare... no
checking whether gcc accepts -Wmissing-declarations... yes
checking whether gcc accepts -Wmissing-format-attribute... yes
checking whether gcc accepts -Wformat -Wformat-security... yes
checking whether gcc accepts -Wsizeof-array-argument... yes
checking whether gcc accepts -Wpointer-arith... yes
checking whether gcc accepts -Wlogical-op... yes
checking whether gcc accepts -Wlogical-not-parentheses... yes
checking whether gcc accepts -Wswitch-bool... yes
checking whether gcc accepts -Wvla... yes
checking whether gcc accepts -Winit-self... yes
checking whether gcc accepts -Wwrite-strings... yes
checking whether gcc accepts -Wcast-align... yes
checking whether gcc accepts -Wshadow... yes
checking whether gcc accepts -Wduplicated-cond... yes
checking whether gcc accepts -Wnull-dereference... yes
checking whether gcc accepts -Wdeclaration-after-statement... yes
checking whether gcc accepts -Wnested-externs... yes
checking whether gcc accepts -Wbad-function-cast... yes
checking whether gcc accepts -Wstrict-prototypes... yes
checking whether gcc accepts -Wmissing-prototypes... yes
checking whether gcc accepts -Wold-style-definition... yes
checking whether gcc accepts -Wc99-c11-compat... yes
checking whether g++ accepts -Wall... yes
checking whether g++ accepts -Wextra... yes
checking whether g++ accepts -Wno-unused-parameter... yes
checking whether g++ accepts -Wno-missing-field-initializers... yes
checking whether g++ accepts -Wno-tautological-constant-out-of-range-compare... no
checking whether g++ accepts -Wmissing-declarations... yes
checking whether g++ accepts -Wmissing-format-attribute... yes
checking whether g++ accepts -Wformat -Wformat-security... yes
checking whether g++ accepts -Wsizeof-array-argument... yes
checking whether g++ accepts -Wpointer-arith... yes
checking whether g++ accepts -Wlogical-op... yes
checking whether g++ accepts -Wlogical-not-parentheses... yes
checking whether g++ accepts -Wswitch-bool... yes
checking whether g++ accepts -Wvla... yes
checking whether g++ accepts -Winit-self... yes
checking whether g++ accepts -Wwrite-strings... yes
checking whether g++ accepts -Wcast-align... yes
checking whether g++ accepts -Wshadow... yes
checking whether g++ accepts -Wduplicated-cond... yes
checking whether g++ accepts -Wnull-dereference... yes
checking whether g++ accepts -Wc++11-compat... yes
checking whether g++ accepts -Wzero-as-null-pointer-constant... yes
checking dpkg cpu type... amd64
checking dpkg operating system type... linux
checking dpkg architecture name... amd64
checking that generated files are newer than configure... done
configure: creating ./config.status
config.status: creating Makefile
config.status: creating t-func/Makefile
config.status: creating t-func/atlocal
config.status: creating dpkg-deb/Makefile
config.status: creating dpkg-split/Makefile
config.status: creating dselect/Makefile
config.status: creating dselect/methods/Makefile
config.status: creating dselect/po/Makefile.in
config.status: creating lib/Makefile
config.status: creating lib/compat/Makefile
config.status: creating lib/dpkg/Makefile
config.status: creating lib/dpkg/libdpkg.pc
config.status: creating lib/dpkg/t/Makefile
config.status: creating doc/Doxyfile
config.status: creating man/Makefile
config.status: creating po/Makefile.in
config.status: creating scripts/Makefile
config.status: creating scripts/mk/Makefile
config.status: creating scripts/po/Makefile.in
config.status: creating src/Makefile
config.status: creating utils/Makefile
config.status: creating config.h
config.status: executing depfiles commands
config.status: executing po-directories commands
config.status: creating dselect/po/POTFILES
config.status: creating dselect/po/Makefile
config.status: creating po/POTFILES
config.status: creating po/Makefile
config.status: creating scripts/po/POTFILES
config.status: creating scripts/po/Makefile
config.status: executing libtool commands
config.status: executing t-func/atconfig commands
Configuration:
  Features:
    native language support . . . : yes
    unicode support . . . . . . . : yes
    development documentation . . : yes
    code coverage . . . . . . . . : no
    build shared libraries  . . . : no
    mmap loaders  . . . . . . . . : no
    disk pre-allocation . . . . . : no
    default dpkg-deb compressor . : xz
  Paths:
    devlibdir . . . . . . . . . . : ${exec_prefix}/lib
    pkgconfdir  . . . . . . . . . : ${prefix}/etc/dpkg
    admindir  . . . . . . . . . . : ${prefix}/var/lib/dpkg
    logdir  . . . . . . . . . . . : ${prefix}/var/log
    perl interpreter  . . . . . . : /usr/bin/perl
    perl libdir . . . . . . . . . : $(prefix)/lib/perl5/vendor_perl/5.28.2
  Programs:
    update-alternatives . . . . . : no
    start-stop-daemon . . . . . . : yes
    dselect . . . . . . . . . . . : no
  System Libraries:
    libps . . . . . . . . . . . . : no
    libkvm  . . . . . . . . . . . : no
    libselinux  . . . . . . . . . : no
    libmd . . . . . . . . . . . . : no
    libz  . . . . . . . . . . . . : yes
    liblzma . . . . . . . . . . . : no
    libbz2  . . . . . . . . . . . : yes
    libcurses . . . . . . . . . . : no
+ make -j4
make  all-recursive
make[1]: Entering directory '/builddir/build/BUILD/dpkg-1.18.24'
Making all in lib
make[2]: Entering directory '/builddir/build/BUILD/dpkg-1.18.24/lib'
Making all in compat
make[3]: Entering directory '/builddir/build/BUILD/dpkg-1.18.24/lib/compat'
  CC       libcompat_test_la-strnlen.lo
  CC       libcompat_test_la-strndup.lo
  CC       libcompat_test_la-strsignal.lo
  CC       libcompat_test_la-snprintf.lo
  CC       libcompat_test_la-vsnprintf.lo
  CC       libcompat_test_la-asprintf.lo
  CC       libcompat_test_la-vasprintf.lo
  CC       libcompat_test_la-alphasort.lo
  CC       libcompat_test_la-scandir.lo
  CC       libcompat_test_la-unsetenv.lo
  CC       libcompat_test_la-strerror.lo
  CC       empty.lo
  CC       md5.lo
  CCLD     libcompat-test.la
  CCLD     libcompat.la
/usr/bin/ar: `u' modifier ignored since `D' is the default (see `U')
/usr/bin/ar: `u' modifier ignored since `D' is the default (see `U')
make[3]: Leaving directory '/builddir/build/BUILD/dpkg-1.18.24/lib/compat'
Making all in dpkg
make[3]: Entering directory '/builddir/build/BUILD/dpkg-1.18.24/lib/dpkg'
Making all in .
make[4]: Entering directory '/builddir/build/BUILD/dpkg-1.18.24/lib/dpkg'
  CC       ar.lo
  CC       arch.lo
  CC       atomic-file.lo
  CC       buffer.lo
  CC       c-ctype.lo
  CC       cleanup.lo
  CC       color.lo
  CC       command.lo
  CC       compress.lo
  CC       dbdir.lo
  CC       dbmodify.lo
  CC       deb-version.lo
  CC       debug.lo
  CC       depcon.lo
  CC       dir.lo
  CC       dump.lo
  CC       ehandle.lo
  CC       error.lo
  CC       fdio.lo
  CC       file.lo
  CC       fields.lo
  CC       glob.lo
In file included from ../../lib/dpkg/dpkg.h:114,
                 from file.c:33:
file.c: In function ‘file_show’:
../../lib/dpkg/ehandle.h:76:24: warning: ‘%s’ directive argument is null [-Wformat-overflow=]
   76 | #define internerr(...) do_internerr(__FILE__, __LINE__, __func__, __VA_ARGS__)
      |                        ^~~~~~~~~~~~~~~~~~~~~~~~~~~~~~~~~~~~~~~~~~~~~~~~~~~~~~~
file.c:162:3: note: in expansion of macro ‘internerr’
  162 |   internerr("file '%s' does not exist", filename);
      |   ^~~~~~~~~
file.c:162:20: note: format string is defined here
  162 |   internerr("file '%s' does not exist", filename);
      |                    ^~
  CC       i18n.lo
  CC       log.lo
  CC       mlib.lo
  CC       namevalue.lo
  CC       nfmalloc.lo
  CC       options.lo
  CC       options-parsers.lo
  CC       parse.lo
  CC       parsehelp.lo
  CC       path.lo
  CC       path-remove.lo
  CC       pkg.lo
  CC       pkg-db.lo
  CC       pkg-array.lo
  CC       pkg-format.lo
  CC       pkg-list.lo
  CC       pkg-namevalue.lo
  CC       pkg-queue.lo
  CC       pkg-show.lo
  CC       pkg-spec.lo
  CC       progname.lo
  CC       program.lo
  CC       progress.lo
  CC       report.lo
  CC       string.lo
  CC       strhash.lo
  CC       strwide.lo
  CC       subproc.lo
  CC       tarfn.lo
  CC       treewalk.lo
  CC       trigname.lo
  CC       trignote.lo
  CC       triglib.lo
  CC       trigdeferred.lo
  CC       utils.lo
  CC       varbuf.lo
  CC       version.lo
  CCLD     libdpkg.la
/usr/bin/ar: `u' modifier ignored since `D' is the default (see `U')
make[4]: Leaving directory '/builddir/build/BUILD/dpkg-1.18.24/lib/dpkg'
Making all in t
make[4]: Entering directory '/builddir/build/BUILD/dpkg-1.18.24/lib/dpkg/t'
make[4]: Nothing to be done for 'all'.
make[4]: Leaving directory '/builddir/build/BUILD/dpkg-1.18.24/lib/dpkg/t'
make[3]: Leaving directory '/builddir/build/BUILD/dpkg-1.18.24/lib/dpkg'
make[3]: Entering directory '/builddir/build/BUILD/dpkg-1.18.24/lib'
make[3]: Nothing to be done for 'all-am'.
make[3]: Leaving directory '/builddir/build/BUILD/dpkg-1.18.24/lib'
make[2]: Leaving directory '/builddir/build/BUILD/dpkg-1.18.24/lib'
Making all in dpkg-deb
make[2]: Entering directory '/builddir/build/BUILD/dpkg-1.18.24/dpkg-deb'
  CC       build.o
  CC       extract.o
  CC       info.o
  CC       main.o
  CCLD     dpkg-deb
make[2]: Leaving directory '/builddir/build/BUILD/dpkg-1.18.24/dpkg-deb'
Making all in dpkg-split
make[2]: Entering directory '/builddir/build/BUILD/dpkg-1.18.24/dpkg-split'
  CC       info.o
  CC       join.o
  CC       main.o
  CC       queue.o
  CC       split.o
  CCLD     dpkg-split
make[2]: Leaving directory '/builddir/build/BUILD/dpkg-1.18.24/dpkg-split'
Making all in src
make[2]: Entering directory '/builddir/build/BUILD/dpkg-1.18.24/src'
  CC       cleanup.o
  CC       archives.o
  CC       configure.o
  CC       depcon.o
  CC       enquiry.o
  CC       errors.o
  CC       filesdb.o
  CC       filesdb-hash.o
  CC       file-match.o
  CC       filters.o
  CC       infodb-access.o
  CC       infodb-format.o
  CC       infodb-upgrade.o
  CC       divertdb.o
  CC       statdb.o
  CC       help.o
  CC       main.o
  CC       packages.o
  CC       remove.o
  CC       script.o
  CC       select.o
  CC       selinux.o
  CC       trigproc.o
  CC       unpack.o
  CC       update.o
  CC       verify.o
  CC       divertcmd.o
  CC       querycmd.o
  CC       statcmd.o
  CC       trigcmd.o
  CCLD     dpkg
  CCLD     dpkg-divert
  CCLD     dpkg-trigger
  CCLD     dpkg-query
  CCLD     dpkg-statoverride
make[2]: Leaving directory '/builddir/build/BUILD/dpkg-1.18.24/src'
Making all in utils
make[2]: Entering directory '/builddir/build/BUILD/dpkg-1.18.24/utils'
  CC       start-stop-daemon.o
In file included from start-stop-daemon.c:62:
/usr/include/sys/sysctl.h:21:2: warning: #warning "The <sys/sysctl.h> header is deprecated and will be removed." [-Wcpp]
   21 | #warning "The <sys/sysctl.h> header is deprecated and will be removed."
      |  ^~~~~~~
  CCLD     start-stop-daemon
make[2]: Leaving directory '/builddir/build/BUILD/dpkg-1.18.24/utils'
Making all in scripts
make[2]: Entering directory '/builddir/build/BUILD/dpkg-1.18.24/scripts'
Making all in mk
make[3]: Entering directory '/builddir/build/BUILD/dpkg-1.18.24/scripts/mk'
make[3]: Nothing to be done for 'all'.
make[3]: Leaving directory '/builddir/build/BUILD/dpkg-1.18.24/scripts/mk'
Making all in po
make[3]: Entering directory '/builddir/build/BUILD/dpkg-1.18.24/scripts/po'
make[3]: Nothing to be done for 'all'.
make[3]: Leaving directory '/builddir/build/BUILD/dpkg-1.18.24/scripts/po'
make[3]: Entering directory '/builddir/build/BUILD/dpkg-1.18.24/scripts'
  GEN      dpkg-architecture
  GEN      dpkg-buildflags
  GEN      dpkg-checkbuilddeps
  GEN      dpkg-buildpackage
  GEN      dpkg-distaddfile
  GEN      dpkg-genbuildinfo
  GEN      dpkg-genchanges
  GEN      dpkg-gencontrol
  GEN      dpkg-gensymbols
  GEN      dpkg-maintscript-helper
  GEN      dpkg-mergechangelogs
  GEN      dpkg-name
  GEN      dpkg-parsechangelog
  GEN      dpkg-scanpackages
  GEN      dpkg-scansources
  GEN      dpkg-shlibdeps
  GEN      dpkg-source
  GEN      dpkg-vendor
make[3]: Leaving directory '/builddir/build/BUILD/dpkg-1.18.24/scripts'
make[2]: Leaving directory '/builddir/build/BUILD/dpkg-1.18.24/scripts'
Making all in t-func
make[2]: Entering directory '/builddir/build/BUILD/dpkg-1.18.24/t-func'
make[2]: Nothing to be done for 'all'.
make[2]: Leaving directory '/builddir/build/BUILD/dpkg-1.18.24/t-func'
Making all in po
make[2]: Entering directory '/builddir/build/BUILD/dpkg-1.18.24/po'
make[2]: Nothing to be done for 'all'.
make[2]: Leaving directory '/builddir/build/BUILD/dpkg-1.18.24/po'
Making all in man
make[2]: Entering directory '/builddir/build/BUILD/dpkg-1.18.24/man'
  MANGEN deb-changelog.5
  MANGEN deb-buildinfo.5
  MANGEN deb-changes.5
  MANGEN deb-conffiles.5
  MANGEN deb-control.5
  MANGEN deb-src-control.5
  MANGEN deb-src-files.5
  MANGEN deb-version.5
  MANGEN deb-shlibs.5
  MANGEN deb-split.5
  MANGEN deb-substvars.5
  MANGEN deb-symbols.5
  MANGEN deb-postinst.5
  MANGEN deb-postrm.5
  MANGEN deb-preinst.5
  MANGEN deb-prerm.5
  MANGEN deb-triggers.5
  MANGEN deb-old.5
  MANGEN deb-origin.5
  MANGEN deb-override.5
  MANGEN deb-extra-override.5
  MANGEN deb.5
  MANGEN deb822.5
  MANGEN dpkg-architecture.1
  MANGEN dpkg-buildflags.1
  MANGEN dpkg-buildpackage.1
  MANGEN dpkg-checkbuilddeps.1
  MANGEN dpkg-deb.1
  MANGEN dpkg-distaddfile.1
  MANGEN dpkg-genbuildinfo.1
  MANGEN dpkg-divert.1
  MANGEN dpkg-genchanges.1
  MANGEN dpkg-gencontrol.1
  MANGEN dpkg-gensymbols.1
  MANGEN dpkg-maintscript-helper.1
  MANGEN dpkg-mergechangelogs.1
  MANGEN dpkg-name.1
  MANGEN dpkg-parsechangelog.1
  MANGEN dpkg-query.1
  MANGEN dpkg-scanpackages.1
  MANGEN dpkg-scansources.1
  MANGEN dpkg-shlibdeps.1
  MANGEN dpkg-source.1
  MANGEN dpkg-split.1
  MANGEN dpkg-statoverride.1
  MANGEN dpkg-trigger.1
  MANGEN dpkg-vendor.1
  MANGEN dpkg.1
  MANGEN dpkg.cfg.5
  MANGEN dsc.5
  MANGEN start-stop-daemon.8
make[2]: Leaving directory '/builddir/build/BUILD/dpkg-1.18.24/man'
make[2]: Entering directory '/builddir/build/BUILD/dpkg-1.18.24'
make[2]: Leaving directory '/builddir/build/BUILD/dpkg-1.18.24'
make[1]: Leaving directory '/builddir/build/BUILD/dpkg-1.18.24'
+ export http_proxy=http://127.0.0.1:9/
+ http_proxy=http://127.0.0.1:9/
+ export https_proxy=http://127.0.0.1:9/
+ https_proxy=http://127.0.0.1:9/
+ export no_proxy=localhost,127.0.0.1,0.0.0.0
+ no_proxy=localhost,127.0.0.1,0.0.0.0
+ export LANG=C.UTF-8
+ LANG=C.UTF-8
+ export SOURCE_DATE_EPOCH=1567157048
+ SOURCE_DATE_EPOCH=1567157048
+ export GCC_IGNORE_WERROR=1
+ GCC_IGNORE_WERROR=1
+ export AR=gcc-ar
+ AR=gcc-ar
+ export RANLIB=gcc-ranlib
+ RANLIB=gcc-ranlib
+ export NM=gcc-nm
+ NM=gcc-nm
+ export 'CFLAGS=-O2 -g -feliminate-unused-debug-types -pipe -Wall -Wp,-D_FORTIFY_SOURCE=2 -fexceptions -fstack-protector --param=ssp-buffer-size=32 -Wformat -Wformat-security -Wl,-z,now,-z,relro,-z,max-page-size=0x1000,-z,separate-code -Wno-error -ftree-vectorize -ftree-slp-vectorize -Wl,--enable-new-dtags -fcf-protection=return -m64 -march=westmere -mtune=haswell -fasynchronous-unwind-tables -fno-omit-frame-pointer -Wp,-D_REENTRANT -O3 -ffat-lto-objects -flto=4 '
+ CFLAGS='-O2 -g -feliminate-unused-debug-types -pipe -Wall -Wp,-D_FORTIFY_SOURCE=2 -fexceptions -fstack-protector --param=ssp-buffer-size=32 -Wformat -Wformat-security -Wl,-z,now,-z,relro,-z,max-page-size=0x1000,-z,separate-code -Wno-error -ftree-vectorize -ftree-slp-vectorize -Wl,--enable-new-dtags -fcf-protection=return -m64 -march=westmere -mtune=haswell -fasynchronous-unwind-tables -fno-omit-frame-pointer -Wp,-D_REENTRANT -O3 -ffat-lto-objects -flto=4 '
+ export 'FCFLAGS=-O2 -g -feliminate-unused-debug-types -pipe -Wall -Wp,-D_FORTIFY_SOURCE=2 -fexceptions -fstack-protector --param=ssp-buffer-size=32 -Wformat -Wformat-security -Wl,-z,now,-z,relro,-z,max-page-size=0x1000,-z,separate-code -Wno-error -ftree-vectorize -ftree-slp-vectorize -Wl,--enable-new-dtags -fcf-protection=return -m64 -march=westmere -mtune=haswell -fasynchronous-unwind-tables -fno-omit-frame-pointer -Wp,-D_REENTRANT -O3 -ffat-lto-objects -flto=4  -O3 -ffat-lto-objects -flto=4 '
+ FCFLAGS='-O2 -g -feliminate-unused-debug-types -pipe -Wall -Wp,-D_FORTIFY_SOURCE=2 -fexceptions -fstack-protector --param=ssp-buffer-size=32 -Wformat -Wformat-security -Wl,-z,now,-z,relro,-z,max-page-size=0x1000,-z,separate-code -Wno-error -ftree-vectorize -ftree-slp-vectorize -Wl,--enable-new-dtags -fcf-protection=return -m64 -march=westmere -mtune=haswell -fasynchronous-unwind-tables -fno-omit-frame-pointer -Wp,-D_REENTRANT -O3 -ffat-lto-objects -flto=4  -O3 -ffat-lto-objects -flto=4 '
+ export 'FFLAGS=-O2 -g -feliminate-unused-debug-types -pipe -Wall -Wp,-D_FORTIFY_SOURCE=2 -fexceptions -fstack-protector --param=ssp-buffer-size=32 -Wformat -Wformat-security -Wl,-z,now,-z,relro,-z,max-page-size=0x1000,-z,separate-code -Wno-error -ftree-vectorize -ftree-slp-vectorize -Wl,--enable-new-dtags -fcf-protection=return -m64 -march=westmere -mtune=haswell -fasynchronous-unwind-tables -fno-omit-frame-pointer -Wp,-D_REENTRANT -O3 -ffat-lto-objects -flto=4  -O3 -ffat-lto-objects -flto=4 '
+ FFLAGS='-O2 -g -feliminate-unused-debug-types -pipe -Wall -Wp,-D_FORTIFY_SOURCE=2 -fexceptions -fstack-protector --param=ssp-buffer-size=32 -Wformat -Wformat-security -Wl,-z,now,-z,relro,-z,max-page-size=0x1000,-z,separate-code -Wno-error -ftree-vectorize -ftree-slp-vectorize -Wl,--enable-new-dtags -fcf-protection=return -m64 -march=westmere -mtune=haswell -fasynchronous-unwind-tables -fno-omit-frame-pointer -Wp,-D_REENTRANT -O3 -ffat-lto-objects -flto=4  -O3 -ffat-lto-objects -flto=4 '
+ export 'CXXFLAGS=-O2 -g -feliminate-unused-debug-types -pipe -Wall -Wp,-D_FORTIFY_SOURCE=2 -fexceptions -fstack-protector --param=ssp-buffer-size=32 -Wformat -Wformat-security -Wl,-z,now,-z,relro,-z,max-page-size=0x1000,-z,separate-code -Wno-error -ftree-vectorize -ftree-slp-vectorize -Wl,--enable-new-dtags -fcf-protection=return -m64 -march=westmere -mtune=haswell -fasynchronous-unwind-tables -fno-omit-frame-pointer -Wp,-D_REENTRANT -O3 -ffat-lto-objects -flto=4 '
+ CXXFLAGS='-O2 -g -feliminate-unused-debug-types -pipe -Wall -Wp,-D_FORTIFY_SOURCE=2 -fexceptions -fstack-protector --param=ssp-buffer-size=32 -Wformat -Wformat-security -Wl,-z,now,-z,relro,-z,max-page-size=0x1000,-z,separate-code -Wno-error -ftree-vectorize -ftree-slp-vectorize -Wl,--enable-new-dtags -fcf-protection=return -m64 -march=westmere -mtune=haswell -fasynchronous-unwind-tables -fno-omit-frame-pointer -Wp,-D_REENTRANT -O3 -ffat-lto-objects -flto=4 '
+ CFLAGS='-O2 -g -feliminate-unused-debug-types -pipe -Wall -Wp,-D_FORTIFY_SOURCE=2 -fexceptions -fstack-protector --param=ssp-buffer-size=32 -Wformat -Wformat-security -Wl,-z,now,-z,relro,-z,max-page-size=0x1000,-z,separate-code -Wno-error -ftree-vectorize -ftree-slp-vectorize -Wl,--enable-new-dtags -fcf-protection=return -m64 -march=westmere -mtune=haswell -fasynchronous-unwind-tables -fno-omit-frame-pointer -Wp,-D_REENTRANT -O3 -ffat-lto-objects -flto=4  -fPIC'
+ export CFLAGS
+ ./configure --build=x86_64-generic-linux-gnu --host=x86_64-generic-linux-gnu --target=x86_64-clr-linux-gnu --program-prefix= --prefix=/usr --exec-prefix=/usr --bindir=/usr/bin --sbindir=/usr/bin --sysconfdir=/etc --datadir=/usr/share --includedir=/usr/include --libdir=/usr/lib64 --libexecdir=/usr/libexec --localstatedir=/var --sharedstatedir=/usr/com --mandir=/usr/share/man --infodir=/usr/share/info --disable-static
checking for x86_64-generic-linux-gnu-gcc... gcc
checking whether the C compiler works... yes
checking for C compiler default output file name... a.out
checking for suffix of executables... 
checking whether we are cross compiling... no
checking for suffix of object files... o
checking whether we are using the GNU C compiler... yes
checking whether gcc accepts -g... yes
checking for gcc option to accept ISO C89... none needed
checking whether gcc understands -c and -o together... yes
checking how to run the C preprocessor... gcc -E
checking for grep that handles long lines and -e... /usr/bin/grep
checking for egrep... /usr/bin/grep -E
checking for ANSI C header files... yes
checking for sys/types.h... yes
checking for sys/stat.h... yes
checking for stdlib.h... yes
checking for string.h... yes
checking for memory.h... yes
checking for strings.h... yes
checking for inttypes.h... yes
checking for stdint.h... yes
checking for unistd.h... yes
checking minix/config.h usability... no
checking minix/config.h presence... no
checking for minix/config.h... no
checking whether it is safe to define __EXTENSIONS__... yes
checking for a BSD-compatible install... /usr/bin/install -c
checking whether build environment is sane... yes
checking for a thread-safe mkdir -p... /usr/bin/mkdir -p
checking for gawk... gawk
checking whether make sets $(MAKE)... yes
checking for style of include used by make... GNU
checking whether make supports nested variables... yes
checking dependency style of gcc... gcc3
checking whether make supports nested variables... (cached) yes
checking for a sed that does not truncate output... /usr/bin/sed
checking whether NLS is requested... yes
checking for msgfmt... /usr/bin/msgfmt
checking for gmsgfmt... /usr/bin/msgfmt
checking for xgettext... /usr/bin/xgettext
checking for msgmerge... /usr/bin/msgmerge
checking build system type... x86_64-generic-linux-gnu
checking host system type... x86_64-generic-linux-gnu
checking for ld used by gcc... /usr/bin/ld
checking if the linker (/usr/bin/ld) is GNU ld... yes
checking for shared library run path origin... done
checking for CFPreferencesCopyAppValue... no
checking for CFLocaleCopyCurrent... no
checking for GNU gettext in libc... yes
checking whether to use NLS... yes
checking where the gettext function comes from... libc
checking for x86_64-generic-linux-gnu-ar... gcc-ar
checking the archiver (gcc-ar) interface... ar
checking how to print strings... printf
checking for a sed that does not truncate output... (cached) /usr/bin/sed
checking for fgrep... /usr/bin/grep -F
checking for ld used by gcc... /usr/bin/ld
checking if the linker (/usr/bin/ld) is GNU ld... yes
checking for BSD- or MS-compatible name lister (nm)... gcc-nm
checking the name lister (gcc-nm) interface... BSD nm
checking whether ln -s works... yes
checking the maximum length of command line arguments... 1572864
checking how to convert x86_64-generic-linux-gnu file names to x86_64-generic-linux-gnu format... func_convert_file_noop
checking how to convert x86_64-generic-linux-gnu file names to toolchain format... func_convert_file_noop
checking for /usr/bin/ld option to reload object files... -r
checking for x86_64-generic-linux-gnu-objdump... no
checking for objdump... objdump
checking how to recognize dependent libraries... pass_all
checking for x86_64-generic-linux-gnu-dlltool... no
checking for dlltool... dlltool
checking how to associate runtime and link libraries... printf %s\n
checking for x86_64-generic-linux-gnu-ar... (cached) gcc-ar
checking for archiver @FILE support... @
checking for x86_64-generic-linux-gnu-strip... no
checking for strip... strip
checking for x86_64-generic-linux-gnu-ranlib... gcc-ranlib
checking command to parse gcc-nm output from gcc object... ok
checking for sysroot... no
checking for a working dd... /usr/bin/dd
checking how to truncate binary pipes... /usr/bin/dd bs=4096 count=1
checking for x86_64-generic-linux-gnu-mt... no
checking for mt... no
checking if : is a manifest tool... no
checking for dlfcn.h... yes
checking for objdir... .libs
checking if gcc supports -fno-rtti -fno-exceptions... no
checking for gcc option to produce PIC... -fPIC -DPIC
checking if gcc PIC flag -fPIC -DPIC works... yes
checking if gcc static flag -static works... no
checking if gcc supports -c -o file.o... yes
checking if gcc supports -c -o file.o... (cached) yes
checking whether the gcc linker (/usr/bin/ld -m elf_x86_64) supports shared libraries... yes
checking dynamic linker characteristics... GNU/Linux ld.so
checking how to hardcode library paths into programs... immediate
checking whether stripping libraries is possible... yes
checking if libtool supports shared libraries... yes
checking whether to build shared libraries... no
checking whether to build static libraries... yes
checking for --as-needed linker flag... yes
checking for --version-script linker flag... yes
checking whether to build dselect... yes
checking whether to build start-stop-daemon... yes
checking whether to build update-alternatives... yes
checking for perl >= 5.14.2... /usr/bin/perl
checking for gnutar... no
checking for gtar... no
checking for tar... tar
checking for x86_64-generic-linux-gnu-gcc... (cached) gcc
checking whether we are using the GNU C compiler... (cached) yes
checking whether gcc accepts -g... (cached) yes
checking for gcc option to accept ISO C89... (cached) none needed
checking whether gcc understands -c and -o together... (cached) yes
checking whether gcc supports C99 features... yes
checking whether we are using the GNU C++ compiler... yes
checking whether g++ accepts -g... yes
checking dependency style of g++... gcc3
checking how to run the C++ preprocessor... g++ -E
checking for ld used by g++... /usr/bin/ld -m elf_x86_64
checking if the linker (/usr/bin/ld -m elf_x86_64) is GNU ld... yes
checking whether the g++ linker (/usr/bin/ld -m elf_x86_64) supports shared libraries... yes
checking for g++ option to produce PIC... -fPIC -DPIC
checking if g++ PIC flag -fPIC -DPIC works... yes
checking if g++ static flag -static works... no
checking if g++ supports -c -o file.o... yes
checking if g++ supports -c -o file.o... (cached) yes
checking whether the g++ linker (/usr/bin/ld -m elf_x86_64) supports shared libraries... yes
checking dynamic linker characteristics... (cached) GNU/Linux ld.so
checking how to hardcode library paths into programs... immediate
checking whether g++ supports C++11... yes
checking for gpatch... no
checking for patch... patch
checking for doxygen... doxygen
checking for dot... NO
checking for po4a... no
checking for perl >= 5.14.2... (cached) /usr/bin/perl
checking for pod2man... pod2man
checking whether to build with code coverage... no
checking for special C compiler options needed for large files... no
checking for _FILE_OFFSET_BITS value needed for large files... no
checking md5.h usability... no
checking md5.h presence... no
checking for md5.h... no
checking for gzdopen in -lz... yes
checking zlib.h usability... yes
checking zlib.h presence... yes
checking for zlib.h... yes
checking for BZ2_bzdopen in -lbz2... yes
checking bzlib.h usability... yes
checking bzlib.h presence... yes
checking for bzlib.h... yes
checking for lzma_alone_decoder in -llzma... yes
checking lzma.h usability... yes
checking lzma.h presence... yes
checking for lzma.h... yes
checking for lzma_stream_encoder_mt in -llzma... yes
checking for x86_64-generic-linux-gnu-pkg-config... /usr/bin/x86_64-generic-linux-gnu-pkg-config
checking pkg-config is at least version 0.9.0... yes
checking for SELINUX... no
checking whether Unicode is requested... yes
checking ncurses/ncurses.h usability... no
checking ncurses/ncurses.h presence... no
checking for ncurses/ncurses.h... no
checking ncurses.h usability... yes
checking ncurses.h presence... yes
checking for ncurses.h... yes
checking curses.h usability... yes
checking curses.h presence... yes
checking for curses.h... yes
checking ncurses/term.h usability... no
checking ncurses/term.h presence... no
checking for ncurses/term.h... no
checking term.h usability... yes
checking term.h presence... yes
checking for term.h... yes
checking ncursesw/ncurses.h usability... no
checking ncursesw/ncurses.h presence... no
checking for ncursesw/ncurses.h... no
checking ncursesw/term.h usability... no
checking ncursesw/term.h presence... no
checking for ncursesw/term.h... no
checking for initscr in -lncursesw... yes
checking for proc_stat_list_create in -lps... no
checking for kvm_openfiles in -lkvm... no
checking for ANSI C header files... (cached) yes
checking stddef.h usability... yes
checking stddef.h presence... yes
checking for stddef.h... yes
checking error.h usability... yes
checking error.h presence... yes
checking for error.h... yes
checking err.h usability... yes
checking err.h presence... yes
checking for err.h... yes
checking locale.h usability... yes
checking locale.h presence... yes
checking for locale.h... yes
checking libintl.h usability... yes
checking libintl.h presence... yes
checking for libintl.h... yes
checking kvm.h usability... no
checking kvm.h presence... no
checking for kvm.h... no
checking sys/sysmacros.h usability... yes
checking sys/sysmacros.h presence... yes
checking for sys/sysmacros.h... yes
checking sys/param.h usability... yes
checking sys/param.h presence... yes
checking for sys/param.h... yes
checking sys/sysctl.h usability... yes
checking sys/sysctl.h presence... yes
checking for sys/sysctl.h... yes
checking sys/syscall.h usability... yes
checking sys/syscall.h presence... yes
checking for sys/syscall.h... yes
checking sys/user.h usability... yes
checking sys/user.h presence... yes
checking for sys/user.h... yes
checking sys/procfs.h usability... yes
checking sys/procfs.h presence... yes
checking for sys/procfs.h... yes
checking sys/pstat.h usability... no
checking sys/pstat.h presence... no
checking for sys/pstat.h... no
checking linux/fiemap.h usability... yes
checking linux/fiemap.h presence... yes
checking for linux/fiemap.h... yes
checking for sys/proc.h... no
checking cxxabi.h usability... yes
checking cxxabi.h presence... yes
checking for cxxabi.h... yes
checking whether byte ordering is bigendian... no
checking for an ANSI C-conforming const... yes
checking for inline... inline
checking for working volatile... yes
checking for mode_t... yes
checking for pid_t... yes
checking for size_t... yes
checking for u_int8_t... yes
checking for u_int16_t... yes
checking for u_int32_t... yes
checking for u_int64_t... yes
checking for ptrdiff_t... yes
checking size of unsigned int... 4
checking size of unsigned long... 8
checking for unistd.h... (cached) yes
checking whether sys_siglist is declared... yes
checking whether sys_errlist is declared... yes
checking whether sys_nerr is declared... yes
checking for va_copy... yes
checking for C99 snprintf functions... yes
checking whether offsetof is declared... yes
checking whether makedev is declared... no
checking whether WCOREDUMP is declared... yes
checking whether TIOCNOTTY is declared... yes
checking whether O_NOFOLLOW is declared... yes
checking whether F_ALLOCSP64 is declared... no
checking whether F_PREALLOCATE is declared... no
checking whether P_tmpdir is declared... yes
checking for program_invocation_short_name... yes
checking for __progname... yes
checking for getopt... yes
checking for getopt_long... yes
checking for obstack_free... yes
checking for strnlen... yes
checking for strndup... yes
checking for strerror... yes
checking for strsignal... yes
checking for asprintf... yes
checking for scandir... yes
checking for alphasort... yes
checking for unsetenv... yes
checking for memcpy... yes
checking for lchown... yes
checking for strtoimax... yes
checking for isascii... yes
checking for setsid... yes
checking for getdtablesize... yes
checking for getprogname... no
checking for getexecname... no
checking for lutimes... yes
checking for fallocate... yes
checking for posix_fallocate... yes
checking for posix_fadvise... yes
checking for __cxa_pure_virtual... yes
checking whether gcc accepts -Wall... yes
checking whether gcc accepts -Wextra... yes
checking whether gcc accepts -Wno-unused-parameter... yes
checking whether gcc accepts -Wno-missing-field-initializers... yes
checking whether gcc accepts -Wno-tautological-constant-out-of-range-compare... no
checking whether gcc accepts -Wmissing-declarations... yes
checking whether gcc accepts -Wmissing-format-attribute... yes
checking whether gcc accepts -Wformat -Wformat-security... yes
checking whether gcc accepts -Wsizeof-array-argument... yes
checking whether gcc accepts -Wpointer-arith... yes
checking whether gcc accepts -Wlogical-op... yes
checking whether gcc accepts -Wlogical-not-parentheses... yes
checking whether gcc accepts -Wswitch-bool... yes
checking whether gcc accepts -Wvla... yes
checking whether gcc accepts -Winit-self... yes
checking whether gcc accepts -Wwrite-strings... yes
checking whether gcc accepts -Wcast-align... yes
checking whether gcc accepts -Wshadow... yes
checking whether gcc accepts -Wduplicated-cond... yes
checking whether gcc accepts -Wnull-dereference... yes
checking whether gcc accepts -Wdeclaration-after-statement... yes
checking whether gcc accepts -Wnested-externs... yes
checking whether gcc accepts -Wbad-function-cast... yes
checking whether gcc accepts -Wstrict-prototypes... yes
checking whether gcc accepts -Wmissing-prototypes... yes
checking whether gcc accepts -Wold-style-definition... yes
checking whether gcc accepts -Wc99-c11-compat... yes
checking whether g++ accepts -Wall... yes
checking whether g++ accepts -Wextra... yes
checking whether g++ accepts -Wno-unused-parameter... yes
checking whether g++ accepts -Wno-missing-field-initializers... yes
checking whether g++ accepts -Wno-tautological-constant-out-of-range-compare... no
checking whether g++ accepts -Wmissing-declarations... yes
checking whether g++ accepts -Wmissing-format-attribute... yes
checking whether g++ accepts -Wformat -Wformat-security... yes
checking whether g++ accepts -Wsizeof-array-argument... yes
checking whether g++ accepts -Wpointer-arith... yes
checking whether g++ accepts -Wlogical-op... yes
checking whether g++ accepts -Wlogical-not-parentheses... yes
checking whether g++ accepts -Wswitch-bool... yes
checking whether g++ accepts -Wvla... yes
checking whether g++ accepts -Winit-self... yes
checking whether g++ accepts -Wwrite-strings... yes
checking whether g++ accepts -Wcast-align... yes
checking whether g++ accepts -Wshadow... yes
checking whether g++ accepts -Wduplicated-cond... yes
checking whether g++ accepts -Wnull-dereference... yes
checking whether g++ accepts -Wc++11-compat... yes
checking whether g++ accepts -Wzero-as-null-pointer-constant... yes
checking dpkg cpu type... amd64
checking dpkg operating system type... linux
checking dpkg architecture name... amd64
checking that generated files are newer than configure... done
configure: creating ./config.status
config.status: creating Makefile
config.status: creating t-func/Makefile
config.status: creating t-func/atlocal
config.status: creating dpkg-deb/Makefile
config.status: creating dpkg-split/Makefile
config.status: creating dselect/Makefile
config.status: creating dselect/methods/Makefile
config.status: creating dselect/po/Makefile.in
config.status: creating lib/Makefile
config.status: creating lib/compat/Makefile
config.status: creating lib/dpkg/Makefile
config.status: creating lib/dpkg/libdpkg.pc
config.status: creating lib/dpkg/t/Makefile
config.status: creating doc/Doxyfile
config.status: creating man/Makefile
config.status: creating po/Makefile.in
config.status: creating scripts/Makefile
config.status: creating scripts/mk/Makefile
config.status: creating scripts/po/Makefile.in
config.status: creating src/Makefile
config.status: creating utils/Makefile
config.status: creating config.h
config.status: executing depfiles commands
config.status: executing po-directories commands
config.status: creating dselect/po/POTFILES
config.status: creating dselect/po/Makefile
config.status: creating po/POTFILES
config.status: creating po/Makefile
config.status: creating scripts/po/POTFILES
config.status: creating scripts/po/Makefile
config.status: executing libtool commands
config.status: executing t-func/atconfig commands
Configuration:
  Features:
    native language support . . . : yes
    unicode support . . . . . . . : yes
    development documentation . . : yes
    code coverage . . . . . . . . : no
    build shared libraries  . . . : no
    mmap loaders  . . . . . . . . : no
    disk pre-allocation . . . . . : no
    default dpkg-deb compressor . : xz
  Paths:
    devlibdir . . . . . . . . . . : /usr/lib64
    pkgconfdir  . . . . . . . . . : /etc/dpkg
    admindir  . . . . . . . . . . : /var/lib/dpkg
    logdir  . . . . . . . . . . . : /var/log
    perl interpreter  . . . . . . : /usr/bin/perl
    perl libdir . . . . . . . . . : $(prefix)/lib/perl5/vendor_perl/5.28.2
  Programs:
    update-alternatives . . . . . : yes
    start-stop-daemon . . . . . . : yes
    dselect . . . . . . . . . . . : yes
  System Libraries:
    libps . . . . . . . . . . . . : no
    libkvm  . . . . . . . . . . . : no
    libselinux  . . . . . . . . . : no
    libmd . . . . . . . . . . . . : no
    libz  . . . . . . . . . . . . : yes
    liblzma . . . . . . . . . . . : yes
    libbz2  . . . . . . . . . . . : yes
    libcurses . . . . . . . . . . : yes
+ make -j4
make  all-recursive
make[1]: Entering directory '/builddir/build/BUILD/dpkg-1.18.24'
Making all in lib
make[2]: Entering directory '/builddir/build/BUILD/dpkg-1.18.24/lib'
Making all in compat
make[3]: Entering directory '/builddir/build/BUILD/dpkg-1.18.24/lib/compat'
  CC       libcompat_test_la-strnlen.lo
  CC       libcompat_test_la-strndup.lo
  CC       libcompat_test_la-strsignal.lo
  CC       libcompat_test_la-snprintf.lo
  CC       libcompat_test_la-vsnprintf.lo
  CC       libcompat_test_la-asprintf.lo
  CC       libcompat_test_la-vasprintf.lo
  CC       libcompat_test_la-alphasort.lo
  CC       libcompat_test_la-scandir.lo
  CC       libcompat_test_la-unsetenv.lo
  CC       libcompat_test_la-strerror.lo
  CC       md5.lo
  CCLD     libcompat.la
  CCLD     libcompat-test.la
/usr/bin/ar: `u' modifier ignored since `D' is the default (see `U')
/usr/bin/ar: `u' modifier ignored since `D' is the default (see `U')
make[3]: Leaving directory '/builddir/build/BUILD/dpkg-1.18.24/lib/compat'
Making all in dpkg
make[3]: Entering directory '/builddir/build/BUILD/dpkg-1.18.24/lib/dpkg'
Making all in .
make[4]: Entering directory '/builddir/build/BUILD/dpkg-1.18.24/lib/dpkg'
  CC       ar.lo
  CC       arch.lo
  CC       atomic-file.lo
  CC       buffer.lo
  CC       c-ctype.lo
  CC       cleanup.lo
  CC       color.lo
  CC       command.lo
  CC       compress.lo
  CC       dbdir.lo
  CC       dbmodify.lo
  CC       deb-version.lo
  CC       debug.lo
  CC       depcon.lo
  CC       dir.lo
  CC       dump.lo
  CC       ehandle.lo
  CC       error.lo
  CC       fdio.lo
  CC       file.lo
  CC       fields.lo
  CC       glob.lo
  CC       i18n.lo
In file included from ../../lib/dpkg/dpkg.h:114,
                 from file.c:33:
file.c: In function ‘file_show’:
../../lib/dpkg/ehandle.h:76:24: warning: ‘%s’ directive argument is null [-Wformat-overflow=]
   76 | #define internerr(...) do_internerr(__FILE__, __LINE__, __func__, __VA_ARGS__)
      |                        ^~~~~~~~~~~~~~~~~~~~~~~~~~~~~~~~~~~~~~~~~~~~~~~~~~~~~~~
file.c:162:20: note: format string is defined here
  162 |   internerr("file '%s' does not exist", filename);
      |                    ^~
  CC       log.lo
  CC       mlib.lo
  CC       namevalue.lo
  CC       nfmalloc.lo
  CC       options.lo
  CC       options-parsers.lo
  CC       parse.lo
  CC       parsehelp.lo
  CC       path.lo
  CC       path-remove.lo
  CC       pkg.lo
  CC       pkg-db.lo
  CC       pkg-array.lo
  CC       pkg-format.lo
  CC       pkg-list.lo
  CC       pkg-namevalue.lo
  CC       pkg-queue.lo
  CC       pkg-show.lo
  CC       pkg-spec.lo
  CC       progname.lo
  CC       program.lo
  CC       progress.lo
  CC       report.lo
  CC       string.lo
  CC       strhash.lo
  CC       strwide.lo
  CC       subproc.lo
  CC       tarfn.lo
  CC       treewalk.lo
  CC       trigname.lo
  CC       trignote.lo
  CC       triglib.lo
  CC       trigdeferred.lo
  CC       utils.lo
  CC       varbuf.lo
  CC       version.lo
  CCLD     libdpkg.la
/usr/bin/ar: `u' modifier ignored since `D' is the default (see `U')
make[4]: Leaving directory '/builddir/build/BUILD/dpkg-1.18.24/lib/dpkg'
Making all in t
make[4]: Entering directory '/builddir/build/BUILD/dpkg-1.18.24/lib/dpkg/t'
make[4]: Nothing to be done for 'all'.
make[4]: Leaving directory '/builddir/build/BUILD/dpkg-1.18.24/lib/dpkg/t'
make[3]: Leaving directory '/builddir/build/BUILD/dpkg-1.18.24/lib/dpkg'
make[3]: Entering directory '/builddir/build/BUILD/dpkg-1.18.24/lib'
make[3]: Nothing to be done for 'all-am'.
make[3]: Leaving directory '/builddir/build/BUILD/dpkg-1.18.24/lib'
make[2]: Leaving directory '/builddir/build/BUILD/dpkg-1.18.24/lib'
Making all in dpkg-deb
make[2]: Entering directory '/builddir/build/BUILD/dpkg-1.18.24/dpkg-deb'
  CC       build.o
  CC       extract.o
  CC       info.o
  CC       main.o
  CCLD     dpkg-deb
make[2]: Leaving directory '/builddir/build/BUILD/dpkg-1.18.24/dpkg-deb'
Making all in dpkg-split
make[2]: Entering directory '/builddir/build/BUILD/dpkg-1.18.24/dpkg-split'
  CC       info.o
  CC       join.o
  CC       main.o
  CC       queue.o
  CC       split.o
  CCLD     dpkg-split
split.c: In function 'mksplit':
split.c:233:48: warning: 'pkg' may be used uninitialized in this function [-Wmaybe-uninitialized]
  233 |                 curpart, nparts, pkg->available.arch->name);
      |                                                ^
split.c:61:18: note: 'pkg' was declared here
   61 |  struct pkginfo *pkg;
      |                  ^
make[2]: Leaving directory '/builddir/build/BUILD/dpkg-1.18.24/dpkg-split'
Making all in src
make[2]: Entering directory '/builddir/build/BUILD/dpkg-1.18.24/src'
  CC       archives.o
  CC       cleanup.o
  CC       configure.o
  CC       depcon.o
  CC       enquiry.o
  CC       errors.o
  CC       filesdb.o
  CC       filesdb-hash.o
  CC       file-match.o
  CC       filters.o
  CC       infodb-access.o
  CC       infodb-format.o
  CC       infodb-upgrade.o
  CC       divertdb.o
  CC       statdb.o
  CC       help.o
  CC       main.o
  CC       packages.o
  CC       remove.o
  CC       script.o
  CC       select.o
  CC       selinux.o
  CC       trigproc.o
  CC       unpack.o
  CC       update.o
  CC       verify.o
  CC       divertcmd.o
  CC       querycmd.o
  CC       statcmd.o
  CC       trigcmd.o
  CCLD     dpkg
  CCLD     dpkg-divert
  CCLD     dpkg-query
  CCLD     dpkg-statoverride
  CCLD     dpkg-trigger
filesdb.c: In function 'ensure_allinstfiles_available.part.0':
progress.c:72:14: warning: 'MEM[(struct progress *)&progress + 20B]' may be used uninitialized in this function [-Wmaybe-uninitialized]
filesdb.c:402:19: note: 'MEM[(struct progress *)&progress + 20B]' was declared here
  402 |   struct progress progress;
      |                   ^
progress.c:58:14: warning: 'progress.max' may be used uninitialized in this function [-Wmaybe-uninitialized]
filesdb.c:402:19: note: 'progress.max' was declared here
  402 |   struct progress progress;
      |                   ^
filesdb.c: In function 'ensure_allinstfiles_available.part.0':
progress.c:72:14: warning: 'MEM[(struct progress *)&progress + 20B]' may be used uninitialized in this function [-Wmaybe-uninitialized]
filesdb.c:402:19: note: 'MEM[(struct progress *)&progress + 20B]' was declared here
  402 |   struct progress progress;
      |                   ^
progress.c:58:14: warning: 'progress.max' may be used uninitialized in this function [-Wmaybe-uninitialized]
filesdb.c:402:19: note: 'progress.max' was declared here
  402 |   struct progress progress;
      |                   ^
unpack.c: In function 'process_archive':
unpack.c:774:25: warning: 'pkg' may be used uninitialized in this function [-Wmaybe-uninitialized]
  774 |   pkg->installed.origin = pkg->available.origin;
      |                         ^
unpack.c:1076:19: note: 'pkg' was declared here
 1076 |   struct pkginfo *pkg, *otherpkg;
      |                   ^
make[2]: Leaving directory '/builddir/build/BUILD/dpkg-1.18.24/src'
Making all in utils
make[2]: Entering directory '/builddir/build/BUILD/dpkg-1.18.24/utils'
  CC       update_alternatives-update-alternatives.o
  CC       start-stop-daemon.o
  CCLD     update-alternatives
In file included from start-stop-daemon.c:62:
/usr/include/sys/sysctl.h:21:2: warning: #warning "The <sys/sysctl.h> header is deprecated and will be removed." [-Wcpp]
   21 | #warning "The <sys/sysctl.h> header is deprecated and will be removed."
      |  ^~~~~~~
  CCLD     start-stop-daemon
make[2]: Leaving directory '/builddir/build/BUILD/dpkg-1.18.24/utils'
Making all in dselect
make[2]: Entering directory '/builddir/build/BUILD/dpkg-1.18.24/dselect'
Making all in methods
make[3]: Entering directory '/builddir/build/BUILD/dpkg-1.18.24/dselect/methods'
  GEN      ftp/setup
  GEN      ftp/update
  GEN      ftp/install
make[3]: Leaving directory '/builddir/build/BUILD/dpkg-1.18.24/dselect/methods'
Making all in po
make[3]: Entering directory '/builddir/build/BUILD/dpkg-1.18.24/dselect/po'
make[3]: Nothing to be done for 'all'.
make[3]: Leaving directory '/builddir/build/BUILD/dpkg-1.18.24/dselect/po'
make[3]: Entering directory '/builddir/build/BUILD/dpkg-1.18.24/dselect'
  CXX      basecmds.o
  CXX      cxx-support.o
  CXX      baselist.o
  CXX      basetop.o
  CXX      bindings.o
  GEN      curkeys.h
  CXX      helpmsgs.o
  CXX      main.o
  CXX      methkeys.o
  CXX      methlist.o
  CXX      method.o
  CXX      methparse.o
  CXX      pkgcmds.o
  CXX      pkgdepcon.o
  CXX      pkgdisplay.o
  CXX      pkginfo.o
  CXX      pkgkeys.o
  CXX      pkglist.o
  CXX      pkgsublist.o
  CXX      pkgtop.o
  CXX      curkeys.o
  CXXLD    dselect
make[3]: Leaving directory '/builddir/build/BUILD/dpkg-1.18.24/dselect'
make[2]: Leaving directory '/builddir/build/BUILD/dpkg-1.18.24/dselect'
Making all in scripts
make[2]: Entering directory '/builddir/build/BUILD/dpkg-1.18.24/scripts'
Making all in mk
make[3]: Entering directory '/builddir/build/BUILD/dpkg-1.18.24/scripts/mk'
make[3]: Nothing to be done for 'all'.
make[3]: Leaving directory '/builddir/build/BUILD/dpkg-1.18.24/scripts/mk'
Making all in po
make[3]: Entering directory '/builddir/build/BUILD/dpkg-1.18.24/scripts/po'
make[3]: Nothing to be done for 'all'.
make[3]: Leaving directory '/builddir/build/BUILD/dpkg-1.18.24/scripts/po'
make[3]: Entering directory '/builddir/build/BUILD/dpkg-1.18.24/scripts'
make[3]: Nothing to be done for 'all-am'.
make[3]: Leaving directory '/builddir/build/BUILD/dpkg-1.18.24/scripts'
make[2]: Leaving directory '/builddir/build/BUILD/dpkg-1.18.24/scripts'
Making all in t-func
make[2]: Entering directory '/builddir/build/BUILD/dpkg-1.18.24/t-func'
make[2]: Nothing to be done for 'all'.
make[2]: Leaving directory '/builddir/build/BUILD/dpkg-1.18.24/t-func'
Making all in po
make[2]: Entering directory '/builddir/build/BUILD/dpkg-1.18.24/po'
make[2]: Nothing to be done for 'all'.
make[2]: Leaving directory '/builddir/build/BUILD/dpkg-1.18.24/po'
Making all in man
make[2]: Entering directory '/builddir/build/BUILD/dpkg-1.18.24/man'
  MANGEN dselect.cfg.5
  MANGEN dselect.1
  MANGEN update-alternatives.1
make[2]: Leaving directory '/builddir/build/BUILD/dpkg-1.18.24/man'
make[2]: Entering directory '/builddir/build/BUILD/dpkg-1.18.24'
make[2]: Leaving directory '/builddir/build/BUILD/dpkg-1.18.24'
make[1]: Leaving directory '/builddir/build/BUILD/dpkg-1.18.24'
+ exit 0
Executing(%install): /bin/sh -e /var/tmp/rpm-tmp.uia8km
+ umask 022
+ cd /builddir/build/BUILD
+ cd dpkg-1.18.24
+ LANG=en_US.UTF-8
+ export LANG
+ unset DISPLAY
+ unset PYTHONOPTIMIZE
+ rm -rf /builddir/build/BUILDROOT/dpkg-1.18.24-1.x86_64
+ mkdir -p /builddir/build/BUILDROOT/dpkg-1.18.24-1.x86_64
+ export SOURCE_DATE_EPOCH=1567157048
+ SOURCE_DATE_EPOCH=1567157048
+ rm -rf /builddir/build/BUILDROOT/dpkg-1.18.24-1.x86_64
+ install -d -m 755 /builddir/build/BUILDROOT/dpkg-1.18.24-1.x86_64/usr/bin/
+ install -p -D -m 700 utils/start-stop-daemon /builddir/build/BUILDROOT/dpkg-1.18.24-1.x86_64/usr/bin//start-stop-daemon
+ rm -f /builddir/build/BUILDROOT/dpkg-1.18.24-1.x86_64/usr/share/info/dir
++ find /builddir/build/BUILDROOT/dpkg-1.18.24-1.x86_64 -path 'etc/*' '!' -type d
+ test -z ''
+ rm -rf '/builddir/build/BUILDROOT/dpkg-1.18.24-1.x86_64/etc/*'
+ rm -rf '/builddir/build/BUILDROOT/dpkg-1.18.24-1.x86_64/usr/share/factory/*'
+ find /builddir/build/BUILDROOT/dpkg-1.18.24-1.x86_64 -name __pycache__
+ xargs rm -rf --
+ '[' -d /builddir/build/BUILDROOT/dpkg-1.18.24-1.x86_64/usr/share/mime ']'
++ getconf _NPROCESSORS_ONLN
+ RPM_XARGS_PFLAG=-P4
+ find /builddir/build/BUILDROOT/dpkg-1.18.24-1.x86_64 -name '*.so.avx512' -print0
+ xargs -0rtn1 -P4 python /usr/share/clr-avx-tools/avxjudge.py -q -5
+ find /builddir/build/BUILDROOT/dpkg-1.18.24-1.x86_64/usr/lib64/haswell/avx512_1 -name '*.so*' -print0
find: ‘/builddir/build/BUILDROOT/dpkg-1.18.24-1.x86_64/usr/lib64/haswell/avx512_1’: No such file or directory
+ find /builddir/build/BUILDROOT/dpkg-1.18.24-1.x86_64 -name '*.so.avx2' -print0
+ xargs -0rtn1 -P4 python /usr/share/clr-avx-tools/avxjudge.py -q -2
+ find /builddir/build/BUILDROOT/dpkg-1.18.24-1.x86_64/usr/lib64/haswell '!' -path '/usr/lib64/haswell/avx512_1/*' -name '*.so*' -print0
find: ‘/builddir/build/BUILDROOT/dpkg-1.18.24-1.x86_64/usr/lib64/haswell’: No such file or directory
+ find /builddir/build/BUILDROOT/dpkg-1.18.24-1.x86_64/usr/lib64/ -maxdepth 1 -name '*.so*' -type f -print0
+ xargs -0rtn1 -P4 /usr/lib/rpm/clr/brp-create-abi
+ sort -u
find: ‘/builddir/build/BUILDROOT/dpkg-1.18.24-1.x86_64/usr/lib64/’: No such file or directory
+ /usr/lib/rpm/find-debuginfo.sh --strict-build-id /builddir/build/BUILD/dpkg-1.18.24
extracting debug info from /builddir/build/BUILDROOT/dpkg-1.18.24-1.x86_64/usr/bin/start-stop-daemon
cpio: glibc-2.30/csu: Cannot stat: No such file or directory
cpio: glibc-2.30/csu/elf-init.c: Cannot stat: No such file or directory
cpio: glibc-2.30/csu/init.c: Cannot stat: No such file or directory
cpio: glibc-2.30/sysdeps/x86_64/crti.S: Cannot stat: No such file or directory
cpio: glibc-2.30/sysdeps/x86_64/crtn.S: Cannot stat: No such file or directory
cpio: glibc-2.30/sysdeps/x86_64/start.S: Cannot stat: No such file or directory
112 blocks
+ '[' -d /builddir/build/BUILDROOT/dpkg-1.18.24-1.x86_64/usr/lib/debug ']'
+ mkdir -p /builddir/build/BUILDROOT/dpkg-1.18.24-1.x86_64/usr/share
+ '[' -d /builddir/build/BUILDROOT/dpkg-1.18.24-1.x86_64/usr/lib/debug ']'
+ mv /builddir/build/BUILDROOT/dpkg-1.18.24-1.x86_64/usr/lib/debug /builddir/build/BUILDROOT/dpkg-1.18.24-1.x86_64/usr/share
+ '[' -d /builddir/build/BUILDROOT/dpkg-1.18.24-1.x86_64/usr/src/debug ']'
+ mv /builddir/build/BUILDROOT/dpkg-1.18.24-1.x86_64/usr/src/debug /builddir/build/BUILDROOT/dpkg-1.18.24-1.x86_64/usr/share/debug/src
+ '[' -d /builddir/build/BUILDROOT/dpkg-1.18.24-1.x86_64/usr/lib/debug.force ']'
+ :
+ '[' -d /builddir/build/BUILDROOT/dpkg-1.18.24-1.x86_64/usr/src/debug.force ']'
+ :
+ /usr/lib/rpm/check-buildroot
+ /usr/lib/rpm/clr/brp-strip-static-archive /usr/bin/strip
+ /usr/lib/rpm/clr/brp-strip-comment-note /usr/bin/strip /usr/bin/objdump
+ /usr/lib/rpm/clr/brp-python-bytecompile
+ xargs -0 touch -h -d @1567157048
+ find /builddir/build/BUILDROOT/dpkg-1.18.24-1.x86_64 -print0
+ /usr/lib/rpm/clr/brp-java-repack-jars
Executing(%check): /bin/sh -e /var/tmp/rpm-tmp.MHC2Ql
+ umask 022
+ cd /builddir/build/BUILD
+ cd dpkg-1.18.24
+ LANG=en_US.UTF-8
+ export LANG
+ unset DISPLAY
+ unset PYTHONOPTIMIZE
+ export LANG=C.UTF-8
+ LANG=C.UTF-8
+ export http_proxy=http://127.0.0.1:9/
+ http_proxy=http://127.0.0.1:9/
+ export https_proxy=http://127.0.0.1:9/
+ https_proxy=http://127.0.0.1:9/
+ export no_proxy=localhost,127.0.0.1,0.0.0.0
+ no_proxy=localhost,127.0.0.1,0.0.0.0
+ export LANG=C.UTF-8
+ LANG=C.UTF-8
+ exit 0
Processing files: dpkg-1.18.24-1.x86_64
Processing files: dpkg-debuginfo-1.18.24-1.x86_64
Processing files: dpkg-abi-1.18.24-1.x86_64
warning: Empty %files file /builddir/build/BUILD/dpkg-1.18.24/abifiles.list
Checking for unpackaged file(s): /usr/lib/rpm/check-files /builddir/build/BUILDROOT/dpkg-1.18.24-1.x86_64
RPM build errors:
error: Installed (but unpackaged) file(s) found:
   /usr/bin/start-stop-daemon
    Empty %files file /builddir/build/BUILD/dpkg-1.18.24/abifiles.list
    Installed (but unpackaged) file(s) found:
   /usr/bin/start-stop-daemon
Child return code was: 1
EXCEPTION: Command failed. See logs for output.
 # bash --login -c /usr/bin/rpmbuild -bb --target x86_64 --nodeps  /builddir/build/SPECS/dpkg.spec 
Traceback (most recent call last):
  File "/usr/lib/python3.7/site-packages/mockbuild/trace_decorator.py", line 84, in trace
    result = func(*args, **kw)
  File "/usr/lib/python3.7/site-packages/mockbuild/util.py", line 531, in do
    raise exception.Error("Command failed. See logs for output.\n # %s" % (command,), child.returncode)
mockbuild.exception.Error: Command failed. See logs for output.
 # bash --login -c /usr/bin/rpmbuild -bb --target x86_64 --nodeps  /builddir/build/SPECS/dpkg.spec 
LEAVE do --> EXCEPTION RAISED

