Mock Version: 1.2.14
ENTER do(['bash', '--login', '-c', '/usr/bin/rpmbuild -bs --target x86_64 --nodeps /builddir/build/SPECS/setup.spec'], chrootPath='/var/lib/mock/clear-setup/root'env={'TERM': 'vt100', 'SHELL': '/bin/bash', 'HOME': '/builddir', 'HOSTNAME': 'mock', 'PATH': '/usr/bin:/bin:/usr/sbin:/sbin', 'LANG': 'en_US.UTF-8', 'CCACHE_DIR': '/var/tmp/ccache', 'CCACHE_UMASK': '002'}shell=Falselogger=<mockbuild.trace_decorator.getLog object at 0x7f7159644f50>timeout=0uid=1000gid=1000user='mockbuild'printOutput=False)
Executing command: ['bash', '--login', '-c', '/usr/bin/rpmbuild -bs --target x86_64 --nodeps /builddir/build/SPECS/setup.spec'] with env {'TERM': 'vt100', 'SHELL': '/bin/bash', 'HOME': '/builddir', 'HOSTNAME': 'mock', 'PATH': '/usr/bin:/bin:/usr/sbin:/sbin', 'LANG': 'en_US.UTF-8', 'CCACHE_DIR': '/var/tmp/ccache', 'CCACHE_UMASK': '002'} and shell False
Building target platforms: x86_64
Building for target x86_64
Wrote: /builddir/build/SRPMS/setup-2.8.71-1.src.rpm
Child return code was: 0
LEAVE do --> 

ENTER do(['bash', '--login', '-c', '/usr/bin/rpmbuild -bb --target x86_64 --nodeps  /builddir/build/SPECS/setup.spec '], chrootPath='/var/lib/mock/clear-setup/root'env={'TERM': 'vt100', 'SHELL': '/bin/bash', 'HOME': '/builddir', 'HOSTNAME': 'mock', 'PATH': '/usr/bin:/bin:/usr/sbin:/sbin', 'LANG': 'en_US.UTF-8', 'CCACHE_DIR': '/var/tmp/ccache', 'CCACHE_UMASK': '002'}shell=Falselogger=<mockbuild.trace_decorator.getLog object at 0x7f7159644f50>timeout=0uid=1000gid=1000user='mockbuild'private_network=TrueprintOutput=False)
Executing command: ['bash', '--login', '-c', '/usr/bin/rpmbuild -bb --target x86_64 --nodeps  /builddir/build/SPECS/setup.spec '] with env {'TERM': 'vt100', 'SHELL': '/bin/bash', 'HOME': '/builddir', 'HOSTNAME': 'mock', 'PATH': '/usr/bin:/bin:/usr/sbin:/sbin', 'LANG': 'en_US.UTF-8', 'CCACHE_DIR': '/var/tmp/ccache', 'CCACHE_UMASK': '002'} and shell False
Building target platforms: x86_64
Building for target x86_64
Executing(%prep): /bin/sh -e /var/tmp/rpm-tmp.aLMGdg
+ umask 022
+ cd /builddir/build/BUILD
+ LANG=en_US.UTF-8
+ export LANG
+ unset DISPLAY
+ cd /builddir/build/BUILD
+ rm -rf setup-2.8.71
+ /usr/bin/bzip2 -dc /builddir/build/SOURCES/setup-2.8.71.tar.bz2
+ /usr/bin/tar -xf -
+ STATUS=0
+ '[' 0 -ne 0 ']'
+ cd setup-2.8.71
+ /usr/bin/chmod -Rf a+rX,u+w,g-w,o-w .
Patch #1 (setup-2.8.71-securetty-mainframes.patch):
+ echo 'Patch #1 (setup-2.8.71-securetty-mainframes.patch):'
+ /usr/bin/cat /builddir/build/SOURCES/setup-2.8.71-securetty-mainframes.patch
+ /usr/bin/patch -p1 --fuzz=2
patching file securetty
Patch #2 (setup-2.8.71-bashrc-shellvar.patch):
+ echo 'Patch #2 (setup-2.8.71-bashrc-shellvar.patch):'
+ /usr/bin/cat /builddir/build/SOURCES/setup-2.8.71-bashrc-shellvar.patch
+ /usr/bin/patch -p1 --fuzz=2
patching file bashrc
+ echo 'Patch #3 (setup-2.8.71-uidgidchanges.patch):'
Patch #3 (setup-2.8.71-uidgidchanges.patch):
+ /usr/bin/cat /builddir/build/SOURCES/setup-2.8.71-uidgidchanges.patch
+ /usr/bin/patch -p1 --fuzz=2
patching file uidgid
+ echo 'Patch #4 (setup-2.8.71-filesystems.patch):'
Patch #4 (setup-2.8.71-filesystems.patch):
+ /usr/bin/cat /builddir/build/SOURCES/setup-2.8.71-filesystems.patch
+ /usr/bin/patch -p1 --fuzz=2
patching file filesystems
+ echo 'Patch #5 (setup-2.8.71-fullpath.patch):'
Patch #5 (setup-2.8.71-fullpath.patch):
+ /usr/bin/cat /builddir/build/SOURCES/setup-2.8.71-fullpath.patch
+ /usr/bin/patch -p1 --fuzz=2
patching file bashrc
patching file csh.cshrc
patching file profile
+ echo 'Patch #6 (setup-2.8.71-tapeid.patch):'
Patch #6 (setup-2.8.71-tapeid.patch):
+ /usr/bin/cat /builddir/build/SOURCES/setup-2.8.71-tapeid.patch
+ /usr/bin/patch -p1 --fuzz=2
patching file group
Patch #7 (setup-2.8.71-shlocal.patch):
+ echo 'Patch #7 (setup-2.8.71-shlocal.patch):'
+ /usr/bin/cat /builddir/build/SOURCES/setup-2.8.71-shlocal.patch
+ /usr/bin/patch -p1 --fuzz=2
patching file csh.login
patching file profile
+ echo 'Patch #8 (setup-2.8.71-protocolscrudp.patch):'
Patch #8 (setup-2.8.71-protocolscrudp.patch):
+ /usr/bin/cat /builddir/build/SOURCES/setup-2.8.71-protocolscrudp.patch
+ /usr/bin/patch -p1 --fuzz=2
patching file protocols
+ echo 'Patch #9 (setup-2.8.71-shellsnologin.patch):'
Patch #9 (setup-2.8.71-shellsnologin.patch):
+ /usr/bin/cat /builddir/build/SOURCES/setup-2.8.71-shellsnologin.patch
+ /usr/bin/patch -p1 --fuzz=2
patching file shells
+ echo 'Patch #10 (0001-Change-group-passwd-and-uidgid.patch):'
Patch #10 (0001-Change-group-passwd-and-uidgid.patch):
+ /usr/bin/cat /builddir/build/SOURCES/0001-Change-group-passwd-and-uidgid.patch
+ /usr/bin/patch -p1 --fuzz=2
patching file group
patching file passwd
patching file uidgid
+ echo 'Patch #11 (0001-fix-Makefile-command.patch):'
Patch #11 (0001-fix-Makefile-command.patch):
+ /usr/bin/cat /builddir/build/SOURCES/0001-fix-Makefile-command.patch
+ /usr/bin/patch -p1 --fuzz=2
patching file Makefile
+ exit 0
Executing(%build): /bin/sh -e /var/tmp/rpm-tmp.WaPXOg
+ umask 022
+ cd /builddir/build/BUILD
+ cd setup-2.8.71
+ LANG=en_US.UTF-8
+ export LANG
+ unset DISPLAY
+ unset PYTHONOPTIMIZE
+ CFLAGS='-O2 -g -feliminate-unused-debug-types -pipe -Wall -Wp,-D_FORTIFY_SOURCE=2 -fexceptions -fstack-protector --param=ssp-buffer-size=32 -Wformat -Wformat-security -Wl,-z,now,-z,relro,-z,max-page-size=0x1000,-z,separate-code -Wno-error -ftree-vectorize -ftree-slp-vectorize -Wl,--enable-new-dtags -fcf-protection=return -m64 -march=westmere -mtune=haswell -fasynchronous-unwind-tables -fno-omit-frame-pointer -Wp,-D_REENTRANT'
+ export CFLAGS
+ http_proxy=http://127.0.0.1:9/
+ export http_proxy
+ https_proxy=http://127.0.0.1:9/
+ export https_proxy
+ ftp_proxy=http://127.0.0.1:9/
+ export ftp_proxy
+ no_proxy=localhost,127.0.0.1,0.0.0.0
+ export no_proxy
+ CXXFLAGS='-O2 -g -feliminate-unused-debug-types -pipe -Wall -Wp,-D_FORTIFY_SOURCE=2 -fexceptions -fstack-protector --param=ssp-buffer-size=32 -Wformat -Wformat-security -Wl,-z,now,-z,relro,-z,max-page-size=0x1000,-z,separate-code -Wno-error -ftree-vectorize -ftree-slp-vectorize -Wl,--enable-new-dtags -fcf-protection=return -m64 -march=westmere -mtune=haswell -fasynchronous-unwind-tables -fno-omit-frame-pointer -Wp,-D_REENTRANT'
+ export CXXFLAGS
+ FFLAGS='-g -O3 -feliminate-unused-debug-types  -pipe -Wall -Wp,-D_FORTIFY_SOURCE=2 -fexceptions -fstack-protector --param=ssp-buffer-size=32 -m64 -fasynchronous-unwind-tables -Wp,-D_REENTRANT -ftree-loop-distribute-patterns -Wl,-z -Wl,now -Wl,-z -Wl,relro -malign-data=abi -fno-semantic-interposition -ftree-vectorize  -ftree-loop-vectorize -Wl,--enable-new-dtags '
+ export FFLAGS
+ LD_AS_NEEDED=1
+ export LD_AS_NEEDED
+ PKG_CONFIG_LIBDIR=/usr/lib64/pkgconfig
+ export PKG_CONFIG_LIBDIR
+ PATH=/usr/lib64/ccache/bin:/usr/local/bin:/usr/bin
+ export PATH
+ export http_proxy=http://127.0.0.1:9/
+ http_proxy=http://127.0.0.1:9/
+ export https_proxy=http://127.0.0.1:9/
+ https_proxy=http://127.0.0.1:9/
+ export no_proxy=localhost,127.0.0.1,0.0.0.0
+ no_proxy=localhost,127.0.0.1,0.0.0.0
+ export LANG=C.UTF-8
+ LANG=C.UTF-8
+ export SOURCE_DATE_EPOCH=1569225743
+ SOURCE_DATE_EPOCH=1569225743
+ export GCC_IGNORE_WERROR=1
+ GCC_IGNORE_WERROR=1
+ export AR=gcc-ar
+ AR=gcc-ar
+ export RANLIB=gcc-ranlib
+ RANLIB=gcc-ranlib
+ export NM=gcc-nm
+ NM=gcc-nm
+ export 'CFLAGS=-O2 -g -feliminate-unused-debug-types -pipe -Wall -Wp,-D_FORTIFY_SOURCE=2 -fexceptions -fstack-protector --param=ssp-buffer-size=32 -Wformat -Wformat-security -Wl,-z,now,-z,relro,-z,max-page-size=0x1000,-z,separate-code -Wno-error -ftree-vectorize -ftree-slp-vectorize -Wl,--enable-new-dtags -fcf-protection=return -m64 -march=westmere -mtune=haswell -fasynchronous-unwind-tables -fno-omit-frame-pointer -Wp,-D_REENTRANT -O3 -ffat-lto-objects -flto=4 '
+ CFLAGS='-O2 -g -feliminate-unused-debug-types -pipe -Wall -Wp,-D_FORTIFY_SOURCE=2 -fexceptions -fstack-protector --param=ssp-buffer-size=32 -Wformat -Wformat-security -Wl,-z,now,-z,relro,-z,max-page-size=0x1000,-z,separate-code -Wno-error -ftree-vectorize -ftree-slp-vectorize -Wl,--enable-new-dtags -fcf-protection=return -m64 -march=westmere -mtune=haswell -fasynchronous-unwind-tables -fno-omit-frame-pointer -Wp,-D_REENTRANT -O3 -ffat-lto-objects -flto=4 '
+ export 'FCFLAGS=-O2 -g -feliminate-unused-debug-types -pipe -Wall -Wp,-D_FORTIFY_SOURCE=2 -fexceptions -fstack-protector --param=ssp-buffer-size=32 -Wformat -Wformat-security -Wl,-z,now,-z,relro,-z,max-page-size=0x1000,-z,separate-code -Wno-error -ftree-vectorize -ftree-slp-vectorize -Wl,--enable-new-dtags -fcf-protection=return -m64 -march=westmere -mtune=haswell -fasynchronous-unwind-tables -fno-omit-frame-pointer -Wp,-D_REENTRANT -O3 -ffat-lto-objects -flto=4  -O3 -ffat-lto-objects -flto=4 '
+ FCFLAGS='-O2 -g -feliminate-unused-debug-types -pipe -Wall -Wp,-D_FORTIFY_SOURCE=2 -fexceptions -fstack-protector --param=ssp-buffer-size=32 -Wformat -Wformat-security -Wl,-z,now,-z,relro,-z,max-page-size=0x1000,-z,separate-code -Wno-error -ftree-vectorize -ftree-slp-vectorize -Wl,--enable-new-dtags -fcf-protection=return -m64 -march=westmere -mtune=haswell -fasynchronous-unwind-tables -fno-omit-frame-pointer -Wp,-D_REENTRANT -O3 -ffat-lto-objects -flto=4  -O3 -ffat-lto-objects -flto=4 '
+ export 'FFLAGS=-O2 -g -feliminate-unused-debug-types -pipe -Wall -Wp,-D_FORTIFY_SOURCE=2 -fexceptions -fstack-protector --param=ssp-buffer-size=32 -Wformat -Wformat-security -Wl,-z,now,-z,relro,-z,max-page-size=0x1000,-z,separate-code -Wno-error -ftree-vectorize -ftree-slp-vectorize -Wl,--enable-new-dtags -fcf-protection=return -m64 -march=westmere -mtune=haswell -fasynchronous-unwind-tables -fno-omit-frame-pointer -Wp,-D_REENTRANT -O3 -ffat-lto-objects -flto=4  -O3 -ffat-lto-objects -flto=4 '
+ FFLAGS='-O2 -g -feliminate-unused-debug-types -pipe -Wall -Wp,-D_FORTIFY_SOURCE=2 -fexceptions -fstack-protector --param=ssp-buffer-size=32 -Wformat -Wformat-security -Wl,-z,now,-z,relro,-z,max-page-size=0x1000,-z,separate-code -Wno-error -ftree-vectorize -ftree-slp-vectorize -Wl,--enable-new-dtags -fcf-protection=return -m64 -march=westmere -mtune=haswell -fasynchronous-unwind-tables -fno-omit-frame-pointer -Wp,-D_REENTRANT -O3 -ffat-lto-objects -flto=4  -O3 -ffat-lto-objects -flto=4 '
+ export 'CXXFLAGS=-O2 -g -feliminate-unused-debug-types -pipe -Wall -Wp,-D_FORTIFY_SOURCE=2 -fexceptions -fstack-protector --param=ssp-buffer-size=32 -Wformat -Wformat-security -Wl,-z,now,-z,relro,-z,max-page-size=0x1000,-z,separate-code -Wno-error -ftree-vectorize -ftree-slp-vectorize -Wl,--enable-new-dtags -fcf-protection=return -m64 -march=westmere -mtune=haswell -fasynchronous-unwind-tables -fno-omit-frame-pointer -Wp,-D_REENTRANT -O3 -ffat-lto-objects -flto=4 '
+ CXXFLAGS='-O2 -g -feliminate-unused-debug-types -pipe -Wall -Wp,-D_FORTIFY_SOURCE=2 -fexceptions -fstack-protector --param=ssp-buffer-size=32 -Wformat -Wformat-security -Wl,-z,now,-z,relro,-z,max-page-size=0x1000,-z,separate-code -Wno-error -ftree-vectorize -ftree-slp-vectorize -Wl,--enable-new-dtags -fcf-protection=return -m64 -march=westmere -mtune=haswell -fasynchronous-unwind-tables -fno-omit-frame-pointer -Wp,-D_REENTRANT -O3 -ffat-lto-objects -flto=4 '
+ make -j4
Sanity checking selected files....
bash -n bashrc
bash -n profile
#tcsh -f csh.cshrc
#tcsh -f csh.login
./uidgidlint ./uidgid
./serviceslint ./services
+ exit 0
Executing(%install): /bin/sh -e /var/tmp/rpm-tmp.1KyIWf
+ umask 022
+ cd /builddir/build/BUILD
+ cd setup-2.8.71
+ LANG=en_US.UTF-8
+ export LANG
+ unset DISPLAY
+ unset PYTHONOPTIMIZE
+ rm -rf /builddir/build/BUILDROOT/setup-2.8.71-1.x86_64
+ mkdir -p /builddir/build/BUILDROOT/setup-2.8.71-1.x86_64
+ export SOURCE_DATE_EPOCH=1569225743
+ SOURCE_DATE_EPOCH=1569225743
+ rm -rf /builddir/build/BUILDROOT/setup-2.8.71-1.x86_64
+ mkdir -p /builddir/build/BUILDROOT/setup-2.8.71-1.x86_64/usr/local/etc/profile.d
+ cp -ar aliases bashrc COPYING csh.cshrc csh.login exports filesystems group host.conf hosts hosts.allow hosts.deny inputrc Makefile motd passwd printcap profile protocols securetty services serviceslint setup.spec shadowconvert.sh shells uidgid uidgidlint /builddir/build/BUILDROOT/setup-2.8.71-1.x86_64/usr/local/etc
+ rm -f /builddir/build/BUILDROOT/setup-2.8.71-1.x86_64/usr/local/etc/uidgid
+ rm -f /builddir/build/BUILDROOT/setup-2.8.71-1.x86_64/usr/local/etc/COPYING
+ mkdir -p /builddir/build/BUILDROOT/setup-2.8.71-1.x86_64/var/log
+ touch /builddir/build/BUILDROOT/setup-2.8.71-1.x86_64/var/log/lastlog
+ touch /builddir/build/BUILDROOT/setup-2.8.71-1.x86_64/usr/local/etc/environment
+ chmod 0644 /builddir/build/BUILDROOT/setup-2.8.71-1.x86_64/usr/local/etc/environment
+ chmod 0644 /builddir/build/BUILDROOT/setup-2.8.71-1.x86_64/var/log/lastlog
+ touch /builddir/build/BUILDROOT/setup-2.8.71-1.x86_64/usr/local/etc/fstab
+ touch /builddir/build/BUILDROOT/setup-2.8.71-1.x86_64/usr/local/etc/subuid
+ touch /builddir/build/BUILDROOT/setup-2.8.71-1.x86_64/usr/local/etc/subgid
+ mkdir -p /builddir/build/BUILDROOT/setup-2.8.71-1.x86_64/usr/local/etc/profile.d
+ echo '#Add any required envvar overrides to this file, it is sourced from /usr/local/etc/profile'
+ echo '#Add any required envvar overrides to this file, is sourced from /usr/local/etc/csh.login'
+ rm -f /builddir/build/BUILDROOT/setup-2.8.71-1.x86_64/usr/local/etc/Makefile
+ rm -f /builddir/build/BUILDROOT/setup-2.8.71-1.x86_64/usr/local/etc/serviceslint
+ rm -f /builddir/build/BUILDROOT/setup-2.8.71-1.x86_64/usr/local/etc/uidgidlint
+ rm -f /builddir/build/BUILDROOT/setup-2.8.71-1.x86_64/usr/local/etc/shadowconvert.sh
+ rm -f /builddir/build/BUILDROOT/setup-2.8.71-1.x86_64/usr/local/etc/setup.spec
+ rm -f /builddir/build/BUILDROOT/setup-2.8.71-1.x86_64/usr/local/etc/securetty.mainframe
+ rm -f /builddir/build/BUILDROOT/setup-2.8.71-1.x86_64/usr/local/etc/bashrc.envvar
+ rm -f '/builddir/build/BUILDROOT/setup-2.8.71-1.x86_64/usr/local/etc/*.orig'
+ rm -f /builddir/build/BUILDROOT/setup-2.8.71-1.x86_64/usr/share/info/dir
++ find /builddir/build/BUILDROOT/setup-2.8.71-1.x86_64 -path 'etc/*' '!' -type d
+ test -z ''
+ rm -rf '/builddir/build/BUILDROOT/setup-2.8.71-1.x86_64/etc/*'
+ rm -rf '/builddir/build/BUILDROOT/setup-2.8.71-1.x86_64/usr/share/factory/*'
+ find /builddir/build/BUILDROOT/setup-2.8.71-1.x86_64 -name __pycache__
+ xargs rm -rf --
+ '[' -d /builddir/build/BUILDROOT/setup-2.8.71-1.x86_64/usr/share/mime ']'
++ getconf _NPROCESSORS_ONLN
+ RPM_XARGS_PFLAG=-P4
+ find /builddir/build/BUILDROOT/setup-2.8.71-1.x86_64 -name '*.so.avx512' -print0
+ xargs -0rtn1 -P4 python /usr/share/clr-avx-tools/avxjudge.py -q -5
+ find /builddir/build/BUILDROOT/setup-2.8.71-1.x86_64/usr/lib64/haswell/avx512_1 -name '*.so*' -print0
find: ‘/builddir/build/BUILDROOT/setup-2.8.71-1.x86_64/usr/lib64/haswell/avx512_1’: No such file or directory
+ find /builddir/build/BUILDROOT/setup-2.8.71-1.x86_64 -name '*.so.avx2' -print0
+ xargs -0rtn1 -P4 python /usr/share/clr-avx-tools/avxjudge.py -q -2
+ find /builddir/build/BUILDROOT/setup-2.8.71-1.x86_64/usr/lib64/haswell '!' -path '/usr/lib64/haswell/avx512_1/*' -name '*.so*' -print0
find: ‘/builddir/build/BUILDROOT/setup-2.8.71-1.x86_64/usr/lib64/haswell’: No such file or directory
+ find /builddir/build/BUILDROOT/setup-2.8.71-1.x86_64/usr/lib64/ -maxdepth 1 -name '*.so*' -type f -print0
+ xargs -0rtn1 -P4 /usr/lib/rpm/clr/brp-create-abi
+ sort -u
find: ‘/builddir/build/BUILDROOT/setup-2.8.71-1.x86_64/usr/lib64/’: No such file or directory
+ /usr/lib/rpm/find-debuginfo.sh --strict-build-id /builddir/build/BUILD/setup-2.8.71
+ '[' -d /builddir/build/BUILDROOT/setup-2.8.71-1.x86_64/usr/lib/debug ']'
+ :
+ '[' -d /builddir/build/BUILDROOT/setup-2.8.71-1.x86_64/usr/lib/debug ']'
+ :
+ '[' -d /builddir/build/BUILDROOT/setup-2.8.71-1.x86_64/usr/src/debug ']'
+ :
+ '[' -d /builddir/build/BUILDROOT/setup-2.8.71-1.x86_64/usr/lib/debug.force ']'
+ :
+ '[' -d /builddir/build/BUILDROOT/setup-2.8.71-1.x86_64/usr/src/debug.force ']'
+ :
+ /usr/lib/rpm/check-buildroot
+ /usr/lib/rpm/clr/brp-strip-static-archive /usr/bin/strip
+ /usr/lib/rpm/clr/brp-strip-comment-note /usr/bin/strip /usr/bin/objdump
+ /usr/lib/rpm/clr/brp-python-bytecompile
+ xargs -0 touch -h -d @1569225743
+ find /builddir/build/BUILDROOT/setup-2.8.71-1.x86_64 -print0
+ /usr/lib/rpm/clr/brp-java-repack-jars
Processing files: setup-2.8.71-1.x86_64
Processing files: setup-debuginfo-2.8.71-1.x86_64
warning: Empty %files file /builddir/build/BUILD/setup-2.8.71/debugfiles.list
Processing files: setup-abi-2.8.71-1.x86_64
warning: Empty %files file /builddir/build/BUILD/setup-2.8.71/abifiles.list
Checking for unpackaged file(s): /usr/lib/rpm/check-files /builddir/build/BUILDROOT/setup-2.8.71-1.x86_64
error: Installed (but unpackaged) file(s) found:
   /usr/local/etc/aliases
   /usr/local/etc/bashrc
   /usr/local/etc/csh.cshrc
   /usr/local/etc/csh.login
   /usr/local/etc/environment
   /usr/local/etc/exports
   /usr/local/etc/filesystems
   /usr/local/etc/fstab
   /usr/local/etc/group
   /usr/local/etc/host.conf
   /usr/local/etc/hosts
   /usr/local/etc/hosts.allow
   /usr/local/etc/hosts.deny
   /usr/local/etc/inputrc
   /usr/local/etc/motd
   /usr/local/etc/passwd
   /usr/local/etc/printcap
   /usr/local/etc/profile
   /usr/local/etc/profile.d/csh.local
   /usr/local/etc/profile.d/sh.local
   /usr/local/etc/protocols
   /usr/local/etc/securetty
   /usr/local/etc/services
   /usr/local/etc/shells
   /usr/local/etc/subgid
   /usr/local/etc/subuid
   /var/log/lastlog
    Empty %files file /builddir/build/BUILD/setup-2.8.71/debugfiles.list
    Empty %files file /builddir/build/BUILD/setup-2.8.71/abifiles.list
    Installed (but unpackaged) file(s) found:
   /usr/local/etc/aliases
   /usr/local/etc/bashrc
   /usr/local/etc/csh.cshrc
   /usr/local/etc/csh.login
   /usr/local/etc/environment
   /usr/local/etc/exports
   /usr/local/etc/filesystems
   /usr/local/etc/fstab
   /usr/local/etc/group
   /usr/local/etc/host.conf
   /usr/local/etc/hosts
   /usr/local/etc/hosts.allow
   /usr/local/etc/hosts.deny
   /usr/local/etc/inputrc
   /usr/local/etc/motd
   /usr/local/etc/passwd
   /usr/local/etc/printcap
   /usr/local/etc/profile
   /usr/local/etc/profile.d/csh.local
   /usr/local/etc/profile.d/sh.local
   /usr/local/etc/protocols
   /usr/local/etc/securetty
   /usr/local/etc/services
   /usr/local/etc/shells
   /usr/local/etc/subgid
   /usr/local/etc/subuid
   /var/log/lastlog
RPM build errors:
Child return code was: 1
EXCEPTION: Command failed. See logs for output.
 # bash --login -c /usr/bin/rpmbuild -bb --target x86_64 --nodeps  /builddir/build/SPECS/setup.spec 
Traceback (most recent call last):
  File "/usr/lib/python3.7/site-packages/mockbuild/trace_decorator.py", line 84, in trace
    result = func(*args, **kw)
  File "/usr/lib/python3.7/site-packages/mockbuild/util.py", line 531, in do
    raise exception.Error("Command failed. See logs for output.\n # %s" % (command,), child.returncode)
mockbuild.exception.Error: Command failed. See logs for output.
 # bash --login -c /usr/bin/rpmbuild -bb --target x86_64 --nodeps  /builddir/build/SPECS/setup.spec 
LEAVE do --> EXCEPTION RAISED

