2019-09-05 07:09:28,292 - Mock Version: 1.2.14
2019-09-05 07:09:28,562 - Start: dnf update
2019-09-05 07:09:40,955 - Finish: dnf update
2019-09-05 07:09:40,961 - Finish: chroot init
2019-09-05 07:09:40,964 - Start: buildsrpm
2019-09-05 07:09:40,974 - Start: rpmbuild -bs
2019-09-05 07:09:41,011 - Finish: rpmbuild -bs
2019-09-05 07:09:41,013 - Finish: buildsrpm
2019-09-05 07:09:41,014 - Finish: run
2019-09-05 07:09:44,844 - Mock Version: 1.2.14
2019-09-05 07:09:45,090 - Start: dnf update
2019-09-05 07:09:57,453 - Finish: dnf update
2019-09-05 07:09:57,459 - Finish: chroot init
2019-09-05 07:09:57,460 - Start: build phase for inventory-1.0-2.src.rpm
2019-09-05 07:09:57,462 - Start: build setup for inventory-1.0-2.src.rpm
2019-09-05 07:10:05,747 - Finish: build setup for inventory-1.0-2.src.rpm
2019-09-05 07:10:05,747 - Start: rpmbuild inventory-1.0-2.src.rpm
2019-09-05 07:10:19,575 - Mock Version: 1.2.14
2019-09-05 07:10:19,804 - Start: dnf update
2019-09-05 07:10:32,239 - Finish: dnf update
2019-09-05 07:10:32,245 - Finish: chroot init
2019-09-05 07:10:32,248 - Start: buildsrpm
2019-09-05 07:10:32,258 - Start: rpmbuild -bs
2019-09-05 07:10:32,297 - Finish: rpmbuild -bs
2019-09-05 07:10:32,299 - Finish: buildsrpm
2019-09-05 07:10:32,300 - Finish: run
2019-09-05 07:10:36,160 - Mock Version: 1.2.14
2019-09-05 07:10:36,461 - Start: dnf update
2019-09-05 07:10:48,797 - Finish: dnf update
2019-09-05 07:10:48,803 - Finish: chroot init
2019-09-05 07:10:48,804 - Start: build phase for inventory-1.0-2.src.rpm
2019-09-05 07:10:48,807 - Start: build setup for inventory-1.0-2.src.rpm
2019-09-05 07:10:56,372 - Finish: build setup for inventory-1.0-2.src.rpm
2019-09-05 07:10:56,372 - Start: rpmbuild inventory-1.0-2.src.rpm
2019-09-05 07:11:04,277 - Finish: rpmbuild inventory-1.0-2.src.rpm
2019-09-05 07:11:04,278 - Finish: build phase for inventory-1.0-2.src.rpm
2019-09-05 07:11:04,279 - Finish: run
