Mock Version: 1.2.14
ENTER do(['bash', '--login', '-c', '/usr/bin/rpmbuild -bs --target x86_64 --nodeps /builddir/build/SPECS/distributedcloud-client.spec'], chrootPath='/var/lib/mock/clear-distributedcloud-client/root'env={'TERM': 'vt100', 'SHELL': '/bin/bash', 'HOME': '/builddir', 'HOSTNAME': 'mock', 'PATH': '/usr/bin:/bin:/usr/sbin:/sbin', 'LANG': 'en_US.UTF-8', 'CCACHE_DIR': '/var/tmp/ccache', 'CCACHE_UMASK': '002'}shell=Falselogger=<mockbuild.trace_decorator.getLog object at 0x7f8baf07e510>timeout=0uid=1000gid=1000user='mockbuild'printOutput=False)
Executing command: ['bash', '--login', '-c', '/usr/bin/rpmbuild -bs --target x86_64 --nodeps /builddir/build/SPECS/distributedcloud-client.spec'] with env {'TERM': 'vt100', 'SHELL': '/bin/bash', 'HOME': '/builddir', 'HOSTNAME': 'mock', 'PATH': '/usr/bin:/bin:/usr/sbin:/sbin', 'LANG': 'en_US.UTF-8', 'CCACHE_DIR': '/var/tmp/ccache', 'CCACHE_UMASK': '002'} and shell False
Building target platforms: x86_64
Building for target x86_64
Wrote: /builddir/build/SRPMS/distributedcloud-client-1.0.0-1.src.rpm
Child return code was: 0
LEAVE do --> 

ENTER do(['bash', '--login', '-c', '/usr/bin/rpmbuild -bb --target x86_64 --nodeps  /builddir/build/SPECS/distributedcloud-client.spec '], chrootPath='/var/lib/mock/clear-distributedcloud-client/root'env={'TERM': 'vt100', 'SHELL': '/bin/bash', 'HOME': '/builddir', 'HOSTNAME': 'mock', 'PATH': '/usr/bin:/bin:/usr/sbin:/sbin', 'LANG': 'en_US.UTF-8', 'CCACHE_DIR': '/var/tmp/ccache', 'CCACHE_UMASK': '002'}shell=Falselogger=<mockbuild.trace_decorator.getLog object at 0x7f8baf07e510>timeout=0uid=1000gid=1000user='mockbuild'private_network=TrueprintOutput=False)
Executing command: ['bash', '--login', '-c', '/usr/bin/rpmbuild -bb --target x86_64 --nodeps  /builddir/build/SPECS/distributedcloud-client.spec '] with env {'TERM': 'vt100', 'SHELL': '/bin/bash', 'HOME': '/builddir', 'HOSTNAME': 'mock', 'PATH': '/usr/bin:/bin:/usr/sbin:/sbin', 'LANG': 'en_US.UTF-8', 'CCACHE_DIR': '/var/tmp/ccache', 'CCACHE_UMASK': '002'} and shell False
Building target platforms: x86_64
Building for target x86_64
Executing(%prep): /bin/sh -e /var/tmp/rpm-tmp.9x0Tl9
+ umask 022
+ cd /builddir/build/BUILD
+ LANG=en_US.UTF-8
+ export LANG
+ unset DISPLAY
+ cd /builddir/build/BUILD
+ rm -rf distributedcloud-client-1.0.0
+ /usr/bin/gzip -dc /builddir/build/SOURCES/distributedcloud-client-1.0.0.tar.gz
+ /usr/bin/tar -xf -
+ STATUS=0
+ '[' 0 -ne 0 ']'
+ cd distributedcloud-client-1.0.0
+ /usr/bin/chmod -Rf a+rX,u+w,g-w,o-w .
+ exit 0
Executing(%build): /bin/sh -e /var/tmp/rpm-tmp.auIiv9
+ umask 022
+ cd /builddir/build/BUILD
+ cd distributedcloud-client-1.0.0
+ LANG=en_US.UTF-8
+ export LANG
+ unset DISPLAY
+ unset PYTHONOPTIMIZE
+ CFLAGS='-O2 -g -feliminate-unused-debug-types -pipe -Wall -Wp,-D_FORTIFY_SOURCE=2 -fexceptions -fstack-protector --param=ssp-buffer-size=32 -Wformat -Wformat-security -Wl,-z,now,-z,relro,-z,max-page-size=0x1000,-z,separate-code -Wno-error -ftree-vectorize -ftree-slp-vectorize -Wl,--enable-new-dtags -fcf-protection=return -m64 -march=westmere -mtune=haswell -fasynchronous-unwind-tables -fno-omit-frame-pointer -Wp,-D_REENTRANT'
+ export CFLAGS
+ http_proxy=http://127.0.0.1:9/
+ export http_proxy
+ https_proxy=http://127.0.0.1:9/
+ export https_proxy
+ ftp_proxy=http://127.0.0.1:9/
+ export ftp_proxy
+ no_proxy=localhost,127.0.0.1,0.0.0.0
+ export no_proxy
+ CXXFLAGS='-O2 -g -feliminate-unused-debug-types -pipe -Wall -Wp,-D_FORTIFY_SOURCE=2 -fexceptions -fstack-protector --param=ssp-buffer-size=32 -Wformat -Wformat-security -Wl,-z,now,-z,relro,-z,max-page-size=0x1000,-z,separate-code -Wno-error -ftree-vectorize -ftree-slp-vectorize -Wl,--enable-new-dtags -fcf-protection=return -m64 -march=westmere -mtune=haswell -fasynchronous-unwind-tables -fno-omit-frame-pointer -Wp,-D_REENTRANT'
+ export CXXFLAGS
+ FFLAGS='-g -O3 -feliminate-unused-debug-types  -pipe -Wall -Wp,-D_FORTIFY_SOURCE=2 -fexceptions -fstack-protector --param=ssp-buffer-size=32 -m64 -fasynchronous-unwind-tables -Wp,-D_REENTRANT -ftree-loop-distribute-patterns -Wl,-z -Wl,now -Wl,-z -Wl,relro -malign-data=abi -fno-semantic-interposition -ftree-vectorize  -ftree-loop-vectorize -Wl,--enable-new-dtags '
+ export FFLAGS
+ LD_AS_NEEDED=1
+ export LD_AS_NEEDED
+ PKG_CONFIG_LIBDIR=/usr/lib64/pkgconfig
+ export PKG_CONFIG_LIBDIR
+ PATH=/usr/lib64/ccache/bin:/usr/local/bin:/usr/bin
+ export PATH
+ export PBR_VERSION=1.0.0
+ PBR_VERSION=1.0.0
+ export http_proxy=http://127.0.0.1:9/
+ http_proxy=http://127.0.0.1:9/
+ export https_proxy=http://127.0.0.1:9/
+ https_proxy=http://127.0.0.1:9/
+ export no_proxy=localhost,127.0.0.1,0.0.0.0
+ no_proxy=localhost,127.0.0.1,0.0.0.0
+ export LANG=C.UTF-8
+ LANG=C.UTF-8
+ export SOURCE_DATE_EPOCH=1567146482
+ SOURCE_DATE_EPOCH=1567146482
+ export GCC_IGNORE_WERROR=1
+ GCC_IGNORE_WERROR=1
+ export AR=gcc-ar
+ AR=gcc-ar
+ export RANLIB=gcc-ranlib
+ RANLIB=gcc-ranlib
+ export NM=gcc-nm
+ NM=gcc-nm
+ export 'CFLAGS=-O2 -g -feliminate-unused-debug-types -pipe -Wall -Wp,-D_FORTIFY_SOURCE=2 -fexceptions -fstack-protector --param=ssp-buffer-size=32 -Wformat -Wformat-security -Wl,-z,now,-z,relro,-z,max-page-size=0x1000,-z,separate-code -Wno-error -ftree-vectorize -ftree-slp-vectorize -Wl,--enable-new-dtags -fcf-protection=return -m64 -march=westmere -mtune=haswell -fasynchronous-unwind-tables -fno-omit-frame-pointer -Wp,-D_REENTRANT -O3 -ffat-lto-objects -flto=4 '
+ CFLAGS='-O2 -g -feliminate-unused-debug-types -pipe -Wall -Wp,-D_FORTIFY_SOURCE=2 -fexceptions -fstack-protector --param=ssp-buffer-size=32 -Wformat -Wformat-security -Wl,-z,now,-z,relro,-z,max-page-size=0x1000,-z,separate-code -Wno-error -ftree-vectorize -ftree-slp-vectorize -Wl,--enable-new-dtags -fcf-protection=return -m64 -march=westmere -mtune=haswell -fasynchronous-unwind-tables -fno-omit-frame-pointer -Wp,-D_REENTRANT -O3 -ffat-lto-objects -flto=4 '
+ export 'FCFLAGS=-O2 -g -feliminate-unused-debug-types -pipe -Wall -Wp,-D_FORTIFY_SOURCE=2 -fexceptions -fstack-protector --param=ssp-buffer-size=32 -Wformat -Wformat-security -Wl,-z,now,-z,relro,-z,max-page-size=0x1000,-z,separate-code -Wno-error -ftree-vectorize -ftree-slp-vectorize -Wl,--enable-new-dtags -fcf-protection=return -m64 -march=westmere -mtune=haswell -fasynchronous-unwind-tables -fno-omit-frame-pointer -Wp,-D_REENTRANT -O3 -ffat-lto-objects -flto=4  -O3 -ffat-lto-objects -flto=4 '
+ FCFLAGS='-O2 -g -feliminate-unused-debug-types -pipe -Wall -Wp,-D_FORTIFY_SOURCE=2 -fexceptions -fstack-protector --param=ssp-buffer-size=32 -Wformat -Wformat-security -Wl,-z,now,-z,relro,-z,max-page-size=0x1000,-z,separate-code -Wno-error -ftree-vectorize -ftree-slp-vectorize -Wl,--enable-new-dtags -fcf-protection=return -m64 -march=westmere -mtune=haswell -fasynchronous-unwind-tables -fno-omit-frame-pointer -Wp,-D_REENTRANT -O3 -ffat-lto-objects -flto=4  -O3 -ffat-lto-objects -flto=4 '
+ export 'FFLAGS=-O2 -g -feliminate-unused-debug-types -pipe -Wall -Wp,-D_FORTIFY_SOURCE=2 -fexceptions -fstack-protector --param=ssp-buffer-size=32 -Wformat -Wformat-security -Wl,-z,now,-z,relro,-z,max-page-size=0x1000,-z,separate-code -Wno-error -ftree-vectorize -ftree-slp-vectorize -Wl,--enable-new-dtags -fcf-protection=return -m64 -march=westmere -mtune=haswell -fasynchronous-unwind-tables -fno-omit-frame-pointer -Wp,-D_REENTRANT -O3 -ffat-lto-objects -flto=4  -O3 -ffat-lto-objects -flto=4 '
+ FFLAGS='-O2 -g -feliminate-unused-debug-types -pipe -Wall -Wp,-D_FORTIFY_SOURCE=2 -fexceptions -fstack-protector --param=ssp-buffer-size=32 -Wformat -Wformat-security -Wl,-z,now,-z,relro,-z,max-page-size=0x1000,-z,separate-code -Wno-error -ftree-vectorize -ftree-slp-vectorize -Wl,--enable-new-dtags -fcf-protection=return -m64 -march=westmere -mtune=haswell -fasynchronous-unwind-tables -fno-omit-frame-pointer -Wp,-D_REENTRANT -O3 -ffat-lto-objects -flto=4  -O3 -ffat-lto-objects -flto=4 '
+ export 'CXXFLAGS=-O2 -g -feliminate-unused-debug-types -pipe -Wall -Wp,-D_FORTIFY_SOURCE=2 -fexceptions -fstack-protector --param=ssp-buffer-size=32 -Wformat -Wformat-security -Wl,-z,now,-z,relro,-z,max-page-size=0x1000,-z,separate-code -Wno-error -ftree-vectorize -ftree-slp-vectorize -Wl,--enable-new-dtags -fcf-protection=return -m64 -march=westmere -mtune=haswell -fasynchronous-unwind-tables -fno-omit-frame-pointer -Wp,-D_REENTRANT -O3 -ffat-lto-objects -flto=4 '
+ CXXFLAGS='-O2 -g -feliminate-unused-debug-types -pipe -Wall -Wp,-D_FORTIFY_SOURCE=2 -fexceptions -fstack-protector --param=ssp-buffer-size=32 -Wformat -Wformat-security -Wl,-z,now,-z,relro,-z,max-page-size=0x1000,-z,separate-code -Wno-error -ftree-vectorize -ftree-slp-vectorize -Wl,--enable-new-dtags -fcf-protection=return -m64 -march=westmere -mtune=haswell -fasynchronous-unwind-tables -fno-omit-frame-pointer -Wp,-D_REENTRANT -O3 -ffat-lto-objects -flto=4 '
+ export MAKEFLAGS=-j4
+ MAKEFLAGS=-j4
+ python3 setup.py build
running build
running build_py
creating build
creating build/lib
creating build/lib/dcmanagerclient
copying dcmanagerclient/exceptions.py -> build/lib/dcmanagerclient
copying dcmanagerclient/utils.py -> build/lib/dcmanagerclient
copying dcmanagerclient/shell.py -> build/lib/dcmanagerclient
copying dcmanagerclient/__init__.py -> build/lib/dcmanagerclient
creating build/lib/dcmanagerclient/commands
creating build/lib/dcmanagerclient/commands/v1
copying dcmanagerclient/commands/v1/sw_update_options_manager.py -> build/lib/dcmanagerclient/commands/v1
copying dcmanagerclient/commands/v1/sw_update_manager.py -> build/lib/dcmanagerclient/commands/v1
copying dcmanagerclient/commands/v1/alarm_manager.py -> build/lib/dcmanagerclient/commands/v1
copying dcmanagerclient/commands/v1/__init__.py -> build/lib/dcmanagerclient/commands/v1
copying dcmanagerclient/commands/v1/subcloud_manager.py -> build/lib/dcmanagerclient/commands/v1
copying dcmanagerclient/commands/v1/base.py -> build/lib/dcmanagerclient/commands/v1
creating build/lib/dcmanagerclient/openstack
creating build/lib/dcmanagerclient/openstack/common
creating build/lib/dcmanagerclient/openstack/common/apiclient
copying dcmanagerclient/openstack/common/apiclient/auth.py -> build/lib/dcmanagerclient/openstack/common/apiclient
copying dcmanagerclient/openstack/common/apiclient/client.py -> build/lib/dcmanagerclient/openstack/common/apiclient
copying dcmanagerclient/openstack/common/apiclient/exceptions.py -> build/lib/dcmanagerclient/openstack/common/apiclient
copying dcmanagerclient/openstack/common/apiclient/__init__.py -> build/lib/dcmanagerclient/openstack/common/apiclient
copying dcmanagerclient/openstack/common/apiclient/fake_client.py -> build/lib/dcmanagerclient/openstack/common/apiclient
copying dcmanagerclient/openstack/common/apiclient/base.py -> build/lib/dcmanagerclient/openstack/common/apiclient
creating build/lib/dcmanagerclient/api
copying dcmanagerclient/api/client.py -> build/lib/dcmanagerclient/api
copying dcmanagerclient/api/httpclient.py -> build/lib/dcmanagerclient/api
copying dcmanagerclient/api/__init__.py -> build/lib/dcmanagerclient/api
copying dcmanagerclient/api/base.py -> build/lib/dcmanagerclient/api
creating build/lib/dcmanagerclient/tests
creating build/lib/dcmanagerclient/tests/v1
copying dcmanagerclient/tests/v1/test_subcloud_manager.py -> build/lib/dcmanagerclient/tests/v1
copying dcmanagerclient/tests/v1/__init__.py -> build/lib/dcmanagerclient/tests/v1
copying dcmanagerclient/tests/test_shell.py -> build/lib/dcmanagerclient/tests
copying dcmanagerclient/tests/test_help_and_bash_completion.py -> build/lib/dcmanagerclient/tests
copying dcmanagerclient/tests/test_client.py -> build/lib/dcmanagerclient/tests
copying dcmanagerclient/tests/test_httpclient.py -> build/lib/dcmanagerclient/tests
copying dcmanagerclient/tests/test_utils.py -> build/lib/dcmanagerclient/tests
copying dcmanagerclient/tests/base_shell_test.py -> build/lib/dcmanagerclient/tests
copying dcmanagerclient/tests/__init__.py -> build/lib/dcmanagerclient/tests
copying dcmanagerclient/tests/base.py -> build/lib/dcmanagerclient/tests
copying dcmanagerclient/openstack/common/gettextutils.py -> build/lib/dcmanagerclient/openstack/common
copying dcmanagerclient/openstack/common/__init__.py -> build/lib/dcmanagerclient/openstack/common
copying dcmanagerclient/openstack/common/strutils.py -> build/lib/dcmanagerclient/openstack/common
copying dcmanagerclient/openstack/common/cliutils.py -> build/lib/dcmanagerclient/openstack/common
copying dcmanagerclient/openstack/common/importutils.py -> build/lib/dcmanagerclient/openstack/common
copying dcmanagerclient/openstack/common/uuidutils.py -> build/lib/dcmanagerclient/openstack/common
creating build/lib/dcmanagerclient/api/v1
copying dcmanagerclient/api/v1/client.py -> build/lib/dcmanagerclient/api/v1
copying dcmanagerclient/api/v1/sw_update_options_manager.py -> build/lib/dcmanagerclient/api/v1
copying dcmanagerclient/api/v1/sw_update_manager.py -> build/lib/dcmanagerclient/api/v1
copying dcmanagerclient/api/v1/alarm_manager.py -> build/lib/dcmanagerclient/api/v1
copying dcmanagerclient/api/v1/__init__.py -> build/lib/dcmanagerclient/api/v1
copying dcmanagerclient/api/v1/subcloud_manager.py -> build/lib/dcmanagerclient/api/v1
copying dcmanagerclient/openstack/__init__.py -> build/lib/dcmanagerclient/openstack
copying dcmanagerclient/commands/__init__.py -> build/lib/dcmanagerclient/commands
running egg_info
creating distributedcloud_client.egg-info
writing distributedcloud_client.egg-info/PKG-INFO
writing dependency_links to distributedcloud_client.egg-info/dependency_links.txt
writing entry points to distributedcloud_client.egg-info/entry_points.txt
writing requirements to distributedcloud_client.egg-info/requires.txt
writing top-level names to distributedcloud_client.egg-info/top_level.txt
[pbr] Processing SOURCES.txt
writing manifest file 'distributedcloud_client.egg-info/SOURCES.txt'
warning: no files found matching 'AUTHORS'
warning: no files found matching 'ChangeLog'
warning: no previously-included files found matching '.gitignore'
warning: no previously-included files found matching '.gitreview'
warning: no previously-included files matching '*.pyc' found anywhere in distribution
reading manifest template 'MANIFEST.in'
warning: no files found matching 'AUTHORS'
warning: no files found matching 'ChangeLog'
warning: no previously-included files found matching '.gitignore'
warning: no previously-included files found matching '.gitreview'
warning: no previously-included files matching '*.pyc' found anywhere in distribution
writing manifest file 'distributedcloud_client.egg-info/SOURCES.txt'
+ exit 0
Executing(%install): /bin/sh -e /var/tmp/rpm-tmp.SPe6vb
+ umask 022
+ cd /builddir/build/BUILD
+ cd distributedcloud-client-1.0.0
+ LANG=en_US.UTF-8
+ export LANG
+ unset DISPLAY
+ unset PYTHONOPTIMIZE
+ rm -rf /builddir/build/BUILDROOT/distributedcloud-client-1.0.0-1.x86_64
+ mkdir -p /builddir/build/BUILDROOT/distributedcloud-client-1.0.0-1.x86_64
+ export MAKEFLAGS=-j4
+ MAKEFLAGS=-j4
+ rm -rf /builddir/build/BUILDROOT/distributedcloud-client-1.0.0-1.x86_64
+ export PBR_VERSION=1.0.0
+ PBR_VERSION=1.0.0
+ python3 -tt setup.py build install --root=/builddir/build/BUILDROOT/distributedcloud-client-1.0.0-1.x86_64
running build
running build_py
running egg_info
writing distributedcloud_client.egg-info/PKG-INFO
writing dependency_links to distributedcloud_client.egg-info/dependency_links.txt
writing entry points to distributedcloud_client.egg-info/entry_points.txt
writing requirements to distributedcloud_client.egg-info/requires.txt
writing top-level names to distributedcloud_client.egg-info/top_level.txt
[pbr] Reusing existing SOURCES.txt
running install
[pbr] Generating AUTHORS
[pbr] AUTHORS complete (0.0s)
running install_lib
creating /builddir/build/BUILDROOT/distributedcloud-client-1.0.0-1.x86_64
creating /builddir/build/BUILDROOT/distributedcloud-client-1.0.0-1.x86_64/usr
creating /builddir/build/BUILDROOT/distributedcloud-client-1.0.0-1.x86_64/usr/lib
creating /builddir/build/BUILDROOT/distributedcloud-client-1.0.0-1.x86_64/usr/lib/python3.7
creating /builddir/build/BUILDROOT/distributedcloud-client-1.0.0-1.x86_64/usr/lib/python3.7/site-packages
creating /builddir/build/BUILDROOT/distributedcloud-client-1.0.0-1.x86_64/usr/lib/python3.7/site-packages/dcmanagerclient
creating /builddir/build/BUILDROOT/distributedcloud-client-1.0.0-1.x86_64/usr/lib/python3.7/site-packages/dcmanagerclient/openstack
creating /builddir/build/BUILDROOT/distributedcloud-client-1.0.0-1.x86_64/usr/lib/python3.7/site-packages/dcmanagerclient/openstack/common
copying build/lib/dcmanagerclient/openstack/common/gettextutils.py -> /builddir/build/BUILDROOT/distributedcloud-client-1.0.0-1.x86_64/usr/lib/python3.7/site-packages/dcmanagerclient/openstack/common
creating /builddir/build/BUILDROOT/distributedcloud-client-1.0.0-1.x86_64/usr/lib/python3.7/site-packages/dcmanagerclient/openstack/common/apiclient
copying build/lib/dcmanagerclient/openstack/common/apiclient/auth.py -> /builddir/build/BUILDROOT/distributedcloud-client-1.0.0-1.x86_64/usr/lib/python3.7/site-packages/dcmanagerclient/openstack/common/apiclient
copying build/lib/dcmanagerclient/openstack/common/apiclient/client.py -> /builddir/build/BUILDROOT/distributedcloud-client-1.0.0-1.x86_64/usr/lib/python3.7/site-packages/dcmanagerclient/openstack/common/apiclient
copying build/lib/dcmanagerclient/openstack/common/apiclient/exceptions.py -> /builddir/build/BUILDROOT/distributedcloud-client-1.0.0-1.x86_64/usr/lib/python3.7/site-packages/dcmanagerclient/openstack/common/apiclient
copying build/lib/dcmanagerclient/openstack/common/apiclient/__init__.py -> /builddir/build/BUILDROOT/distributedcloud-client-1.0.0-1.x86_64/usr/lib/python3.7/site-packages/dcmanagerclient/openstack/common/apiclient
copying build/lib/dcmanagerclient/openstack/common/apiclient/fake_client.py -> /builddir/build/BUILDROOT/distributedcloud-client-1.0.0-1.x86_64/usr/lib/python3.7/site-packages/dcmanagerclient/openstack/common/apiclient
copying build/lib/dcmanagerclient/openstack/common/apiclient/base.py -> /builddir/build/BUILDROOT/distributedcloud-client-1.0.0-1.x86_64/usr/lib/python3.7/site-packages/dcmanagerclient/openstack/common/apiclient
copying build/lib/dcmanagerclient/openstack/common/__init__.py -> /builddir/build/BUILDROOT/distributedcloud-client-1.0.0-1.x86_64/usr/lib/python3.7/site-packages/dcmanagerclient/openstack/common
copying build/lib/dcmanagerclient/openstack/common/strutils.py -> /builddir/build/BUILDROOT/distributedcloud-client-1.0.0-1.x86_64/usr/lib/python3.7/site-packages/dcmanagerclient/openstack/common
copying build/lib/dcmanagerclient/openstack/common/cliutils.py -> /builddir/build/BUILDROOT/distributedcloud-client-1.0.0-1.x86_64/usr/lib/python3.7/site-packages/dcmanagerclient/openstack/common
copying build/lib/dcmanagerclient/openstack/common/importutils.py -> /builddir/build/BUILDROOT/distributedcloud-client-1.0.0-1.x86_64/usr/lib/python3.7/site-packages/dcmanagerclient/openstack/common
copying build/lib/dcmanagerclient/openstack/common/uuidutils.py -> /builddir/build/BUILDROOT/distributedcloud-client-1.0.0-1.x86_64/usr/lib/python3.7/site-packages/dcmanagerclient/openstack/common
copying build/lib/dcmanagerclient/openstack/__init__.py -> /builddir/build/BUILDROOT/distributedcloud-client-1.0.0-1.x86_64/usr/lib/python3.7/site-packages/dcmanagerclient/openstack
creating /builddir/build/BUILDROOT/distributedcloud-client-1.0.0-1.x86_64/usr/lib/python3.7/site-packages/dcmanagerclient/commands
creating /builddir/build/BUILDROOT/distributedcloud-client-1.0.0-1.x86_64/usr/lib/python3.7/site-packages/dcmanagerclient/commands/v1
copying build/lib/dcmanagerclient/commands/v1/sw_update_options_manager.py -> /builddir/build/BUILDROOT/distributedcloud-client-1.0.0-1.x86_64/usr/lib/python3.7/site-packages/dcmanagerclient/commands/v1
copying build/lib/dcmanagerclient/commands/v1/sw_update_manager.py -> /builddir/build/BUILDROOT/distributedcloud-client-1.0.0-1.x86_64/usr/lib/python3.7/site-packages/dcmanagerclient/commands/v1
copying build/lib/dcmanagerclient/commands/v1/alarm_manager.py -> /builddir/build/BUILDROOT/distributedcloud-client-1.0.0-1.x86_64/usr/lib/python3.7/site-packages/dcmanagerclient/commands/v1
copying build/lib/dcmanagerclient/commands/v1/__init__.py -> /builddir/build/BUILDROOT/distributedcloud-client-1.0.0-1.x86_64/usr/lib/python3.7/site-packages/dcmanagerclient/commands/v1
copying build/lib/dcmanagerclient/commands/v1/subcloud_manager.py -> /builddir/build/BUILDROOT/distributedcloud-client-1.0.0-1.x86_64/usr/lib/python3.7/site-packages/dcmanagerclient/commands/v1
copying build/lib/dcmanagerclient/commands/v1/base.py -> /builddir/build/BUILDROOT/distributedcloud-client-1.0.0-1.x86_64/usr/lib/python3.7/site-packages/dcmanagerclient/commands/v1
copying build/lib/dcmanagerclient/commands/__init__.py -> /builddir/build/BUILDROOT/distributedcloud-client-1.0.0-1.x86_64/usr/lib/python3.7/site-packages/dcmanagerclient/commands
creating /builddir/build/BUILDROOT/distributedcloud-client-1.0.0-1.x86_64/usr/lib/python3.7/site-packages/dcmanagerclient/tests
creating /builddir/build/BUILDROOT/distributedcloud-client-1.0.0-1.x86_64/usr/lib/python3.7/site-packages/dcmanagerclient/tests/v1
copying build/lib/dcmanagerclient/tests/v1/test_subcloud_manager.py -> /builddir/build/BUILDROOT/distributedcloud-client-1.0.0-1.x86_64/usr/lib/python3.7/site-packages/dcmanagerclient/tests/v1
copying build/lib/dcmanagerclient/tests/v1/__init__.py -> /builddir/build/BUILDROOT/distributedcloud-client-1.0.0-1.x86_64/usr/lib/python3.7/site-packages/dcmanagerclient/tests/v1
copying build/lib/dcmanagerclient/tests/test_shell.py -> /builddir/build/BUILDROOT/distributedcloud-client-1.0.0-1.x86_64/usr/lib/python3.7/site-packages/dcmanagerclient/tests
copying build/lib/dcmanagerclient/tests/test_help_and_bash_completion.py -> /builddir/build/BUILDROOT/distributedcloud-client-1.0.0-1.x86_64/usr/lib/python3.7/site-packages/dcmanagerclient/tests
copying build/lib/dcmanagerclient/tests/test_client.py -> /builddir/build/BUILDROOT/distributedcloud-client-1.0.0-1.x86_64/usr/lib/python3.7/site-packages/dcmanagerclient/tests
copying build/lib/dcmanagerclient/tests/test_httpclient.py -> /builddir/build/BUILDROOT/distributedcloud-client-1.0.0-1.x86_64/usr/lib/python3.7/site-packages/dcmanagerclient/tests
copying build/lib/dcmanagerclient/tests/test_utils.py -> /builddir/build/BUILDROOT/distributedcloud-client-1.0.0-1.x86_64/usr/lib/python3.7/site-packages/dcmanagerclient/tests
copying build/lib/dcmanagerclient/tests/base_shell_test.py -> /builddir/build/BUILDROOT/distributedcloud-client-1.0.0-1.x86_64/usr/lib/python3.7/site-packages/dcmanagerclient/tests
copying build/lib/dcmanagerclient/tests/__init__.py -> /builddir/build/BUILDROOT/distributedcloud-client-1.0.0-1.x86_64/usr/lib/python3.7/site-packages/dcmanagerclient/tests
copying build/lib/dcmanagerclient/tests/base.py -> /builddir/build/BUILDROOT/distributedcloud-client-1.0.0-1.x86_64/usr/lib/python3.7/site-packages/dcmanagerclient/tests
creating /builddir/build/BUILDROOT/distributedcloud-client-1.0.0-1.x86_64/usr/lib/python3.7/site-packages/dcmanagerclient/api
creating /builddir/build/BUILDROOT/distributedcloud-client-1.0.0-1.x86_64/usr/lib/python3.7/site-packages/dcmanagerclient/api/v1
copying build/lib/dcmanagerclient/api/v1/client.py -> /builddir/build/BUILDROOT/distributedcloud-client-1.0.0-1.x86_64/usr/lib/python3.7/site-packages/dcmanagerclient/api/v1
copying build/lib/dcmanagerclient/api/v1/sw_update_options_manager.py -> /builddir/build/BUILDROOT/distributedcloud-client-1.0.0-1.x86_64/usr/lib/python3.7/site-packages/dcmanagerclient/api/v1
copying build/lib/dcmanagerclient/api/v1/sw_update_manager.py -> /builddir/build/BUILDROOT/distributedcloud-client-1.0.0-1.x86_64/usr/lib/python3.7/site-packages/dcmanagerclient/api/v1
copying build/lib/dcmanagerclient/api/v1/alarm_manager.py -> /builddir/build/BUILDROOT/distributedcloud-client-1.0.0-1.x86_64/usr/lib/python3.7/site-packages/dcmanagerclient/api/v1
copying build/lib/dcmanagerclient/api/v1/__init__.py -> /builddir/build/BUILDROOT/distributedcloud-client-1.0.0-1.x86_64/usr/lib/python3.7/site-packages/dcmanagerclient/api/v1
copying build/lib/dcmanagerclient/api/v1/subcloud_manager.py -> /builddir/build/BUILDROOT/distributedcloud-client-1.0.0-1.x86_64/usr/lib/python3.7/site-packages/dcmanagerclient/api/v1
copying build/lib/dcmanagerclient/api/client.py -> /builddir/build/BUILDROOT/distributedcloud-client-1.0.0-1.x86_64/usr/lib/python3.7/site-packages/dcmanagerclient/api
copying build/lib/dcmanagerclient/api/httpclient.py -> /builddir/build/BUILDROOT/distributedcloud-client-1.0.0-1.x86_64/usr/lib/python3.7/site-packages/dcmanagerclient/api
copying build/lib/dcmanagerclient/api/__init__.py -> /builddir/build/BUILDROOT/distributedcloud-client-1.0.0-1.x86_64/usr/lib/python3.7/site-packages/dcmanagerclient/api
copying build/lib/dcmanagerclient/api/base.py -> /builddir/build/BUILDROOT/distributedcloud-client-1.0.0-1.x86_64/usr/lib/python3.7/site-packages/dcmanagerclient/api
copying build/lib/dcmanagerclient/exceptions.py -> /builddir/build/BUILDROOT/distributedcloud-client-1.0.0-1.x86_64/usr/lib/python3.7/site-packages/dcmanagerclient
copying build/lib/dcmanagerclient/utils.py -> /builddir/build/BUILDROOT/distributedcloud-client-1.0.0-1.x86_64/usr/lib/python3.7/site-packages/dcmanagerclient
copying build/lib/dcmanagerclient/shell.py -> /builddir/build/BUILDROOT/distributedcloud-client-1.0.0-1.x86_64/usr/lib/python3.7/site-packages/dcmanagerclient
copying build/lib/dcmanagerclient/__init__.py -> /builddir/build/BUILDROOT/distributedcloud-client-1.0.0-1.x86_64/usr/lib/python3.7/site-packages/dcmanagerclient
byte-compiling /builddir/build/BUILDROOT/distributedcloud-client-1.0.0-1.x86_64/usr/lib/python3.7/site-packages/dcmanagerclient/openstack/common/gettextutils.py to gettextutils.cpython-37.pyc
byte-compiling /builddir/build/BUILDROOT/distributedcloud-client-1.0.0-1.x86_64/usr/lib/python3.7/site-packages/dcmanagerclient/openstack/common/apiclient/auth.py to auth.cpython-37.pyc
byte-compiling /builddir/build/BUILDROOT/distributedcloud-client-1.0.0-1.x86_64/usr/lib/python3.7/site-packages/dcmanagerclient/openstack/common/apiclient/client.py to client.cpython-37.pyc
byte-compiling /builddir/build/BUILDROOT/distributedcloud-client-1.0.0-1.x86_64/usr/lib/python3.7/site-packages/dcmanagerclient/openstack/common/apiclient/exceptions.py to exceptions.cpython-37.pyc
byte-compiling /builddir/build/BUILDROOT/distributedcloud-client-1.0.0-1.x86_64/usr/lib/python3.7/site-packages/dcmanagerclient/openstack/common/apiclient/__init__.py to __init__.cpython-37.pyc
byte-compiling /builddir/build/BUILDROOT/distributedcloud-client-1.0.0-1.x86_64/usr/lib/python3.7/site-packages/dcmanagerclient/openstack/common/apiclient/fake_client.py to fake_client.cpython-37.pyc
byte-compiling /builddir/build/BUILDROOT/distributedcloud-client-1.0.0-1.x86_64/usr/lib/python3.7/site-packages/dcmanagerclient/openstack/common/apiclient/base.py to base.cpython-37.pyc
byte-compiling /builddir/build/BUILDROOT/distributedcloud-client-1.0.0-1.x86_64/usr/lib/python3.7/site-packages/dcmanagerclient/openstack/common/__init__.py to __init__.cpython-37.pyc
byte-compiling /builddir/build/BUILDROOT/distributedcloud-client-1.0.0-1.x86_64/usr/lib/python3.7/site-packages/dcmanagerclient/openstack/common/strutils.py to strutils.cpython-37.pyc
byte-compiling /builddir/build/BUILDROOT/distributedcloud-client-1.0.0-1.x86_64/usr/lib/python3.7/site-packages/dcmanagerclient/openstack/common/cliutils.py to cliutils.cpython-37.pyc
byte-compiling /builddir/build/BUILDROOT/distributedcloud-client-1.0.0-1.x86_64/usr/lib/python3.7/site-packages/dcmanagerclient/openstack/common/importutils.py to importutils.cpython-37.pyc
byte-compiling /builddir/build/BUILDROOT/distributedcloud-client-1.0.0-1.x86_64/usr/lib/python3.7/site-packages/dcmanagerclient/openstack/common/uuidutils.py to uuidutils.cpython-37.pyc
byte-compiling /builddir/build/BUILDROOT/distributedcloud-client-1.0.0-1.x86_64/usr/lib/python3.7/site-packages/dcmanagerclient/openstack/__init__.py to __init__.cpython-37.pyc
byte-compiling /builddir/build/BUILDROOT/distributedcloud-client-1.0.0-1.x86_64/usr/lib/python3.7/site-packages/dcmanagerclient/commands/v1/sw_update_options_manager.py to sw_update_options_manager.cpython-37.pyc
byte-compiling /builddir/build/BUILDROOT/distributedcloud-client-1.0.0-1.x86_64/usr/lib/python3.7/site-packages/dcmanagerclient/commands/v1/sw_update_manager.py to sw_update_manager.cpython-37.pyc
byte-compiling /builddir/build/BUILDROOT/distributedcloud-client-1.0.0-1.x86_64/usr/lib/python3.7/site-packages/dcmanagerclient/commands/v1/alarm_manager.py to alarm_manager.cpython-37.pyc
byte-compiling /builddir/build/BUILDROOT/distributedcloud-client-1.0.0-1.x86_64/usr/lib/python3.7/site-packages/dcmanagerclient/commands/v1/__init__.py to __init__.cpython-37.pyc
byte-compiling /builddir/build/BUILDROOT/distributedcloud-client-1.0.0-1.x86_64/usr/lib/python3.7/site-packages/dcmanagerclient/commands/v1/subcloud_manager.py to subcloud_manager.cpython-37.pyc
byte-compiling /builddir/build/BUILDROOT/distributedcloud-client-1.0.0-1.x86_64/usr/lib/python3.7/site-packages/dcmanagerclient/commands/v1/base.py to base.cpython-37.pyc
byte-compiling /builddir/build/BUILDROOT/distributedcloud-client-1.0.0-1.x86_64/usr/lib/python3.7/site-packages/dcmanagerclient/commands/__init__.py to __init__.cpython-37.pyc
byte-compiling /builddir/build/BUILDROOT/distributedcloud-client-1.0.0-1.x86_64/usr/lib/python3.7/site-packages/dcmanagerclient/tests/v1/test_subcloud_manager.py to test_subcloud_manager.cpython-37.pyc
byte-compiling /builddir/build/BUILDROOT/distributedcloud-client-1.0.0-1.x86_64/usr/lib/python3.7/site-packages/dcmanagerclient/tests/v1/__init__.py to __init__.cpython-37.pyc
byte-compiling /builddir/build/BUILDROOT/distributedcloud-client-1.0.0-1.x86_64/usr/lib/python3.7/site-packages/dcmanagerclient/tests/test_shell.py to test_shell.cpython-37.pyc
byte-compiling /builddir/build/BUILDROOT/distributedcloud-client-1.0.0-1.x86_64/usr/lib/python3.7/site-packages/dcmanagerclient/tests/test_help_and_bash_completion.py to test_help_and_bash_completion.cpython-37.pyc
byte-compiling /builddir/build/BUILDROOT/distributedcloud-client-1.0.0-1.x86_64/usr/lib/python3.7/site-packages/dcmanagerclient/tests/test_client.py to test_client.cpython-37.pyc
byte-compiling /builddir/build/BUILDROOT/distributedcloud-client-1.0.0-1.x86_64/usr/lib/python3.7/site-packages/dcmanagerclient/tests/test_httpclient.py to test_httpclient.cpython-37.pyc
byte-compiling /builddir/build/BUILDROOT/distributedcloud-client-1.0.0-1.x86_64/usr/lib/python3.7/site-packages/dcmanagerclient/tests/test_utils.py to test_utils.cpython-37.pyc
byte-compiling /builddir/build/BUILDROOT/distributedcloud-client-1.0.0-1.x86_64/usr/lib/python3.7/site-packages/dcmanagerclient/tests/base_shell_test.py to base_shell_test.cpython-37.pyc
byte-compiling /builddir/build/BUILDROOT/distributedcloud-client-1.0.0-1.x86_64/usr/lib/python3.7/site-packages/dcmanagerclient/tests/__init__.py to __init__.cpython-37.pyc
byte-compiling /builddir/build/BUILDROOT/distributedcloud-client-1.0.0-1.x86_64/usr/lib/python3.7/site-packages/dcmanagerclient/tests/base.py to base.cpython-37.pyc
byte-compiling /builddir/build/BUILDROOT/distributedcloud-client-1.0.0-1.x86_64/usr/lib/python3.7/site-packages/dcmanagerclient/api/v1/client.py to client.cpython-37.pyc
byte-compiling /builddir/build/BUILDROOT/distributedcloud-client-1.0.0-1.x86_64/usr/lib/python3.7/site-packages/dcmanagerclient/api/v1/sw_update_options_manager.py to sw_update_options_manager.cpython-37.pyc
byte-compiling /builddir/build/BUILDROOT/distributedcloud-client-1.0.0-1.x86_64/usr/lib/python3.7/site-packages/dcmanagerclient/api/v1/sw_update_manager.py to sw_update_manager.cpython-37.pyc
byte-compiling /builddir/build/BUILDROOT/distributedcloud-client-1.0.0-1.x86_64/usr/lib/python3.7/site-packages/dcmanagerclient/api/v1/alarm_manager.py to alarm_manager.cpython-37.pyc
byte-compiling /builddir/build/BUILDROOT/distributedcloud-client-1.0.0-1.x86_64/usr/lib/python3.7/site-packages/dcmanagerclient/api/v1/__init__.py to __init__.cpython-37.pyc
byte-compiling /builddir/build/BUILDROOT/distributedcloud-client-1.0.0-1.x86_64/usr/lib/python3.7/site-packages/dcmanagerclient/api/v1/subcloud_manager.py to subcloud_manager.cpython-37.pyc
byte-compiling /builddir/build/BUILDROOT/distributedcloud-client-1.0.0-1.x86_64/usr/lib/python3.7/site-packages/dcmanagerclient/api/client.py to client.cpython-37.pyc
byte-compiling /builddir/build/BUILDROOT/distributedcloud-client-1.0.0-1.x86_64/usr/lib/python3.7/site-packages/dcmanagerclient/api/httpclient.py to httpclient.cpython-37.pyc
byte-compiling /builddir/build/BUILDROOT/distributedcloud-client-1.0.0-1.x86_64/usr/lib/python3.7/site-packages/dcmanagerclient/api/__init__.py to __init__.cpython-37.pyc
byte-compiling /builddir/build/BUILDROOT/distributedcloud-client-1.0.0-1.x86_64/usr/lib/python3.7/site-packages/dcmanagerclient/api/base.py to base.cpython-37.pyc
byte-compiling /builddir/build/BUILDROOT/distributedcloud-client-1.0.0-1.x86_64/usr/lib/python3.7/site-packages/dcmanagerclient/exceptions.py to exceptions.cpython-37.pyc
byte-compiling /builddir/build/BUILDROOT/distributedcloud-client-1.0.0-1.x86_64/usr/lib/python3.7/site-packages/dcmanagerclient/utils.py to utils.cpython-37.pyc
byte-compiling /builddir/build/BUILDROOT/distributedcloud-client-1.0.0-1.x86_64/usr/lib/python3.7/site-packages/dcmanagerclient/shell.py to shell.cpython-37.pyc
byte-compiling /builddir/build/BUILDROOT/distributedcloud-client-1.0.0-1.x86_64/usr/lib/python3.7/site-packages/dcmanagerclient/__init__.py to __init__.cpython-37.pyc
running install_egg_info
Copying distributedcloud_client.egg-info to /builddir/build/BUILDROOT/distributedcloud-client-1.0.0-1.x86_64/usr/lib/python3.7/site-packages/distributedcloud_client-1.0.0-py3.7.egg-info
running install_scripts
Installing dcmanager script to /builddir/build/BUILDROOT/distributedcloud-client-1.0.0-1.x86_64/usr/bin
/usr/lib/python3.7/site-packages/pbr/packaging.py:435: EasyInstallDeprecationWarning: Use get_header
  header = easy_install.get_script_header("", executable, is_wininst)
----[ mark ]----
+ echo '----[' mark ']----'
+ cat /builddir/build/BUILDROOT/distributedcloud-client-1.0.0-1.x86_64/usr/lib/python3.7/site-packages/distributedcloud_client-1.0.0-py3.7.egg-info/requires.txt
cliff>=2.3.0
osc-lib>=1.2.0
osprofiler>=1.4.0
pbr>=2.0.0
python-keystoneclient>=3.8.0
PyYAML>=3.10.0
requests!=2.12.2,!=2.13.0,>=2.10.0
six>=1.9.0
beautifulsoup4
----[ mark ]----
+ echo '----[' mark ']----'
+ /usr/bin/python setup.py install --skip-build --root /builddir/build/BUILDROOT/distributedcloud-client-1.0.0-1.x86_64
running install
[pbr] Generating AUTHORS
[pbr] AUTHORS complete (0.0s)
running install_lib
running install_egg_info
running egg_info
writing distributedcloud_client.egg-info/PKG-INFO
writing dependency_links to distributedcloud_client.egg-info/dependency_links.txt
writing entry points to distributedcloud_client.egg-info/entry_points.txt
writing requirements to distributedcloud_client.egg-info/requires.txt
writing top-level names to distributedcloud_client.egg-info/top_level.txt
[pbr] Reusing existing SOURCES.txt
removing '/builddir/build/BUILDROOT/distributedcloud-client-1.0.0-1.x86_64/usr/lib/python3.7/site-packages/distributedcloud_client-1.0.0-py3.7.egg-info' (and everything under it)
Copying distributedcloud_client.egg-info to /builddir/build/BUILDROOT/distributedcloud-client-1.0.0-1.x86_64/usr/lib/python3.7/site-packages/distributedcloud_client-1.0.0-py3.7.egg-info
running install_scripts
Installing dcmanager script to /builddir/build/BUILDROOT/distributedcloud-client-1.0.0-1.x86_64/usr/bin
/usr/lib/python3.7/site-packages/pbr/packaging.py:435: EasyInstallDeprecationWarning: Use get_header
  header = easy_install.get_script_header("", executable, is_wininst)
+ rm -f /builddir/build/BUILDROOT/distributedcloud-client-1.0.0-1.x86_64/usr/share/info/dir
++ find /builddir/build/BUILDROOT/distributedcloud-client-1.0.0-1.x86_64 -path 'etc/*' '!' -type d
+ test -z ''
+ rm -rf '/builddir/build/BUILDROOT/distributedcloud-client-1.0.0-1.x86_64/etc/*'
+ rm -rf '/builddir/build/BUILDROOT/distributedcloud-client-1.0.0-1.x86_64/usr/share/factory/*'
+ find /builddir/build/BUILDROOT/distributedcloud-client-1.0.0-1.x86_64 -name __pycache__
+ xargs rm -rf --
+ '[' -d /builddir/build/BUILDROOT/distributedcloud-client-1.0.0-1.x86_64/usr/share/mime ']'
++ getconf _NPROCESSORS_ONLN
+ RPM_XARGS_PFLAG=-P4
+ find /builddir/build/BUILDROOT/distributedcloud-client-1.0.0-1.x86_64 -name '*.so.avx512' -print0
+ xargs -0rtn1 -P4 python /usr/share/clr-avx-tools/avxjudge.py -q -5
+ find /builddir/build/BUILDROOT/distributedcloud-client-1.0.0-1.x86_64/usr/lib64/haswell/avx512_1 -name '*.so*' -print0
find: ‘/builddir/build/BUILDROOT/distributedcloud-client-1.0.0-1.x86_64/usr/lib64/haswell/avx512_1’: No such file or directory
+ find /builddir/build/BUILDROOT/distributedcloud-client-1.0.0-1.x86_64 -name '*.so.avx2' -print0
+ xargs -0rtn1 -P4 python /usr/share/clr-avx-tools/avxjudge.py -q -2
+ find /builddir/build/BUILDROOT/distributedcloud-client-1.0.0-1.x86_64/usr/lib64/haswell '!' -path '/usr/lib64/haswell/avx512_1/*' -name '*.so*' -print0
find: ‘/builddir/build/BUILDROOT/distributedcloud-client-1.0.0-1.x86_64/usr/lib64/haswell’: No such file or directory
+ find /builddir/build/BUILDROOT/distributedcloud-client-1.0.0-1.x86_64/usr/lib64/ -maxdepth 1 -name '*.so*' -type f -print0
+ xargs -0rtn1 -P4 /usr/lib/rpm/clr/brp-create-abi
+ sort -u
find: ‘/builddir/build/BUILDROOT/distributedcloud-client-1.0.0-1.x86_64/usr/lib64/’: No such file or directory
+ /usr/lib/rpm/find-debuginfo.sh --strict-build-id /builddir/build/BUILD/distributedcloud-client-1.0.0
find: ‘debug’: No such file or directory
+ '[' -d /builddir/build/BUILDROOT/distributedcloud-client-1.0.0-1.x86_64/usr/lib/debug ']'
+ :
+ '[' -d /builddir/build/BUILDROOT/distributedcloud-client-1.0.0-1.x86_64/usr/lib/debug ']'
+ :
+ '[' -d /builddir/build/BUILDROOT/distributedcloud-client-1.0.0-1.x86_64/usr/src/debug ']'
+ :
+ '[' -d /builddir/build/BUILDROOT/distributedcloud-client-1.0.0-1.x86_64/usr/lib/debug.force ']'
+ :
+ '[' -d /builddir/build/BUILDROOT/distributedcloud-client-1.0.0-1.x86_64/usr/src/debug.force ']'
+ :
+ /usr/lib/rpm/check-buildroot
+ /usr/lib/rpm/clr/brp-strip-static-archive /usr/bin/strip
+ /usr/lib/rpm/clr/brp-strip-comment-note /usr/bin/strip /usr/bin/objdump
+ /usr/lib/rpm/clr/brp-python-bytecompile
[BYTECOMPILE] Building for /builddir/build/BUILDROOT/distributedcloud-client-1.0.0-1.x86_64/usr/lib/python3.7 using /usr/bin/python3.7
+ find /builddir/build/BUILDROOT/distributedcloud-client-1.0.0-1.x86_64 -print0
+ xargs -0 touch -h -d '@1549052798 '
+ /usr/lib/rpm/clr/brp-java-repack-jars
Executing(%check): /bin/sh -e /var/tmp/rpm-tmp.ALeB2b
+ umask 022
+ cd /builddir/build/BUILD
+ cd distributedcloud-client-1.0.0
+ LANG=en_US.UTF-8
+ export LANG
+ unset DISPLAY
+ unset PYTHONOPTIMIZE
+ export http_proxy=http://127.0.0.1:9/
+ http_proxy=http://127.0.0.1:9/
+ export https_proxy=http://127.0.0.1:9/
+ https_proxy=http://127.0.0.1:9/
+ export no_proxy=localhost,127.0.0.1,0.0.0.0
+ no_proxy=localhost,127.0.0.1,0.0.0.0
+ rm -rf test-requirements.txt requirements.txt tools/pip-requires tools/test-requires
+ exit 0
Processing files: distributedcloud-client-1.0.0-1.x86_64
Processing files: distributedcloud-client-debuginfo-1.0.0-1.x86_64
warning: Empty %files file /builddir/build/BUILD/distributedcloud-client-1.0.0/debugfiles.list
Processing files: distributedcloud-client-abi-1.0.0-1.x86_64
warning: Empty %files file /builddir/build/BUILD/distributedcloud-client-1.0.0/abifiles.list
Checking for unpackaged file(s): /usr/lib/rpm/check-files /builddir/build/BUILDROOT/distributedcloud-client-1.0.0-1.x86_64
RPM build errors:
error: Installed (but unpackaged) file(s) found:
   /usr/bin/dcmanager
   /usr/lib/python3.7/site-packages/dcmanagerclient/__init__.py
   /usr/lib/python3.7/site-packages/dcmanagerclient/__pycache__/__init__.cpython-37.pyc
   /usr/lib/python3.7/site-packages/dcmanagerclient/__pycache__/exceptions.cpython-37.pyc
   /usr/lib/python3.7/site-packages/dcmanagerclient/__pycache__/shell.cpython-37.pyc
   /usr/lib/python3.7/site-packages/dcmanagerclient/__pycache__/utils.cpython-37.pyc
   /usr/lib/python3.7/site-packages/dcmanagerclient/api/__init__.py
   /usr/lib/python3.7/site-packages/dcmanagerclient/api/__pycache__/__init__.cpython-37.pyc
   /usr/lib/python3.7/site-packages/dcmanagerclient/api/__pycache__/base.cpython-37.pyc
   /usr/lib/python3.7/site-packages/dcmanagerclient/api/__pycache__/client.cpython-37.pyc
   /usr/lib/python3.7/site-packages/dcmanagerclient/api/__pycache__/httpclient.cpython-37.pyc
   /usr/lib/python3.7/site-packages/dcmanagerclient/api/base.py
   /usr/lib/python3.7/site-packages/dcmanagerclient/api/client.py
   /usr/lib/python3.7/site-packages/dcmanagerclient/api/httpclient.py
   /usr/lib/python3.7/site-packages/dcmanagerclient/api/v1/__init__.py
   /usr/lib/python3.7/site-packages/dcmanagerclient/api/v1/__pycache__/__init__.cpython-37.pyc
   /usr/lib/python3.7/site-packages/dcmanagerclient/api/v1/__pycache__/alarm_manager.cpython-37.pyc
   /usr/lib/python3.7/site-packages/dcmanagerclient/api/v1/__pycache__/client.cpython-37.pyc
   /usr/lib/python3.7/site-packages/dcmanagerclient/api/v1/__pycache__/subcloud_manager.cpython-37.pyc
   /usr/lib/python3.7/site-packages/dcmanagerclient/api/v1/__pycache__/sw_update_manager.cpython-37.pyc
   /usr/lib/python3.7/site-packages/dcmanagerclient/api/v1/__pycache__/sw_update_options_manager.cpython-37.pyc
   /usr/lib/python3.7/site-packages/dcmanagerclient/api/v1/alarm_manager.py
   /usr/lib/python3.7/site-packages/dcmanagerclient/api/v1/client.py
   /usr/lib/python3.7/site-packages/dcmanagerclient/api/v1/subcloud_manager.py
   /usr/lib/python3.7/site-packages/dcmanagerclient/api/v1/sw_update_manager.py
   /usr/lib/python3.7/site-packages/dcmanagerclient/api/v1/sw_update_options_manager.py
   /usr/lib/python3.7/site-packages/dcmanagerclient/commands/__init__.py
   /usr/lib/python3.7/site-packages/dcmanagerclient/commands/__pycache__/__init__.cpython-37.pyc
   /usr/lib/python3.7/site-packages/dcmanagerclient/commands/v1/__init__.py
   /usr/lib/python3.7/site-packages/dcmanagerclient/commands/v1/__pycache__/__init__.cpython-37.pyc
   /usr/lib/python3.7/site-packages/dcmanagerclient/commands/v1/__pycache__/alarm_manager.cpython-37.pyc
   /usr/lib/python3.7/site-packages/dcmanagerclient/commands/v1/__pycache__/base.cpython-37.pyc
   /usr/lib/python3.7/site-packages/dcmanagerclient/commands/v1/__pycache__/subcloud_manager.cpython-37.pyc
   /usr/lib/python3.7/site-packages/dcmanagerclient/commands/v1/__pycache__/sw_update_manager.cpython-37.pyc
   /usr/lib/python3.7/site-packages/dcmanagerclient/commands/v1/__pycache__/sw_update_options_manager.cpython-37.pyc
   /usr/lib/python3.7/site-packages/dcmanagerclient/commands/v1/alarm_manager.py
   /usr/lib/python3.7/site-packages/dcmanagerclient/commands/v1/base.py
   /usr/lib/python3.7/site-packages/dcmanagerclient/commands/v1/subcloud_manager.py
   /usr/lib/python3.7/site-packages/dcmanagerclient/commands/v1/sw_update_manager.py
   /usr/lib/python3.7/site-packages/dcmanagerclient/commands/v1/sw_update_options_manager.py
   /usr/lib/python3.7/site-packages/dcmanagerclient/exceptions.py
   /usr/lib/python3.7/site-packages/dcmanagerclient/openstack/__init__.py
   /usr/lib/python3.7/site-packages/dcmanagerclient/openstack/__pycache__/__init__.cpython-37.pyc
   /usr/lib/python3.7/site-packages/dcmanagerclient/openstack/common/__init__.py
   /usr/lib/python3.7/site-packages/dcmanagerclient/openstack/common/__pycache__/__init__.cpython-37.pyc
   /usr/lib/python3.7/site-packages/dcmanagerclient/openstack/common/__pycache__/cliutils.cpython-37.pyc
   /usr/lib/python3.7/site-packages/dcmanagerclient/openstack/common/__pycache__/gettextutils.cpython-37.pyc
   /usr/lib/python3.7/site-packages/dcmanagerclient/openstack/common/__pycache__/importutils.cpython-37.pyc
   /usr/lib/python3.7/site-packages/dcmanagerclient/openstack/common/__pycache__/strutils.cpython-37.pyc
   /usr/lib/python3.7/site-packages/dcmanagerclient/openstack/common/__pycache__/uuidutils.cpython-37.pyc
   /usr/lib/python3.7/site-packages/dcmanagerclient/openstack/common/apiclient/__init__.py
   /usr/lib/python3.7/site-packages/dcmanagerclient/openstack/common/apiclient/__pycache__/__init__.cpython-37.pyc
   /usr/lib/python3.7/site-packages/dcmanagerclient/openstack/common/apiclient/__pycache__/auth.cpython-37.pyc
   /usr/lib/python3.7/site-packages/dcmanagerclient/openstack/common/apiclient/__pycache__/base.cpython-37.pyc
   /usr/lib/python3.7/site-packages/dcmanagerclient/openstack/common/apiclient/__pycache__/client.cpython-37.pyc
   /usr/lib/python3.7/site-packages/dcmanagerclient/openstack/common/apiclient/__pycache__/exceptions.cpython-37.pyc
   /usr/lib/python3.7/site-packages/dcmanagerclient/openstack/common/apiclient/__pycache__/fake_client.cpython-37.pyc
   /usr/lib/python3.7/site-packages/dcmanagerclient/openstack/common/apiclient/auth.py
   /usr/lib/python3.7/site-packages/dcmanagerclient/openstack/common/apiclient/base.py
   /usr/lib/python3.7/site-packages/dcmanagerclient/openstack/common/apiclient/client.py
   /usr/lib/python3.7/site-packages/dcmanagerclient/openstack/common/apiclient/exceptions.py
   /usr/lib/python3.7/site-packages/dcmanagerclient/openstack/common/apiclient/fake_client.py
   /usr/lib/python3.7/site-packages/dcmanagerclient/openstack/common/cliutils.py
   /usr/lib/python3.7/site-packages/dcmanagerclient/openstack/common/gettextutils.py
   /usr/lib/python3.7/site-packages/dcmanagerclient/openstack/common/importutils.py
   /usr/lib/python3.7/site-packages/dcmanagerclient/openstack/common/strutils.py
   /usr/lib/python3.7/site-packages/dcmanagerclient/openstack/common/uuidutils.py
   /usr/lib/python3.7/site-packages/dcmanagerclient/shell.py
   /usr/lib/python3.7/site-packages/dcmanagerclient/tests/__init__.py
   /usr/lib/python3.7/site-packages/dcmanagerclient/tests/__pycache__/__init__.cpython-37.pyc
   /usr/lib/python3.7/site-packages/dcmanagerclient/tests/__pycache__/base.cpython-37.pyc
   /usr/lib/python3.7/site-packages/dcmanagerclient/tests/__pycache__/base_shell_test.cpython-37.pyc
   /usr/lib/python3.7/site-packages/dcmanagerclient/tests/__pycache__/test_client.cpython-37.pyc
   /usr/lib/python3.7/site-packages/dcmanagerclient/tests/__pycache__/test_help_and_bash_completion.cpython-37.pyc
   /usr/lib/python3.7/site-packages/dcmanagerclient/tests/__pycache__/test_httpclient.cpython-37.pyc
   /usr/lib/python3.7/site-packages/dcmanagerclient/tests/__pycache__/test_shell.cpython-37.pyc
   /usr/lib/python3.7/site-packages/dcmanagerclient/tests/__pycache__/test_utils.cpython-37.pyc
   /usr/lib/python3.7/site-packages/dcmanagerclient/tests/base.py
   /usr/lib/python3.7/site-packages/dcmanagerclient/tests/base_shell_test.py
   /usr/lib/python3.7/site-packages/dcmanagerclient/tests/test_client.py
   /usr/lib/python3.7/site-packages/dcmanagerclient/tests/test_help_and_bash_completion.py
   /usr/lib/python3.7/site-packages/dcmanagerclient/tests/test_httpclient.py
   /usr/lib/python3.7/site-packages/dcmanagerclient/tests/test_shell.py
   /usr/lib/python3.7/site-packages/dcmanagerclient/tests/test_utils.py
   /usr/lib/python3.7/site-packages/dcmanagerclient/tests/v1/__init__.py
   /usr/lib/python3.7/site-packages/dcmanagerclient/tests/v1/__pycache__/__init__.cpython-37.pyc
   /usr/lib/python3.7/site-packages/dcmanagerclient/tests/v1/__pycache__/test_subcloud_manager.cpython-37.pyc
   /usr/lib/python3.7/site-packages/dcmanagerclient/tests/v1/test_subcloud_manager.py
   /usr/lib/python3.7/site-packages/dcmanagerclient/utils.py
   /usr/lib/python3.7/site-packages/distributedcloud_client-1.0.0-py3.7.egg-info/PKG-INFO
   /usr/lib/python3.7/site-packages/distributedcloud_client-1.0.0-py3.7.egg-info/SOURCES.txt
   /usr/lib/python3.7/site-packages/distributedcloud_client-1.0.0-py3.7.egg-info/dependency_links.txt
   /usr/lib/python3.7/site-packages/distributedcloud_client-1.0.0-py3.7.egg-info/entry_points.txt
   /usr/lib/python3.7/site-packages/distributedcloud_client-1.0.0-py3.7.egg-info/not-zip-safe
   /usr/lib/python3.7/site-packages/distributedcloud_client-1.0.0-py3.7.egg-info/requires.txt
   /usr/lib/python3.7/site-packages/distributedcloud_client-1.0.0-py3.7.egg-info/top_level.txt
    Empty %files file /builddir/build/BUILD/distributedcloud-client-1.0.0/debugfiles.list
    Empty %files file /builddir/build/BUILD/distributedcloud-client-1.0.0/abifiles.list
    Installed (but unpackaged) file(s) found:
   /usr/bin/dcmanager
   /usr/lib/python3.7/site-packages/dcmanagerclient/__init__.py
   /usr/lib/python3.7/site-packages/dcmanagerclient/__pycache__/__init__.cpython-37.pyc
   /usr/lib/python3.7/site-packages/dcmanagerclient/__pycache__/exceptions.cpython-37.pyc
   /usr/lib/python3.7/site-packages/dcmanagerclient/__pycache__/shell.cpython-37.pyc
   /usr/lib/python3.7/site-packages/dcmanagerclient/__pycache__/utils.cpython-37.pyc
   /usr/lib/python3.7/site-packages/dcmanagerclient/api/__init__.py
   /usr/lib/python3.7/site-packages/dcmanagerclient/api/__pycache__/__init__.cpython-37.pyc
   /usr/lib/python3.7/site-packages/dcmanagerclient/api/__pycache__/base.cpython-37.pyc
   /usr/lib/python3.7/site-packages/dcmanagerclient/api/__pycache__/client.cpython-37.pyc
   /usr/lib/python3.7/site-packages/dcmanagerclient/api/__pycache__/httpclient.cpython-37.pyc
   /usr/lib/python3.7/site-packages/dcmanagerclient/api/base.py
   /usr/lib/python3.7/site-packages/dcmanagerclient/api/client.py
   /usr/lib/python3.7/site-packages/dcmanagerclient/api/httpclient.py
   /usr/lib/python3.7/site-packages/dcmanagerclient/api/v1/__init__.py
   /usr/lib/python3.7/site-packages/dcmanagerclient/api/v1/__pycache__/__init__.cpython-37.pyc
   /usr/lib/python3.7/site-packages/dcmanagerclient/api/v1/__pycache__/alarm_manager.cpython-37.pyc
   /usr/lib/python3.7/site-packages/dcmanagerclient/api/v1/__pycache__/client.cpython-37.pyc
   /usr/lib/python3.7/site-packages/dcmanagerclient/api/v1/__pycache__/subcloud_manager.cpython-37.pyc
   /usr/lib/python3.7/site-packages/dcmanagerclient/api/v1/__pycache__/sw_update_manager.cpython-37.pyc
   /usr/lib/python3.7/site-packages/dcmanagerclient/api/v1/__pycache__/sw_update_options_manager.cpython-37.pyc
   /usr/lib/python3.7/site-packages/dcmanagerclient/api/v1/alarm_manager.py
   /usr/lib/python3.7/site-packages/dcmanagerclient/api/v1/client.py
   /usr/lib/python3.7/site-packages/dcmanagerclient/api/v1/subcloud_manager.py
   /usr/lib/python3.7/site-packages/dcmanagerclient/api/v1/sw_update_manager.py
   /usr/lib/python3.7/site-packages/dcmanagerclient/api/v1/sw_update_options_manager.py
   /usr/lib/python3.7/site-packages/dcmanagerclient/commands/__init__.py
   /usr/lib/python3.7/site-packages/dcmanagerclient/commands/__pycache__/__init__.cpython-37.pyc
   /usr/lib/python3.7/site-packages/dcmanagerclient/commands/v1/__init__.py
   /usr/lib/python3.7/site-packages/dcmanagerclient/commands/v1/__pycache__/__init__.cpython-37.pyc
   /usr/lib/python3.7/site-packages/dcmanagerclient/commands/v1/__pycache__/alarm_manager.cpython-37.pyc
   /usr/lib/python3.7/site-packages/dcmanagerclient/commands/v1/__pycache__/base.cpython-37.pyc
   /usr/lib/python3.7/site-packages/dcmanagerclient/commands/v1/__pycache__/subcloud_manager.cpython-37.pyc
   /usr/lib/python3.7/site-packages/dcmanagerclient/commands/v1/__pycache__/sw_update_manager.cpython-37.pyc
   /usr/lib/python3.7/site-packages/dcmanagerclient/commands/v1/__pycache__/sw_update_options_manager.cpython-37.pyc
   /usr/lib/python3.7/site-packages/dcmanagerclient/commands/v1/alarm_manager.py
   /usr/lib/python3.7/site-packages/dcmanagerclient/commands/v1/base.py
   /usr/lib/python3.7/site-packages/dcmanagerclient/commands/v1/subcloud_manager.py
   /usr/lib/python3.7/site-packages/dcmanagerclient/commands/v1/sw_update_manager.py
   /usr/lib/python3.7/site-packages/dcmanagerclient/commands/v1/sw_update_options_manager.py
   /usr/lib/python3.7/site-packages/dcmanagerclient/exceptions.py
   /usr/lib/python3.7/site-packages/dcmanagerclient/openstack/__init__.py
   /usr/lib/python3.7/site-packages/dcmanagerclient/openstack/__pycache__/__init__.cpython-37.pyc
   /usr/lib/python3.7/site-packages/dcmanagerclient/openstack/common/__init__.py
   /usr/lib/python3.7/site-packages/dcmanagerclient/openstack/common/__pycache__/__init__.cpython-37.pyc
   /usr/lib/python3.7/site-packages/dcmanagerclient/openstack/common/__pycache__/cliutils.cpython-37.pyc
   /usr/lib/python3.7/site-packages/dcmanagerclient/openstack/common/__pycache__/gettextutils.cpython-37.pyc
   /usr/lib/python3.7/site-packages/dcmanagerclient/openstack/common/__pycache__/importutils.cpython-37.pyc
   /usr/lib/python3.7/site-packages/dcmanagerclient/openstack/common/__pycache__/strutils.cpython-37.pyc
   /usr/lib/python3.7/site-packages/dcmanagerclient/openstack/common/__pycache__/uuidutils.cpython-37.pyc
   /usr/lib/python3.7/site-packages/dcmanagerclient/openstack/common/apiclient/__init__.py
   /usr/lib/python3.7/site-packages/dcmanagerclient/openstack/common/apiclient/__pycache__/__init__.cpython-37.pyc
   /usr/lib/python3.7/site-packages/dcmanagerclient/openstack/common/apiclient/__pycache__/auth.cpython-37.pyc
   /usr/lib/python3.7/site-packages/dcmanagerclient/openstack/common/apiclient/__pycache__/base.cpython-37.pyc
   /usr/lib/python3.7/site-packages/dcmanagerclient/openstack/common/apiclient/__pycache__/client.cpython-37.pyc
   /usr/lib/python3.7/site-packages/dcmanagerclient/openstack/common/apiclient/__pycache__/exceptions.cpython-37.pyc
   /usr/lib/python3.7/site-packages/dcmanagerclient/openstack/common/apiclient/__pycache__/fake_client.cpython-37.pyc
   /usr/lib/python3.7/site-packages/dcmanagerclient/openstack/common/apiclient/auth.py
   /usr/lib/python3.7/site-packages/dcmanagerclient/openstack/common/apiclient/base.py
   /usr/lib/python3.7/site-packages/dcmanagerclient/openstack/common/apiclient/client.py
   /usr/lib/python3.7/site-packages/dcmanagerclient/openstack/common/apiclient/exceptions.py
   /usr/lib/python3.7/site-packages/dcmanagerclient/openstack/common/apiclient/fake_client.py
   /usr/lib/python3.7/site-packages/dcmanagerclient/openstack/common/cliutils.py
   /usr/lib/python3.7/site-packages/dcmanagerclient/openstack/common/gettextutils.py
   /usr/lib/python3.7/site-packages/dcmanagerclient/openstack/common/importutils.py
   /usr/lib/python3.7/site-packages/dcmanagerclient/openstack/common/strutils.py
   /usr/lib/python3.7/site-packages/dcmanagerclient/openstack/common/uuidutils.py
   /usr/lib/python3.7/site-packages/dcmanagerclient/shell.py
   /usr/lib/python3.7/site-packages/dcmanagerclient/tests/__init__.py
   /usr/lib/python3.7/site-packages/dcmanagerclient/tests/__pycache__/__init__.cpython-37.pyc
   /usr/lib/python3.7/site-packages/dcmanagerclient/tests/__pycache__/base.cpython-37.pyc
   /usr/lib/python3.7/site-packages/dcmanagerclient/tests/__pycache__/base_shell_test.cpython-37.pyc
   /usr/lib/python3.7/site-packages/dcmanagerclient/tests/__pycache__/test_client.cpython-37.pyc
   /usr/lib/python3.7/site-packages/dcmanagerclient/tests/__pycache__/test_help_and_bash_completion.cpython-37.pyc
   /usr/lib/python3.7/site-packages/dcmanagerclient/tests/__pycache__/test_httpclient.cpython-37.pyc
   /usr/lib/python3.7/site-packages/dcmanagerclient/tests/__pycache__/test_shell.cpython-37.pyc
   /usr/lib/python3.7/site-packages/dcmanagerclient/tests/__pycache__/test_utils.cpython-37.pyc
   /usr/lib/python3.7/site-packages/dcmanagerclient/tests/base.py
   /usr/lib/python3.7/site-packages/dcmanagerclient/tests/base_shell_test.py
   /usr/lib/python3.7/site-packages/dcmanagerclient/tests/test_client.py
   /usr/lib/python3.7/site-packages/dcmanagerclient/tests/test_help_and_bash_completion.py
   /usr/lib/python3.7/site-packages/dcmanagerclient/tests/test_httpclient.py
   /usr/lib/python3.7/site-packages/dcmanagerclient/tests/test_shell.py
   /usr/lib/python3.7/site-packages/dcmanagerclient/tests/test_utils.py
   /usr/lib/python3.7/site-packages/dcmanagerclient/tests/v1/__init__.py
   /usr/lib/python3.7/site-packages/dcmanagerclient/tests/v1/__pycache__/__init__.cpython-37.pyc
   /usr/lib/python3.7/site-packages/dcmanagerclient/tests/v1/__pycache__/test_subcloud_manager.cpython-37.pyc
   /usr/lib/python3.7/site-packages/dcmanagerclient/tests/v1/test_subcloud_manager.py
   /usr/lib/python3.7/site-packages/dcmanagerclient/utils.py
   /usr/lib/python3.7/site-packages/distributedcloud_client-1.0.0-py3.7.egg-info/PKG-INFO
   /usr/lib/python3.7/site-packages/distributedcloud_client-1.0.0-py3.7.egg-info/SOURCES.txt
   /usr/lib/python3.7/site-packages/distributedcloud_client-1.0.0-py3.7.egg-info/dependency_links.txt
   /usr/lib/python3.7/site-packages/distributedcloud_client-1.0.0-py3.7.egg-info/entry_points.txt
   /usr/lib/python3.7/site-packages/distributedcloud_client-1.0.0-py3.7.egg-info/not-zip-safe
   /usr/lib/python3.7/site-packages/distributedcloud_client-1.0.0-py3.7.egg-info/requires.txt
   /usr/lib/python3.7/site-packages/distributedcloud_client-1.0.0-py3.7.egg-info/top_level.txt
Child return code was: 1
EXCEPTION: Command failed. See logs for output.
 # bash --login -c /usr/bin/rpmbuild -bb --target x86_64 --nodeps  /builddir/build/SPECS/distributedcloud-client.spec 
Traceback (most recent call last):
  File "/usr/lib/python3.7/site-packages/mockbuild/trace_decorator.py", line 84, in trace
    result = func(*args, **kw)
  File "/usr/lib/python3.7/site-packages/mockbuild/util.py", line 531, in do
    raise exception.Error("Command failed. See logs for output.\n # %s" % (command,), child.returncode)
mockbuild.exception.Error: Command failed. See logs for output.
 # bash --login -c /usr/bin/rpmbuild -bb --target x86_64 --nodeps  /builddir/build/SPECS/distributedcloud-client.spec 
LEAVE do --> EXCEPTION RAISED

