Mock Version: 1.2.14
ENTER do(['bash', '--login', '-c', '/usr/bin/rpmbuild -bs --target x86_64 --nodeps /builddir/build/SPECS/mtce-common.spec'], chrootPath='/var/lib/mock/clear-mtce-common/root'env={'TERM': 'vt100', 'SHELL': '/bin/bash', 'HOME': '/builddir', 'HOSTNAME': 'mock', 'PATH': '/usr/bin:/bin:/usr/sbin:/sbin', 'LANG': 'en_US.UTF-8'}shell=Falselogger=<mockbuild.trace_decorator.getLog object at 0x7f5537c4be90>timeout=0uid=1000gid=1000user='mockbuild'printOutput=True)
Executing command: ['bash', '--login', '-c', '/usr/bin/rpmbuild -bs --target x86_64 --nodeps /builddir/build/SPECS/mtce-common.spec'] with env {'TERM': 'vt100', 'SHELL': '/bin/bash', 'HOME': '/builddir', 'HOSTNAME': 'mock', 'PATH': '/usr/bin:/bin:/usr/sbin:/sbin', 'LANG': 'en_US.UTF-8'} and shell False
Building target platforms: x86_64
Building for target x86_64
Wrote: /builddir/build/SRPMS/mtce-common-1.0-32.src.rpm
Child return code was: 0
LEAVE do --> 

ENTER do(['bash', '--login', '-c', '/usr/bin/rpmbuild -bb --target x86_64 --nodeps  /builddir/build/SPECS/mtce-common.spec '], chrootPath='/var/lib/mock/clear-mtce-common/root'env={'TERM': 'vt100', 'SHELL': '/bin/bash', 'HOME': '/builddir', 'HOSTNAME': 'mock', 'PATH': '/usr/bin:/bin:/usr/sbin:/sbin', 'LANG': 'en_US.UTF-8'}shell=Falselogger=<mockbuild.trace_decorator.getLog object at 0x7f5537c4be90>timeout=0uid=1000gid=1000user='mockbuild'private_network=TrueprintOutput=True)
Executing command: ['bash', '--login', '-c', '/usr/bin/rpmbuild -bb --target x86_64 --nodeps  /builddir/build/SPECS/mtce-common.spec '] with env {'TERM': 'vt100', 'SHELL': '/bin/bash', 'HOME': '/builddir', 'HOSTNAME': 'mock', 'PATH': '/usr/bin:/bin:/usr/sbin:/sbin', 'LANG': 'en_US.UTF-8'} and shell False
Building target platforms: x86_64
Building for target x86_64
Executing(%prep): /bin/sh -e /var/tmp/rpm-tmp.JqxTMI
+ umask 022
+ cd /builddir/build/BUILD
+ LANG=en_US.UTF-8
+ export LANG
+ unset DISPLAY
+ cd /builddir/build/BUILD
+ rm -rf mtce-common-1.0
+ /usr/bin/gzip -dc /builddir/build/SOURCES/mtce-common-1.0.tar.gz
+ /usr/bin/tar -xf -
+ STATUS=0
+ '[' 0 -ne 0 ']'
+ cd mtce-common-1.0
+ /usr/bin/chmod -Rf a+rX,u+w,g-w,o-w .
+ exit 0
Executing(%build): /bin/sh -e /var/tmp/rpm-tmp.5baFSG
+ umask 022
+ cd /builddir/build/BUILD
+ cd mtce-common-1.0
+ LANG=en_US.UTF-8
+ export LANG
+ unset DISPLAY
+ unset PYTHONOPTIMIZE
+ CFLAGS='-O2 -g -feliminate-unused-debug-types -pipe -Wall -Wp,-D_FORTIFY_SOURCE=2 -fexceptions -fstack-protector --param=ssp-buffer-size=32 -Wformat -Wformat-security -Wl,-z,now,-z,relro,-z,max-page-size=0x1000,-z,separate-code -Wno-error -ftree-vectorize -ftree-slp-vectorize -Wl,--enable-new-dtags -fcf-protection=return -m64 -march=westmere -mtune=haswell -fasynchronous-unwind-tables -fno-omit-frame-pointer -Wp,-D_REENTRANT'
+ export CFLAGS
+ http_proxy=http://127.0.0.1:9/
+ export http_proxy
+ https_proxy=http://127.0.0.1:9/
+ export https_proxy
+ ftp_proxy=http://127.0.0.1:9/
+ export ftp_proxy
+ no_proxy=localhost,127.0.0.1,0.0.0.0
+ export no_proxy
+ CXXFLAGS='-O2 -g -feliminate-unused-debug-types -pipe -Wall -Wp,-D_FORTIFY_SOURCE=2 -fexceptions -fstack-protector --param=ssp-buffer-size=32 -Wformat -Wformat-security -Wl,-z,now,-z,relro,-z,max-page-size=0x1000,-z,separate-code -Wno-error -ftree-vectorize -ftree-slp-vectorize -Wl,--enable-new-dtags -fcf-protection=return -m64 -march=westmere -mtune=haswell -fasynchronous-unwind-tables -fno-omit-frame-pointer -Wp,-D_REENTRANT'
+ export CXXFLAGS
+ FFLAGS='-g -O3 -feliminate-unused-debug-types  -pipe -Wall -Wp,-D_FORTIFY_SOURCE=2 -fexceptions -fstack-protector --param=ssp-buffer-size=32 -m64 -fasynchronous-unwind-tables -Wp,-D_REENTRANT -ftree-loop-distribute-patterns -Wl,-z -Wl,now -Wl,-z -Wl,relro -malign-data=abi -fno-semantic-interposition -ftree-vectorize  -ftree-loop-vectorize -Wl,--enable-new-dtags '
+ export FFLAGS
+ LD_AS_NEEDED=1
+ export LD_AS_NEEDED
+ PKG_CONFIG_LIBDIR=/usr/lib64/pkgconfig
+ export PKG_CONFIG_LIBDIR
+ PATH=/usr/lib64/ccache/bin:/usr/local/bin:/usr/bin
+ export PATH
+ VER=1.0
++ echo 1.0
++ awk -F . '{print $1}'
+ MAJOR=1
++ echo 1.0
++ awk -F . '{print $2}'
+ MINOR=0
+ export http_proxy=http://127.0.0.1:9/
+ http_proxy=http://127.0.0.1:9/
+ export https_proxy=http://127.0.0.1:9/
+ https_proxy=http://127.0.0.1:9/
+ export no_proxy=localhost,127.0.0.1,0.0.0.0
+ no_proxy=localhost,127.0.0.1,0.0.0.0
+ export LANG=C.UTF-8
+ LANG=C.UTF-8
+ export SOURCE_DATE_EPOCH=1567647990
+ SOURCE_DATE_EPOCH=1567647990
+ export GCC_IGNORE_WERROR=1
+ GCC_IGNORE_WERROR=1
+ export AR=gcc-ar
+ AR=gcc-ar
+ export RANLIB=gcc-ranlib
+ RANLIB=gcc-ranlib
+ export NM=gcc-nm
+ NM=gcc-nm
+ export 'CFLAGS=-O2 -g -feliminate-unused-debug-types -pipe -Wall -Wp,-D_FORTIFY_SOURCE=2 -fexceptions -fstack-protector --param=ssp-buffer-size=32 -Wformat -Wformat-security -Wl,-z,now,-z,relro,-z,max-page-size=0x1000,-z,separate-code -Wno-error -ftree-vectorize -ftree-slp-vectorize -Wl,--enable-new-dtags -fcf-protection=return -m64 -march=westmere -mtune=haswell -fasynchronous-unwind-tables -fno-omit-frame-pointer -Wp,-D_REENTRANT -O3 -ffat-lto-objects -flto=4 '
+ CFLAGS='-O2 -g -feliminate-unused-debug-types -pipe -Wall -Wp,-D_FORTIFY_SOURCE=2 -fexceptions -fstack-protector --param=ssp-buffer-size=32 -Wformat -Wformat-security -Wl,-z,now,-z,relro,-z,max-page-size=0x1000,-z,separate-code -Wno-error -ftree-vectorize -ftree-slp-vectorize -Wl,--enable-new-dtags -fcf-protection=return -m64 -march=westmere -mtune=haswell -fasynchronous-unwind-tables -fno-omit-frame-pointer -Wp,-D_REENTRANT -O3 -ffat-lto-objects -flto=4 '
+ export 'FCFLAGS=-O2 -g -feliminate-unused-debug-types -pipe -Wall -Wp,-D_FORTIFY_SOURCE=2 -fexceptions -fstack-protector --param=ssp-buffer-size=32 -Wformat -Wformat-security -Wl,-z,now,-z,relro,-z,max-page-size=0x1000,-z,separate-code -Wno-error -ftree-vectorize -ftree-slp-vectorize -Wl,--enable-new-dtags -fcf-protection=return -m64 -march=westmere -mtune=haswell -fasynchronous-unwind-tables -fno-omit-frame-pointer -Wp,-D_REENTRANT -O3 -ffat-lto-objects -flto=4  -O3 -ffat-lto-objects -flto=4 '
+ FCFLAGS='-O2 -g -feliminate-unused-debug-types -pipe -Wall -Wp,-D_FORTIFY_SOURCE=2 -fexceptions -fstack-protector --param=ssp-buffer-size=32 -Wformat -Wformat-security -Wl,-z,now,-z,relro,-z,max-page-size=0x1000,-z,separate-code -Wno-error -ftree-vectorize -ftree-slp-vectorize -Wl,--enable-new-dtags -fcf-protection=return -m64 -march=westmere -mtune=haswell -fasynchronous-unwind-tables -fno-omit-frame-pointer -Wp,-D_REENTRANT -O3 -ffat-lto-objects -flto=4  -O3 -ffat-lto-objects -flto=4 '
+ export 'FFLAGS=-O2 -g -feliminate-unused-debug-types -pipe -Wall -Wp,-D_FORTIFY_SOURCE=2 -fexceptions -fstack-protector --param=ssp-buffer-size=32 -Wformat -Wformat-security -Wl,-z,now,-z,relro,-z,max-page-size=0x1000,-z,separate-code -Wno-error -ftree-vectorize -ftree-slp-vectorize -Wl,--enable-new-dtags -fcf-protection=return -m64 -march=westmere -mtune=haswell -fasynchronous-unwind-tables -fno-omit-frame-pointer -Wp,-D_REENTRANT -O3 -ffat-lto-objects -flto=4  -O3 -ffat-lto-objects -flto=4 '
+ FFLAGS='-O2 -g -feliminate-unused-debug-types -pipe -Wall -Wp,-D_FORTIFY_SOURCE=2 -fexceptions -fstack-protector --param=ssp-buffer-size=32 -Wformat -Wformat-security -Wl,-z,now,-z,relro,-z,max-page-size=0x1000,-z,separate-code -Wno-error -ftree-vectorize -ftree-slp-vectorize -Wl,--enable-new-dtags -fcf-protection=return -m64 -march=westmere -mtune=haswell -fasynchronous-unwind-tables -fno-omit-frame-pointer -Wp,-D_REENTRANT -O3 -ffat-lto-objects -flto=4  -O3 -ffat-lto-objects -flto=4 '
+ export 'CXXFLAGS=-O2 -g -feliminate-unused-debug-types -pipe -Wall -Wp,-D_FORTIFY_SOURCE=2 -fexceptions -fstack-protector --param=ssp-buffer-size=32 -Wformat -Wformat-security -Wl,-z,now,-z,relro,-z,max-page-size=0x1000,-z,separate-code -Wno-error -ftree-vectorize -ftree-slp-vectorize -Wl,--enable-new-dtags -fcf-protection=return -m64 -march=westmere -mtune=haswell -fasynchronous-unwind-tables -fno-omit-frame-pointer -Wp,-D_REENTRANT -O3 -ffat-lto-objects -flto=4 '
+ CXXFLAGS='-O2 -g -feliminate-unused-debug-types -pipe -Wall -Wp,-D_FORTIFY_SOURCE=2 -fexceptions -fstack-protector --param=ssp-buffer-size=32 -Wformat -Wformat-security -Wl,-z,now,-z,relro,-z,max-page-size=0x1000,-z,separate-code -Wno-error -ftree-vectorize -ftree-slp-vectorize -Wl,--enable-new-dtags -fcf-protection=return -m64 -march=westmere -mtune=haswell -fasynchronous-unwind-tables -fno-omit-frame-pointer -Wp,-D_REENTRANT -O3 -ffat-lto-objects -flto=4 '
+ make -j4 MAJOR=1 MINOR=0 build
make[1]: warning: jobserver unavailable: using -j1.  Add '+' to parent make rule.
make[1]: Entering directory '/builddir/build/BUILD/mtce-common-1.0/daemon'
cppcheck --language=c++ --enable=warning -U__AREA__ -UWANT_FIT_TESTING *.cpp *.h
Checking daemon_common.h ...
1/9 files checked 11% done
Checking daemon_config.cpp ...
Checking daemon_config.cpp: MATCH...
2/9 files checked 27% done
Checking daemon_debug.cpp ...
Checking daemon_debug.cpp: MATCH...
3/9 files checked 36% done
Checking daemon_files.cpp ...
daemon_files.cpp:198:18: warning: sscanf() without field width limits can crash with huge input data. [invalidscanf]
            rc = sscanf ( &buffer[0], "%s", &data[0] );
                 ^
daemon_files.cpp:752:26: warning: sscanf() without field width limits can crash with huge input data. [invalidscanf]
                result = sscanf(buffer, "%[^:]:%[^:]:%*[^:]:%*[^:]:%[^:]",
                         ^
Checking daemon_files.cpp: WANT_HIT_THROTTLE...
Checking daemon_files.cpp: _MTC_DAEMON_H__...
4/9 files checked 73% done
Checking daemon_ini.cpp ...
Checking daemon_ini.cpp: INI_ALLOW_BOM...
Checking daemon_ini.cpp: INI_ALLOW_MULTILINE...
Checking daemon_ini.cpp: INI_USE_STACK...
Checking daemon_ini.cpp: INI_USE_STACK=0...
Checking daemon_ini.cpp: MATCH...
5/9 files checked 80% done
Checking daemon_ini.h ...
Checking daemon_ini.h: MATCH...
6/9 files checked 82% done
Checking daemon_main.cpp ...
daemon_main.cpp:381:20: warning: Comparison of a boolean expression with an integer. [compareBoolExpressionWithInt]
   if ( opts.front != true )
                   ^
Checking daemon_main.cpp: _MTC_DAEMON_H__...
7/9 files checked 91% done
Checking daemon_option.h ...
Checking daemon_option.h: _MTC_DAEMON_H__...
8/9 files checked 93% done
Checking daemon_signal.cpp ...
9/9 files checked 100% done
g++ -I. -I../common -g -O2 -Wall -Wextra -Werror -DBUILDINFO="\"$(date)\"" -lstdc++  -c daemon_main.cpp -o daemon_main.o
g++ -I. -I../common -g -O2 -Wall -Wextra -Werror -DBUILDINFO="\"$(date)\"" -lstdc++  -c daemon_ini.cpp -o daemon_ini.o
g++ -I. -I../common -g -O2 -Wall -Wextra -Werror -DBUILDINFO="\"$(date)\"" -lstdc++  -c daemon_debug.cpp -o daemon_debug.o
g++ -I. -I../common -g -O2 -Wall -Wextra -Werror -DBUILDINFO="\"$(date)\"" -lstdc++  -c daemon_signal.cpp -o daemon_signal.o
g++ -I. -I../common -g -O2 -Wall -Wextra -Werror -DBUILDINFO="\"$(date)\"" -lstdc++  -c daemon_config.cpp -o daemon_config.o
g++ -I. -I../common -g -O2 -Wall -Wextra -Werror -DBUILDINFO="\"$(date)\"" -lstdc++  -c daemon_files.cpp -o daemon_files.o
ar rcs libdaemon.a daemon_main.o daemon_ini.o daemon_debug.o daemon_signal.o daemon_config.o daemon_files.o 
make[1]: Leaving directory '/builddir/build/BUILD/mtce-common-1.0/daemon'
make[1]: warning: jobserver unavailable: using -j1.  Add '+' to parent make rule.
make[1]: Entering directory '/builddir/build/BUILD/mtce-common-1.0/common'
g++ -c threadUtil.cpp -g -O2 -Wall -Wextra -Werror -std=c++11 -I. -I../daemon  -lstdc++ -ldaemon -lcommon -lfmcommon -lrt -lpq -levent -ljson-c -lcrypto -luuid -lpthread -o threadUtil.o
ar rcs libthreadUtil.a threadUtil.o 
cppcheck --language=c++ --enable=warning -U__AREA__ -UWANT_FIT_TESTING *.cpp *.h
Checking alarmUtil.cpp ...
Checking alarmUtil.cpp: WANT_ALARM_QUERY...
1/42 files checked 2% done
Checking alarmUtil.h ...
2/42 files checked 3% done
Checking fitCodes.h ...
3/42 files checked 4% done
Checking hostClass.cpp ...
4/42 files checked 6% done
Checking hostClass.h ...
5/42 files checked 7% done
Checking hostUtil.cpp ...
6/42 files checked 8% done
Checking hostUtil.h ...
7/42 files checked 8% done
Checking httpUtil.cpp ...
8/42 files checked 15% done
Checking httpUtil.h ...
9/42 files checked 17% done
Checking ipmiUtil.cpp ...
10/42 files checked 18% done
Checking ipmiUtil.h ...
11/42 files checked 19% done
Checking jsonUtil.cpp ...
12/42 files checked 27% done
Checking jsonUtil.h ...
13/42 files checked 28% done
Checking keyClass.cpp ...
14/42 files checked 31% done
Checking keyClass.h ...
15/42 files checked 31% done
Checking logMacros.h ...
16/42 files checked 36% done
Checking msgClass.cpp ...
17/42 files checked 41% done
Checking msgClass.h ...
18/42 files checked 42% done
Checking nlEvent.cpp ...
Checking nlEvent.cpp: RTM_NEWADDR_SUPPORTED...
19/42 files checked 44% done
Checking nlEvent.h ...
20/42 files checked 44% done
Checking nodeBase.cpp ...
21/42 files checked 50% done
Checking nodeBase.h ...
22/42 files checked 58% done
Checking nodeEvent.cpp ...
23/42 files checked 60% done
Checking nodeEvent.h ...
24/42 files checked 60% done
Checking nodeMacro.h ...
25/42 files checked 63% done
Checking nodeTimers.cpp ...
Checking nodeTimers.cpp: UNUSED...
Checking nodeTimers.cpp: WANT_OUTSTANDING_TIMER_COUNT...
Checking nodeTimers.cpp: WANT_TIMER_STOP_BY_ID...
26/42 files checked 66% done
Checking nodeTimers.h ...
27/42 files checked 67% done
Checking nodeUtil.cpp ...
Checking nodeUtil.cpp: WANT_DEBUG...
28/42 files checked 76% done
Checking nodeUtil.h ...
29/42 files checked 77% done
Checking pingUtil.cpp ...
Checking pingUtil.cpp: WANT_MAIN...
30/42 files checked 82% done
Checking pingUtil.h ...
31/42 files checked 82% done
Checking regexUtil.cpp ...
Checking regexUtil.cpp: WANT_MAIN...
Checking regexUtil.cpp: XXXX...
32/42 files checked 83% done
Checking regexUtil.h ...
33/42 files checked 83% done
Checking returnCodes.h ...
34/42 files checked 84% done
Checking secretUtil.cpp ...
35/42 files checked 86% done
Checking secretUtil.h ...
36/42 files checked 86% done
Checking threadUtil.cpp ...
Checking threadUtil.cpp: WANT_THROTTLED_PROGRESS_LOG...
37/42 files checked 91% done
Checking threadUtil.h ...
38/42 files checked 93% done
Checking timeUtil.cpp ...
39/42 files checked 94% done
Checking timeUtil.h ...
40/42 files checked 94% done
Checking tokenUtil.cpp ...
tokenUtil.cpp:467:31: warning: Either the condition '!header_token_ptr' is redundant or there is possible null pointer dereference: header_token_ptr. [nullPointerRedundantCheck]
        std::string token_str(header_token_ptr);
                              ^
tokenUtil.cpp:462:14: note: Assuming that condition '!header_token_ptr' is not redundant
        if ( !header_token_ptr )
             ^
tokenUtil.cpp:467:31: note: Null pointer dereference
        std::string token_str(header_token_ptr);
                              ^
41/42 files checked 99% done
Checking tokenUtil.h ...
42/42 files checked 100% done
g++ -g -O2 -Wall -Wextra -Werror -std=c++11 -I. -I../daemon  -c regexUtil.cpp -o regexUtil.o
g++ -g -O2 -Wall -Wextra -Werror -std=c++11 -I. -I../daemon  -c timeUtil.cpp -o timeUtil.o
g++ -g -O2 -Wall -Wextra -Werror -std=c++11 -I. -I../daemon  -c ipmiUtil.cpp -o ipmiUtil.o
g++ -g -O2 -Wall -Wextra -Werror -std=c++11 -I. -I../daemon  -c pingUtil.cpp -o pingUtil.o
g++ -g -O2 -Wall -Wextra -Werror -std=c++11 -I. -I../daemon  -c keyClass.cpp -o keyClass.o
g++ -g -O2 -Wall -Wextra -Werror -std=c++11 -I. -I../daemon  -c hostClass.cpp -o hostClass.o
g++ -g -O2 -Wall -Wextra -Werror -std=c++11 -I. -I../daemon  -c nodeBase.cpp -o nodeBase.o
g++ -g -O2 -Wall -Wextra -Werror -std=c++11 -I. -I../daemon  -c nodeTimers.cpp -o nodeTimers.o
g++ -g -O2 -Wall -Wextra -Werror -std=c++11 -I. -I../daemon  -c nodeUtil.cpp -o nodeUtil.o
g++ -g -O2 -Wall -Wextra -Werror -std=c++11 -I. -I../daemon  -c hostUtil.cpp -o hostUtil.o
g++ -g -O2 -Wall -Wextra -Werror -std=c++11 -I. -I../daemon  -c nodeEvent.cpp -o nodeEvent.o
g++ -g -O2 -Wall -Wextra -Werror -std=c++11 -I. -I../daemon  -c alarmUtil.cpp -o alarmUtil.o
g++ -g -O2 -Wall -Wextra -Werror -std=c++11 -I. -I../daemon  -c nlEvent.cpp -o nlEvent.o
g++ -g -O2 -Wall -Wextra -Werror -std=c++11 -I. -I../daemon  -c jsonUtil.cpp -o jsonUtil.o
g++ -g -O2 -Wall -Wextra -Werror -std=c++11 -I. -I../daemon  -c httpUtil.cpp -o httpUtil.o
g++ -g -O2 -Wall -Wextra -Werror -std=c++11 -I. -I../daemon  -c tokenUtil.cpp -o tokenUtil.o
g++ -g -O2 -Wall -Wextra -Werror -std=c++11 -I. -I../daemon  -c secretUtil.cpp -o secretUtil.o
g++ -g -O2 -Wall -Wextra -Werror -std=c++11 -I. -I../daemon  -c msgClass.cpp -o msgClass.o
msgClass.cpp: In static member function ‘static int msgClassAddr::getAddressFromInterface(const char*, char*, int)’:
msgClass.cpp:334:17: warning: ‘%s’ directive output may be truncated writing up to 13 bytes into a region of size between 1 and 256 [-Wformat-truncation=]
  334 |              "%s%s", hostname,
      |                 ^~
msgClass.cpp:333:13: note: ‘snprintf’ output between 1 and 269 bytes into a destination of size 256
  333 |     snprintf(iface_hostname, sizeof(iface_hostname),
      |     ~~~~~~~~^~~~~~~~~~~~~~~~~~~~~~~~~~~~~~~~~~~~~~~~
  334 |              "%s%s", hostname,
      |              ~~~~~~~~~~~~~~~~~
  335 |              (((interface_type == CLSTR_IFACE)) ? CLUSTER_HOST_SUFFIX : ""));
      |              ~~~~~~~~~~~~~~~~~~~~~~~~~~~~~~~~~~~~~~~~~~~~~~~~~~~~~~~~~~~~~~~
ar rcs libcommon.a regexUtil.o timeUtil.o pingUtil.o keyClass.o hostClass.o nodeBase.o nodeTimers.o nodeUtil.o hostUtil.o nodeEvent.o alarmUtil.o nlEvent.o jsonUtil.o httpUtil.o tokenUtil.o secretUtil.o msgClass.o 
ar rcs libipmiUtil.a ipmiUtil.o 
ar rcs libpingUtil.a pingUtil.o 
ar rcs libnodeBase.a nodeBase.o 
ar rcs libregexUtil.a regexUtil.o 
ar rcs libhostUtil.a hostUtil.o 
make[1]: Leaving directory '/builddir/build/BUILD/mtce-common-1.0/common'
+ exit 0
Executing(%install): /bin/sh -e /var/tmp/rpm-tmp.qOeOwI
+ umask 022
+ cd /builddir/build/BUILD
+ cd mtce-common-1.0
+ LANG=en_US.UTF-8
+ export LANG
+ unset DISPLAY
+ unset PYTHONOPTIMIZE
+ rm -rf /builddir/build/BUILDROOT/mtce-common-1.0-32.x86_64
+ mkdir -p /builddir/build/BUILDROOT/mtce-common-1.0-32.x86_64
+ export SOURCE_DATE_EPOCH=1567647990
+ SOURCE_DATE_EPOCH=1567647990
+ rm -rf /builddir/build/BUILDROOT/mtce-common-1.0-32.x86_64
+ VER=1.0
++ echo 1.0
++ awk -F . '{print $1}'
+ MAJOR=1
++ echo 1.0
++ awk -F . '{print $2}'
+ MINOR=0
+ install -m 755 -d /builddir/build/BUILDROOT/mtce-common-1.0-32.x86_64/usr/lib64
+ install -m 644 -p -D /builddir/build/BUILD/mtce-common-1.0/daemon/libdaemon.a /builddir/build/BUILDROOT/mtce-common-1.0-32.x86_64/usr/lib64
+ install -m 644 -p -D /builddir/build/BUILD/mtce-common-1.0/common/libcommon.a /builddir/build/BUILDROOT/mtce-common-1.0-32.x86_64/usr/lib64
+ install -m 644 -p -D /builddir/build/BUILD/mtce-common-1.0/common/libthreadUtil.a /builddir/build/BUILDROOT/mtce-common-1.0-32.x86_64/usr/lib64
+ install -m 644 -p -D /builddir/build/BUILD/mtce-common-1.0/common/libipmiUtil.a /builddir/build/BUILDROOT/mtce-common-1.0-32.x86_64/usr/lib64
+ install -m 644 -p -D /builddir/build/BUILD/mtce-common-1.0/common/libpingUtil.a /builddir/build/BUILDROOT/mtce-common-1.0-32.x86_64/usr/lib64
+ install -m 644 -p -D /builddir/build/BUILD/mtce-common-1.0/common/libnodeBase.a /builddir/build/BUILDROOT/mtce-common-1.0-32.x86_64/usr/lib64
+ install -m 644 -p -D /builddir/build/BUILD/mtce-common-1.0/common/libregexUtil.a /builddir/build/BUILDROOT/mtce-common-1.0-32.x86_64/usr/lib64
+ install -m 644 -p -D /builddir/build/BUILD/mtce-common-1.0/common/libhostUtil.a /builddir/build/BUILDROOT/mtce-common-1.0-32.x86_64/usr/lib64
+ install -m 755 -d /builddir/build/BUILDROOT/mtce-common-1.0-32.x86_64/usr/include
+ install -m 755 -d /builddir/build/BUILDROOT/mtce-common-1.0-32.x86_64/usr/include/mtce-common
+ install -m 644 -p -D /builddir/build/BUILD/mtce-common-1.0/common/fitCodes.h /builddir/build/BUILDROOT/mtce-common-1.0-32.x86_64/usr/include/mtce-common
+ install -m 644 -p -D /builddir/build/BUILD/mtce-common-1.0/common/logMacros.h /builddir/build/BUILDROOT/mtce-common-1.0-32.x86_64/usr/include/mtce-common
+ install -m 644 -p -D /builddir/build/BUILD/mtce-common-1.0/common/returnCodes.h /builddir/build/BUILDROOT/mtce-common-1.0-32.x86_64/usr/include/mtce-common
+ install -m 644 -p -D /builddir/build/BUILD/mtce-common-1.0/common/nodeTimers.h /builddir/build/BUILDROOT/mtce-common-1.0-32.x86_64/usr/include/mtce-common
+ install -m 644 -p -D /builddir/build/BUILD/mtce-common-1.0/common/hostClass.h /builddir/build/BUILDROOT/mtce-common-1.0-32.x86_64/usr/include/mtce-common
+ install -m 644 -p -D /builddir/build/BUILD/mtce-common-1.0/common/httpUtil.h /builddir/build/BUILDROOT/mtce-common-1.0-32.x86_64/usr/include/mtce-common
+ install -m 644 -p -D /builddir/build/BUILD/mtce-common-1.0/common/jsonUtil.h /builddir/build/BUILDROOT/mtce-common-1.0-32.x86_64/usr/include/mtce-common
+ install -m 644 -p -D /builddir/build/BUILD/mtce-common-1.0/common/msgClass.h /builddir/build/BUILDROOT/mtce-common-1.0-32.x86_64/usr/include/mtce-common
+ install -m 644 -p -D /builddir/build/BUILD/mtce-common-1.0/common/nodeBase.h /builddir/build/BUILDROOT/mtce-common-1.0-32.x86_64/usr/include/mtce-common
+ install -m 644 -p -D /builddir/build/BUILD/mtce-common-1.0/common/nodeEvent.h /builddir/build/BUILDROOT/mtce-common-1.0-32.x86_64/usr/include/mtce-common
+ install -m 644 -p -D /builddir/build/BUILD/mtce-common-1.0/common/nodeMacro.h /builddir/build/BUILDROOT/mtce-common-1.0-32.x86_64/usr/include/mtce-common
+ install -m 644 -p -D /builddir/build/BUILD/mtce-common-1.0/common/nodeUtil.h /builddir/build/BUILDROOT/mtce-common-1.0-32.x86_64/usr/include/mtce-common
+ install -m 644 -p -D /builddir/build/BUILD/mtce-common-1.0/common/timeUtil.h /builddir/build/BUILDROOT/mtce-common-1.0-32.x86_64/usr/include/mtce-common
+ install -m 755 -d /builddir/build/BUILDROOT/mtce-common-1.0-32.x86_64/usr/include/mtce-daemon
+ install -m 644 -p -D /builddir/build/BUILD/mtce-common-1.0/daemon/daemon_ini.h /builddir/build/BUILDROOT/mtce-common-1.0-32.x86_64/usr/include/mtce-daemon
+ install -m 644 -p -D /builddir/build/BUILD/mtce-common-1.0/daemon/daemon_common.h /builddir/build/BUILDROOT/mtce-common-1.0-32.x86_64/usr/include/mtce-daemon
+ install -m 644 -p -D /builddir/build/BUILD/mtce-common-1.0/daemon/daemon_option.h /builddir/build/BUILDROOT/mtce-common-1.0-32.x86_64/usr/include/mtce-daemon
+ install -m 644 -p -D /builddir/build/BUILD/mtce-common-1.0/common/alarmUtil.h /builddir/build/BUILDROOT/mtce-common-1.0-32.x86_64/usr/include/mtce-common
+ install -m 644 -p -D /builddir/build/BUILD/mtce-common-1.0/common/hostUtil.h /builddir/build/BUILDROOT/mtce-common-1.0-32.x86_64/usr/include/mtce-common
+ install -m 644 -p -D /builddir/build/BUILD/mtce-common-1.0/common/ipmiUtil.h /builddir/build/BUILDROOT/mtce-common-1.0-32.x86_64/usr/include/mtce-common
+ install -m 644 -p -D /builddir/build/BUILD/mtce-common-1.0/common/nlEvent.h /builddir/build/BUILDROOT/mtce-common-1.0-32.x86_64/usr/include/mtce-common
+ install -m 644 -p -D /builddir/build/BUILD/mtce-common-1.0/common/pingUtil.h /builddir/build/BUILDROOT/mtce-common-1.0-32.x86_64/usr/include/mtce-common
+ install -m 644 -p -D /builddir/build/BUILD/mtce-common-1.0/common/regexUtil.h /builddir/build/BUILDROOT/mtce-common-1.0-32.x86_64/usr/include/mtce-common
+ install -m 644 -p -D /builddir/build/BUILD/mtce-common-1.0/common/threadUtil.h /builddir/build/BUILDROOT/mtce-common-1.0-32.x86_64/usr/include/mtce-common
+ install -m 644 -p -D /builddir/build/BUILD/mtce-common-1.0/common/tokenUtil.h /builddir/build/BUILDROOT/mtce-common-1.0-32.x86_64/usr/include/mtce-common
+ install -m 644 -p -D /builddir/build/BUILD/mtce-common-1.0/common/secretUtil.h /builddir/build/BUILDROOT/mtce-common-1.0-32.x86_64/usr/include/mtce-common
+ rm -f /builddir/build/BUILDROOT/mtce-common-1.0-32.x86_64/usr/share/info/dir
++ find /builddir/build/BUILDROOT/mtce-common-1.0-32.x86_64 -path 'etc/*' '!' -type d
+ test -z ''
+ rm -rf '/builddir/build/BUILDROOT/mtce-common-1.0-32.x86_64/etc/*'
+ rm -rf '/builddir/build/BUILDROOT/mtce-common-1.0-32.x86_64/usr/share/factory/*'
+ find /builddir/build/BUILDROOT/mtce-common-1.0-32.x86_64 -name __pycache__
+ xargs rm -rf --
+ '[' -d /builddir/build/BUILDROOT/mtce-common-1.0-32.x86_64/usr/share/mime ']'
++ getconf _NPROCESSORS_ONLN
+ RPM_XARGS_PFLAG=-P4
+ find /builddir/build/BUILDROOT/mtce-common-1.0-32.x86_64 -name '*.so.avx512' -print0
+ xargs -0rtn1 -P4 python /usr/share/clr-avx-tools/avxjudge.py -q -5
+ find /builddir/build/BUILDROOT/mtce-common-1.0-32.x86_64/usr/lib64/haswell/avx512_1 -name '*.so*' -print0
find: ‘/builddir/build/BUILDROOT/mtce-common-1.0-32.x86_64/usr/lib64/haswell/avx512_1’: No such file or directory
+ find /builddir/build/BUILDROOT/mtce-common-1.0-32.x86_64 -name '*.so.avx2' -print0
+ xargs -0rtn1 -P4 python /usr/share/clr-avx-tools/avxjudge.py -q -2
+ find /builddir/build/BUILDROOT/mtce-common-1.0-32.x86_64/usr/lib64/haswell '!' -path '/usr/lib64/haswell/avx512_1/*' -name '*.so*' -print0
find: ‘/builddir/build/BUILDROOT/mtce-common-1.0-32.x86_64/usr/lib64/haswell’: No such file or directory
+ find /builddir/build/BUILDROOT/mtce-common-1.0-32.x86_64/usr/lib64/ -maxdepth 1 -name '*.so*' -type f -print0
+ xargs -0rtn1 -P4 /usr/lib/rpm/clr/brp-create-abi
+ sort -u
+ '[' -d /builddir/build/BUILDROOT/mtce-common-1.0-32.x86_64/usr/lib/debug ']'
+ :
+ '[' -d /builddir/build/BUILDROOT/mtce-common-1.0-32.x86_64/usr/lib/debug ']'
+ :
+ '[' -d /builddir/build/BUILDROOT/mtce-common-1.0-32.x86_64/usr/src/debug ']'
+ :
+ '[' -d /builddir/build/BUILDROOT/mtce-common-1.0-32.x86_64/usr/lib/debug.force ']'
+ :
+ '[' -d /builddir/build/BUILDROOT/mtce-common-1.0-32.x86_64/usr/src/debug.force ']'
+ :
+ /usr/lib/rpm/check-buildroot
+ /usr/lib/rpm/clr/brp-strip /usr/bin/strip
+ /usr/lib/rpm/clr/brp-strip-static-archive /usr/bin/strip
+ /usr/lib/rpm/clr/brp-strip-comment-note /usr/bin/strip /usr/bin/objdump
+ /usr/lib/rpm/clr/brp-python-bytecompile
+ find /builddir/build/BUILDROOT/mtce-common-1.0-32.x86_64 -print0
+ xargs -0 touch -h -d @1567647990
+ /usr/lib/rpm/clr/brp-java-repack-jars
Processing files: mtce-common-1.0-32.x86_64
Processing files: mtce-common-dev-1.0-32.x86_64
Provides: mtce-common-dev = 1.0-32 mtce-common-dev(x86-64) = 1.0-32 mtce-common-devel = 1.0-32
Requires(rpmlib): rpmlib(CompressedFileNames) <= 3.0.4-1 rpmlib(PayloadFilesHavePrefix) <= 4.0-1
Processing files: mtce-common-staticdev-1.0-32.x86_64
Provides: mtce-common-staticdev = 1.0-32 mtce-common-staticdev(x86-64) = 1.0-32
Requires(rpmlib): rpmlib(CompressedFileNames) <= 3.0.4-1 rpmlib(PayloadFilesHavePrefix) <= 4.0-1
Processing files: mtce-common-abi-1.0-32.x86_64
Checking for unpackaged file(s): /usr/lib/rpm/check-files /builddir/build/BUILDROOT/mtce-common-1.0-32.x86_64
warning: Empty %files file /builddir/build/BUILD/mtce-common-1.0/abifiles.list
Wrote: /builddir/build/RPMS/mtce-common-1.0-32.x86_64.rpm
Wrote: /builddir/build/RPMS/mtce-common-dev-1.0-32.x86_64.rpm
Wrote: /builddir/build/RPMS/mtce-common-staticdev-1.0-32.x86_64.rpm
Wrote: /builddir/build/RPMS/mtce-common-abi-1.0-32.x86_64.rpm
Executing(%clean): /bin/sh -e /var/tmp/rpm-tmp.ADGv6I
+ umask 022
+ cd /builddir/build/BUILD
+ cd mtce-common-1.0
+ /usr/bin/rm -rf /builddir/build/BUILDROOT/mtce-common-1.0-32.x86_64
+ exit 0
Child return code was: 0
LEAVE do --> 

