Mock Version: 1.2.14
ENTER do(['bash', '--login', '-c', '/usr/bin/rpmbuild -bs --target x86_64 --nodeps /builddir/build/SPECS/puppet-horizon.spec'], chrootPath='/var/lib/mock/clear-puppet-horizon/root'env={'TERM': 'vt100', 'SHELL': '/bin/bash', 'HOME': '/builddir', 'HOSTNAME': 'mock', 'PATH': '/usr/bin:/bin:/usr/sbin:/sbin', 'LANG': 'en_US.UTF-8', 'CCACHE_DIR': '/var/tmp/ccache', 'CCACHE_UMASK': '002'}shell=Falselogger=<mockbuild.trace_decorator.getLog object at 0x7f7bf78b0dd0>timeout=0uid=1000gid=1000user='mockbuild'printOutput=False)
Executing command: ['bash', '--login', '-c', '/usr/bin/rpmbuild -bs --target x86_64 --nodeps /builddir/build/SPECS/puppet-horizon.spec'] with env {'TERM': 'vt100', 'SHELL': '/bin/bash', 'HOME': '/builddir', 'HOSTNAME': 'mock', 'PATH': '/usr/bin:/bin:/usr/sbin:/sbin', 'LANG': 'en_US.UTF-8', 'CCACHE_DIR': '/var/tmp/ccache', 'CCACHE_UMASK': '002'} and shell False
Building target platforms: x86_64
Building for target x86_64
Wrote: /builddir/build/SRPMS/puppet-horizon-11.5.0-1.src.rpm
Child return code was: 0
LEAVE do --> 

ENTER do(['bash', '--login', '-c', '/usr/bin/rpmbuild -bb --target x86_64 --nodeps  /builddir/build/SPECS/puppet-horizon.spec '], chrootPath='/var/lib/mock/clear-puppet-horizon/root'env={'TERM': 'vt100', 'SHELL': '/bin/bash', 'HOME': '/builddir', 'HOSTNAME': 'mock', 'PATH': '/usr/bin:/bin:/usr/sbin:/sbin', 'LANG': 'en_US.UTF-8', 'CCACHE_DIR': '/var/tmp/ccache', 'CCACHE_UMASK': '002'}shell=Falselogger=<mockbuild.trace_decorator.getLog object at 0x7f7bf78b0dd0>timeout=0uid=1000gid=1000user='mockbuild'private_network=TrueprintOutput=False)
Executing command: ['bash', '--login', '-c', '/usr/bin/rpmbuild -bb --target x86_64 --nodeps  /builddir/build/SPECS/puppet-horizon.spec '] with env {'TERM': 'vt100', 'SHELL': '/bin/bash', 'HOME': '/builddir', 'HOSTNAME': 'mock', 'PATH': '/usr/bin:/bin:/usr/sbin:/sbin', 'LANG': 'en_US.UTF-8', 'CCACHE_DIR': '/var/tmp/ccache', 'CCACHE_UMASK': '002'} and shell False
Building target platforms: x86_64
Building for target x86_64
Executing(%prep): /bin/sh -e /var/tmp/rpm-tmp.pr5n8E
+ umask 022
+ cd /builddir/build/BUILD
+ LANG=en_US.UTF-8
+ export LANG
+ unset DISPLAY
+ cd /builddir/build/BUILD
+ rm -rf openstack-horizon-11.5.0
+ /usr/bin/gzip -dc /builddir/build/SOURCES/puppet-horizon-11.5.0.tar.gz
+ /usr/bin/tar -xf -
+ STATUS=0
+ '[' 0 -ne 0 ']'
+ cd openstack-horizon-11.5.0
+ /usr/bin/chmod -Rf a+rX,u+w,g-w,o-w .
Patch #1 (0001-add-makefile.patch):
+ echo 'Patch #1 (0001-add-makefile.patch):'
+ /usr/bin/cat /builddir/build/SOURCES/0001-add-makefile.patch
+ /usr/bin/patch -p1 --fuzz=2
patching file Makefile
+ echo 'Patch #2 (0001-update-memcached-dependency.patch):'
Patch #2 (0001-update-memcached-dependency.patch):
+ /usr/bin/cat /builddir/build/SOURCES/0001-update-memcached-dependency.patch
+ /usr/bin/patch -p1 --fuzz=2
patching file metadata.json
+ exit 0
Executing(%build): /bin/sh -e /var/tmp/rpm-tmp.WZvTRE
+ umask 022
+ cd /builddir/build/BUILD
+ cd openstack-horizon-11.5.0
+ LANG=en_US.UTF-8
+ export LANG
+ unset DISPLAY
+ unset PYTHONOPTIMIZE
+ CFLAGS='-O2 -g -feliminate-unused-debug-types -pipe -Wall -Wp,-D_FORTIFY_SOURCE=2 -fexceptions -fstack-protector --param=ssp-buffer-size=32 -Wformat -Wformat-security -Wl,-z,now,-z,relro,-z,max-page-size=0x1000,-z,separate-code -Wno-error -ftree-vectorize -ftree-slp-vectorize -Wl,--enable-new-dtags -fcf-protection=return -m64 -march=westmere -mtune=haswell -fasynchronous-unwind-tables -fno-omit-frame-pointer -Wp,-D_REENTRANT'
+ export CFLAGS
+ http_proxy=http://127.0.0.1:9/
+ export http_proxy
+ https_proxy=http://127.0.0.1:9/
+ export https_proxy
+ ftp_proxy=http://127.0.0.1:9/
+ export ftp_proxy
+ no_proxy=localhost,127.0.0.1,0.0.0.0
+ export no_proxy
+ CXXFLAGS='-O2 -g -feliminate-unused-debug-types -pipe -Wall -Wp,-D_FORTIFY_SOURCE=2 -fexceptions -fstack-protector --param=ssp-buffer-size=32 -Wformat -Wformat-security -Wl,-z,now,-z,relro,-z,max-page-size=0x1000,-z,separate-code -Wno-error -ftree-vectorize -ftree-slp-vectorize -Wl,--enable-new-dtags -fcf-protection=return -m64 -march=westmere -mtune=haswell -fasynchronous-unwind-tables -fno-omit-frame-pointer -Wp,-D_REENTRANT'
+ export CXXFLAGS
+ FFLAGS='-g -O3 -feliminate-unused-debug-types  -pipe -Wall -Wp,-D_FORTIFY_SOURCE=2 -fexceptions -fstack-protector --param=ssp-buffer-size=32 -m64 -fasynchronous-unwind-tables -Wp,-D_REENTRANT -ftree-loop-distribute-patterns -Wl,-z -Wl,now -Wl,-z -Wl,relro -malign-data=abi -fno-semantic-interposition -ftree-vectorize  -ftree-loop-vectorize -Wl,--enable-new-dtags '
+ export FFLAGS
+ LD_AS_NEEDED=1
+ export LD_AS_NEEDED
+ PKG_CONFIG_LIBDIR=/usr/lib64/pkgconfig
+ export PKG_CONFIG_LIBDIR
+ PATH=/usr/lib64/ccache/bin:/usr/local/bin:/usr/bin
+ export PATH
+ export PBR_VERSION=11.5.0
+ PBR_VERSION=11.5.0
+ export http_proxy=http://127.0.0.1:9/
+ http_proxy=http://127.0.0.1:9/
+ export https_proxy=http://127.0.0.1:9/
+ https_proxy=http://127.0.0.1:9/
+ export no_proxy=localhost,127.0.0.1,0.0.0.0
+ no_proxy=localhost,127.0.0.1,0.0.0.0
+ export LANG=C.UTF-8
+ LANG=C.UTF-8
+ export SOURCE_DATE_EPOCH=1568790971
+ SOURCE_DATE_EPOCH=1568790971
+ export GCC_IGNORE_WERROR=1
+ GCC_IGNORE_WERROR=1
+ export AR=gcc-ar
+ AR=gcc-ar
+ export RANLIB=gcc-ranlib
+ RANLIB=gcc-ranlib
+ export NM=gcc-nm
+ NM=gcc-nm
+ export 'CFLAGS=-O2 -g -feliminate-unused-debug-types -pipe -Wall -Wp,-D_FORTIFY_SOURCE=2 -fexceptions -fstack-protector --param=ssp-buffer-size=32 -Wformat -Wformat-security -Wl,-z,now,-z,relro,-z,max-page-size=0x1000,-z,separate-code -Wno-error -ftree-vectorize -ftree-slp-vectorize -Wl,--enable-new-dtags -fcf-protection=return -m64 -march=westmere -mtune=haswell -fasynchronous-unwind-tables -fno-omit-frame-pointer -Wp,-D_REENTRANT -O3 -ffat-lto-objects -flto=4 '
+ CFLAGS='-O2 -g -feliminate-unused-debug-types -pipe -Wall -Wp,-D_FORTIFY_SOURCE=2 -fexceptions -fstack-protector --param=ssp-buffer-size=32 -Wformat -Wformat-security -Wl,-z,now,-z,relro,-z,max-page-size=0x1000,-z,separate-code -Wno-error -ftree-vectorize -ftree-slp-vectorize -Wl,--enable-new-dtags -fcf-protection=return -m64 -march=westmere -mtune=haswell -fasynchronous-unwind-tables -fno-omit-frame-pointer -Wp,-D_REENTRANT -O3 -ffat-lto-objects -flto=4 '
+ export 'FCFLAGS=-O2 -g -feliminate-unused-debug-types -pipe -Wall -Wp,-D_FORTIFY_SOURCE=2 -fexceptions -fstack-protector --param=ssp-buffer-size=32 -Wformat -Wformat-security -Wl,-z,now,-z,relro,-z,max-page-size=0x1000,-z,separate-code -Wno-error -ftree-vectorize -ftree-slp-vectorize -Wl,--enable-new-dtags -fcf-protection=return -m64 -march=westmere -mtune=haswell -fasynchronous-unwind-tables -fno-omit-frame-pointer -Wp,-D_REENTRANT -O3 -ffat-lto-objects -flto=4  -O3 -ffat-lto-objects -flto=4 '
+ FCFLAGS='-O2 -g -feliminate-unused-debug-types -pipe -Wall -Wp,-D_FORTIFY_SOURCE=2 -fexceptions -fstack-protector --param=ssp-buffer-size=32 -Wformat -Wformat-security -Wl,-z,now,-z,relro,-z,max-page-size=0x1000,-z,separate-code -Wno-error -ftree-vectorize -ftree-slp-vectorize -Wl,--enable-new-dtags -fcf-protection=return -m64 -march=westmere -mtune=haswell -fasynchronous-unwind-tables -fno-omit-frame-pointer -Wp,-D_REENTRANT -O3 -ffat-lto-objects -flto=4  -O3 -ffat-lto-objects -flto=4 '
+ export 'FFLAGS=-O2 -g -feliminate-unused-debug-types -pipe -Wall -Wp,-D_FORTIFY_SOURCE=2 -fexceptions -fstack-protector --param=ssp-buffer-size=32 -Wformat -Wformat-security -Wl,-z,now,-z,relro,-z,max-page-size=0x1000,-z,separate-code -Wno-error -ftree-vectorize -ftree-slp-vectorize -Wl,--enable-new-dtags -fcf-protection=return -m64 -march=westmere -mtune=haswell -fasynchronous-unwind-tables -fno-omit-frame-pointer -Wp,-D_REENTRANT -O3 -ffat-lto-objects -flto=4  -O3 -ffat-lto-objects -flto=4 '
+ FFLAGS='-O2 -g -feliminate-unused-debug-types -pipe -Wall -Wp,-D_FORTIFY_SOURCE=2 -fexceptions -fstack-protector --param=ssp-buffer-size=32 -Wformat -Wformat-security -Wl,-z,now,-z,relro,-z,max-page-size=0x1000,-z,separate-code -Wno-error -ftree-vectorize -ftree-slp-vectorize -Wl,--enable-new-dtags -fcf-protection=return -m64 -march=westmere -mtune=haswell -fasynchronous-unwind-tables -fno-omit-frame-pointer -Wp,-D_REENTRANT -O3 -ffat-lto-objects -flto=4  -O3 -ffat-lto-objects -flto=4 '
+ export 'CXXFLAGS=-O2 -g -feliminate-unused-debug-types -pipe -Wall -Wp,-D_FORTIFY_SOURCE=2 -fexceptions -fstack-protector --param=ssp-buffer-size=32 -Wformat -Wformat-security -Wl,-z,now,-z,relro,-z,max-page-size=0x1000,-z,separate-code -Wno-error -ftree-vectorize -ftree-slp-vectorize -Wl,--enable-new-dtags -fcf-protection=return -m64 -march=westmere -mtune=haswell -fasynchronous-unwind-tables -fno-omit-frame-pointer -Wp,-D_REENTRANT -O3 -ffat-lto-objects -flto=4 '
+ CXXFLAGS='-O2 -g -feliminate-unused-debug-types -pipe -Wall -Wp,-D_FORTIFY_SOURCE=2 -fexceptions -fstack-protector --param=ssp-buffer-size=32 -Wformat -Wformat-security -Wl,-z,now,-z,relro,-z,max-page-size=0x1000,-z,separate-code -Wno-error -ftree-vectorize -ftree-slp-vectorize -Wl,--enable-new-dtags -fcf-protection=return -m64 -march=westmere -mtune=haswell -fasynchronous-unwind-tables -fno-omit-frame-pointer -Wp,-D_REENTRANT -O3 -ffat-lto-objects -flto=4 '
+ export MAKEFLAGS=-j4
+ MAKEFLAGS=-j4
+ python3 setup.py build
running build
+ exit 0
Executing(%install): /bin/sh -e /var/tmp/rpm-tmp.O36xkC
+ umask 022
+ cd /builddir/build/BUILD
+ cd openstack-horizon-11.5.0
+ LANG=en_US.UTF-8
+ export LANG
+ unset DISPLAY
+ unset PYTHONOPTIMIZE
+ rm -rf /builddir/build/BUILDROOT/puppet-horizon-11.5.0-1.x86_64
+ mkdir -p /builddir/build/BUILDROOT/puppet-horizon-11.5.0-1.x86_64
+ export MAKEFLAGS=-j4
+ MAKEFLAGS=-j4
+ rm -rf /builddir/build/BUILDROOT/puppet-horizon-11.5.0-1.x86_64
+ export PBR_VERSION=11.5.0
+ PBR_VERSION=11.5.0
+ install -d -m 0755 /builddir/build/BUILDROOT/puppet-horizon-11.5.0-1.x86_64/usr/share/openstack-puppet/modules/horizon/
+ python3 -tt setup.py build install --root=/builddir/build/BUILDROOT/puppet-horizon-11.5.0-1.x86_64
running build
running install
[pbr] Generating AUTHORS
[pbr] AUTHORS complete (0.0s)
running install_egg_info
running egg_info
creating puppet_horizon.egg-info
writing puppet_horizon.egg-info/PKG-INFO
writing dependency_links to puppet_horizon.egg-info/dependency_links.txt
writing top-level names to puppet_horizon.egg-info/top_level.txt
[pbr] Processing SOURCES.txt
writing manifest file 'puppet_horizon.egg-info/SOURCES.txt'
warning: no files found matching 'AUTHORS'
warning: no files found matching 'ChangeLog'
warning: no previously-included files found matching '.gitignore'
warning: no previously-included files found matching '.gitreview'
warning: no previously-included files matching '*.pyc' found anywhere in distribution
writing manifest file 'puppet_horizon.egg-info/SOURCES.txt'
Copying puppet_horizon.egg-info to /builddir/build/BUILDROOT/puppet-horizon-11.5.0-1.x86_64/usr/lib/python3.7/site-packages/puppet_horizon-11.5.0-py3.7.egg-info
running install_scripts
/usr/lib/python3.7/site-packages/pbr/packaging.py:435: EasyInstallDeprecationWarning: Use get_header
  header = easy_install.get_script_header("", executable, is_wininst)
+ echo '----[' mark ']----'
----[ mark ]----
+ cat '/builddir/build/BUILDROOT/puppet-horizon-11.5.0-1.x86_64/usr/lib/python3*/site-packages/*/requires.txt'
cat: '/builddir/build/BUILDROOT/puppet-horizon-11.5.0-1.x86_64/usr/lib/python3*/site-packages/*/requires.txt': No such file or directory
+ :
----[ mark ]----
+ echo '----[' mark ']----'
+ cp -rp bindep.txt CHANGELOG.md checksums.json Gemfile lib LICENSE Makefile manifests metadata.json puppet_horizon.egg-info Rakefile README.md releasenotes setup.cfg setup.py spec templates test-requirements.txt tox.ini /builddir/build/BUILDROOT/puppet-horizon-11.5.0-1.x86_64/usr/share/openstack-puppet/modules/horizon/
+ rm -f /builddir/build/BUILDROOT/puppet-horizon-11.5.0-1.x86_64/usr/share/info/dir
++ find /builddir/build/BUILDROOT/puppet-horizon-11.5.0-1.x86_64 -path 'etc/*' '!' -type d
+ test -z ''
+ rm -rf '/builddir/build/BUILDROOT/puppet-horizon-11.5.0-1.x86_64/etc/*'
+ rm -rf '/builddir/build/BUILDROOT/puppet-horizon-11.5.0-1.x86_64/usr/share/factory/*'
+ find /builddir/build/BUILDROOT/puppet-horizon-11.5.0-1.x86_64 -name __pycache__
+ xargs rm -rf --
+ '[' -d /builddir/build/BUILDROOT/puppet-horizon-11.5.0-1.x86_64/usr/share/mime ']'
++ getconf _NPROCESSORS_ONLN
+ RPM_XARGS_PFLAG=-P4
+ find /builddir/build/BUILDROOT/puppet-horizon-11.5.0-1.x86_64 -name '*.so.avx512' -print0
+ xargs -0rtn1 -P4 python /usr/share/clr-avx-tools/avxjudge.py -q -5
+ find /builddir/build/BUILDROOT/puppet-horizon-11.5.0-1.x86_64/usr/lib64/haswell/avx512_1 -name '*.so*' -print0
find: ‘/builddir/build/BUILDROOT/puppet-horizon-11.5.0-1.x86_64/usr/lib64/haswell/avx512_1’: No such file or directory
+ find /builddir/build/BUILDROOT/puppet-horizon-11.5.0-1.x86_64 -name '*.so.avx2' -print0
+ xargs -0rtn1 -P4 python /usr/share/clr-avx-tools/avxjudge.py -q -2
+ find /builddir/build/BUILDROOT/puppet-horizon-11.5.0-1.x86_64/usr/lib64/haswell '!' -path '/usr/lib64/haswell/avx512_1/*' -name '*.so*' -print0
find: ‘/builddir/build/BUILDROOT/puppet-horizon-11.5.0-1.x86_64/usr/lib64/haswell’: No such file or directory
+ find /builddir/build/BUILDROOT/puppet-horizon-11.5.0-1.x86_64/usr/lib64/ -maxdepth 1 -name '*.so*' -type f -print0
+ xargs -0rtn1 -P4 /usr/lib/rpm/clr/brp-create-abi
+ sort -u
find: ‘/builddir/build/BUILDROOT/puppet-horizon-11.5.0-1.x86_64/usr/lib64/’: No such file or directory
+ /usr/lib/rpm/find-debuginfo.sh --strict-build-id /builddir/build/BUILD/openstack-horizon-11.5.0
find: ‘debug’: No such file or directory
+ '[' -d /builddir/build/BUILDROOT/puppet-horizon-11.5.0-1.x86_64/usr/lib/debug ']'
+ :
+ '[' -d /builddir/build/BUILDROOT/puppet-horizon-11.5.0-1.x86_64/usr/lib/debug ']'
+ :
+ '[' -d /builddir/build/BUILDROOT/puppet-horizon-11.5.0-1.x86_64/usr/src/debug ']'
+ :
+ '[' -d /builddir/build/BUILDROOT/puppet-horizon-11.5.0-1.x86_64/usr/lib/debug.force ']'
+ :
+ '[' -d /builddir/build/BUILDROOT/puppet-horizon-11.5.0-1.x86_64/usr/src/debug.force ']'
+ :
+ /usr/lib/rpm/check-buildroot
+ /usr/lib/rpm/clr/brp-strip-static-archive /usr/bin/strip
+ /usr/lib/rpm/clr/brp-strip-comment-note /usr/bin/strip /usr/bin/objdump
+ /usr/lib/rpm/clr/brp-python-bytecompile
[BYTECOMPILE] Building for /builddir/build/BUILDROOT/puppet-horizon-11.5.0-1.x86_64/usr/lib/python3.7 using /usr/bin/python3.7
+ find /builddir/build/BUILDROOT/puppet-horizon-11.5.0-1.x86_64 -print0
+ xargs -0 touch -h -d '@1549052798 '
+ /usr/lib/rpm/clr/brp-java-repack-jars
Executing(%check): /bin/sh -e /var/tmp/rpm-tmp.HNPKyC
+ umask 022
+ cd /builddir/build/BUILD
+ cd openstack-horizon-11.5.0
+ LANG=en_US.UTF-8
dont need check
+ export LANG
+ unset DISPLAY
+ unset PYTHONOPTIMIZE
+ export http_proxy=http://127.0.0.1:9/
+ http_proxy=http://127.0.0.1:9/
+ export https_proxy=http://127.0.0.1:9/
+ https_proxy=http://127.0.0.1:9/
+ export no_proxy=localhost,127.0.0.1,0.0.0.0
+ no_proxy=localhost,127.0.0.1,0.0.0.0
+ echo 'dont need check'
+ exit 0
Processing files: puppet-horizon-11.5.0-1.x86_64
Processing files: puppet-horizon-debuginfo-11.5.0-1.x86_64
Processing files: puppet-horizon-abi-11.5.0-1.x86_64
Checking for unpackaged file(s): /usr/lib/rpm/check-files /builddir/build/BUILDROOT/puppet-horizon-11.5.0-1.x86_64
warning: Empty %files file /builddir/build/BUILD/openstack-horizon-11.5.0/debugfiles.list
warning: Empty %files file /builddir/build/BUILD/openstack-horizon-11.5.0/abifiles.list
error: Installed (but unpackaged) file(s) found:
   /usr/lib/python3.7/site-packages/puppet_horizon-11.5.0-py3.7.egg-info/PKG-INFO
   /usr/lib/python3.7/site-packages/puppet_horizon-11.5.0-py3.7.egg-info/SOURCES.txt
   /usr/lib/python3.7/site-packages/puppet_horizon-11.5.0-py3.7.egg-info/dependency_links.txt
   /usr/lib/python3.7/site-packages/puppet_horizon-11.5.0-py3.7.egg-info/not-zip-safe
   /usr/lib/python3.7/site-packages/puppet_horizon-11.5.0-py3.7.egg-info/top_level.txt
   /usr/share/openstack-puppet/modules/horizon/CHANGELOG.md
   /usr/share/openstack-puppet/modules/horizon/Gemfile
   /usr/share/openstack-puppet/modules/horizon/LICENSE
   /usr/share/openstack-puppet/modules/horizon/Makefile
   /usr/share/openstack-puppet/modules/horizon/README.md
   /usr/share/openstack-puppet/modules/horizon/Rakefile
   /usr/share/openstack-puppet/modules/horizon/bindep.txt
   /usr/share/openstack-puppet/modules/horizon/checksums.json
   /usr/share/openstack-puppet/modules/horizon/lib/puppet/parser/functions/os_any2array.rb
   /usr/share/openstack-puppet/modules/horizon/manifests/init.pp
   /usr/share/openstack-puppet/modules/horizon/manifests/params.pp
   /usr/share/openstack-puppet/modules/horizon/manifests/wsgi/apache.pp
   /usr/share/openstack-puppet/modules/horizon/metadata.json
   /usr/share/openstack-puppet/modules/horizon/puppet_horizon.egg-info/PKG-INFO
   /usr/share/openstack-puppet/modules/horizon/puppet_horizon.egg-info/SOURCES.txt
   /usr/share/openstack-puppet/modules/horizon/puppet_horizon.egg-info/dependency_links.txt
   /usr/share/openstack-puppet/modules/horizon/puppet_horizon.egg-info/not-zip-safe
   /usr/share/openstack-puppet/modules/horizon/puppet_horizon.egg-info/top_level.txt
   /usr/share/openstack-puppet/modules/horizon/releasenotes/notes/add-customization-module-config-option-798d0bb4e00737c3.yaml
   /usr/share/openstack-puppet/modules/horizon/releasenotes/notes/add-images-panel-parameter-cb010871c8e1d0d1.yaml
   /usr/share/openstack-puppet/modules/horizon/releasenotes/notes/add-support-for-SECURE_PROXY_SSL_HEADER-fbd83ad4f85bd52b.yaml
   /usr/share/openstack-puppet/modules/horizon/releasenotes/notes/add-support-for-WEBSSO-options-a2d7e7f757b747d1.yaml
   /usr/share/openstack-puppet/modules/horizon/releasenotes/notes/added_instance_default_config_options-123cc41099d5e098.yaml
   /usr/share/openstack-puppet/modules/horizon/releasenotes/notes/added_new_theme_params_deprecated_custome_theme_path-e872713d93c45044.yaml
   /usr/share/openstack-puppet/modules/horizon/releasenotes/notes/apache_ports-5d0eb0ca775ad7d1.yaml
   /usr/share/openstack-puppet/modules/horizon/releasenotes/notes/disable-password-reveal-3ce6cbddf0bdb67e.yaml
   /usr/share/openstack-puppet/modules/horizon/releasenotes/notes/disallow_iframe_embed-f0ffa1cabeca5b1e.yaml
   /usr/share/openstack-puppet/modules/horizon/releasenotes/notes/empty-root-url-495e1f1f47372f47.yaml
   /usr/share/openstack-puppet/modules/horizon/releasenotes/notes/enable-password-retrieve-b0bfa91053b24186.yaml
   /usr/share/openstack-puppet/modules/horizon/releasenotes/notes/enable_user_pass-c30e80d0705b0954.yaml
   /usr/share/openstack-puppet/modules/horizon/releasenotes/notes/enforce_password_check-7e29e1e968874e04.yaml
   /usr/share/openstack-puppet/modules/horizon/releasenotes/notes/fix_ssl_handshake_errors-aece1e80e78820a2.yaml
   /usr/share/openstack-puppet/modules/horizon/releasenotes/notes/horizon_django_cache_compress_ubuntu-e1807c69e52048fd.yaml
   /usr/share/openstack-puppet/modules/horizon/releasenotes/notes/keystone_v3-d381e37592d3b29b.yaml
   /usr/share/openstack-puppet/modules/horizon/releasenotes/notes/local-settings-permissions-666e7cd5d55cf813.yaml
   /usr/share/openstack-puppet/modules/horizon/releasenotes/notes/password_validator-fdb08ff1d27aa652.yaml
   /usr/share/openstack-puppet/modules/horizon/releasenotes/notes/rectify-static-alias-prefix-7c182dd08a98a8ea.yaml
   /usr/share/openstack-puppet/modules/horizon/releasenotes/notes/remove_lesscpy-b4b677de57351078.yaml
   /usr/share/openstack-puppet/modules/horizon/releasenotes/notes/root_path-4dbbddfa82bc6b56.yaml
   /usr/share/openstack-puppet/modules/horizon/releasenotes/notes/root_url-cede3a4a7ecafdf9.yaml
   /usr/share/openstack-puppet/modules/horizon/releasenotes/notes/rspec-puppet-facts-7ec9c688aba3e69e.yaml
   /usr/share/openstack-puppet/modules/horizon/releasenotes/notes/trigger_collectstatic-fb465ebec48b3bc7.yaml
   /usr/share/openstack-puppet/modules/horizon/releasenotes/notes/tuskar-9fa7bbe0df150fd1.yaml
   /usr/share/openstack-puppet/modules/horizon/releasenotes/notes/update_local_settings_mitaka-f182327ce660fda0.yaml
   /usr/share/openstack-puppet/modules/horizon/releasenotes/notes/use-reno-1caaec4ba5aa4285.yaml
   /usr/share/openstack-puppet/modules/horizon/releasenotes/source/_static/.placeholder
   /usr/share/openstack-puppet/modules/horizon/releasenotes/source/conf.py
   /usr/share/openstack-puppet/modules/horizon/releasenotes/source/index.rst
   /usr/share/openstack-puppet/modules/horizon/releasenotes/source/mitaka.rst
   /usr/share/openstack-puppet/modules/horizon/releasenotes/source/newton.rst
   /usr/share/openstack-puppet/modules/horizon/releasenotes/source/ocata.rst
   /usr/share/openstack-puppet/modules/horizon/releasenotes/source/unreleased.rst
   /usr/share/openstack-puppet/modules/horizon/setup.cfg
   /usr/share/openstack-puppet/modules/horizon/setup.py
   /usr/share/openstack-puppet/modules/horizon/spec/acceptance/horizon_with_apache_spec.rb
   /usr/share/openstack-puppet/modules/horizon/spec/acceptance/nodesets/centos-70-x64.yml
   /usr/share/openstack-puppet/modules/horizon/spec/acceptance/nodesets/default.yml
   /usr/share/openstack-puppet/modules/horizon/spec/acceptance/nodesets/nodepool-centos7.yml
   /usr/share/openstack-puppet/modules/horizon/spec/acceptance/nodesets/nodepool-trusty.yml
   /usr/share/openstack-puppet/modules/horizon/spec/acceptance/nodesets/nodepool-xenial.yml
   /usr/share/openstack-puppet/modules/horizon/spec/acceptance/nodesets/ubuntu-server-1404-x64.yml
   /usr/share/openstack-puppet/modules/horizon/spec/classes/horizon_init_spec.rb
   /usr/share/openstack-puppet/modules/horizon/spec/classes/horizon_wsgi_apache_spec.rb
   /usr/share/openstack-puppet/modules/horizon/spec/fixtures/override_local_settings.py.erb
   /usr/share/openstack-puppet/modules/horizon/spec/shared_examples.rb
   /usr/share/openstack-puppet/modules/horizon/spec/spec_helper.rb
   /usr/share/openstack-puppet/modules/horizon/spec/spec_helper_acceptance.rb
   /usr/share/openstack-puppet/modules/horizon/spec/unit/puppet/parser/functions/os_any2array_spec.rb
   /usr/share/openstack-puppet/modules/horizon/templates/local_settings.py.erb
   /usr/share/openstack-puppet/modules/horizon/test-requirements.txt
   /usr/share/openstack-puppet/modules/horizon/tox.ini
    Empty %files file /builddir/build/BUILD/openstack-horizon-11.5.0/debugfiles.list
    Empty %files file /builddir/build/BUILD/openstack-horizon-11.5.0/abifiles.list
    Installed (but unpackaged) file(s) found:
   /usr/lib/python3.7/site-packages/puppet_horizon-11.5.0-py3.7.egg-info/PKG-INFO
   /usr/lib/python3.7/site-packages/puppet_horizon-11.5.0-py3.7.egg-info/SOURCES.txt
   /usr/lib/python3.7/site-packages/puppet_horizon-11.5.0-py3.7.egg-info/dependency_links.txt
   /usr/lib/python3.7/site-packages/puppet_horizon-11.5.0-py3.7.egg-info/not-zip-safe
   /usr/lib/python3.7/site-packages/puppet_horizon-11.5.0-py3.7.egg-info/top_level.txt
   /usr/share/openstack-puppet/modules/horizon/CHANGELOG.md
   /usr/share/openstack-puppet/modules/horizon/Gemfile
   /usr/share/openstack-puppet/modules/horizon/LICENSE
   /usr/share/openstack-puppet/modules/horizon/Makefile
   /usr/share/openstack-puppet/modules/horizon/README.md
   /usr/share/openstack-puppet/modules/horizon/Rakefile
   /usr/share/openstack-puppet/modules/horizon/bindep.txt
   /usr/share/openstack-puppet/modules/horizon/checksums.json
   /usr/share/openstack-puppet/modules/horizon/lib/puppet/parser/functions/os_any2array.rb
   /usr/share/openstack-puppet/modules/horizon/manifests/init.pp
   /usr/share/openstack-puppet/modules/horizon/manifests/params.pp
   /usr/share/openstack-puppet/modules/horizon/manifests/wsgi/apache.pp
   /usr/share/openstack-puppet/modules/horizon/metadata.json
   /usr/share/openstack-puppet/modules/horizon/puppet_horizon.egg-info/PKG-INFO
   /usr/share/openstack-puppet/modules/horizon/puppet_horizon.egg-info/SOURCES.txt
   /usr/share/openstack-puppet/modules/horizon/puppet_horizon.egg-info/dependency_links.txt
   /usr/share/openstack-puppet/modules/horizon/puppet_horizon.egg-info/not-zip-safe
   /usr/share/openstack-puppet/modules/horizon/puppet_horizon.egg-info/top_level.txt
   /usr/share/openstack-puppet/modules/horizon/releasenotes/notes/add-customization-module-config-option-798d0bb4e00737c3.yaml
   /usr/share/openstack-puppet/modules/horizon/releasenotes/notes/add-images-panel-parameter-cb010871c8e1d0d1.yaml
   /usr/share/openstack-puppet/modules/horizon/releasenotes/notes/add-support-for-SECURE_PROXY_SSL_HEADER-fbd83ad4f85bd52b.yaml
   /usr/share/openstack-puppet/modules/horizon/releasenotes/notes/add-support-for-WEBSSO-options-a2d7e7f757b747d1.yaml
   /usr/share/openstack-puppet/modules/horizon/releasenotes/notes/added_instance_default_config_options-123cc41099d5e098.yaml
   /usr/share/openstack-puppet/modules/horizon/releasenotes/notes/added_new_theme_params_deprecated_custome_theme_path-e872713d93c45044.yaml
   /usr/share/openstack-puppet/modules/horizon/releasenotes/notes/apache_ports-5d0eb0ca775ad7d1.yaml
   /usr/share/openstack-puppet/modules/horizon/releasenotes/notes/disable-password-reveal-3ce6cbddf0bdb67e.yaml
   /usr/share/openstack-puppet/modules/horizon/releasenotes/notes/disallow_iframe_embed-f0ffa1cabeca5b1e.yaml
   /usr/share/openstack-puppet/modules/horizon/releasenotes/notes/empty-root-url-495e1f1f47372f47.yaml
   /usr/share/openstack-puppet/modules/horizon/releasenotes/notes/enable-password-retrieve-b0bfa91053b24186.yaml
   /usr/share/openstack-puppet/modules/horizon/releasenotes/notes/enable_user_pass-c30e80d0705b0954.yaml
   /usr/share/openstack-puppet/modules/horizon/releasenotes/notes/enforce_password_check-7e29e1e968874e04.yaml
   /usr/share/openstack-puppet/modules/horizon/releasenotes/notes/fix_ssl_handshake_errors-aece1e80e78820a2.yaml
   /usr/share/openstack-puppet/modules/horizon/releasenotes/notes/horizon_django_cache_compress_ubuntu-e1807c69e52048fd.yaml
   /usr/share/openstack-puppet/modules/horizon/releasenotes/notes/keystone_v3-d381e37592d3b29b.yaml
   /usr/share/openstack-puppet/modules/horizon/releasenotes/notes/local-settings-permissions-666e7cd5d55cf813.yaml
   /usr/share/openstack-puppet/modules/horizon/releasenotes/notes/password_validator-fdb08ff1d27aa652.yaml
   /usr/share/openstack-puppet/modules/horizon/releasenotes/notes/rectify-static-alias-prefix-7c182dd08a98a8ea.yaml
   /usr/share/openstack-puppet/modules/horizon/releasenotes/notes/remove_lesscpy-b4b677de57351078.yaml
   /usr/share/openstack-puppet/modules/horizon/releasenotes/notes/root_path-4dbbddfa82bc6b56.yaml
   /usr/share/openstack-puppet/modules/horizon/releasenotes/notes/root_url-cede3a4a7ecafdf9.yaml
   /usr/share/openstack-puppet/modules/horizon/releasenotes/notes/rspec-puppet-facts-7ec9c688aba3e69e.yaml
   /usr/share/openstack-puppet/modules/horizon/releasenotes/notes/trigger_collectstatic-fb465ebec48b3bc7.yaml
   /usr/share/openstack-puppet/modules/horizon/releasenotes/notes/tuskar-9fa7bbe0df150fd1.yaml
   /usr/share/openstack-puppet/modules/horizon/releasenotes/notes/update_local_settings_mitaka-f182327ce660fda0.yaml
   /usr/share/openstack-puppet/modules/horizon/releasenotes/notes/use-reno-1caaec4ba5aa4285.yaml
   /usr/share/openstack-puppet/modules/horizon/releasenotes/source/_static/.placeholder
   /usr/share/openstack-puppet/modules/horizon/releasenotes/source/conf.py
   /usr/share/openstack-puppet/modules/horizon/releasenotes/source/index.rst
   /usr/share/openstack-puppet/modules/horizon/releasenotes/source/mitaka.rst
   /usr/share/openstack-puppet/modules/horizon/releasenotes/source/newton.rst
   /usr/share/openstack-puppet/modules/horizon/releasenotes/source/ocata.rst
   /usr/share/openstack-puppet/modules/horizon/releasenotes/source/unreleased.rst
   /usr/share/openstack-puppet/modules/horizon/setup.cfg
   /usr/share/openstack-puppet/modules/horizon/setup.py
   /usr/share/openstack-puppet/modules/horizon/spec/acceptance/horizon_with_apache_spec.rb
   /usr/share/openstack-puppet/modules/horizon/spec/acceptance/nodesets/centos-70-x64.yml
   /usr/share/openstack-puppet/modules/horizon/spec/acceptance/nodesets/default.yml
   /usr/share/openstack-puppet/modules/horizon/spec/acceptance/nodesets/nodepool-centos7.yml
   /usr/share/openstack-puppet/modules/horizon/spec/acceptance/nodesets/nodepool-trusty.yml
   /usr/share/openstack-puppet/modules/horizon/spec/acceptance/nodesets/nodepool-xenial.yml
   /usr/share/openstack-puppet/modules/horizon/spec/acceptance/nodesets/ubuntu-server-1404-x64.yml
   /usr/share/openstack-puppet/modules/horizon/spec/classes/horizon_init_spec.rb
   /usr/share/openstack-puppet/modules/horizon/spec/classes/horizon_wsgi_apache_spec.rb
   /usr/share/openstack-puppet/modules/horizon/spec/fixtures/override_local_settings.py.erb
   /usr/share/openstack-puppet/modules/horizon/spec/shared_examples.rb
   /usr/share/openstack-puppet/modules/horizon/spec/spec_helper.rb
   /usr/share/openstack-puppet/modules/horizon/spec/spec_helper_acceptance.rb
   /usr/share/openstack-puppet/modules/horizon/spec/unit/puppet/parser/functions/os_any2array_spec.rb
   /usr/share/openstack-puppet/modules/horizon/templates/local_settings.py.erb
   /usr/share/openstack-puppet/modules/horizon/test-requirements.txt
   /usr/share/openstack-puppet/modules/horizon/tox.ini
RPM build errors:
Child return code was: 1
EXCEPTION: Command failed. See logs for output.
 # bash --login -c /usr/bin/rpmbuild -bb --target x86_64 --nodeps  /builddir/build/SPECS/puppet-horizon.spec 
Traceback (most recent call last):
  File "/usr/lib/python3.7/site-packages/mockbuild/trace_decorator.py", line 84, in trace
    result = func(*args, **kw)
  File "/usr/lib/python3.7/site-packages/mockbuild/util.py", line 531, in do
    raise exception.Error("Command failed. See logs for output.\n # %s" % (command,), child.returncode)
mockbuild.exception.Error: Command failed. See logs for output.
 # bash --login -c /usr/bin/rpmbuild -bb --target x86_64 --nodeps  /builddir/build/SPECS/puppet-horizon.spec 
LEAVE do --> EXCEPTION RAISED

