Mock Version: 1.2.14
ENTER do(['bash', '--login', '-c', '/usr/bin/rpmbuild -bs --target x86_64 --nodeps /builddir/build/SPECS/controllerconfig.spec'], chrootPath='/var/lib/mock/clear-controllerconfig/root'env={'TERM': 'vt100', 'SHELL': '/bin/bash', 'HOME': '/builddir', 'HOSTNAME': 'mock', 'PATH': '/usr/bin:/bin:/usr/sbin:/sbin', 'LANG': 'en_US.UTF-8', 'CCACHE_DIR': '/var/tmp/ccache', 'CCACHE_UMASK': '002'}shell=Falselogger=<mockbuild.trace_decorator.getLog object at 0x7f2063f9c450>timeout=0uid=1000gid=1000user='mockbuild'printOutput=False)
Executing command: ['bash', '--login', '-c', '/usr/bin/rpmbuild -bs --target x86_64 --nodeps /builddir/build/SPECS/controllerconfig.spec'] with env {'TERM': 'vt100', 'SHELL': '/bin/bash', 'HOME': '/builddir', 'HOSTNAME': 'mock', 'PATH': '/usr/bin:/bin:/usr/sbin:/sbin', 'LANG': 'en_US.UTF-8', 'CCACHE_DIR': '/var/tmp/ccache', 'CCACHE_UMASK': '002'} and shell False
Building target platforms: x86_64
Building for target x86_64
Wrote: /builddir/build/SRPMS/controllerconfig-1.0-3.src.rpm
Child return code was: 0
LEAVE do --> 

ENTER do(['bash', '--login', '-c', '/usr/bin/rpmbuild -bb --target x86_64 --nodeps  /builddir/build/SPECS/controllerconfig.spec '], chrootPath='/var/lib/mock/clear-controllerconfig/root'env={'TERM': 'vt100', 'SHELL': '/bin/bash', 'HOME': '/builddir', 'HOSTNAME': 'mock', 'PATH': '/usr/bin:/bin:/usr/sbin:/sbin', 'LANG': 'en_US.UTF-8', 'CCACHE_DIR': '/var/tmp/ccache', 'CCACHE_UMASK': '002'}shell=Falselogger=<mockbuild.trace_decorator.getLog object at 0x7f2063f9c450>timeout=0uid=1000gid=1000user='mockbuild'private_network=TrueprintOutput=False)
Executing command: ['bash', '--login', '-c', '/usr/bin/rpmbuild -bb --target x86_64 --nodeps  /builddir/build/SPECS/controllerconfig.spec '] with env {'TERM': 'vt100', 'SHELL': '/bin/bash', 'HOME': '/builddir', 'HOSTNAME': 'mock', 'PATH': '/usr/bin:/bin:/usr/sbin:/sbin', 'LANG': 'en_US.UTF-8', 'CCACHE_DIR': '/var/tmp/ccache', 'CCACHE_UMASK': '002'} and shell False
Building target platforms: x86_64
Building for target x86_64
Executing(%prep): /bin/sh -e /var/tmp/rpm-tmp.GKKVSc
+ umask 022
+ cd /builddir/build/BUILD
+ LANG=en_US.UTF-8
+ export LANG
+ unset DISPLAY
+ cd /builddir/build/BUILD
+ rm -rf controllerconfig-1.0
+ /usr/bin/gzip -dc /builddir/build/SOURCES/controllerconfig-1.0.tar.gz
+ /usr/bin/tar -xf -
+ STATUS=0
+ '[' 0 -ne 0 ']'
+ cd controllerconfig-1.0
+ /usr/bin/chmod -Rf a+rX,u+w,g-w,o-w .
+ exit 0
Executing(%build): /bin/sh -e /var/tmp/rpm-tmp.ordZGe
+ umask 022
+ cd /builddir/build/BUILD
+ cd controllerconfig-1.0
+ LANG=en_US.UTF-8
+ export LANG
+ unset DISPLAY
+ unset PYTHONOPTIMIZE
+ CFLAGS='-O2 -g -feliminate-unused-debug-types -pipe -Wall -Wp,-D_FORTIFY_SOURCE=2 -fexceptions -fstack-protector --param=ssp-buffer-size=32 -Wformat -Wformat-security -Wl,-z,now,-z,relro,-z,max-page-size=0x1000,-z,separate-code -Wno-error -ftree-vectorize -ftree-slp-vectorize -Wl,--enable-new-dtags -fcf-protection=return -m64 -march=westmere -mtune=haswell -fasynchronous-unwind-tables -fno-omit-frame-pointer -Wp,-D_REENTRANT'
+ export CFLAGS
+ http_proxy=http://127.0.0.1:9/
+ export http_proxy
+ https_proxy=http://127.0.0.1:9/
+ export https_proxy
+ ftp_proxy=http://127.0.0.1:9/
+ export ftp_proxy
+ no_proxy=localhost,127.0.0.1,0.0.0.0
+ export no_proxy
+ CXXFLAGS='-O2 -g -feliminate-unused-debug-types -pipe -Wall -Wp,-D_FORTIFY_SOURCE=2 -fexceptions -fstack-protector --param=ssp-buffer-size=32 -Wformat -Wformat-security -Wl,-z,now,-z,relro,-z,max-page-size=0x1000,-z,separate-code -Wno-error -ftree-vectorize -ftree-slp-vectorize -Wl,--enable-new-dtags -fcf-protection=return -m64 -march=westmere -mtune=haswell -fasynchronous-unwind-tables -fno-omit-frame-pointer -Wp,-D_REENTRANT'
+ export CXXFLAGS
+ FFLAGS='-g -O3 -feliminate-unused-debug-types  -pipe -Wall -Wp,-D_FORTIFY_SOURCE=2 -fexceptions -fstack-protector --param=ssp-buffer-size=32 -m64 -fasynchronous-unwind-tables -Wp,-D_REENTRANT -ftree-loop-distribute-patterns -Wl,-z -Wl,now -Wl,-z -Wl,relro -malign-data=abi -fno-semantic-interposition -ftree-vectorize  -ftree-loop-vectorize -Wl,--enable-new-dtags '
+ export FFLAGS
+ LD_AS_NEEDED=1
+ export LD_AS_NEEDED
+ PKG_CONFIG_LIBDIR=/usr/lib64/pkgconfig
+ export PKG_CONFIG_LIBDIR
+ PATH=/usr/lib64/ccache/bin:/usr/local/bin:/usr/bin
+ export PATH
+ export http_proxy=http://127.0.0.1:9/
+ http_proxy=http://127.0.0.1:9/
+ export https_proxy=http://127.0.0.1:9/
+ https_proxy=http://127.0.0.1:9/
+ export no_proxy=localhost,127.0.0.1,0.0.0.0
+ no_proxy=localhost,127.0.0.1,0.0.0.0
+ export LANG=C.UTF-8
+ LANG=C.UTF-8
+ export SOURCE_DATE_EPOCH=1567129901
+ SOURCE_DATE_EPOCH=1567129901
+ export GCC_IGNORE_WERROR=1
+ GCC_IGNORE_WERROR=1
+ export AR=gcc-ar
+ AR=gcc-ar
+ export RANLIB=gcc-ranlib
+ RANLIB=gcc-ranlib
+ export NM=gcc-nm
+ NM=gcc-nm
+ export 'CFLAGS=-O2 -g -feliminate-unused-debug-types -pipe -Wall -Wp,-D_FORTIFY_SOURCE=2 -fexceptions -fstack-protector --param=ssp-buffer-size=32 -Wformat -Wformat-security -Wl,-z,now,-z,relro,-z,max-page-size=0x1000,-z,separate-code -Wno-error -ftree-vectorize -ftree-slp-vectorize -Wl,--enable-new-dtags -fcf-protection=return -m64 -march=westmere -mtune=haswell -fasynchronous-unwind-tables -fno-omit-frame-pointer -Wp,-D_REENTRANT -O3 -ffat-lto-objects -flto=4 '
+ CFLAGS='-O2 -g -feliminate-unused-debug-types -pipe -Wall -Wp,-D_FORTIFY_SOURCE=2 -fexceptions -fstack-protector --param=ssp-buffer-size=32 -Wformat -Wformat-security -Wl,-z,now,-z,relro,-z,max-page-size=0x1000,-z,separate-code -Wno-error -ftree-vectorize -ftree-slp-vectorize -Wl,--enable-new-dtags -fcf-protection=return -m64 -march=westmere -mtune=haswell -fasynchronous-unwind-tables -fno-omit-frame-pointer -Wp,-D_REENTRANT -O3 -ffat-lto-objects -flto=4 '
+ export 'FCFLAGS=-O2 -g -feliminate-unused-debug-types -pipe -Wall -Wp,-D_FORTIFY_SOURCE=2 -fexceptions -fstack-protector --param=ssp-buffer-size=32 -Wformat -Wformat-security -Wl,-z,now,-z,relro,-z,max-page-size=0x1000,-z,separate-code -Wno-error -ftree-vectorize -ftree-slp-vectorize -Wl,--enable-new-dtags -fcf-protection=return -m64 -march=westmere -mtune=haswell -fasynchronous-unwind-tables -fno-omit-frame-pointer -Wp,-D_REENTRANT -O3 -ffat-lto-objects -flto=4  -O3 -ffat-lto-objects -flto=4 '
+ FCFLAGS='-O2 -g -feliminate-unused-debug-types -pipe -Wall -Wp,-D_FORTIFY_SOURCE=2 -fexceptions -fstack-protector --param=ssp-buffer-size=32 -Wformat -Wformat-security -Wl,-z,now,-z,relro,-z,max-page-size=0x1000,-z,separate-code -Wno-error -ftree-vectorize -ftree-slp-vectorize -Wl,--enable-new-dtags -fcf-protection=return -m64 -march=westmere -mtune=haswell -fasynchronous-unwind-tables -fno-omit-frame-pointer -Wp,-D_REENTRANT -O3 -ffat-lto-objects -flto=4  -O3 -ffat-lto-objects -flto=4 '
+ export 'FFLAGS=-O2 -g -feliminate-unused-debug-types -pipe -Wall -Wp,-D_FORTIFY_SOURCE=2 -fexceptions -fstack-protector --param=ssp-buffer-size=32 -Wformat -Wformat-security -Wl,-z,now,-z,relro,-z,max-page-size=0x1000,-z,separate-code -Wno-error -ftree-vectorize -ftree-slp-vectorize -Wl,--enable-new-dtags -fcf-protection=return -m64 -march=westmere -mtune=haswell -fasynchronous-unwind-tables -fno-omit-frame-pointer -Wp,-D_REENTRANT -O3 -ffat-lto-objects -flto=4  -O3 -ffat-lto-objects -flto=4 '
+ FFLAGS='-O2 -g -feliminate-unused-debug-types -pipe -Wall -Wp,-D_FORTIFY_SOURCE=2 -fexceptions -fstack-protector --param=ssp-buffer-size=32 -Wformat -Wformat-security -Wl,-z,now,-z,relro,-z,max-page-size=0x1000,-z,separate-code -Wno-error -ftree-vectorize -ftree-slp-vectorize -Wl,--enable-new-dtags -fcf-protection=return -m64 -march=westmere -mtune=haswell -fasynchronous-unwind-tables -fno-omit-frame-pointer -Wp,-D_REENTRANT -O3 -ffat-lto-objects -flto=4  -O3 -ffat-lto-objects -flto=4 '
+ export 'CXXFLAGS=-O2 -g -feliminate-unused-debug-types -pipe -Wall -Wp,-D_FORTIFY_SOURCE=2 -fexceptions -fstack-protector --param=ssp-buffer-size=32 -Wformat -Wformat-security -Wl,-z,now,-z,relro,-z,max-page-size=0x1000,-z,separate-code -Wno-error -ftree-vectorize -ftree-slp-vectorize -Wl,--enable-new-dtags -fcf-protection=return -m64 -march=westmere -mtune=haswell -fasynchronous-unwind-tables -fno-omit-frame-pointer -Wp,-D_REENTRANT -O3 -ffat-lto-objects -flto=4 '
+ CXXFLAGS='-O2 -g -feliminate-unused-debug-types -pipe -Wall -Wp,-D_FORTIFY_SOURCE=2 -fexceptions -fstack-protector --param=ssp-buffer-size=32 -Wformat -Wformat-security -Wl,-z,now,-z,relro,-z,max-page-size=0x1000,-z,separate-code -Wno-error -ftree-vectorize -ftree-slp-vectorize -Wl,--enable-new-dtags -fcf-protection=return -m64 -march=westmere -mtune=haswell -fasynchronous-unwind-tables -fno-omit-frame-pointer -Wp,-D_REENTRANT -O3 -ffat-lto-objects -flto=4 '
+ export MAKEFLAGS=-j4
+ MAKEFLAGS=-j4
+ python3 setup.py build
running build
running build_py
creating build
creating build/lib
creating build/lib/controllerconfig
copying controllerconfig/configassistant.py -> build/lib/controllerconfig
copying controllerconfig/regionconfig.py -> build/lib/controllerconfig
copying controllerconfig/systemconfig.py -> build/lib/controllerconfig
copying controllerconfig/sysinv_api.py -> build/lib/controllerconfig
copying controllerconfig/utils.py -> build/lib/controllerconfig
copying controllerconfig/backup_restore.py -> build/lib/controllerconfig
copying controllerconfig/clone.py -> build/lib/controllerconfig
copying controllerconfig/__init__.py -> build/lib/controllerconfig
copying controllerconfig/openstack.py -> build/lib/controllerconfig
copying controllerconfig/progress.py -> build/lib/controllerconfig
copying controllerconfig/config_management.py -> build/lib/controllerconfig
copying controllerconfig/tidy_storage.py -> build/lib/controllerconfig
creating build/lib/controllerconfig/tests
copying controllerconfig/tests/test_answerfile.py -> build/lib/controllerconfig/tests
copying controllerconfig/tests/test_system_config.py -> build/lib/controllerconfig/tests
copying controllerconfig/tests/test_region_config.py -> build/lib/controllerconfig/tests
copying controllerconfig/tests/__init__.py -> build/lib/controllerconfig/tests
creating build/lib/controllerconfig/common
copying controllerconfig/common/log.py -> build/lib/controllerconfig/common
copying controllerconfig/common/validator.py -> build/lib/controllerconfig/common
copying controllerconfig/common/crypt.py -> build/lib/controllerconfig/common
copying controllerconfig/common/exceptions.py -> build/lib/controllerconfig/common
copying controllerconfig/common/__init__.py -> build/lib/controllerconfig/common
copying controllerconfig/common/rest_api_utils.py -> build/lib/controllerconfig/common
copying controllerconfig/common/dcmanager.py -> build/lib/controllerconfig/common
copying controllerconfig/common/keystone.py -> build/lib/controllerconfig/common
copying controllerconfig/common/constants.py -> build/lib/controllerconfig/common
copying controllerconfig/common/configobjects.py -> build/lib/controllerconfig/common
creating build/lib/controllerconfig/upgrades
copying controllerconfig/upgrades/controller.py -> build/lib/controllerconfig/upgrades
copying controllerconfig/upgrades/utils.py -> build/lib/controllerconfig/upgrades
copying controllerconfig/upgrades/management.py -> build/lib/controllerconfig/upgrades
copying controllerconfig/upgrades/__init__.py -> build/lib/controllerconfig/upgrades
+ exit 0
Executing(%install): /bin/sh -e /var/tmp/rpm-tmp.YuDI4c
+ umask 022
+ cd /builddir/build/BUILD
+ cd controllerconfig-1.0
+ LANG=en_US.UTF-8
+ export LANG
+ unset DISPLAY
+ unset PYTHONOPTIMIZE
+ rm -rf /builddir/build/BUILDROOT/controllerconfig-1.0-3.x86_64
+ mkdir -p /builddir/build/BUILDROOT/controllerconfig-1.0-3.x86_64
+ export MAKEFLAGS=-j4
+ MAKEFLAGS=-j4
+ rm -rf /builddir/build/BUILDROOT/controllerconfig-1.0-3.x86_64
+ python3 -tt setup.py build install --root=/builddir/build/BUILDROOT/controllerconfig-1.0-3.x86_64
running build
running build_py
running install
running install_lib
creating /builddir/build/BUILDROOT/controllerconfig-1.0-3.x86_64
creating /builddir/build/BUILDROOT/controllerconfig-1.0-3.x86_64/usr
creating /builddir/build/BUILDROOT/controllerconfig-1.0-3.x86_64/usr/lib
creating /builddir/build/BUILDROOT/controllerconfig-1.0-3.x86_64/usr/lib/python3.7
creating /builddir/build/BUILDROOT/controllerconfig-1.0-3.x86_64/usr/lib/python3.7/site-packages
creating /builddir/build/BUILDROOT/controllerconfig-1.0-3.x86_64/usr/lib/python3.7/site-packages/controllerconfig
copying build/lib/controllerconfig/configassistant.py -> /builddir/build/BUILDROOT/controllerconfig-1.0-3.x86_64/usr/lib/python3.7/site-packages/controllerconfig
copying build/lib/controllerconfig/regionconfig.py -> /builddir/build/BUILDROOT/controllerconfig-1.0-3.x86_64/usr/lib/python3.7/site-packages/controllerconfig
copying build/lib/controllerconfig/systemconfig.py -> /builddir/build/BUILDROOT/controllerconfig-1.0-3.x86_64/usr/lib/python3.7/site-packages/controllerconfig
creating /builddir/build/BUILDROOT/controllerconfig-1.0-3.x86_64/usr/lib/python3.7/site-packages/controllerconfig/tests
copying build/lib/controllerconfig/tests/test_answerfile.py -> /builddir/build/BUILDROOT/controllerconfig-1.0-3.x86_64/usr/lib/python3.7/site-packages/controllerconfig/tests
copying build/lib/controllerconfig/tests/test_system_config.py -> /builddir/build/BUILDROOT/controllerconfig-1.0-3.x86_64/usr/lib/python3.7/site-packages/controllerconfig/tests
copying build/lib/controllerconfig/tests/test_region_config.py -> /builddir/build/BUILDROOT/controllerconfig-1.0-3.x86_64/usr/lib/python3.7/site-packages/controllerconfig/tests
copying build/lib/controllerconfig/tests/__init__.py -> /builddir/build/BUILDROOT/controllerconfig-1.0-3.x86_64/usr/lib/python3.7/site-packages/controllerconfig/tests
creating /builddir/build/BUILDROOT/controllerconfig-1.0-3.x86_64/usr/lib/python3.7/site-packages/controllerconfig/common
copying build/lib/controllerconfig/common/log.py -> /builddir/build/BUILDROOT/controllerconfig-1.0-3.x86_64/usr/lib/python3.7/site-packages/controllerconfig/common
copying build/lib/controllerconfig/common/validator.py -> /builddir/build/BUILDROOT/controllerconfig-1.0-3.x86_64/usr/lib/python3.7/site-packages/controllerconfig/common
copying build/lib/controllerconfig/common/crypt.py -> /builddir/build/BUILDROOT/controllerconfig-1.0-3.x86_64/usr/lib/python3.7/site-packages/controllerconfig/common
copying build/lib/controllerconfig/common/exceptions.py -> /builddir/build/BUILDROOT/controllerconfig-1.0-3.x86_64/usr/lib/python3.7/site-packages/controllerconfig/common
copying build/lib/controllerconfig/common/__init__.py -> /builddir/build/BUILDROOT/controllerconfig-1.0-3.x86_64/usr/lib/python3.7/site-packages/controllerconfig/common
copying build/lib/controllerconfig/common/rest_api_utils.py -> /builddir/build/BUILDROOT/controllerconfig-1.0-3.x86_64/usr/lib/python3.7/site-packages/controllerconfig/common
copying build/lib/controllerconfig/common/dcmanager.py -> /builddir/build/BUILDROOT/controllerconfig-1.0-3.x86_64/usr/lib/python3.7/site-packages/controllerconfig/common
copying build/lib/controllerconfig/common/keystone.py -> /builddir/build/BUILDROOT/controllerconfig-1.0-3.x86_64/usr/lib/python3.7/site-packages/controllerconfig/common
copying build/lib/controllerconfig/common/constants.py -> /builddir/build/BUILDROOT/controllerconfig-1.0-3.x86_64/usr/lib/python3.7/site-packages/controllerconfig/common
copying build/lib/controllerconfig/common/configobjects.py -> /builddir/build/BUILDROOT/controllerconfig-1.0-3.x86_64/usr/lib/python3.7/site-packages/controllerconfig/common
copying build/lib/controllerconfig/sysinv_api.py -> /builddir/build/BUILDROOT/controllerconfig-1.0-3.x86_64/usr/lib/python3.7/site-packages/controllerconfig
creating /builddir/build/BUILDROOT/controllerconfig-1.0-3.x86_64/usr/lib/python3.7/site-packages/controllerconfig/upgrades
copying build/lib/controllerconfig/upgrades/controller.py -> /builddir/build/BUILDROOT/controllerconfig-1.0-3.x86_64/usr/lib/python3.7/site-packages/controllerconfig/upgrades
copying build/lib/controllerconfig/upgrades/utils.py -> /builddir/build/BUILDROOT/controllerconfig-1.0-3.x86_64/usr/lib/python3.7/site-packages/controllerconfig/upgrades
copying build/lib/controllerconfig/upgrades/management.py -> /builddir/build/BUILDROOT/controllerconfig-1.0-3.x86_64/usr/lib/python3.7/site-packages/controllerconfig/upgrades
copying build/lib/controllerconfig/upgrades/__init__.py -> /builddir/build/BUILDROOT/controllerconfig-1.0-3.x86_64/usr/lib/python3.7/site-packages/controllerconfig/upgrades
copying build/lib/controllerconfig/utils.py -> /builddir/build/BUILDROOT/controllerconfig-1.0-3.x86_64/usr/lib/python3.7/site-packages/controllerconfig
copying build/lib/controllerconfig/backup_restore.py -> /builddir/build/BUILDROOT/controllerconfig-1.0-3.x86_64/usr/lib/python3.7/site-packages/controllerconfig
copying build/lib/controllerconfig/clone.py -> /builddir/build/BUILDROOT/controllerconfig-1.0-3.x86_64/usr/lib/python3.7/site-packages/controllerconfig
copying build/lib/controllerconfig/__init__.py -> /builddir/build/BUILDROOT/controllerconfig-1.0-3.x86_64/usr/lib/python3.7/site-packages/controllerconfig
copying build/lib/controllerconfig/openstack.py -> /builddir/build/BUILDROOT/controllerconfig-1.0-3.x86_64/usr/lib/python3.7/site-packages/controllerconfig
copying build/lib/controllerconfig/progress.py -> /builddir/build/BUILDROOT/controllerconfig-1.0-3.x86_64/usr/lib/python3.7/site-packages/controllerconfig
copying build/lib/controllerconfig/config_management.py -> /builddir/build/BUILDROOT/controllerconfig-1.0-3.x86_64/usr/lib/python3.7/site-packages/controllerconfig
copying build/lib/controllerconfig/tidy_storage.py -> /builddir/build/BUILDROOT/controllerconfig-1.0-3.x86_64/usr/lib/python3.7/site-packages/controllerconfig
byte-compiling /builddir/build/BUILDROOT/controllerconfig-1.0-3.x86_64/usr/lib/python3.7/site-packages/controllerconfig/configassistant.py to configassistant.cpython-37.pyc
byte-compiling /builddir/build/BUILDROOT/controllerconfig-1.0-3.x86_64/usr/lib/python3.7/site-packages/controllerconfig/regionconfig.py to regionconfig.cpython-37.pyc
byte-compiling /builddir/build/BUILDROOT/controllerconfig-1.0-3.x86_64/usr/lib/python3.7/site-packages/controllerconfig/systemconfig.py to systemconfig.cpython-37.pyc
byte-compiling /builddir/build/BUILDROOT/controllerconfig-1.0-3.x86_64/usr/lib/python3.7/site-packages/controllerconfig/tests/test_answerfile.py to test_answerfile.cpython-37.pyc
byte-compiling /builddir/build/BUILDROOT/controllerconfig-1.0-3.x86_64/usr/lib/python3.7/site-packages/controllerconfig/tests/test_system_config.py to test_system_config.cpython-37.pyc
byte-compiling /builddir/build/BUILDROOT/controllerconfig-1.0-3.x86_64/usr/lib/python3.7/site-packages/controllerconfig/tests/test_region_config.py to test_region_config.cpython-37.pyc
byte-compiling /builddir/build/BUILDROOT/controllerconfig-1.0-3.x86_64/usr/lib/python3.7/site-packages/controllerconfig/tests/__init__.py to __init__.cpython-37.pyc
byte-compiling /builddir/build/BUILDROOT/controllerconfig-1.0-3.x86_64/usr/lib/python3.7/site-packages/controllerconfig/common/log.py to log.cpython-37.pyc
byte-compiling /builddir/build/BUILDROOT/controllerconfig-1.0-3.x86_64/usr/lib/python3.7/site-packages/controllerconfig/common/validator.py to validator.cpython-37.pyc
byte-compiling /builddir/build/BUILDROOT/controllerconfig-1.0-3.x86_64/usr/lib/python3.7/site-packages/controllerconfig/common/crypt.py to crypt.cpython-37.pyc
byte-compiling /builddir/build/BUILDROOT/controllerconfig-1.0-3.x86_64/usr/lib/python3.7/site-packages/controllerconfig/common/exceptions.py to exceptions.cpython-37.pyc
byte-compiling /builddir/build/BUILDROOT/controllerconfig-1.0-3.x86_64/usr/lib/python3.7/site-packages/controllerconfig/common/__init__.py to __init__.cpython-37.pyc
byte-compiling /builddir/build/BUILDROOT/controllerconfig-1.0-3.x86_64/usr/lib/python3.7/site-packages/controllerconfig/common/rest_api_utils.py to rest_api_utils.cpython-37.pyc
byte-compiling /builddir/build/BUILDROOT/controllerconfig-1.0-3.x86_64/usr/lib/python3.7/site-packages/controllerconfig/common/dcmanager.py to dcmanager.cpython-37.pyc
byte-compiling /builddir/build/BUILDROOT/controllerconfig-1.0-3.x86_64/usr/lib/python3.7/site-packages/controllerconfig/common/keystone.py to keystone.cpython-37.pyc
byte-compiling /builddir/build/BUILDROOT/controllerconfig-1.0-3.x86_64/usr/lib/python3.7/site-packages/controllerconfig/common/constants.py to constants.cpython-37.pyc
byte-compiling /builddir/build/BUILDROOT/controllerconfig-1.0-3.x86_64/usr/lib/python3.7/site-packages/controllerconfig/common/configobjects.py to configobjects.cpython-37.pyc
byte-compiling /builddir/build/BUILDROOT/controllerconfig-1.0-3.x86_64/usr/lib/python3.7/site-packages/controllerconfig/sysinv_api.py to sysinv_api.cpython-37.pyc
byte-compiling /builddir/build/BUILDROOT/controllerconfig-1.0-3.x86_64/usr/lib/python3.7/site-packages/controllerconfig/upgrades/controller.py to controller.cpython-37.pyc
byte-compiling /builddir/build/BUILDROOT/controllerconfig-1.0-3.x86_64/usr/lib/python3.7/site-packages/controllerconfig/upgrades/utils.py to utils.cpython-37.pyc
byte-compiling /builddir/build/BUILDROOT/controllerconfig-1.0-3.x86_64/usr/lib/python3.7/site-packages/controllerconfig/upgrades/management.py to management.cpython-37.pyc
byte-compiling /builddir/build/BUILDROOT/controllerconfig-1.0-3.x86_64/usr/lib/python3.7/site-packages/controllerconfig/upgrades/__init__.py to __init__.cpython-37.pyc
byte-compiling /builddir/build/BUILDROOT/controllerconfig-1.0-3.x86_64/usr/lib/python3.7/site-packages/controllerconfig/utils.py to utils.cpython-37.pyc
byte-compiling /builddir/build/BUILDROOT/controllerconfig-1.0-3.x86_64/usr/lib/python3.7/site-packages/controllerconfig/backup_restore.py to backup_restore.cpython-37.pyc
byte-compiling /builddir/build/BUILDROOT/controllerconfig-1.0-3.x86_64/usr/lib/python3.7/site-packages/controllerconfig/clone.py to clone.cpython-37.pyc
byte-compiling /builddir/build/BUILDROOT/controllerconfig-1.0-3.x86_64/usr/lib/python3.7/site-packages/controllerconfig/__init__.py to __init__.cpython-37.pyc
byte-compiling /builddir/build/BUILDROOT/controllerconfig-1.0-3.x86_64/usr/lib/python3.7/site-packages/controllerconfig/openstack.py to openstack.cpython-37.pyc
byte-compiling /builddir/build/BUILDROOT/controllerconfig-1.0-3.x86_64/usr/lib/python3.7/site-packages/controllerconfig/progress.py to progress.cpython-37.pyc
byte-compiling /builddir/build/BUILDROOT/controllerconfig-1.0-3.x86_64/usr/lib/python3.7/site-packages/controllerconfig/config_management.py to config_management.cpython-37.pyc
byte-compiling /builddir/build/BUILDROOT/controllerconfig-1.0-3.x86_64/usr/lib/python3.7/site-packages/controllerconfig/tidy_storage.py to tidy_storage.cpython-37.pyc
running install_egg_info
running egg_info
creating controllerconfig.egg-info
writing controllerconfig.egg-info/PKG-INFO
writing dependency_links to controllerconfig.egg-info/dependency_links.txt
writing entry points to controllerconfig.egg-info/entry_points.txt
writing top-level names to controllerconfig.egg-info/top_level.txt
writing manifest file 'controllerconfig.egg-info/SOURCES.txt'
reading manifest file 'controllerconfig.egg-info/SOURCES.txt'
writing manifest file 'controllerconfig.egg-info/SOURCES.txt'
Copying controllerconfig.egg-info to /builddir/build/BUILDROOT/controllerconfig-1.0-3.x86_64/usr/lib/python3.7/site-packages/controllerconfig-1.0.0-py3.7.egg-info
running install_scripts
Installing config_controller script to /builddir/build/BUILDROOT/controllerconfig-1.0-3.x86_64/usr/bin
Installing config_management script to /builddir/build/BUILDROOT/controllerconfig-1.0-3.x86_64/usr/bin
Installing config_region script to /builddir/build/BUILDROOT/controllerconfig-1.0-3.x86_64/usr/bin
Installing config_subcloud script to /builddir/build/BUILDROOT/controllerconfig-1.0-3.x86_64/usr/bin
Installing tidy_storage_post_restore script to /builddir/build/BUILDROOT/controllerconfig-1.0-3.x86_64/usr/bin
Installing upgrade_controller script to /builddir/build/BUILDROOT/controllerconfig-1.0-3.x86_64/usr/bin
Installing upgrade_controller_simplex script to /builddir/build/BUILDROOT/controllerconfig-1.0-3.x86_64/usr/bin
----[ mark ]----
+ echo '----[' mark ']----'
+ cat '/builddir/build/BUILDROOT/controllerconfig-1.0-3.x86_64/usr/lib/python3*/site-packages/*/requires.txt'
cat: '/builddir/build/BUILDROOT/controllerconfig-1.0-3.x86_64/usr/lib/python3*/site-packages/*/requires.txt': No such file or directory
----[ mark ]----
+ :
+ echo '----[' mark ']----'
+ /usr/bin/python setup.py install --root=/builddir/build/BUILDROOT/controllerconfig-1.0-3.x86_64 --install-lib=/usr/lib64/python2.7/site-packages --prefix=/usr --install-data=/usr/share --single-version-externally-managed
running install
running build
running build_py
running install_lib
creating /builddir/build/BUILDROOT/controllerconfig-1.0-3.x86_64/usr/lib64
creating /builddir/build/BUILDROOT/controllerconfig-1.0-3.x86_64/usr/lib64/python2.7
creating /builddir/build/BUILDROOT/controllerconfig-1.0-3.x86_64/usr/lib64/python2.7/site-packages
creating /builddir/build/BUILDROOT/controllerconfig-1.0-3.x86_64/usr/lib64/python2.7/site-packages/controllerconfig
copying build/lib/controllerconfig/configassistant.py -> /builddir/build/BUILDROOT/controllerconfig-1.0-3.x86_64/usr/lib64/python2.7/site-packages/controllerconfig
copying build/lib/controllerconfig/regionconfig.py -> /builddir/build/BUILDROOT/controllerconfig-1.0-3.x86_64/usr/lib64/python2.7/site-packages/controllerconfig
copying build/lib/controllerconfig/systemconfig.py -> /builddir/build/BUILDROOT/controllerconfig-1.0-3.x86_64/usr/lib64/python2.7/site-packages/controllerconfig
creating /builddir/build/BUILDROOT/controllerconfig-1.0-3.x86_64/usr/lib64/python2.7/site-packages/controllerconfig/tests
copying build/lib/controllerconfig/tests/test_answerfile.py -> /builddir/build/BUILDROOT/controllerconfig-1.0-3.x86_64/usr/lib64/python2.7/site-packages/controllerconfig/tests
copying build/lib/controllerconfig/tests/test_system_config.py -> /builddir/build/BUILDROOT/controllerconfig-1.0-3.x86_64/usr/lib64/python2.7/site-packages/controllerconfig/tests
copying build/lib/controllerconfig/tests/test_region_config.py -> /builddir/build/BUILDROOT/controllerconfig-1.0-3.x86_64/usr/lib64/python2.7/site-packages/controllerconfig/tests
copying build/lib/controllerconfig/tests/__init__.py -> /builddir/build/BUILDROOT/controllerconfig-1.0-3.x86_64/usr/lib64/python2.7/site-packages/controllerconfig/tests
creating /builddir/build/BUILDROOT/controllerconfig-1.0-3.x86_64/usr/lib64/python2.7/site-packages/controllerconfig/common
copying build/lib/controllerconfig/common/log.py -> /builddir/build/BUILDROOT/controllerconfig-1.0-3.x86_64/usr/lib64/python2.7/site-packages/controllerconfig/common
copying build/lib/controllerconfig/common/validator.py -> /builddir/build/BUILDROOT/controllerconfig-1.0-3.x86_64/usr/lib64/python2.7/site-packages/controllerconfig/common
copying build/lib/controllerconfig/common/crypt.py -> /builddir/build/BUILDROOT/controllerconfig-1.0-3.x86_64/usr/lib64/python2.7/site-packages/controllerconfig/common
copying build/lib/controllerconfig/common/exceptions.py -> /builddir/build/BUILDROOT/controllerconfig-1.0-3.x86_64/usr/lib64/python2.7/site-packages/controllerconfig/common
copying build/lib/controllerconfig/common/__init__.py -> /builddir/build/BUILDROOT/controllerconfig-1.0-3.x86_64/usr/lib64/python2.7/site-packages/controllerconfig/common
copying build/lib/controllerconfig/common/rest_api_utils.py -> /builddir/build/BUILDROOT/controllerconfig-1.0-3.x86_64/usr/lib64/python2.7/site-packages/controllerconfig/common
copying build/lib/controllerconfig/common/dcmanager.py -> /builddir/build/BUILDROOT/controllerconfig-1.0-3.x86_64/usr/lib64/python2.7/site-packages/controllerconfig/common
copying build/lib/controllerconfig/common/keystone.py -> /builddir/build/BUILDROOT/controllerconfig-1.0-3.x86_64/usr/lib64/python2.7/site-packages/controllerconfig/common
copying build/lib/controllerconfig/common/constants.py -> /builddir/build/BUILDROOT/controllerconfig-1.0-3.x86_64/usr/lib64/python2.7/site-packages/controllerconfig/common
copying build/lib/controllerconfig/common/configobjects.py -> /builddir/build/BUILDROOT/controllerconfig-1.0-3.x86_64/usr/lib64/python2.7/site-packages/controllerconfig/common
copying build/lib/controllerconfig/sysinv_api.py -> /builddir/build/BUILDROOT/controllerconfig-1.0-3.x86_64/usr/lib64/python2.7/site-packages/controllerconfig
creating /builddir/build/BUILDROOT/controllerconfig-1.0-3.x86_64/usr/lib64/python2.7/site-packages/controllerconfig/upgrades
copying build/lib/controllerconfig/upgrades/controller.py -> /builddir/build/BUILDROOT/controllerconfig-1.0-3.x86_64/usr/lib64/python2.7/site-packages/controllerconfig/upgrades
copying build/lib/controllerconfig/upgrades/utils.py -> /builddir/build/BUILDROOT/controllerconfig-1.0-3.x86_64/usr/lib64/python2.7/site-packages/controllerconfig/upgrades
copying build/lib/controllerconfig/upgrades/management.py -> /builddir/build/BUILDROOT/controllerconfig-1.0-3.x86_64/usr/lib64/python2.7/site-packages/controllerconfig/upgrades
copying build/lib/controllerconfig/upgrades/__init__.py -> /builddir/build/BUILDROOT/controllerconfig-1.0-3.x86_64/usr/lib64/python2.7/site-packages/controllerconfig/upgrades
copying build/lib/controllerconfig/utils.py -> /builddir/build/BUILDROOT/controllerconfig-1.0-3.x86_64/usr/lib64/python2.7/site-packages/controllerconfig
copying build/lib/controllerconfig/backup_restore.py -> /builddir/build/BUILDROOT/controllerconfig-1.0-3.x86_64/usr/lib64/python2.7/site-packages/controllerconfig
copying build/lib/controllerconfig/clone.py -> /builddir/build/BUILDROOT/controllerconfig-1.0-3.x86_64/usr/lib64/python2.7/site-packages/controllerconfig
copying build/lib/controllerconfig/__init__.py -> /builddir/build/BUILDROOT/controllerconfig-1.0-3.x86_64/usr/lib64/python2.7/site-packages/controllerconfig
copying build/lib/controllerconfig/openstack.py -> /builddir/build/BUILDROOT/controllerconfig-1.0-3.x86_64/usr/lib64/python2.7/site-packages/controllerconfig
copying build/lib/controllerconfig/progress.py -> /builddir/build/BUILDROOT/controllerconfig-1.0-3.x86_64/usr/lib64/python2.7/site-packages/controllerconfig
copying build/lib/controllerconfig/config_management.py -> /builddir/build/BUILDROOT/controllerconfig-1.0-3.x86_64/usr/lib64/python2.7/site-packages/controllerconfig
copying build/lib/controllerconfig/tidy_storage.py -> /builddir/build/BUILDROOT/controllerconfig-1.0-3.x86_64/usr/lib64/python2.7/site-packages/controllerconfig
byte-compiling /builddir/build/BUILDROOT/controllerconfig-1.0-3.x86_64/usr/lib64/python2.7/site-packages/controllerconfig/configassistant.py to configassistant.cpython-37.pyc
byte-compiling /builddir/build/BUILDROOT/controllerconfig-1.0-3.x86_64/usr/lib64/python2.7/site-packages/controllerconfig/regionconfig.py to regionconfig.cpython-37.pyc
byte-compiling /builddir/build/BUILDROOT/controllerconfig-1.0-3.x86_64/usr/lib64/python2.7/site-packages/controllerconfig/systemconfig.py to systemconfig.cpython-37.pyc
byte-compiling /builddir/build/BUILDROOT/controllerconfig-1.0-3.x86_64/usr/lib64/python2.7/site-packages/controllerconfig/tests/test_answerfile.py to test_answerfile.cpython-37.pyc
byte-compiling /builddir/build/BUILDROOT/controllerconfig-1.0-3.x86_64/usr/lib64/python2.7/site-packages/controllerconfig/tests/test_system_config.py to test_system_config.cpython-37.pyc
byte-compiling /builddir/build/BUILDROOT/controllerconfig-1.0-3.x86_64/usr/lib64/python2.7/site-packages/controllerconfig/tests/test_region_config.py to test_region_config.cpython-37.pyc
byte-compiling /builddir/build/BUILDROOT/controllerconfig-1.0-3.x86_64/usr/lib64/python2.7/site-packages/controllerconfig/tests/__init__.py to __init__.cpython-37.pyc
byte-compiling /builddir/build/BUILDROOT/controllerconfig-1.0-3.x86_64/usr/lib64/python2.7/site-packages/controllerconfig/common/log.py to log.cpython-37.pyc
byte-compiling /builddir/build/BUILDROOT/controllerconfig-1.0-3.x86_64/usr/lib64/python2.7/site-packages/controllerconfig/common/validator.py to validator.cpython-37.pyc
byte-compiling /builddir/build/BUILDROOT/controllerconfig-1.0-3.x86_64/usr/lib64/python2.7/site-packages/controllerconfig/common/crypt.py to crypt.cpython-37.pyc
byte-compiling /builddir/build/BUILDROOT/controllerconfig-1.0-3.x86_64/usr/lib64/python2.7/site-packages/controllerconfig/common/exceptions.py to exceptions.cpython-37.pyc
byte-compiling /builddir/build/BUILDROOT/controllerconfig-1.0-3.x86_64/usr/lib64/python2.7/site-packages/controllerconfig/common/__init__.py to __init__.cpython-37.pyc
byte-compiling /builddir/build/BUILDROOT/controllerconfig-1.0-3.x86_64/usr/lib64/python2.7/site-packages/controllerconfig/common/rest_api_utils.py to rest_api_utils.cpython-37.pyc
byte-compiling /builddir/build/BUILDROOT/controllerconfig-1.0-3.x86_64/usr/lib64/python2.7/site-packages/controllerconfig/common/dcmanager.py to dcmanager.cpython-37.pyc
byte-compiling /builddir/build/BUILDROOT/controllerconfig-1.0-3.x86_64/usr/lib64/python2.7/site-packages/controllerconfig/common/keystone.py to keystone.cpython-37.pyc
byte-compiling /builddir/build/BUILDROOT/controllerconfig-1.0-3.x86_64/usr/lib64/python2.7/site-packages/controllerconfig/common/constants.py to constants.cpython-37.pyc
byte-compiling /builddir/build/BUILDROOT/controllerconfig-1.0-3.x86_64/usr/lib64/python2.7/site-packages/controllerconfig/common/configobjects.py to configobjects.cpython-37.pyc
byte-compiling /builddir/build/BUILDROOT/controllerconfig-1.0-3.x86_64/usr/lib64/python2.7/site-packages/controllerconfig/sysinv_api.py to sysinv_api.cpython-37.pyc
byte-compiling /builddir/build/BUILDROOT/controllerconfig-1.0-3.x86_64/usr/lib64/python2.7/site-packages/controllerconfig/upgrades/controller.py to controller.cpython-37.pyc
byte-compiling /builddir/build/BUILDROOT/controllerconfig-1.0-3.x86_64/usr/lib64/python2.7/site-packages/controllerconfig/upgrades/utils.py to utils.cpython-37.pyc
byte-compiling /builddir/build/BUILDROOT/controllerconfig-1.0-3.x86_64/usr/lib64/python2.7/site-packages/controllerconfig/upgrades/management.py to management.cpython-37.pyc
byte-compiling /builddir/build/BUILDROOT/controllerconfig-1.0-3.x86_64/usr/lib64/python2.7/site-packages/controllerconfig/upgrades/__init__.py to __init__.cpython-37.pyc
byte-compiling /builddir/build/BUILDROOT/controllerconfig-1.0-3.x86_64/usr/lib64/python2.7/site-packages/controllerconfig/utils.py to utils.cpython-37.pyc
byte-compiling /builddir/build/BUILDROOT/controllerconfig-1.0-3.x86_64/usr/lib64/python2.7/site-packages/controllerconfig/backup_restore.py to backup_restore.cpython-37.pyc
byte-compiling /builddir/build/BUILDROOT/controllerconfig-1.0-3.x86_64/usr/lib64/python2.7/site-packages/controllerconfig/clone.py to clone.cpython-37.pyc
byte-compiling /builddir/build/BUILDROOT/controllerconfig-1.0-3.x86_64/usr/lib64/python2.7/site-packages/controllerconfig/__init__.py to __init__.cpython-37.pyc
byte-compiling /builddir/build/BUILDROOT/controllerconfig-1.0-3.x86_64/usr/lib64/python2.7/site-packages/controllerconfig/openstack.py to openstack.cpython-37.pyc
byte-compiling /builddir/build/BUILDROOT/controllerconfig-1.0-3.x86_64/usr/lib64/python2.7/site-packages/controllerconfig/progress.py to progress.cpython-37.pyc
byte-compiling /builddir/build/BUILDROOT/controllerconfig-1.0-3.x86_64/usr/lib64/python2.7/site-packages/controllerconfig/config_management.py to config_management.cpython-37.pyc
byte-compiling /builddir/build/BUILDROOT/controllerconfig-1.0-3.x86_64/usr/lib64/python2.7/site-packages/controllerconfig/tidy_storage.py to tidy_storage.cpython-37.pyc
running install_egg_info
running egg_info
writing controllerconfig.egg-info/PKG-INFO
writing dependency_links to controllerconfig.egg-info/dependency_links.txt
writing entry points to controllerconfig.egg-info/entry_points.txt
writing top-level names to controllerconfig.egg-info/top_level.txt
reading manifest file 'controllerconfig.egg-info/SOURCES.txt'
writing manifest file 'controllerconfig.egg-info/SOURCES.txt'
Copying controllerconfig.egg-info to /builddir/build/BUILDROOT/controllerconfig-1.0-3.x86_64/usr/lib64/python2.7/site-packages/controllerconfig-1.0.0-py3.7.egg-info
running install_scripts
Installing config_controller script to /builddir/build/BUILDROOT/controllerconfig-1.0-3.x86_64/usr/bin
Installing config_management script to /builddir/build/BUILDROOT/controllerconfig-1.0-3.x86_64/usr/bin
Installing config_region script to /builddir/build/BUILDROOT/controllerconfig-1.0-3.x86_64/usr/bin
Installing config_subcloud script to /builddir/build/BUILDROOT/controllerconfig-1.0-3.x86_64/usr/bin
Installing tidy_storage_post_restore script to /builddir/build/BUILDROOT/controllerconfig-1.0-3.x86_64/usr/bin
Installing upgrade_controller script to /builddir/build/BUILDROOT/controllerconfig-1.0-3.x86_64/usr/bin
Installing upgrade_controller_simplex script to /builddir/build/BUILDROOT/controllerconfig-1.0-3.x86_64/usr/bin
+ install -d -m 755 /builddir/build/BUILDROOT/controllerconfig-1.0-3.x86_64/usr//bin/
+ install -p -D -m 700 scripts/keyringstaging /builddir/build/BUILDROOT/controllerconfig-1.0-3.x86_64/usr//bin//keyringstaging
+ install -p -D -m 700 scripts/openstack_update_admin_password /builddir/build/BUILDROOT/controllerconfig-1.0-3.x86_64/usr//bin//openstack_update_admin_password
+ install -p -D -m 700 scripts/install_clone.py /builddir/build/BUILDROOT/controllerconfig-1.0-3.x86_64/usr//bin//install_clone
+ install -p -D -m 700 scripts/finish_install_clone.sh /builddir/build/BUILDROOT/controllerconfig-1.0-3.x86_64/usr//bin//finish_install_clone.sh
+ install -d -m 755 /builddir/build/BUILDROOT/controllerconfig-1.0-3.x86_64/usr/local/etc/goenabled.d/
+ install -p -D -m 700 scripts/config_goenabled_check.sh /builddir/build/BUILDROOT/controllerconfig-1.0-3.x86_64/usr/local/etc/goenabled.d//config_goenabled_check.sh
+ install -d -m 755 /builddir/build/BUILDROOT/controllerconfig-1.0-3.x86_64/usr/local/etc/init.d/
+ install -p -D -m 755 scripts/controller_config /builddir/build/BUILDROOT/controllerconfig-1.0-3.x86_64/usr/local/etc/init.d//controller_config
+ install -d -m 755 /builddir/build/BUILDROOT/controllerconfig-1.0-3.x86_64/usr/local/etc/upgrade.d/
+ install -p -D -m 755 upgrade-scripts/16-neutron-move-bindings-off-controller-1.py upgrade-scripts/20-sysinv-retire-ceph-cache-tier-sp.py /builddir/build/BUILDROOT/controllerconfig-1.0-3.x86_64/usr/local/etc/upgrade.d//
+ install -d -m 755 /builddir/build/BUILDROOT/controllerconfig-1.0-3.x86_64/usr/local/etc/systemd/system/
+ install -p -D -m 664 scripts/controllerconfig.service /builddir/build/BUILDROOT/controllerconfig-1.0-3.x86_64/usr/local/etc/systemd/system//controllerconfig.service
+ rm -f /builddir/build/BUILDROOT/controllerconfig-1.0-3.x86_64/usr/share/info/dir
++ find /builddir/build/BUILDROOT/controllerconfig-1.0-3.x86_64 -path 'etc/*' '!' -type d
+ test -z ''
+ rm -rf '/builddir/build/BUILDROOT/controllerconfig-1.0-3.x86_64/etc/*'
+ rm -rf '/builddir/build/BUILDROOT/controllerconfig-1.0-3.x86_64/usr/share/factory/*'
+ find /builddir/build/BUILDROOT/controllerconfig-1.0-3.x86_64 -name __pycache__
+ xargs rm -rf --
+ '[' -d /builddir/build/BUILDROOT/controllerconfig-1.0-3.x86_64/usr/share/mime ']'
++ getconf _NPROCESSORS_ONLN
+ RPM_XARGS_PFLAG=-P4
+ find /builddir/build/BUILDROOT/controllerconfig-1.0-3.x86_64 -name '*.so.avx512' -print0
+ xargs -0rtn1 -P4 python /usr/share/clr-avx-tools/avxjudge.py -q -5
+ find /builddir/build/BUILDROOT/controllerconfig-1.0-3.x86_64/usr/lib64/haswell/avx512_1 -name '*.so*' -print0
find: ‘/builddir/build/BUILDROOT/controllerconfig-1.0-3.x86_64/usr/lib64/haswell/avx512_1’: No such file or directory
+ find /builddir/build/BUILDROOT/controllerconfig-1.0-3.x86_64 -name '*.so.avx2' -print0
+ xargs -0rtn1 -P4 python /usr/share/clr-avx-tools/avxjudge.py -q -2
+ find /builddir/build/BUILDROOT/controllerconfig-1.0-3.x86_64/usr/lib64/haswell '!' -path '/usr/lib64/haswell/avx512_1/*' -name '*.so*' -print0
find: ‘/builddir/build/BUILDROOT/controllerconfig-1.0-3.x86_64/usr/lib64/haswell’: No such file or directory
+ find /builddir/build/BUILDROOT/controllerconfig-1.0-3.x86_64/usr/lib64/ -maxdepth 1 -name '*.so*' -type f -print0
+ sort -u
+ xargs -0rtn1 -P4 /usr/lib/rpm/clr/brp-create-abi
+ '[' -d /builddir/build/BUILDROOT/controllerconfig-1.0-3.x86_64/usr/lib/debug ']'
+ :
+ '[' -d /builddir/build/BUILDROOT/controllerconfig-1.0-3.x86_64/usr/lib/debug ']'
+ :
+ '[' -d /builddir/build/BUILDROOT/controllerconfig-1.0-3.x86_64/usr/src/debug ']'
+ :
+ '[' -d /builddir/build/BUILDROOT/controllerconfig-1.0-3.x86_64/usr/lib/debug.force ']'
+ :
+ '[' -d /builddir/build/BUILDROOT/controllerconfig-1.0-3.x86_64/usr/src/debug.force ']'
+ :
+ /usr/lib/rpm/check-buildroot
+ /usr/lib/rpm/clr/brp-strip /usr/bin/strip
+ /usr/lib/rpm/clr/brp-strip-static-archive /usr/bin/strip
+ /usr/lib/rpm/clr/brp-strip-comment-note /usr/bin/strip /usr/bin/objdump
+ /usr/lib/rpm/clr/brp-python-bytecompile
[BYTECOMPILE] Building for /builddir/build/BUILDROOT/controllerconfig-1.0-3.x86_64/usr/lib/python3.7 using /usr/bin/python3.7
+ find /builddir/build/BUILDROOT/controllerconfig-1.0-3.x86_64 -print0
+ xargs -0 touch -h -d '@1549052798 '
+ /usr/lib/rpm/clr/brp-java-repack-jars
Processing files: controllerconfig-1.0-3.x86_64
Provides: controllerconfig = 1.0-3 controllerconfig(x86-64) = 1.0-3
Requires(interp): /bin/sh
Requires(rpmlib): rpmlib(CompressedFileNames) <= 3.0.4-1 rpmlib(PayloadFilesHavePrefix) <= 4.0-1
Requires(post): /bin/sh
Requires: /bin/bash /usr/bin/env
Processing files: controllerconfig-bin-1.0-3.x86_64
Provides: controllerconfig-bin = 1.0-3 controllerconfig-bin(x86-64) = 1.0-3
Requires(rpmlib): rpmlib(CompressedFileNames) <= 3.0.4-1 rpmlib(PayloadFilesHavePrefix) <= 4.0-1
Requires: /bin/bash /usr/bin/env /usr/bin/python
Processing files: controllerconfig-python-1.0-3.x86_64
Provides: controllerconfig-python = 1.0-3 controllerconfig-python(x86-64) = 1.0-3
Requires(rpmlib): rpmlib(CompressedFileNames) <= 3.0.4-1 rpmlib(PayloadFilesHavePrefix) <= 4.0-1
Requires: python(abi) = 2.7
Processing files: controllerconfig-python3-1.0-3.x86_64
Provides: controllerconfig-python3 = 1.0-3 controllerconfig-python3(x86-64) = 1.0-3
Requires(rpmlib): rpmlib(CompressedFileNames) <= 3.0.4-1 rpmlib(PayloadFilesHavePrefix) <= 4.0-1
Requires: python(abi) = 3.7
Processing files: controllerconfig-abi-1.0-3.x86_64
Checking for unpackaged file(s): /usr/lib/rpm/check-files /builddir/build/BUILDROOT/controllerconfig-1.0-3.x86_64
warning: Empty %files file /builddir/build/BUILD/controllerconfig-1.0/abifiles.list
Wrote: /builddir/build/RPMS/controllerconfig-1.0-3.x86_64.rpm
Wrote: /builddir/build/RPMS/controllerconfig-bin-1.0-3.x86_64.rpm
Wrote: /builddir/build/RPMS/controllerconfig-python-1.0-3.x86_64.rpm
Wrote: /builddir/build/RPMS/controllerconfig-python3-1.0-3.x86_64.rpm
Wrote: /builddir/build/RPMS/controllerconfig-abi-1.0-3.x86_64.rpm
Executing(%clean): /bin/sh -e /var/tmp/rpm-tmp.SQ4HNd
+ umask 022
+ cd /builddir/build/BUILD
+ cd controllerconfig-1.0
+ /usr/bin/rm -rf /builddir/build/BUILDROOT/controllerconfig-1.0-3.x86_64
+ exit 0
Child return code was: 0
LEAVE do --> 

