Mock Version: 1.2.14
ENTER do(['bash', '--login', '-c', '/usr/bin/rpmbuild -bs --target x86_64 --nodeps /builddir/build/SPECS/pm-qos-mgr.spec'], chrootPath='/var/lib/mock/clear-pm-qos-mgr/root'env={'TERM': 'vt100', 'SHELL': '/bin/bash', 'HOME': '/builddir', 'HOSTNAME': 'mock', 'PATH': '/usr/bin:/bin:/usr/sbin:/sbin', 'LANG': 'en_US.UTF-8', 'CCACHE_DIR': '/var/tmp/ccache', 'CCACHE_UMASK': '002'}shell=Falselogger=<mockbuild.trace_decorator.getLog object at 0x7f611e791e10>timeout=0uid=1000gid=1000user='mockbuild'printOutput=False)
Executing command: ['bash', '--login', '-c', '/usr/bin/rpmbuild -bs --target x86_64 --nodeps /builddir/build/SPECS/pm-qos-mgr.spec'] with env {'TERM': 'vt100', 'SHELL': '/bin/bash', 'HOME': '/builddir', 'HOSTNAME': 'mock', 'PATH': '/usr/bin:/bin:/usr/sbin:/sbin', 'LANG': 'en_US.UTF-8', 'CCACHE_DIR': '/var/tmp/ccache', 'CCACHE_UMASK': '002'} and shell False
Building target platforms: x86_64
Building for target x86_64
Wrote: /builddir/build/SRPMS/pm-qos-mgr-1.0-1.src.rpm
Child return code was: 0
LEAVE do --> 

ENTER do(['bash', '--login', '-c', '/usr/bin/rpmbuild -bb --target x86_64 --nodeps  /builddir/build/SPECS/pm-qos-mgr.spec '], chrootPath='/var/lib/mock/clear-pm-qos-mgr/root'env={'TERM': 'vt100', 'SHELL': '/bin/bash', 'HOME': '/builddir', 'HOSTNAME': 'mock', 'PATH': '/usr/bin:/bin:/usr/sbin:/sbin', 'LANG': 'en_US.UTF-8', 'CCACHE_DIR': '/var/tmp/ccache', 'CCACHE_UMASK': '002'}shell=Falselogger=<mockbuild.trace_decorator.getLog object at 0x7f611e791e10>timeout=0uid=1000gid=1000user='mockbuild'private_network=TrueprintOutput=False)
Executing command: ['bash', '--login', '-c', '/usr/bin/rpmbuild -bb --target x86_64 --nodeps  /builddir/build/SPECS/pm-qos-mgr.spec '] with env {'TERM': 'vt100', 'SHELL': '/bin/bash', 'HOME': '/builddir', 'HOSTNAME': 'mock', 'PATH': '/usr/bin:/bin:/usr/sbin:/sbin', 'LANG': 'en_US.UTF-8', 'CCACHE_DIR': '/var/tmp/ccache', 'CCACHE_UMASK': '002'} and shell False
Building target platforms: x86_64
Building for target x86_64
Executing(%prep): /bin/sh -e /var/tmp/rpm-tmp.nfzxrg
+ umask 022
+ cd /builddir/build/BUILD
+ LANG=en_US.UTF-8
+ export LANG
+ unset DISPLAY
+ cd /builddir/build/BUILD
+ rm -rf pm-qos-mgr-1.0
+ /usr/bin/gzip -dc /builddir/build/SOURCES/pm-qos-mgr-1.0.tar.gz
+ /usr/bin/tar -xf -
+ STATUS=0
+ '[' 0 -ne 0 ']'
+ cd pm-qos-mgr-1.0
+ /usr/bin/chmod -Rf a+rX,u+w,g-w,o-w .
+ exit 0
Executing(%build): /bin/sh -e /var/tmp/rpm-tmp.y9nF7i
+ umask 022
+ cd /builddir/build/BUILD
+ cd pm-qos-mgr-1.0
+ LANG=en_US.UTF-8
+ export LANG
+ unset DISPLAY
+ unset PYTHONOPTIMIZE
+ CFLAGS='-O2 -g -feliminate-unused-debug-types -pipe -Wall -Wp,-D_FORTIFY_SOURCE=2 -fexceptions -fstack-protector --param=ssp-buffer-size=32 -Wformat -Wformat-security -Wl,-z,now,-z,relro,-z,max-page-size=0x1000,-z,separate-code -Wno-error -ftree-vectorize -ftree-slp-vectorize -Wl,--enable-new-dtags -fcf-protection=return -m64 -march=westmere -mtune=haswell -fasynchronous-unwind-tables -fno-omit-frame-pointer -Wp,-D_REENTRANT'
+ export CFLAGS
+ http_proxy=http://127.0.0.1:9/
+ export http_proxy
+ https_proxy=http://127.0.0.1:9/
+ export https_proxy
+ ftp_proxy=http://127.0.0.1:9/
+ export ftp_proxy
+ no_proxy=localhost,127.0.0.1,0.0.0.0
+ export no_proxy
+ CXXFLAGS='-O2 -g -feliminate-unused-debug-types -pipe -Wall -Wp,-D_FORTIFY_SOURCE=2 -fexceptions -fstack-protector --param=ssp-buffer-size=32 -Wformat -Wformat-security -Wl,-z,now,-z,relro,-z,max-page-size=0x1000,-z,separate-code -Wno-error -ftree-vectorize -ftree-slp-vectorize -Wl,--enable-new-dtags -fcf-protection=return -m64 -march=westmere -mtune=haswell -fasynchronous-unwind-tables -fno-omit-frame-pointer -Wp,-D_REENTRANT'
+ export CXXFLAGS
+ FFLAGS='-g -O3 -feliminate-unused-debug-types  -pipe -Wall -Wp,-D_FORTIFY_SOURCE=2 -fexceptions -fstack-protector --param=ssp-buffer-size=32 -m64 -fasynchronous-unwind-tables -Wp,-D_REENTRANT -ftree-loop-distribute-patterns -Wl,-z -Wl,now -Wl,-z -Wl,relro -malign-data=abi -fno-semantic-interposition -ftree-vectorize  -ftree-loop-vectorize -Wl,--enable-new-dtags '
+ export FFLAGS
+ LD_AS_NEEDED=1
+ export LD_AS_NEEDED
+ PKG_CONFIG_LIBDIR=/usr/lib64/pkgconfig
+ export PKG_CONFIG_LIBDIR
+ PATH=/usr/lib64/ccache/bin:/usr/local/bin:/usr/bin
+ export PATH
+ export PBR_VERSION=1.0
+ PBR_VERSION=1.0
+ export http_proxy=http://127.0.0.1:9/
+ http_proxy=http://127.0.0.1:9/
+ export https_proxy=http://127.0.0.1:9/
+ https_proxy=http://127.0.0.1:9/
+ export no_proxy=localhost,127.0.0.1,0.0.0.0
+ no_proxy=localhost,127.0.0.1,0.0.0.0
+ export LANG=C.UTF-8
+ LANG=C.UTF-8
+ export SOURCE_DATE_EPOCH=1568864412
+ SOURCE_DATE_EPOCH=1568864412
+ export GCC_IGNORE_WERROR=1
+ GCC_IGNORE_WERROR=1
+ export AR=gcc-ar
+ AR=gcc-ar
+ export RANLIB=gcc-ranlib
+ RANLIB=gcc-ranlib
+ export NM=gcc-nm
+ NM=gcc-nm
+ export 'CFLAGS=-O2 -g -feliminate-unused-debug-types -pipe -Wall -Wp,-D_FORTIFY_SOURCE=2 -fexceptions -fstack-protector --param=ssp-buffer-size=32 -Wformat -Wformat-security -Wl,-z,now,-z,relro,-z,max-page-size=0x1000,-z,separate-code -Wno-error -ftree-vectorize -ftree-slp-vectorize -Wl,--enable-new-dtags -fcf-protection=return -m64 -march=westmere -mtune=haswell -fasynchronous-unwind-tables -fno-omit-frame-pointer -Wp,-D_REENTRANT -O3 -ffat-lto-objects -flto=4 '
+ CFLAGS='-O2 -g -feliminate-unused-debug-types -pipe -Wall -Wp,-D_FORTIFY_SOURCE=2 -fexceptions -fstack-protector --param=ssp-buffer-size=32 -Wformat -Wformat-security -Wl,-z,now,-z,relro,-z,max-page-size=0x1000,-z,separate-code -Wno-error -ftree-vectorize -ftree-slp-vectorize -Wl,--enable-new-dtags -fcf-protection=return -m64 -march=westmere -mtune=haswell -fasynchronous-unwind-tables -fno-omit-frame-pointer -Wp,-D_REENTRANT -O3 -ffat-lto-objects -flto=4 '
+ export 'FCFLAGS=-O2 -g -feliminate-unused-debug-types -pipe -Wall -Wp,-D_FORTIFY_SOURCE=2 -fexceptions -fstack-protector --param=ssp-buffer-size=32 -Wformat -Wformat-security -Wl,-z,now,-z,relro,-z,max-page-size=0x1000,-z,separate-code -Wno-error -ftree-vectorize -ftree-slp-vectorize -Wl,--enable-new-dtags -fcf-protection=return -m64 -march=westmere -mtune=haswell -fasynchronous-unwind-tables -fno-omit-frame-pointer -Wp,-D_REENTRANT -O3 -ffat-lto-objects -flto=4  -O3 -ffat-lto-objects -flto=4 '
+ FCFLAGS='-O2 -g -feliminate-unused-debug-types -pipe -Wall -Wp,-D_FORTIFY_SOURCE=2 -fexceptions -fstack-protector --param=ssp-buffer-size=32 -Wformat -Wformat-security -Wl,-z,now,-z,relro,-z,max-page-size=0x1000,-z,separate-code -Wno-error -ftree-vectorize -ftree-slp-vectorize -Wl,--enable-new-dtags -fcf-protection=return -m64 -march=westmere -mtune=haswell -fasynchronous-unwind-tables -fno-omit-frame-pointer -Wp,-D_REENTRANT -O3 -ffat-lto-objects -flto=4  -O3 -ffat-lto-objects -flto=4 '
+ export 'FFLAGS=-O2 -g -feliminate-unused-debug-types -pipe -Wall -Wp,-D_FORTIFY_SOURCE=2 -fexceptions -fstack-protector --param=ssp-buffer-size=32 -Wformat -Wformat-security -Wl,-z,now,-z,relro,-z,max-page-size=0x1000,-z,separate-code -Wno-error -ftree-vectorize -ftree-slp-vectorize -Wl,--enable-new-dtags -fcf-protection=return -m64 -march=westmere -mtune=haswell -fasynchronous-unwind-tables -fno-omit-frame-pointer -Wp,-D_REENTRANT -O3 -ffat-lto-objects -flto=4  -O3 -ffat-lto-objects -flto=4 '
+ FFLAGS='-O2 -g -feliminate-unused-debug-types -pipe -Wall -Wp,-D_FORTIFY_SOURCE=2 -fexceptions -fstack-protector --param=ssp-buffer-size=32 -Wformat -Wformat-security -Wl,-z,now,-z,relro,-z,max-page-size=0x1000,-z,separate-code -Wno-error -ftree-vectorize -ftree-slp-vectorize -Wl,--enable-new-dtags -fcf-protection=return -m64 -march=westmere -mtune=haswell -fasynchronous-unwind-tables -fno-omit-frame-pointer -Wp,-D_REENTRANT -O3 -ffat-lto-objects -flto=4  -O3 -ffat-lto-objects -flto=4 '
+ export 'CXXFLAGS=-O2 -g -feliminate-unused-debug-types -pipe -Wall -Wp,-D_FORTIFY_SOURCE=2 -fexceptions -fstack-protector --param=ssp-buffer-size=32 -Wformat -Wformat-security -Wl,-z,now,-z,relro,-z,max-page-size=0x1000,-z,separate-code -Wno-error -ftree-vectorize -ftree-slp-vectorize -Wl,--enable-new-dtags -fcf-protection=return -m64 -march=westmere -mtune=haswell -fasynchronous-unwind-tables -fno-omit-frame-pointer -Wp,-D_REENTRANT -O3 -ffat-lto-objects -flto=4 '
+ CXXFLAGS='-O2 -g -feliminate-unused-debug-types -pipe -Wall -Wp,-D_FORTIFY_SOURCE=2 -fexceptions -fstack-protector --param=ssp-buffer-size=32 -Wformat -Wformat-security -Wl,-z,now,-z,relro,-z,max-page-size=0x1000,-z,separate-code -Wno-error -ftree-vectorize -ftree-slp-vectorize -Wl,--enable-new-dtags -fcf-protection=return -m64 -march=westmere -mtune=haswell -fasynchronous-unwind-tables -fno-omit-frame-pointer -Wp,-D_REENTRANT -O3 -ffat-lto-objects -flto=4 '
+ export MAKEFLAGS=-j4
+ MAKEFLAGS=-j4
+ python3 setup.py build
running build
running build_py
creating build
creating build/lib
creating build/lib/pm_qos_mgr
copying pm_qos_mgr/__init__.py -> build/lib/pm_qos_mgr
copying pm_qos_mgr/pm_qos_mgr.py -> build/lib/pm_qos_mgr
running egg_info
creating pm_qos_mgr.egg-info
writing pm_qos_mgr.egg-info/PKG-INFO
writing dependency_links to pm_qos_mgr.egg-info/dependency_links.txt
writing entry points to pm_qos_mgr.egg-info/entry_points.txt
writing top-level names to pm_qos_mgr.egg-info/top_level.txt
[pbr] Processing SOURCES.txt
writing manifest file 'pm_qos_mgr.egg-info/SOURCES.txt'
warning: no files found matching 'AUTHORS'
warning: no files found matching 'ChangeLog'
warning: no previously-included files found matching '.gitignore'
warning: no previously-included files found matching '.gitreview'
warning: no previously-included files matching '*.pyc' found anywhere in distribution
writing manifest file 'pm_qos_mgr.egg-info/SOURCES.txt'
+ exit 0
Executing(%install): /bin/sh -e /var/tmp/rpm-tmp.mxe1ng
+ umask 022
+ cd /builddir/build/BUILD
+ cd pm-qos-mgr-1.0
+ LANG=en_US.UTF-8
+ export LANG
+ unset DISPLAY
+ unset PYTHONOPTIMIZE
+ rm -rf /builddir/build/BUILDROOT/pm-qos-mgr-1.0-1.x86_64
+ mkdir -p /builddir/build/BUILDROOT/pm-qos-mgr-1.0-1.x86_64
+ export MAKEFLAGS=-j4
+ MAKEFLAGS=-j4
+ rm -rf /builddir/build/BUILDROOT/pm-qos-mgr-1.0-1.x86_64
+ export PBR_VERSION=1.0
+ PBR_VERSION=1.0
+ python3 -tt setup.py build install --root=/builddir/build/BUILDROOT/pm-qos-mgr-1.0-1.x86_64
running build
running build_py
running egg_info
writing pm_qos_mgr.egg-info/PKG-INFO
writing dependency_links to pm_qos_mgr.egg-info/dependency_links.txt
writing entry points to pm_qos_mgr.egg-info/entry_points.txt
writing top-level names to pm_qos_mgr.egg-info/top_level.txt
[pbr] Reusing existing SOURCES.txt
running install
[pbr] Generating AUTHORS
[pbr] AUTHORS complete (0.0s)
running install_lib
creating /builddir/build/BUILDROOT/pm-qos-mgr-1.0-1.x86_64
creating /builddir/build/BUILDROOT/pm-qos-mgr-1.0-1.x86_64/usr
creating /builddir/build/BUILDROOT/pm-qos-mgr-1.0-1.x86_64/usr/lib
creating /builddir/build/BUILDROOT/pm-qos-mgr-1.0-1.x86_64/usr/lib/python3.7
creating /builddir/build/BUILDROOT/pm-qos-mgr-1.0-1.x86_64/usr/lib/python3.7/site-packages
creating /builddir/build/BUILDROOT/pm-qos-mgr-1.0-1.x86_64/usr/lib/python3.7/site-packages/pm_qos_mgr
copying build/lib/pm_qos_mgr/__init__.py -> /builddir/build/BUILDROOT/pm-qos-mgr-1.0-1.x86_64/usr/lib/python3.7/site-packages/pm_qos_mgr
copying build/lib/pm_qos_mgr/pm_qos_mgr.py -> /builddir/build/BUILDROOT/pm-qos-mgr-1.0-1.x86_64/usr/lib/python3.7/site-packages/pm_qos_mgr
byte-compiling /builddir/build/BUILDROOT/pm-qos-mgr-1.0-1.x86_64/usr/lib/python3.7/site-packages/pm_qos_mgr/__init__.py to __init__.cpython-37.pyc
byte-compiling /builddir/build/BUILDROOT/pm-qos-mgr-1.0-1.x86_64/usr/lib/python3.7/site-packages/pm_qos_mgr/pm_qos_mgr.py to pm_qos_mgr.cpython-37.pyc
running install_egg_info
Copying pm_qos_mgr.egg-info to /builddir/build/BUILDROOT/pm-qos-mgr-1.0-1.x86_64/usr/lib/python3.7/site-packages/pm_qos_mgr-1.0-py3.7.egg-info
running install_scripts
Installing pm-qos-mgr script to /builddir/build/BUILDROOT/pm-qos-mgr-1.0-1.x86_64/usr/bin
/usr/lib/python3.7/site-packages/pbr/packaging.py:435: EasyInstallDeprecationWarning: Use get_header
  header = easy_install.get_script_header("", executable, is_wininst)
+ echo '----[' mark ']----'
----[ mark ]----
+ cat '/builddir/build/BUILDROOT/pm-qos-mgr-1.0-1.x86_64/usr/lib/python3*/site-packages/*/requires.txt'
cat: '/builddir/build/BUILDROOT/pm-qos-mgr-1.0-1.x86_64/usr/lib/python3*/site-packages/*/requires.txt': No such file or directory
+ :
----[ mark ]----
+ echo '----[' mark ']----'
+ /usr/bin/python setup.py install --root=/builddir/build/BUILDROOT/pm-qos-mgr-1.0-1.x86_64 --install-lib=/usr/lib64/python2.7/site-packages --prefix=/usr --install-data=/usr/share --single-version-externally-managed
running install
[pbr] Generating AUTHORS
[pbr] AUTHORS complete (0.0s)
running build
running build_py
running egg_info
writing pm_qos_mgr.egg-info/PKG-INFO
writing dependency_links to pm_qos_mgr.egg-info/dependency_links.txt
writing entry points to pm_qos_mgr.egg-info/entry_points.txt
writing top-level names to pm_qos_mgr.egg-info/top_level.txt
[pbr] Reusing existing SOURCES.txt
running install_lib
creating /builddir/build/BUILDROOT/pm-qos-mgr-1.0-1.x86_64/usr/lib64
creating /builddir/build/BUILDROOT/pm-qos-mgr-1.0-1.x86_64/usr/lib64/python2.7
creating /builddir/build/BUILDROOT/pm-qos-mgr-1.0-1.x86_64/usr/lib64/python2.7/site-packages
creating /builddir/build/BUILDROOT/pm-qos-mgr-1.0-1.x86_64/usr/lib64/python2.7/site-packages/pm_qos_mgr
copying build/lib/pm_qos_mgr/__init__.py -> /builddir/build/BUILDROOT/pm-qos-mgr-1.0-1.x86_64/usr/lib64/python2.7/site-packages/pm_qos_mgr
copying build/lib/pm_qos_mgr/pm_qos_mgr.py -> /builddir/build/BUILDROOT/pm-qos-mgr-1.0-1.x86_64/usr/lib64/python2.7/site-packages/pm_qos_mgr
byte-compiling /builddir/build/BUILDROOT/pm-qos-mgr-1.0-1.x86_64/usr/lib64/python2.7/site-packages/pm_qos_mgr/__init__.py to __init__.cpython-37.pyc
byte-compiling /builddir/build/BUILDROOT/pm-qos-mgr-1.0-1.x86_64/usr/lib64/python2.7/site-packages/pm_qos_mgr/pm_qos_mgr.py to pm_qos_mgr.cpython-37.pyc
running install_egg_info
Copying pm_qos_mgr.egg-info to /builddir/build/BUILDROOT/pm-qos-mgr-1.0-1.x86_64/usr/lib64/python2.7/site-packages/pm_qos_mgr-1.0-py3.7.egg-info
running install_scripts
Installing pm-qos-mgr script to /builddir/build/BUILDROOT/pm-qos-mgr-1.0-1.x86_64/usr/bin
/usr/lib/python3.7/site-packages/pbr/packaging.py:435: EasyInstallDeprecationWarning: Use get_header
  header = easy_install.get_script_header("", executable, is_wininst)
+ install -p -D -m 664 pm-qos-mgr.service /builddir/build/BUILDROOT/pm-qos-mgr-1.0-1.x86_64/usr/lib/systemd/system//pm-qos-mgr.service
+ mkdir -p /builddir/build/BUILDROOT/pm-qos-mgr-1.0-1.x86_64/usr/share/doc/pm-qos-mgr-1.0
+ install -m 644 LICENSE /builddir/build/BUILDROOT/pm-qos-mgr-1.0-1.x86_64/usr/share/doc/pm-qos-mgr-1.0
+ rm -f /builddir/build/BUILDROOT/pm-qos-mgr-1.0-1.x86_64/usr/share/info/dir
++ find /builddir/build/BUILDROOT/pm-qos-mgr-1.0-1.x86_64 -path 'etc/*' '!' -type d
+ test -z ''
+ rm -rf '/builddir/build/BUILDROOT/pm-qos-mgr-1.0-1.x86_64/etc/*'
+ rm -rf '/builddir/build/BUILDROOT/pm-qos-mgr-1.0-1.x86_64/usr/share/factory/*'
+ find /builddir/build/BUILDROOT/pm-qos-mgr-1.0-1.x86_64 -name __pycache__
+ xargs rm -rf --
+ '[' -d /builddir/build/BUILDROOT/pm-qos-mgr-1.0-1.x86_64/usr/share/mime ']'
++ getconf _NPROCESSORS_ONLN
+ RPM_XARGS_PFLAG=-P4
+ find /builddir/build/BUILDROOT/pm-qos-mgr-1.0-1.x86_64 -name '*.so.avx512' -print0
+ xargs -0rtn1 -P4 python /usr/share/clr-avx-tools/avxjudge.py -q -5
+ find /builddir/build/BUILDROOT/pm-qos-mgr-1.0-1.x86_64/usr/lib64/haswell/avx512_1 -name '*.so*' -print0
find: ‘/builddir/build/BUILDROOT/pm-qos-mgr-1.0-1.x86_64/usr/lib64/haswell/avx512_1’: No such file or directory
+ xargs -0rtn1 -P4 python /usr/share/clr-avx-tools/avxjudge.py -q -2
+ find /builddir/build/BUILDROOT/pm-qos-mgr-1.0-1.x86_64 -name '*.so.avx2' -print0
+ find /builddir/build/BUILDROOT/pm-qos-mgr-1.0-1.x86_64/usr/lib64/haswell '!' -path '/usr/lib64/haswell/avx512_1/*' -name '*.so*' -print0
find: ‘/builddir/build/BUILDROOT/pm-qos-mgr-1.0-1.x86_64/usr/lib64/haswell’: No such file or directory
+ find /builddir/build/BUILDROOT/pm-qos-mgr-1.0-1.x86_64/usr/lib64/ -maxdepth 1 -name '*.so*' -type f -print0
+ sort -u
+ xargs -0rtn1 -P4 /usr/lib/rpm/clr/brp-create-abi
+ /usr/lib/rpm/find-debuginfo.sh --strict-build-id /builddir/build/BUILD/pm-qos-mgr-1.0
find: ‘debug’: No such file or directory
+ '[' -d /builddir/build/BUILDROOT/pm-qos-mgr-1.0-1.x86_64/usr/lib/debug ']'
+ :
+ '[' -d /builddir/build/BUILDROOT/pm-qos-mgr-1.0-1.x86_64/usr/lib/debug ']'
+ :
+ '[' -d /builddir/build/BUILDROOT/pm-qos-mgr-1.0-1.x86_64/usr/src/debug ']'
+ :
+ '[' -d /builddir/build/BUILDROOT/pm-qos-mgr-1.0-1.x86_64/usr/lib/debug.force ']'
+ :
+ '[' -d /builddir/build/BUILDROOT/pm-qos-mgr-1.0-1.x86_64/usr/src/debug.force ']'
+ :
+ /usr/lib/rpm/check-buildroot
+ /usr/lib/rpm/clr/brp-strip-static-archive /usr/bin/strip
+ /usr/lib/rpm/clr/brp-strip-comment-note /usr/bin/strip /usr/bin/objdump
+ /usr/lib/rpm/clr/brp-python-bytecompile
[BYTECOMPILE] Building for /builddir/build/BUILDROOT/pm-qos-mgr-1.0-1.x86_64/usr/lib/python3.7 using /usr/bin/python3.7
+ find /builddir/build/BUILDROOT/pm-qos-mgr-1.0-1.x86_64 -print0
+ xargs -0 touch -h -d '@1549052798 '
+ /usr/lib/rpm/clr/brp-java-repack-jars
Executing(%check): /bin/sh -e /var/tmp/rpm-tmp.jdHNYh
+ umask 022
+ cd /builddir/build/BUILD
+ cd pm-qos-mgr-1.0
+ LANG=en_US.UTF-8
+ export LANG
+ unset DISPLAY
+ unset PYTHONOPTIMIZE
+ export http_proxy=http://127.0.0.1:9/
+ http_proxy=http://127.0.0.1:9/
+ export https_proxy=http://127.0.0.1:9/
+ https_proxy=http://127.0.0.1:9/
+ export no_proxy=localhost,127.0.0.1,0.0.0.0
+ no_proxy=localhost,127.0.0.1,0.0.0.0
+ rm -rf pm_qos_mgr.egg-info
+ exit 0
Processing files: pm-qos-mgr-1.0-1.x86_64
Processing files: pm-qos-mgr-debuginfo-1.0-1.x86_64
warning: Empty %files file /builddir/build/BUILD/pm-qos-mgr-1.0/debugfiles.list
Processing files: pm-qos-mgr-abi-1.0-1.x86_64
warning: Empty %files file /builddir/build/BUILD/pm-qos-mgr-1.0/abifiles.list
Checking for unpackaged file(s): /usr/lib/rpm/check-files /builddir/build/BUILDROOT/pm-qos-mgr-1.0-1.x86_64
RPM build errors:
error: Installed (but unpackaged) file(s) found:
   /usr/bin/pm-qos-mgr
   /usr/lib/python3.7/site-packages/pm_qos_mgr-1.0-py3.7.egg-info/PKG-INFO
   /usr/lib/python3.7/site-packages/pm_qos_mgr-1.0-py3.7.egg-info/SOURCES.txt
   /usr/lib/python3.7/site-packages/pm_qos_mgr-1.0-py3.7.egg-info/dependency_links.txt
   /usr/lib/python3.7/site-packages/pm_qos_mgr-1.0-py3.7.egg-info/entry_points.txt
   /usr/lib/python3.7/site-packages/pm_qos_mgr-1.0-py3.7.egg-info/not-zip-safe
   /usr/lib/python3.7/site-packages/pm_qos_mgr-1.0-py3.7.egg-info/top_level.txt
   /usr/lib/python3.7/site-packages/pm_qos_mgr/__init__.py
   /usr/lib/python3.7/site-packages/pm_qos_mgr/__pycache__/__init__.cpython-37.pyc
   /usr/lib/python3.7/site-packages/pm_qos_mgr/__pycache__/pm_qos_mgr.cpython-37.pyc
   /usr/lib/python3.7/site-packages/pm_qos_mgr/pm_qos_mgr.py
   /usr/lib/systemd/system/pm-qos-mgr.service
   /usr/lib64/python2.7/site-packages/pm_qos_mgr-1.0-py3.7.egg-info/PKG-INFO
   /usr/lib64/python2.7/site-packages/pm_qos_mgr-1.0-py3.7.egg-info/SOURCES.txt
   /usr/lib64/python2.7/site-packages/pm_qos_mgr-1.0-py3.7.egg-info/dependency_links.txt
   /usr/lib64/python2.7/site-packages/pm_qos_mgr-1.0-py3.7.egg-info/entry_points.txt
   /usr/lib64/python2.7/site-packages/pm_qos_mgr-1.0-py3.7.egg-info/not-zip-safe
   /usr/lib64/python2.7/site-packages/pm_qos_mgr-1.0-py3.7.egg-info/top_level.txt
   /usr/lib64/python2.7/site-packages/pm_qos_mgr/__init__.py
   /usr/lib64/python2.7/site-packages/pm_qos_mgr/pm_qos_mgr.py
   /usr/share/doc/pm-qos-mgr-1.0/LICENSE
    Empty %files file /builddir/build/BUILD/pm-qos-mgr-1.0/debugfiles.list
    Empty %files file /builddir/build/BUILD/pm-qos-mgr-1.0/abifiles.list
    Installed (but unpackaged) file(s) found:
   /usr/bin/pm-qos-mgr
   /usr/lib/python3.7/site-packages/pm_qos_mgr-1.0-py3.7.egg-info/PKG-INFO
   /usr/lib/python3.7/site-packages/pm_qos_mgr-1.0-py3.7.egg-info/SOURCES.txt
   /usr/lib/python3.7/site-packages/pm_qos_mgr-1.0-py3.7.egg-info/dependency_links.txt
   /usr/lib/python3.7/site-packages/pm_qos_mgr-1.0-py3.7.egg-info/entry_points.txt
   /usr/lib/python3.7/site-packages/pm_qos_mgr-1.0-py3.7.egg-info/not-zip-safe
   /usr/lib/python3.7/site-packages/pm_qos_mgr-1.0-py3.7.egg-info/top_level.txt
   /usr/lib/python3.7/site-packages/pm_qos_mgr/__init__.py
   /usr/lib/python3.7/site-packages/pm_qos_mgr/__pycache__/__init__.cpython-37.pyc
   /usr/lib/python3.7/site-packages/pm_qos_mgr/__pycache__/pm_qos_mgr.cpython-37.pyc
   /usr/lib/python3.7/site-packages/pm_qos_mgr/pm_qos_mgr.py
   /usr/lib/systemd/system/pm-qos-mgr.service
   /usr/lib64/python2.7/site-packages/pm_qos_mgr-1.0-py3.7.egg-info/PKG-INFO
   /usr/lib64/python2.7/site-packages/pm_qos_mgr-1.0-py3.7.egg-info/SOURCES.txt
   /usr/lib64/python2.7/site-packages/pm_qos_mgr-1.0-py3.7.egg-info/dependency_links.txt
   /usr/lib64/python2.7/site-packages/pm_qos_mgr-1.0-py3.7.egg-info/entry_points.txt
   /usr/lib64/python2.7/site-packages/pm_qos_mgr-1.0-py3.7.egg-info/not-zip-safe
   /usr/lib64/python2.7/site-packages/pm_qos_mgr-1.0-py3.7.egg-info/top_level.txt
   /usr/lib64/python2.7/site-packages/pm_qos_mgr/__init__.py
   /usr/lib64/python2.7/site-packages/pm_qos_mgr/pm_qos_mgr.py
   /usr/share/doc/pm-qos-mgr-1.0/LICENSE
Child return code was: 1
EXCEPTION: Command failed. See logs for output.
 # bash --login -c /usr/bin/rpmbuild -bb --target x86_64 --nodeps  /builddir/build/SPECS/pm-qos-mgr.spec 
Traceback (most recent call last):
  File "/usr/lib/python3.7/site-packages/mockbuild/trace_decorator.py", line 84, in trace
    result = func(*args, **kw)
  File "/usr/lib/python3.7/site-packages/mockbuild/util.py", line 531, in do
    raise exception.Error("Command failed. See logs for output.\n # %s" % (command,), child.returncode)
mockbuild.exception.Error: Command failed. See logs for output.
 # bash --login -c /usr/bin/rpmbuild -bb --target x86_64 --nodeps  /builddir/build/SPECS/pm-qos-mgr.spec 
LEAVE do --> EXCEPTION RAISED

