2019-09-12 11:06:32,298 - Mock Version: 1.2.14
2019-09-12 11:06:32,698 - Start: dnf update
2019-09-12 11:06:43,784 - Finish: dnf update
2019-09-12 11:06:43,790 - Finish: chroot init
2019-09-12 11:06:43,793 - Start: buildsrpm
2019-09-12 11:06:43,805 - Start: rpmbuild -bs
2019-09-12 11:06:43,845 - Finish: rpmbuild -bs
2019-09-12 11:06:43,846 - Finish: buildsrpm
2019-09-12 11:06:43,847 - Finish: run
2019-09-12 11:06:46,912 - Mock Version: 1.2.14
2019-09-12 11:06:47,177 - Start: dnf update
2019-09-12 11:06:56,589 - Finish: dnf update
2019-09-12 11:06:56,595 - Finish: chroot init
2019-09-12 11:06:56,596 - Start: build phase for systemd-config-1.0-3.src.rpm
2019-09-12 11:06:56,598 - Start: build setup for systemd-config-1.0-3.src.rpm
2019-09-12 11:06:57,594 - Finish: build setup for systemd-config-1.0-3.src.rpm
2019-09-12 11:06:57,594 - Start: rpmbuild systemd-config-1.0-3.src.rpm
2019-09-12 11:07:00,896 - Mock Version: 1.2.14
2019-09-12 11:07:01,148 - Start: dnf update
2019-09-12 11:07:11,700 - Finish: dnf update
2019-09-12 11:07:11,705 - Finish: chroot init
2019-09-12 11:07:11,708 - Start: buildsrpm
2019-09-12 11:07:11,717 - Start: rpmbuild -bs
2019-09-12 11:07:11,756 - Finish: rpmbuild -bs
2019-09-12 11:07:11,757 - Finish: buildsrpm
2019-09-12 11:07:11,758 - Finish: run
2019-09-12 11:07:14,846 - Mock Version: 1.2.14
2019-09-12 11:07:15,108 - Start: dnf update
2019-09-12 11:07:25,620 - Finish: dnf update
2019-09-12 11:07:25,626 - Finish: chroot init
2019-09-12 11:07:25,627 - Start: build phase for systemd-config-1.0-3.src.rpm
2019-09-12 11:07:25,629 - Start: build setup for systemd-config-1.0-3.src.rpm
2019-09-12 11:07:26,625 - Finish: build setup for systemd-config-1.0-3.src.rpm
2019-09-12 11:07:26,625 - Start: rpmbuild systemd-config-1.0-3.src.rpm
2019-09-12 11:07:26,753 - Finish: rpmbuild systemd-config-1.0-3.src.rpm
2019-09-12 11:07:26,754 - Finish: build phase for systemd-config-1.0-3.src.rpm
2019-09-12 11:07:26,755 - Finish: run
