Mock Version: 1.2.14
ENTER do(['bash', '--login', '-c', '/usr/bin/rpmbuild -bs --target x86_64 --nodeps /builddir/build/SPECS/ldapscripts.spec'], chrootPath='/var/lib/mock/clear-ldapscripts/root'env={'TERM': 'vt100', 'SHELL': '/bin/bash', 'HOME': '/builddir', 'HOSTNAME': 'mock', 'PATH': '/usr/bin:/bin:/usr/sbin:/sbin', 'LANG': 'en_US.UTF-8', 'CCACHE_DIR': '/var/tmp/ccache', 'CCACHE_UMASK': '002'}shell=Falselogger=<mockbuild.trace_decorator.getLog object at 0x7f92b1672dd0>timeout=0uid=1000gid=1000user='mockbuild'printOutput=False)
Executing command: ['bash', '--login', '-c', '/usr/bin/rpmbuild -bs --target x86_64 --nodeps /builddir/build/SPECS/ldapscripts.spec'] with env {'TERM': 'vt100', 'SHELL': '/bin/bash', 'HOME': '/builddir', 'HOSTNAME': 'mock', 'PATH': '/usr/bin:/bin:/usr/sbin:/sbin', 'LANG': 'en_US.UTF-8', 'CCACHE_DIR': '/var/tmp/ccache', 'CCACHE_UMASK': '002'} and shell False
Building target platforms: x86_64
Building for target x86_64
Wrote: /builddir/build/SRPMS/ldapscripts-2.0.8-2.src.rpm
Child return code was: 0
LEAVE do --> 

ENTER do(['bash', '--login', '-c', '/usr/bin/rpmbuild -bb --target x86_64 --nodeps  /builddir/build/SPECS/ldapscripts.spec '], chrootPath='/var/lib/mock/clear-ldapscripts/root'env={'TERM': 'vt100', 'SHELL': '/bin/bash', 'HOME': '/builddir', 'HOSTNAME': 'mock', 'PATH': '/usr/bin:/bin:/usr/sbin:/sbin', 'LANG': 'en_US.UTF-8', 'CCACHE_DIR': '/var/tmp/ccache', 'CCACHE_UMASK': '002'}shell=Falselogger=<mockbuild.trace_decorator.getLog object at 0x7f92b1672dd0>timeout=0uid=1000gid=1000user='mockbuild'private_network=TrueprintOutput=False)
Executing command: ['bash', '--login', '-c', '/usr/bin/rpmbuild -bb --target x86_64 --nodeps  /builddir/build/SPECS/ldapscripts.spec '] with env {'TERM': 'vt100', 'SHELL': '/bin/bash', 'HOME': '/builddir', 'HOSTNAME': 'mock', 'PATH': '/usr/bin:/bin:/usr/sbin:/sbin', 'LANG': 'en_US.UTF-8', 'CCACHE_DIR': '/var/tmp/ccache', 'CCACHE_UMASK': '002'} and shell False
Building target platforms: x86_64
Building for target x86_64
Executing(%prep): /bin/sh -e /var/tmp/rpm-tmp.0gXy5h
+ umask 022
+ cd /builddir/build/BUILD
+ LANG=en_US.UTF-8
+ export LANG
+ unset DISPLAY
+ cd /builddir/build/BUILD
+ rm -rf ldapscripts-2.0.8
+ /usr/bin/gzip -dc /builddir/build/SOURCES/ldapscripts-2.0.8.tgz
+ /usr/bin/tar -xf -
+ STATUS=0
+ '[' 0 -ne 0 ']'
+ cd ldapscripts-2.0.8
+ /usr/bin/chmod -Rf a+rX,u+w,g-w,o-w .
+ cd ..
+ cd /builddir/build/BUILD
+ /usr/bin/gzip -dc /builddir/build/SOURCES/ldapscripts-source.tar.gz
+ /usr/bin/tar -xf -
+ STATUS=0
+ '[' 0 -ne 0 ']'
+ cd ldapscripts-2.0.8
+ /usr/bin/chmod -Rf a+rX,u+w,g-w,o-w .
+ echo 'Patch #1 (sudo-support.patch):'
Patch #1 (sudo-support.patch):
+ /usr/bin/cat /builddir/build/SOURCES/sudo-support.patch
+ /usr/bin/patch -p1 --fuzz=2
patching file sbin/ldapaddsudo
patching file sbin/ldapmodifyuser
patching file lib/runtime
patching file Makefile
patching file sbin/ldapmodifysudo
+ echo 'Patch #2 (sudo-delete-support.patch):'
Patch #2 (sudo-delete-support.patch):
+ /usr/bin/cat /builddir/build/SOURCES/sudo-delete-support.patch
+ /usr/bin/patch -p1 --fuzz=2
patching file sbin/ldapdeleteuser
patching file sbin/ldapmodifysudo
patching file sbin/ldapdeletesudo
patching file man/man1/ldapmodifyuser.1
patching file man/man1/ldapdeleteuser.1
patching file man/man1/ldapaddsudo.1
patching file man/man1/ldapmodifysudo.1
patching file man/man1/ldapdeletesudo.1
patching file Makefile
patching file lib/runtime
+ echo 'Patch #3 (log_timestamp.patch):'
Patch #3 (log_timestamp.patch):
+ /usr/bin/cat /builddir/build/SOURCES/log_timestamp.patch
+ /usr/bin/patch -p1 --fuzz=2
patching file lib/runtime
+ echo 'Patch #4 (ldap-user-setup-support.patch):'
Patch #4 (ldap-user-setup-support.patch):
+ /usr/bin/cat /builddir/build/SOURCES/ldap-user-setup-support.patch
+ /usr/bin/patch -p1 --fuzz=2
patching file sbin/ldapusersetup
patching file Makefile
patching file man/man1/ldapusersetup.1
Patch #5 (allow-anonymous-bind-for-ldap-search.patch):
+ echo 'Patch #5 (allow-anonymous-bind-for-ldap-search.patch):'
+ /usr/bin/cat /builddir/build/SOURCES/allow-anonymous-bind-for-ldap-search.patch
+ /usr/bin/patch -p1 --fuzz=2
patching file lib/runtime
+ exit 0
Executing(%build): /bin/sh -e /var/tmp/rpm-tmp.VRk7wl
+ umask 022
+ cd /builddir/build/BUILD
+ cd ldapscripts-2.0.8
+ LANG=en_US.UTF-8
+ export LANG
+ unset DISPLAY
+ unset PYTHONOPTIMIZE
+ CFLAGS='-O2 -g -feliminate-unused-debug-types -pipe -Wall -Wp,-D_FORTIFY_SOURCE=2 -fexceptions -fstack-protector --param=ssp-buffer-size=32 -Wformat -Wformat-security -Wl,-z,now,-z,relro,-z,max-page-size=0x1000,-z,separate-code -Wno-error -ftree-vectorize -ftree-slp-vectorize -Wl,--enable-new-dtags -fcf-protection=return -m64 -march=westmere -mtune=haswell -fasynchronous-unwind-tables -fno-omit-frame-pointer -Wp,-D_REENTRANT'
+ export CFLAGS
+ http_proxy=http://127.0.0.1:9/
+ export http_proxy
+ https_proxy=http://127.0.0.1:9/
+ export https_proxy
+ ftp_proxy=http://127.0.0.1:9/
+ export ftp_proxy
+ no_proxy=localhost,127.0.0.1,0.0.0.0
+ export no_proxy
+ CXXFLAGS='-O2 -g -feliminate-unused-debug-types -pipe -Wall -Wp,-D_FORTIFY_SOURCE=2 -fexceptions -fstack-protector --param=ssp-buffer-size=32 -Wformat -Wformat-security -Wl,-z,now,-z,relro,-z,max-page-size=0x1000,-z,separate-code -Wno-error -ftree-vectorize -ftree-slp-vectorize -Wl,--enable-new-dtags -fcf-protection=return -m64 -march=westmere -mtune=haswell -fasynchronous-unwind-tables -fno-omit-frame-pointer -Wp,-D_REENTRANT'
+ export CXXFLAGS
+ FFLAGS='-g -O3 -feliminate-unused-debug-types  -pipe -Wall -Wp,-D_FORTIFY_SOURCE=2 -fexceptions -fstack-protector --param=ssp-buffer-size=32 -m64 -fasynchronous-unwind-tables -Wp,-D_REENTRANT -ftree-loop-distribute-patterns -Wl,-z -Wl,now -Wl,-z -Wl,relro -malign-data=abi -fno-semantic-interposition -ftree-vectorize  -ftree-loop-vectorize -Wl,--enable-new-dtags '
+ export FFLAGS
+ LD_AS_NEEDED=1
+ export LD_AS_NEEDED
+ PKG_CONFIG_LIBDIR=/usr/lib64/pkgconfig
+ export PKG_CONFIG_LIBDIR
+ PATH=/usr/lib64/ccache/bin:/usr/local/bin:/usr/bin
+ export PATH
+ export http_proxy=http://127.0.0.1:9/
+ http_proxy=http://127.0.0.1:9/
+ export https_proxy=http://127.0.0.1:9/
+ https_proxy=http://127.0.0.1:9/
+ export no_proxy=localhost,127.0.0.1,0.0.0.0
+ no_proxy=localhost,127.0.0.1,0.0.0.0
+ export LANG=C.UTF-8
+ LANG=C.UTF-8
+ export SOURCE_DATE_EPOCH=1568602901
+ SOURCE_DATE_EPOCH=1568602901
+ export GCC_IGNORE_WERROR=1
+ GCC_IGNORE_WERROR=1
+ export AR=gcc-ar
+ AR=gcc-ar
+ export RANLIB=gcc-ranlib
+ RANLIB=gcc-ranlib
+ export NM=gcc-nm
+ NM=gcc-nm
+ export 'CFLAGS=-O2 -g -feliminate-unused-debug-types -pipe -Wall -Wp,-D_FORTIFY_SOURCE=2 -fexceptions -fstack-protector --param=ssp-buffer-size=32 -Wformat -Wformat-security -Wl,-z,now,-z,relro,-z,max-page-size=0x1000,-z,separate-code -Wno-error -ftree-vectorize -ftree-slp-vectorize -Wl,--enable-new-dtags -fcf-protection=return -m64 -march=westmere -mtune=haswell -fasynchronous-unwind-tables -fno-omit-frame-pointer -Wp,-D_REENTRANT -O3 -ffat-lto-objects -flto=4 '
+ CFLAGS='-O2 -g -feliminate-unused-debug-types -pipe -Wall -Wp,-D_FORTIFY_SOURCE=2 -fexceptions -fstack-protector --param=ssp-buffer-size=32 -Wformat -Wformat-security -Wl,-z,now,-z,relro,-z,max-page-size=0x1000,-z,separate-code -Wno-error -ftree-vectorize -ftree-slp-vectorize -Wl,--enable-new-dtags -fcf-protection=return -m64 -march=westmere -mtune=haswell -fasynchronous-unwind-tables -fno-omit-frame-pointer -Wp,-D_REENTRANT -O3 -ffat-lto-objects -flto=4 '
+ export 'FCFLAGS=-O2 -g -feliminate-unused-debug-types -pipe -Wall -Wp,-D_FORTIFY_SOURCE=2 -fexceptions -fstack-protector --param=ssp-buffer-size=32 -Wformat -Wformat-security -Wl,-z,now,-z,relro,-z,max-page-size=0x1000,-z,separate-code -Wno-error -ftree-vectorize -ftree-slp-vectorize -Wl,--enable-new-dtags -fcf-protection=return -m64 -march=westmere -mtune=haswell -fasynchronous-unwind-tables -fno-omit-frame-pointer -Wp,-D_REENTRANT -O3 -ffat-lto-objects -flto=4  -O3 -ffat-lto-objects -flto=4 '
+ FCFLAGS='-O2 -g -feliminate-unused-debug-types -pipe -Wall -Wp,-D_FORTIFY_SOURCE=2 -fexceptions -fstack-protector --param=ssp-buffer-size=32 -Wformat -Wformat-security -Wl,-z,now,-z,relro,-z,max-page-size=0x1000,-z,separate-code -Wno-error -ftree-vectorize -ftree-slp-vectorize -Wl,--enable-new-dtags -fcf-protection=return -m64 -march=westmere -mtune=haswell -fasynchronous-unwind-tables -fno-omit-frame-pointer -Wp,-D_REENTRANT -O3 -ffat-lto-objects -flto=4  -O3 -ffat-lto-objects -flto=4 '
+ export 'FFLAGS=-O2 -g -feliminate-unused-debug-types -pipe -Wall -Wp,-D_FORTIFY_SOURCE=2 -fexceptions -fstack-protector --param=ssp-buffer-size=32 -Wformat -Wformat-security -Wl,-z,now,-z,relro,-z,max-page-size=0x1000,-z,separate-code -Wno-error -ftree-vectorize -ftree-slp-vectorize -Wl,--enable-new-dtags -fcf-protection=return -m64 -march=westmere -mtune=haswell -fasynchronous-unwind-tables -fno-omit-frame-pointer -Wp,-D_REENTRANT -O3 -ffat-lto-objects -flto=4  -O3 -ffat-lto-objects -flto=4 '
+ FFLAGS='-O2 -g -feliminate-unused-debug-types -pipe -Wall -Wp,-D_FORTIFY_SOURCE=2 -fexceptions -fstack-protector --param=ssp-buffer-size=32 -Wformat -Wformat-security -Wl,-z,now,-z,relro,-z,max-page-size=0x1000,-z,separate-code -Wno-error -ftree-vectorize -ftree-slp-vectorize -Wl,--enable-new-dtags -fcf-protection=return -m64 -march=westmere -mtune=haswell -fasynchronous-unwind-tables -fno-omit-frame-pointer -Wp,-D_REENTRANT -O3 -ffat-lto-objects -flto=4  -O3 -ffat-lto-objects -flto=4 '
+ export 'CXXFLAGS=-O2 -g -feliminate-unused-debug-types -pipe -Wall -Wp,-D_FORTIFY_SOURCE=2 -fexceptions -fstack-protector --param=ssp-buffer-size=32 -Wformat -Wformat-security -Wl,-z,now,-z,relro,-z,max-page-size=0x1000,-z,separate-code -Wno-error -ftree-vectorize -ftree-slp-vectorize -Wl,--enable-new-dtags -fcf-protection=return -m64 -march=westmere -mtune=haswell -fasynchronous-unwind-tables -fno-omit-frame-pointer -Wp,-D_REENTRANT -O3 -ffat-lto-objects -flto=4 '
+ CXXFLAGS='-O2 -g -feliminate-unused-debug-types -pipe -Wall -Wp,-D_FORTIFY_SOURCE=2 -fexceptions -fstack-protector --param=ssp-buffer-size=32 -Wformat -Wformat-security -Wl,-z,now,-z,relro,-z,max-page-size=0x1000,-z,separate-code -Wno-error -ftree-vectorize -ftree-slp-vectorize -Wl,--enable-new-dtags -fcf-protection=return -m64 -march=westmere -mtune=haswell -fasynchronous-unwind-tables -fno-omit-frame-pointer -Wp,-D_REENTRANT -O3 -ffat-lto-objects -flto=4 '
+ make -j4
Usage: make [VARIABLE=<value>] <target>
Valid variables :
  DESTDIR : root target directory to install to (default = *empty*)
  PREFIX  : main target directory within DESTDIR (default = /usr/local)
  SBINDIR : where to install scripts (default = PREFIX/sbin)
  MANDIR  : where to install man pages (default = PREFIX/man)
  ETCDIR  : where to install the configuration file (default = PREFIX/etc/ldapscripts)
  LIBDIR  : where to install the runtime file (default = PREFIX/lib/ldapscripts)
Valid targets :
  configure       : prepare sources for installation
  install         : install everything
  uninstall       : uninstall everything
  clean           : clean up sources
  package         : create a source tarball in /tmp
  help            : this help
Additional targets :
  [un]installsbin : [un]install main scripts
  [un]installman  : [un]install man pages
  [un]installetc  : [un]install configuration and template files
  [un]installlib  : [un]install libraries [runtime file]
  deinstall       : synonym for uninstall
  distclean       : synonym for clean
  mrproper        : synonym for clean
+ exit 0
Executing(%install): /bin/sh -e /var/tmp/rpm-tmp.0EjdGl
+ umask 022
+ cd /builddir/build/BUILD
+ cd ldapscripts-2.0.8
+ LANG=en_US.UTF-8
+ export LANG
+ unset DISPLAY
+ unset PYTHONOPTIMIZE
+ rm -rf /builddir/build/BUILDROOT/ldapscripts-2.0.8-2.x86_64
+ mkdir -p /builddir/build/BUILDROOT/ldapscripts-2.0.8-2.x86_64
+ export SOURCE_DATE_EPOCH=1568602901
+ SOURCE_DATE_EPOCH=1568602901
+ rm -rf /builddir/build/BUILDROOT/ldapscripts-2.0.8-2.x86_64
+ make install DESTDIR=/builddir/build/BUILDROOT/ldapscripts-2.0.8-2.x86_64
Configuring scripts... ok.
Installing scripts into /builddir/build/BUILDROOT/ldapscripts-2.0.8-2.x86_64/usr/local/sbin... ok.
Installing man files into /builddir/build/BUILDROOT/ldapscripts-2.0.8-2.x86_64/usr/local/man... ok.
Installing configuration files into /builddir/build/BUILDROOT/ldapscripts-2.0.8-2.x86_64/usr/local/etc/ldapscripts... ok.
Installing library files into /builddir/build/BUILDROOT/ldapscripts-2.0.8-2.x86_64/usr/local/lib/ldapscripts... ok.
+ rm -Rf /builddir/build/BUILDROOT/ldapscripts-2.0.8-2.x86_64/usr/local/man
+ rm -f /builddir/build/BUILDROOT/ldapscripts-2.0.8-2.x86_64/usr/local/sbin/ldapaddmachine /builddir/build/BUILDROOT/ldapscripts-2.0.8-2.x86_64/usr/local/sbin/ldapdeletemachine /builddir/build/BUILDROOT/ldapscripts-2.0.8-2.x86_64/usr/local/sbin/ldapmodifymachine /builddir/build/BUILDROOT/ldapscripts-2.0.8-2.x86_64/usr/local/sbin/ldaprenamemachine
+ rm -f /builddir/build/BUILDROOT/ldapscripts-2.0.8-2.x86_64/usr/local/etc/ldapscripts/ldapaddmachine.template.sample
+ install -d /builddir/build/BUILDROOT/ldapscripts-2.0.8-2.x86_64/usr/local/etc/
+ tar -xzvf /builddir/build/SOURCES/ldapscripts-source.tar.gz
ldapaddgroup.template.cgcs
ldapaddsudo.template.cgcs
ldapadduser.template.cgcs
ldapmodsudo.template.cgcs
ldapmoduser.template.cgcs
ldapscripts.conf.cgcs
ldapscripts.passwd
+ install -m 644 ldapscripts.conf.cgcs /builddir/build/BUILDROOT/ldapscripts-2.0.8-2.x86_64/usr/local/etc/ldapscripts/ldapscripts.conf
+ install -m 644 ldapadduser.template.cgcs /builddir/build/BUILDROOT/ldapscripts-2.0.8-2.x86_64/usr/local/etc/ldapscripts/ldapadduser.template.cgcs
+ install -m 644 ldapaddgroup.template.cgcs /builddir/build/BUILDROOT/ldapscripts-2.0.8-2.x86_64/usr/local/etc/ldapscripts/ldapaddgroup.template.cgcs
+ install -m 644 ldapmoduser.template.cgcs /builddir/build/BUILDROOT/ldapscripts-2.0.8-2.x86_64/usr/local/etc/ldapscripts/ldapmoduser.template.cgcs
+ install -m 644 ldapaddsudo.template.cgcs /builddir/build/BUILDROOT/ldapscripts-2.0.8-2.x86_64/usr/local/etc/ldapscripts/ldapaddsudo.template.cgcs
+ install -m 644 ldapmodsudo.template.cgcs /builddir/build/BUILDROOT/ldapscripts-2.0.8-2.x86_64/usr/local/etc/ldapscripts/ldapmodsudo.template.cgcs
+ install -m 600 ldapscripts.passwd /builddir/build/BUILDROOT/ldapscripts-2.0.8-2.x86_64/usr/local/etc/ldapscripts/ldapscripts.passwd
+ rm -f /builddir/build/BUILDROOT/ldapscripts-2.0.8-2.x86_64/usr/share/info/dir
++ find /builddir/build/BUILDROOT/ldapscripts-2.0.8-2.x86_64 -path 'etc/*' '!' -type d
+ test -z ''
+ rm -rf '/builddir/build/BUILDROOT/ldapscripts-2.0.8-2.x86_64/etc/*'
+ rm -rf '/builddir/build/BUILDROOT/ldapscripts-2.0.8-2.x86_64/usr/share/factory/*'
+ find /builddir/build/BUILDROOT/ldapscripts-2.0.8-2.x86_64 -name __pycache__
+ xargs rm -rf --
+ '[' -d /builddir/build/BUILDROOT/ldapscripts-2.0.8-2.x86_64/usr/share/mime ']'
++ getconf _NPROCESSORS_ONLN
+ RPM_XARGS_PFLAG=-P4
+ find /builddir/build/BUILDROOT/ldapscripts-2.0.8-2.x86_64 -name '*.so.avx512' -print0
+ xargs -0rtn1 -P4 python /usr/share/clr-avx-tools/avxjudge.py -q -5
+ find /builddir/build/BUILDROOT/ldapscripts-2.0.8-2.x86_64/usr/lib64/haswell/avx512_1 -name '*.so*' -print0
find: ‘/builddir/build/BUILDROOT/ldapscripts-2.0.8-2.x86_64/usr/lib64/haswell/avx512_1’: No such file or directory
+ find /builddir/build/BUILDROOT/ldapscripts-2.0.8-2.x86_64 -name '*.so.avx2' -print0
+ xargs -0rtn1 -P4 python /usr/share/clr-avx-tools/avxjudge.py -q -2
+ find /builddir/build/BUILDROOT/ldapscripts-2.0.8-2.x86_64/usr/lib64/haswell '!' -path '/usr/lib64/haswell/avx512_1/*' -name '*.so*' -print0
find: ‘/builddir/build/BUILDROOT/ldapscripts-2.0.8-2.x86_64/usr/lib64/haswell’: No such file or directory
+ find /builddir/build/BUILDROOT/ldapscripts-2.0.8-2.x86_64/usr/lib64/ -maxdepth 1 -name '*.so*' -type f -print0
+ xargs -0rtn1 -P4 /usr/lib/rpm/clr/brp-create-abi
+ sort -u
find: ‘/builddir/build/BUILDROOT/ldapscripts-2.0.8-2.x86_64/usr/lib64/’: No such file or directory
+ '[' -d /builddir/build/BUILDROOT/ldapscripts-2.0.8-2.x86_64/usr/lib/debug ']'
+ :
+ '[' -d /builddir/build/BUILDROOT/ldapscripts-2.0.8-2.x86_64/usr/lib/debug ']'
+ :
+ '[' -d /builddir/build/BUILDROOT/ldapscripts-2.0.8-2.x86_64/usr/src/debug ']'
+ :
+ '[' -d /builddir/build/BUILDROOT/ldapscripts-2.0.8-2.x86_64/usr/lib/debug.force ']'
+ :
+ '[' -d /builddir/build/BUILDROOT/ldapscripts-2.0.8-2.x86_64/usr/src/debug.force ']'
+ :
+ /usr/lib/rpm/check-buildroot
+ /usr/lib/rpm/clr/brp-strip /usr/bin/strip
+ /usr/lib/rpm/clr/brp-strip-static-archive /usr/bin/strip
+ /usr/lib/rpm/clr/brp-strip-comment-note /usr/bin/strip /usr/bin/objdump
+ /usr/lib/rpm/clr/brp-python-bytecompile
+ find /builddir/build/BUILDROOT/ldapscripts-2.0.8-2.x86_64 -print0
+ xargs -0 touch -h -d @1568602901
+ /usr/lib/rpm/clr/brp-java-repack-jars
Processing files: ldapscripts-2.0.8-2.x86_64
Processing files: ldapscripts-abi-2.0.8-2.x86_64
Checking for unpackaged file(s): /usr/lib/rpm/check-files /builddir/build/BUILDROOT/ldapscripts-2.0.8-2.x86_64
warning: Empty %files file /builddir/build/BUILD/ldapscripts-2.0.8/abifiles.list
error: Installed (but unpackaged) file(s) found:
   /usr/local/etc/ldapscripts/ldapaddgroup.template.cgcs
   /usr/local/etc/ldapscripts/ldapaddgroup.template.sample
   /usr/local/etc/ldapscripts/ldapaddsudo.template.cgcs
   /usr/local/etc/ldapscripts/ldapadduser.template.cgcs
   /usr/local/etc/ldapscripts/ldapadduser.template.sample
   /usr/local/etc/ldapscripts/ldapmodsudo.template.cgcs
   /usr/local/etc/ldapscripts/ldapmoduser.template.cgcs
   /usr/local/etc/ldapscripts/ldapscripts.conf
   /usr/local/etc/ldapscripts/ldapscripts.conf.sample
   /usr/local/etc/ldapscripts/ldapscripts.passwd
   /usr/local/etc/ldapscripts/ldapscripts.passwd.sample
   /usr/local/lib/ldapscripts/runtime
   /usr/local/sbin/ldapaddgroup
   /usr/local/sbin/ldapaddsudo
   /usr/local/sbin/ldapadduser
   /usr/local/sbin/ldapaddusertogroup
   /usr/local/sbin/ldapdeletegroup
   /usr/local/sbin/ldapdeletesudo
   /usr/local/sbin/ldapdeleteuser
   /usr/local/sbin/ldapdeleteuserfromgroup
   /usr/local/sbin/ldapfinger
   /usr/local/sbin/ldapgid
   /usr/local/sbin/ldapid
   /usr/local/sbin/ldapinit
   /usr/local/sbin/ldapmodifygroup
   /usr/local/sbin/ldapmodifysudo
   /usr/local/sbin/ldapmodifyuser
   /usr/local/sbin/ldaprenamegroup
   /usr/local/sbin/ldaprenameuser
   /usr/local/sbin/ldapsetpasswd
   /usr/local/sbin/ldapsetprimarygroup
   /usr/local/sbin/ldapusersetup
   /usr/local/sbin/lsldap
    Empty %files file /builddir/build/BUILD/ldapscripts-2.0.8/abifiles.list
    Installed (but unpackaged) file(s) found:
   /usr/local/etc/ldapscripts/ldapaddgroup.template.cgcs
   /usr/local/etc/ldapscripts/ldapaddgroup.template.sample
   /usr/local/etc/ldapscripts/ldapaddsudo.template.cgcs
   /usr/local/etc/ldapscripts/ldapadduser.template.cgcs
   /usr/local/etc/ldapscripts/ldapadduser.template.sample
   /usr/local/etc/ldapscripts/ldapmodsudo.template.cgcs
   /usr/local/etc/ldapscripts/ldapmoduser.template.cgcs
   /usr/local/etc/ldapscripts/ldapscripts.conf
   /usr/local/etc/ldapscripts/ldapscripts.conf.sample
   /usr/local/etc/ldapscripts/ldapscripts.passwd
   /usr/local/etc/ldapscripts/ldapscripts.passwd.sample
   /usr/local/lib/ldapscripts/runtime
   /usr/local/sbin/ldapaddgroup
   /usr/local/sbin/ldapaddsudo
   /usr/local/sbin/ldapadduser
   /usr/local/sbin/ldapaddusertogroup
   /usr/local/sbin/ldapdeletegroup
   /usr/local/sbin/ldapdeletesudo
   /usr/local/sbin/ldapdeleteuser
   /usr/local/sbin/ldapdeleteuserfromgroup
   /usr/local/sbin/ldapfinger
   /usr/local/sbin/ldapgid
   /usr/local/sbin/ldapid
   /usr/local/sbin/ldapinit
   /usr/local/sbin/ldapmodifygroup
   /usr/local/sbin/ldapmodifysudo
   /usr/local/sbin/ldapmodifyuser
   /usr/local/sbin/ldaprenamegroup
   /usr/local/sbin/ldaprenameuser
   /usr/local/sbin/ldapsetpasswd
   /usr/local/sbin/ldapsetprimarygroup
   /usr/local/sbin/ldapusersetup
   /usr/local/sbin/lsldap
RPM build errors:
Child return code was: 1
EXCEPTION: Command failed. See logs for output.
 # bash --login -c /usr/bin/rpmbuild -bb --target x86_64 --nodeps  /builddir/build/SPECS/ldapscripts.spec 
Traceback (most recent call last):
  File "/usr/lib/python3.7/site-packages/mockbuild/trace_decorator.py", line 84, in trace
    result = func(*args, **kw)
  File "/usr/lib/python3.7/site-packages/mockbuild/util.py", line 531, in do
    raise exception.Error("Command failed. See logs for output.\n # %s" % (command,), child.returncode)
mockbuild.exception.Error: Command failed. See logs for output.
 # bash --login -c /usr/bin/rpmbuild -bb --target x86_64 --nodeps  /builddir/build/SPECS/ldapscripts.spec 
LEAVE do --> EXCEPTION RAISED

