INFO: mock.py version 1.2.14 starting (python version = 3.7.4)...
Start: init plugins
INFO: selinux disabled
Finish: init plugins
Start: run
INFO: Start(results/ceph-manager-1.0-3.src.rpm)  Config(clear)
Start: clean chroot
Finish: clean chroot
Start: chroot init
INFO: calling preinit hooks
INFO: enabled root cache
Start: unpacking root cache
Finish: unpacking root cache
INFO: enabled dnf cache
Start: cleaning dnf metadata
Finish: cleaning dnf metadata
INFO: enabled ccache
Mock Version: 1.2.14
INFO: Mock Version: 1.2.14
Start: dnf update
Finish: dnf update
Start: Waiting for rootcache lock
Finish: Waiting for rootcache lock
Finish: chroot init
Start: build phase for ceph-manager-1.0-3.src.rpm
Start: build setup for ceph-manager-1.0-3.src.rpm
Start: Waiting for yumcache lock
Finish: Waiting for yumcache lock
Finish: build setup for ceph-manager-1.0-3.src.rpm
Start: rpmbuild ceph-manager-1.0-3.src.rpm
Finish: rpmbuild ceph-manager-1.0-3.src.rpm
Finish: build phase for ceph-manager-1.0-3.src.rpm
INFO: Done(results/ceph-manager-1.0-3.src.rpm) Config(clear) 0 minutes 34 seconds
INFO: Results and/or logs in: results/
Finish: run
