Mock Version: 1.2.14
ENTER do(['bash', '--login', '-c', '/usr/bin/rpmbuild -bs --target x86_64 --nodeps /builddir/build/SPECS/puppet-manifests.spec'], chrootPath='/var/lib/mock/clear-puppet-manifests/root'env={'TERM': 'vt100', 'SHELL': '/bin/bash', 'HOME': '/builddir', 'HOSTNAME': 'mock', 'PATH': '/usr/bin:/bin:/usr/sbin:/sbin', 'LANG': 'en_US.UTF-8', 'CCACHE_DIR': '/var/tmp/ccache', 'CCACHE_UMASK': '002'}shell=Falselogger=<mockbuild.trace_decorator.getLog object at 0x7f9582d78e10>timeout=0uid=1000gid=1000user='mockbuild'printOutput=False)
Executing command: ['bash', '--login', '-c', '/usr/bin/rpmbuild -bs --target x86_64 --nodeps /builddir/build/SPECS/puppet-manifests.spec'] with env {'TERM': 'vt100', 'SHELL': '/bin/bash', 'HOME': '/builddir', 'HOSTNAME': 'mock', 'PATH': '/usr/bin:/bin:/usr/sbin:/sbin', 'LANG': 'en_US.UTF-8', 'CCACHE_DIR': '/var/tmp/ccache', 'CCACHE_UMASK': '002'} and shell False
Building target platforms: x86_64
Building for target x86_64
Wrote: /builddir/build/SRPMS/puppet-manifests-1.0.0-2.src.rpm
Child return code was: 0
LEAVE do --> 

ENTER do(['bash', '--login', '-c', '/usr/bin/rpmbuild -bb --target x86_64 --nodeps  /builddir/build/SPECS/puppet-manifests.spec '], chrootPath='/var/lib/mock/clear-puppet-manifests/root'env={'TERM': 'vt100', 'SHELL': '/bin/bash', 'HOME': '/builddir', 'HOSTNAME': 'mock', 'PATH': '/usr/bin:/bin:/usr/sbin:/sbin', 'LANG': 'en_US.UTF-8', 'CCACHE_DIR': '/var/tmp/ccache', 'CCACHE_UMASK': '002'}shell=Falselogger=<mockbuild.trace_decorator.getLog object at 0x7f9582d78e10>timeout=0uid=1000gid=1000user='mockbuild'private_network=TrueprintOutput=False)
Executing command: ['bash', '--login', '-c', '/usr/bin/rpmbuild -bb --target x86_64 --nodeps  /builddir/build/SPECS/puppet-manifests.spec '] with env {'TERM': 'vt100', 'SHELL': '/bin/bash', 'HOME': '/builddir', 'HOSTNAME': 'mock', 'PATH': '/usr/bin:/bin:/usr/sbin:/sbin', 'LANG': 'en_US.UTF-8', 'CCACHE_DIR': '/var/tmp/ccache', 'CCACHE_UMASK': '002'} and shell False
Building target platforms: x86_64
Building for target x86_64
Executing(%prep): /bin/sh -e /var/tmp/rpm-tmp.SM8X1k
+ umask 022
+ cd /builddir/build/BUILD
+ LANG=en_US.UTF-8
+ export LANG
+ unset DISPLAY
+ cd /builddir/build/BUILD
+ rm -rf puppet-manifests-1.0.0
+ /usr/bin/gzip -dc /builddir/build/SOURCES/puppet-manifests-1.0.0.tar.gz
+ /usr/bin/tar -xf -
+ STATUS=0
+ '[' 0 -ne 0 ']'
+ cd puppet-manifests-1.0.0
+ /usr/bin/chmod -Rf a+rX,u+w,g-w,o-w .
+ echo 'Patch #1 (0001-fix-Makefile-dir.patch):'
Patch #1 (0001-fix-Makefile-dir.patch):
+ /usr/bin/cat /builddir/build/SOURCES/0001-fix-Makefile-dir.patch
+ /usr/bin/patch -p1 --fuzz=2
patching file Makefile
+ exit 0
Executing(%build): /bin/sh -e /var/tmp/rpm-tmp.HIv3Ui
+ umask 022
+ cd /builddir/build/BUILD
+ cd puppet-manifests-1.0.0
+ LANG=en_US.UTF-8
+ export LANG
+ unset DISPLAY
+ unset PYTHONOPTIMIZE
+ CFLAGS='-O2 -g -feliminate-unused-debug-types -pipe -Wall -Wp,-D_FORTIFY_SOURCE=2 -fexceptions -fstack-protector --param=ssp-buffer-size=32 -Wformat -Wformat-security -Wl,-z,now,-z,relro,-z,max-page-size=0x1000,-z,separate-code -Wno-error -ftree-vectorize -ftree-slp-vectorize -Wl,--enable-new-dtags -fcf-protection=return -m64 -march=westmere -mtune=haswell -fasynchronous-unwind-tables -fno-omit-frame-pointer -Wp,-D_REENTRANT'
+ export CFLAGS
+ http_proxy=http://127.0.0.1:9/
+ export http_proxy
+ https_proxy=http://127.0.0.1:9/
+ export https_proxy
+ ftp_proxy=http://127.0.0.1:9/
+ export ftp_proxy
+ no_proxy=localhost,127.0.0.1,0.0.0.0
+ export no_proxy
+ CXXFLAGS='-O2 -g -feliminate-unused-debug-types -pipe -Wall -Wp,-D_FORTIFY_SOURCE=2 -fexceptions -fstack-protector --param=ssp-buffer-size=32 -Wformat -Wformat-security -Wl,-z,now,-z,relro,-z,max-page-size=0x1000,-z,separate-code -Wno-error -ftree-vectorize -ftree-slp-vectorize -Wl,--enable-new-dtags -fcf-protection=return -m64 -march=westmere -mtune=haswell -fasynchronous-unwind-tables -fno-omit-frame-pointer -Wp,-D_REENTRANT'
+ export CXXFLAGS
+ FFLAGS='-g -O3 -feliminate-unused-debug-types  -pipe -Wall -Wp,-D_FORTIFY_SOURCE=2 -fexceptions -fstack-protector --param=ssp-buffer-size=32 -m64 -fasynchronous-unwind-tables -Wp,-D_REENTRANT -ftree-loop-distribute-patterns -Wl,-z -Wl,now -Wl,-z -Wl,relro -malign-data=abi -fno-semantic-interposition -ftree-vectorize  -ftree-loop-vectorize -Wl,--enable-new-dtags '
+ export FFLAGS
+ LD_AS_NEEDED=1
+ export LD_AS_NEEDED
+ PKG_CONFIG_LIBDIR=/usr/lib64/pkgconfig
+ export PKG_CONFIG_LIBDIR
+ PATH=/usr/lib64/ccache/bin:/usr/local/bin:/usr/bin
+ export PATH
+ export http_proxy=http://127.0.0.1:9/
+ http_proxy=http://127.0.0.1:9/
+ export https_proxy=http://127.0.0.1:9/
+ https_proxy=http://127.0.0.1:9/
+ export no_proxy=localhost,127.0.0.1,0.0.0.0
+ no_proxy=localhost,127.0.0.1,0.0.0.0
+ export LANG=C.UTF-8
+ LANG=C.UTF-8
+ export SOURCE_DATE_EPOCH=1568785705
+ SOURCE_DATE_EPOCH=1568785705
+ export GCC_IGNORE_WERROR=1
+ GCC_IGNORE_WERROR=1
+ export AR=gcc-ar
+ AR=gcc-ar
+ export RANLIB=gcc-ranlib
+ RANLIB=gcc-ranlib
+ export NM=gcc-nm
+ NM=gcc-nm
+ export 'CFLAGS=-O2 -g -feliminate-unused-debug-types -pipe -Wall -Wp,-D_FORTIFY_SOURCE=2 -fexceptions -fstack-protector --param=ssp-buffer-size=32 -Wformat -Wformat-security -Wl,-z,now,-z,relro,-z,max-page-size=0x1000,-z,separate-code -Wno-error -ftree-vectorize -ftree-slp-vectorize -Wl,--enable-new-dtags -fcf-protection=return -m64 -march=westmere -mtune=haswell -fasynchronous-unwind-tables -fno-omit-frame-pointer -Wp,-D_REENTRANT -O3 -ffat-lto-objects -flto=4 '
+ CFLAGS='-O2 -g -feliminate-unused-debug-types -pipe -Wall -Wp,-D_FORTIFY_SOURCE=2 -fexceptions -fstack-protector --param=ssp-buffer-size=32 -Wformat -Wformat-security -Wl,-z,now,-z,relro,-z,max-page-size=0x1000,-z,separate-code -Wno-error -ftree-vectorize -ftree-slp-vectorize -Wl,--enable-new-dtags -fcf-protection=return -m64 -march=westmere -mtune=haswell -fasynchronous-unwind-tables -fno-omit-frame-pointer -Wp,-D_REENTRANT -O3 -ffat-lto-objects -flto=4 '
+ export 'FCFLAGS=-O2 -g -feliminate-unused-debug-types -pipe -Wall -Wp,-D_FORTIFY_SOURCE=2 -fexceptions -fstack-protector --param=ssp-buffer-size=32 -Wformat -Wformat-security -Wl,-z,now,-z,relro,-z,max-page-size=0x1000,-z,separate-code -Wno-error -ftree-vectorize -ftree-slp-vectorize -Wl,--enable-new-dtags -fcf-protection=return -m64 -march=westmere -mtune=haswell -fasynchronous-unwind-tables -fno-omit-frame-pointer -Wp,-D_REENTRANT -O3 -ffat-lto-objects -flto=4  -O3 -ffat-lto-objects -flto=4 '
+ FCFLAGS='-O2 -g -feliminate-unused-debug-types -pipe -Wall -Wp,-D_FORTIFY_SOURCE=2 -fexceptions -fstack-protector --param=ssp-buffer-size=32 -Wformat -Wformat-security -Wl,-z,now,-z,relro,-z,max-page-size=0x1000,-z,separate-code -Wno-error -ftree-vectorize -ftree-slp-vectorize -Wl,--enable-new-dtags -fcf-protection=return -m64 -march=westmere -mtune=haswell -fasynchronous-unwind-tables -fno-omit-frame-pointer -Wp,-D_REENTRANT -O3 -ffat-lto-objects -flto=4  -O3 -ffat-lto-objects -flto=4 '
+ export 'FFLAGS=-O2 -g -feliminate-unused-debug-types -pipe -Wall -Wp,-D_FORTIFY_SOURCE=2 -fexceptions -fstack-protector --param=ssp-buffer-size=32 -Wformat -Wformat-security -Wl,-z,now,-z,relro,-z,max-page-size=0x1000,-z,separate-code -Wno-error -ftree-vectorize -ftree-slp-vectorize -Wl,--enable-new-dtags -fcf-protection=return -m64 -march=westmere -mtune=haswell -fasynchronous-unwind-tables -fno-omit-frame-pointer -Wp,-D_REENTRANT -O3 -ffat-lto-objects -flto=4  -O3 -ffat-lto-objects -flto=4 '
+ FFLAGS='-O2 -g -feliminate-unused-debug-types -pipe -Wall -Wp,-D_FORTIFY_SOURCE=2 -fexceptions -fstack-protector --param=ssp-buffer-size=32 -Wformat -Wformat-security -Wl,-z,now,-z,relro,-z,max-page-size=0x1000,-z,separate-code -Wno-error -ftree-vectorize -ftree-slp-vectorize -Wl,--enable-new-dtags -fcf-protection=return -m64 -march=westmere -mtune=haswell -fasynchronous-unwind-tables -fno-omit-frame-pointer -Wp,-D_REENTRANT -O3 -ffat-lto-objects -flto=4  -O3 -ffat-lto-objects -flto=4 '
+ export 'CXXFLAGS=-O2 -g -feliminate-unused-debug-types -pipe -Wall -Wp,-D_FORTIFY_SOURCE=2 -fexceptions -fstack-protector --param=ssp-buffer-size=32 -Wformat -Wformat-security -Wl,-z,now,-z,relro,-z,max-page-size=0x1000,-z,separate-code -Wno-error -ftree-vectorize -ftree-slp-vectorize -Wl,--enable-new-dtags -fcf-protection=return -m64 -march=westmere -mtune=haswell -fasynchronous-unwind-tables -fno-omit-frame-pointer -Wp,-D_REENTRANT -O3 -ffat-lto-objects -flto=4 '
+ CXXFLAGS='-O2 -g -feliminate-unused-debug-types -pipe -Wall -Wp,-D_FORTIFY_SOURCE=2 -fexceptions -fstack-protector --param=ssp-buffer-size=32 -Wformat -Wformat-security -Wl,-z,now,-z,relro,-z,max-page-size=0x1000,-z,separate-code -Wno-error -ftree-vectorize -ftree-slp-vectorize -Wl,--enable-new-dtags -fcf-protection=return -m64 -march=westmere -mtune=haswell -fasynchronous-unwind-tables -fno-omit-frame-pointer -Wp,-D_REENTRANT -O3 -ffat-lto-objects -flto=4 '
+ make -j4
install -m 755 -D bin/puppet-manifest-apply.sh %{buildroot}/usr/local/bin/puppet-manifest-apply.sh
install -m 755 -D bin/apply_network_config.sh %{buildroot}/usr/local/bin/apply_network_config.sh
install -d -m 0755 %{buildroot}/usr/local/etc/puppet
install -m 640 etc/hiera.yaml %{buildroot}/usr/local/etc/puppet/
cp -R hieradata %{buildroot}/usr/local/etc/puppet/
cp -R manifests %{buildroot}/usr/local/etc/puppet/
install -d -m 0755 %{buildroot}/usr/share/puppet/modules
cp -R modules/platform %{buildroot}/usr/share/puppet/modules/
cp -R modules/openstack %{buildroot}/usr/share/puppet/modules/
+ exit 0
Executing(%install): /bin/sh -e /var/tmp/rpm-tmp.TloITm
+ umask 022
+ cd /builddir/build/BUILD
+ cd puppet-manifests-1.0.0
+ LANG=en_US.UTF-8
+ export LANG
+ unset DISPLAY
+ unset PYTHONOPTIMIZE
+ rm -rf /builddir/build/BUILDROOT/puppet-manifests-1.0.0-2.x86_64
+ mkdir -p /builddir/build/BUILDROOT/puppet-manifests-1.0.0-2.x86_64
+ export SOURCE_DATE_EPOCH=1568785705
+ SOURCE_DATE_EPOCH=1568785705
+ rm -rf /builddir/build/BUILDROOT/puppet-manifests-1.0.0-2.x86_64
+ /usr/bin/make DESTDIR=/builddir/build/BUILDROOT/puppet-manifests-1.0.0-2.x86_64 INSTALLROOT=/builddir/build/BUILDROOT/puppet-manifests-1.0.0-2.x86_64 install_prefix=/builddir/build/BUILDROOT/puppet-manifests-1.0.0-2.x86_64 BUILDROOT=/builddir/build/BUILDROOT/puppet-manifests-1.0.0-2.x86_64 BUILD_ROOT=/builddir/build/BUILDROOT/puppet-manifests-1.0.0-2.x86_64 INSTALL_ROOT=/builddir/build/BUILDROOT/puppet-manifests-1.0.0-2.x86_64 install
install -m 755 -D bin/puppet-manifest-apply.sh %{buildroot}/usr/local/bin/puppet-manifest-apply.sh
install -m 755 -D bin/apply_network_config.sh %{buildroot}/usr/local/bin/apply_network_config.sh
install -d -m 0755 %{buildroot}/usr/local/etc/puppet
install -m 640 etc/hiera.yaml %{buildroot}/usr/local/etc/puppet/
cp -R hieradata %{buildroot}/usr/local/etc/puppet/
cp -R manifests %{buildroot}/usr/local/etc/puppet/
install -d -m 0755 %{buildroot}/usr/share/puppet/modules
cp -R modules/platform %{buildroot}/usr/share/puppet/modules/
cp -R modules/openstack %{buildroot}/usr/share/puppet/modules/
+ rm -f /builddir/build/BUILDROOT/puppet-manifests-1.0.0-2.x86_64/usr/share/info/dir
+ rm -rf /builddir/build/BUILDROOT/puppet-manifests-1.0.0-2.x86_64/usr/lib64/haswell/pkgconfig
+ rm -rf /builddir/build/BUILDROOT/puppet-manifests-1.0.0-2.x86_64/usr/lib64/haswell/avx512_1/pkgconfig
+ rm -rf /builddir/build/BUILDROOT/puppet-manifests-1.0.0-2.x86_64/usr/local
+ rm -f '/builddir/build/BUILDROOT/puppet-manifests-1.0.0-2.x86_64/usr/lib/perl5/*/*/perllocal.pod'
+ find /builddir/build/BUILDROOT/puppet-manifests-1.0.0-2.x86_64 -regex '.*\.la$'
+ xargs rm -f --
find: ‘/builddir/build/BUILDROOT/puppet-manifests-1.0.0-2.x86_64’: No such file or directory
+ find /builddir/build/BUILDROOT/puppet-manifests-1.0.0-2.x86_64 -regex '.*\.pyo$'
+ xargs rm -f --
find: ‘/builddir/build/BUILDROOT/puppet-manifests-1.0.0-2.x86_64’: No such file or directory
+ '[' -d /builddir/build/BUILDROOT/puppet-manifests-1.0.0-2.x86_64/etc/dbus-1 ']'
+ :
+ '[' -d /builddir/build/BUILDROOT/puppet-manifests-1.0.0-2.x86_64/etc/dbus-1 ']'
+ :
+ '[' -d /builddir/build/BUILDROOT/puppet-manifests-1.0.0-2.x86_64/sbin ']'
+ :
+ '[' -d /builddir/build/BUILDROOT/puppet-manifests-1.0.0-2.x86_64/bin ']'
+ :
+ '[' -d /builddir/build/BUILDROOT/puppet-manifests-1.0.0-2.x86_64/usr/sbin ']'
+ :
+ '[' -d /builddir/build/BUILDROOT/puppet-manifests-1.0.0-2.x86_64/usr/sbin ']'
+ :
+ '[' -d /builddir/build/BUILDROOT/puppet-manifests-1.0.0-2.x86_64/bin ']'
+ :
+ '[' -d /builddir/build/BUILDROOT/puppet-manifests-1.0.0-2.x86_64/sbin ']'
+ :
+ '[' -d /builddir/build/BUILDROOT/puppet-manifests-1.0.0-2.x86_64/usr/share/pkgconfig ']'
+ :
+ '[' -d /builddir/build/BUILDROOT/puppet-manifests-1.0.0-2.x86_64/usr/lib/pkgconfig ']'
+ :
+ '[' -d /builddir/build/BUILDROOT/puppet-manifests-1.0.0-2.x86_64/usr/share/pkgconfig ']'
+ :
+ '[' -d /builddir/build/BUILDROOT/puppet-manifests-1.0.0-2.x86_64/usr/lib/pkgconfig ']'
+ :
+ '[' -d /builddir/build/BUILDROOT/puppet-manifests-1.0.0-2.x86_64/usr/share/doc/puppet-manifests-1.0.0 ']'
+ :
+ '[' -d /builddir/build/BUILDROOT/puppet-manifests-1.0.0-2.x86_64/usr/sbin ']'
+ :
+ '[' -d /builddir/build/BUILDROOT/puppet-manifests-1.0.0-2.x86_64/sbin ']'
+ :
+ '[' -d /builddir/build/BUILDROOT/puppet-manifests-1.0.0-2.x86_64/bin ']'
+ :
+ chmod a+x '/builddir/build/BUILDROOT/puppet-manifests-1.0.0-2.x86_64/usr/lib64/*'
chmod: cannot access '/builddir/build/BUILDROOT/puppet-manifests-1.0.0-2.x86_64/usr/lib64/*': No such file or directory
+ :
+ chmod a+x '/builddir/build/BUILDROOT/puppet-manifests-1.0.0-2.x86_64/lib/*'
chmod: cannot access '/builddir/build/BUILDROOT/puppet-manifests-1.0.0-2.x86_64/lib/*': No such file or directory
+ :
+ find /builddir/build/BUILDROOT/puppet-manifests-1.0.0-2.x86_64 -regex '.*\.la$'
+ xargs rm -f --
find: ‘/builddir/build/BUILDROOT/puppet-manifests-1.0.0-2.x86_64’: No such file or directory
+ find /builddir/build/BUILDROOT/puppet-manifests-1.0.0-2.x86_64 -regex '.*\.a$'
+ xargs rm -f --
find: ‘/builddir/build/BUILDROOT/puppet-manifests-1.0.0-2.x86_64’: No such file or directory
+ find /builddir/build/BUILDROOT/puppet-manifests-1.0.0-2.x86_64/ -print0
+ xargs -r0 touch -h -d @1568785705
find: ‘/builddir/build/BUILDROOT/puppet-manifests-1.0.0-2.x86_64/’: No such file or directory
+ make install BINDIR=/builddir/build/BUILDROOT/puppet-manifests-1.0.0-2.x86_64/usr/local/bin CONFIGDIR=/builddir/build/BUILDROOT/puppet-manifests-1.0.0-2.x86_64/usr/local/etc/puppet MODULEDIR=/builddir/build/BUILDROOT/puppet-manifests-1.0.0-2.x86_64/usr/share/puppet/modules
install -m 755 -D bin/puppet-manifest-apply.sh /builddir/build/BUILDROOT/puppet-manifests-1.0.0-2.x86_64/usr/local/bin/puppet-manifest-apply.sh
install -m 755 -D bin/apply_network_config.sh /builddir/build/BUILDROOT/puppet-manifests-1.0.0-2.x86_64/usr/local/bin/apply_network_config.sh
install -d -m 0755 /builddir/build/BUILDROOT/puppet-manifests-1.0.0-2.x86_64/usr/local/etc/puppet
install -m 640 etc/hiera.yaml /builddir/build/BUILDROOT/puppet-manifests-1.0.0-2.x86_64/usr/local/etc/puppet/
cp -R hieradata /builddir/build/BUILDROOT/puppet-manifests-1.0.0-2.x86_64/usr/local/etc/puppet/
cp -R manifests /builddir/build/BUILDROOT/puppet-manifests-1.0.0-2.x86_64/usr/local/etc/puppet/
install -d -m 0755 /builddir/build/BUILDROOT/puppet-manifests-1.0.0-2.x86_64/usr/share/puppet/modules
cp -R modules/platform /builddir/build/BUILDROOT/puppet-manifests-1.0.0-2.x86_64/usr/share/puppet/modules/
cp -R modules/openstack /builddir/build/BUILDROOT/puppet-manifests-1.0.0-2.x86_64/usr/share/puppet/modules/
+ rm -f /builddir/build/BUILDROOT/puppet-manifests-1.0.0-2.x86_64/usr/share/info/dir
++ find /builddir/build/BUILDROOT/puppet-manifests-1.0.0-2.x86_64 -path 'etc/*' '!' -type d
+ test -z ''
+ rm -rf '/builddir/build/BUILDROOT/puppet-manifests-1.0.0-2.x86_64/etc/*'
+ rm -rf '/builddir/build/BUILDROOT/puppet-manifests-1.0.0-2.x86_64/usr/share/factory/*'
+ find /builddir/build/BUILDROOT/puppet-manifests-1.0.0-2.x86_64 -name __pycache__
+ xargs rm -rf --
+ '[' -d /builddir/build/BUILDROOT/puppet-manifests-1.0.0-2.x86_64/usr/share/mime ']'
++ getconf _NPROCESSORS_ONLN
+ RPM_XARGS_PFLAG=-P4
+ find /builddir/build/BUILDROOT/puppet-manifests-1.0.0-2.x86_64 -name '*.so.avx512' -print0
+ xargs -0rtn1 -P4 python /usr/share/clr-avx-tools/avxjudge.py -q -5
+ find /builddir/build/BUILDROOT/puppet-manifests-1.0.0-2.x86_64/usr/lib64/haswell/avx512_1 -name '*.so*' -print0
find: ‘/builddir/build/BUILDROOT/puppet-manifests-1.0.0-2.x86_64/usr/lib64/haswell/avx512_1’: No such file or directory
+ find /builddir/build/BUILDROOT/puppet-manifests-1.0.0-2.x86_64 -name '*.so.avx2' -print0
+ xargs -0rtn1 -P4 python /usr/share/clr-avx-tools/avxjudge.py -q -2
+ find /builddir/build/BUILDROOT/puppet-manifests-1.0.0-2.x86_64/usr/lib64/haswell '!' -path '/usr/lib64/haswell/avx512_1/*' -name '*.so*' -print0
find: ‘/builddir/build/BUILDROOT/puppet-manifests-1.0.0-2.x86_64/usr/lib64/haswell’: No such file or directory
+ find /builddir/build/BUILDROOT/puppet-manifests-1.0.0-2.x86_64/usr/lib64/ -maxdepth 1 -name '*.so*' -type f -print0
+ xargs -0rtn1 -P4 /usr/lib/rpm/clr/brp-create-abi
+ sort -u
find: ‘/builddir/build/BUILDROOT/puppet-manifests-1.0.0-2.x86_64/usr/lib64/’: No such file or directory
+ /usr/lib/rpm/find-debuginfo.sh --strict-build-id /builddir/build/BUILD/puppet-manifests-1.0.0
+ '[' -d /builddir/build/BUILDROOT/puppet-manifests-1.0.0-2.x86_64/usr/lib/debug ']'
+ :
+ '[' -d /builddir/build/BUILDROOT/puppet-manifests-1.0.0-2.x86_64/usr/lib/debug ']'
+ :
+ '[' -d /builddir/build/BUILDROOT/puppet-manifests-1.0.0-2.x86_64/usr/src/debug ']'
+ :
+ '[' -d /builddir/build/BUILDROOT/puppet-manifests-1.0.0-2.x86_64/usr/lib/debug.force ']'
+ :
+ '[' -d /builddir/build/BUILDROOT/puppet-manifests-1.0.0-2.x86_64/usr/src/debug.force ']'
+ :
+ /usr/lib/rpm/check-buildroot
+ /usr/lib/rpm/clr/brp-strip-static-archive /usr/bin/strip
+ /usr/lib/rpm/clr/brp-strip-comment-note /usr/bin/strip /usr/bin/objdump
+ /usr/lib/rpm/clr/brp-python-bytecompile
+ find /builddir/build/BUILDROOT/puppet-manifests-1.0.0-2.x86_64 -print0
+ xargs -0 touch -h -d @1568785705
+ /usr/lib/rpm/clr/brp-java-repack-jars
Processing files: puppet-manifests-1.0.0-2.x86_64
Processing files: puppet-manifests-debuginfo-1.0.0-2.x86_64
warning: Empty %files file /builddir/build/BUILD/puppet-manifests-1.0.0/debugfiles.list
warning: Empty %files file /builddir/build/BUILD/puppet-manifests-1.0.0/abifiles.list
Processing files: puppet-manifests-abi-1.0.0-2.x86_64
Checking for unpackaged file(s): /usr/lib/rpm/check-files /builddir/build/BUILDROOT/puppet-manifests-1.0.0-2.x86_64
error: Installed (but unpackaged) file(s) found:
   /usr/local/bin/apply_network_config.sh
   /usr/local/bin/puppet-manifest-apply.sh
   /usr/local/etc/puppet/hiera.yaml
   /usr/local/etc/puppet/hieradata/controller.yaml
   /usr/local/etc/puppet/hieradata/global.yaml
   /usr/local/etc/puppet/hieradata/storage.yaml
   /usr/local/etc/puppet/hieradata/worker.yaml
   /usr/local/etc/puppet/manifests/ansible_bootstrap.pp
   /usr/local/etc/puppet/manifests/bootstrap.pp
   /usr/local/etc/puppet/manifests/controller.pp
   /usr/local/etc/puppet/manifests/runtime.pp
   /usr/local/etc/puppet/manifests/storage.pp
   /usr/local/etc/puppet/manifests/upgrade.pp
   /usr/local/etc/puppet/manifests/worker.pp
   /usr/share/puppet/modules/openstack/manifests/barbican.pp
   /usr/share/puppet/modules/openstack/manifests/horizon.pp
   /usr/share/puppet/modules/openstack/manifests/keystone.pp
   /usr/share/puppet/modules/openstack/templates/barbican-api-logrotate.erb
   /usr/share/puppet/modules/openstack/templates/cinder-lvm-simplex.erb
   /usr/share/puppet/modules/openstack/templates/horizon-params.erb
   /usr/share/puppet/modules/openstack/templates/horizon-region-config.erb
   /usr/share/puppet/modules/openstack/templates/keystone-defaultregion-filter.erb
   /usr/share/puppet/modules/openstack/templates/keystone-defaultregion.erb
   /usr/share/puppet/modules/openstack/templates/keystone-extra.conf.erb
   /usr/share/puppet/modules/openstack/templates/keystone-policy.json.erb
   /usr/share/puppet/modules/openstack/templates/keystone-systemcontroller-filter.erb
   /usr/share/puppet/modules/openstack/templates/keystone-systemcontroller.erb
   /usr/share/puppet/modules/openstack/templates/lighttpd-inc.conf.erb
   /usr/share/puppet/modules/openstack/templates/lighttpd.conf.erb
   /usr/share/puppet/modules/platform/files/docker-distribution
   /usr/share/puppet/modules/platform/files/etcd
   /usr/share/puppet/modules/platform/files/etcd-override.conf
   /usr/share/puppet/modules/platform/files/kubeconfig.sh
   /usr/share/puppet/modules/platform/files/ldap.cgcs-shell.ldif
   /usr/share/puppet/modules/platform/files/registry-token-server
   /usr/share/puppet/modules/platform/lib/facter/boot_disk_device_path.rb
   /usr/share/puppet/modules/platform/lib/facter/configured_ceph_monitors.rb
   /usr/share/puppet/modules/platform/lib/facter/controller_sw_versions_match.rb
   /usr/share/puppet/modules/platform/lib/facter/disable_worker_services.rb
   /usr/share/puppet/modules/platform/lib/facter/get_cmdline.rb
   /usr/share/puppet/modules/platform/lib/facter/install_uuid.rb
   /usr/share/puppet/modules/platform/lib/facter/is_broadwell_processor.rb
   /usr/share/puppet/modules/platform/lib/facter/is_controller_active.rb
   /usr/share/puppet/modules/platform/lib/facter/is_gb_page_supported.rb
   /usr/share/puppet/modules/platform/lib/facter/is_hugetlbfs_enabled.rb
   /usr/share/puppet/modules/platform/lib/facter/is_initial_config.rb
   /usr/share/puppet/modules/platform/lib/facter/is_initial_config_primary.rb
   /usr/share/puppet/modules/platform/lib/facter/is_initial_k8s_config.rb
   /usr/share/puppet/modules/platform/lib/facter/is_keystone_running.rb
   /usr/share/puppet/modules/platform/lib/facter/is_node_ceph_configured.rb
   /usr/share/puppet/modules/platform/lib/facter/is_per_numa_supported.rb
   /usr/share/puppet/modules/platform/lib/facter/is_primary_disk_rotational.rb
   /usr/share/puppet/modules/platform/lib/facter/is_resctrl_supported.rb
   /usr/share/puppet/modules/platform/lib/facter/is_restore_in_progress.rb
   /usr/share/puppet/modules/platform/lib/facter/is_standalone_controller.rb
   /usr/share/puppet/modules/platform/lib/facter/number_of_logical_cpus.rb
   /usr/share/puppet/modules/platform/lib/facter/number_of_numa_nodes.rb
   /usr/share/puppet/modules/platform/lib/facter/physical_core_count.rb
   /usr/share/puppet/modules/platform/lib/facter/platform_res_mem.rb
   /usr/share/puppet/modules/platform/lib/facter/system_info.rb
   /usr/share/puppet/modules/platform/lib/puppet/parser/functions/check_grub_config.rb
   /usr/share/puppet/modules/platform/manifests/amqp.pp
   /usr/share/puppet/modules/platform/manifests/anchors.pp
   /usr/share/puppet/modules/platform/manifests/ceph.pp
   /usr/share/puppet/modules/platform/manifests/client.pp
   /usr/share/puppet/modules/platform/manifests/collectd.pp
   /usr/share/puppet/modules/platform/manifests/compute.pp
   /usr/share/puppet/modules/platform/manifests/config.pp
   /usr/share/puppet/modules/platform/manifests/dcdbsync.pp
   /usr/share/puppet/modules/platform/manifests/dcmanager.pp
   /usr/share/puppet/modules/platform/manifests/dcorch.pp
   /usr/share/puppet/modules/platform/manifests/devices.pp
   /usr/share/puppet/modules/platform/manifests/dhclient.pp
   /usr/share/puppet/modules/platform/manifests/dns.pp
   /usr/share/puppet/modules/platform/manifests/docker.pp
   /usr/share/puppet/modules/platform/manifests/dockerdistribution.pp
   /usr/share/puppet/modules/platform/manifests/drbd.pp
   /usr/share/puppet/modules/platform/manifests/etcd.pp
   /usr/share/puppet/modules/platform/manifests/exports.pp
   /usr/share/puppet/modules/platform/manifests/filesystem.pp
   /usr/share/puppet/modules/platform/manifests/firewall.pp
   /usr/share/puppet/modules/platform/manifests/fm.pp
   /usr/share/puppet/modules/platform/manifests/fstab.pp
   /usr/share/puppet/modules/platform/manifests/grub.pp
   /usr/share/puppet/modules/platform/manifests/haproxy.pp
   /usr/share/puppet/modules/platform/manifests/helm.pp
   /usr/share/puppet/modules/platform/manifests/influxdb.pp
   /usr/share/puppet/modules/platform/manifests/kubernetes.pp
   /usr/share/puppet/modules/platform/manifests/ldap.pp
   /usr/share/puppet/modules/platform/manifests/lldp.pp
   /usr/share/puppet/modules/platform/manifests/lvm.pp
   /usr/share/puppet/modules/platform/manifests/memcached.pp
   /usr/share/puppet/modules/platform/manifests/mtce.pp
   /usr/share/puppet/modules/platform/manifests/multipath.pp
   /usr/share/puppet/modules/platform/manifests/network.pp
   /usr/share/puppet/modules/platform/manifests/nfv.pp
   /usr/share/puppet/modules/platform/manifests/ntp.pp
   /usr/share/puppet/modules/platform/manifests/params.pp
   /usr/share/puppet/modules/platform/manifests/partitions.pp
   /usr/share/puppet/modules/platform/manifests/password.pp
   /usr/share/puppet/modules/platform/manifests/patching.pp
   /usr/share/puppet/modules/platform/manifests/pciirqaffinity.pp
   /usr/share/puppet/modules/platform/manifests/postgresql.pp
   /usr/share/puppet/modules/platform/manifests/ptp.pp
   /usr/share/puppet/modules/platform/manifests/remotelogging.pp
   /usr/share/puppet/modules/platform/manifests/scratch.pp
   /usr/share/puppet/modules/platform/manifests/sm.pp
   /usr/share/puppet/modules/platform/manifests/smapi.pp
   /usr/share/puppet/modules/platform/manifests/snmp.pp
   /usr/share/puppet/modules/platform/manifests/sysctl.pp
   /usr/share/puppet/modules/platform/manifests/sysinv.pp
   /usr/share/puppet/modules/platform/manifests/users.pp
   /usr/share/puppet/modules/platform/manifests/vswitch.pp
   /usr/share/puppet/modules/platform/manifests/worker.pp
   /usr/share/puppet/modules/platform/templates/calico.yaml.erb
   /usr/share/puppet/modules/platform/templates/calico.yaml.erb.orig
   /usr/share/puppet/modules/platform/templates/calico_oam_if_gnp.yaml.erb
   /usr/share/puppet/modules/platform/templates/calico_oam_if_hep.yaml.erb
   /usr/share/puppet/modules/platform/templates/ceph.journal.location.erb
   /usr/share/puppet/modules/platform/templates/ceph.journal.partitions.erb
   /usr/share/puppet/modules/platform/templates/ceph.osd.create.erb
   /usr/share/puppet/modules/platform/templates/collectd.conf.erb
   /usr/share/puppet/modules/platform/templates/compute_extend.conf.erb
   /usr/share/puppet/modules/platform/templates/dhclient.conf.erb
   /usr/share/puppet/modules/platform/templates/dnsmasq.conf.erb
   /usr/share/puppet/modules/platform/templates/dockerdistribution.conf.erb
   /usr/share/puppet/modules/platform/templates/dockerproxy.conf.erb
   /usr/share/puppet/modules/platform/templates/fm.snmp.conf.erb
   /usr/share/puppet/modules/platform/templates/get-secret-payload.erb
   /usr/share/puppet/modules/platform/templates/influxdb.conf.erb
   /usr/share/puppet/modules/platform/templates/insecuredockerregistry.conf.erb
   /usr/share/puppet/modules/platform/templates/kube-stx-override.conf.erb
   /usr/share/puppet/modules/platform/templates/kubeadm.yaml.erb
   /usr/share/puppet/modules/platform/templates/kubelet-pmond-conf.erb
   /usr/share/puppet/modules/platform/templates/kubelet.conf.erb
   /usr/share/puppet/modules/platform/templates/kvm_timer_advance.conf.erb
   /usr/share/puppet/modules/platform/templates/ldap.conf.erb
   /usr/share/puppet/modules/platform/templates/ldapscripts.conf.erb
   /usr/share/puppet/modules/platform/templates/lldp.conf.erb
   /usr/share/puppet/modules/platform/templates/lldpd.default.erb
   /usr/share/puppet/modules/platform/templates/logrotate.erb
   /usr/share/puppet/modules/platform/templates/multipath.conf.erb
   /usr/share/puppet/modules/platform/templates/multus.yaml.erb
   /usr/share/puppet/modules/platform/templates/nslcd.conf.erb
   /usr/share/puppet/modules/platform/templates/ntp.conf.client.erb
   /usr/share/puppet/modules/platform/templates/ntp.conf.server.erb
   /usr/share/puppet/modules/platform/templates/ntp.override.erb
   /usr/share/puppet/modules/platform/templates/ntp.pmon.conf.erb
   /usr/share/puppet/modules/platform/templates/ntp_initial.conf.client.erb
   /usr/share/puppet/modules/platform/templates/ntp_initial.conf.server.erb
   /usr/share/puppet/modules/platform/templates/openrc.admin.erb
   /usr/share/puppet/modules/platform/templates/ovs.add-bridge.erb
   /usr/share/puppet/modules/platform/templates/ovs.add-flow.erb
   /usr/share/puppet/modules/platform/templates/ovs.add-port.erb
   /usr/share/puppet/modules/platform/templates/ovs.clean.erb
   /usr/share/puppet/modules/platform/templates/ovs.disable-dpdk-init.erb
   /usr/share/puppet/modules/platform/templates/ovsdb.clean.erb
   /usr/share/puppet/modules/platform/templates/pam.passwd.erb
   /usr/share/puppet/modules/platform/templates/partitions.manage.erb
   /usr/share/puppet/modules/platform/templates/pci-irq-affinity.conf.erb
   /usr/share/puppet/modules/platform/templates/pcidp.conf.erb
   /usr/share/puppet/modules/platform/templates/phc2sys.erb
   /usr/share/puppet/modules/platform/templates/phc2sys.service.erb
   /usr/share/puppet/modules/platform/templates/ptp4l.conf.erb
   /usr/share/puppet/modules/platform/templates/ptp4l.erb
   /usr/share/puppet/modules/platform/templates/ptp4l.service.erb
   /usr/share/puppet/modules/platform/templates/registry-cert-extfile.erb
   /usr/share/puppet/modules/platform/templates/registry-token-server.conf.erb
   /usr/share/puppet/modules/platform/templates/remotelogging.conf.erb
   /usr/share/puppet/modules/platform/templates/resolv.conf.erb
   /usr/share/puppet/modules/platform/templates/sm-api.conf.erb
   /usr/share/puppet/modules/platform/templates/snmpd.conf.erb
   /usr/share/puppet/modules/platform/templates/sriov-cni.yaml.erb
   /usr/share/puppet/modules/platform/templates/sriov.bind-device.erb
   /usr/share/puppet/modules/platform/templates/sriovdp-daemonset.yaml.erb
   /usr/share/puppet/modules/platform/templates/systemd-system-cpuaffinity.conf.erb
   /usr/share/puppet/modules/platform/templates/worker_reserved.conf.erb
    Empty %files file /builddir/build/BUILD/puppet-manifests-1.0.0/debugfiles.list
    Empty %files file /builddir/build/BUILD/puppet-manifests-1.0.0/abifiles.list
    Installed (but unpackaged) file(s) found:
   /usr/local/bin/apply_network_config.sh
   /usr/local/bin/puppet-manifest-apply.sh
   /usr/local/etc/puppet/hiera.yaml
   /usr/local/etc/puppet/hieradata/controller.yaml
   /usr/local/etc/puppet/hieradata/global.yaml
   /usr/local/etc/puppet/hieradata/storage.yaml
   /usr/local/etc/puppet/hieradata/worker.yaml
   /usr/local/etc/puppet/manifests/ansible_bootstrap.pp
   /usr/local/etc/puppet/manifests/bootstrap.pp
   /usr/local/etc/puppet/manifests/controller.pp
   /usr/local/etc/puppet/manifests/runtime.pp
   /usr/local/etc/puppet/manifests/storage.pp
   /usr/local/etc/puppet/manifests/upgrade.pp
   /usr/local/etc/puppet/manifests/worker.pp
   /usr/share/puppet/modules/openstack/manifests/barbican.pp
   /usr/share/puppet/modules/openstack/manifests/horizon.pp
   /usr/share/puppet/modules/openstack/manifests/keystone.pp
   /usr/share/puppet/modules/openstack/templates/barbican-api-logrotate.erb
   /usr/share/puppet/modules/openstack/templates/cinder-lvm-simplex.erb
   /usr/share/puppet/modules/openstack/templates/horizon-params.erb
   /usr/share/puppet/modules/openstack/templates/horizon-region-config.erb
   /usr/share/puppet/modules/openstack/templates/keystone-defaultregion-filter.erb
   /usr/share/puppet/modules/openstack/templates/keystone-defaultregion.erb
   /usr/share/puppet/modules/openstack/templates/keystone-extra.conf.erb
   /usr/share/puppet/modules/openstack/templates/keystone-policy.json.erb
   /usr/share/puppet/modules/openstack/templates/keystone-systemcontroller-filter.erb
   /usr/share/puppet/modules/openstack/templates/keystone-systemcontroller.erb
   /usr/share/puppet/modules/openstack/templates/lighttpd-inc.conf.erb
   /usr/share/puppet/modules/openstack/templates/lighttpd.conf.erb
   /usr/share/puppet/modules/platform/files/docker-distribution
   /usr/share/puppet/modules/platform/files/etcd
   /usr/share/puppet/modules/platform/files/etcd-override.conf
   /usr/share/puppet/modules/platform/files/kubeconfig.sh
   /usr/share/puppet/modules/platform/files/ldap.cgcs-shell.ldif
   /usr/share/puppet/modules/platform/files/registry-token-server
   /usr/share/puppet/modules/platform/lib/facter/boot_disk_device_path.rb
   /usr/share/puppet/modules/platform/lib/facter/configured_ceph_monitors.rb
   /usr/share/puppet/modules/platform/lib/facter/controller_sw_versions_match.rb
   /usr/share/puppet/modules/platform/lib/facter/disable_worker_services.rb
   /usr/share/puppet/modules/platform/lib/facter/get_cmdline.rb
   /usr/share/puppet/modules/platform/lib/facter/install_uuid.rb
   /usr/share/puppet/modules/platform/lib/facter/is_broadwell_processor.rb
   /usr/share/puppet/modules/platform/lib/facter/is_controller_active.rb
   /usr/share/puppet/modules/platform/lib/facter/is_gb_page_supported.rb
   /usr/share/puppet/modules/platform/lib/facter/is_hugetlbfs_enabled.rb
   /usr/share/puppet/modules/platform/lib/facter/is_initial_config.rb
   /usr/share/puppet/modules/platform/lib/facter/is_initial_config_primary.rb
   /usr/share/puppet/modules/platform/lib/facter/is_initial_k8s_config.rb
   /usr/share/puppet/modules/platform/lib/facter/is_keystone_running.rb
   /usr/share/puppet/modules/platform/lib/facter/is_node_ceph_configured.rb
   /usr/share/puppet/modules/platform/lib/facter/is_per_numa_supported.rb
   /usr/share/puppet/modules/platform/lib/facter/is_primary_disk_rotational.rb
   /usr/share/puppet/modules/platform/lib/facter/is_resctrl_supported.rb
   /usr/share/puppet/modules/platform/lib/facter/is_restore_in_progress.rb
   /usr/share/puppet/modules/platform/lib/facter/is_standalone_controller.rb
   /usr/share/puppet/modules/platform/lib/facter/number_of_logical_cpus.rb
   /usr/share/puppet/modules/platform/lib/facter/number_of_numa_nodes.rb
   /usr/share/puppet/modules/platform/lib/facter/physical_core_count.rb
   /usr/share/puppet/modules/platform/lib/facter/platform_res_mem.rb
   /usr/share/puppet/modules/platform/lib/facter/system_info.rb
   /usr/share/puppet/modules/platform/lib/puppet/parser/functions/check_grub_config.rb
   /usr/share/puppet/modules/platform/manifests/amqp.pp
   /usr/share/puppet/modules/platform/manifests/anchors.pp
   /usr/share/puppet/modules/platform/manifests/ceph.pp
   /usr/share/puppet/modules/platform/manifests/client.pp
   /usr/share/puppet/modules/platform/manifests/collectd.pp
   /usr/share/puppet/modules/platform/manifests/compute.pp
   /usr/share/puppet/modules/platform/manifests/config.pp
   /usr/share/puppet/modules/platform/manifests/dcdbsync.pp
   /usr/share/puppet/modules/platform/manifests/dcmanager.pp
   /usr/share/puppet/modules/platform/manifests/dcorch.pp
   /usr/share/puppet/modules/platform/manifests/devices.pp
   /usr/share/puppet/modules/platform/manifests/dhclient.pp
   /usr/share/puppet/modules/platform/manifests/dns.pp
   /usr/share/puppet/modules/platform/manifests/docker.pp
   /usr/share/puppet/modules/platform/manifests/dockerdistribution.pp
   /usr/share/puppet/modules/platform/manifests/drbd.pp
   /usr/share/puppet/modules/platform/manifests/etcd.pp
   /usr/share/puppet/modules/platform/manifests/exports.pp
   /usr/share/puppet/modules/platform/manifests/filesystem.pp
   /usr/share/puppet/modules/platform/manifests/firewall.pp
   /usr/share/puppet/modules/platform/manifests/fm.pp
   /usr/share/puppet/modules/platform/manifests/fstab.pp
   /usr/share/puppet/modules/platform/manifests/grub.pp
   /usr/share/puppet/modules/platform/manifests/haproxy.pp
   /usr/share/puppet/modules/platform/manifests/helm.pp
   /usr/share/puppet/modules/platform/manifests/influxdb.pp
   /usr/share/puppet/modules/platform/manifests/kubernetes.pp
   /usr/share/puppet/modules/platform/manifests/ldap.pp
   /usr/share/puppet/modules/platform/manifests/lldp.pp
   /usr/share/puppet/modules/platform/manifests/lvm.pp
   /usr/share/puppet/modules/platform/manifests/memcached.pp
   /usr/share/puppet/modules/platform/manifests/mtce.pp
   /usr/share/puppet/modules/platform/manifests/multipath.pp
   /usr/share/puppet/modules/platform/manifests/network.pp
   /usr/share/puppet/modules/platform/manifests/nfv.pp
   /usr/share/puppet/modules/platform/manifests/ntp.pp
   /usr/share/puppet/modules/platform/manifests/params.pp
   /usr/share/puppet/modules/platform/manifests/partitions.pp
   /usr/share/puppet/modules/platform/manifests/password.pp
   /usr/share/puppet/modules/platform/manifests/patching.pp
   /usr/share/puppet/modules/platform/manifests/pciirqaffinity.pp
   /usr/share/puppet/modules/platform/manifests/postgresql.pp
   /usr/share/puppet/modules/platform/manifests/ptp.pp
   /usr/share/puppet/modules/platform/manifests/remotelogging.pp
   /usr/share/puppet/modules/platform/manifests/scratch.pp
   /usr/share/puppet/modules/platform/manifests/sm.pp
   /usr/share/puppet/modules/platform/manifests/smapi.pp
   /usr/share/puppet/modules/platform/manifests/snmp.pp
   /usr/share/puppet/modules/platform/manifests/sysctl.pp
   /usr/share/puppet/modules/platform/manifests/sysinv.pp
   /usr/share/puppet/modules/platform/manifests/users.pp
   /usr/share/puppet/modules/platform/manifests/vswitch.pp
   /usr/share/puppet/modules/platform/manifests/worker.pp
   /usr/share/puppet/modules/platform/templates/calico.yaml.erb
   /usr/share/puppet/modules/platform/templates/calico.yaml.erb.orig
   /usr/share/puppet/modules/platform/templates/calico_oam_if_gnp.yaml.erb
   /usr/share/puppet/modules/platform/templates/calico_oam_if_hep.yaml.erb
   /usr/share/puppet/modules/platform/templates/ceph.journal.location.erb
   /usr/share/puppet/modules/platform/templates/ceph.journal.partitions.erb
   /usr/share/puppet/modules/platform/templates/ceph.osd.create.erb
   /usr/share/puppet/modules/platform/templates/collectd.conf.erb
   /usr/share/puppet/modules/platform/templates/compute_extend.conf.erb
   /usr/share/puppet/modules/platform/templates/dhclient.conf.erb
   /usr/share/puppet/modules/platform/templates/dnsmasq.conf.erb
   /usr/share/puppet/modules/platform/templates/dockerdistribution.conf.erb
   /usr/share/puppet/modules/platform/templates/dockerproxy.conf.erb
   /usr/share/puppet/modules/platform/templates/fm.snmp.conf.erb
   /usr/share/puppet/modules/platform/templates/get-secret-payload.erb
   /usr/share/puppet/modules/platform/templates/influxdb.conf.erb
   /usr/share/puppet/modules/platform/templates/insecuredockerregistry.conf.erb
   /usr/share/puppet/modules/platform/templates/kube-stx-override.conf.erb
   /usr/share/puppet/modules/platform/templates/kubeadm.yaml.erb
   /usr/share/puppet/modules/platform/templates/kubelet-pmond-conf.erb
   /usr/share/puppet/modules/platform/templates/kubelet.conf.erb
   /usr/share/puppet/modules/platform/templates/kvm_timer_advance.conf.erb
   /usr/share/puppet/modules/platform/templates/ldap.conf.erb
   /usr/share/puppet/modules/platform/templates/ldapscripts.conf.erb
   /usr/share/puppet/modules/platform/templates/lldp.conf.erb
   /usr/share/puppet/modules/platform/templates/lldpd.default.erb
   /usr/share/puppet/modules/platform/templates/logrotate.erb
   /usr/share/puppet/modules/platform/templates/multipath.conf.erb
   /usr/share/puppet/modules/platform/templates/multus.yaml.erb
   /usr/share/puppet/modules/platform/templates/nslcd.conf.erb
   /usr/share/puppet/modules/platform/templates/ntp.conf.client.erb
   /usr/share/puppet/modules/platform/templates/ntp.conf.server.erb
   /usr/share/puppet/modules/platform/templates/ntp.override.erb
   /usr/share/puppet/modules/platform/templates/ntp.pmon.conf.erb
   /usr/share/puppet/modules/platform/templates/ntp_initial.conf.client.erb
   /usr/share/puppet/modules/platform/templates/ntp_initial.conf.server.erb
   /usr/share/puppet/modules/platform/templates/openrc.admin.erb
   /usr/share/puppet/modules/platform/templates/ovs.add-bridge.erb
   /usr/share/puppet/modules/platform/templates/ovs.add-flow.erb
   /usr/share/puppet/modules/platform/templates/ovs.add-port.erb
   /usr/share/puppet/modules/platform/templates/ovs.clean.erb
   /usr/share/puppet/modules/platform/templates/ovs.disable-dpdk-init.erb
   /usr/share/puppet/modules/platform/templates/ovsdb.clean.erb
   /usr/share/puppet/modules/platform/templates/pam.passwd.erb
   /usr/share/puppet/modules/platform/templates/partitions.manage.erb
   /usr/share/puppet/modules/platform/templates/pci-irq-affinity.conf.erb
   /usr/share/puppet/modules/platform/templates/pcidp.conf.erb
   /usr/share/puppet/modules/platform/templates/phc2sys.erb
   /usr/share/puppet/modules/platform/templates/phc2sys.service.erb
   /usr/share/puppet/modules/platform/templates/ptp4l.conf.erb
   /usr/share/puppet/modules/platform/templates/ptp4l.erb
   /usr/share/puppet/modules/platform/templates/ptp4l.service.erb
   /usr/share/puppet/modules/platform/templates/registry-cert-extfile.erb
   /usr/share/puppet/modules/platform/templates/registry-token-server.conf.erb
   /usr/share/puppet/modules/platform/templates/remotelogging.conf.erb
   /usr/share/puppet/modules/platform/templates/resolv.conf.erb
   /usr/share/puppet/modules/platform/templates/sm-api.conf.erb
   /usr/share/puppet/modules/platform/templates/snmpd.conf.erb
   /usr/share/puppet/modules/platform/templates/sriov-cni.yaml.erb
   /usr/share/puppet/modules/platform/templates/sriov.bind-device.erb
   /usr/share/puppet/modules/platform/templates/sriovdp-daemonset.yaml.erb
   /usr/share/puppet/modules/platform/templates/systemd-system-cpuaffinity.conf.erb
   /usr/share/puppet/modules/platform/templates/worker_reserved.conf.erb
RPM build errors:
Child return code was: 1
EXCEPTION: Command failed. See logs for output.
 # bash --login -c /usr/bin/rpmbuild -bb --target x86_64 --nodeps  /builddir/build/SPECS/puppet-manifests.spec 
Traceback (most recent call last):
  File "/usr/lib/python3.7/site-packages/mockbuild/trace_decorator.py", line 84, in trace
    result = func(*args, **kw)
  File "/usr/lib/python3.7/site-packages/mockbuild/util.py", line 531, in do
    raise exception.Error("Command failed. See logs for output.\n # %s" % (command,), child.returncode)
mockbuild.exception.Error: Command failed. See logs for output.
 # bash --login -c /usr/bin/rpmbuild -bb --target x86_64 --nodeps  /builddir/build/SPECS/puppet-manifests.spec 
LEAVE do --> EXCEPTION RAISED

