Mock Version: 1.2.14
ENTER do(['bash', '--login', '-c', '/usr/bin/rpmbuild -bs --target x86_64 --nodeps /builddir/build/SPECS/puppet-drbd.spec'], chrootPath='/var/lib/mock/clear-puppet-drbd/root'env={'TERM': 'vt100', 'SHELL': '/bin/bash', 'HOME': '/builddir', 'HOSTNAME': 'mock', 'PATH': '/usr/bin:/bin:/usr/sbin:/sbin', 'LANG': 'en_US.UTF-8', 'CCACHE_DIR': '/var/tmp/ccache', 'CCACHE_UMASK': '002'}shell=Falselogger=<mockbuild.trace_decorator.getLog object at 0x7f5332578d90>timeout=0uid=1000gid=1000user='mockbuild'printOutput=False)
Executing command: ['bash', '--login', '-c', '/usr/bin/rpmbuild -bs --target x86_64 --nodeps /builddir/build/SPECS/puppet-drbd.spec'] with env {'TERM': 'vt100', 'SHELL': '/bin/bash', 'HOME': '/builddir', 'HOSTNAME': 'mock', 'PATH': '/usr/bin:/bin:/usr/sbin:/sbin', 'LANG': 'en_US.UTF-8', 'CCACHE_DIR': '/var/tmp/ccache', 'CCACHE_UMASK': '002'} and shell False
Building target platforms: x86_64
Building for target x86_64
Wrote: /builddir/build/SRPMS/puppet-drbd-0.3.1-1.src.rpm
Child return code was: 0
LEAVE do --> 

ENTER do(['bash', '--login', '-c', '/usr/bin/rpmbuild -bb --target x86_64 --nodeps  /builddir/build/SPECS/puppet-drbd.spec '], chrootPath='/var/lib/mock/clear-puppet-drbd/root'env={'TERM': 'vt100', 'SHELL': '/bin/bash', 'HOME': '/builddir', 'HOSTNAME': 'mock', 'PATH': '/usr/bin:/bin:/usr/sbin:/sbin', 'LANG': 'en_US.UTF-8', 'CCACHE_DIR': '/var/tmp/ccache', 'CCACHE_UMASK': '002'}shell=Falselogger=<mockbuild.trace_decorator.getLog object at 0x7f5332578d90>timeout=0uid=1000gid=1000user='mockbuild'private_network=TrueprintOutput=False)
Executing command: ['bash', '--login', '-c', '/usr/bin/rpmbuild -bb --target x86_64 --nodeps  /builddir/build/SPECS/puppet-drbd.spec '] with env {'TERM': 'vt100', 'SHELL': '/bin/bash', 'HOME': '/builddir', 'HOSTNAME': 'mock', 'PATH': '/usr/bin:/bin:/usr/sbin:/sbin', 'LANG': 'en_US.UTF-8', 'CCACHE_DIR': '/var/tmp/ccache', 'CCACHE_UMASK': '002'} and shell False
Building target platforms: x86_64
Building for target x86_64
Executing(%prep): /bin/sh -e /var/tmp/rpm-tmp.pZzAlw
+ umask 022
+ cd /builddir/build/BUILD
+ LANG=en_US.UTF-8
+ export LANG
+ unset DISPLAY
+ cd /builddir/build/BUILD
+ rm -rf puppetlabs-drbd
+ /usr/bin/gzip -dc /builddir/build/SOURCES/puppet-drbd-0.3.1.tar.gz
+ /usr/bin/tar -xf -
+ STATUS=0
+ '[' 0 -ne 0 ']'
+ cd puppetlabs-drbd
+ /usr/bin/chmod -Rf a+rX,u+w,g-w,o-w .
+ echo 'Patch #1 (0001-add-makefile.patch):'
Patch #1 (0001-add-makefile.patch):
+ /usr/bin/cat /builddir/build/SOURCES/0001-add-makefile.patch
+ /usr/bin/patch -p1 --fuzz=2
patching file Makefile
Patch #2 (0001-TIS-Patches.patch):
+ echo 'Patch #2 (0001-TIS-Patches.patch):'
+ /usr/bin/cat /builddir/build/SOURCES/0001-TIS-Patches.patch
+ /usr/bin/patch -p1 --fuzz=2
patching file manifests/init.pp
patching file manifests/resource.pp
patching file manifests/resource/up.pp
patching file manifests/service.pp
patching file templates/header.res.erb
patching file templates/primary-resource.res.erb
patching file templates/primary-stacked-resource.res.erb
patching file templates/resource.res.erb
patching file templates/secondary-resource.res.erb
patching file templates/secondary-stacked-resource.res.erb
+ echo 'Patch #3 (0002-Disable-timeout-for-mkfs-command.patch):'
Patch #3 (0002-Disable-timeout-for-mkfs-command.patch):
+ /usr/bin/cat /builddir/build/SOURCES/0002-Disable-timeout-for-mkfs-command.patch
+ /usr/bin/patch -p1 --fuzz=2
patching file manifests/resource/up.pp
+ echo 'Patch #4 (0003-drbd-parallel-to-serial-synchronization.patch):'
Patch #4 (0003-drbd-parallel-to-serial-synchronization.patch):
+ /usr/bin/cat /builddir/build/SOURCES/0003-drbd-parallel-to-serial-synchronization.patch
+ /usr/bin/patch -p1 --fuzz=2
patching file manifests/resource.pp
patching file templates/header.res.erb
Patch #5 (0004-US-96914-reuse-existing-drbd-cinder-resource.patch):
+ echo 'Patch #5 (0004-US-96914-reuse-existing-drbd-cinder-resource.patch):'
+ /usr/bin/cat /builddir/build/SOURCES/0004-US-96914-reuse-existing-drbd-cinder-resource.patch
+ /usr/bin/patch -p1 --fuzz=2
patching file manifests/resource/up.pp
Patch #6 (0005-Add-PausedSync-states-to-acceptable-cstate.patch):
+ echo 'Patch #6 (0005-Add-PausedSync-states-to-acceptable-cstate.patch):'
+ /usr/bin/cat /builddir/build/SOURCES/0005-Add-PausedSync-states-to-acceptable-cstate.patch
+ /usr/bin/patch -p1 --fuzz=2
patching file manifests/resource/up.pp
+ echo 'Patch #7 (0006-CGTS-7164-Add-resource-options-cpu-mask-to-affine-drbd-kernel-threads.patch):'
Patch #7 (0006-CGTS-7164-Add-resource-options-cpu-mask-to-affine-drbd-kernel-threads.patch):
+ /usr/bin/cat /builddir/build/SOURCES/0006-CGTS-7164-Add-resource-options-cpu-mask-to-affine-drbd-kernel-threads.patch
+ /usr/bin/patch -p1 --fuzz=2
patching file manifests/resource.pp
patching file templates/header.res.erb
+ echo 'Patch #8 (0007-Add-disk-by-path-test.patch):'
Patch #8 (0007-Add-disk-by-path-test.patch):
+ /usr/bin/cat /builddir/build/SOURCES/0007-Add-disk-by-path-test.patch
+ /usr/bin/patch -p1 --fuzz=2
patching file manifests/resource/up.pp
+ echo 'Patch #9 (0008-CGTS-7953-support-for-new-drbd-resources.patch):'
Patch #9 (0008-CGTS-7953-support-for-new-drbd-resources.patch):
+ /usr/bin/cat /builddir/build/SOURCES/0008-CGTS-7953-support-for-new-drbd-resources.patch
+ /usr/bin/patch -p1 --fuzz=2
patching file manifests/init.pp
patching file templates/global_common.conf.erb
Patch #10 (0009-drbd-slow-before-swact.patch):
+ echo 'Patch #10 (0009-drbd-slow-before-swact.patch):'
+ /usr/bin/cat /builddir/build/SOURCES/0009-drbd-slow-before-swact.patch
+ /usr/bin/patch -p1 --fuzz=2
patching file manifests/resource/up.pp
+ exit 0
Executing(%build): /bin/sh -e /var/tmp/rpm-tmp.NflF7u
+ umask 022
+ cd /builddir/build/BUILD
+ cd puppetlabs-drbd
+ LANG=en_US.UTF-8
+ export LANG
+ unset DISPLAY
+ unset PYTHONOPTIMIZE
+ CFLAGS='-O2 -g -feliminate-unused-debug-types -pipe -Wall -Wp,-D_FORTIFY_SOURCE=2 -fexceptions -fstack-protector --param=ssp-buffer-size=32 -Wformat -Wformat-security -Wl,-z,now,-z,relro,-z,max-page-size=0x1000,-z,separate-code -Wno-error -ftree-vectorize -ftree-slp-vectorize -Wl,--enable-new-dtags -fcf-protection=return -m64 -march=westmere -mtune=haswell -fasynchronous-unwind-tables -fno-omit-frame-pointer -Wp,-D_REENTRANT'
+ export CFLAGS
+ http_proxy=http://127.0.0.1:9/
+ export http_proxy
+ https_proxy=http://127.0.0.1:9/
+ export https_proxy
+ ftp_proxy=http://127.0.0.1:9/
+ export ftp_proxy
+ no_proxy=localhost,127.0.0.1,0.0.0.0
+ export no_proxy
+ CXXFLAGS='-O2 -g -feliminate-unused-debug-types -pipe -Wall -Wp,-D_FORTIFY_SOURCE=2 -fexceptions -fstack-protector --param=ssp-buffer-size=32 -Wformat -Wformat-security -Wl,-z,now,-z,relro,-z,max-page-size=0x1000,-z,separate-code -Wno-error -ftree-vectorize -ftree-slp-vectorize -Wl,--enable-new-dtags -fcf-protection=return -m64 -march=westmere -mtune=haswell -fasynchronous-unwind-tables -fno-omit-frame-pointer -Wp,-D_REENTRANT'
+ export CXXFLAGS
+ FFLAGS='-g -O3 -feliminate-unused-debug-types  -pipe -Wall -Wp,-D_FORTIFY_SOURCE=2 -fexceptions -fstack-protector --param=ssp-buffer-size=32 -m64 -fasynchronous-unwind-tables -Wp,-D_REENTRANT -ftree-loop-distribute-patterns -Wl,-z -Wl,now -Wl,-z -Wl,relro -malign-data=abi -fno-semantic-interposition -ftree-vectorize  -ftree-loop-vectorize -Wl,--enable-new-dtags '
+ export FFLAGS
+ LD_AS_NEEDED=1
+ export LD_AS_NEEDED
+ PKG_CONFIG_LIBDIR=/usr/lib64/pkgconfig
+ export PKG_CONFIG_LIBDIR
+ PATH=/usr/lib64/ccache/bin:/usr/local/bin:/usr/bin
+ export PATH
+ export http_proxy=http://127.0.0.1:9/
+ http_proxy=http://127.0.0.1:9/
+ export https_proxy=http://127.0.0.1:9/
+ https_proxy=http://127.0.0.1:9/
+ export no_proxy=localhost,127.0.0.1,0.0.0.0
+ no_proxy=localhost,127.0.0.1,0.0.0.0
+ export LANG=C.UTF-8
+ LANG=C.UTF-8
+ export SOURCE_DATE_EPOCH=1568794825
+ SOURCE_DATE_EPOCH=1568794825
+ export GCC_IGNORE_WERROR=1
+ GCC_IGNORE_WERROR=1
+ export AR=gcc-ar
+ AR=gcc-ar
+ export RANLIB=gcc-ranlib
+ RANLIB=gcc-ranlib
+ export NM=gcc-nm
+ NM=gcc-nm
+ export 'CFLAGS=-O2 -g -feliminate-unused-debug-types -pipe -Wall -Wp,-D_FORTIFY_SOURCE=2 -fexceptions -fstack-protector --param=ssp-buffer-size=32 -Wformat -Wformat-security -Wl,-z,now,-z,relro,-z,max-page-size=0x1000,-z,separate-code -Wno-error -ftree-vectorize -ftree-slp-vectorize -Wl,--enable-new-dtags -fcf-protection=return -m64 -march=westmere -mtune=haswell -fasynchronous-unwind-tables -fno-omit-frame-pointer -Wp,-D_REENTRANT -O3 -ffat-lto-objects -flto=4 '
+ CFLAGS='-O2 -g -feliminate-unused-debug-types -pipe -Wall -Wp,-D_FORTIFY_SOURCE=2 -fexceptions -fstack-protector --param=ssp-buffer-size=32 -Wformat -Wformat-security -Wl,-z,now,-z,relro,-z,max-page-size=0x1000,-z,separate-code -Wno-error -ftree-vectorize -ftree-slp-vectorize -Wl,--enable-new-dtags -fcf-protection=return -m64 -march=westmere -mtune=haswell -fasynchronous-unwind-tables -fno-omit-frame-pointer -Wp,-D_REENTRANT -O3 -ffat-lto-objects -flto=4 '
+ export 'FCFLAGS=-O2 -g -feliminate-unused-debug-types -pipe -Wall -Wp,-D_FORTIFY_SOURCE=2 -fexceptions -fstack-protector --param=ssp-buffer-size=32 -Wformat -Wformat-security -Wl,-z,now,-z,relro,-z,max-page-size=0x1000,-z,separate-code -Wno-error -ftree-vectorize -ftree-slp-vectorize -Wl,--enable-new-dtags -fcf-protection=return -m64 -march=westmere -mtune=haswell -fasynchronous-unwind-tables -fno-omit-frame-pointer -Wp,-D_REENTRANT -O3 -ffat-lto-objects -flto=4  -O3 -ffat-lto-objects -flto=4 '
+ FCFLAGS='-O2 -g -feliminate-unused-debug-types -pipe -Wall -Wp,-D_FORTIFY_SOURCE=2 -fexceptions -fstack-protector --param=ssp-buffer-size=32 -Wformat -Wformat-security -Wl,-z,now,-z,relro,-z,max-page-size=0x1000,-z,separate-code -Wno-error -ftree-vectorize -ftree-slp-vectorize -Wl,--enable-new-dtags -fcf-protection=return -m64 -march=westmere -mtune=haswell -fasynchronous-unwind-tables -fno-omit-frame-pointer -Wp,-D_REENTRANT -O3 -ffat-lto-objects -flto=4  -O3 -ffat-lto-objects -flto=4 '
+ export 'FFLAGS=-O2 -g -feliminate-unused-debug-types -pipe -Wall -Wp,-D_FORTIFY_SOURCE=2 -fexceptions -fstack-protector --param=ssp-buffer-size=32 -Wformat -Wformat-security -Wl,-z,now,-z,relro,-z,max-page-size=0x1000,-z,separate-code -Wno-error -ftree-vectorize -ftree-slp-vectorize -Wl,--enable-new-dtags -fcf-protection=return -m64 -march=westmere -mtune=haswell -fasynchronous-unwind-tables -fno-omit-frame-pointer -Wp,-D_REENTRANT -O3 -ffat-lto-objects -flto=4  -O3 -ffat-lto-objects -flto=4 '
+ FFLAGS='-O2 -g -feliminate-unused-debug-types -pipe -Wall -Wp,-D_FORTIFY_SOURCE=2 -fexceptions -fstack-protector --param=ssp-buffer-size=32 -Wformat -Wformat-security -Wl,-z,now,-z,relro,-z,max-page-size=0x1000,-z,separate-code -Wno-error -ftree-vectorize -ftree-slp-vectorize -Wl,--enable-new-dtags -fcf-protection=return -m64 -march=westmere -mtune=haswell -fasynchronous-unwind-tables -fno-omit-frame-pointer -Wp,-D_REENTRANT -O3 -ffat-lto-objects -flto=4  -O3 -ffat-lto-objects -flto=4 '
+ export 'CXXFLAGS=-O2 -g -feliminate-unused-debug-types -pipe -Wall -Wp,-D_FORTIFY_SOURCE=2 -fexceptions -fstack-protector --param=ssp-buffer-size=32 -Wformat -Wformat-security -Wl,-z,now,-z,relro,-z,max-page-size=0x1000,-z,separate-code -Wno-error -ftree-vectorize -ftree-slp-vectorize -Wl,--enable-new-dtags -fcf-protection=return -m64 -march=westmere -mtune=haswell -fasynchronous-unwind-tables -fno-omit-frame-pointer -Wp,-D_REENTRANT -O3 -ffat-lto-objects -flto=4 '
+ CXXFLAGS='-O2 -g -feliminate-unused-debug-types -pipe -Wall -Wp,-D_FORTIFY_SOURCE=2 -fexceptions -fstack-protector --param=ssp-buffer-size=32 -Wformat -Wformat-security -Wl,-z,now,-z,relro,-z,max-page-size=0x1000,-z,separate-code -Wno-error -ftree-vectorize -ftree-slp-vectorize -Wl,--enable-new-dtags -fcf-protection=return -m64 -march=westmere -mtune=haswell -fasynchronous-unwind-tables -fno-omit-frame-pointer -Wp,-D_REENTRANT -O3 -ffat-lto-objects -flto=4 '
+ make -j4
echo "no build"
no build
+ exit 0
Executing(%install): /bin/sh -e /var/tmp/rpm-tmp.NfOx3v
+ umask 022
+ cd /builddir/build/BUILD
+ cd puppetlabs-drbd
+ LANG=en_US.UTF-8
+ export LANG
+ unset DISPLAY
+ unset PYTHONOPTIMIZE
+ rm -rf /builddir/build/BUILDROOT/puppet-drbd-0.3.1-1.x86_64
+ mkdir -p /builddir/build/BUILDROOT/puppet-drbd-0.3.1-1.x86_64
+ export SOURCE_DATE_EPOCH=1568794825
+ SOURCE_DATE_EPOCH=1568794825
+ rm -rf /builddir/build/BUILDROOT/puppet-drbd-0.3.1-1.x86_64
+ install -d -m 0755 /builddir/build/BUILDROOT/puppet-drbd-0.3.1-1.x86_64/usr/share/puppet/modules/drbd
+ cp -rp CHANGELOG.md CONTRIBUTING.md examples files Gemfile LICENSE Makefile manifests metadata.json Rakefile README.md spec templates /builddir/build/BUILDROOT/puppet-drbd-0.3.1-1.x86_64/usr/share/puppet/modules/drbd/
+ rm -f /builddir/build/BUILDROOT/puppet-drbd-0.3.1-1.x86_64/usr/share/info/dir
++ find /builddir/build/BUILDROOT/puppet-drbd-0.3.1-1.x86_64 -path 'etc/*' '!' -type d
+ test -z ''
+ rm -rf '/builddir/build/BUILDROOT/puppet-drbd-0.3.1-1.x86_64/etc/*'
+ rm -rf '/builddir/build/BUILDROOT/puppet-drbd-0.3.1-1.x86_64/usr/share/factory/*'
+ find /builddir/build/BUILDROOT/puppet-drbd-0.3.1-1.x86_64 -name __pycache__
+ xargs rm -rf --
+ '[' -d /builddir/build/BUILDROOT/puppet-drbd-0.3.1-1.x86_64/usr/share/mime ']'
++ getconf _NPROCESSORS_ONLN
+ RPM_XARGS_PFLAG=-P4
+ find /builddir/build/BUILDROOT/puppet-drbd-0.3.1-1.x86_64 -name '*.so.avx512' -print0
+ xargs -0rtn1 -P4 python /usr/share/clr-avx-tools/avxjudge.py -q -5
+ find /builddir/build/BUILDROOT/puppet-drbd-0.3.1-1.x86_64/usr/lib64/haswell/avx512_1 -name '*.so*' -print0
find: ‘/builddir/build/BUILDROOT/puppet-drbd-0.3.1-1.x86_64/usr/lib64/haswell/avx512_1’: No such file or directory
+ find /builddir/build/BUILDROOT/puppet-drbd-0.3.1-1.x86_64 -name '*.so.avx2' -print0
+ xargs -0rtn1 -P4 python /usr/share/clr-avx-tools/avxjudge.py -q -2
+ find /builddir/build/BUILDROOT/puppet-drbd-0.3.1-1.x86_64/usr/lib64/haswell '!' -path '/usr/lib64/haswell/avx512_1/*' -name '*.so*' -print0
find: ‘/builddir/build/BUILDROOT/puppet-drbd-0.3.1-1.x86_64/usr/lib64/haswell’: No such file or directory
+ find /builddir/build/BUILDROOT/puppet-drbd-0.3.1-1.x86_64/usr/lib64/ -maxdepth 1 -name '*.so*' -type f -print0
+ xargs -0rtn1 -P4 /usr/lib/rpm/clr/brp-create-abi
+ sort -u
find: ‘/builddir/build/BUILDROOT/puppet-drbd-0.3.1-1.x86_64/usr/lib64/’: No such file or directory
+ /usr/lib/rpm/find-debuginfo.sh --strict-build-id /builddir/build/BUILD/puppetlabs-drbd
+ '[' -d /builddir/build/BUILDROOT/puppet-drbd-0.3.1-1.x86_64/usr/lib/debug ']'
+ :
+ '[' -d /builddir/build/BUILDROOT/puppet-drbd-0.3.1-1.x86_64/usr/lib/debug ']'
+ :
+ '[' -d /builddir/build/BUILDROOT/puppet-drbd-0.3.1-1.x86_64/usr/src/debug ']'
+ :
+ '[' -d /builddir/build/BUILDROOT/puppet-drbd-0.3.1-1.x86_64/usr/lib/debug.force ']'
+ :
+ '[' -d /builddir/build/BUILDROOT/puppet-drbd-0.3.1-1.x86_64/usr/src/debug.force ']'
+ :
+ /usr/lib/rpm/check-buildroot
+ /usr/lib/rpm/clr/brp-strip-static-archive /usr/bin/strip
+ /usr/lib/rpm/clr/brp-strip-comment-note /usr/bin/strip /usr/bin/objdump
+ /usr/lib/rpm/clr/brp-python-bytecompile
+ find /builddir/build/BUILDROOT/puppet-drbd-0.3.1-1.x86_64 -print0
+ xargs -0 touch -h -d @1568794825
+ /usr/lib/rpm/clr/brp-java-repack-jars
Processing files: puppet-drbd-0.3.1-1.x86_64
Processing files: puppet-drbd-data-0.3.1-1.x86_64
Provides: puppet-drbd-data = 0.3.1-1 puppet-drbd-data(x86-64) = 0.3.1-1
Requires(rpmlib): rpmlib(CompressedFileNames) <= 3.0.4-1 rpmlib(PayloadFilesHavePrefix) <= 4.0-1
Processing files: puppet-drbd-debuginfo-0.3.1-1.x86_64
Processing files: puppet-drbd-abi-0.3.1-1.x86_64
Checking for unpackaged file(s): /usr/lib/rpm/check-files /builddir/build/BUILDROOT/puppet-drbd-0.3.1-1.x86_64
warning: Empty %files file /builddir/build/BUILD/puppetlabs-drbd/debugfiles.list
warning: Empty %files file /builddir/build/BUILD/puppetlabs-drbd/abifiles.list
Wrote: /builddir/build/RPMS/puppet-drbd-0.3.1-1.x86_64.rpm
Wrote: /builddir/build/RPMS/puppet-drbd-data-0.3.1-1.x86_64.rpm
Wrote: /builddir/build/RPMS/puppet-drbd-debuginfo-0.3.1-1.x86_64.rpm
Wrote: /builddir/build/RPMS/puppet-drbd-abi-0.3.1-1.x86_64.rpm
Executing(%clean): /bin/sh -e /var/tmp/rpm-tmp.bWm3mt
+ umask 022
+ cd /builddir/build/BUILD
+ cd puppetlabs-drbd
+ /usr/bin/rm -rf /builddir/build/BUILDROOT/puppet-drbd-0.3.1-1.x86_64
+ exit 0
Child return code was: 0
LEAVE do --> 

