Mock Version: 1.2.14
ENTER do(['bash', '--login', '-c', '/usr/bin/rpmbuild -bs --target x86_64 --nodeps /builddir/build/SPECS/sm-api.spec'], chrootPath='/var/lib/mock/clear-sm-api/root'env={'TERM': 'vt100', 'SHELL': '/bin/bash', 'HOME': '/builddir', 'HOSTNAME': 'mock', 'PATH': '/usr/bin:/bin:/usr/sbin:/sbin', 'LANG': 'en_US.UTF-8', 'CCACHE_DIR': '/var/tmp/ccache', 'CCACHE_UMASK': '002'}shell=Falselogger=<mockbuild.trace_decorator.getLog object at 0x7f0328960e90>timeout=0uid=1000gid=1000user='mockbuild'printOutput=False)
Executing command: ['bash', '--login', '-c', '/usr/bin/rpmbuild -bs --target x86_64 --nodeps /builddir/build/SPECS/sm-api.spec'] with env {'TERM': 'vt100', 'SHELL': '/bin/bash', 'HOME': '/builddir', 'HOSTNAME': 'mock', 'PATH': '/usr/bin:/bin:/usr/sbin:/sbin', 'LANG': 'en_US.UTF-8', 'CCACHE_DIR': '/var/tmp/ccache', 'CCACHE_UMASK': '002'} and shell False
Building target platforms: x86_64
Building for target x86_64
Wrote: /builddir/build/SRPMS/sm-api-1.0-5.src.rpm
Child return code was: 0
LEAVE do --> 

ENTER do(['bash', '--login', '-c', '/usr/bin/rpmbuild -bb --target x86_64 --nodeps  /builddir/build/SPECS/sm-api.spec '], chrootPath='/var/lib/mock/clear-sm-api/root'env={'TERM': 'vt100', 'SHELL': '/bin/bash', 'HOME': '/builddir', 'HOSTNAME': 'mock', 'PATH': '/usr/bin:/bin:/usr/sbin:/sbin', 'LANG': 'en_US.UTF-8', 'CCACHE_DIR': '/var/tmp/ccache', 'CCACHE_UMASK': '002'}shell=Falselogger=<mockbuild.trace_decorator.getLog object at 0x7f0328960e90>timeout=0uid=1000gid=1000user='mockbuild'private_network=TrueprintOutput=False)
Executing command: ['bash', '--login', '-c', '/usr/bin/rpmbuild -bb --target x86_64 --nodeps  /builddir/build/SPECS/sm-api.spec '] with env {'TERM': 'vt100', 'SHELL': '/bin/bash', 'HOME': '/builddir', 'HOSTNAME': 'mock', 'PATH': '/usr/bin:/bin:/usr/sbin:/sbin', 'LANG': 'en_US.UTF-8', 'CCACHE_DIR': '/var/tmp/ccache', 'CCACHE_UMASK': '002'} and shell False
Building target platforms: x86_64
Building for target x86_64
Executing(%prep): /bin/sh -e /var/tmp/rpm-tmp.n3TO5z
+ umask 022
+ cd /builddir/build/BUILD
+ LANG=en_US.UTF-8
+ export LANG
+ unset DISPLAY
+ cd /builddir/build/BUILD
+ rm -rf sm-api-1.0
+ /usr/bin/gzip -dc /builddir/build/SOURCES/sm-api-1.0.tar.gz
+ /usr/bin/tar -xf -
+ STATUS=0
+ '[' 0 -ne 0 ']'
+ cd sm-api-1.0
+ /usr/bin/chmod -Rf a+rX,u+w,g-w,o-w .
Patch #1 (0001-change-sysconfig-dir.patch):
+ echo 'Patch #1 (0001-change-sysconfig-dir.patch):'
+ /usr/bin/cat /builddir/build/SOURCES/0001-change-sysconfig-dir.patch
+ /usr/bin/patch -p1 --fuzz=2
patching file scripts/sm-api.conf
patching file scripts/sm-api.service
patching file scripts/sm_api.ini
+ exit 0
Executing(%build): /bin/sh -e /var/tmp/rpm-tmp.LJtEJy
+ umask 022
+ cd /builddir/build/BUILD
+ cd sm-api-1.0
+ LANG=en_US.UTF-8
+ export LANG
+ unset DISPLAY
+ unset PYTHONOPTIMIZE
+ CFLAGS='-O2 -g -feliminate-unused-debug-types -pipe -Wall -Wp,-D_FORTIFY_SOURCE=2 -fexceptions -fstack-protector --param=ssp-buffer-size=32 -Wformat -Wformat-security -Wl,-z,now,-z,relro,-z,max-page-size=0x1000,-z,separate-code -Wno-error -ftree-vectorize -ftree-slp-vectorize -Wl,--enable-new-dtags -fcf-protection=return -m64 -march=westmere -mtune=haswell -fasynchronous-unwind-tables -fno-omit-frame-pointer -Wp,-D_REENTRANT'
+ export CFLAGS
+ http_proxy=http://127.0.0.1:9/
+ export http_proxy
+ https_proxy=http://127.0.0.1:9/
+ export https_proxy
+ ftp_proxy=http://127.0.0.1:9/
+ export ftp_proxy
+ no_proxy=localhost,127.0.0.1,0.0.0.0
+ export no_proxy
+ CXXFLAGS='-O2 -g -feliminate-unused-debug-types -pipe -Wall -Wp,-D_FORTIFY_SOURCE=2 -fexceptions -fstack-protector --param=ssp-buffer-size=32 -Wformat -Wformat-security -Wl,-z,now,-z,relro,-z,max-page-size=0x1000,-z,separate-code -Wno-error -ftree-vectorize -ftree-slp-vectorize -Wl,--enable-new-dtags -fcf-protection=return -m64 -march=westmere -mtune=haswell -fasynchronous-unwind-tables -fno-omit-frame-pointer -Wp,-D_REENTRANT'
+ export CXXFLAGS
+ FFLAGS='-g -O3 -feliminate-unused-debug-types  -pipe -Wall -Wp,-D_FORTIFY_SOURCE=2 -fexceptions -fstack-protector --param=ssp-buffer-size=32 -m64 -fasynchronous-unwind-tables -Wp,-D_REENTRANT -ftree-loop-distribute-patterns -Wl,-z -Wl,now -Wl,-z -Wl,relro -malign-data=abi -fno-semantic-interposition -ftree-vectorize  -ftree-loop-vectorize -Wl,--enable-new-dtags '
+ export FFLAGS
+ LD_AS_NEEDED=1
+ export LD_AS_NEEDED
+ PKG_CONFIG_LIBDIR=/usr/lib64/pkgconfig
+ export PKG_CONFIG_LIBDIR
+ PATH=/usr/lib64/ccache/bin:/usr/local/bin:/usr/bin
+ export PATH
+ export http_proxy=http://127.0.0.1:9/
+ http_proxy=http://127.0.0.1:9/
+ export https_proxy=http://127.0.0.1:9/
+ https_proxy=http://127.0.0.1:9/
+ export no_proxy=localhost,127.0.0.1,0.0.0.0
+ no_proxy=localhost,127.0.0.1,0.0.0.0
+ export LANG=C.UTF-8
+ LANG=C.UTF-8
+ export SOURCE_DATE_EPOCH=1566378202
+ SOURCE_DATE_EPOCH=1566378202
+ export GCC_IGNORE_WERROR=1
+ GCC_IGNORE_WERROR=1
+ export AR=gcc-ar
+ AR=gcc-ar
+ export RANLIB=gcc-ranlib
+ RANLIB=gcc-ranlib
+ export NM=gcc-nm
+ NM=gcc-nm
+ export 'CFLAGS=-O2 -g -feliminate-unused-debug-types -pipe -Wall -Wp,-D_FORTIFY_SOURCE=2 -fexceptions -fstack-protector --param=ssp-buffer-size=32 -Wformat -Wformat-security -Wl,-z,now,-z,relro,-z,max-page-size=0x1000,-z,separate-code -Wno-error -ftree-vectorize -ftree-slp-vectorize -Wl,--enable-new-dtags -fcf-protection=return -m64 -march=westmere -mtune=haswell -fasynchronous-unwind-tables -fno-omit-frame-pointer -Wp,-D_REENTRANT -O3 -ffat-lto-objects -flto=4 '
+ CFLAGS='-O2 -g -feliminate-unused-debug-types -pipe -Wall -Wp,-D_FORTIFY_SOURCE=2 -fexceptions -fstack-protector --param=ssp-buffer-size=32 -Wformat -Wformat-security -Wl,-z,now,-z,relro,-z,max-page-size=0x1000,-z,separate-code -Wno-error -ftree-vectorize -ftree-slp-vectorize -Wl,--enable-new-dtags -fcf-protection=return -m64 -march=westmere -mtune=haswell -fasynchronous-unwind-tables -fno-omit-frame-pointer -Wp,-D_REENTRANT -O3 -ffat-lto-objects -flto=4 '
+ export 'FCFLAGS=-O2 -g -feliminate-unused-debug-types -pipe -Wall -Wp,-D_FORTIFY_SOURCE=2 -fexceptions -fstack-protector --param=ssp-buffer-size=32 -Wformat -Wformat-security -Wl,-z,now,-z,relro,-z,max-page-size=0x1000,-z,separate-code -Wno-error -ftree-vectorize -ftree-slp-vectorize -Wl,--enable-new-dtags -fcf-protection=return -m64 -march=westmere -mtune=haswell -fasynchronous-unwind-tables -fno-omit-frame-pointer -Wp,-D_REENTRANT -O3 -ffat-lto-objects -flto=4  -O3 -ffat-lto-objects -flto=4 '
+ FCFLAGS='-O2 -g -feliminate-unused-debug-types -pipe -Wall -Wp,-D_FORTIFY_SOURCE=2 -fexceptions -fstack-protector --param=ssp-buffer-size=32 -Wformat -Wformat-security -Wl,-z,now,-z,relro,-z,max-page-size=0x1000,-z,separate-code -Wno-error -ftree-vectorize -ftree-slp-vectorize -Wl,--enable-new-dtags -fcf-protection=return -m64 -march=westmere -mtune=haswell -fasynchronous-unwind-tables -fno-omit-frame-pointer -Wp,-D_REENTRANT -O3 -ffat-lto-objects -flto=4  -O3 -ffat-lto-objects -flto=4 '
+ export 'FFLAGS=-O2 -g -feliminate-unused-debug-types -pipe -Wall -Wp,-D_FORTIFY_SOURCE=2 -fexceptions -fstack-protector --param=ssp-buffer-size=32 -Wformat -Wformat-security -Wl,-z,now,-z,relro,-z,max-page-size=0x1000,-z,separate-code -Wno-error -ftree-vectorize -ftree-slp-vectorize -Wl,--enable-new-dtags -fcf-protection=return -m64 -march=westmere -mtune=haswell -fasynchronous-unwind-tables -fno-omit-frame-pointer -Wp,-D_REENTRANT -O3 -ffat-lto-objects -flto=4  -O3 -ffat-lto-objects -flto=4 '
+ FFLAGS='-O2 -g -feliminate-unused-debug-types -pipe -Wall -Wp,-D_FORTIFY_SOURCE=2 -fexceptions -fstack-protector --param=ssp-buffer-size=32 -Wformat -Wformat-security -Wl,-z,now,-z,relro,-z,max-page-size=0x1000,-z,separate-code -Wno-error -ftree-vectorize -ftree-slp-vectorize -Wl,--enable-new-dtags -fcf-protection=return -m64 -march=westmere -mtune=haswell -fasynchronous-unwind-tables -fno-omit-frame-pointer -Wp,-D_REENTRANT -O3 -ffat-lto-objects -flto=4  -O3 -ffat-lto-objects -flto=4 '
+ export 'CXXFLAGS=-O2 -g -feliminate-unused-debug-types -pipe -Wall -Wp,-D_FORTIFY_SOURCE=2 -fexceptions -fstack-protector --param=ssp-buffer-size=32 -Wformat -Wformat-security -Wl,-z,now,-z,relro,-z,max-page-size=0x1000,-z,separate-code -Wno-error -ftree-vectorize -ftree-slp-vectorize -Wl,--enable-new-dtags -fcf-protection=return -m64 -march=westmere -mtune=haswell -fasynchronous-unwind-tables -fno-omit-frame-pointer -Wp,-D_REENTRANT -O3 -ffat-lto-objects -flto=4 '
+ CXXFLAGS='-O2 -g -feliminate-unused-debug-types -pipe -Wall -Wp,-D_FORTIFY_SOURCE=2 -fexceptions -fstack-protector --param=ssp-buffer-size=32 -Wformat -Wformat-security -Wl,-z,now,-z,relro,-z,max-page-size=0x1000,-z,separate-code -Wno-error -ftree-vectorize -ftree-slp-vectorize -Wl,--enable-new-dtags -fcf-protection=return -m64 -march=westmere -mtune=haswell -fasynchronous-unwind-tables -fno-omit-frame-pointer -Wp,-D_REENTRANT -O3 -ffat-lto-objects -flto=4 '
+ export MAKEFLAGS=-j4
+ MAKEFLAGS=-j4
+ python2 setup.py build -b py2
running build
running build_py
creating py2
creating py2/lib
creating py2/lib/sm_api
copying sm_api/__init__.py -> py2/lib/sm_api
creating py2/lib/sm_api/common
copying sm_api/common/safe_utils.py -> py2/lib/sm_api/common
copying sm_api/common/config.py -> py2/lib/sm_api/common
copying sm_api/common/log.py -> py2/lib/sm_api/common
copying sm_api/common/policy.py -> py2/lib/sm_api/common
copying sm_api/common/exception.py -> py2/lib/sm_api/common
copying sm_api/common/__init__.py -> py2/lib/sm_api/common
copying sm_api/common/context.py -> py2/lib/sm_api/common
copying sm_api/common/utils.py -> py2/lib/sm_api/common
copying sm_api/common/service.py -> py2/lib/sm_api/common
creating py2/lib/sm_api/db
copying sm_api/db/__init__.py -> py2/lib/sm_api/db
copying sm_api/db/migration.py -> py2/lib/sm_api/db
copying sm_api/db/api.py -> py2/lib/sm_api/db
creating py2/lib/sm_api/objects
copying sm_api/objects/smo_servicegroup.py -> py2/lib/sm_api/objects
copying sm_api/objects/smo_sda.py -> py2/lib/sm_api/objects
copying sm_api/objects/smo_service.py -> py2/lib/sm_api/objects
copying sm_api/objects/smo_node.py -> py2/lib/sm_api/objects
copying sm_api/objects/__init__.py -> py2/lib/sm_api/objects
copying sm_api/objects/utils.py -> py2/lib/sm_api/objects
copying sm_api/objects/smo_sgm.py -> py2/lib/sm_api/objects
copying sm_api/objects/base.py -> py2/lib/sm_api/objects
copying sm_api/objects/smo_sdm.py -> py2/lib/sm_api/objects
creating py2/lib/sm_api/api
copying sm_api/api/config.py -> py2/lib/sm_api/api
copying sm_api/api/app.py -> py2/lib/sm_api/api
copying sm_api/api/__init__.py -> py2/lib/sm_api/api
copying sm_api/api/hooks.py -> py2/lib/sm_api/api
copying sm_api/api/acl.py -> py2/lib/sm_api/api
copying sm_api/api/api.py -> py2/lib/sm_api/api
creating py2/lib/sm_api/api/controllers
copying sm_api/api/controllers/root.py -> py2/lib/sm_api/api/controllers
copying sm_api/api/controllers/__init__.py -> py2/lib/sm_api/api/controllers
creating py2/lib/sm_api/api/middleware
copying sm_api/api/middleware/parsable_error.py -> py2/lib/sm_api/api/middleware
copying sm_api/api/middleware/auth_token.py -> py2/lib/sm_api/api/middleware
copying sm_api/api/middleware/__init__.py -> py2/lib/sm_api/api/middleware
creating py2/lib/sm_api/api/controllers/v1
copying sm_api/api/controllers/v1/sm_sda.py -> py2/lib/sm_api/api/controllers/v1
copying sm_api/api/controllers/v1/smc_api.py -> py2/lib/sm_api/api/controllers/v1
copying sm_api/api/controllers/v1/servicenode.py -> py2/lib/sm_api/api/controllers/v1
copying sm_api/api/controllers/v1/nodes.py -> py2/lib/sm_api/api/controllers/v1
copying sm_api/api/controllers/v1/collection.py -> py2/lib/sm_api/api/controllers/v1
copying sm_api/api/controllers/v1/__init__.py -> py2/lib/sm_api/api/controllers/v1
copying sm_api/api/controllers/v1/link.py -> py2/lib/sm_api/api/controllers/v1
copying sm_api/api/controllers/v1/utils.py -> py2/lib/sm_api/api/controllers/v1
copying sm_api/api/controllers/v1/services.py -> py2/lib/sm_api/api/controllers/v1
copying sm_api/api/controllers/v1/service_groups.py -> py2/lib/sm_api/api/controllers/v1
copying sm_api/api/controllers/v1/base.py -> py2/lib/sm_api/api/controllers/v1
creating py2/lib/sm_api/cmd
copying sm_api/cmd/__init__.py -> py2/lib/sm_api/cmd
copying sm_api/cmd/api.py -> py2/lib/sm_api/cmd
creating py2/lib/sm_api/db/sqlalchemy
copying sm_api/db/sqlalchemy/models.py -> py2/lib/sm_api/db/sqlalchemy
copying sm_api/db/sqlalchemy/__init__.py -> py2/lib/sm_api/db/sqlalchemy
copying sm_api/db/sqlalchemy/migration.py -> py2/lib/sm_api/db/sqlalchemy
copying sm_api/db/sqlalchemy/api.py -> py2/lib/sm_api/db/sqlalchemy
creating py2/lib/sm_api/db/sqlalchemy/migrate_repo
copying sm_api/db/sqlalchemy/migrate_repo/__init__.py -> py2/lib/sm_api/db/sqlalchemy/migrate_repo
copying sm_api/db/sqlalchemy/migrate_repo/manage.py -> py2/lib/sm_api/db/sqlalchemy/migrate_repo
creating py2/lib/sm_api/db/sqlalchemy/migrate_repo/versions
copying sm_api/db/sqlalchemy/migrate_repo/versions/001_init.py -> py2/lib/sm_api/db/sqlalchemy/migrate_repo/versions
copying sm_api/db/sqlalchemy/migrate_repo/versions/__init__.py -> py2/lib/sm_api/db/sqlalchemy/migrate_repo/versions
creating py2/lib/sm_api/openstack
copying sm_api/openstack/__init__.py -> py2/lib/sm_api/openstack
creating py2/lib/sm_api/openstack/common
copying sm_api/openstack/common/network_utils.py -> py2/lib/sm_api/openstack/common
copying sm_api/openstack/common/setup.py -> py2/lib/sm_api/openstack/common
copying sm_api/openstack/common/uuidutils.py -> py2/lib/sm_api/openstack/common
copying sm_api/openstack/common/gettextutils.py -> py2/lib/sm_api/openstack/common
copying sm_api/openstack/common/lockutils.py -> py2/lib/sm_api/openstack/common
copying sm_api/openstack/common/eventlet_backdoor.py -> py2/lib/sm_api/openstack/common
copying sm_api/openstack/common/timeutils.py -> py2/lib/sm_api/openstack/common
copying sm_api/openstack/common/excutils.py -> py2/lib/sm_api/openstack/common
copying sm_api/openstack/common/log_handler.py -> py2/lib/sm_api/openstack/common
copying sm_api/openstack/common/processutils.py -> py2/lib/sm_api/openstack/common
copying sm_api/openstack/common/cliutils.py -> py2/lib/sm_api/openstack/common
copying sm_api/openstack/common/strutils.py -> py2/lib/sm_api/openstack/common
copying sm_api/openstack/common/jsonutils.py -> py2/lib/sm_api/openstack/common
copying sm_api/openstack/common/loopingcall.py -> py2/lib/sm_api/openstack/common
copying sm_api/openstack/common/log.py -> py2/lib/sm_api/openstack/common
copying sm_api/openstack/common/policy.py -> py2/lib/sm_api/openstack/common
copying sm_api/openstack/common/fileutils.py -> py2/lib/sm_api/openstack/common
copying sm_api/openstack/common/local.py -> py2/lib/sm_api/openstack/common
copying sm_api/openstack/common/__init__.py -> py2/lib/sm_api/openstack/common
copying sm_api/openstack/common/context.py -> py2/lib/sm_api/openstack/common
copying sm_api/openstack/common/version.py -> py2/lib/sm_api/openstack/common
copying sm_api/openstack/common/service.py -> py2/lib/sm_api/openstack/common
copying sm_api/openstack/common/periodic_task.py -> py2/lib/sm_api/openstack/common
copying sm_api/openstack/common/threadgroup.py -> py2/lib/sm_api/openstack/common
copying sm_api/openstack/common/importutils.py -> py2/lib/sm_api/openstack/common
creating py2/lib/sm_api/openstack/common/db
copying sm_api/openstack/common/db/exception.py -> py2/lib/sm_api/openstack/common/db
copying sm_api/openstack/common/db/__init__.py -> py2/lib/sm_api/openstack/common/db
copying sm_api/openstack/common/db/api.py -> py2/lib/sm_api/openstack/common/db
creating py2/lib/sm_api/openstack/common/db/sqlalchemy
copying sm_api/openstack/common/db/sqlalchemy/models.py -> py2/lib/sm_api/openstack/common/db/sqlalchemy
copying sm_api/openstack/common/db/sqlalchemy/session.py -> py2/lib/sm_api/openstack/common/db/sqlalchemy
copying sm_api/openstack/common/db/sqlalchemy/__init__.py -> py2/lib/sm_api/openstack/common/db/sqlalchemy
copying sm_api/openstack/common/db/sqlalchemy/utils.py -> py2/lib/sm_api/openstack/common/db/sqlalchemy
creating py2/lib/sm_api/openstack/common/rootwrap
copying sm_api/openstack/common/rootwrap/wrapper.py -> py2/lib/sm_api/openstack/common/rootwrap
copying sm_api/openstack/common/rootwrap/filters.py -> py2/lib/sm_api/openstack/common/rootwrap
copying sm_api/openstack/common/rootwrap/__init__.py -> py2/lib/sm_api/openstack/common/rootwrap
copying sm_api/openstack/common/rootwrap/cmd.py -> py2/lib/sm_api/openstack/common/rootwrap
creating py2/lib/sm_api/openstack/common/rpc
copying sm_api/openstack/common/rpc/proxy.py -> py2/lib/sm_api/openstack/common/rpc
copying sm_api/openstack/common/rpc/matchmaker.py -> py2/lib/sm_api/openstack/common/rpc
copying sm_api/openstack/common/rpc/impl_qpid.py -> py2/lib/sm_api/openstack/common/rpc
copying sm_api/openstack/common/rpc/impl_kombu.py -> py2/lib/sm_api/openstack/common/rpc
copying sm_api/openstack/common/rpc/matchmaker_redis.py -> py2/lib/sm_api/openstack/common/rpc
copying sm_api/openstack/common/rpc/matchmaker_ring.py -> py2/lib/sm_api/openstack/common/rpc
copying sm_api/openstack/common/rpc/impl_fake.py -> py2/lib/sm_api/openstack/common/rpc
copying sm_api/openstack/common/rpc/impl_zmq.py -> py2/lib/sm_api/openstack/common/rpc
copying sm_api/openstack/common/rpc/__init__.py -> py2/lib/sm_api/openstack/common/rpc
copying sm_api/openstack/common/rpc/common.py -> py2/lib/sm_api/openstack/common/rpc
copying sm_api/openstack/common/rpc/service.py -> py2/lib/sm_api/openstack/common/rpc
copying sm_api/openstack/common/rpc/zmq_receiver.py -> py2/lib/sm_api/openstack/common/rpc
copying sm_api/openstack/common/rpc/amqp.py -> py2/lib/sm_api/openstack/common/rpc
copying sm_api/openstack/common/rpc/serializer.py -> py2/lib/sm_api/openstack/common/rpc
copying sm_api/openstack/common/rpc/dispatcher.py -> py2/lib/sm_api/openstack/common/rpc
creating py2/lib/sm_api/openstack/common/notifier
copying sm_api/openstack/common/notifier/test_notifier.py -> py2/lib/sm_api/openstack/common/notifier
copying sm_api/openstack/common/notifier/rpc_notifier2.py -> py2/lib/sm_api/openstack/common/notifier
copying sm_api/openstack/common/notifier/rpc_notifier.py -> py2/lib/sm_api/openstack/common/notifier
copying sm_api/openstack/common/notifier/__init__.py -> py2/lib/sm_api/openstack/common/notifier
copying sm_api/openstack/common/notifier/no_op_notifier.py -> py2/lib/sm_api/openstack/common/notifier
copying sm_api/openstack/common/notifier/log_notifier.py -> py2/lib/sm_api/openstack/common/notifier
copying sm_api/openstack/common/notifier/api.py -> py2/lib/sm_api/openstack/common/notifier
package init file 'sm_api/openstack/common/config/__init__.py' not found (or not a regular file)
creating py2/lib/sm_api/openstack/common/config
copying sm_api/openstack/common/config/generator.py -> py2/lib/sm_api/openstack/common/config
creating py2/lib/sm_api/openstack/common/fixture
copying sm_api/openstack/common/fixture/mockpatch.py -> py2/lib/sm_api/openstack/common/fixture
copying sm_api/openstack/common/fixture/__init__.py -> py2/lib/sm_api/openstack/common/fixture
copying sm_api/openstack/common/fixture/moxstubout.py -> py2/lib/sm_api/openstack/common/fixture
+ exit 0
Executing(%install): /bin/sh -e /var/tmp/rpm-tmp.S5xlhA
+ umask 022
+ cd /builddir/build/BUILD
+ cd sm-api-1.0
+ LANG=en_US.UTF-8
+ export LANG
+ unset DISPLAY
+ unset PYTHONOPTIMIZE
+ rm -rf /builddir/build/BUILDROOT/sm-api-1.0-5.x86_64
+ mkdir -p /builddir/build/BUILDROOT/sm-api-1.0-5.x86_64
+ export MAKEFLAGS=-j4
+ MAKEFLAGS=-j4
+ rm -rf /builddir/build/BUILDROOT/sm-api-1.0-5.x86_64
+ python2 -tt setup.py build -b py2 install --root=/builddir/build/BUILDROOT/sm-api-1.0-5.x86_64
running build
running build_py
package init file 'sm_api/openstack/common/config/__init__.py' not found (or not a regular file)
running install
running install_lib
creating /builddir/build/BUILDROOT/sm-api-1.0-5.x86_64
creating /builddir/build/BUILDROOT/sm-api-1.0-5.x86_64/usr
creating /builddir/build/BUILDROOT/sm-api-1.0-5.x86_64/usr/lib
creating /builddir/build/BUILDROOT/sm-api-1.0-5.x86_64/usr/lib/python2.7
creating /builddir/build/BUILDROOT/sm-api-1.0-5.x86_64/usr/lib/python2.7/site-packages
creating /builddir/build/BUILDROOT/sm-api-1.0-5.x86_64/usr/lib/python2.7/site-packages/sm_api
creating /builddir/build/BUILDROOT/sm-api-1.0-5.x86_64/usr/lib/python2.7/site-packages/sm_api/openstack
copying py2/lib/sm_api/openstack/__init__.py -> /builddir/build/BUILDROOT/sm-api-1.0-5.x86_64/usr/lib/python2.7/site-packages/sm_api/openstack
creating /builddir/build/BUILDROOT/sm-api-1.0-5.x86_64/usr/lib/python2.7/site-packages/sm_api/openstack/common
copying py2/lib/sm_api/openstack/common/network_utils.py -> /builddir/build/BUILDROOT/sm-api-1.0-5.x86_64/usr/lib/python2.7/site-packages/sm_api/openstack/common
copying py2/lib/sm_api/openstack/common/setup.py -> /builddir/build/BUILDROOT/sm-api-1.0-5.x86_64/usr/lib/python2.7/site-packages/sm_api/openstack/common
copying py2/lib/sm_api/openstack/common/uuidutils.py -> /builddir/build/BUILDROOT/sm-api-1.0-5.x86_64/usr/lib/python2.7/site-packages/sm_api/openstack/common
copying py2/lib/sm_api/openstack/common/gettextutils.py -> /builddir/build/BUILDROOT/sm-api-1.0-5.x86_64/usr/lib/python2.7/site-packages/sm_api/openstack/common
copying py2/lib/sm_api/openstack/common/lockutils.py -> /builddir/build/BUILDROOT/sm-api-1.0-5.x86_64/usr/lib/python2.7/site-packages/sm_api/openstack/common
creating /builddir/build/BUILDROOT/sm-api-1.0-5.x86_64/usr/lib/python2.7/site-packages/sm_api/openstack/common/db
copying py2/lib/sm_api/openstack/common/db/exception.py -> /builddir/build/BUILDROOT/sm-api-1.0-5.x86_64/usr/lib/python2.7/site-packages/sm_api/openstack/common/db
copying py2/lib/sm_api/openstack/common/db/__init__.py -> /builddir/build/BUILDROOT/sm-api-1.0-5.x86_64/usr/lib/python2.7/site-packages/sm_api/openstack/common/db
creating /builddir/build/BUILDROOT/sm-api-1.0-5.x86_64/usr/lib/python2.7/site-packages/sm_api/openstack/common/db/sqlalchemy
copying py2/lib/sm_api/openstack/common/db/sqlalchemy/models.py -> /builddir/build/BUILDROOT/sm-api-1.0-5.x86_64/usr/lib/python2.7/site-packages/sm_api/openstack/common/db/sqlalchemy
copying py2/lib/sm_api/openstack/common/db/sqlalchemy/session.py -> /builddir/build/BUILDROOT/sm-api-1.0-5.x86_64/usr/lib/python2.7/site-packages/sm_api/openstack/common/db/sqlalchemy
copying py2/lib/sm_api/openstack/common/db/sqlalchemy/__init__.py -> /builddir/build/BUILDROOT/sm-api-1.0-5.x86_64/usr/lib/python2.7/site-packages/sm_api/openstack/common/db/sqlalchemy
copying py2/lib/sm_api/openstack/common/db/sqlalchemy/utils.py -> /builddir/build/BUILDROOT/sm-api-1.0-5.x86_64/usr/lib/python2.7/site-packages/sm_api/openstack/common/db/sqlalchemy
copying py2/lib/sm_api/openstack/common/db/api.py -> /builddir/build/BUILDROOT/sm-api-1.0-5.x86_64/usr/lib/python2.7/site-packages/sm_api/openstack/common/db
creating /builddir/build/BUILDROOT/sm-api-1.0-5.x86_64/usr/lib/python2.7/site-packages/sm_api/openstack/common/rpc
copying py2/lib/sm_api/openstack/common/rpc/proxy.py -> /builddir/build/BUILDROOT/sm-api-1.0-5.x86_64/usr/lib/python2.7/site-packages/sm_api/openstack/common/rpc
copying py2/lib/sm_api/openstack/common/rpc/matchmaker.py -> /builddir/build/BUILDROOT/sm-api-1.0-5.x86_64/usr/lib/python2.7/site-packages/sm_api/openstack/common/rpc
copying py2/lib/sm_api/openstack/common/rpc/impl_qpid.py -> /builddir/build/BUILDROOT/sm-api-1.0-5.x86_64/usr/lib/python2.7/site-packages/sm_api/openstack/common/rpc
copying py2/lib/sm_api/openstack/common/rpc/impl_kombu.py -> /builddir/build/BUILDROOT/sm-api-1.0-5.x86_64/usr/lib/python2.7/site-packages/sm_api/openstack/common/rpc
copying py2/lib/sm_api/openstack/common/rpc/matchmaker_redis.py -> /builddir/build/BUILDROOT/sm-api-1.0-5.x86_64/usr/lib/python2.7/site-packages/sm_api/openstack/common/rpc
copying py2/lib/sm_api/openstack/common/rpc/matchmaker_ring.py -> /builddir/build/BUILDROOT/sm-api-1.0-5.x86_64/usr/lib/python2.7/site-packages/sm_api/openstack/common/rpc
copying py2/lib/sm_api/openstack/common/rpc/impl_fake.py -> /builddir/build/BUILDROOT/sm-api-1.0-5.x86_64/usr/lib/python2.7/site-packages/sm_api/openstack/common/rpc
copying py2/lib/sm_api/openstack/common/rpc/impl_zmq.py -> /builddir/build/BUILDROOT/sm-api-1.0-5.x86_64/usr/lib/python2.7/site-packages/sm_api/openstack/common/rpc
copying py2/lib/sm_api/openstack/common/rpc/__init__.py -> /builddir/build/BUILDROOT/sm-api-1.0-5.x86_64/usr/lib/python2.7/site-packages/sm_api/openstack/common/rpc
copying py2/lib/sm_api/openstack/common/rpc/common.py -> /builddir/build/BUILDROOT/sm-api-1.0-5.x86_64/usr/lib/python2.7/site-packages/sm_api/openstack/common/rpc
copying py2/lib/sm_api/openstack/common/rpc/service.py -> /builddir/build/BUILDROOT/sm-api-1.0-5.x86_64/usr/lib/python2.7/site-packages/sm_api/openstack/common/rpc
copying py2/lib/sm_api/openstack/common/rpc/zmq_receiver.py -> /builddir/build/BUILDROOT/sm-api-1.0-5.x86_64/usr/lib/python2.7/site-packages/sm_api/openstack/common/rpc
copying py2/lib/sm_api/openstack/common/rpc/amqp.py -> /builddir/build/BUILDROOT/sm-api-1.0-5.x86_64/usr/lib/python2.7/site-packages/sm_api/openstack/common/rpc
copying py2/lib/sm_api/openstack/common/rpc/serializer.py -> /builddir/build/BUILDROOT/sm-api-1.0-5.x86_64/usr/lib/python2.7/site-packages/sm_api/openstack/common/rpc
copying py2/lib/sm_api/openstack/common/rpc/dispatcher.py -> /builddir/build/BUILDROOT/sm-api-1.0-5.x86_64/usr/lib/python2.7/site-packages/sm_api/openstack/common/rpc
copying py2/lib/sm_api/openstack/common/eventlet_backdoor.py -> /builddir/build/BUILDROOT/sm-api-1.0-5.x86_64/usr/lib/python2.7/site-packages/sm_api/openstack/common
copying py2/lib/sm_api/openstack/common/timeutils.py -> /builddir/build/BUILDROOT/sm-api-1.0-5.x86_64/usr/lib/python2.7/site-packages/sm_api/openstack/common
copying py2/lib/sm_api/openstack/common/excutils.py -> /builddir/build/BUILDROOT/sm-api-1.0-5.x86_64/usr/lib/python2.7/site-packages/sm_api/openstack/common
copying py2/lib/sm_api/openstack/common/log_handler.py -> /builddir/build/BUILDROOT/sm-api-1.0-5.x86_64/usr/lib/python2.7/site-packages/sm_api/openstack/common
copying py2/lib/sm_api/openstack/common/processutils.py -> /builddir/build/BUILDROOT/sm-api-1.0-5.x86_64/usr/lib/python2.7/site-packages/sm_api/openstack/common
copying py2/lib/sm_api/openstack/common/cliutils.py -> /builddir/build/BUILDROOT/sm-api-1.0-5.x86_64/usr/lib/python2.7/site-packages/sm_api/openstack/common
creating /builddir/build/BUILDROOT/sm-api-1.0-5.x86_64/usr/lib/python2.7/site-packages/sm_api/openstack/common/fixture
copying py2/lib/sm_api/openstack/common/fixture/mockpatch.py -> /builddir/build/BUILDROOT/sm-api-1.0-5.x86_64/usr/lib/python2.7/site-packages/sm_api/openstack/common/fixture
copying py2/lib/sm_api/openstack/common/fixture/__init__.py -> /builddir/build/BUILDROOT/sm-api-1.0-5.x86_64/usr/lib/python2.7/site-packages/sm_api/openstack/common/fixture
copying py2/lib/sm_api/openstack/common/fixture/moxstubout.py -> /builddir/build/BUILDROOT/sm-api-1.0-5.x86_64/usr/lib/python2.7/site-packages/sm_api/openstack/common/fixture
copying py2/lib/sm_api/openstack/common/strutils.py -> /builddir/build/BUILDROOT/sm-api-1.0-5.x86_64/usr/lib/python2.7/site-packages/sm_api/openstack/common
copying py2/lib/sm_api/openstack/common/jsonutils.py -> /builddir/build/BUILDROOT/sm-api-1.0-5.x86_64/usr/lib/python2.7/site-packages/sm_api/openstack/common
copying py2/lib/sm_api/openstack/common/loopingcall.py -> /builddir/build/BUILDROOT/sm-api-1.0-5.x86_64/usr/lib/python2.7/site-packages/sm_api/openstack/common
copying py2/lib/sm_api/openstack/common/log.py -> /builddir/build/BUILDROOT/sm-api-1.0-5.x86_64/usr/lib/python2.7/site-packages/sm_api/openstack/common
copying py2/lib/sm_api/openstack/common/policy.py -> /builddir/build/BUILDROOT/sm-api-1.0-5.x86_64/usr/lib/python2.7/site-packages/sm_api/openstack/common
copying py2/lib/sm_api/openstack/common/fileutils.py -> /builddir/build/BUILDROOT/sm-api-1.0-5.x86_64/usr/lib/python2.7/site-packages/sm_api/openstack/common
copying py2/lib/sm_api/openstack/common/local.py -> /builddir/build/BUILDROOT/sm-api-1.0-5.x86_64/usr/lib/python2.7/site-packages/sm_api/openstack/common
creating /builddir/build/BUILDROOT/sm-api-1.0-5.x86_64/usr/lib/python2.7/site-packages/sm_api/openstack/common/notifier
copying py2/lib/sm_api/openstack/common/notifier/test_notifier.py -> /builddir/build/BUILDROOT/sm-api-1.0-5.x86_64/usr/lib/python2.7/site-packages/sm_api/openstack/common/notifier
copying py2/lib/sm_api/openstack/common/notifier/rpc_notifier2.py -> /builddir/build/BUILDROOT/sm-api-1.0-5.x86_64/usr/lib/python2.7/site-packages/sm_api/openstack/common/notifier
copying py2/lib/sm_api/openstack/common/notifier/rpc_notifier.py -> /builddir/build/BUILDROOT/sm-api-1.0-5.x86_64/usr/lib/python2.7/site-packages/sm_api/openstack/common/notifier
copying py2/lib/sm_api/openstack/common/notifier/__init__.py -> /builddir/build/BUILDROOT/sm-api-1.0-5.x86_64/usr/lib/python2.7/site-packages/sm_api/openstack/common/notifier
copying py2/lib/sm_api/openstack/common/notifier/no_op_notifier.py -> /builddir/build/BUILDROOT/sm-api-1.0-5.x86_64/usr/lib/python2.7/site-packages/sm_api/openstack/common/notifier
copying py2/lib/sm_api/openstack/common/notifier/log_notifier.py -> /builddir/build/BUILDROOT/sm-api-1.0-5.x86_64/usr/lib/python2.7/site-packages/sm_api/openstack/common/notifier
copying py2/lib/sm_api/openstack/common/notifier/api.py -> /builddir/build/BUILDROOT/sm-api-1.0-5.x86_64/usr/lib/python2.7/site-packages/sm_api/openstack/common/notifier
copying py2/lib/sm_api/openstack/common/__init__.py -> /builddir/build/BUILDROOT/sm-api-1.0-5.x86_64/usr/lib/python2.7/site-packages/sm_api/openstack/common
copying py2/lib/sm_api/openstack/common/context.py -> /builddir/build/BUILDROOT/sm-api-1.0-5.x86_64/usr/lib/python2.7/site-packages/sm_api/openstack/common
copying py2/lib/sm_api/openstack/common/version.py -> /builddir/build/BUILDROOT/sm-api-1.0-5.x86_64/usr/lib/python2.7/site-packages/sm_api/openstack/common
copying py2/lib/sm_api/openstack/common/service.py -> /builddir/build/BUILDROOT/sm-api-1.0-5.x86_64/usr/lib/python2.7/site-packages/sm_api/openstack/common
copying py2/lib/sm_api/openstack/common/periodic_task.py -> /builddir/build/BUILDROOT/sm-api-1.0-5.x86_64/usr/lib/python2.7/site-packages/sm_api/openstack/common
creating /builddir/build/BUILDROOT/sm-api-1.0-5.x86_64/usr/lib/python2.7/site-packages/sm_api/openstack/common/rootwrap
copying py2/lib/sm_api/openstack/common/rootwrap/wrapper.py -> /builddir/build/BUILDROOT/sm-api-1.0-5.x86_64/usr/lib/python2.7/site-packages/sm_api/openstack/common/rootwrap
copying py2/lib/sm_api/openstack/common/rootwrap/filters.py -> /builddir/build/BUILDROOT/sm-api-1.0-5.x86_64/usr/lib/python2.7/site-packages/sm_api/openstack/common/rootwrap
copying py2/lib/sm_api/openstack/common/rootwrap/__init__.py -> /builddir/build/BUILDROOT/sm-api-1.0-5.x86_64/usr/lib/python2.7/site-packages/sm_api/openstack/common/rootwrap
copying py2/lib/sm_api/openstack/common/rootwrap/cmd.py -> /builddir/build/BUILDROOT/sm-api-1.0-5.x86_64/usr/lib/python2.7/site-packages/sm_api/openstack/common/rootwrap
copying py2/lib/sm_api/openstack/common/threadgroup.py -> /builddir/build/BUILDROOT/sm-api-1.0-5.x86_64/usr/lib/python2.7/site-packages/sm_api/openstack/common
creating /builddir/build/BUILDROOT/sm-api-1.0-5.x86_64/usr/lib/python2.7/site-packages/sm_api/openstack/common/config
copying py2/lib/sm_api/openstack/common/config/generator.py -> /builddir/build/BUILDROOT/sm-api-1.0-5.x86_64/usr/lib/python2.7/site-packages/sm_api/openstack/common/config
copying py2/lib/sm_api/openstack/common/importutils.py -> /builddir/build/BUILDROOT/sm-api-1.0-5.x86_64/usr/lib/python2.7/site-packages/sm_api/openstack/common
creating /builddir/build/BUILDROOT/sm-api-1.0-5.x86_64/usr/lib/python2.7/site-packages/sm_api/cmd
copying py2/lib/sm_api/cmd/__init__.py -> /builddir/build/BUILDROOT/sm-api-1.0-5.x86_64/usr/lib/python2.7/site-packages/sm_api/cmd
copying py2/lib/sm_api/cmd/api.py -> /builddir/build/BUILDROOT/sm-api-1.0-5.x86_64/usr/lib/python2.7/site-packages/sm_api/cmd
creating /builddir/build/BUILDROOT/sm-api-1.0-5.x86_64/usr/lib/python2.7/site-packages/sm_api/db
copying py2/lib/sm_api/db/__init__.py -> /builddir/build/BUILDROOT/sm-api-1.0-5.x86_64/usr/lib/python2.7/site-packages/sm_api/db
copying py2/lib/sm_api/db/migration.py -> /builddir/build/BUILDROOT/sm-api-1.0-5.x86_64/usr/lib/python2.7/site-packages/sm_api/db
creating /builddir/build/BUILDROOT/sm-api-1.0-5.x86_64/usr/lib/python2.7/site-packages/sm_api/db/sqlalchemy
copying py2/lib/sm_api/db/sqlalchemy/models.py -> /builddir/build/BUILDROOT/sm-api-1.0-5.x86_64/usr/lib/python2.7/site-packages/sm_api/db/sqlalchemy
creating /builddir/build/BUILDROOT/sm-api-1.0-5.x86_64/usr/lib/python2.7/site-packages/sm_api/db/sqlalchemy/migrate_repo
copying py2/lib/sm_api/db/sqlalchemy/migrate_repo/__init__.py -> /builddir/build/BUILDROOT/sm-api-1.0-5.x86_64/usr/lib/python2.7/site-packages/sm_api/db/sqlalchemy/migrate_repo
creating /builddir/build/BUILDROOT/sm-api-1.0-5.x86_64/usr/lib/python2.7/site-packages/sm_api/db/sqlalchemy/migrate_repo/versions
copying py2/lib/sm_api/db/sqlalchemy/migrate_repo/versions/001_init.py -> /builddir/build/BUILDROOT/sm-api-1.0-5.x86_64/usr/lib/python2.7/site-packages/sm_api/db/sqlalchemy/migrate_repo/versions
copying py2/lib/sm_api/db/sqlalchemy/migrate_repo/versions/__init__.py -> /builddir/build/BUILDROOT/sm-api-1.0-5.x86_64/usr/lib/python2.7/site-packages/sm_api/db/sqlalchemy/migrate_repo/versions
copying py2/lib/sm_api/db/sqlalchemy/migrate_repo/manage.py -> /builddir/build/BUILDROOT/sm-api-1.0-5.x86_64/usr/lib/python2.7/site-packages/sm_api/db/sqlalchemy/migrate_repo
copying py2/lib/sm_api/db/sqlalchemy/__init__.py -> /builddir/build/BUILDROOT/sm-api-1.0-5.x86_64/usr/lib/python2.7/site-packages/sm_api/db/sqlalchemy
copying py2/lib/sm_api/db/sqlalchemy/migration.py -> /builddir/build/BUILDROOT/sm-api-1.0-5.x86_64/usr/lib/python2.7/site-packages/sm_api/db/sqlalchemy
copying py2/lib/sm_api/db/sqlalchemy/api.py -> /builddir/build/BUILDROOT/sm-api-1.0-5.x86_64/usr/lib/python2.7/site-packages/sm_api/db/sqlalchemy
copying py2/lib/sm_api/db/api.py -> /builddir/build/BUILDROOT/sm-api-1.0-5.x86_64/usr/lib/python2.7/site-packages/sm_api/db
creating /builddir/build/BUILDROOT/sm-api-1.0-5.x86_64/usr/lib/python2.7/site-packages/sm_api/objects
copying py2/lib/sm_api/objects/smo_servicegroup.py -> /builddir/build/BUILDROOT/sm-api-1.0-5.x86_64/usr/lib/python2.7/site-packages/sm_api/objects
copying py2/lib/sm_api/objects/smo_sda.py -> /builddir/build/BUILDROOT/sm-api-1.0-5.x86_64/usr/lib/python2.7/site-packages/sm_api/objects
copying py2/lib/sm_api/objects/smo_service.py -> /builddir/build/BUILDROOT/sm-api-1.0-5.x86_64/usr/lib/python2.7/site-packages/sm_api/objects
copying py2/lib/sm_api/objects/smo_node.py -> /builddir/build/BUILDROOT/sm-api-1.0-5.x86_64/usr/lib/python2.7/site-packages/sm_api/objects
copying py2/lib/sm_api/objects/__init__.py -> /builddir/build/BUILDROOT/sm-api-1.0-5.x86_64/usr/lib/python2.7/site-packages/sm_api/objects
copying py2/lib/sm_api/objects/utils.py -> /builddir/build/BUILDROOT/sm-api-1.0-5.x86_64/usr/lib/python2.7/site-packages/sm_api/objects
copying py2/lib/sm_api/objects/smo_sgm.py -> /builddir/build/BUILDROOT/sm-api-1.0-5.x86_64/usr/lib/python2.7/site-packages/sm_api/objects
copying py2/lib/sm_api/objects/base.py -> /builddir/build/BUILDROOT/sm-api-1.0-5.x86_64/usr/lib/python2.7/site-packages/sm_api/objects
copying py2/lib/sm_api/objects/smo_sdm.py -> /builddir/build/BUILDROOT/sm-api-1.0-5.x86_64/usr/lib/python2.7/site-packages/sm_api/objects
copying py2/lib/sm_api/__init__.py -> /builddir/build/BUILDROOT/sm-api-1.0-5.x86_64/usr/lib/python2.7/site-packages/sm_api
creating /builddir/build/BUILDROOT/sm-api-1.0-5.x86_64/usr/lib/python2.7/site-packages/sm_api/common
copying py2/lib/sm_api/common/safe_utils.py -> /builddir/build/BUILDROOT/sm-api-1.0-5.x86_64/usr/lib/python2.7/site-packages/sm_api/common
copying py2/lib/sm_api/common/config.py -> /builddir/build/BUILDROOT/sm-api-1.0-5.x86_64/usr/lib/python2.7/site-packages/sm_api/common
copying py2/lib/sm_api/common/log.py -> /builddir/build/BUILDROOT/sm-api-1.0-5.x86_64/usr/lib/python2.7/site-packages/sm_api/common
copying py2/lib/sm_api/common/policy.py -> /builddir/build/BUILDROOT/sm-api-1.0-5.x86_64/usr/lib/python2.7/site-packages/sm_api/common
copying py2/lib/sm_api/common/exception.py -> /builddir/build/BUILDROOT/sm-api-1.0-5.x86_64/usr/lib/python2.7/site-packages/sm_api/common
copying py2/lib/sm_api/common/__init__.py -> /builddir/build/BUILDROOT/sm-api-1.0-5.x86_64/usr/lib/python2.7/site-packages/sm_api/common
copying py2/lib/sm_api/common/context.py -> /builddir/build/BUILDROOT/sm-api-1.0-5.x86_64/usr/lib/python2.7/site-packages/sm_api/common
copying py2/lib/sm_api/common/utils.py -> /builddir/build/BUILDROOT/sm-api-1.0-5.x86_64/usr/lib/python2.7/site-packages/sm_api/common
copying py2/lib/sm_api/common/service.py -> /builddir/build/BUILDROOT/sm-api-1.0-5.x86_64/usr/lib/python2.7/site-packages/sm_api/common
creating /builddir/build/BUILDROOT/sm-api-1.0-5.x86_64/usr/lib/python2.7/site-packages/sm_api/api
copying py2/lib/sm_api/api/config.py -> /builddir/build/BUILDROOT/sm-api-1.0-5.x86_64/usr/lib/python2.7/site-packages/sm_api/api
creating /builddir/build/BUILDROOT/sm-api-1.0-5.x86_64/usr/lib/python2.7/site-packages/sm_api/api/controllers
copying py2/lib/sm_api/api/controllers/root.py -> /builddir/build/BUILDROOT/sm-api-1.0-5.x86_64/usr/lib/python2.7/site-packages/sm_api/api/controllers
creating /builddir/build/BUILDROOT/sm-api-1.0-5.x86_64/usr/lib/python2.7/site-packages/sm_api/api/controllers/v1
copying py2/lib/sm_api/api/controllers/v1/sm_sda.py -> /builddir/build/BUILDROOT/sm-api-1.0-5.x86_64/usr/lib/python2.7/site-packages/sm_api/api/controllers/v1
copying py2/lib/sm_api/api/controllers/v1/smc_api.py -> /builddir/build/BUILDROOT/sm-api-1.0-5.x86_64/usr/lib/python2.7/site-packages/sm_api/api/controllers/v1
copying py2/lib/sm_api/api/controllers/v1/servicenode.py -> /builddir/build/BUILDROOT/sm-api-1.0-5.x86_64/usr/lib/python2.7/site-packages/sm_api/api/controllers/v1
copying py2/lib/sm_api/api/controllers/v1/nodes.py -> /builddir/build/BUILDROOT/sm-api-1.0-5.x86_64/usr/lib/python2.7/site-packages/sm_api/api/controllers/v1
copying py2/lib/sm_api/api/controllers/v1/collection.py -> /builddir/build/BUILDROOT/sm-api-1.0-5.x86_64/usr/lib/python2.7/site-packages/sm_api/api/controllers/v1
copying py2/lib/sm_api/api/controllers/v1/__init__.py -> /builddir/build/BUILDROOT/sm-api-1.0-5.x86_64/usr/lib/python2.7/site-packages/sm_api/api/controllers/v1
copying py2/lib/sm_api/api/controllers/v1/link.py -> /builddir/build/BUILDROOT/sm-api-1.0-5.x86_64/usr/lib/python2.7/site-packages/sm_api/api/controllers/v1
copying py2/lib/sm_api/api/controllers/v1/utils.py -> /builddir/build/BUILDROOT/sm-api-1.0-5.x86_64/usr/lib/python2.7/site-packages/sm_api/api/controllers/v1
copying py2/lib/sm_api/api/controllers/v1/services.py -> /builddir/build/BUILDROOT/sm-api-1.0-5.x86_64/usr/lib/python2.7/site-packages/sm_api/api/controllers/v1
copying py2/lib/sm_api/api/controllers/v1/service_groups.py -> /builddir/build/BUILDROOT/sm-api-1.0-5.x86_64/usr/lib/python2.7/site-packages/sm_api/api/controllers/v1
copying py2/lib/sm_api/api/controllers/v1/base.py -> /builddir/build/BUILDROOT/sm-api-1.0-5.x86_64/usr/lib/python2.7/site-packages/sm_api/api/controllers/v1
copying py2/lib/sm_api/api/controllers/__init__.py -> /builddir/build/BUILDROOT/sm-api-1.0-5.x86_64/usr/lib/python2.7/site-packages/sm_api/api/controllers
copying py2/lib/sm_api/api/app.py -> /builddir/build/BUILDROOT/sm-api-1.0-5.x86_64/usr/lib/python2.7/site-packages/sm_api/api
creating /builddir/build/BUILDROOT/sm-api-1.0-5.x86_64/usr/lib/python2.7/site-packages/sm_api/api/middleware
copying py2/lib/sm_api/api/middleware/parsable_error.py -> /builddir/build/BUILDROOT/sm-api-1.0-5.x86_64/usr/lib/python2.7/site-packages/sm_api/api/middleware
copying py2/lib/sm_api/api/middleware/auth_token.py -> /builddir/build/BUILDROOT/sm-api-1.0-5.x86_64/usr/lib/python2.7/site-packages/sm_api/api/middleware
copying py2/lib/sm_api/api/middleware/__init__.py -> /builddir/build/BUILDROOT/sm-api-1.0-5.x86_64/usr/lib/python2.7/site-packages/sm_api/api/middleware
copying py2/lib/sm_api/api/__init__.py -> /builddir/build/BUILDROOT/sm-api-1.0-5.x86_64/usr/lib/python2.7/site-packages/sm_api/api
copying py2/lib/sm_api/api/hooks.py -> /builddir/build/BUILDROOT/sm-api-1.0-5.x86_64/usr/lib/python2.7/site-packages/sm_api/api
copying py2/lib/sm_api/api/acl.py -> /builddir/build/BUILDROOT/sm-api-1.0-5.x86_64/usr/lib/python2.7/site-packages/sm_api/api
copying py2/lib/sm_api/api/api.py -> /builddir/build/BUILDROOT/sm-api-1.0-5.x86_64/usr/lib/python2.7/site-packages/sm_api/api
byte-compiling /builddir/build/BUILDROOT/sm-api-1.0-5.x86_64/usr/lib/python2.7/site-packages/sm_api/openstack/__init__.py to __init__.pyc
byte-compiling /builddir/build/BUILDROOT/sm-api-1.0-5.x86_64/usr/lib/python2.7/site-packages/sm_api/openstack/common/network_utils.py to network_utils.pyc
byte-compiling /builddir/build/BUILDROOT/sm-api-1.0-5.x86_64/usr/lib/python2.7/site-packages/sm_api/openstack/common/setup.py to setup.pyc
byte-compiling /builddir/build/BUILDROOT/sm-api-1.0-5.x86_64/usr/lib/python2.7/site-packages/sm_api/openstack/common/uuidutils.py to uuidutils.pyc
byte-compiling /builddir/build/BUILDROOT/sm-api-1.0-5.x86_64/usr/lib/python2.7/site-packages/sm_api/openstack/common/gettextutils.py to gettextutils.pyc
byte-compiling /builddir/build/BUILDROOT/sm-api-1.0-5.x86_64/usr/lib/python2.7/site-packages/sm_api/openstack/common/lockutils.py to lockutils.pyc
byte-compiling /builddir/build/BUILDROOT/sm-api-1.0-5.x86_64/usr/lib/python2.7/site-packages/sm_api/openstack/common/db/exception.py to exception.pyc
byte-compiling /builddir/build/BUILDROOT/sm-api-1.0-5.x86_64/usr/lib/python2.7/site-packages/sm_api/openstack/common/db/__init__.py to __init__.pyc
byte-compiling /builddir/build/BUILDROOT/sm-api-1.0-5.x86_64/usr/lib/python2.7/site-packages/sm_api/openstack/common/db/sqlalchemy/models.py to models.pyc
byte-compiling /builddir/build/BUILDROOT/sm-api-1.0-5.x86_64/usr/lib/python2.7/site-packages/sm_api/openstack/common/db/sqlalchemy/session.py to session.pyc
byte-compiling /builddir/build/BUILDROOT/sm-api-1.0-5.x86_64/usr/lib/python2.7/site-packages/sm_api/openstack/common/db/sqlalchemy/__init__.py to __init__.pyc
byte-compiling /builddir/build/BUILDROOT/sm-api-1.0-5.x86_64/usr/lib/python2.7/site-packages/sm_api/openstack/common/db/sqlalchemy/utils.py to utils.pyc
byte-compiling /builddir/build/BUILDROOT/sm-api-1.0-5.x86_64/usr/lib/python2.7/site-packages/sm_api/openstack/common/db/api.py to api.pyc
byte-compiling /builddir/build/BUILDROOT/sm-api-1.0-5.x86_64/usr/lib/python2.7/site-packages/sm_api/openstack/common/rpc/proxy.py to proxy.pyc
byte-compiling /builddir/build/BUILDROOT/sm-api-1.0-5.x86_64/usr/lib/python2.7/site-packages/sm_api/openstack/common/rpc/matchmaker.py to matchmaker.pyc
byte-compiling /builddir/build/BUILDROOT/sm-api-1.0-5.x86_64/usr/lib/python2.7/site-packages/sm_api/openstack/common/rpc/impl_qpid.py to impl_qpid.pyc
byte-compiling /builddir/build/BUILDROOT/sm-api-1.0-5.x86_64/usr/lib/python2.7/site-packages/sm_api/openstack/common/rpc/impl_kombu.py to impl_kombu.pyc
byte-compiling /builddir/build/BUILDROOT/sm-api-1.0-5.x86_64/usr/lib/python2.7/site-packages/sm_api/openstack/common/rpc/matchmaker_redis.py to matchmaker_redis.pyc
byte-compiling /builddir/build/BUILDROOT/sm-api-1.0-5.x86_64/usr/lib/python2.7/site-packages/sm_api/openstack/common/rpc/matchmaker_ring.py to matchmaker_ring.pyc
byte-compiling /builddir/build/BUILDROOT/sm-api-1.0-5.x86_64/usr/lib/python2.7/site-packages/sm_api/openstack/common/rpc/impl_fake.py to impl_fake.pyc
byte-compiling /builddir/build/BUILDROOT/sm-api-1.0-5.x86_64/usr/lib/python2.7/site-packages/sm_api/openstack/common/rpc/impl_zmq.py to impl_zmq.pyc
byte-compiling /builddir/build/BUILDROOT/sm-api-1.0-5.x86_64/usr/lib/python2.7/site-packages/sm_api/openstack/common/rpc/__init__.py to __init__.pyc
byte-compiling /builddir/build/BUILDROOT/sm-api-1.0-5.x86_64/usr/lib/python2.7/site-packages/sm_api/openstack/common/rpc/common.py to common.pyc
byte-compiling /builddir/build/BUILDROOT/sm-api-1.0-5.x86_64/usr/lib/python2.7/site-packages/sm_api/openstack/common/rpc/service.py to service.pyc
byte-compiling /builddir/build/BUILDROOT/sm-api-1.0-5.x86_64/usr/lib/python2.7/site-packages/sm_api/openstack/common/rpc/zmq_receiver.py to zmq_receiver.pyc
byte-compiling /builddir/build/BUILDROOT/sm-api-1.0-5.x86_64/usr/lib/python2.7/site-packages/sm_api/openstack/common/rpc/amqp.py to amqp.pyc
byte-compiling /builddir/build/BUILDROOT/sm-api-1.0-5.x86_64/usr/lib/python2.7/site-packages/sm_api/openstack/common/rpc/serializer.py to serializer.pyc
byte-compiling /builddir/build/BUILDROOT/sm-api-1.0-5.x86_64/usr/lib/python2.7/site-packages/sm_api/openstack/common/rpc/dispatcher.py to dispatcher.pyc
byte-compiling /builddir/build/BUILDROOT/sm-api-1.0-5.x86_64/usr/lib/python2.7/site-packages/sm_api/openstack/common/eventlet_backdoor.py to eventlet_backdoor.pyc
byte-compiling /builddir/build/BUILDROOT/sm-api-1.0-5.x86_64/usr/lib/python2.7/site-packages/sm_api/openstack/common/timeutils.py to timeutils.pyc
byte-compiling /builddir/build/BUILDROOT/sm-api-1.0-5.x86_64/usr/lib/python2.7/site-packages/sm_api/openstack/common/excutils.py to excutils.pyc
byte-compiling /builddir/build/BUILDROOT/sm-api-1.0-5.x86_64/usr/lib/python2.7/site-packages/sm_api/openstack/common/log_handler.py to log_handler.pyc
byte-compiling /builddir/build/BUILDROOT/sm-api-1.0-5.x86_64/usr/lib/python2.7/site-packages/sm_api/openstack/common/processutils.py to processutils.pyc
byte-compiling /builddir/build/BUILDROOT/sm-api-1.0-5.x86_64/usr/lib/python2.7/site-packages/sm_api/openstack/common/cliutils.py to cliutils.pyc
byte-compiling /builddir/build/BUILDROOT/sm-api-1.0-5.x86_64/usr/lib/python2.7/site-packages/sm_api/openstack/common/fixture/mockpatch.py to mockpatch.pyc
byte-compiling /builddir/build/BUILDROOT/sm-api-1.0-5.x86_64/usr/lib/python2.7/site-packages/sm_api/openstack/common/fixture/__init__.py to __init__.pyc
byte-compiling /builddir/build/BUILDROOT/sm-api-1.0-5.x86_64/usr/lib/python2.7/site-packages/sm_api/openstack/common/fixture/moxstubout.py to moxstubout.pyc
byte-compiling /builddir/build/BUILDROOT/sm-api-1.0-5.x86_64/usr/lib/python2.7/site-packages/sm_api/openstack/common/strutils.py to strutils.pyc
byte-compiling /builddir/build/BUILDROOT/sm-api-1.0-5.x86_64/usr/lib/python2.7/site-packages/sm_api/openstack/common/jsonutils.py to jsonutils.pyc
byte-compiling /builddir/build/BUILDROOT/sm-api-1.0-5.x86_64/usr/lib/python2.7/site-packages/sm_api/openstack/common/loopingcall.py to loopingcall.pyc
byte-compiling /builddir/build/BUILDROOT/sm-api-1.0-5.x86_64/usr/lib/python2.7/site-packages/sm_api/openstack/common/log.py to log.pyc
byte-compiling /builddir/build/BUILDROOT/sm-api-1.0-5.x86_64/usr/lib/python2.7/site-packages/sm_api/openstack/common/policy.py to policy.pyc
byte-compiling /builddir/build/BUILDROOT/sm-api-1.0-5.x86_64/usr/lib/python2.7/site-packages/sm_api/openstack/common/fileutils.py to fileutils.pyc
byte-compiling /builddir/build/BUILDROOT/sm-api-1.0-5.x86_64/usr/lib/python2.7/site-packages/sm_api/openstack/common/local.py to local.pyc
byte-compiling /builddir/build/BUILDROOT/sm-api-1.0-5.x86_64/usr/lib/python2.7/site-packages/sm_api/openstack/common/notifier/test_notifier.py to test_notifier.pyc
byte-compiling /builddir/build/BUILDROOT/sm-api-1.0-5.x86_64/usr/lib/python2.7/site-packages/sm_api/openstack/common/notifier/rpc_notifier2.py to rpc_notifier2.pyc
byte-compiling /builddir/build/BUILDROOT/sm-api-1.0-5.x86_64/usr/lib/python2.7/site-packages/sm_api/openstack/common/notifier/rpc_notifier.py to rpc_notifier.pyc
byte-compiling /builddir/build/BUILDROOT/sm-api-1.0-5.x86_64/usr/lib/python2.7/site-packages/sm_api/openstack/common/notifier/__init__.py to __init__.pyc
byte-compiling /builddir/build/BUILDROOT/sm-api-1.0-5.x86_64/usr/lib/python2.7/site-packages/sm_api/openstack/common/notifier/no_op_notifier.py to no_op_notifier.pyc
byte-compiling /builddir/build/BUILDROOT/sm-api-1.0-5.x86_64/usr/lib/python2.7/site-packages/sm_api/openstack/common/notifier/log_notifier.py to log_notifier.pyc
byte-compiling /builddir/build/BUILDROOT/sm-api-1.0-5.x86_64/usr/lib/python2.7/site-packages/sm_api/openstack/common/notifier/api.py to api.pyc
byte-compiling /builddir/build/BUILDROOT/sm-api-1.0-5.x86_64/usr/lib/python2.7/site-packages/sm_api/openstack/common/__init__.py to __init__.pyc
byte-compiling /builddir/build/BUILDROOT/sm-api-1.0-5.x86_64/usr/lib/python2.7/site-packages/sm_api/openstack/common/context.py to context.pyc
byte-compiling /builddir/build/BUILDROOT/sm-api-1.0-5.x86_64/usr/lib/python2.7/site-packages/sm_api/openstack/common/version.py to version.pyc
byte-compiling /builddir/build/BUILDROOT/sm-api-1.0-5.x86_64/usr/lib/python2.7/site-packages/sm_api/openstack/common/service.py to service.pyc
byte-compiling /builddir/build/BUILDROOT/sm-api-1.0-5.x86_64/usr/lib/python2.7/site-packages/sm_api/openstack/common/periodic_task.py to periodic_task.pyc
byte-compiling /builddir/build/BUILDROOT/sm-api-1.0-5.x86_64/usr/lib/python2.7/site-packages/sm_api/openstack/common/rootwrap/wrapper.py to wrapper.pyc
byte-compiling /builddir/build/BUILDROOT/sm-api-1.0-5.x86_64/usr/lib/python2.7/site-packages/sm_api/openstack/common/rootwrap/filters.py to filters.pyc
byte-compiling /builddir/build/BUILDROOT/sm-api-1.0-5.x86_64/usr/lib/python2.7/site-packages/sm_api/openstack/common/rootwrap/__init__.py to __init__.pyc
byte-compiling /builddir/build/BUILDROOT/sm-api-1.0-5.x86_64/usr/lib/python2.7/site-packages/sm_api/openstack/common/rootwrap/cmd.py to cmd.pyc
byte-compiling /builddir/build/BUILDROOT/sm-api-1.0-5.x86_64/usr/lib/python2.7/site-packages/sm_api/openstack/common/threadgroup.py to threadgroup.pyc
byte-compiling /builddir/build/BUILDROOT/sm-api-1.0-5.x86_64/usr/lib/python2.7/site-packages/sm_api/openstack/common/config/generator.py to generator.pyc
byte-compiling /builddir/build/BUILDROOT/sm-api-1.0-5.x86_64/usr/lib/python2.7/site-packages/sm_api/openstack/common/importutils.py to importutils.pyc
byte-compiling /builddir/build/BUILDROOT/sm-api-1.0-5.x86_64/usr/lib/python2.7/site-packages/sm_api/cmd/__init__.py to __init__.pyc
byte-compiling /builddir/build/BUILDROOT/sm-api-1.0-5.x86_64/usr/lib/python2.7/site-packages/sm_api/cmd/api.py to api.pyc
byte-compiling /builddir/build/BUILDROOT/sm-api-1.0-5.x86_64/usr/lib/python2.7/site-packages/sm_api/db/__init__.py to __init__.pyc
byte-compiling /builddir/build/BUILDROOT/sm-api-1.0-5.x86_64/usr/lib/python2.7/site-packages/sm_api/db/migration.py to migration.pyc
byte-compiling /builddir/build/BUILDROOT/sm-api-1.0-5.x86_64/usr/lib/python2.7/site-packages/sm_api/db/sqlalchemy/models.py to models.pyc
byte-compiling /builddir/build/BUILDROOT/sm-api-1.0-5.x86_64/usr/lib/python2.7/site-packages/sm_api/db/sqlalchemy/migrate_repo/__init__.py to __init__.pyc
byte-compiling /builddir/build/BUILDROOT/sm-api-1.0-5.x86_64/usr/lib/python2.7/site-packages/sm_api/db/sqlalchemy/migrate_repo/versions/001_init.py to 001_init.pyc
byte-compiling /builddir/build/BUILDROOT/sm-api-1.0-5.x86_64/usr/lib/python2.7/site-packages/sm_api/db/sqlalchemy/migrate_repo/versions/__init__.py to __init__.pyc
byte-compiling /builddir/build/BUILDROOT/sm-api-1.0-5.x86_64/usr/lib/python2.7/site-packages/sm_api/db/sqlalchemy/migrate_repo/manage.py to manage.pyc
byte-compiling /builddir/build/BUILDROOT/sm-api-1.0-5.x86_64/usr/lib/python2.7/site-packages/sm_api/db/sqlalchemy/__init__.py to __init__.pyc
byte-compiling /builddir/build/BUILDROOT/sm-api-1.0-5.x86_64/usr/lib/python2.7/site-packages/sm_api/db/sqlalchemy/migration.py to migration.pyc
byte-compiling /builddir/build/BUILDROOT/sm-api-1.0-5.x86_64/usr/lib/python2.7/site-packages/sm_api/db/sqlalchemy/api.py to api.pyc
byte-compiling /builddir/build/BUILDROOT/sm-api-1.0-5.x86_64/usr/lib/python2.7/site-packages/sm_api/db/api.py to api.pyc
byte-compiling /builddir/build/BUILDROOT/sm-api-1.0-5.x86_64/usr/lib/python2.7/site-packages/sm_api/objects/smo_servicegroup.py to smo_servicegroup.pyc
byte-compiling /builddir/build/BUILDROOT/sm-api-1.0-5.x86_64/usr/lib/python2.7/site-packages/sm_api/objects/smo_sda.py to smo_sda.pyc
byte-compiling /builddir/build/BUILDROOT/sm-api-1.0-5.x86_64/usr/lib/python2.7/site-packages/sm_api/objects/smo_service.py to smo_service.pyc
byte-compiling /builddir/build/BUILDROOT/sm-api-1.0-5.x86_64/usr/lib/python2.7/site-packages/sm_api/objects/smo_node.py to smo_node.pyc
byte-compiling /builddir/build/BUILDROOT/sm-api-1.0-5.x86_64/usr/lib/python2.7/site-packages/sm_api/objects/__init__.py to __init__.pyc
byte-compiling /builddir/build/BUILDROOT/sm-api-1.0-5.x86_64/usr/lib/python2.7/site-packages/sm_api/objects/utils.py to utils.pyc
byte-compiling /builddir/build/BUILDROOT/sm-api-1.0-5.x86_64/usr/lib/python2.7/site-packages/sm_api/objects/smo_sgm.py to smo_sgm.pyc
byte-compiling /builddir/build/BUILDROOT/sm-api-1.0-5.x86_64/usr/lib/python2.7/site-packages/sm_api/objects/base.py to base.pyc
byte-compiling /builddir/build/BUILDROOT/sm-api-1.0-5.x86_64/usr/lib/python2.7/site-packages/sm_api/objects/smo_sdm.py to smo_sdm.pyc
byte-compiling /builddir/build/BUILDROOT/sm-api-1.0-5.x86_64/usr/lib/python2.7/site-packages/sm_api/__init__.py to __init__.pyc
byte-compiling /builddir/build/BUILDROOT/sm-api-1.0-5.x86_64/usr/lib/python2.7/site-packages/sm_api/common/safe_utils.py to safe_utils.pyc
byte-compiling /builddir/build/BUILDROOT/sm-api-1.0-5.x86_64/usr/lib/python2.7/site-packages/sm_api/common/config.py to config.pyc
byte-compiling /builddir/build/BUILDROOT/sm-api-1.0-5.x86_64/usr/lib/python2.7/site-packages/sm_api/common/log.py to log.pyc
byte-compiling /builddir/build/BUILDROOT/sm-api-1.0-5.x86_64/usr/lib/python2.7/site-packages/sm_api/common/policy.py to policy.pyc
byte-compiling /builddir/build/BUILDROOT/sm-api-1.0-5.x86_64/usr/lib/python2.7/site-packages/sm_api/common/exception.py to exception.pyc
byte-compiling /builddir/build/BUILDROOT/sm-api-1.0-5.x86_64/usr/lib/python2.7/site-packages/sm_api/common/__init__.py to __init__.pyc
byte-compiling /builddir/build/BUILDROOT/sm-api-1.0-5.x86_64/usr/lib/python2.7/site-packages/sm_api/common/context.py to context.pyc
byte-compiling /builddir/build/BUILDROOT/sm-api-1.0-5.x86_64/usr/lib/python2.7/site-packages/sm_api/common/utils.py to utils.pyc
byte-compiling /builddir/build/BUILDROOT/sm-api-1.0-5.x86_64/usr/lib/python2.7/site-packages/sm_api/common/service.py to service.pyc
byte-compiling /builddir/build/BUILDROOT/sm-api-1.0-5.x86_64/usr/lib/python2.7/site-packages/sm_api/api/config.py to config.pyc
byte-compiling /builddir/build/BUILDROOT/sm-api-1.0-5.x86_64/usr/lib/python2.7/site-packages/sm_api/api/controllers/root.py to root.pyc
byte-compiling /builddir/build/BUILDROOT/sm-api-1.0-5.x86_64/usr/lib/python2.7/site-packages/sm_api/api/controllers/v1/sm_sda.py to sm_sda.pyc
byte-compiling /builddir/build/BUILDROOT/sm-api-1.0-5.x86_64/usr/lib/python2.7/site-packages/sm_api/api/controllers/v1/smc_api.py to smc_api.pyc
byte-compiling /builddir/build/BUILDROOT/sm-api-1.0-5.x86_64/usr/lib/python2.7/site-packages/sm_api/api/controllers/v1/servicenode.py to servicenode.pyc
byte-compiling /builddir/build/BUILDROOT/sm-api-1.0-5.x86_64/usr/lib/python2.7/site-packages/sm_api/api/controllers/v1/nodes.py to nodes.pyc
byte-compiling /builddir/build/BUILDROOT/sm-api-1.0-5.x86_64/usr/lib/python2.7/site-packages/sm_api/api/controllers/v1/collection.py to collection.pyc
byte-compiling /builddir/build/BUILDROOT/sm-api-1.0-5.x86_64/usr/lib/python2.7/site-packages/sm_api/api/controllers/v1/__init__.py to __init__.pyc
byte-compiling /builddir/build/BUILDROOT/sm-api-1.0-5.x86_64/usr/lib/python2.7/site-packages/sm_api/api/controllers/v1/link.py to link.pyc
byte-compiling /builddir/build/BUILDROOT/sm-api-1.0-5.x86_64/usr/lib/python2.7/site-packages/sm_api/api/controllers/v1/utils.py to utils.pyc
byte-compiling /builddir/build/BUILDROOT/sm-api-1.0-5.x86_64/usr/lib/python2.7/site-packages/sm_api/api/controllers/v1/services.py to services.pyc
byte-compiling /builddir/build/BUILDROOT/sm-api-1.0-5.x86_64/usr/lib/python2.7/site-packages/sm_api/api/controllers/v1/service_groups.py to service_groups.pyc
byte-compiling /builddir/build/BUILDROOT/sm-api-1.0-5.x86_64/usr/lib/python2.7/site-packages/sm_api/api/controllers/v1/base.py to base.pyc
byte-compiling /builddir/build/BUILDROOT/sm-api-1.0-5.x86_64/usr/lib/python2.7/site-packages/sm_api/api/controllers/__init__.py to __init__.pyc
byte-compiling /builddir/build/BUILDROOT/sm-api-1.0-5.x86_64/usr/lib/python2.7/site-packages/sm_api/api/app.py to app.pyc
byte-compiling /builddir/build/BUILDROOT/sm-api-1.0-5.x86_64/usr/lib/python2.7/site-packages/sm_api/api/middleware/parsable_error.py to parsable_error.pyc
byte-compiling /builddir/build/BUILDROOT/sm-api-1.0-5.x86_64/usr/lib/python2.7/site-packages/sm_api/api/middleware/auth_token.py to auth_token.pyc
byte-compiling /builddir/build/BUILDROOT/sm-api-1.0-5.x86_64/usr/lib/python2.7/site-packages/sm_api/api/middleware/__init__.py to __init__.pyc
byte-compiling /builddir/build/BUILDROOT/sm-api-1.0-5.x86_64/usr/lib/python2.7/site-packages/sm_api/api/__init__.py to __init__.pyc
byte-compiling /builddir/build/BUILDROOT/sm-api-1.0-5.x86_64/usr/lib/python2.7/site-packages/sm_api/api/hooks.py to hooks.pyc
byte-compiling /builddir/build/BUILDROOT/sm-api-1.0-5.x86_64/usr/lib/python2.7/site-packages/sm_api/api/acl.py to acl.pyc
byte-compiling /builddir/build/BUILDROOT/sm-api-1.0-5.x86_64/usr/lib/python2.7/site-packages/sm_api/api/api.py to api.pyc
running install_egg_info
running egg_info
creating sm_api.egg-info
writing sm_api.egg-info/PKG-INFO
writing top-level names to sm_api.egg-info/top_level.txt
writing dependency_links to sm_api.egg-info/dependency_links.txt
writing entry points to sm_api.egg-info/entry_points.txt
writing manifest file 'sm_api.egg-info/SOURCES.txt'
reading manifest file 'sm_api.egg-info/SOURCES.txt'
writing manifest file 'sm_api.egg-info/SOURCES.txt'
Copying sm_api.egg-info to /builddir/build/BUILDROOT/sm-api-1.0-5.x86_64/usr/lib/python2.7/site-packages/sm_api-1.0.0-py2.7.egg-info
running install_scripts
Installing sm-api script to /builddir/build/BUILDROOT/sm-api-1.0-5.x86_64/usr/bin
+ install -d /builddir/build/BUILDROOT/sm-api-1.0-5.x86_64/usr/local/etc/sm
+ install -d /builddir/build/BUILDROOT/sm-api-1.0-5.x86_64/usr/local/etc/init.d
+ install -d /builddir/build/BUILDROOT/sm-api-1.0-5.x86_64/usr/local/etc/pmon.d
+ install -d /builddir/build/BUILDROOT/sm-api-1.0-5.x86_64/usr/local/etc/sm-api
+ install -d /builddir/build/BUILDROOT/sm-api-1.0-5.x86_64/usr/lib/systemd/system
+ install -m 644 /builddir/build/BUILD/sm-api-1.0/scripts/sm_api.ini /builddir/build/BUILDROOT/sm-api-1.0-5.x86_64/usr/local/etc/sm
+ install -m 755 /builddir/build/BUILD/sm-api-1.0/scripts/sm-api /builddir/build/BUILDROOT/sm-api-1.0-5.x86_64/usr/local/etc/init.d
+ install -m 644 /builddir/build/BUILD/sm-api-1.0/scripts/sm-api.service /builddir/build/BUILDROOT/sm-api-1.0-5.x86_64/usr/lib/systemd/system
+ install -m 644 /builddir/build/BUILD/sm-api-1.0/scripts/sm-api.conf /builddir/build/BUILDROOT/sm-api-1.0-5.x86_64/usr/local/etc/pmon.d
+ install -m 644 /builddir/build/BUILD/sm-api-1.0/etc/sm-api/policy.json /builddir/build/BUILDROOT/sm-api-1.0-5.x86_64/usr/local/etc/sm-api
+ rm -f /builddir/build/BUILDROOT/sm-api-1.0-5.x86_64/usr/share/info/dir
++ find /builddir/build/BUILDROOT/sm-api-1.0-5.x86_64 -path 'etc/*' '!' -type d
+ test -z ''
+ rm -rf '/builddir/build/BUILDROOT/sm-api-1.0-5.x86_64/etc/*'
+ rm -rf '/builddir/build/BUILDROOT/sm-api-1.0-5.x86_64/usr/share/factory/*'
+ find /builddir/build/BUILDROOT/sm-api-1.0-5.x86_64 -name __pycache__
+ xargs rm -rf --
+ '[' -d /builddir/build/BUILDROOT/sm-api-1.0-5.x86_64/usr/share/mime ']'
++ getconf _NPROCESSORS_ONLN
+ RPM_XARGS_PFLAG=-P4
+ find /builddir/build/BUILDROOT/sm-api-1.0-5.x86_64 -name '*.so.avx512' -print0
+ xargs -0rtn1 -P4 python /usr/share/clr-avx-tools/avxjudge.py -q -5
+ find /builddir/build/BUILDROOT/sm-api-1.0-5.x86_64/usr/lib64/haswell/avx512_1 -name '*.so*' -print0
find: /builddir/build/BUILDROOT/sm-api-1.0-5.x86_64/usr/lib64/haswell/avx512_1: No such file or directory
+ xargs -0rtn1 -P4 python /usr/share/clr-avx-tools/avxjudge.py -q -2
+ find /builddir/build/BUILDROOT/sm-api-1.0-5.x86_64 -name '*.so.avx2' -print0
+ find /builddir/build/BUILDROOT/sm-api-1.0-5.x86_64/usr/lib64/haswell '!' -path '/usr/lib64/haswell/avx512_1/*' -name '*.so*' -print0
find: /builddir/build/BUILDROOT/sm-api-1.0-5.x86_64/usr/lib64/haswell: No such file or directory
+ find /builddir/build/BUILDROOT/sm-api-1.0-5.x86_64/usr/lib64/ -maxdepth 1 -name '*.so*' -type f -print0
+ xargs -0rtn1 -P4 /usr/lib/rpm/clr/brp-create-abi
+ sort -u
find: /builddir/build/BUILDROOT/sm-api-1.0-5.x86_64/usr/lib64/: No such file or directory
+ /usr/lib/rpm/find-debuginfo.sh --strict-build-id /builddir/build/BUILD/sm-api-1.0
find: debug: No such file or directory
+ '[' -d /builddir/build/BUILDROOT/sm-api-1.0-5.x86_64/usr/lib/debug ']'
+ :
+ '[' -d /builddir/build/BUILDROOT/sm-api-1.0-5.x86_64/usr/lib/debug ']'
+ :
+ '[' -d /builddir/build/BUILDROOT/sm-api-1.0-5.x86_64/usr/src/debug ']'
+ :
+ '[' -d /builddir/build/BUILDROOT/sm-api-1.0-5.x86_64/usr/lib/debug.force ']'
+ :
+ '[' -d /builddir/build/BUILDROOT/sm-api-1.0-5.x86_64/usr/src/debug.force ']'
+ :
+ /usr/lib/rpm/check-buildroot
+ /usr/lib/rpm/clr/brp-strip-static-archive /usr/bin/strip
+ /usr/lib/rpm/clr/brp-strip-comment-note /usr/bin/strip /usr/bin/objdump
+ /usr/lib/rpm/clr/brp-python-bytecompile
+ xargs -0 touch -h -d '@1549052798 '
+ find /builddir/build/BUILDROOT/sm-api-1.0-5.x86_64 -print0
+ /usr/lib/rpm/clr/brp-java-repack-jars
Processing files: sm-api-1.0-5.x86_64
Processing files: sm-api-debuginfo-1.0-5.x86_64
Processing files: sm-api-abi-1.0-5.x86_64
warning: Empty %files file /builddir/build/BUILD/sm-api-1.0/debugfiles.list
warning: Empty %files file /builddir/build/BUILD/sm-api-1.0/abifiles.list
Checking for unpackaged file(s): /usr/lib/rpm/check-files /builddir/build/BUILDROOT/sm-api-1.0-5.x86_64
error: Installed (but unpackaged) file(s) found:
   /usr/bin/sm-api
   /usr/lib/python2.7/site-packages/sm_api-1.0.0-py2.7.egg-info/PKG-INFO
   /usr/lib/python2.7/site-packages/sm_api-1.0.0-py2.7.egg-info/SOURCES.txt
   /usr/lib/python2.7/site-packages/sm_api-1.0.0-py2.7.egg-info/dependency_links.txt
   /usr/lib/python2.7/site-packages/sm_api-1.0.0-py2.7.egg-info/entry_points.txt
   /usr/lib/python2.7/site-packages/sm_api-1.0.0-py2.7.egg-info/top_level.txt
   /usr/lib/python2.7/site-packages/sm_api/__init__.py
   /usr/lib/python2.7/site-packages/sm_api/__init__.pyc
   /usr/lib/python2.7/site-packages/sm_api/api/__init__.py
   /usr/lib/python2.7/site-packages/sm_api/api/__init__.pyc
   /usr/lib/python2.7/site-packages/sm_api/api/acl.py
   /usr/lib/python2.7/site-packages/sm_api/api/acl.pyc
   /usr/lib/python2.7/site-packages/sm_api/api/api.py
   /usr/lib/python2.7/site-packages/sm_api/api/api.pyc
   /usr/lib/python2.7/site-packages/sm_api/api/app.py
   /usr/lib/python2.7/site-packages/sm_api/api/app.pyc
   /usr/lib/python2.7/site-packages/sm_api/api/config.py
   /usr/lib/python2.7/site-packages/sm_api/api/config.pyc
   /usr/lib/python2.7/site-packages/sm_api/api/controllers/__init__.py
   /usr/lib/python2.7/site-packages/sm_api/api/controllers/__init__.pyc
   /usr/lib/python2.7/site-packages/sm_api/api/controllers/root.py
   /usr/lib/python2.7/site-packages/sm_api/api/controllers/root.pyc
   /usr/lib/python2.7/site-packages/sm_api/api/controllers/v1/__init__.py
   /usr/lib/python2.7/site-packages/sm_api/api/controllers/v1/__init__.pyc
   /usr/lib/python2.7/site-packages/sm_api/api/controllers/v1/base.py
   /usr/lib/python2.7/site-packages/sm_api/api/controllers/v1/base.pyc
   /usr/lib/python2.7/site-packages/sm_api/api/controllers/v1/collection.py
   /usr/lib/python2.7/site-packages/sm_api/api/controllers/v1/collection.pyc
   /usr/lib/python2.7/site-packages/sm_api/api/controllers/v1/link.py
   /usr/lib/python2.7/site-packages/sm_api/api/controllers/v1/link.pyc
   /usr/lib/python2.7/site-packages/sm_api/api/controllers/v1/nodes.py
   /usr/lib/python2.7/site-packages/sm_api/api/controllers/v1/nodes.pyc
   /usr/lib/python2.7/site-packages/sm_api/api/controllers/v1/service_groups.py
   /usr/lib/python2.7/site-packages/sm_api/api/controllers/v1/service_groups.pyc
   /usr/lib/python2.7/site-packages/sm_api/api/controllers/v1/servicenode.py
   /usr/lib/python2.7/site-packages/sm_api/api/controllers/v1/servicenode.pyc
   /usr/lib/python2.7/site-packages/sm_api/api/controllers/v1/services.py
   /usr/lib/python2.7/site-packages/sm_api/api/controllers/v1/services.pyc
   /usr/lib/python2.7/site-packages/sm_api/api/controllers/v1/sm_sda.py
   /usr/lib/python2.7/site-packages/sm_api/api/controllers/v1/sm_sda.pyc
   /usr/lib/python2.7/site-packages/sm_api/api/controllers/v1/smc_api.py
   /usr/lib/python2.7/site-packages/sm_api/api/controllers/v1/smc_api.pyc
   /usr/lib/python2.7/site-packages/sm_api/api/controllers/v1/utils.py
   /usr/lib/python2.7/site-packages/sm_api/api/controllers/v1/utils.pyc
   /usr/lib/python2.7/site-packages/sm_api/api/hooks.py
   /usr/lib/python2.7/site-packages/sm_api/api/hooks.pyc
   /usr/lib/python2.7/site-packages/sm_api/api/middleware/__init__.py
   /usr/lib/python2.7/site-packages/sm_api/api/middleware/__init__.pyc
   /usr/lib/python2.7/site-packages/sm_api/api/middleware/auth_token.py
   /usr/lib/python2.7/site-packages/sm_api/api/middleware/auth_token.pyc
   /usr/lib/python2.7/site-packages/sm_api/api/middleware/parsable_error.py
   /usr/lib/python2.7/site-packages/sm_api/api/middleware/parsable_error.pyc
   /usr/lib/python2.7/site-packages/sm_api/cmd/__init__.py
   /usr/lib/python2.7/site-packages/sm_api/cmd/__init__.pyc
   /usr/lib/python2.7/site-packages/sm_api/cmd/api.py
   /usr/lib/python2.7/site-packages/sm_api/cmd/api.pyc
   /usr/lib/python2.7/site-packages/sm_api/common/__init__.py
   /usr/lib/python2.7/site-packages/sm_api/common/__init__.pyc
   /usr/lib/python2.7/site-packages/sm_api/common/config.py
   /usr/lib/python2.7/site-packages/sm_api/common/config.pyc
   /usr/lib/python2.7/site-packages/sm_api/common/context.py
   /usr/lib/python2.7/site-packages/sm_api/common/context.pyc
   /usr/lib/python2.7/site-packages/sm_api/common/exception.py
   /usr/lib/python2.7/site-packages/sm_api/common/exception.pyc
   /usr/lib/python2.7/site-packages/sm_api/common/log.py
   /usr/lib/python2.7/site-packages/sm_api/common/log.pyc
   /usr/lib/python2.7/site-packages/sm_api/common/policy.py
   /usr/lib/python2.7/site-packages/sm_api/common/policy.pyc
   /usr/lib/python2.7/site-packages/sm_api/common/safe_utils.py
   /usr/lib/python2.7/site-packages/sm_api/common/safe_utils.pyc
   /usr/lib/python2.7/site-packages/sm_api/common/service.py
   /usr/lib/python2.7/site-packages/sm_api/common/service.pyc
   /usr/lib/python2.7/site-packages/sm_api/common/utils.py
   /usr/lib/python2.7/site-packages/sm_api/common/utils.pyc
   /usr/lib/python2.7/site-packages/sm_api/db/__init__.py
   /usr/lib/python2.7/site-packages/sm_api/db/__init__.pyc
   /usr/lib/python2.7/site-packages/sm_api/db/api.py
   /usr/lib/python2.7/site-packages/sm_api/db/api.pyc
   /usr/lib/python2.7/site-packages/sm_api/db/migration.py
   /usr/lib/python2.7/site-packages/sm_api/db/migration.pyc
   /usr/lib/python2.7/site-packages/sm_api/db/sqlalchemy/__init__.py
   /usr/lib/python2.7/site-packages/sm_api/db/sqlalchemy/__init__.pyc
   /usr/lib/python2.7/site-packages/sm_api/db/sqlalchemy/api.py
   /usr/lib/python2.7/site-packages/sm_api/db/sqlalchemy/api.pyc
   /usr/lib/python2.7/site-packages/sm_api/db/sqlalchemy/migrate_repo/__init__.py
   /usr/lib/python2.7/site-packages/sm_api/db/sqlalchemy/migrate_repo/__init__.pyc
   /usr/lib/python2.7/site-packages/sm_api/db/sqlalchemy/migrate_repo/manage.py
   /usr/lib/python2.7/site-packages/sm_api/db/sqlalchemy/migrate_repo/manage.pyc
   /usr/lib/python2.7/site-packages/sm_api/db/sqlalchemy/migrate_repo/versions/001_init.py
   /usr/lib/python2.7/site-packages/sm_api/db/sqlalchemy/migrate_repo/versions/001_init.pyc
   /usr/lib/python2.7/site-packages/sm_api/db/sqlalchemy/migrate_repo/versions/__init__.py
   /usr/lib/python2.7/site-packages/sm_api/db/sqlalchemy/migrate_repo/versions/__init__.pyc
   /usr/lib/python2.7/site-packages/sm_api/db/sqlalchemy/migration.py
   /usr/lib/python2.7/site-packages/sm_api/db/sqlalchemy/migration.pyc
   /usr/lib/python2.7/site-packages/sm_api/db/sqlalchemy/models.py
   /usr/lib/python2.7/site-packages/sm_api/db/sqlalchemy/models.pyc
   /usr/lib/python2.7/site-packages/sm_api/objects/__init__.py
   /usr/lib/python2.7/site-packages/sm_api/objects/__init__.pyc
   /usr/lib/python2.7/site-packages/sm_api/objects/base.py
   /usr/lib/python2.7/site-packages/sm_api/objects/base.pyc
   /usr/lib/python2.7/site-packages/sm_api/objects/smo_node.py
   /usr/lib/python2.7/site-packages/sm_api/objects/smo_node.pyc
   /usr/lib/python2.7/site-packages/sm_api/objects/smo_sda.py
   /usr/lib/python2.7/site-packages/sm_api/objects/smo_sda.pyc
   /usr/lib/python2.7/site-packages/sm_api/objects/smo_sdm.py
   /usr/lib/python2.7/site-packages/sm_api/objects/smo_sdm.pyc
   /usr/lib/python2.7/site-packages/sm_api/objects/smo_service.py
   /usr/lib/python2.7/site-packages/sm_api/objects/smo_service.pyc
   /usr/lib/python2.7/site-packages/sm_api/objects/smo_servicegroup.py
   /usr/lib/python2.7/site-packages/sm_api/objects/smo_servicegroup.pyc
   /usr/lib/python2.7/site-packages/sm_api/objects/smo_sgm.py
   /usr/lib/python2.7/site-packages/sm_api/objects/smo_sgm.pyc
   /usr/lib/python2.7/site-packages/sm_api/objects/utils.py
   /usr/lib/python2.7/site-packages/sm_api/objects/utils.pyc
   /usr/lib/python2.7/site-packages/sm_api/openstack/__init__.py
   /usr/lib/python2.7/site-packages/sm_api/openstack/__init__.pyc
   /usr/lib/python2.7/site-packages/sm_api/openstack/common/__init__.py
   /usr/lib/python2.7/site-packages/sm_api/openstack/common/__init__.pyc
   /usr/lib/python2.7/site-packages/sm_api/openstack/common/cliutils.py
   /usr/lib/python2.7/site-packages/sm_api/openstack/common/cliutils.pyc
   /usr/lib/python2.7/site-packages/sm_api/openstack/common/config/generator.py
   /usr/lib/python2.7/site-packages/sm_api/openstack/common/config/generator.pyc
   /usr/lib/python2.7/site-packages/sm_api/openstack/common/context.py
   /usr/lib/python2.7/site-packages/sm_api/openstack/common/context.pyc
   /usr/lib/python2.7/site-packages/sm_api/openstack/common/db/__init__.py
   /usr/lib/python2.7/site-packages/sm_api/openstack/common/db/__init__.pyc
   /usr/lib/python2.7/site-packages/sm_api/openstack/common/db/api.py
   /usr/lib/python2.7/site-packages/sm_api/openstack/common/db/api.pyc
   /usr/lib/python2.7/site-packages/sm_api/openstack/common/db/exception.py
   /usr/lib/python2.7/site-packages/sm_api/openstack/common/db/exception.pyc
   /usr/lib/python2.7/site-packages/sm_api/openstack/common/db/sqlalchemy/__init__.py
   /usr/lib/python2.7/site-packages/sm_api/openstack/common/db/sqlalchemy/__init__.pyc
   /usr/lib/python2.7/site-packages/sm_api/openstack/common/db/sqlalchemy/models.py
   /usr/lib/python2.7/site-packages/sm_api/openstack/common/db/sqlalchemy/models.pyc
   /usr/lib/python2.7/site-packages/sm_api/openstack/common/db/sqlalchemy/session.py
   /usr/lib/python2.7/site-packages/sm_api/openstack/common/db/sqlalchemy/session.pyc
   /usr/lib/python2.7/site-packages/sm_api/openstack/common/db/sqlalchemy/utils.py
   /usr/lib/python2.7/site-packages/sm_api/openstack/common/db/sqlalchemy/utils.pyc
   /usr/lib/python2.7/site-packages/sm_api/openstack/common/eventlet_backdoor.py
   /usr/lib/python2.7/site-packages/sm_api/openstack/common/eventlet_backdoor.pyc
   /usr/lib/python2.7/site-packages/sm_api/openstack/common/excutils.py
   /usr/lib/python2.7/site-packages/sm_api/openstack/common/excutils.pyc
   /usr/lib/python2.7/site-packages/sm_api/openstack/common/fileutils.py
   /usr/lib/python2.7/site-packages/sm_api/openstack/common/fileutils.pyc
   /usr/lib/python2.7/site-packages/sm_api/openstack/common/fixture/__init__.py
   /usr/lib/python2.7/site-packages/sm_api/openstack/common/fixture/__init__.pyc
   /usr/lib/python2.7/site-packages/sm_api/openstack/common/fixture/mockpatch.py
   /usr/lib/python2.7/site-packages/sm_api/openstack/common/fixture/mockpatch.pyc
   /usr/lib/python2.7/site-packages/sm_api/openstack/common/fixture/moxstubout.py
   /usr/lib/python2.7/site-packages/sm_api/openstack/common/fixture/moxstubout.pyc
   /usr/lib/python2.7/site-packages/sm_api/openstack/common/gettextutils.py
   /usr/lib/python2.7/site-packages/sm_api/openstack/common/gettextutils.pyc
   /usr/lib/python2.7/site-packages/sm_api/openstack/common/importutils.py
   /usr/lib/python2.7/site-packages/sm_api/openstack/common/importutils.pyc
   /usr/lib/python2.7/site-packages/sm_api/openstack/common/jsonutils.py
   /usr/lib/python2.7/site-packages/sm_api/openstack/common/jsonutils.pyc
   /usr/lib/python2.7/site-packages/sm_api/openstack/common/local.py
   /usr/lib/python2.7/site-packages/sm_api/openstack/common/local.pyc
   /usr/lib/python2.7/site-packages/sm_api/openstack/common/lockutils.py
   /usr/lib/python2.7/site-packages/sm_api/openstack/common/lockutils.pyc
   /usr/lib/python2.7/site-packages/sm_api/openstack/common/log.py
   /usr/lib/python2.7/site-packages/sm_api/openstack/common/log.pyc
   /usr/lib/python2.7/site-packages/sm_api/openstack/common/log_handler.py
   /usr/lib/python2.7/site-packages/sm_api/openstack/common/log_handler.pyc
   /usr/lib/python2.7/site-packages/sm_api/openstack/common/loopingcall.py
   /usr/lib/python2.7/site-packages/sm_api/openstack/common/loopingcall.pyc
   /usr/lib/python2.7/site-packages/sm_api/openstack/common/network_utils.py
   /usr/lib/python2.7/site-packages/sm_api/openstack/common/network_utils.pyc
   /usr/lib/python2.7/site-packages/sm_api/openstack/common/notifier/__init__.py
   /usr/lib/python2.7/site-packages/sm_api/openstack/common/notifier/__init__.pyc
   /usr/lib/python2.7/site-packages/sm_api/openstack/common/notifier/api.py
   /usr/lib/python2.7/site-packages/sm_api/openstack/common/notifier/api.pyc
   /usr/lib/python2.7/site-packages/sm_api/openstack/common/notifier/log_notifier.py
   /usr/lib/python2.7/site-packages/sm_api/openstack/common/notifier/log_notifier.pyc
   /usr/lib/python2.7/site-packages/sm_api/openstack/common/notifier/no_op_notifier.py
   /usr/lib/python2.7/site-packages/sm_api/openstack/common/notifier/no_op_notifier.pyc
   /usr/lib/python2.7/site-packages/sm_api/openstack/common/notifier/rpc_notifier.py
   /usr/lib/python2.7/site-packages/sm_api/openstack/common/notifier/rpc_notifier.pyc
   /usr/lib/python2.7/site-packages/sm_api/openstack/common/notifier/rpc_notifier2.py
   /usr/lib/python2.7/site-packages/sm_api/openstack/common/notifier/rpc_notifier2.pyc
   /usr/lib/python2.7/site-packages/sm_api/openstack/common/notifier/test_notifier.py
   /usr/lib/python2.7/site-packages/sm_api/openstack/common/notifier/test_notifier.pyc
   /usr/lib/python2.7/site-packages/sm_api/openstack/common/periodic_task.py
   /usr/lib/python2.7/site-packages/sm_api/openstack/common/periodic_task.pyc
   /usr/lib/python2.7/site-packages/sm_api/openstack/common/policy.py
   /usr/lib/python2.7/site-packages/sm_api/openstack/common/policy.pyc
   /usr/lib/python2.7/site-packages/sm_api/openstack/common/processutils.py
   /usr/lib/python2.7/site-packages/sm_api/openstack/common/processutils.pyc
   /usr/lib/python2.7/site-packages/sm_api/openstack/common/rootwrap/__init__.py
   /usr/lib/python2.7/site-packages/sm_api/openstack/common/rootwrap/__init__.pyc
   /usr/lib/python2.7/site-packages/sm_api/openstack/common/rootwrap/cmd.py
   /usr/lib/python2.7/site-packages/sm_api/openstack/common/rootwrap/cmd.pyc
   /usr/lib/python2.7/site-packages/sm_api/openstack/common/rootwrap/filters.py
   /usr/lib/python2.7/site-packages/sm_api/openstack/common/rootwrap/filters.pyc
   /usr/lib/python2.7/site-packages/sm_api/openstack/common/rootwrap/wrapper.py
   /usr/lib/python2.7/site-packages/sm_api/openstack/common/rootwrap/wrapper.pyc
   /usr/lib/python2.7/site-packages/sm_api/openstack/common/rpc/__init__.py
   /usr/lib/python2.7/site-packages/sm_api/openstack/common/rpc/__init__.pyc
   /usr/lib/python2.7/site-packages/sm_api/openstack/common/rpc/amqp.py
   /usr/lib/python2.7/site-packages/sm_api/openstack/common/rpc/amqp.pyc
   /usr/lib/python2.7/site-packages/sm_api/openstack/common/rpc/common.py
   /usr/lib/python2.7/site-packages/sm_api/openstack/common/rpc/common.pyc
   /usr/lib/python2.7/site-packages/sm_api/openstack/common/rpc/dispatcher.py
   /usr/lib/python2.7/site-packages/sm_api/openstack/common/rpc/dispatcher.pyc
   /usr/lib/python2.7/site-packages/sm_api/openstack/common/rpc/impl_fake.py
   /usr/lib/python2.7/site-packages/sm_api/openstack/common/rpc/impl_fake.pyc
   /usr/lib/python2.7/site-packages/sm_api/openstack/common/rpc/impl_kombu.py
   /usr/lib/python2.7/site-packages/sm_api/openstack/common/rpc/impl_kombu.pyc
   /usr/lib/python2.7/site-packages/sm_api/openstack/common/rpc/impl_qpid.py
   /usr/lib/python2.7/site-packages/sm_api/openstack/common/rpc/impl_qpid.pyc
   /usr/lib/python2.7/site-packages/sm_api/openstack/common/rpc/impl_zmq.py
   /usr/lib/python2.7/site-packages/sm_api/openstack/common/rpc/impl_zmq.pyc
   /usr/lib/python2.7/site-packages/sm_api/openstack/common/rpc/matchmaker.py
   /usr/lib/python2.7/site-packages/sm_api/openstack/common/rpc/matchmaker.pyc
   /usr/lib/python2.7/site-packages/sm_api/openstack/common/rpc/matchmaker_redis.py
   /usr/lib/python2.7/site-packages/sm_api/openstack/common/rpc/matchmaker_redis.pyc
   /usr/lib/python2.7/site-packages/sm_api/openstack/common/rpc/matchmaker_ring.py
   /usr/lib/python2.7/site-packages/sm_api/openstack/common/rpc/matchmaker_ring.pyc
   /usr/lib/python2.7/site-packages/sm_api/openstack/common/rpc/proxy.py
   /usr/lib/python2.7/site-packages/sm_api/openstack/common/rpc/proxy.pyc
   /usr/lib/python2.7/site-packages/sm_api/openstack/common/rpc/serializer.py
   /usr/lib/python2.7/site-packages/sm_api/openstack/common/rpc/serializer.pyc
   /usr/lib/python2.7/site-packages/sm_api/openstack/common/rpc/service.py
   /usr/lib/python2.7/site-packages/sm_api/openstack/common/rpc/service.pyc
   /usr/lib/python2.7/site-packages/sm_api/openstack/common/rpc/zmq_receiver.py
   /usr/lib/python2.7/site-packages/sm_api/openstack/common/rpc/zmq_receiver.pyc
   /usr/lib/python2.7/site-packages/sm_api/openstack/common/service.py
   /usr/lib/python2.7/site-packages/sm_api/openstack/common/service.pyc
   /usr/lib/python2.7/site-packages/sm_api/openstack/common/setup.py
   /usr/lib/python2.7/site-packages/sm_api/openstack/common/setup.pyc
   /usr/lib/python2.7/site-packages/sm_api/openstack/common/strutils.py
   /usr/lib/python2.7/site-packages/sm_api/openstack/common/strutils.pyc
   /usr/lib/python2.7/site-packages/sm_api/openstack/common/threadgroup.py
   /usr/lib/python2.7/site-packages/sm_api/openstack/common/threadgroup.pyc
   /usr/lib/python2.7/site-packages/sm_api/openstack/common/timeutils.py
   /usr/lib/python2.7/site-packages/sm_api/openstack/common/timeutils.pyc
   /usr/lib/python2.7/site-packages/sm_api/openstack/common/uuidutils.py
   /usr/lib/python2.7/site-packages/sm_api/openstack/common/uuidutils.pyc
   /usr/lib/python2.7/site-packages/sm_api/openstack/common/version.py
   /usr/lib/python2.7/site-packages/sm_api/openstack/common/version.pyc
   /usr/lib/systemd/system/sm-api.service
   /usr/local/etc/init.d/sm-api
   /usr/local/etc/pmon.d/sm-api.conf
   /usr/local/etc/sm-api/policy.json
   /usr/local/etc/sm/sm_api.ini
    Empty %files file /builddir/build/BUILD/sm-api-1.0/debugfiles.list
    Empty %files file /builddir/build/BUILD/sm-api-1.0/abifiles.list
    Installed (but unpackaged) file(s) found:
   /usr/bin/sm-api
   /usr/lib/python2.7/site-packages/sm_api-1.0.0-py2.7.egg-info/PKG-INFO
   /usr/lib/python2.7/site-packages/sm_api-1.0.0-py2.7.egg-info/SOURCES.txt
   /usr/lib/python2.7/site-packages/sm_api-1.0.0-py2.7.egg-info/dependency_links.txt
   /usr/lib/python2.7/site-packages/sm_api-1.0.0-py2.7.egg-info/entry_points.txt
   /usr/lib/python2.7/site-packages/sm_api-1.0.0-py2.7.egg-info/top_level.txt
   /usr/lib/python2.7/site-packages/sm_api/__init__.py
   /usr/lib/python2.7/site-packages/sm_api/__init__.pyc
   /usr/lib/python2.7/site-packages/sm_api/api/__init__.py
   /usr/lib/python2.7/site-packages/sm_api/api/__init__.pyc
   /usr/lib/python2.7/site-packages/sm_api/api/acl.py
   /usr/lib/python2.7/site-packages/sm_api/api/acl.pyc
   /usr/lib/python2.7/site-packages/sm_api/api/api.py
   /usr/lib/python2.7/site-packages/sm_api/api/api.pyc
   /usr/lib/python2.7/site-packages/sm_api/api/app.py
   /usr/lib/python2.7/site-packages/sm_api/api/app.pyc
   /usr/lib/python2.7/site-packages/sm_api/api/config.py
   /usr/lib/python2.7/site-packages/sm_api/api/config.pyc
   /usr/lib/python2.7/site-packages/sm_api/api/controllers/__init__.py
   /usr/lib/python2.7/site-packages/sm_api/api/controllers/__init__.pyc
   /usr/lib/python2.7/site-packages/sm_api/api/controllers/root.py
   /usr/lib/python2.7/site-packages/sm_api/api/controllers/root.pyc
   /usr/lib/python2.7/site-packages/sm_api/api/controllers/v1/__init__.py
   /usr/lib/python2.7/site-packages/sm_api/api/controllers/v1/__init__.pyc
   /usr/lib/python2.7/site-packages/sm_api/api/controllers/v1/base.py
   /usr/lib/python2.7/site-packages/sm_api/api/controllers/v1/base.pyc
   /usr/lib/python2.7/site-packages/sm_api/api/controllers/v1/collection.py
   /usr/lib/python2.7/site-packages/sm_api/api/controllers/v1/collection.pyc
   /usr/lib/python2.7/site-packages/sm_api/api/controllers/v1/link.py
   /usr/lib/python2.7/site-packages/sm_api/api/controllers/v1/link.pyc
   /usr/lib/python2.7/site-packages/sm_api/api/controllers/v1/nodes.py
   /usr/lib/python2.7/site-packages/sm_api/api/controllers/v1/nodes.pyc
   /usr/lib/python2.7/site-packages/sm_api/api/controllers/v1/service_groups.py
   /usr/lib/python2.7/site-packages/sm_api/api/controllers/v1/service_groups.pyc
   /usr/lib/python2.7/site-packages/sm_api/api/controllers/v1/servicenode.py
   /usr/lib/python2.7/site-packages/sm_api/api/controllers/v1/servicenode.pyc
   /usr/lib/python2.7/site-packages/sm_api/api/controllers/v1/services.py
   /usr/lib/python2.7/site-packages/sm_api/api/controllers/v1/services.pyc
   /usr/lib/python2.7/site-packages/sm_api/api/controllers/v1/sm_sda.py
   /usr/lib/python2.7/site-packages/sm_api/api/controllers/v1/sm_sda.pyc
   /usr/lib/python2.7/site-packages/sm_api/api/controllers/v1/smc_api.py
   /usr/lib/python2.7/site-packages/sm_api/api/controllers/v1/smc_api.pyc
   /usr/lib/python2.7/site-packages/sm_api/api/controllers/v1/utils.py
   /usr/lib/python2.7/site-packages/sm_api/api/controllers/v1/utils.pyc
   /usr/lib/python2.7/site-packages/sm_api/api/hooks.py
   /usr/lib/python2.7/site-packages/sm_api/api/hooks.pyc
   /usr/lib/python2.7/site-packages/sm_api/api/middleware/__init__.py
   /usr/lib/python2.7/site-packages/sm_api/api/middleware/__init__.pyc
   /usr/lib/python2.7/site-packages/sm_api/api/middleware/auth_token.py
   /usr/lib/python2.7/site-packages/sm_api/api/middleware/auth_token.pyc
   /usr/lib/python2.7/site-packages/sm_api/api/middleware/parsable_error.py
   /usr/lib/python2.7/site-packages/sm_api/api/middleware/parsable_error.pyc
   /usr/lib/python2.7/site-packages/sm_api/cmd/__init__.py
   /usr/lib/python2.7/site-packages/sm_api/cmd/__init__.pyc
   /usr/lib/python2.7/site-packages/sm_api/cmd/api.py
   /usr/lib/python2.7/site-packages/sm_api/cmd/api.pyc
   /usr/lib/python2.7/site-packages/sm_api/common/__init__.py
   /usr/lib/python2.7/site-packages/sm_api/common/__init__.pyc
   /usr/lib/python2.7/site-packages/sm_api/common/config.py
   /usr/lib/python2.7/site-packages/sm_api/common/config.pyc
   /usr/lib/python2.7/site-packages/sm_api/common/context.py
   /usr/lib/python2.7/site-packages/sm_api/common/context.pyc
   /usr/lib/python2.7/site-packages/sm_api/common/exception.py
   /usr/lib/python2.7/site-packages/sm_api/common/exception.pyc
   /usr/lib/python2.7/site-packages/sm_api/common/log.py
   /usr/lib/python2.7/site-packages/sm_api/common/log.pyc
   /usr/lib/python2.7/site-packages/sm_api/common/policy.py
   /usr/lib/python2.7/site-packages/sm_api/common/policy.pyc
   /usr/lib/python2.7/site-packages/sm_api/common/safe_utils.py
   /usr/lib/python2.7/site-packages/sm_api/common/safe_utils.pyc
   /usr/lib/python2.7/site-packages/sm_api/common/service.py
   /usr/lib/python2.7/site-packages/sm_api/common/service.pyc
   /usr/lib/python2.7/site-packages/sm_api/common/utils.py
   /usr/lib/python2.7/site-packages/sm_api/common/utils.pyc
   /usr/lib/python2.7/site-packages/sm_api/db/__init__.py
   /usr/lib/python2.7/site-packages/sm_api/db/__init__.pyc
   /usr/lib/python2.7/site-packages/sm_api/db/api.py
   /usr/lib/python2.7/site-packages/sm_api/db/api.pyc
   /usr/lib/python2.7/site-packages/sm_api/db/migration.py
   /usr/lib/python2.7/site-packages/sm_api/db/migration.pyc
   /usr/lib/python2.7/site-packages/sm_api/db/sqlalchemy/__init__.py
   /usr/lib/python2.7/site-packages/sm_api/db/sqlalchemy/__init__.pyc
   /usr/lib/python2.7/site-packages/sm_api/db/sqlalchemy/api.py
   /usr/lib/python2.7/site-packages/sm_api/db/sqlalchemy/api.pyc
   /usr/lib/python2.7/site-packages/sm_api/db/sqlalchemy/migrate_repo/__init__.py
   /usr/lib/python2.7/site-packages/sm_api/db/sqlalchemy/migrate_repo/__init__.pyc
   /usr/lib/python2.7/site-packages/sm_api/db/sqlalchemy/migrate_repo/manage.py
   /usr/lib/python2.7/site-packages/sm_api/db/sqlalchemy/migrate_repo/manage.pyc
   /usr/lib/python2.7/site-packages/sm_api/db/sqlalchemy/migrate_repo/versions/001_init.py
   /usr/lib/python2.7/site-packages/sm_api/db/sqlalchemy/migrate_repo/versions/001_init.pyc
   /usr/lib/python2.7/site-packages/sm_api/db/sqlalchemy/migrate_repo/versions/__init__.py
   /usr/lib/python2.7/site-packages/sm_api/db/sqlalchemy/migrate_repo/versions/__init__.pyc
   /usr/lib/python2.7/site-packages/sm_api/db/sqlalchemy/migration.py
   /usr/lib/python2.7/site-packages/sm_api/db/sqlalchemy/migration.pyc
   /usr/lib/python2.7/site-packages/sm_api/db/sqlalchemy/models.py
   /usr/lib/python2.7/site-packages/sm_api/db/sqlalchemy/models.pyc
   /usr/lib/python2.7/site-packages/sm_api/objects/__init__.py
   /usr/lib/python2.7/site-packages/sm_api/objects/__init__.pyc
   /usr/lib/python2.7/site-packages/sm_api/objects/base.py
   /usr/lib/python2.7/site-packages/sm_api/objects/base.pyc
   /usr/lib/python2.7/site-packages/sm_api/objects/smo_node.py
   /usr/lib/python2.7/site-packages/sm_api/objects/smo_node.pyc
   /usr/lib/python2.7/site-packages/sm_api/objects/smo_sda.py
   /usr/lib/python2.7/site-packages/sm_api/objects/smo_sda.pyc
   /usr/lib/python2.7/site-packages/sm_api/objects/smo_sdm.py
   /usr/lib/python2.7/site-packages/sm_api/objects/smo_sdm.pyc
   /usr/lib/python2.7/site-packages/sm_api/objects/smo_service.py
   /usr/lib/python2.7/site-packages/sm_api/objects/smo_service.pyc
   /usr/lib/python2.7/site-packages/sm_api/objects/smo_servicegroup.py
   /usr/lib/python2.7/site-packages/sm_api/objects/smo_servicegroup.pyc
   /usr/lib/python2.7/site-packages/sm_api/objects/smo_sgm.py
   /usr/lib/python2.7/site-packages/sm_api/objects/smo_sgm.pyc
   /usr/lib/python2.7/site-packages/sm_api/objects/utils.py
   /usr/lib/python2.7/site-packages/sm_api/objects/utils.pyc
   /usr/lib/python2.7/site-packages/sm_api/openstack/__init__.py
   /usr/lib/python2.7/site-packages/sm_api/openstack/__init__.pyc
   /usr/lib/python2.7/site-packages/sm_api/openstack/common/__init__.py
   /usr/lib/python2.7/site-packages/sm_api/openstack/common/__init__.pyc
   /usr/lib/python2.7/site-packages/sm_api/openstack/common/cliutils.py
   /usr/lib/python2.7/site-packages/sm_api/openstack/common/cliutils.pyc
   /usr/lib/python2.7/site-packages/sm_api/openstack/common/config/generator.py
   /usr/lib/python2.7/site-packages/sm_api/openstack/common/config/generator.pyc
   /usr/lib/python2.7/site-packages/sm_api/openstack/common/context.py
   /usr/lib/python2.7/site-packages/sm_api/openstack/common/context.pyc
   /usr/lib/python2.7/site-packages/sm_api/openstack/common/db/__init__.py
   /usr/lib/python2.7/site-packages/sm_api/openstack/common/db/__init__.pyc
   /usr/lib/python2.7/site-packages/sm_api/openstack/common/db/api.py
   /usr/lib/python2.7/site-packages/sm_api/openstack/common/db/api.pyc
   /usr/lib/python2.7/site-packages/sm_api/openstack/common/db/exception.py
   /usr/lib/python2.7/site-packages/sm_api/openstack/common/db/exception.pyc
   /usr/lib/python2.7/site-packages/sm_api/openstack/common/db/sqlalchemy/__init__.py
   /usr/lib/python2.7/site-packages/sm_api/openstack/common/db/sqlalchemy/__init__.pyc
   /usr/lib/python2.7/site-packages/sm_api/openstack/common/db/sqlalchemy/models.py
   /usr/lib/python2.7/site-packages/sm_api/openstack/common/db/sqlalchemy/models.pyc
   /usr/lib/python2.7/site-packages/sm_api/openstack/common/db/sqlalchemy/session.py
   /usr/lib/python2.7/site-packages/sm_api/openstack/common/db/sqlalchemy/session.pyc
   /usr/lib/python2.7/site-packages/sm_api/openstack/common/db/sqlalchemy/utils.py
   /usr/lib/python2.7/site-packages/sm_api/openstack/common/db/sqlalchemy/utils.pyc
   /usr/lib/python2.7/site-packages/sm_api/openstack/common/eventlet_backdoor.py
   /usr/lib/python2.7/site-packages/sm_api/openstack/common/eventlet_backdoor.pyc
   /usr/lib/python2.7/site-packages/sm_api/openstack/common/excutils.py
   /usr/lib/python2.7/site-packages/sm_api/openstack/common/excutils.pyc
   /usr/lib/python2.7/site-packages/sm_api/openstack/common/fileutils.py
   /usr/lib/python2.7/site-packages/sm_api/openstack/common/fileutils.pyc
   /usr/lib/python2.7/site-packages/sm_api/openstack/common/fixture/__init__.py
   /usr/lib/python2.7/site-packages/sm_api/openstack/common/fixture/__init__.pyc
   /usr/lib/python2.7/site-packages/sm_api/openstack/common/fixture/mockpatch.py
   /usr/lib/python2.7/site-packages/sm_api/openstack/common/fixture/mockpatch.pyc
   /usr/lib/python2.7/site-packages/sm_api/openstack/common/fixture/moxstubout.py
   /usr/lib/python2.7/site-packages/sm_api/openstack/common/fixture/moxstubout.pyc
   /usr/lib/python2.7/site-packages/sm_api/openstack/common/gettextutils.py
   /usr/lib/python2.7/site-packages/sm_api/openstack/common/gettextutils.pyc
   /usr/lib/python2.7/site-packages/sm_api/openstack/common/importutils.py
   /usr/lib/python2.7/site-packages/sm_api/openstack/common/importutils.pyc
   /usr/lib/python2.7/site-packages/sm_api/openstack/common/jsonutils.py
   /usr/lib/python2.7/site-packages/sm_api/openstack/common/jsonutils.pyc
   /usr/lib/python2.7/site-packages/sm_api/openstack/common/local.py
   /usr/lib/python2.7/site-packages/sm_api/openstack/common/local.pyc
   /usr/lib/python2.7/site-packages/sm_api/openstack/common/lockutils.py
   /usr/lib/python2.7/site-packages/sm_api/openstack/common/lockutils.pyc
   /usr/lib/python2.7/site-packages/sm_api/openstack/common/log.py
   /usr/lib/python2.7/site-packages/sm_api/openstack/common/log.pyc
   /usr/lib/python2.7/site-packages/sm_api/openstack/common/log_handler.py
   /usr/lib/python2.7/site-packages/sm_api/openstack/common/log_handler.pyc
   /usr/lib/python2.7/site-packages/sm_api/openstack/common/loopingcall.py
   /usr/lib/python2.7/site-packages/sm_api/openstack/common/loopingcall.pyc
   /usr/lib/python2.7/site-packages/sm_api/openstack/common/network_utils.py
   /usr/lib/python2.7/site-packages/sm_api/openstack/common/network_utils.pyc
   /usr/lib/python2.7/site-packages/sm_api/openstack/common/notifier/__init__.py
   /usr/lib/python2.7/site-packages/sm_api/openstack/common/notifier/__init__.pyc
   /usr/lib/python2.7/site-packages/sm_api/openstack/common/notifier/api.py
   /usr/lib/python2.7/site-packages/sm_api/openstack/common/notifier/api.pyc
   /usr/lib/python2.7/site-packages/sm_api/openstack/common/notifier/log_notifier.py
   /usr/lib/python2.7/site-packages/sm_api/openstack/common/notifier/log_notifier.pyc
   /usr/lib/python2.7/site-packages/sm_api/openstack/common/notifier/no_op_notifier.py
   /usr/lib/python2.7/site-packages/sm_api/openstack/common/notifier/no_op_notifier.pyc
   /usr/lib/python2.7/site-packages/sm_api/openstack/common/notifier/rpc_notifier.py
   /usr/lib/python2.7/site-packages/sm_api/openstack/common/notifier/rpc_notifier.pyc
   /usr/lib/python2.7/site-packages/sm_api/openstack/common/notifier/rpc_notifier2.py
   /usr/lib/python2.7/site-packages/sm_api/openstack/common/notifier/rpc_notifier2.pyc
   /usr/lib/python2.7/site-packages/sm_api/openstack/common/notifier/test_notifier.py
   /usr/lib/python2.7/site-packages/sm_api/openstack/common/notifier/test_notifier.pyc
   /usr/lib/python2.7/site-packages/sm_api/openstack/common/periodic_task.py
   /usr/lib/python2.7/site-packages/sm_api/openstack/common/periodic_task.pyc
   /usr/lib/python2.7/site-packages/sm_api/openstack/common/policy.py
   /usr/lib/python2.7/site-packages/sm_api/openstack/common/policy.pyc
   /usr/lib/python2.7/site-packages/sm_api/openstack/common/processutils.py
   /usr/lib/python2.7/site-packages/sm_api/openstack/common/processutils.pyc
   /usr/lib/python2.7/site-packages/sm_api/openstack/common/rootwrap/__init__.py
   /usr/lib/python2.7/site-packages/sm_api/openstack/common/rootwrap/__init__.pyc
   /usr/lib/python2.7/site-packages/sm_api/openstack/common/rootwrap/cmd.py
   /usr/lib/python2.7/site-packages/sm_api/openstack/common/rootwrap/cmd.pyc
   /usr/lib/python2.7/site-packages/sm_api/openstack/common/rootwrap/filters.py
   /usr/lib/python2.7/site-packages/sm_api/openstack/common/rootwrap/filters.pyc
   /usr/lib/python2.7/site-packages/sm_api/openstack/common/rootwrap/wrapper.py
   /usr/lib/python2.7/site-packages/sm_api/openstack/common/rootwrap/wrapper.pyc
   /usr/lib/python2.7/site-packages/sm_api/openstack/common/rpc/__init__.py
   /usr/lib/python2.7/site-packages/sm_api/openstack/common/rpc/__init__.pyc
   /usr/lib/python2.7/site-packages/sm_api/openstack/common/rpc/amqp.py
   /usr/lib/python2.7/site-packages/sm_api/openstack/common/rpc/amqp.pyc
   /usr/lib/python2.7/site-packages/sm_api/openstack/common/rpc/common.py
   /usr/lib/python2.7/site-packages/sm_api/openstack/common/rpc/common.pyc
   /usr/lib/python2.7/site-packages/sm_api/openstack/common/rpc/dispatcher.py
   /usr/lib/python2.7/site-packages/sm_api/openstack/common/rpc/dispatcher.pyc
   /usr/lib/python2.7/site-packages/sm_api/openstack/common/rpc/impl_fake.py
   /usr/lib/python2.7/site-packages/sm_api/openstack/common/rpc/impl_fake.pyc
   /usr/lib/python2.7/site-packages/sm_api/openstack/common/rpc/impl_kombu.py
   /usr/lib/python2.7/site-packages/sm_api/openstack/common/rpc/impl_kombu.pyc
   /usr/lib/python2.7/site-packages/sm_api/openstack/common/rpc/impl_qpid.py
   /usr/lib/python2.7/site-packages/sm_api/openstack/common/rpc/impl_qpid.pyc
   /usr/lib/python2.7/site-packages/sm_api/openstack/common/rpc/impl_zmq.py
   /usr/lib/python2.7/site-packages/sm_api/openstack/common/rpc/impl_zmq.pyc
   /usr/lib/python2.7/site-packages/sm_api/openstack/common/rpc/matchmaker.py
   /usr/lib/python2.7/site-packages/sm_api/openstack/common/rpc/matchmaker.pyc
   /usr/lib/python2.7/site-packages/sm_api/openstack/common/rpc/matchmaker_redis.py
   /usr/lib/python2.7/site-packages/sm_api/openstack/common/rpc/matchmaker_redis.pyc
   /usr/lib/python2.7/site-packages/sm_api/openstack/common/rpc/matchmaker_ring.py
   /usr/lib/python2.7/site-packages/sm_api/openstack/common/rpc/matchmaker_ring.pyc
   /usr/lib/python2.7/site-packages/sm_api/openstack/common/rpc/proxy.py
   /usr/lib/python2.7/site-packages/sm_api/openstack/common/rpc/proxy.pyc
   /usr/lib/python2.7/site-packages/sm_api/openstack/common/rpc/serializer.py
   /usr/lib/python2.7/site-packages/sm_api/openstack/common/rpc/serializer.pyc
   /usr/lib/python2.7/site-packages/sm_api/openstack/common/rpc/service.py
   /usr/lib/python2.7/site-packages/sm_api/openstack/common/rpc/service.pyc
   /usr/lib/python2.7/site-packages/sm_api/openstack/common/rpc/zmq_receiver.py
   /usr/lib/python2.7/site-packages/sm_api/openstack/common/rpc/zmq_receiver.pyc
   /usr/lib/python2.7/site-packages/sm_api/openstack/common/service.py
   /usr/lib/python2.7/site-packages/sm_api/openstack/common/service.pyc
   /usr/lib/python2.7/site-packages/sm_api/openstack/common/setup.py
   /usr/lib/python2.7/site-packages/sm_api/openstack/common/setup.pyc
   /usr/lib/python2.7/site-packages/sm_api/openstack/common/strutils.py
   /usr/lib/python2.7/site-packages/sm_api/openstack/common/strutils.pyc
   /usr/lib/python2.7/site-packages/sm_api/openstack/common/threadgroup.py
   /usr/lib/python2.7/site-packages/sm_api/openstack/common/threadgroup.pyc
   /usr/lib/python2.7/site-packages/sm_api/openstack/common/timeutils.py
   /usr/lib/python2.7/site-packages/sm_api/openstack/common/timeutils.pyc
   /usr/lib/python2.7/site-packages/sm_api/openstack/common/uuidutils.py
   /usr/lib/python2.7/site-packages/sm_api/openstack/common/uuidutils.pyc
   /usr/lib/python2.7/site-packages/sm_api/openstack/common/version.py
   /usr/lib/python2.7/site-packages/sm_api/openstack/common/version.pyc
   /usr/lib/systemd/system/sm-api.service
   /usr/local/etc/init.d/sm-api
   /usr/local/etc/pmon.d/sm-api.conf
   /usr/local/etc/sm-api/policy.json
   /usr/local/etc/sm/sm_api.ini
RPM build errors:
Child return code was: 1
EXCEPTION: Command failed. See logs for output.
 # bash --login -c /usr/bin/rpmbuild -bb --target x86_64 --nodeps  /builddir/build/SPECS/sm-api.spec 
Traceback (most recent call last):
  File "/usr/lib/python3.7/site-packages/mockbuild/trace_decorator.py", line 84, in trace
    result = func(*args, **kw)
  File "/usr/lib/python3.7/site-packages/mockbuild/util.py", line 531, in do
    raise exception.Error("Command failed. See logs for output.\n # %s" % (command,), child.returncode)
mockbuild.exception.Error: Command failed. See logs for output.
 # bash --login -c /usr/bin/rpmbuild -bb --target x86_64 --nodeps  /builddir/build/SPECS/sm-api.spec 
LEAVE do --> EXCEPTION RAISED

