2019-08-21 17:03:26,239 - Mock Version: 1.2.14
2019-08-21 17:03:26,484 - Start: dnf update
2019-08-21 17:03:37,507 - Finish: dnf update
2019-08-21 17:03:37,513 - Finish: chroot init
2019-08-21 17:03:37,516 - Start: buildsrpm
2019-08-21 17:03:37,525 - Start: rpmbuild -bs
2019-08-21 17:03:37,568 - Finish: rpmbuild -bs
2019-08-21 17:03:37,570 - Finish: buildsrpm
2019-08-21 17:03:37,570 - Finish: run
2019-08-21 17:03:40,713 - Mock Version: 1.2.14
2019-08-21 17:03:40,970 - Start: dnf update
2019-08-21 17:03:51,381 - Finish: dnf update
2019-08-21 17:03:51,387 - Finish: chroot init
2019-08-21 17:03:51,388 - Start: build phase for sm-api-1.0-5.src.rpm
2019-08-21 17:03:51,390 - Start: build setup for sm-api-1.0-5.src.rpm
2019-08-21 17:03:52,745 - Finish: build setup for sm-api-1.0-5.src.rpm
2019-08-21 17:03:52,745 - Start: rpmbuild sm-api-1.0-5.src.rpm
2019-08-21 17:03:57,628 - Mock Version: 1.2.14
2019-08-21 17:03:57,878 - Start: dnf update
2019-08-21 17:04:08,769 - Finish: dnf update
2019-08-21 17:04:08,774 - Finish: chroot init
2019-08-21 17:04:08,777 - Start: buildsrpm
2019-08-21 17:04:08,787 - Start: rpmbuild -bs
2019-08-21 17:04:08,828 - Finish: rpmbuild -bs
2019-08-21 17:04:08,830 - Finish: buildsrpm
2019-08-21 17:04:08,831 - Finish: run
2019-08-21 17:04:11,953 - Mock Version: 1.2.14
2019-08-21 17:04:12,215 - Start: dnf update
2019-08-21 17:04:22,589 - Finish: dnf update
2019-08-21 17:04:22,596 - Finish: chroot init
2019-08-21 17:04:22,598 - Start: build phase for sm-api-1.0-5.src.rpm
2019-08-21 17:04:22,600 - Start: build setup for sm-api-1.0-5.src.rpm
2019-08-21 17:04:23,957 - Finish: build setup for sm-api-1.0-5.src.rpm
2019-08-21 17:04:23,957 - Start: rpmbuild sm-api-1.0-5.src.rpm
2019-08-21 17:04:26,488 - Finish: rpmbuild sm-api-1.0-5.src.rpm
2019-08-21 17:04:26,490 - Finish: build phase for sm-api-1.0-5.src.rpm
2019-08-21 17:04:26,490 - Finish: run
