Mock Version: 1.2.14
ENTER do(['bash', '--login', '-c', '/usr/bin/rpmbuild -bs --target x86_64 --nodeps /builddir/build/SPECS/python-aodhclient.spec'], chrootPath='/var/lib/mock/clear-python-aodhclient/root'env={'TERM': 'vt100', 'SHELL': '/bin/bash', 'HOME': '/builddir', 'HOSTNAME': 'mock', 'PATH': '/usr/bin:/bin:/usr/sbin:/sbin', 'LANG': 'en_US.UTF-8', 'CCACHE_DIR': '/var/tmp/ccache', 'CCACHE_UMASK': '002'}shell=Falselogger=<mockbuild.trace_decorator.getLog object at 0x7fa8de8c7d90>timeout=0uid=1000gid=1000user='mockbuild'printOutput=False)
Executing command: ['bash', '--login', '-c', '/usr/bin/rpmbuild -bs --target x86_64 --nodeps /builddir/build/SPECS/python-aodhclient.spec'] with env {'TERM': 'vt100', 'SHELL': '/bin/bash', 'HOME': '/builddir', 'HOSTNAME': 'mock', 'PATH': '/usr/bin:/bin:/usr/sbin:/sbin', 'LANG': 'en_US.UTF-8', 'CCACHE_DIR': '/var/tmp/ccache', 'CCACHE_UMASK': '002'} and shell False
Building target platforms: x86_64
Building for target x86_64
Wrote: /builddir/build/SRPMS/python-aodhclient-1.2.0-1.src.rpm
Child return code was: 0
LEAVE do --> 

ENTER do(['bash', '--login', '-c', '/usr/bin/rpmbuild -bb --target x86_64 --nodeps  /builddir/build/SPECS/python-aodhclient.spec '], chrootPath='/var/lib/mock/clear-python-aodhclient/root'env={'TERM': 'vt100', 'SHELL': '/bin/bash', 'HOME': '/builddir', 'HOSTNAME': 'mock', 'PATH': '/usr/bin:/bin:/usr/sbin:/sbin', 'LANG': 'en_US.UTF-8', 'CCACHE_DIR': '/var/tmp/ccache', 'CCACHE_UMASK': '002'}shell=Falselogger=<mockbuild.trace_decorator.getLog object at 0x7fa8de8c7d90>timeout=0uid=1000gid=1000user='mockbuild'private_network=TrueprintOutput=False)
Executing command: ['bash', '--login', '-c', '/usr/bin/rpmbuild -bb --target x86_64 --nodeps  /builddir/build/SPECS/python-aodhclient.spec '] with env {'TERM': 'vt100', 'SHELL': '/bin/bash', 'HOME': '/builddir', 'HOSTNAME': 'mock', 'PATH': '/usr/bin:/bin:/usr/sbin:/sbin', 'LANG': 'en_US.UTF-8', 'CCACHE_DIR': '/var/tmp/ccache', 'CCACHE_UMASK': '002'} and shell False
Building target platforms: x86_64
Building for target x86_64
Executing(%prep): /bin/sh -e /var/tmp/rpm-tmp.XQ5k3s
+ umask 022
+ cd /builddir/build/BUILD
+ LANG=en_US.UTF-8
+ export LANG
+ unset DISPLAY
+ cd /builddir/build/BUILD
+ rm -rf aodhclient-1.2.0
+ /usr/bin/gzip -dc /builddir/build/SOURCES/aodhclient-1.2.0.tar.gz
+ /usr/bin/tar -xf -
+ STATUS=0
+ '[' 0 -ne 0 ']'
+ cd aodhclient-1.2.0
+ /usr/bin/chmod -Rf a+rX,u+w,g-w,o-w .
+ exit 0
Executing(%build): /bin/sh -e /var/tmp/rpm-tmp.Fobrgw
+ umask 022
+ cd /builddir/build/BUILD
+ cd aodhclient-1.2.0
+ LANG=en_US.UTF-8
+ export LANG
+ unset DISPLAY
+ unset PYTHONOPTIMIZE
+ CFLAGS='-O2 -g -feliminate-unused-debug-types -pipe -Wall -Wp,-D_FORTIFY_SOURCE=2 -fexceptions -fstack-protector --param=ssp-buffer-size=32 -Wformat -Wformat-security -Wl,-z,now,-z,relro,-z,max-page-size=0x1000,-z,separate-code -Wno-error -ftree-vectorize -ftree-slp-vectorize -Wl,--enable-new-dtags -fcf-protection=return -m64 -march=westmere -mtune=haswell -fasynchronous-unwind-tables -fno-omit-frame-pointer -Wp,-D_REENTRANT'
+ export CFLAGS
+ http_proxy=http://127.0.0.1:9/
+ export http_proxy
+ https_proxy=http://127.0.0.1:9/
+ export https_proxy
+ ftp_proxy=http://127.0.0.1:9/
+ export ftp_proxy
+ no_proxy=localhost,127.0.0.1,0.0.0.0
+ export no_proxy
+ CXXFLAGS='-O2 -g -feliminate-unused-debug-types -pipe -Wall -Wp,-D_FORTIFY_SOURCE=2 -fexceptions -fstack-protector --param=ssp-buffer-size=32 -Wformat -Wformat-security -Wl,-z,now,-z,relro,-z,max-page-size=0x1000,-z,separate-code -Wno-error -ftree-vectorize -ftree-slp-vectorize -Wl,--enable-new-dtags -fcf-protection=return -m64 -march=westmere -mtune=haswell -fasynchronous-unwind-tables -fno-omit-frame-pointer -Wp,-D_REENTRANT'
+ export CXXFLAGS
+ FFLAGS='-g -O3 -feliminate-unused-debug-types  -pipe -Wall -Wp,-D_FORTIFY_SOURCE=2 -fexceptions -fstack-protector --param=ssp-buffer-size=32 -m64 -fasynchronous-unwind-tables -Wp,-D_REENTRANT -ftree-loop-distribute-patterns -Wl,-z -Wl,now -Wl,-z -Wl,relro -malign-data=abi -fno-semantic-interposition -ftree-vectorize  -ftree-loop-vectorize -Wl,--enable-new-dtags '
+ export FFLAGS
+ LD_AS_NEEDED=1
+ export LD_AS_NEEDED
+ PKG_CONFIG_LIBDIR=/usr/lib64/pkgconfig
+ export PKG_CONFIG_LIBDIR
+ PATH=/usr/lib64/ccache/bin:/usr/local/bin:/usr/bin
+ export PATH
+ export PBR_VERSION=1.2.0
+ PBR_VERSION=1.2.0
+ export http_proxy=http://127.0.0.1:9/
+ http_proxy=http://127.0.0.1:9/
+ export https_proxy=http://127.0.0.1:9/
+ https_proxy=http://127.0.0.1:9/
+ export no_proxy=localhost,127.0.0.1,0.0.0.0
+ no_proxy=localhost,127.0.0.1,0.0.0.0
+ export LANG=C.UTF-8
+ LANG=C.UTF-8
+ export SOURCE_DATE_EPOCH=1569205914
+ SOURCE_DATE_EPOCH=1569205914
+ export GCC_IGNORE_WERROR=1
+ GCC_IGNORE_WERROR=1
+ export AR=gcc-ar
+ AR=gcc-ar
+ export RANLIB=gcc-ranlib
+ RANLIB=gcc-ranlib
+ export NM=gcc-nm
+ NM=gcc-nm
+ export 'CFLAGS=-O2 -g -feliminate-unused-debug-types -pipe -Wall -Wp,-D_FORTIFY_SOURCE=2 -fexceptions -fstack-protector --param=ssp-buffer-size=32 -Wformat -Wformat-security -Wl,-z,now,-z,relro,-z,max-page-size=0x1000,-z,separate-code -Wno-error -ftree-vectorize -ftree-slp-vectorize -Wl,--enable-new-dtags -fcf-protection=return -m64 -march=westmere -mtune=haswell -fasynchronous-unwind-tables -fno-omit-frame-pointer -Wp,-D_REENTRANT -O3 -ffat-lto-objects -flto=4 '
+ CFLAGS='-O2 -g -feliminate-unused-debug-types -pipe -Wall -Wp,-D_FORTIFY_SOURCE=2 -fexceptions -fstack-protector --param=ssp-buffer-size=32 -Wformat -Wformat-security -Wl,-z,now,-z,relro,-z,max-page-size=0x1000,-z,separate-code -Wno-error -ftree-vectorize -ftree-slp-vectorize -Wl,--enable-new-dtags -fcf-protection=return -m64 -march=westmere -mtune=haswell -fasynchronous-unwind-tables -fno-omit-frame-pointer -Wp,-D_REENTRANT -O3 -ffat-lto-objects -flto=4 '
+ export 'FCFLAGS=-O2 -g -feliminate-unused-debug-types -pipe -Wall -Wp,-D_FORTIFY_SOURCE=2 -fexceptions -fstack-protector --param=ssp-buffer-size=32 -Wformat -Wformat-security -Wl,-z,now,-z,relro,-z,max-page-size=0x1000,-z,separate-code -Wno-error -ftree-vectorize -ftree-slp-vectorize -Wl,--enable-new-dtags -fcf-protection=return -m64 -march=westmere -mtune=haswell -fasynchronous-unwind-tables -fno-omit-frame-pointer -Wp,-D_REENTRANT -O3 -ffat-lto-objects -flto=4  -O3 -ffat-lto-objects -flto=4 '
+ FCFLAGS='-O2 -g -feliminate-unused-debug-types -pipe -Wall -Wp,-D_FORTIFY_SOURCE=2 -fexceptions -fstack-protector --param=ssp-buffer-size=32 -Wformat -Wformat-security -Wl,-z,now,-z,relro,-z,max-page-size=0x1000,-z,separate-code -Wno-error -ftree-vectorize -ftree-slp-vectorize -Wl,--enable-new-dtags -fcf-protection=return -m64 -march=westmere -mtune=haswell -fasynchronous-unwind-tables -fno-omit-frame-pointer -Wp,-D_REENTRANT -O3 -ffat-lto-objects -flto=4  -O3 -ffat-lto-objects -flto=4 '
+ export 'FFLAGS=-O2 -g -feliminate-unused-debug-types -pipe -Wall -Wp,-D_FORTIFY_SOURCE=2 -fexceptions -fstack-protector --param=ssp-buffer-size=32 -Wformat -Wformat-security -Wl,-z,now,-z,relro,-z,max-page-size=0x1000,-z,separate-code -Wno-error -ftree-vectorize -ftree-slp-vectorize -Wl,--enable-new-dtags -fcf-protection=return -m64 -march=westmere -mtune=haswell -fasynchronous-unwind-tables -fno-omit-frame-pointer -Wp,-D_REENTRANT -O3 -ffat-lto-objects -flto=4  -O3 -ffat-lto-objects -flto=4 '
+ FFLAGS='-O2 -g -feliminate-unused-debug-types -pipe -Wall -Wp,-D_FORTIFY_SOURCE=2 -fexceptions -fstack-protector --param=ssp-buffer-size=32 -Wformat -Wformat-security -Wl,-z,now,-z,relro,-z,max-page-size=0x1000,-z,separate-code -Wno-error -ftree-vectorize -ftree-slp-vectorize -Wl,--enable-new-dtags -fcf-protection=return -m64 -march=westmere -mtune=haswell -fasynchronous-unwind-tables -fno-omit-frame-pointer -Wp,-D_REENTRANT -O3 -ffat-lto-objects -flto=4  -O3 -ffat-lto-objects -flto=4 '
+ export 'CXXFLAGS=-O2 -g -feliminate-unused-debug-types -pipe -Wall -Wp,-D_FORTIFY_SOURCE=2 -fexceptions -fstack-protector --param=ssp-buffer-size=32 -Wformat -Wformat-security -Wl,-z,now,-z,relro,-z,max-page-size=0x1000,-z,separate-code -Wno-error -ftree-vectorize -ftree-slp-vectorize -Wl,--enable-new-dtags -fcf-protection=return -m64 -march=westmere -mtune=haswell -fasynchronous-unwind-tables -fno-omit-frame-pointer -Wp,-D_REENTRANT -O3 -ffat-lto-objects -flto=4 '
+ CXXFLAGS='-O2 -g -feliminate-unused-debug-types -pipe -Wall -Wp,-D_FORTIFY_SOURCE=2 -fexceptions -fstack-protector --param=ssp-buffer-size=32 -Wformat -Wformat-security -Wl,-z,now,-z,relro,-z,max-page-size=0x1000,-z,separate-code -Wno-error -ftree-vectorize -ftree-slp-vectorize -Wl,--enable-new-dtags -fcf-protection=return -m64 -march=westmere -mtune=haswell -fasynchronous-unwind-tables -fno-omit-frame-pointer -Wp,-D_REENTRANT -O3 -ffat-lto-objects -flto=4 '
+ export MAKEFLAGS=-j4
+ MAKEFLAGS=-j4
+ python3 setup.py build
running build
running build_py
creating build
creating build/lib
creating build/lib/aodhclient
copying aodhclient/exceptions.py -> build/lib/aodhclient
copying aodhclient/i18n.py -> build/lib/aodhclient
copying aodhclient/noauth.py -> build/lib/aodhclient
copying aodhclient/__init__.py -> build/lib/aodhclient
copying aodhclient/client.py -> build/lib/aodhclient
copying aodhclient/utils.py -> build/lib/aodhclient
copying aodhclient/osc.py -> build/lib/aodhclient
copying aodhclient/shell.py -> build/lib/aodhclient
creating build/lib/aodhclient/tests
copying aodhclient/tests/__init__.py -> build/lib/aodhclient/tests
creating build/lib/aodhclient/tests/functional
copying aodhclient/tests/functional/test_alarm_history.py -> build/lib/aodhclient/tests/functional
copying aodhclient/tests/functional/__init__.py -> build/lib/aodhclient/tests/functional
copying aodhclient/tests/functional/test_alarm.py -> build/lib/aodhclient/tests/functional
copying aodhclient/tests/functional/test_capabilities.py -> build/lib/aodhclient/tests/functional
copying aodhclient/tests/functional/base.py -> build/lib/aodhclient/tests/functional
creating build/lib/aodhclient/tests/unit
copying aodhclient/tests/unit/test_exceptions.py -> build/lib/aodhclient/tests/unit
copying aodhclient/tests/unit/test_shell.py -> build/lib/aodhclient/tests/unit
copying aodhclient/tests/unit/test_alarm_history.py -> build/lib/aodhclient/tests/unit
copying aodhclient/tests/unit/test_utils.py -> build/lib/aodhclient/tests/unit
copying aodhclient/tests/unit/test_alarm_cli.py -> build/lib/aodhclient/tests/unit
copying aodhclient/tests/unit/__init__.py -> build/lib/aodhclient/tests/unit
copying aodhclient/tests/unit/test_alarm_manager.py -> build/lib/aodhclient/tests/unit
creating build/lib/aodhclient/v2
copying aodhclient/v2/capabilities.py -> build/lib/aodhclient/v2
copying aodhclient/v2/capabilities_cli.py -> build/lib/aodhclient/v2
copying aodhclient/v2/alarm.py -> build/lib/aodhclient/v2
copying aodhclient/v2/__init__.py -> build/lib/aodhclient/v2
copying aodhclient/v2/client.py -> build/lib/aodhclient/v2
copying aodhclient/v2/alarm_history.py -> build/lib/aodhclient/v2
copying aodhclient/v2/alarm_history_cli.py -> build/lib/aodhclient/v2
copying aodhclient/v2/alarm_cli.py -> build/lib/aodhclient/v2
copying aodhclient/v2/base.py -> build/lib/aodhclient/v2
running egg_info
creating aodhclient.egg-info
writing aodhclient.egg-info/PKG-INFO
writing dependency_links to aodhclient.egg-info/dependency_links.txt
writing entry points to aodhclient.egg-info/entry_points.txt
writing requirements to aodhclient.egg-info/requires.txt
writing top-level names to aodhclient.egg-info/top_level.txt
[pbr] Processing SOURCES.txt
writing manifest file 'aodhclient.egg-info/SOURCES.txt'
warning: no files found matching 'AUTHORS'
warning: no files found matching 'ChangeLog'
warning: no previously-included files found matching '.gitignore'
warning: no previously-included files found matching '.gitreview'
warning: no previously-included files matching '*.pyc' found anywhere in distribution
writing manifest file 'aodhclient.egg-info/SOURCES.txt'
+ exit 0
Executing(%install): /bin/sh -e /var/tmp/rpm-tmp.TPQc8s
+ umask 022
+ cd /builddir/build/BUILD
+ cd aodhclient-1.2.0
+ LANG=en_US.UTF-8
+ export LANG
+ unset DISPLAY
+ unset PYTHONOPTIMIZE
+ rm -rf /builddir/build/BUILDROOT/python-aodhclient-1.2.0-1.x86_64
+ mkdir -p /builddir/build/BUILDROOT/python-aodhclient-1.2.0-1.x86_64
+ export MAKEFLAGS=-j4
+ MAKEFLAGS=-j4
+ rm -rf /builddir/build/BUILDROOT/python-aodhclient-1.2.0-1.x86_64
+ export PBR_VERSION=1.2.0
+ PBR_VERSION=1.2.0
+ python3 -tt setup.py build install --root=/builddir/build/BUILDROOT/python-aodhclient-1.2.0-1.x86_64
running build
running build_py
running egg_info
writing aodhclient.egg-info/PKG-INFO
writing dependency_links to aodhclient.egg-info/dependency_links.txt
writing entry points to aodhclient.egg-info/entry_points.txt
writing requirements to aodhclient.egg-info/requires.txt
writing top-level names to aodhclient.egg-info/top_level.txt
[pbr] Reusing existing SOURCES.txt
running install
[pbr] Generating AUTHORS
[pbr] AUTHORS complete (0.0s)
running install_lib
creating /builddir/build/BUILDROOT/python-aodhclient-1.2.0-1.x86_64
creating /builddir/build/BUILDROOT/python-aodhclient-1.2.0-1.x86_64/usr
creating /builddir/build/BUILDROOT/python-aodhclient-1.2.0-1.x86_64/usr/lib
creating /builddir/build/BUILDROOT/python-aodhclient-1.2.0-1.x86_64/usr/lib/python3.7
creating /builddir/build/BUILDROOT/python-aodhclient-1.2.0-1.x86_64/usr/lib/python3.7/site-packages
creating /builddir/build/BUILDROOT/python-aodhclient-1.2.0-1.x86_64/usr/lib/python3.7/site-packages/aodhclient
copying build/lib/aodhclient/exceptions.py -> /builddir/build/BUILDROOT/python-aodhclient-1.2.0-1.x86_64/usr/lib/python3.7/site-packages/aodhclient
copying build/lib/aodhclient/i18n.py -> /builddir/build/BUILDROOT/python-aodhclient-1.2.0-1.x86_64/usr/lib/python3.7/site-packages/aodhclient
copying build/lib/aodhclient/noauth.py -> /builddir/build/BUILDROOT/python-aodhclient-1.2.0-1.x86_64/usr/lib/python3.7/site-packages/aodhclient
copying build/lib/aodhclient/__init__.py -> /builddir/build/BUILDROOT/python-aodhclient-1.2.0-1.x86_64/usr/lib/python3.7/site-packages/aodhclient
copying build/lib/aodhclient/client.py -> /builddir/build/BUILDROOT/python-aodhclient-1.2.0-1.x86_64/usr/lib/python3.7/site-packages/aodhclient
copying build/lib/aodhclient/utils.py -> /builddir/build/BUILDROOT/python-aodhclient-1.2.0-1.x86_64/usr/lib/python3.7/site-packages/aodhclient
creating /builddir/build/BUILDROOT/python-aodhclient-1.2.0-1.x86_64/usr/lib/python3.7/site-packages/aodhclient/tests
copying build/lib/aodhclient/tests/__init__.py -> /builddir/build/BUILDROOT/python-aodhclient-1.2.0-1.x86_64/usr/lib/python3.7/site-packages/aodhclient/tests
creating /builddir/build/BUILDROOT/python-aodhclient-1.2.0-1.x86_64/usr/lib/python3.7/site-packages/aodhclient/tests/functional
copying build/lib/aodhclient/tests/functional/test_alarm_history.py -> /builddir/build/BUILDROOT/python-aodhclient-1.2.0-1.x86_64/usr/lib/python3.7/site-packages/aodhclient/tests/functional
copying build/lib/aodhclient/tests/functional/__init__.py -> /builddir/build/BUILDROOT/python-aodhclient-1.2.0-1.x86_64/usr/lib/python3.7/site-packages/aodhclient/tests/functional
copying build/lib/aodhclient/tests/functional/test_alarm.py -> /builddir/build/BUILDROOT/python-aodhclient-1.2.0-1.x86_64/usr/lib/python3.7/site-packages/aodhclient/tests/functional
copying build/lib/aodhclient/tests/functional/test_capabilities.py -> /builddir/build/BUILDROOT/python-aodhclient-1.2.0-1.x86_64/usr/lib/python3.7/site-packages/aodhclient/tests/functional
copying build/lib/aodhclient/tests/functional/base.py -> /builddir/build/BUILDROOT/python-aodhclient-1.2.0-1.x86_64/usr/lib/python3.7/site-packages/aodhclient/tests/functional
creating /builddir/build/BUILDROOT/python-aodhclient-1.2.0-1.x86_64/usr/lib/python3.7/site-packages/aodhclient/tests/unit
copying build/lib/aodhclient/tests/unit/test_exceptions.py -> /builddir/build/BUILDROOT/python-aodhclient-1.2.0-1.x86_64/usr/lib/python3.7/site-packages/aodhclient/tests/unit
copying build/lib/aodhclient/tests/unit/test_shell.py -> /builddir/build/BUILDROOT/python-aodhclient-1.2.0-1.x86_64/usr/lib/python3.7/site-packages/aodhclient/tests/unit
copying build/lib/aodhclient/tests/unit/test_alarm_history.py -> /builddir/build/BUILDROOT/python-aodhclient-1.2.0-1.x86_64/usr/lib/python3.7/site-packages/aodhclient/tests/unit
copying build/lib/aodhclient/tests/unit/test_utils.py -> /builddir/build/BUILDROOT/python-aodhclient-1.2.0-1.x86_64/usr/lib/python3.7/site-packages/aodhclient/tests/unit
copying build/lib/aodhclient/tests/unit/test_alarm_cli.py -> /builddir/build/BUILDROOT/python-aodhclient-1.2.0-1.x86_64/usr/lib/python3.7/site-packages/aodhclient/tests/unit
copying build/lib/aodhclient/tests/unit/__init__.py -> /builddir/build/BUILDROOT/python-aodhclient-1.2.0-1.x86_64/usr/lib/python3.7/site-packages/aodhclient/tests/unit
copying build/lib/aodhclient/tests/unit/test_alarm_manager.py -> /builddir/build/BUILDROOT/python-aodhclient-1.2.0-1.x86_64/usr/lib/python3.7/site-packages/aodhclient/tests/unit
creating /builddir/build/BUILDROOT/python-aodhclient-1.2.0-1.x86_64/usr/lib/python3.7/site-packages/aodhclient/v2
copying build/lib/aodhclient/v2/capabilities.py -> /builddir/build/BUILDROOT/python-aodhclient-1.2.0-1.x86_64/usr/lib/python3.7/site-packages/aodhclient/v2
copying build/lib/aodhclient/v2/capabilities_cli.py -> /builddir/build/BUILDROOT/python-aodhclient-1.2.0-1.x86_64/usr/lib/python3.7/site-packages/aodhclient/v2
copying build/lib/aodhclient/v2/alarm.py -> /builddir/build/BUILDROOT/python-aodhclient-1.2.0-1.x86_64/usr/lib/python3.7/site-packages/aodhclient/v2
copying build/lib/aodhclient/v2/__init__.py -> /builddir/build/BUILDROOT/python-aodhclient-1.2.0-1.x86_64/usr/lib/python3.7/site-packages/aodhclient/v2
copying build/lib/aodhclient/v2/client.py -> /builddir/build/BUILDROOT/python-aodhclient-1.2.0-1.x86_64/usr/lib/python3.7/site-packages/aodhclient/v2
copying build/lib/aodhclient/v2/alarm_history.py -> /builddir/build/BUILDROOT/python-aodhclient-1.2.0-1.x86_64/usr/lib/python3.7/site-packages/aodhclient/v2
copying build/lib/aodhclient/v2/alarm_history_cli.py -> /builddir/build/BUILDROOT/python-aodhclient-1.2.0-1.x86_64/usr/lib/python3.7/site-packages/aodhclient/v2
copying build/lib/aodhclient/v2/alarm_cli.py -> /builddir/build/BUILDROOT/python-aodhclient-1.2.0-1.x86_64/usr/lib/python3.7/site-packages/aodhclient/v2
copying build/lib/aodhclient/v2/base.py -> /builddir/build/BUILDROOT/python-aodhclient-1.2.0-1.x86_64/usr/lib/python3.7/site-packages/aodhclient/v2
copying build/lib/aodhclient/osc.py -> /builddir/build/BUILDROOT/python-aodhclient-1.2.0-1.x86_64/usr/lib/python3.7/site-packages/aodhclient
copying build/lib/aodhclient/shell.py -> /builddir/build/BUILDROOT/python-aodhclient-1.2.0-1.x86_64/usr/lib/python3.7/site-packages/aodhclient
byte-compiling /builddir/build/BUILDROOT/python-aodhclient-1.2.0-1.x86_64/usr/lib/python3.7/site-packages/aodhclient/exceptions.py to exceptions.cpython-37.pyc
byte-compiling /builddir/build/BUILDROOT/python-aodhclient-1.2.0-1.x86_64/usr/lib/python3.7/site-packages/aodhclient/i18n.py to i18n.cpython-37.pyc
byte-compiling /builddir/build/BUILDROOT/python-aodhclient-1.2.0-1.x86_64/usr/lib/python3.7/site-packages/aodhclient/noauth.py to noauth.cpython-37.pyc
byte-compiling /builddir/build/BUILDROOT/python-aodhclient-1.2.0-1.x86_64/usr/lib/python3.7/site-packages/aodhclient/__init__.py to __init__.cpython-37.pyc
byte-compiling /builddir/build/BUILDROOT/python-aodhclient-1.2.0-1.x86_64/usr/lib/python3.7/site-packages/aodhclient/client.py to client.cpython-37.pyc
byte-compiling /builddir/build/BUILDROOT/python-aodhclient-1.2.0-1.x86_64/usr/lib/python3.7/site-packages/aodhclient/utils.py to utils.cpython-37.pyc
byte-compiling /builddir/build/BUILDROOT/python-aodhclient-1.2.0-1.x86_64/usr/lib/python3.7/site-packages/aodhclient/tests/__init__.py to __init__.cpython-37.pyc
byte-compiling /builddir/build/BUILDROOT/python-aodhclient-1.2.0-1.x86_64/usr/lib/python3.7/site-packages/aodhclient/tests/functional/test_alarm_history.py to test_alarm_history.cpython-37.pyc
byte-compiling /builddir/build/BUILDROOT/python-aodhclient-1.2.0-1.x86_64/usr/lib/python3.7/site-packages/aodhclient/tests/functional/__init__.py to __init__.cpython-37.pyc
byte-compiling /builddir/build/BUILDROOT/python-aodhclient-1.2.0-1.x86_64/usr/lib/python3.7/site-packages/aodhclient/tests/functional/test_alarm.py to test_alarm.cpython-37.pyc
byte-compiling /builddir/build/BUILDROOT/python-aodhclient-1.2.0-1.x86_64/usr/lib/python3.7/site-packages/aodhclient/tests/functional/test_capabilities.py to test_capabilities.cpython-37.pyc
byte-compiling /builddir/build/BUILDROOT/python-aodhclient-1.2.0-1.x86_64/usr/lib/python3.7/site-packages/aodhclient/tests/functional/base.py to base.cpython-37.pyc
byte-compiling /builddir/build/BUILDROOT/python-aodhclient-1.2.0-1.x86_64/usr/lib/python3.7/site-packages/aodhclient/tests/unit/test_exceptions.py to test_exceptions.cpython-37.pyc
byte-compiling /builddir/build/BUILDROOT/python-aodhclient-1.2.0-1.x86_64/usr/lib/python3.7/site-packages/aodhclient/tests/unit/test_shell.py to test_shell.cpython-37.pyc
byte-compiling /builddir/build/BUILDROOT/python-aodhclient-1.2.0-1.x86_64/usr/lib/python3.7/site-packages/aodhclient/tests/unit/test_alarm_history.py to test_alarm_history.cpython-37.pyc
byte-compiling /builddir/build/BUILDROOT/python-aodhclient-1.2.0-1.x86_64/usr/lib/python3.7/site-packages/aodhclient/tests/unit/test_utils.py to test_utils.cpython-37.pyc
byte-compiling /builddir/build/BUILDROOT/python-aodhclient-1.2.0-1.x86_64/usr/lib/python3.7/site-packages/aodhclient/tests/unit/test_alarm_cli.py to test_alarm_cli.cpython-37.pyc
byte-compiling /builddir/build/BUILDROOT/python-aodhclient-1.2.0-1.x86_64/usr/lib/python3.7/site-packages/aodhclient/tests/unit/__init__.py to __init__.cpython-37.pyc
byte-compiling /builddir/build/BUILDROOT/python-aodhclient-1.2.0-1.x86_64/usr/lib/python3.7/site-packages/aodhclient/tests/unit/test_alarm_manager.py to test_alarm_manager.cpython-37.pyc
byte-compiling /builddir/build/BUILDROOT/python-aodhclient-1.2.0-1.x86_64/usr/lib/python3.7/site-packages/aodhclient/v2/capabilities.py to capabilities.cpython-37.pyc
byte-compiling /builddir/build/BUILDROOT/python-aodhclient-1.2.0-1.x86_64/usr/lib/python3.7/site-packages/aodhclient/v2/capabilities_cli.py to capabilities_cli.cpython-37.pyc
byte-compiling /builddir/build/BUILDROOT/python-aodhclient-1.2.0-1.x86_64/usr/lib/python3.7/site-packages/aodhclient/v2/alarm.py to alarm.cpython-37.pyc
byte-compiling /builddir/build/BUILDROOT/python-aodhclient-1.2.0-1.x86_64/usr/lib/python3.7/site-packages/aodhclient/v2/__init__.py to __init__.cpython-37.pyc
byte-compiling /builddir/build/BUILDROOT/python-aodhclient-1.2.0-1.x86_64/usr/lib/python3.7/site-packages/aodhclient/v2/client.py to client.cpython-37.pyc
byte-compiling /builddir/build/BUILDROOT/python-aodhclient-1.2.0-1.x86_64/usr/lib/python3.7/site-packages/aodhclient/v2/alarm_history.py to alarm_history.cpython-37.pyc
byte-compiling /builddir/build/BUILDROOT/python-aodhclient-1.2.0-1.x86_64/usr/lib/python3.7/site-packages/aodhclient/v2/alarm_history_cli.py to alarm_history_cli.cpython-37.pyc
byte-compiling /builddir/build/BUILDROOT/python-aodhclient-1.2.0-1.x86_64/usr/lib/python3.7/site-packages/aodhclient/v2/alarm_cli.py to alarm_cli.cpython-37.pyc
byte-compiling /builddir/build/BUILDROOT/python-aodhclient-1.2.0-1.x86_64/usr/lib/python3.7/site-packages/aodhclient/v2/base.py to base.cpython-37.pyc
byte-compiling /builddir/build/BUILDROOT/python-aodhclient-1.2.0-1.x86_64/usr/lib/python3.7/site-packages/aodhclient/osc.py to osc.cpython-37.pyc
byte-compiling /builddir/build/BUILDROOT/python-aodhclient-1.2.0-1.x86_64/usr/lib/python3.7/site-packages/aodhclient/shell.py to shell.cpython-37.pyc
running install_egg_info
Copying aodhclient.egg-info to /builddir/build/BUILDROOT/python-aodhclient-1.2.0-1.x86_64/usr/lib/python3.7/site-packages/aodhclient-1.2.0-py3.7.egg-info
running install_scripts
Installing aodh script to /builddir/build/BUILDROOT/python-aodhclient-1.2.0-1.x86_64/usr/bin
/usr/lib/python3.7/site-packages/pbr/packaging.py:435: EasyInstallDeprecationWarning: Use get_header
  header = easy_install.get_script_header("", executable, is_wininst)
----[ mark ]----
+ echo '----[' mark ']----'
+ cat /builddir/build/BUILDROOT/python-aodhclient-1.2.0-1.x86_64/usr/lib/python3.7/site-packages/aodhclient-1.2.0-py3.7.egg-info/requires.txt
pbr>=1.4
cliff!=1.16.0,>=1.14.0
osc-lib>=1.0.1
oslo.i18n>=1.5.0
oslo.serialization>=1.4.0
oslo.utils>=2.0.0
keystoneauth1>=1.0.0
six
pyparsing
[test]
coverage>=3.6
oslotest>=1.10.0
reno>=1.6.2
tempest>=10
testrepository>=0.0.18
testtools>=1.4.0
pifpaf[gnocchi]>=0.23
gnocchi[file,postgresql]
mock>=1.2
----[ mark ]----
+ echo '----[' mark ']----'
+ install -d -m 0755 /builddir/build/BUILDROOT/python-aodhclient-1.2.0-1.x86_64//usr/share/doc/python-aodhclient-1.2.0
+ cp -rp doc/ /builddir/build/BUILDROOT/python-aodhclient-1.2.0-1.x86_64//usr/share/doc/python-aodhclient-1.2.0
+ rm -f /builddir/build/BUILDROOT/python-aodhclient-1.2.0-1.x86_64/usr/share/info/dir
++ find /builddir/build/BUILDROOT/python-aodhclient-1.2.0-1.x86_64 -path 'etc/*' '!' -type d
+ test -z ''
+ rm -rf '/builddir/build/BUILDROOT/python-aodhclient-1.2.0-1.x86_64/etc/*'
+ rm -rf '/builddir/build/BUILDROOT/python-aodhclient-1.2.0-1.x86_64/usr/share/factory/*'
+ find /builddir/build/BUILDROOT/python-aodhclient-1.2.0-1.x86_64 -name __pycache__
+ xargs rm -rf --
+ '[' -d /builddir/build/BUILDROOT/python-aodhclient-1.2.0-1.x86_64/usr/share/mime ']'
++ getconf _NPROCESSORS_ONLN
+ RPM_XARGS_PFLAG=-P4
+ find /builddir/build/BUILDROOT/python-aodhclient-1.2.0-1.x86_64 -name '*.so.avx512' -print0
+ xargs -0rtn1 -P4 python /usr/share/clr-avx-tools/avxjudge.py -q -5
+ find /builddir/build/BUILDROOT/python-aodhclient-1.2.0-1.x86_64/usr/lib64/haswell/avx512_1 -name '*.so*' -print0
find: ‘/builddir/build/BUILDROOT/python-aodhclient-1.2.0-1.x86_64/usr/lib64/haswell/avx512_1’: No such file or directory
+ xargs -0rtn1 -P4 python /usr/share/clr-avx-tools/avxjudge.py -q -2
+ find /builddir/build/BUILDROOT/python-aodhclient-1.2.0-1.x86_64 -name '*.so.avx2' -print0
+ find /builddir/build/BUILDROOT/python-aodhclient-1.2.0-1.x86_64/usr/lib64/haswell '!' -path '/usr/lib64/haswell/avx512_1/*' -name '*.so*' -print0
find: ‘/builddir/build/BUILDROOT/python-aodhclient-1.2.0-1.x86_64/usr/lib64/haswell’: No such file or directory
+ find /builddir/build/BUILDROOT/python-aodhclient-1.2.0-1.x86_64/usr/lib64/ -maxdepth 1 -name '*.so*' -type f -print0
+ xargs -0rtn1 -P4 /usr/lib/rpm/clr/brp-create-abi
+ sort -u
find: ‘/builddir/build/BUILDROOT/python-aodhclient-1.2.0-1.x86_64/usr/lib64/’: No such file or directory
+ '[' -d /builddir/build/BUILDROOT/python-aodhclient-1.2.0-1.x86_64/usr/lib/debug ']'
+ :
+ '[' -d /builddir/build/BUILDROOT/python-aodhclient-1.2.0-1.x86_64/usr/lib/debug ']'
+ :
+ '[' -d /builddir/build/BUILDROOT/python-aodhclient-1.2.0-1.x86_64/usr/src/debug ']'
+ :
+ '[' -d /builddir/build/BUILDROOT/python-aodhclient-1.2.0-1.x86_64/usr/lib/debug.force ']'
+ :
+ '[' -d /builddir/build/BUILDROOT/python-aodhclient-1.2.0-1.x86_64/usr/src/debug.force ']'
+ :
+ /usr/lib/rpm/check-buildroot
+ /usr/lib/rpm/clr/brp-strip /usr/bin/strip
+ /usr/lib/rpm/clr/brp-strip-static-archive /usr/bin/strip
+ /usr/lib/rpm/clr/brp-strip-comment-note /usr/bin/strip /usr/bin/objdump
+ /usr/lib/rpm/clr/brp-python-bytecompile
[BYTECOMPILE] Building for /builddir/build/BUILDROOT/python-aodhclient-1.2.0-1.x86_64/usr/lib/python3.7 using /usr/bin/python3.7
+ find /builddir/build/BUILDROOT/python-aodhclient-1.2.0-1.x86_64 -print0
+ xargs -0 touch -h -d '@1549052798 '
+ /usr/lib/rpm/clr/brp-java-repack-jars
Executing(%check): /bin/sh -e /var/tmp/rpm-tmp.ZYbdtu
+ umask 022
+ cd /builddir/build/BUILD
+ cd aodhclient-1.2.0
+ LANG=en_US.UTF-8
dont need check
+ export LANG
+ unset DISPLAY
+ unset PYTHONOPTIMIZE
+ export http_proxy=http://127.0.0.1:9/
+ http_proxy=http://127.0.0.1:9/
+ export https_proxy=http://127.0.0.1:9/
+ https_proxy=http://127.0.0.1:9/
+ export no_proxy=localhost,127.0.0.1,0.0.0.0
+ no_proxy=localhost,127.0.0.1,0.0.0.0
+ echo 'dont need check'
+ exit 0
Processing files: python-aodhclient-1.2.0-1.x86_64
Processing files: python-aodhclient-bin-1.2.0-1.x86_64
Provides: python-aodhclient-bin = 1.2.0-1 python-aodhclient-bin(x86-64) = 1.2.0-1
Requires(rpmlib): rpmlib(CompressedFileNames) <= 3.0.4-1 rpmlib(PayloadFilesHavePrefix) <= 4.0-1
Requires: /usr/bin/python3
Processing files: python-aodhclient-doc-1.2.0-1.x86_64
Provides: python-aodhclient-doc = 1.2.0-1 python-aodhclient-doc(x86-64) = 1.2.0-1
Requires(rpmlib): rpmlib(CompressedFileNames) <= 3.0.4-1 rpmlib(PayloadFilesHavePrefix) <= 4.0-1
Processing files: python-aodhclient-python-1.2.0-1.x86_64
Processing files: python-aodhclient-python3-1.2.0-1.x86_64
Provides: python-aodhclient-python3 = 1.2.0-1 python-aodhclient-python3(x86-64) = 1.2.0-1
Requires(rpmlib): rpmlib(CompressedFileNames) <= 3.0.4-1 rpmlib(PayloadFilesHavePrefix) <= 4.0-1
Requires: python(abi) = 3.7
Processing files: python-aodhclient-abi-1.2.0-1.x86_64
Checking for unpackaged file(s): /usr/lib/rpm/check-files /builddir/build/BUILDROOT/python-aodhclient-1.2.0-1.x86_64
warning: Empty %files file /builddir/build/BUILD/aodhclient-1.2.0/abifiles.list
Wrote: /builddir/build/RPMS/python-aodhclient-1.2.0-1.x86_64.rpm
Wrote: /builddir/build/RPMS/python-aodhclient-bin-1.2.0-1.x86_64.rpm
Wrote: /builddir/build/RPMS/python-aodhclient-doc-1.2.0-1.x86_64.rpm
Wrote: /builddir/build/RPMS/python-aodhclient-python-1.2.0-1.x86_64.rpm
Wrote: /builddir/build/RPMS/python-aodhclient-python3-1.2.0-1.x86_64.rpm
Wrote: /builddir/build/RPMS/python-aodhclient-abi-1.2.0-1.x86_64.rpm
Executing(%clean): /bin/sh -e /var/tmp/rpm-tmp.qTvssv
+ umask 022
+ cd /builddir/build/BUILD
+ cd aodhclient-1.2.0
+ /usr/bin/rm -rf /builddir/build/BUILDROOT/python-aodhclient-1.2.0-1.x86_64
+ exit 0
Child return code was: 0
LEAVE do --> 

