2019-09-23 10:31:27,981 - Mock Version: 1.2.14
2019-09-23 10:31:28,228 - Start: dnf update
2019-09-23 10:31:38,533 - Finish: dnf update
2019-09-23 10:31:38,539 - Finish: chroot init
2019-09-23 10:31:38,542 - Start: buildsrpm
2019-09-23 10:31:38,551 - Start: rpmbuild -bs
2019-09-23 10:31:38,592 - Finish: rpmbuild -bs
2019-09-23 10:31:38,594 - Finish: buildsrpm
2019-09-23 10:31:38,594 - Finish: run
2019-09-23 10:31:41,773 - Mock Version: 1.2.14
2019-09-23 10:31:42,049 - Start: dnf update
2019-09-23 10:31:52,065 - Finish: dnf update
2019-09-23 10:31:52,071 - Finish: chroot init
2019-09-23 10:31:52,072 - Start: build phase for python-aodhclient-1.2.0-1.src.rpm
2019-09-23 10:31:52,075 - Start: build setup for python-aodhclient-1.2.0-1.src.rpm
2019-09-23 10:31:53,658 - Finish: build setup for python-aodhclient-1.2.0-1.src.rpm
2019-09-23 10:31:53,658 - Start: rpmbuild python-aodhclient-1.2.0-1.src.rpm
2019-09-23 10:31:58,023 - Mock Version: 1.2.14
2019-09-23 10:31:58,274 - Start: dnf update
2019-09-23 10:32:08,659 - Finish: dnf update
2019-09-23 10:32:08,664 - Finish: chroot init
2019-09-23 10:32:08,667 - Start: buildsrpm
2019-09-23 10:32:08,677 - Start: rpmbuild -bs
2019-09-23 10:32:08,716 - Finish: rpmbuild -bs
2019-09-23 10:32:08,718 - Finish: buildsrpm
2019-09-23 10:32:08,719 - Finish: run
2019-09-23 10:32:11,854 - Mock Version: 1.2.14
2019-09-23 10:32:12,121 - Start: dnf update
2019-09-23 10:32:22,111 - Finish: dnf update
2019-09-23 10:32:22,117 - Finish: chroot init
2019-09-23 10:32:22,119 - Start: build phase for python-aodhclient-1.2.0-1.src.rpm
2019-09-23 10:32:22,121 - Start: build setup for python-aodhclient-1.2.0-1.src.rpm
2019-09-23 10:32:23,691 - Finish: build setup for python-aodhclient-1.2.0-1.src.rpm
2019-09-23 10:32:23,691 - Start: rpmbuild python-aodhclient-1.2.0-1.src.rpm
2019-09-23 10:32:24,719 - Finish: rpmbuild python-aodhclient-1.2.0-1.src.rpm
2019-09-23 10:32:24,720 - Finish: build phase for python-aodhclient-1.2.0-1.src.rpm
2019-09-23 10:32:24,721 - Finish: run
