Mock Version: 1.2.14
ENTER do(['bash', '--login', '-c', '/usr/bin/rpmbuild -bs --target x86_64 --nodeps /builddir/build/SPECS/fm-api.spec'], chrootPath='/var/lib/mock/clear-fm-api/root'env={'TERM': 'vt100', 'SHELL': '/bin/bash', 'HOME': '/builddir', 'HOSTNAME': 'mock', 'PATH': '/usr/bin:/bin:/usr/sbin:/sbin', 'LANG': 'en_US.UTF-8', 'CCACHE_DIR': '/var/tmp/ccache', 'CCACHE_UMASK': '002'}shell=Falselogger=<mockbuild.trace_decorator.getLog object at 0x7f9fb193ad90>timeout=0uid=1000gid=1000user='mockbuild'printOutput=False)
Executing command: ['bash', '--login', '-c', '/usr/bin/rpmbuild -bs --target x86_64 --nodeps /builddir/build/SPECS/fm-api.spec'] with env {'TERM': 'vt100', 'SHELL': '/bin/bash', 'HOME': '/builddir', 'HOSTNAME': 'mock', 'PATH': '/usr/bin:/bin:/usr/sbin:/sbin', 'LANG': 'en_US.UTF-8', 'CCACHE_DIR': '/var/tmp/ccache', 'CCACHE_UMASK': '002'} and shell False
Building target platforms: x86_64
Building for target x86_64
Wrote: /builddir/build/SRPMS/fm-api-1.0-11.src.rpm
Child return code was: 0
LEAVE do --> 

ENTER do(['bash', '--login', '-c', '/usr/bin/rpmbuild -bb --target x86_64 --nodeps  /builddir/build/SPECS/fm-api.spec '], chrootPath='/var/lib/mock/clear-fm-api/root'env={'TERM': 'vt100', 'SHELL': '/bin/bash', 'HOME': '/builddir', 'HOSTNAME': 'mock', 'PATH': '/usr/bin:/bin:/usr/sbin:/sbin', 'LANG': 'en_US.UTF-8', 'CCACHE_DIR': '/var/tmp/ccache', 'CCACHE_UMASK': '002'}shell=Falselogger=<mockbuild.trace_decorator.getLog object at 0x7f9fb193ad90>timeout=0uid=1000gid=1000user='mockbuild'private_network=TrueprintOutput=False)
Executing command: ['bash', '--login', '-c', '/usr/bin/rpmbuild -bb --target x86_64 --nodeps  /builddir/build/SPECS/fm-api.spec '] with env {'TERM': 'vt100', 'SHELL': '/bin/bash', 'HOME': '/builddir', 'HOSTNAME': 'mock', 'PATH': '/usr/bin:/bin:/usr/sbin:/sbin', 'LANG': 'en_US.UTF-8', 'CCACHE_DIR': '/var/tmp/ccache', 'CCACHE_UMASK': '002'} and shell False
Building target platforms: x86_64
Building for target x86_64
Executing(%prep): /bin/sh -e /var/tmp/rpm-tmp.JOnnUL
+ umask 022
+ cd /builddir/build/BUILD
+ LANG=en_US.UTF-8
+ export LANG
+ unset DISPLAY
+ cd /builddir/build/BUILD
+ rm -rf fm-api-1.0
+ /usr/bin/gzip -dc /builddir/build/SOURCES/fm-api-1.0.tar.gz
+ /usr/bin/tar -xf -
+ STATUS=0
+ '[' 0 -ne 0 ']'
+ cd fm-api-1.0
+ /usr/bin/chmod -Rf a+rX,u+w,g-w,o-w .
+ exit 0
Executing(%build): /bin/sh -e /var/tmp/rpm-tmp.Qt5PxI
+ umask 022
+ cd /builddir/build/BUILD
+ cd fm-api-1.0
+ LANG=en_US.UTF-8
+ export LANG
+ unset DISPLAY
+ unset PYTHONOPTIMIZE
+ CFLAGS='-O2 -g -feliminate-unused-debug-types -pipe -Wall -Wp,-D_FORTIFY_SOURCE=2 -fexceptions -fstack-protector --param=ssp-buffer-size=32 -Wformat -Wformat-security -Wl,-z,now,-z,relro,-z,max-page-size=0x1000,-z,separate-code -Wno-error -ftree-vectorize -ftree-slp-vectorize -Wl,--enable-new-dtags -fcf-protection=return -m64 -march=westmere -mtune=haswell -fasynchronous-unwind-tables -fno-omit-frame-pointer -Wp,-D_REENTRANT'
+ export CFLAGS
+ http_proxy=http://127.0.0.1:9/
+ export http_proxy
+ https_proxy=http://127.0.0.1:9/
+ export https_proxy
+ ftp_proxy=http://127.0.0.1:9/
+ export ftp_proxy
+ no_proxy=localhost,127.0.0.1,0.0.0.0
+ export no_proxy
+ CXXFLAGS='-O2 -g -feliminate-unused-debug-types -pipe -Wall -Wp,-D_FORTIFY_SOURCE=2 -fexceptions -fstack-protector --param=ssp-buffer-size=32 -Wformat -Wformat-security -Wl,-z,now,-z,relro,-z,max-page-size=0x1000,-z,separate-code -Wno-error -ftree-vectorize -ftree-slp-vectorize -Wl,--enable-new-dtags -fcf-protection=return -m64 -march=westmere -mtune=haswell -fasynchronous-unwind-tables -fno-omit-frame-pointer -Wp,-D_REENTRANT'
+ export CXXFLAGS
+ FFLAGS='-g -O3 -feliminate-unused-debug-types  -pipe -Wall -Wp,-D_FORTIFY_SOURCE=2 -fexceptions -fstack-protector --param=ssp-buffer-size=32 -m64 -fasynchronous-unwind-tables -Wp,-D_REENTRANT -ftree-loop-distribute-patterns -Wl,-z -Wl,now -Wl,-z -Wl,relro -malign-data=abi -fno-semantic-interposition -ftree-vectorize  -ftree-loop-vectorize -Wl,--enable-new-dtags '
+ export FFLAGS
+ LD_AS_NEEDED=1
+ export LD_AS_NEEDED
+ PKG_CONFIG_LIBDIR=/usr/lib64/pkgconfig
+ export PKG_CONFIG_LIBDIR
+ PATH=/usr/lib64/ccache/bin:/usr/local/bin:/usr/bin
+ export PATH
+ python setup.py build
running build
running build_py
creating build
creating build/lib
creating build/lib/fm_api
copying fm_api/fm_api.py -> build/lib/fm_api
copying fm_api/__init__.py -> build/lib/fm_api
copying fm_api/constants.py -> build/lib/fm_api
+ export http_proxy=http://127.0.0.1:9/
+ http_proxy=http://127.0.0.1:9/
+ export https_proxy=http://127.0.0.1:9/
+ https_proxy=http://127.0.0.1:9/
+ export no_proxy=localhost,127.0.0.1,0.0.0.0
+ no_proxy=localhost,127.0.0.1,0.0.0.0
+ export LANG=C.UTF-8
+ LANG=C.UTF-8
+ export SOURCE_DATE_EPOCH=1568107822
+ SOURCE_DATE_EPOCH=1568107822
+ export GCC_IGNORE_WERROR=1
+ GCC_IGNORE_WERROR=1
+ export AR=gcc-ar
+ AR=gcc-ar
+ export RANLIB=gcc-ranlib
+ RANLIB=gcc-ranlib
+ export NM=gcc-nm
+ NM=gcc-nm
+ export 'CFLAGS=-O2 -g -feliminate-unused-debug-types -pipe -Wall -Wp,-D_FORTIFY_SOURCE=2 -fexceptions -fstack-protector --param=ssp-buffer-size=32 -Wformat -Wformat-security -Wl,-z,now,-z,relro,-z,max-page-size=0x1000,-z,separate-code -Wno-error -ftree-vectorize -ftree-slp-vectorize -Wl,--enable-new-dtags -fcf-protection=return -m64 -march=westmere -mtune=haswell -fasynchronous-unwind-tables -fno-omit-frame-pointer -Wp,-D_REENTRANT -O3 -ffat-lto-objects -flto=4 '
+ CFLAGS='-O2 -g -feliminate-unused-debug-types -pipe -Wall -Wp,-D_FORTIFY_SOURCE=2 -fexceptions -fstack-protector --param=ssp-buffer-size=32 -Wformat -Wformat-security -Wl,-z,now,-z,relro,-z,max-page-size=0x1000,-z,separate-code -Wno-error -ftree-vectorize -ftree-slp-vectorize -Wl,--enable-new-dtags -fcf-protection=return -m64 -march=westmere -mtune=haswell -fasynchronous-unwind-tables -fno-omit-frame-pointer -Wp,-D_REENTRANT -O3 -ffat-lto-objects -flto=4 '
+ export 'FCFLAGS=-O2 -g -feliminate-unused-debug-types -pipe -Wall -Wp,-D_FORTIFY_SOURCE=2 -fexceptions -fstack-protector --param=ssp-buffer-size=32 -Wformat -Wformat-security -Wl,-z,now,-z,relro,-z,max-page-size=0x1000,-z,separate-code -Wno-error -ftree-vectorize -ftree-slp-vectorize -Wl,--enable-new-dtags -fcf-protection=return -m64 -march=westmere -mtune=haswell -fasynchronous-unwind-tables -fno-omit-frame-pointer -Wp,-D_REENTRANT -O3 -ffat-lto-objects -flto=4  -O3 -ffat-lto-objects -flto=4 '
+ FCFLAGS='-O2 -g -feliminate-unused-debug-types -pipe -Wall -Wp,-D_FORTIFY_SOURCE=2 -fexceptions -fstack-protector --param=ssp-buffer-size=32 -Wformat -Wformat-security -Wl,-z,now,-z,relro,-z,max-page-size=0x1000,-z,separate-code -Wno-error -ftree-vectorize -ftree-slp-vectorize -Wl,--enable-new-dtags -fcf-protection=return -m64 -march=westmere -mtune=haswell -fasynchronous-unwind-tables -fno-omit-frame-pointer -Wp,-D_REENTRANT -O3 -ffat-lto-objects -flto=4  -O3 -ffat-lto-objects -flto=4 '
+ export 'FFLAGS=-O2 -g -feliminate-unused-debug-types -pipe -Wall -Wp,-D_FORTIFY_SOURCE=2 -fexceptions -fstack-protector --param=ssp-buffer-size=32 -Wformat -Wformat-security -Wl,-z,now,-z,relro,-z,max-page-size=0x1000,-z,separate-code -Wno-error -ftree-vectorize -ftree-slp-vectorize -Wl,--enable-new-dtags -fcf-protection=return -m64 -march=westmere -mtune=haswell -fasynchronous-unwind-tables -fno-omit-frame-pointer -Wp,-D_REENTRANT -O3 -ffat-lto-objects -flto=4  -O3 -ffat-lto-objects -flto=4 '
+ FFLAGS='-O2 -g -feliminate-unused-debug-types -pipe -Wall -Wp,-D_FORTIFY_SOURCE=2 -fexceptions -fstack-protector --param=ssp-buffer-size=32 -Wformat -Wformat-security -Wl,-z,now,-z,relro,-z,max-page-size=0x1000,-z,separate-code -Wno-error -ftree-vectorize -ftree-slp-vectorize -Wl,--enable-new-dtags -fcf-protection=return -m64 -march=westmere -mtune=haswell -fasynchronous-unwind-tables -fno-omit-frame-pointer -Wp,-D_REENTRANT -O3 -ffat-lto-objects -flto=4  -O3 -ffat-lto-objects -flto=4 '
+ export 'CXXFLAGS=-O2 -g -feliminate-unused-debug-types -pipe -Wall -Wp,-D_FORTIFY_SOURCE=2 -fexceptions -fstack-protector --param=ssp-buffer-size=32 -Wformat -Wformat-security -Wl,-z,now,-z,relro,-z,max-page-size=0x1000,-z,separate-code -Wno-error -ftree-vectorize -ftree-slp-vectorize -Wl,--enable-new-dtags -fcf-protection=return -m64 -march=westmere -mtune=haswell -fasynchronous-unwind-tables -fno-omit-frame-pointer -Wp,-D_REENTRANT -O3 -ffat-lto-objects -flto=4 '
+ CXXFLAGS='-O2 -g -feliminate-unused-debug-types -pipe -Wall -Wp,-D_FORTIFY_SOURCE=2 -fexceptions -fstack-protector --param=ssp-buffer-size=32 -Wformat -Wformat-security -Wl,-z,now,-z,relro,-z,max-page-size=0x1000,-z,separate-code -Wno-error -ftree-vectorize -ftree-slp-vectorize -Wl,--enable-new-dtags -fcf-protection=return -m64 -march=westmere -mtune=haswell -fasynchronous-unwind-tables -fno-omit-frame-pointer -Wp,-D_REENTRANT -O3 -ffat-lto-objects -flto=4 '
+ export MAKEFLAGS=-j4
+ MAKEFLAGS=-j4
+ python3 setup.py build
running build
running build_py
+ exit 0
Executing(%install): /bin/sh -e /var/tmp/rpm-tmp.XjykqK
+ umask 022
+ cd /builddir/build/BUILD
+ cd fm-api-1.0
+ LANG=en_US.UTF-8
+ export LANG
+ unset DISPLAY
+ unset PYTHONOPTIMIZE
+ rm -rf /builddir/build/BUILDROOT/fm-api-1.0-11.x86_64
+ mkdir -p /builddir/build/BUILDROOT/fm-api-1.0-11.x86_64
+ export MAKEFLAGS=-j4
+ MAKEFLAGS=-j4
+ rm -rf /builddir/build/BUILDROOT/fm-api-1.0-11.x86_64
+ python3 -tt setup.py build install --root=/builddir/build/BUILDROOT/fm-api-1.0-11.x86_64
running build
running build_py
running install
running install_lib
creating /builddir/build/BUILDROOT/fm-api-1.0-11.x86_64
creating /builddir/build/BUILDROOT/fm-api-1.0-11.x86_64/usr
creating /builddir/build/BUILDROOT/fm-api-1.0-11.x86_64/usr/lib
creating /builddir/build/BUILDROOT/fm-api-1.0-11.x86_64/usr/lib/python3.7
creating /builddir/build/BUILDROOT/fm-api-1.0-11.x86_64/usr/lib/python3.7/site-packages
creating /builddir/build/BUILDROOT/fm-api-1.0-11.x86_64/usr/lib/python3.7/site-packages/fm_api
copying build/lib/fm_api/fm_api.py -> /builddir/build/BUILDROOT/fm-api-1.0-11.x86_64/usr/lib/python3.7/site-packages/fm_api
copying build/lib/fm_api/__init__.py -> /builddir/build/BUILDROOT/fm-api-1.0-11.x86_64/usr/lib/python3.7/site-packages/fm_api
copying build/lib/fm_api/constants.py -> /builddir/build/BUILDROOT/fm-api-1.0-11.x86_64/usr/lib/python3.7/site-packages/fm_api
byte-compiling /builddir/build/BUILDROOT/fm-api-1.0-11.x86_64/usr/lib/python3.7/site-packages/fm_api/fm_api.py to fm_api.cpython-37.pyc
byte-compiling /builddir/build/BUILDROOT/fm-api-1.0-11.x86_64/usr/lib/python3.7/site-packages/fm_api/__init__.py to __init__.cpython-37.pyc
byte-compiling /builddir/build/BUILDROOT/fm-api-1.0-11.x86_64/usr/lib/python3.7/site-packages/fm_api/constants.py to constants.cpython-37.pyc
running install_egg_info
running egg_info
creating fm_api.egg-info
writing fm_api.egg-info/PKG-INFO
writing dependency_links to fm_api.egg-info/dependency_links.txt
writing top-level names to fm_api.egg-info/top_level.txt
writing manifest file 'fm_api.egg-info/SOURCES.txt'
reading manifest file 'fm_api.egg-info/SOURCES.txt'
writing manifest file 'fm_api.egg-info/SOURCES.txt'
Copying fm_api.egg-info to /builddir/build/BUILDROOT/fm-api-1.0-11.x86_64/usr/lib/python3.7/site-packages/fm_api-1.0.0-py3.7.egg-info
running install_scripts
----[ mark ]----
+ echo '----[' mark ']----'
+ cat '/builddir/build/BUILDROOT/fm-api-1.0-11.x86_64/usr/lib/python3*/site-packages/*/requires.txt'
cat: '/builddir/build/BUILDROOT/fm-api-1.0-11.x86_64/usr/lib/python3*/site-packages/*/requires.txt': No such file or directory
+ :
----[ mark ]----
+ echo '----[' mark ']----'
+ python setup.py install --root=/builddir/build/BUILDROOT/fm-api-1.0-11.x86_64 --install-lib=/usr/lib64/python2.7/site-packages --prefix=/usr --install-data=/usr/share --single-version-externally-managed
running install
running build
running build_py
running install_lib
creating /builddir/build/BUILDROOT/fm-api-1.0-11.x86_64/usr/lib64
creating /builddir/build/BUILDROOT/fm-api-1.0-11.x86_64/usr/lib64/python2.7
creating /builddir/build/BUILDROOT/fm-api-1.0-11.x86_64/usr/lib64/python2.7/site-packages
creating /builddir/build/BUILDROOT/fm-api-1.0-11.x86_64/usr/lib64/python2.7/site-packages/fm_api
copying build/lib/fm_api/fm_api.py -> /builddir/build/BUILDROOT/fm-api-1.0-11.x86_64/usr/lib64/python2.7/site-packages/fm_api
copying build/lib/fm_api/__init__.py -> /builddir/build/BUILDROOT/fm-api-1.0-11.x86_64/usr/lib64/python2.7/site-packages/fm_api
copying build/lib/fm_api/constants.py -> /builddir/build/BUILDROOT/fm-api-1.0-11.x86_64/usr/lib64/python2.7/site-packages/fm_api
byte-compiling /builddir/build/BUILDROOT/fm-api-1.0-11.x86_64/usr/lib64/python2.7/site-packages/fm_api/fm_api.py to fm_api.cpython-37.pyc
byte-compiling /builddir/build/BUILDROOT/fm-api-1.0-11.x86_64/usr/lib64/python2.7/site-packages/fm_api/__init__.py to __init__.cpython-37.pyc
byte-compiling /builddir/build/BUILDROOT/fm-api-1.0-11.x86_64/usr/lib64/python2.7/site-packages/fm_api/constants.py to constants.cpython-37.pyc
running install_egg_info
running egg_info
writing fm_api.egg-info/PKG-INFO
writing dependency_links to fm_api.egg-info/dependency_links.txt
writing top-level names to fm_api.egg-info/top_level.txt
reading manifest file 'fm_api.egg-info/SOURCES.txt'
writing manifest file 'fm_api.egg-info/SOURCES.txt'
Copying fm_api.egg-info to /builddir/build/BUILDROOT/fm-api-1.0-11.x86_64/usr/lib64/python2.7/site-packages/fm_api-1.0.0-py3.7.egg-info
running install_scripts
+ DOC_DEPLOY=/builddir/build/BUILDROOT/fm-api-1.0-11.x86_64//usr/share/doc
+ install -d /builddir/build/BUILDROOT/fm-api-1.0-11.x86_64//usr/share/doc
+ install -m 644 fm_api/constants.py /builddir/build/BUILDROOT/fm-api-1.0-11.x86_64//usr/share/doc
+ rm -f /builddir/build/BUILDROOT/fm-api-1.0-11.x86_64/usr/share/info/dir
++ find /builddir/build/BUILDROOT/fm-api-1.0-11.x86_64 -path 'etc/*' '!' -type d
+ test -z ''
+ rm -rf '/builddir/build/BUILDROOT/fm-api-1.0-11.x86_64/etc/*'
+ rm -rf '/builddir/build/BUILDROOT/fm-api-1.0-11.x86_64/usr/share/factory/*'
+ find /builddir/build/BUILDROOT/fm-api-1.0-11.x86_64 -name __pycache__
+ xargs rm -rf --
+ '[' -d /builddir/build/BUILDROOT/fm-api-1.0-11.x86_64/usr/share/mime ']'
++ getconf _NPROCESSORS_ONLN
+ RPM_XARGS_PFLAG=-P4
+ find /builddir/build/BUILDROOT/fm-api-1.0-11.x86_64 -name '*.so.avx512' -print0
+ xargs -0rtn1 -P4 python /usr/share/clr-avx-tools/avxjudge.py -q -5
+ find /builddir/build/BUILDROOT/fm-api-1.0-11.x86_64/usr/lib64/haswell/avx512_1 -name '*.so*' -print0
find: ‘/builddir/build/BUILDROOT/fm-api-1.0-11.x86_64/usr/lib64/haswell/avx512_1’: No such file or directory
+ xargs -0rtn1 -P4 python /usr/share/clr-avx-tools/avxjudge.py -q -2
+ find /builddir/build/BUILDROOT/fm-api-1.0-11.x86_64 -name '*.so.avx2' -print0
+ find /builddir/build/BUILDROOT/fm-api-1.0-11.x86_64/usr/lib64/haswell '!' -path '/usr/lib64/haswell/avx512_1/*' -name '*.so*' -print0
find: ‘/builddir/build/BUILDROOT/fm-api-1.0-11.x86_64/usr/lib64/haswell’: No such file or directory
+ find /builddir/build/BUILDROOT/fm-api-1.0-11.x86_64/usr/lib64/ -maxdepth 1 -name '*.so*' -type f -print0
+ xargs -0rtn1 -P4 /usr/lib/rpm/clr/brp-create-abi
+ sort -u
+ /usr/lib/rpm/find-debuginfo.sh --strict-build-id /builddir/build/BUILD/fm-api-1.0
find: ‘debug’: No such file or directory
+ '[' -d /builddir/build/BUILDROOT/fm-api-1.0-11.x86_64/usr/lib/debug ']'
+ :
+ '[' -d /builddir/build/BUILDROOT/fm-api-1.0-11.x86_64/usr/lib/debug ']'
+ :
+ '[' -d /builddir/build/BUILDROOT/fm-api-1.0-11.x86_64/usr/src/debug ']'
+ :
+ '[' -d /builddir/build/BUILDROOT/fm-api-1.0-11.x86_64/usr/lib/debug.force ']'
+ :
+ '[' -d /builddir/build/BUILDROOT/fm-api-1.0-11.x86_64/usr/src/debug.force ']'
+ :
+ /usr/lib/rpm/check-buildroot
+ /usr/lib/rpm/clr/brp-strip-static-archive /usr/bin/strip
+ /usr/lib/rpm/clr/brp-strip-comment-note /usr/bin/strip /usr/bin/objdump
+ /usr/lib/rpm/clr/brp-python-bytecompile
[BYTECOMPILE] Building for /builddir/build/BUILDROOT/fm-api-1.0-11.x86_64/usr/lib/python3.7 using /usr/bin/python3.7
+ find /builddir/build/BUILDROOT/fm-api-1.0-11.x86_64 -print0
+ xargs -0 touch -h -d '@1549052798 '
+ /usr/lib/rpm/clr/brp-java-repack-jars
Processing files: fm-api-1.0-11.x86_64
Processing files: fm-api-debuginfo-1.0-11.x86_64
warning: Empty %files file /builddir/build/BUILD/fm-api-1.0/debugfiles.list
warning: Empty %files file /builddir/build/BUILD/fm-api-1.0/abifiles.list
Processing files: fm-api-abi-1.0-11.x86_64
Checking for unpackaged file(s): /usr/lib/rpm/check-files /builddir/build/BUILDROOT/fm-api-1.0-11.x86_64
error: Installed (but unpackaged) file(s) found:
   /usr/lib/python3.7/site-packages/fm_api-1.0.0-py3.7.egg-info/PKG-INFO
   /usr/lib/python3.7/site-packages/fm_api-1.0.0-py3.7.egg-info/SOURCES.txt
   /usr/lib/python3.7/site-packages/fm_api-1.0.0-py3.7.egg-info/dependency_links.txt
   /usr/lib/python3.7/site-packages/fm_api-1.0.0-py3.7.egg-info/top_level.txt
   /usr/lib/python3.7/site-packages/fm_api/__init__.py
   /usr/lib/python3.7/site-packages/fm_api/__pycache__/__init__.cpython-37.pyc
   /usr/lib/python3.7/site-packages/fm_api/__pycache__/constants.cpython-37.pyc
   /usr/lib/python3.7/site-packages/fm_api/__pycache__/fm_api.cpython-37.pyc
   /usr/lib/python3.7/site-packages/fm_api/constants.py
   /usr/lib/python3.7/site-packages/fm_api/fm_api.py
   /usr/lib64/python2.7/site-packages/fm_api-1.0.0-py3.7.egg-info/PKG-INFO
   /usr/lib64/python2.7/site-packages/fm_api-1.0.0-py3.7.egg-info/SOURCES.txt
   /usr/lib64/python2.7/site-packages/fm_api-1.0.0-py3.7.egg-info/dependency_links.txt
   /usr/lib64/python2.7/site-packages/fm_api-1.0.0-py3.7.egg-info/top_level.txt
   /usr/lib64/python2.7/site-packages/fm_api/__init__.py
   /usr/lib64/python2.7/site-packages/fm_api/constants.py
   /usr/lib64/python2.7/site-packages/fm_api/fm_api.py
   /usr/share/doc/constants.py
    Empty %files file /builddir/build/BUILD/fm-api-1.0/debugfiles.list
    Empty %files file /builddir/build/BUILD/fm-api-1.0/abifiles.list
    Installed (but unpackaged) file(s) found:
   /usr/lib/python3.7/site-packages/fm_api-1.0.0-py3.7.egg-info/PKG-INFO
   /usr/lib/python3.7/site-packages/fm_api-1.0.0-py3.7.egg-info/SOURCES.txt
   /usr/lib/python3.7/site-packages/fm_api-1.0.0-py3.7.egg-info/dependency_links.txt
   /usr/lib/python3.7/site-packages/fm_api-1.0.0-py3.7.egg-info/top_level.txt
   /usr/lib/python3.7/site-packages/fm_api/__init__.py
   /usr/lib/python3.7/site-packages/fm_api/__pycache__/__init__.cpython-37.pyc
   /usr/lib/python3.7/site-packages/fm_api/__pycache__/constants.cpython-37.pyc
   /usr/lib/python3.7/site-packages/fm_api/__pycache__/fm_api.cpython-37.pyc
   /usr/lib/python3.7/site-packages/fm_api/constants.py
   /usr/lib/python3.7/site-packages/fm_api/fm_api.py
   /usr/lib64/python2.7/site-packages/fm_api-1.0.0-py3.7.egg-info/PKG-INFO
   /usr/lib64/python2.7/site-packages/fm_api-1.0.0-py3.7.egg-info/SOURCES.txt
   /usr/lib64/python2.7/site-packages/fm_api-1.0.0-py3.7.egg-info/dependency_links.txt
   /usr/lib64/python2.7/site-packages/fm_api-1.0.0-py3.7.egg-info/top_level.txt
   /usr/lib64/python2.7/site-packages/fm_api/__init__.py
   /usr/lib64/python2.7/site-packages/fm_api/constants.py
   /usr/lib64/python2.7/site-packages/fm_api/fm_api.py
   /usr/share/doc/constants.py
RPM build errors:
Child return code was: 1
EXCEPTION: Command failed. See logs for output.
 # bash --login -c /usr/bin/rpmbuild -bb --target x86_64 --nodeps  /builddir/build/SPECS/fm-api.spec 
Traceback (most recent call last):
  File "/usr/lib/python3.7/site-packages/mockbuild/trace_decorator.py", line 84, in trace
    result = func(*args, **kw)
  File "/usr/lib/python3.7/site-packages/mockbuild/util.py", line 531, in do
    raise exception.Error("Command failed. See logs for output.\n # %s" % (command,), child.returncode)
mockbuild.exception.Error: Command failed. See logs for output.
 # bash --login -c /usr/bin/rpmbuild -bb --target x86_64 --nodeps  /builddir/build/SPECS/fm-api.spec 
LEAVE do --> EXCEPTION RAISED

