2019-09-17 02:38:15,426 - Mock Version: 1.2.14
2019-09-17 02:38:15,677 - Start: dnf update
2019-09-17 02:38:25,912 - Finish: dnf update
2019-09-17 02:38:25,917 - Finish: chroot init
2019-09-17 02:38:25,920 - Start: buildsrpm
2019-09-17 02:38:25,925 - Start: rpmbuild -bs
2019-09-17 02:38:25,962 - Finish: rpmbuild -bs
2019-09-17 02:38:25,964 - Finish: buildsrpm
2019-09-17 02:38:25,965 - Finish: run
2019-09-17 02:38:29,039 - Mock Version: 1.2.14
2019-09-17 02:38:29,293 - Start: dnf update
2019-09-17 02:38:39,397 - Finish: dnf update
2019-09-17 02:38:39,402 - Finish: chroot init
2019-09-17 02:38:39,404 - Start: build phase for ntp-config-1.0-1.src.rpm
2019-09-17 02:38:39,406 - Start: build setup for ntp-config-1.0-1.src.rpm
2019-09-17 02:38:40,058 - Finish: build setup for ntp-config-1.0-1.src.rpm
2019-09-17 02:38:40,058 - Start: rpmbuild ntp-config-1.0-1.src.rpm
2019-09-17 02:38:43,300 - Mock Version: 1.2.14
2019-09-17 02:38:43,547 - Start: dnf update
2019-09-17 02:38:53,721 - Finish: dnf update
2019-09-17 02:38:53,727 - Finish: chroot init
2019-09-17 02:38:53,729 - Start: buildsrpm
2019-09-17 02:38:53,735 - Start: rpmbuild -bs
2019-09-17 02:38:53,774 - Finish: rpmbuild -bs
2019-09-17 02:38:53,775 - Finish: buildsrpm
2019-09-17 02:38:53,776 - Finish: run
2019-09-17 02:38:56,830 - Mock Version: 1.2.14
2019-09-17 02:38:57,091 - Start: dnf update
2019-09-17 02:39:07,243 - Finish: dnf update
2019-09-17 02:39:07,248 - Finish: chroot init
2019-09-17 02:39:07,250 - Start: build phase for ntp-config-1.0-1.src.rpm
2019-09-17 02:39:07,252 - Start: build setup for ntp-config-1.0-1.src.rpm
2019-09-17 02:39:07,908 - Finish: build setup for ntp-config-1.0-1.src.rpm
2019-09-17 02:39:07,908 - Start: rpmbuild ntp-config-1.0-1.src.rpm
2019-09-17 02:39:08,039 - Finish: rpmbuild ntp-config-1.0-1.src.rpm
2019-09-17 02:39:08,041 - Finish: build phase for ntp-config-1.0-1.src.rpm
2019-09-17 02:39:08,041 - Finish: run
