Mock Version: 1.2.14
ENTER do(['bash', '--login', '-c', '/usr/bin/rpmbuild -bs --target x86_64 --nodeps /builddir/build/SPECS/openstack-helm-infra.spec'], chrootPath='/var/lib/mock/clear-openstack-helm-infra/root'env={'TERM': 'vt100', 'SHELL': '/bin/bash', 'HOME': '/builddir', 'HOSTNAME': 'mock', 'PATH': '/usr/bin:/bin:/usr/sbin:/sbin', 'LANG': 'en_US.UTF-8', 'CCACHE_DIR': '/var/tmp/ccache', 'CCACHE_UMASK': '002'}shell=Falselogger=<mockbuild.trace_decorator.getLog object at 0x7f312cebfd90>timeout=0uid=1000gid=1000user='mockbuild'printOutput=False)
Executing command: ['bash', '--login', '-c', '/usr/bin/rpmbuild -bs --target x86_64 --nodeps /builddir/build/SPECS/openstack-helm-infra.spec'] with env {'TERM': 'vt100', 'SHELL': '/bin/bash', 'HOME': '/builddir', 'HOSTNAME': 'mock', 'PATH': '/usr/bin:/bin:/usr/sbin:/sbin', 'LANG': 'en_US.UTF-8', 'CCACHE_DIR': '/var/tmp/ccache', 'CCACHE_UMASK': '002'} and shell False
Building target platforms: x86_64
Building for target x86_64
Wrote: /builddir/build/SRPMS/openstack-helm-infra-1.0-1.src.rpm
Child return code was: 0
LEAVE do --> 

ENTER do(['bash', '--login', '-c', '/usr/bin/rpmbuild -bb --target x86_64 --nodeps  /builddir/build/SPECS/openstack-helm-infra.spec '], chrootPath='/var/lib/mock/clear-openstack-helm-infra/root'env={'TERM': 'vt100', 'SHELL': '/bin/bash', 'HOME': '/builddir', 'HOSTNAME': 'mock', 'PATH': '/usr/bin:/bin:/usr/sbin:/sbin', 'LANG': 'en_US.UTF-8', 'CCACHE_DIR': '/var/tmp/ccache', 'CCACHE_UMASK': '002'}shell=Falselogger=<mockbuild.trace_decorator.getLog object at 0x7f312cebfd90>timeout=0uid=1000gid=1000user='mockbuild'private_network=TrueprintOutput=False)
Executing command: ['bash', '--login', '-c', '/usr/bin/rpmbuild -bb --target x86_64 --nodeps  /builddir/build/SPECS/openstack-helm-infra.spec '] with env {'TERM': 'vt100', 'SHELL': '/bin/bash', 'HOME': '/builddir', 'HOSTNAME': 'mock', 'PATH': '/usr/bin:/bin:/usr/sbin:/sbin', 'LANG': 'en_US.UTF-8', 'CCACHE_DIR': '/var/tmp/ccache', 'CCACHE_UMASK': '002'} and shell False
Building target platforms: x86_64
Building for target x86_64
Executing(%prep): /bin/sh -e /var/tmp/rpm-tmp.1pq64G
+ umask 022
+ cd /builddir/build/BUILD
+ LANG=en_US.UTF-8
+ export LANG
+ unset DISPLAY
+ cd /builddir/build/BUILD
+ rm -rf openstack-helm-infra
+ /usr/bin/gzip -dc /builddir/build/SOURCES/openstack-helm-infra-1.0.tar.gz
+ /usr/bin/tar -xf -
+ STATUS=0
+ '[' 0 -ne 0 ']'
+ cd openstack-helm-infra
+ /usr/bin/chmod -Rf a+rX,u+w,g-w,o-w .
+ cd ..
+ cd /builddir/build/BUILD
+ /usr/bin/gzip -dc /builddir/build/SOURCES/repositories.tar.gz
+ /usr/bin/tar -xf -
+ STATUS=0
+ '[' 0 -ne 0 ']'
+ cd openstack-helm-infra
+ /usr/bin/chmod -Rf a+rX,u+w,g-w,o-w .
Patch #1 (0001-Allow-multiple-containers-per-daemonset-pod.patch):
+ echo 'Patch #1 (0001-Allow-multiple-containers-per-daemonset-pod.patch):'
+ /usr/bin/cat /builddir/build/SOURCES/0001-Allow-multiple-containers-per-daemonset-pod.patch
+ /usr/bin/patch -p1 --fuzz=2
patching file helm-toolkit/templates/utils/_daemonset_overrides.tpl
Patch #2 (0002-Add-imagePullSecrets-in-service-account.patch):
+ echo 'Patch #2 (0002-Add-imagePullSecrets-in-service-account.patch):'
+ /usr/bin/cat /builddir/build/SOURCES/0002-Add-imagePullSecrets-in-service-account.patch
+ /usr/bin/patch -p1 --fuzz=2
patching file helm-toolkit/templates/snippets/_kubernetes_pod_rbac_serviceaccount.tpl
Patch #3 (0003-Set-Min-NGINX-handles.patch):
+ echo 'Patch #3 (0003-Set-Min-NGINX-handles.patch):'
+ /usr/bin/cat /builddir/build/SOURCES/0003-Set-Min-NGINX-handles.patch
+ /usr/bin/patch -p1 --fuzz=2
patching file mariadb/files/nginx.tmpl
+ echo 'Patch #4 (0004-Partial-revert-of-31e3469d28858d7b5eb6355e88b6f49fd6.patch):'
Patch #4 (0004-Partial-revert-of-31e3469d28858d7b5eb6355e88b6f49fd6.patch):
+ /usr/bin/cat /builddir/build/SOURCES/0004-Partial-revert-of-31e3469d28858d7b5eb6355e88b6f49fd6.patch
+ /usr/bin/patch -p1 --fuzz=2
patching file helm-toolkit/templates/utils/_daemonset_overrides.tpl
Patch #5 (0005-Add-a-configmap-for-ingress-controller-config.patch):
+ echo 'Patch #5 (0005-Add-a-configmap-for-ingress-controller-config.patch):'
+ /usr/bin/cat /builddir/build/SOURCES/0005-Add-a-configmap-for-ingress-controller-config.patch
+ /usr/bin/patch -p1 --fuzz=2
patching file mariadb/templates/bin/_mariadb-ingress-controller.sh.tpl
patching file mariadb/templates/configmap-ingress-conf.yaml
patching file mariadb/values.yaml
Patch #6 (0006-Add-TLS-support-for-Gnocchi-public-endpoint.patch):
+ echo 'Patch #6 (0006-Add-TLS-support-for-Gnocchi-public-endpoint.patch):'
+ /usr/bin/cat /builddir/build/SOURCES/0006-Add-TLS-support-for-Gnocchi-public-endpoint.patch
+ /usr/bin/patch -p1 --fuzz=2
patching file gnocchi/templates/secret-ingress-tls.yaml
patching file gnocchi/values.yaml
+ echo 'Patch #7 (0007-Fix-pod-restarts-on-all-workers-when-worker-added-re.patch):'
Patch #7 (0007-Fix-pod-restarts-on-all-workers-when-worker-added-re.patch):
+ /usr/bin/cat /builddir/build/SOURCES/0007-Fix-pod-restarts-on-all-workers-when-worker-added-re.patch
+ /usr/bin/patch -p1 --fuzz=2
patching file helm-toolkit/templates/utils/_daemonset_overrides.tpl
patching file helm-toolkit/templates/utils/_hash.tpl
+ echo 'Patch #8 (0008-Add-io_thread_pool-for-rabbitmq.patch):'
Patch #8 (0008-Add-io_thread_pool-for-rabbitmq.patch):
+ /usr/bin/cat /builddir/build/SOURCES/0008-Add-io_thread_pool-for-rabbitmq.patch
+ /usr/bin/patch -p1 --fuzz=2
patching file rabbitmq/templates/statefulset.yaml
patching file rabbitmq/values.yaml
+ echo 'Patch #9 (0009-Enable-override-of-rabbitmq-probe-parameters.patch):'
Patch #9 (0009-Enable-override-of-rabbitmq-probe-parameters.patch):
+ /usr/bin/cat /builddir/build/SOURCES/0009-Enable-override-of-rabbitmq-probe-parameters.patch
+ /usr/bin/patch -p1 --fuzz=2
patching file rabbitmq/templates/statefulset.yaml
patching file rabbitmq/values.yaml
+ echo 'Patch #10 (0001-fix-ip-address.patch):'
Patch #10 (0001-fix-ip-address.patch):
+ /usr/bin/cat /builddir/build/SOURCES/0001-fix-ip-address.patch
+ /usr/bin/patch -p2 --fuzz=2
patching file ceph-rgw/requirements.yaml
patching file gnocchi/requirements.yaml
patching file ingress/requirements.yaml
patching file libvirt/requirements.yaml
patching file mariadb/requirements.yaml
patching file memcached/requirements.yaml
patching file openvswitch/requirements.yaml
patching file rabbitmq/requirements.yaml
+ exit 0
Executing(%build): /bin/sh -e /var/tmp/rpm-tmp.A2DxEF
+ umask 022
+ cd /builddir/build/BUILD
+ cd openstack-helm-infra
+ LANG=en_US.UTF-8
+ export LANG
+ unset DISPLAY
+ unset PYTHONOPTIMIZE
+ CFLAGS='-O2 -g -feliminate-unused-debug-types -pipe -Wall -Wp,-D_FORTIFY_SOURCE=2 -fexceptions -fstack-protector --param=ssp-buffer-size=32 -Wformat -Wformat-security -Wl,-z,now,-z,relro,-z,max-page-size=0x1000,-z,separate-code -Wno-error -ftree-vectorize -ftree-slp-vectorize -Wl,--enable-new-dtags -fcf-protection=return -m64 -march=westmere -mtune=haswell -fasynchronous-unwind-tables -fno-omit-frame-pointer -Wp,-D_REENTRANT'
+ export CFLAGS
+ http_proxy=http://127.0.0.1:9/
+ export http_proxy
+ https_proxy=http://127.0.0.1:9/
+ export https_proxy
+ ftp_proxy=http://127.0.0.1:9/
+ export ftp_proxy
+ no_proxy=localhost,127.0.0.1,0.0.0.0
+ export no_proxy
+ CXXFLAGS='-O2 -g -feliminate-unused-debug-types -pipe -Wall -Wp,-D_FORTIFY_SOURCE=2 -fexceptions -fstack-protector --param=ssp-buffer-size=32 -Wformat -Wformat-security -Wl,-z,now,-z,relro,-z,max-page-size=0x1000,-z,separate-code -Wno-error -ftree-vectorize -ftree-slp-vectorize -Wl,--enable-new-dtags -fcf-protection=return -m64 -march=westmere -mtune=haswell -fasynchronous-unwind-tables -fno-omit-frame-pointer -Wp,-D_REENTRANT'
+ export CXXFLAGS
+ FFLAGS='-g -O3 -feliminate-unused-debug-types  -pipe -Wall -Wp,-D_FORTIFY_SOURCE=2 -fexceptions -fstack-protector --param=ssp-buffer-size=32 -m64 -fasynchronous-unwind-tables -Wp,-D_REENTRANT -ftree-loop-distribute-patterns -Wl,-z -Wl,now -Wl,-z -Wl,relro -malign-data=abi -fno-semantic-interposition -ftree-vectorize  -ftree-loop-vectorize -Wl,--enable-new-dtags '
+ export FFLAGS
+ LD_AS_NEEDED=1
+ export LD_AS_NEEDED
+ PKG_CONFIG_LIBDIR=/usr/lib64/pkgconfig
+ export PKG_CONFIG_LIBDIR
+ PATH=/usr/lib64/ccache/bin:/usr/local/bin:/usr/bin
+ export PATH
+ export PBR_VERSION=1.0
+ PBR_VERSION=1.0
+ mkdir /builddir/.helm
+ mkdir /builddir/.helm/repository
+ mkdir /builddir/.helm/repository/cache
+ mkdir /builddir/.helm/repository/local
+ mkdir /builddir/.helm/plugins
+ mkdir /builddir/.helm/starters
+ mkdir /builddir/.helm/cache
+ mkdir /builddir/.helm/cache/archive
+ tar -zxvf /builddir/build/SOURCES/repositories.tar.gz
repositories.yaml
+ cp repositories.yaml /builddir/.helm/repository/repositories.yaml
+ helm repo rm local
+ helm serve /tmp/charts --address 127.0.0.1:8879 --url http://127.0.0.1:8879/charts
"local" has been removed from your repositories
Regenerating index. This may take a moment.
Now serving you on 127.0.0.1:8879
+ helm repo add local http://127.0.0.1:8879/charts
"local" has been added to your repositories
+ make helm-toolkit
===== Processing [helm-toolkit] chart =====
make[1]: Entering directory '/builddir/build/BUILD/openstack-helm-infra'
if [ -f helm-toolkit/Makefile ]; then make -C helm-toolkit; fi
if [ -f helm-toolkit/requirements.yaml ]; then helm dep up helm-toolkit; fi
Hang tight while we grab the latest from your chart repositories...
...Successfully got an update from the "local" chart repository
Update Complete.
Saving 0 charts
Deleting outdated charts
if [ -d helm-toolkit ]; then helm lint helm-toolkit; fi
==> Linting helm-toolkit
Lint OK
1 chart(s) linted, no failures
if [ -d helm-toolkit ]; then helm package helm-toolkit; fi
Successfully packaged chart and saved it to: /builddir/build/BUILD/openstack-helm-infra/helm-toolkit-0.1.0.tgz
make[1]: Leaving directory '/builddir/build/BUILD/openstack-helm-infra'
+ make gnocchi
===== Processing [gnocchi] chart =====
make[1]: Entering directory '/builddir/build/BUILD/openstack-helm-infra'
if [ -f gnocchi/Makefile ]; then make -C gnocchi; fi
if [ -f gnocchi/requirements.yaml ]; then helm dep up gnocchi; fi
Hang tight while we grab the latest from your chart repositories...
...Successfully got an update from the "local" chart repository
Update Complete.
Saving 1 charts
Downloading helm-toolkit from repo http://127.0.0.1:8879/charts
Deleting outdated charts
if [ -d gnocchi ]; then helm lint gnocchi; fi
==> Linting gnocchi
Lint OK
1 chart(s) linted, no failures
if [ -d gnocchi ]; then helm package gnocchi; fi
Successfully packaged chart and saved it to: /builddir/build/BUILD/openstack-helm-infra/gnocchi-0.1.0.tgz
make[1]: Leaving directory '/builddir/build/BUILD/openstack-helm-infra'
+ make ingress
===== Processing [ingress] chart =====
make[1]: Entering directory '/builddir/build/BUILD/openstack-helm-infra'
if [ -f ingress/Makefile ]; then make -C ingress; fi
if [ -f ingress/requirements.yaml ]; then helm dep up ingress; fi
Hang tight while we grab the latest from your chart repositories...
...Successfully got an update from the "local" chart repository
Update Complete.
Saving 1 charts
Downloading helm-toolkit from repo http://127.0.0.1:8879/charts
Deleting outdated charts
if [ -d ingress ]; then helm lint ingress; fi
==> Linting ingress
[INFO] Chart.yaml: icon is recommended
1 chart(s) linted, no failures
if [ -d ingress ]; then helm package ingress; fi
Successfully packaged chart and saved it to: /builddir/build/BUILD/openstack-helm-infra/ingress-0.1.0.tgz
make[1]: Leaving directory '/builddir/build/BUILD/openstack-helm-infra'
+ make libvirt
===== Processing [libvirt] chart =====
make[1]: Entering directory '/builddir/build/BUILD/openstack-helm-infra'
if [ -f libvirt/Makefile ]; then make -C libvirt; fi
if [ -f libvirt/requirements.yaml ]; then helm dep up libvirt; fi
Hang tight while we grab the latest from your chart repositories...
...Successfully got an update from the "local" chart repository
Update Complete.
Saving 1 charts
Downloading helm-toolkit from repo http://127.0.0.1:8879/charts
Deleting outdated charts
if [ -d libvirt ]; then helm lint libvirt; fi
==> Linting libvirt
[INFO] Chart.yaml: icon is recommended
1 chart(s) linted, no failures
if [ -d libvirt ]; then helm package libvirt; fi
Successfully packaged chart and saved it to: /builddir/build/BUILD/openstack-helm-infra/libvirt-0.1.0.tgz
make[1]: Leaving directory '/builddir/build/BUILD/openstack-helm-infra'
+ make mariadb
===== Processing [mariadb] chart =====
make[1]: Entering directory '/builddir/build/BUILD/openstack-helm-infra'
if [ -f mariadb/Makefile ]; then make -C mariadb; fi
if [ -f mariadb/requirements.yaml ]; then helm dep up mariadb; fi
Hang tight while we grab the latest from your chart repositories...
...Successfully got an update from the "local" chart repository
Update Complete.
Saving 1 charts
Downloading helm-toolkit from repo http://127.0.0.1:8879/charts
Deleting outdated charts
if [ -d mariadb ]; then helm lint mariadb; fi
==> Linting mariadb
Lint OK
1 chart(s) linted, no failures
if [ -d mariadb ]; then helm package mariadb; fi
Successfully packaged chart and saved it to: /builddir/build/BUILD/openstack-helm-infra/mariadb-0.1.0.tgz
make[1]: Leaving directory '/builddir/build/BUILD/openstack-helm-infra'
+ make memcached
===== Processing [memcached] chart =====
make[1]: Entering directory '/builddir/build/BUILD/openstack-helm-infra'
if [ -f memcached/Makefile ]; then make -C memcached; fi
if [ -f memcached/requirements.yaml ]; then helm dep up memcached; fi
Hang tight while we grab the latest from your chart repositories...
...Successfully got an update from the "local" chart repository
Update Complete.
Saving 1 charts
Downloading helm-toolkit from repo http://127.0.0.1:8879/charts
Deleting outdated charts
if [ -d memcached ]; then helm lint memcached; fi
==> Linting memcached
[INFO] Chart.yaml: icon is recommended
1 chart(s) linted, no failures
if [ -d memcached ]; then helm package memcached; fi
Successfully packaged chart and saved it to: /builddir/build/BUILD/openstack-helm-infra/memcached-0.1.0.tgz
make[1]: Leaving directory '/builddir/build/BUILD/openstack-helm-infra'
+ make openvswitch
===== Processing [openvswitch] chart =====
make[1]: Entering directory '/builddir/build/BUILD/openstack-helm-infra'
if [ -f openvswitch/Makefile ]; then make -C openvswitch; fi
if [ -f openvswitch/requirements.yaml ]; then helm dep up openvswitch; fi
Hang tight while we grab the latest from your chart repositories...
...Successfully got an update from the "local" chart repository
Update Complete.
Saving 1 charts
Downloading helm-toolkit from repo http://127.0.0.1:8879/charts
Deleting outdated charts
if [ -d openvswitch ]; then helm lint openvswitch; fi
==> Linting openvswitch
Lint OK
1 chart(s) linted, no failures
if [ -d openvswitch ]; then helm package openvswitch; fi
Successfully packaged chart and saved it to: /builddir/build/BUILD/openstack-helm-infra/openvswitch-0.1.0.tgz
make[1]: Leaving directory '/builddir/build/BUILD/openstack-helm-infra'
+ make rabbitmq
===== Processing [rabbitmq] chart =====
make[1]: Entering directory '/builddir/build/BUILD/openstack-helm-infra'
if [ -f rabbitmq/Makefile ]; then make -C rabbitmq; fi
if [ -f rabbitmq/requirements.yaml ]; then helm dep up rabbitmq; fi
Hang tight while we grab the latest from your chart repositories...
...Successfully got an update from the "local" chart repository
Update Complete.
Saving 1 charts
Downloading helm-toolkit from repo http://127.0.0.1:8879/charts
Deleting outdated charts
if [ -d rabbitmq ]; then helm lint rabbitmq; fi
==> Linting rabbitmq
[INFO] Chart.yaml: icon is recommended
1 chart(s) linted, no failures
if [ -d rabbitmq ]; then helm package rabbitmq; fi
Successfully packaged chart and saved it to: /builddir/build/BUILD/openstack-helm-infra/rabbitmq-0.1.0.tgz
make[1]: Leaving directory '/builddir/build/BUILD/openstack-helm-infra'
+ make ceph-rgw
===== Processing [ceph-rgw] chart =====
make[1]: Entering directory '/builddir/build/BUILD/openstack-helm-infra'
if [ -f ceph-rgw/Makefile ]; then make -C ceph-rgw; fi
if [ -f ceph-rgw/requirements.yaml ]; then helm dep up ceph-rgw; fi
Hang tight while we grab the latest from your chart repositories...
...Successfully got an update from the "local" chart repository
Update Complete.
Saving 1 charts
Downloading helm-toolkit from repo http://127.0.0.1:8879/charts
Deleting outdated charts
if [ -d ceph-rgw ]; then helm lint ceph-rgw; fi
==> Linting ceph-rgw
[INFO] Chart.yaml: icon is recommended
1 chart(s) linted, no failures
if [ -d ceph-rgw ]; then helm package ceph-rgw; fi
Successfully packaged chart and saved it to: /builddir/build/BUILD/openstack-helm-infra/ceph-rgw-0.1.0.tgz
make[1]: Leaving directory '/builddir/build/BUILD/openstack-helm-infra'
+ kill %1
+ export http_proxy=http://127.0.0.1:9/
+ http_proxy=http://127.0.0.1:9/
+ export https_proxy=http://127.0.0.1:9/
+ https_proxy=http://127.0.0.1:9/
+ export no_proxy=localhost,127.0.0.1,0.0.0.0
+ no_proxy=localhost,127.0.0.1,0.0.0.0
+ export LANG=C.UTF-8
+ LANG=C.UTF-8
+ export SOURCE_DATE_EPOCH=1568963133
+ SOURCE_DATE_EPOCH=1568963133
+ export GCC_IGNORE_WERROR=1
+ GCC_IGNORE_WERROR=1
+ export AR=gcc-ar
+ AR=gcc-ar
+ export RANLIB=gcc-ranlib
+ RANLIB=gcc-ranlib
+ export NM=gcc-nm
+ NM=gcc-nm
+ export 'CFLAGS=-O2 -g -feliminate-unused-debug-types -pipe -Wall -Wp,-D_FORTIFY_SOURCE=2 -fexceptions -fstack-protector --param=ssp-buffer-size=32 -Wformat -Wformat-security -Wl,-z,now,-z,relro,-z,max-page-size=0x1000,-z,separate-code -Wno-error -ftree-vectorize -ftree-slp-vectorize -Wl,--enable-new-dtags -fcf-protection=return -m64 -march=westmere -mtune=haswell -fasynchronous-unwind-tables -fno-omit-frame-pointer -Wp,-D_REENTRANT -O3 -ffat-lto-objects -flto=4 '
+ CFLAGS='-O2 -g -feliminate-unused-debug-types -pipe -Wall -Wp,-D_FORTIFY_SOURCE=2 -fexceptions -fstack-protector --param=ssp-buffer-size=32 -Wformat -Wformat-security -Wl,-z,now,-z,relro,-z,max-page-size=0x1000,-z,separate-code -Wno-error -ftree-vectorize -ftree-slp-vectorize -Wl,--enable-new-dtags -fcf-protection=return -m64 -march=westmere -mtune=haswell -fasynchronous-unwind-tables -fno-omit-frame-pointer -Wp,-D_REENTRANT -O3 -ffat-lto-objects -flto=4 '
+ export 'FCFLAGS=-O2 -g -feliminate-unused-debug-types -pipe -Wall -Wp,-D_FORTIFY_SOURCE=2 -fexceptions -fstack-protector --param=ssp-buffer-size=32 -Wformat -Wformat-security -Wl,-z,now,-z,relro,-z,max-page-size=0x1000,-z,separate-code -Wno-error -ftree-vectorize -ftree-slp-vectorize -Wl,--enable-new-dtags -fcf-protection=return -m64 -march=westmere -mtune=haswell -fasynchronous-unwind-tables -fno-omit-frame-pointer -Wp,-D_REENTRANT -O3 -ffat-lto-objects -flto=4  -O3 -ffat-lto-objects -flto=4 '
+ FCFLAGS='-O2 -g -feliminate-unused-debug-types -pipe -Wall -Wp,-D_FORTIFY_SOURCE=2 -fexceptions -fstack-protector --param=ssp-buffer-size=32 -Wformat -Wformat-security -Wl,-z,now,-z,relro,-z,max-page-size=0x1000,-z,separate-code -Wno-error -ftree-vectorize -ftree-slp-vectorize -Wl,--enable-new-dtags -fcf-protection=return -m64 -march=westmere -mtune=haswell -fasynchronous-unwind-tables -fno-omit-frame-pointer -Wp,-D_REENTRANT -O3 -ffat-lto-objects -flto=4  -O3 -ffat-lto-objects -flto=4 '
+ export 'FFLAGS=-O2 -g -feliminate-unused-debug-types -pipe -Wall -Wp,-D_FORTIFY_SOURCE=2 -fexceptions -fstack-protector --param=ssp-buffer-size=32 -Wformat -Wformat-security -Wl,-z,now,-z,relro,-z,max-page-size=0x1000,-z,separate-code -Wno-error -ftree-vectorize -ftree-slp-vectorize -Wl,--enable-new-dtags -fcf-protection=return -m64 -march=westmere -mtune=haswell -fasynchronous-unwind-tables -fno-omit-frame-pointer -Wp,-D_REENTRANT -O3 -ffat-lto-objects -flto=4  -O3 -ffat-lto-objects -flto=4 '
+ FFLAGS='-O2 -g -feliminate-unused-debug-types -pipe -Wall -Wp,-D_FORTIFY_SOURCE=2 -fexceptions -fstack-protector --param=ssp-buffer-size=32 -Wformat -Wformat-security -Wl,-z,now,-z,relro,-z,max-page-size=0x1000,-z,separate-code -Wno-error -ftree-vectorize -ftree-slp-vectorize -Wl,--enable-new-dtags -fcf-protection=return -m64 -march=westmere -mtune=haswell -fasynchronous-unwind-tables -fno-omit-frame-pointer -Wp,-D_REENTRANT -O3 -ffat-lto-objects -flto=4  -O3 -ffat-lto-objects -flto=4 '
+ export 'CXXFLAGS=-O2 -g -feliminate-unused-debug-types -pipe -Wall -Wp,-D_FORTIFY_SOURCE=2 -fexceptions -fstack-protector --param=ssp-buffer-size=32 -Wformat -Wformat-security -Wl,-z,now,-z,relro,-z,max-page-size=0x1000,-z,separate-code -Wno-error -ftree-vectorize -ftree-slp-vectorize -Wl,--enable-new-dtags -fcf-protection=return -m64 -march=westmere -mtune=haswell -fasynchronous-unwind-tables -fno-omit-frame-pointer -Wp,-D_REENTRANT -O3 -ffat-lto-objects -flto=4 '
+ CXXFLAGS='-O2 -g -feliminate-unused-debug-types -pipe -Wall -Wp,-D_FORTIFY_SOURCE=2 -fexceptions -fstack-protector --param=ssp-buffer-size=32 -Wformat -Wformat-security -Wl,-z,now,-z,relro,-z,max-page-size=0x1000,-z,separate-code -Wno-error -ftree-vectorize -ftree-slp-vectorize -Wl,--enable-new-dtags -fcf-protection=return -m64 -march=westmere -mtune=haswell -fasynchronous-unwind-tables -fno-omit-frame-pointer -Wp,-D_REENTRANT -O3 -ffat-lto-objects -flto=4 '
+ export MAKEFLAGS=-j4
+ MAKEFLAGS=-j4
+ python3 setup.py build
running build
+ exit 0
Executing(%install): /bin/sh -e /var/tmp/rpm-tmp.hNr5YF
+ umask 022
+ cd /builddir/build/BUILD
+ cd openstack-helm-infra
+ LANG=en_US.UTF-8
+ export LANG
+ unset DISPLAY
+ unset PYTHONOPTIMIZE
+ rm -rf /builddir/build/BUILDROOT/openstack-helm-infra-1.0-1.x86_64
+ mkdir -p /builddir/build/BUILDROOT/openstack-helm-infra-1.0-1.x86_64
+ export MAKEFLAGS=-j4
+ MAKEFLAGS=-j4
+ rm -rf /builddir/build/BUILDROOT/openstack-helm-infra-1.0-1.x86_64
+ export PBR_VERSION=1.0
+ PBR_VERSION=1.0
+ install -d -m 755 /builddir/build/BUILDROOT/openstack-helm-infra-1.0-1.x86_64/usr/lib/helm
+ python3 -tt setup.py build install --root=/builddir/build/BUILDROOT/openstack-helm-infra-1.0-1.x86_64
running build
running install
[pbr] Generating AUTHORS
[pbr] AUTHORS complete (0.0s)
running install_egg_info
running egg_info
creating openstack_helm_infra.egg-info
writing openstack_helm_infra.egg-info/PKG-INFO
writing dependency_links to openstack_helm_infra.egg-info/dependency_links.txt
writing top-level names to openstack_helm_infra.egg-info/top_level.txt
[pbr] Processing SOURCES.txt
writing manifest file 'openstack_helm_infra.egg-info/SOURCES.txt'
warning: no files found matching 'AUTHORS'
warning: no files found matching 'ChangeLog'
warning: no previously-included files found matching '.gitignore'
warning: no previously-included files found matching '.gitreview'
warning: no previously-included files matching '*.pyc' found anywhere in distribution
writing manifest file 'openstack_helm_infra.egg-info/SOURCES.txt'
Copying openstack_helm_infra.egg-info to /builddir/build/BUILDROOT/openstack-helm-infra-1.0-1.x86_64/usr/lib/python3.7/site-packages/openstack_helm_infra-1.0-py3.7.egg-info
running install_scripts
/usr/lib/python3.7/site-packages/pbr/packaging.py:435: EasyInstallDeprecationWarning: Use get_header
  header = easy_install.get_script_header("", executable, is_wininst)
+ echo '----[' mark ']----'
----[ mark ]----
+ cat '/builddir/build/BUILDROOT/openstack-helm-infra-1.0-1.x86_64/usr/lib/python3*/site-packages/*/requires.txt'
cat: '/builddir/build/BUILDROOT/openstack-helm-infra-1.0-1.x86_64/usr/lib/python3*/site-packages/*/requires.txt': No such file or directory
+ :
----[ mark ]----
+ echo '----[' mark ']----'
+ install -p -D -m 755 ceph-rgw-0.1.0.tgz gnocchi-0.1.0.tgz helm-toolkit-0.1.0.tgz ingress-0.1.0.tgz libvirt-0.1.0.tgz mariadb-0.1.0.tgz memcached-0.1.0.tgz openvswitch-0.1.0.tgz rabbitmq-0.1.0.tgz /builddir/build/BUILDROOT/openstack-helm-infra-1.0-1.x86_64/usr/lib/helm
+ rm -f /builddir/build/BUILDROOT/openstack-helm-infra-1.0-1.x86_64/usr/share/info/dir
++ find /builddir/build/BUILDROOT/openstack-helm-infra-1.0-1.x86_64 -path 'etc/*' '!' -type d
+ test -z ''
+ rm -rf '/builddir/build/BUILDROOT/openstack-helm-infra-1.0-1.x86_64/etc/*'
+ rm -rf '/builddir/build/BUILDROOT/openstack-helm-infra-1.0-1.x86_64/usr/share/factory/*'
+ find /builddir/build/BUILDROOT/openstack-helm-infra-1.0-1.x86_64 -name __pycache__
+ xargs rm -rf --
+ '[' -d /builddir/build/BUILDROOT/openstack-helm-infra-1.0-1.x86_64/usr/share/mime ']'
++ getconf _NPROCESSORS_ONLN
+ RPM_XARGS_PFLAG=-P4
+ find /builddir/build/BUILDROOT/openstack-helm-infra-1.0-1.x86_64 -name '*.so.avx512' -print0
+ xargs -0rtn1 -P4 python /usr/share/clr-avx-tools/avxjudge.py -q -5
+ find /builddir/build/BUILDROOT/openstack-helm-infra-1.0-1.x86_64/usr/lib64/haswell/avx512_1 -name '*.so*' -print0
find: ‘/builddir/build/BUILDROOT/openstack-helm-infra-1.0-1.x86_64/usr/lib64/haswell/avx512_1’: No such file or directory
+ find /builddir/build/BUILDROOT/openstack-helm-infra-1.0-1.x86_64 -name '*.so.avx2' -print0
+ xargs -0rtn1 -P4 python /usr/share/clr-avx-tools/avxjudge.py -q -2
+ find /builddir/build/BUILDROOT/openstack-helm-infra-1.0-1.x86_64/usr/lib64/haswell '!' -path '/usr/lib64/haswell/avx512_1/*' -name '*.so*' -print0
find: ‘/builddir/build/BUILDROOT/openstack-helm-infra-1.0-1.x86_64/usr/lib64/haswell’: No such file or directory
+ find /builddir/build/BUILDROOT/openstack-helm-infra-1.0-1.x86_64/usr/lib64/ -maxdepth 1 -name '*.so*' -type f -print0
+ xargs -0rtn1 -P4 /usr/lib/rpm/clr/brp-create-abi
+ sort -u
find: ‘/builddir/build/BUILDROOT/openstack-helm-infra-1.0-1.x86_64/usr/lib64/’: No such file or directory
+ /usr/lib/rpm/find-debuginfo.sh --strict-build-id /builddir/build/BUILD/openstack-helm-infra
find: ‘debug’: No such file or directory
+ '[' -d /builddir/build/BUILDROOT/openstack-helm-infra-1.0-1.x86_64/usr/lib/debug ']'
+ :
+ '[' -d /builddir/build/BUILDROOT/openstack-helm-infra-1.0-1.x86_64/usr/lib/debug ']'
+ :
+ '[' -d /builddir/build/BUILDROOT/openstack-helm-infra-1.0-1.x86_64/usr/src/debug ']'
+ :
+ '[' -d /builddir/build/BUILDROOT/openstack-helm-infra-1.0-1.x86_64/usr/lib/debug.force ']'
+ :
+ '[' -d /builddir/build/BUILDROOT/openstack-helm-infra-1.0-1.x86_64/usr/src/debug.force ']'
+ :
+ /usr/lib/rpm/check-buildroot
+ /usr/lib/rpm/clr/brp-strip-static-archive /usr/bin/strip
+ /usr/lib/rpm/clr/brp-strip-comment-note /usr/bin/strip /usr/bin/objdump
+ /usr/lib/rpm/clr/brp-python-bytecompile
[BYTECOMPILE] Building for /builddir/build/BUILDROOT/openstack-helm-infra-1.0-1.x86_64/usr/lib/python3.7 using /usr/bin/python3.7
+ find /builddir/build/BUILDROOT/openstack-helm-infra-1.0-1.x86_64 -print0
+ xargs -0 touch -h -d '@1549052798 '
+ /usr/lib/rpm/clr/brp-java-repack-jars
Executing(%check): /bin/sh -e /var/tmp/rpm-tmp.U38nmF
+ umask 022
+ cd /builddir/build/BUILD
dont need check
+ cd openstack-helm-infra
+ LANG=en_US.UTF-8
+ export LANG
+ unset DISPLAY
+ unset PYTHONOPTIMIZE
+ export http_proxy=http://127.0.0.1:9/
+ http_proxy=http://127.0.0.1:9/
+ export https_proxy=http://127.0.0.1:9/
+ https_proxy=http://127.0.0.1:9/
+ export no_proxy=localhost,127.0.0.1,0.0.0.0
+ no_proxy=localhost,127.0.0.1,0.0.0.0
+ echo 'dont need check'
+ exit 0
Processing files: openstack-helm-infra-1.0-1.x86_64
Processing files: openstack-helm-infra-debuginfo-1.0-1.x86_64
Processing files: openstack-helm-infra-abi-1.0-1.x86_64
warning: Empty %files file /builddir/build/BUILD/openstack-helm-infra/debugfiles.list
warning: Empty %files file /builddir/build/BUILD/openstack-helm-infra/abifiles.list
Checking for unpackaged file(s): /usr/lib/rpm/check-files /builddir/build/BUILDROOT/openstack-helm-infra-1.0-1.x86_64
RPM build errors:
error: Installed (but unpackaged) file(s) found:
   /usr/lib/helm/ceph-rgw-0.1.0.tgz
   /usr/lib/helm/gnocchi-0.1.0.tgz
   /usr/lib/helm/helm-toolkit-0.1.0.tgz
   /usr/lib/helm/ingress-0.1.0.tgz
   /usr/lib/helm/libvirt-0.1.0.tgz
   /usr/lib/helm/mariadb-0.1.0.tgz
   /usr/lib/helm/memcached-0.1.0.tgz
   /usr/lib/helm/openvswitch-0.1.0.tgz
   /usr/lib/helm/rabbitmq-0.1.0.tgz
   /usr/lib/python3.7/site-packages/openstack_helm_infra-1.0-py3.7.egg-info/PKG-INFO
   /usr/lib/python3.7/site-packages/openstack_helm_infra-1.0-py3.7.egg-info/SOURCES.txt
   /usr/lib/python3.7/site-packages/openstack_helm_infra-1.0-py3.7.egg-info/dependency_links.txt
   /usr/lib/python3.7/site-packages/openstack_helm_infra-1.0-py3.7.egg-info/not-zip-safe
   /usr/lib/python3.7/site-packages/openstack_helm_infra-1.0-py3.7.egg-info/top_level.txt
    Empty %files file /builddir/build/BUILD/openstack-helm-infra/debugfiles.list
    Empty %files file /builddir/build/BUILD/openstack-helm-infra/abifiles.list
    Installed (but unpackaged) file(s) found:
   /usr/lib/helm/ceph-rgw-0.1.0.tgz
   /usr/lib/helm/gnocchi-0.1.0.tgz
   /usr/lib/helm/helm-toolkit-0.1.0.tgz
   /usr/lib/helm/ingress-0.1.0.tgz
   /usr/lib/helm/libvirt-0.1.0.tgz
   /usr/lib/helm/mariadb-0.1.0.tgz
   /usr/lib/helm/memcached-0.1.0.tgz
   /usr/lib/helm/openvswitch-0.1.0.tgz
   /usr/lib/helm/rabbitmq-0.1.0.tgz
   /usr/lib/python3.7/site-packages/openstack_helm_infra-1.0-py3.7.egg-info/PKG-INFO
   /usr/lib/python3.7/site-packages/openstack_helm_infra-1.0-py3.7.egg-info/SOURCES.txt
   /usr/lib/python3.7/site-packages/openstack_helm_infra-1.0-py3.7.egg-info/dependency_links.txt
   /usr/lib/python3.7/site-packages/openstack_helm_infra-1.0-py3.7.egg-info/not-zip-safe
   /usr/lib/python3.7/site-packages/openstack_helm_infra-1.0-py3.7.egg-info/top_level.txt
Child return code was: 1
EXCEPTION: Command failed. See logs for output.
 # bash --login -c /usr/bin/rpmbuild -bb --target x86_64 --nodeps  /builddir/build/SPECS/openstack-helm-infra.spec 
Traceback (most recent call last):
  File "/usr/lib/python3.7/site-packages/mockbuild/trace_decorator.py", line 84, in trace
    result = func(*args, **kw)
  File "/usr/lib/python3.7/site-packages/mockbuild/util.py", line 531, in do
    raise exception.Error("Command failed. See logs for output.\n # %s" % (command,), child.returncode)
mockbuild.exception.Error: Command failed. See logs for output.
 # bash --login -c /usr/bin/rpmbuild -bb --target x86_64 --nodeps  /builddir/build/SPECS/openstack-helm-infra.spec 
LEAVE do --> EXCEPTION RAISED

