Mock Version: 1.2.14
ENTER do(['bash', '--login', '-c', '/usr/bin/rpmbuild -bs --target x86_64 --nodeps /builddir/build/SPECS/python-3parclient.spec'], chrootPath='/var/lib/mock/clear-python-3parclient/root'env={'TERM': 'vt100', 'SHELL': '/bin/bash', 'HOME': '/builddir', 'HOSTNAME': 'mock', 'PATH': '/usr/bin:/bin:/usr/sbin:/sbin', 'LANG': 'en_US.UTF-8', 'CCACHE_DIR': '/var/tmp/ccache', 'CCACHE_UMASK': '002'}shell=Falselogger=<mockbuild.trace_decorator.getLog object at 0x7f4634087d90>timeout=0uid=1000gid=1000user='mockbuild'printOutput=False)
Executing command: ['bash', '--login', '-c', '/usr/bin/rpmbuild -bs --target x86_64 --nodeps /builddir/build/SPECS/python-3parclient.spec'] with env {'TERM': 'vt100', 'SHELL': '/bin/bash', 'HOME': '/builddir', 'HOSTNAME': 'mock', 'PATH': '/usr/bin:/bin:/usr/sbin:/sbin', 'LANG': 'en_US.UTF-8', 'CCACHE_DIR': '/var/tmp/ccache', 'CCACHE_UMASK': '002'} and shell False
Building target platforms: x86_64
Building for target x86_64
Wrote: /builddir/build/SRPMS/python-3parclient-3parclient.4.2.3-1.src.rpm
Child return code was: 0
LEAVE do --> 

ENTER do(['bash', '--login', '-c', '/usr/bin/rpmbuild -bb --target x86_64 --nodeps  /builddir/build/SPECS/python-3parclient.spec '], chrootPath='/var/lib/mock/clear-python-3parclient/root'env={'TERM': 'vt100', 'SHELL': '/bin/bash', 'HOME': '/builddir', 'HOSTNAME': 'mock', 'PATH': '/usr/bin:/bin:/usr/sbin:/sbin', 'LANG': 'en_US.UTF-8', 'CCACHE_DIR': '/var/tmp/ccache', 'CCACHE_UMASK': '002'}shell=Falselogger=<mockbuild.trace_decorator.getLog object at 0x7f4634087d90>timeout=0uid=1000gid=1000user='mockbuild'private_network=TrueprintOutput=False)
Executing command: ['bash', '--login', '-c', '/usr/bin/rpmbuild -bb --target x86_64 --nodeps  /builddir/build/SPECS/python-3parclient.spec '] with env {'TERM': 'vt100', 'SHELL': '/bin/bash', 'HOME': '/builddir', 'HOSTNAME': 'mock', 'PATH': '/usr/bin:/bin:/usr/sbin:/sbin', 'LANG': 'en_US.UTF-8', 'CCACHE_DIR': '/var/tmp/ccache', 'CCACHE_UMASK': '002'} and shell False
Building target platforms: x86_64
Building for target x86_64
Executing(%prep): /bin/sh -e /var/tmp/rpm-tmp.YMonLJ
+ umask 022
+ cd /builddir/build/BUILD
+ LANG=en_US.UTF-8
+ export LANG
+ unset DISPLAY
+ cd /builddir/build/BUILD
+ rm -rf python-3parclient-4.2.3
+ /usr/bin/gzip -dc /builddir/build/SOURCES/python-3parclient-4.2.3.tar.gz
+ /usr/bin/tar -xf -
+ STATUS=0
+ '[' 0 -ne 0 ']'
+ cd python-3parclient-4.2.3
+ /usr/bin/chmod -Rf a+rX,u+w,g-w,o-w .
+ exit 0
Executing(%build): /bin/sh -e /var/tmp/rpm-tmp.rJj6II
+ umask 022
+ cd /builddir/build/BUILD
+ cd python-3parclient-4.2.3
+ LANG=en_US.UTF-8
+ export LANG
+ unset DISPLAY
+ unset PYTHONOPTIMIZE
+ CFLAGS='-O2 -g -feliminate-unused-debug-types -pipe -Wall -Wp,-D_FORTIFY_SOURCE=2 -fexceptions -fstack-protector --param=ssp-buffer-size=32 -Wformat -Wformat-security -Wl,-z,now,-z,relro,-z,max-page-size=0x1000,-z,separate-code -Wno-error -ftree-vectorize -ftree-slp-vectorize -Wl,--enable-new-dtags -fcf-protection=return -m64 -march=westmere -mtune=haswell -fasynchronous-unwind-tables -fno-omit-frame-pointer -Wp,-D_REENTRANT'
+ export CFLAGS
+ http_proxy=http://127.0.0.1:9/
+ export http_proxy
+ https_proxy=http://127.0.0.1:9/
+ export https_proxy
+ ftp_proxy=http://127.0.0.1:9/
+ export ftp_proxy
+ no_proxy=localhost,127.0.0.1,0.0.0.0
+ export no_proxy
+ CXXFLAGS='-O2 -g -feliminate-unused-debug-types -pipe -Wall -Wp,-D_FORTIFY_SOURCE=2 -fexceptions -fstack-protector --param=ssp-buffer-size=32 -Wformat -Wformat-security -Wl,-z,now,-z,relro,-z,max-page-size=0x1000,-z,separate-code -Wno-error -ftree-vectorize -ftree-slp-vectorize -Wl,--enable-new-dtags -fcf-protection=return -m64 -march=westmere -mtune=haswell -fasynchronous-unwind-tables -fno-omit-frame-pointer -Wp,-D_REENTRANT'
+ export CXXFLAGS
+ FFLAGS='-g -O3 -feliminate-unused-debug-types  -pipe -Wall -Wp,-D_FORTIFY_SOURCE=2 -fexceptions -fstack-protector --param=ssp-buffer-size=32 -m64 -fasynchronous-unwind-tables -Wp,-D_REENTRANT -ftree-loop-distribute-patterns -Wl,-z -Wl,now -Wl,-z -Wl,relro -malign-data=abi -fno-semantic-interposition -ftree-vectorize  -ftree-loop-vectorize -Wl,--enable-new-dtags '
+ export FFLAGS
+ LD_AS_NEEDED=1
+ export LD_AS_NEEDED
+ PKG_CONFIG_LIBDIR=/usr/lib64/pkgconfig
+ export PKG_CONFIG_LIBDIR
+ PATH=/usr/lib64/ccache/bin:/usr/local/bin:/usr/bin
+ export PATH
+ export http_proxy=http://127.0.0.1:9/
+ http_proxy=http://127.0.0.1:9/
+ export https_proxy=http://127.0.0.1:9/
+ https_proxy=http://127.0.0.1:9/
+ export no_proxy=localhost,127.0.0.1,0.0.0.0
+ no_proxy=localhost,127.0.0.1,0.0.0.0
+ export LANG=C.UTF-8
+ LANG=C.UTF-8
+ export SOURCE_DATE_EPOCH=1567649229
+ SOURCE_DATE_EPOCH=1567649229
+ export GCC_IGNORE_WERROR=1
+ GCC_IGNORE_WERROR=1
+ export AR=gcc-ar
+ AR=gcc-ar
+ export RANLIB=gcc-ranlib
+ RANLIB=gcc-ranlib
+ export NM=gcc-nm
+ NM=gcc-nm
+ export 'CFLAGS=-O2 -g -feliminate-unused-debug-types -pipe -Wall -Wp,-D_FORTIFY_SOURCE=2 -fexceptions -fstack-protector --param=ssp-buffer-size=32 -Wformat -Wformat-security -Wl,-z,now,-z,relro,-z,max-page-size=0x1000,-z,separate-code -Wno-error -ftree-vectorize -ftree-slp-vectorize -Wl,--enable-new-dtags -fcf-protection=return -m64 -march=westmere -mtune=haswell -fasynchronous-unwind-tables -fno-omit-frame-pointer -Wp,-D_REENTRANT -O3 -ffat-lto-objects -flto=4 '
+ CFLAGS='-O2 -g -feliminate-unused-debug-types -pipe -Wall -Wp,-D_FORTIFY_SOURCE=2 -fexceptions -fstack-protector --param=ssp-buffer-size=32 -Wformat -Wformat-security -Wl,-z,now,-z,relro,-z,max-page-size=0x1000,-z,separate-code -Wno-error -ftree-vectorize -ftree-slp-vectorize -Wl,--enable-new-dtags -fcf-protection=return -m64 -march=westmere -mtune=haswell -fasynchronous-unwind-tables -fno-omit-frame-pointer -Wp,-D_REENTRANT -O3 -ffat-lto-objects -flto=4 '
+ export 'FCFLAGS=-O2 -g -feliminate-unused-debug-types -pipe -Wall -Wp,-D_FORTIFY_SOURCE=2 -fexceptions -fstack-protector --param=ssp-buffer-size=32 -Wformat -Wformat-security -Wl,-z,now,-z,relro,-z,max-page-size=0x1000,-z,separate-code -Wno-error -ftree-vectorize -ftree-slp-vectorize -Wl,--enable-new-dtags -fcf-protection=return -m64 -march=westmere -mtune=haswell -fasynchronous-unwind-tables -fno-omit-frame-pointer -Wp,-D_REENTRANT -O3 -ffat-lto-objects -flto=4  -O3 -ffat-lto-objects -flto=4 '
+ FCFLAGS='-O2 -g -feliminate-unused-debug-types -pipe -Wall -Wp,-D_FORTIFY_SOURCE=2 -fexceptions -fstack-protector --param=ssp-buffer-size=32 -Wformat -Wformat-security -Wl,-z,now,-z,relro,-z,max-page-size=0x1000,-z,separate-code -Wno-error -ftree-vectorize -ftree-slp-vectorize -Wl,--enable-new-dtags -fcf-protection=return -m64 -march=westmere -mtune=haswell -fasynchronous-unwind-tables -fno-omit-frame-pointer -Wp,-D_REENTRANT -O3 -ffat-lto-objects -flto=4  -O3 -ffat-lto-objects -flto=4 '
+ export 'FFLAGS=-O2 -g -feliminate-unused-debug-types -pipe -Wall -Wp,-D_FORTIFY_SOURCE=2 -fexceptions -fstack-protector --param=ssp-buffer-size=32 -Wformat -Wformat-security -Wl,-z,now,-z,relro,-z,max-page-size=0x1000,-z,separate-code -Wno-error -ftree-vectorize -ftree-slp-vectorize -Wl,--enable-new-dtags -fcf-protection=return -m64 -march=westmere -mtune=haswell -fasynchronous-unwind-tables -fno-omit-frame-pointer -Wp,-D_REENTRANT -O3 -ffat-lto-objects -flto=4  -O3 -ffat-lto-objects -flto=4 '
+ FFLAGS='-O2 -g -feliminate-unused-debug-types -pipe -Wall -Wp,-D_FORTIFY_SOURCE=2 -fexceptions -fstack-protector --param=ssp-buffer-size=32 -Wformat -Wformat-security -Wl,-z,now,-z,relro,-z,max-page-size=0x1000,-z,separate-code -Wno-error -ftree-vectorize -ftree-slp-vectorize -Wl,--enable-new-dtags -fcf-protection=return -m64 -march=westmere -mtune=haswell -fasynchronous-unwind-tables -fno-omit-frame-pointer -Wp,-D_REENTRANT -O3 -ffat-lto-objects -flto=4  -O3 -ffat-lto-objects -flto=4 '
+ export 'CXXFLAGS=-O2 -g -feliminate-unused-debug-types -pipe -Wall -Wp,-D_FORTIFY_SOURCE=2 -fexceptions -fstack-protector --param=ssp-buffer-size=32 -Wformat -Wformat-security -Wl,-z,now,-z,relro,-z,max-page-size=0x1000,-z,separate-code -Wno-error -ftree-vectorize -ftree-slp-vectorize -Wl,--enable-new-dtags -fcf-protection=return -m64 -march=westmere -mtune=haswell -fasynchronous-unwind-tables -fno-omit-frame-pointer -Wp,-D_REENTRANT -O3 -ffat-lto-objects -flto=4 '
+ CXXFLAGS='-O2 -g -feliminate-unused-debug-types -pipe -Wall -Wp,-D_FORTIFY_SOURCE=2 -fexceptions -fstack-protector --param=ssp-buffer-size=32 -Wformat -Wformat-security -Wl,-z,now,-z,relro,-z,max-page-size=0x1000,-z,separate-code -Wno-error -ftree-vectorize -ftree-slp-vectorize -Wl,--enable-new-dtags -fcf-protection=return -m64 -march=westmere -mtune=haswell -fasynchronous-unwind-tables -fno-omit-frame-pointer -Wp,-D_REENTRANT -O3 -ffat-lto-objects -flto=4 '
+ export MAKEFLAGS=-j4
+ MAKEFLAGS=-j4
+ python3 setup.py build
running build
running build_py
creating build
creating build/lib
creating build/lib/hpe3parclient
copying hpe3parclient/exceptions.py -> build/lib/hpe3parclient
copying hpe3parclient/http.py -> build/lib/hpe3parclient
copying hpe3parclient/tcl_parser.py -> build/lib/hpe3parclient
copying hpe3parclient/__init__.py -> build/lib/hpe3parclient
copying hpe3parclient/client.py -> build/lib/hpe3parclient
copying hpe3parclient/ssh.py -> build/lib/hpe3parclient
copying hpe3parclient/file_client.py -> build/lib/hpe3parclient
creating build/lib/test
copying test/test_HPE3ParClient_retry.py -> build/lib/test
copying test/test_HPE3ParClient_host.py -> build/lib/test
copying test/HPE3ParClient_base.py -> build/lib/test
copying test/test_HPE3ParClient_FilePersona_Mock.py -> build/lib/test
copying test/HPE3ParMockServer_ssh.py -> build/lib/test
copying test/test_HPE3ParClient_CPG.py -> build/lib/test
copying test/test_HPE3ParClient_volume.py -> build/lib/test
copying test/test_HPE3ParClient_system.py -> build/lib/test
copying test/test_HPE3ParClient_MockSSH.py -> build/lib/test
copying test/test_HPE3ParClient_ports.py -> build/lib/test
copying test/test_HPE3ParClient_Exception.py -> build/lib/test
copying test/test_HPE3ParClient_VLUN.py -> build/lib/test
copying test/test_HPE3ParClient_FilePersona.py -> build/lib/test
copying test/__init__.py -> build/lib/test
copying test/test_HPE3ParClient_HostSet.py -> build/lib/test
copying test/test_HPE3ParClient_Stats.py -> build/lib/test
copying test/test_HTTPJSONRESTClient.py -> build/lib/test
copying test/HPE3ParMockServer_flask.py -> build/lib/test
+ exit 0
Executing(%install): /bin/sh -e /var/tmp/rpm-tmp.eR3BBH
+ umask 022
+ cd /builddir/build/BUILD
+ cd python-3parclient-4.2.3
+ LANG=en_US.UTF-8
+ export LANG
+ unset DISPLAY
+ unset PYTHONOPTIMIZE
+ rm -rf /builddir/build/BUILDROOT/python-3parclient-3parclient.4.2.3-1.x86_64
+ mkdir -p /builddir/build/BUILDROOT/python-3parclient-3parclient.4.2.3-1.x86_64
+ export MAKEFLAGS=-j4
+ MAKEFLAGS=-j4
+ rm -rf /builddir/build/BUILDROOT/python-3parclient-3parclient.4.2.3-1.x86_64
+ python3 -tt setup.py build install --root=/builddir/build/BUILDROOT/python-3parclient-3parclient.4.2.3-1.x86_64
running build
running build_py
running install
running install_lib
creating /builddir/build/BUILDROOT/python-3parclient-3parclient.4.2.3-1.x86_64
creating /builddir/build/BUILDROOT/python-3parclient-3parclient.4.2.3-1.x86_64/usr
creating /builddir/build/BUILDROOT/python-3parclient-3parclient.4.2.3-1.x86_64/usr/lib
creating /builddir/build/BUILDROOT/python-3parclient-3parclient.4.2.3-1.x86_64/usr/lib/python3.7
creating /builddir/build/BUILDROOT/python-3parclient-3parclient.4.2.3-1.x86_64/usr/lib/python3.7/site-packages
creating /builddir/build/BUILDROOT/python-3parclient-3parclient.4.2.3-1.x86_64/usr/lib/python3.7/site-packages/hpe3parclient
copying build/lib/hpe3parclient/exceptions.py -> /builddir/build/BUILDROOT/python-3parclient-3parclient.4.2.3-1.x86_64/usr/lib/python3.7/site-packages/hpe3parclient
copying build/lib/hpe3parclient/http.py -> /builddir/build/BUILDROOT/python-3parclient-3parclient.4.2.3-1.x86_64/usr/lib/python3.7/site-packages/hpe3parclient
copying build/lib/hpe3parclient/tcl_parser.py -> /builddir/build/BUILDROOT/python-3parclient-3parclient.4.2.3-1.x86_64/usr/lib/python3.7/site-packages/hpe3parclient
copying build/lib/hpe3parclient/__init__.py -> /builddir/build/BUILDROOT/python-3parclient-3parclient.4.2.3-1.x86_64/usr/lib/python3.7/site-packages/hpe3parclient
copying build/lib/hpe3parclient/client.py -> /builddir/build/BUILDROOT/python-3parclient-3parclient.4.2.3-1.x86_64/usr/lib/python3.7/site-packages/hpe3parclient
copying build/lib/hpe3parclient/ssh.py -> /builddir/build/BUILDROOT/python-3parclient-3parclient.4.2.3-1.x86_64/usr/lib/python3.7/site-packages/hpe3parclient
copying build/lib/hpe3parclient/file_client.py -> /builddir/build/BUILDROOT/python-3parclient-3parclient.4.2.3-1.x86_64/usr/lib/python3.7/site-packages/hpe3parclient
creating /builddir/build/BUILDROOT/python-3parclient-3parclient.4.2.3-1.x86_64/usr/lib/python3.7/site-packages/test
copying build/lib/test/test_HPE3ParClient_retry.py -> /builddir/build/BUILDROOT/python-3parclient-3parclient.4.2.3-1.x86_64/usr/lib/python3.7/site-packages/test
copying build/lib/test/test_HPE3ParClient_host.py -> /builddir/build/BUILDROOT/python-3parclient-3parclient.4.2.3-1.x86_64/usr/lib/python3.7/site-packages/test
copying build/lib/test/HPE3ParClient_base.py -> /builddir/build/BUILDROOT/python-3parclient-3parclient.4.2.3-1.x86_64/usr/lib/python3.7/site-packages/test
copying build/lib/test/test_HPE3ParClient_FilePersona_Mock.py -> /builddir/build/BUILDROOT/python-3parclient-3parclient.4.2.3-1.x86_64/usr/lib/python3.7/site-packages/test
copying build/lib/test/HPE3ParMockServer_ssh.py -> /builddir/build/BUILDROOT/python-3parclient-3parclient.4.2.3-1.x86_64/usr/lib/python3.7/site-packages/test
copying build/lib/test/test_HPE3ParClient_CPG.py -> /builddir/build/BUILDROOT/python-3parclient-3parclient.4.2.3-1.x86_64/usr/lib/python3.7/site-packages/test
copying build/lib/test/test_HPE3ParClient_volume.py -> /builddir/build/BUILDROOT/python-3parclient-3parclient.4.2.3-1.x86_64/usr/lib/python3.7/site-packages/test
copying build/lib/test/test_HPE3ParClient_system.py -> /builddir/build/BUILDROOT/python-3parclient-3parclient.4.2.3-1.x86_64/usr/lib/python3.7/site-packages/test
copying build/lib/test/test_HPE3ParClient_MockSSH.py -> /builddir/build/BUILDROOT/python-3parclient-3parclient.4.2.3-1.x86_64/usr/lib/python3.7/site-packages/test
copying build/lib/test/test_HPE3ParClient_ports.py -> /builddir/build/BUILDROOT/python-3parclient-3parclient.4.2.3-1.x86_64/usr/lib/python3.7/site-packages/test
copying build/lib/test/test_HPE3ParClient_Exception.py -> /builddir/build/BUILDROOT/python-3parclient-3parclient.4.2.3-1.x86_64/usr/lib/python3.7/site-packages/test
copying build/lib/test/test_HPE3ParClient_VLUN.py -> /builddir/build/BUILDROOT/python-3parclient-3parclient.4.2.3-1.x86_64/usr/lib/python3.7/site-packages/test
copying build/lib/test/test_HPE3ParClient_FilePersona.py -> /builddir/build/BUILDROOT/python-3parclient-3parclient.4.2.3-1.x86_64/usr/lib/python3.7/site-packages/test
copying build/lib/test/__init__.py -> /builddir/build/BUILDROOT/python-3parclient-3parclient.4.2.3-1.x86_64/usr/lib/python3.7/site-packages/test
copying build/lib/test/test_HPE3ParClient_HostSet.py -> /builddir/build/BUILDROOT/python-3parclient-3parclient.4.2.3-1.x86_64/usr/lib/python3.7/site-packages/test
copying build/lib/test/test_HPE3ParClient_Stats.py -> /builddir/build/BUILDROOT/python-3parclient-3parclient.4.2.3-1.x86_64/usr/lib/python3.7/site-packages/test
copying build/lib/test/test_HTTPJSONRESTClient.py -> /builddir/build/BUILDROOT/python-3parclient-3parclient.4.2.3-1.x86_64/usr/lib/python3.7/site-packages/test
copying build/lib/test/HPE3ParMockServer_flask.py -> /builddir/build/BUILDROOT/python-3parclient-3parclient.4.2.3-1.x86_64/usr/lib/python3.7/site-packages/test
byte-compiling /builddir/build/BUILDROOT/python-3parclient-3parclient.4.2.3-1.x86_64/usr/lib/python3.7/site-packages/hpe3parclient/exceptions.py to exceptions.cpython-37.pyc
byte-compiling /builddir/build/BUILDROOT/python-3parclient-3parclient.4.2.3-1.x86_64/usr/lib/python3.7/site-packages/hpe3parclient/http.py to http.cpython-37.pyc
byte-compiling /builddir/build/BUILDROOT/python-3parclient-3parclient.4.2.3-1.x86_64/usr/lib/python3.7/site-packages/hpe3parclient/tcl_parser.py to tcl_parser.cpython-37.pyc
byte-compiling /builddir/build/BUILDROOT/python-3parclient-3parclient.4.2.3-1.x86_64/usr/lib/python3.7/site-packages/hpe3parclient/__init__.py to __init__.cpython-37.pyc
byte-compiling /builddir/build/BUILDROOT/python-3parclient-3parclient.4.2.3-1.x86_64/usr/lib/python3.7/site-packages/hpe3parclient/client.py to client.cpython-37.pyc
byte-compiling /builddir/build/BUILDROOT/python-3parclient-3parclient.4.2.3-1.x86_64/usr/lib/python3.7/site-packages/hpe3parclient/ssh.py to ssh.cpython-37.pyc
byte-compiling /builddir/build/BUILDROOT/python-3parclient-3parclient.4.2.3-1.x86_64/usr/lib/python3.7/site-packages/hpe3parclient/file_client.py to file_client.cpython-37.pyc
byte-compiling /builddir/build/BUILDROOT/python-3parclient-3parclient.4.2.3-1.x86_64/usr/lib/python3.7/site-packages/test/test_HPE3ParClient_retry.py to test_HPE3ParClient_retry.cpython-37.pyc
byte-compiling /builddir/build/BUILDROOT/python-3parclient-3parclient.4.2.3-1.x86_64/usr/lib/python3.7/site-packages/test/test_HPE3ParClient_host.py to test_HPE3ParClient_host.cpython-37.pyc
byte-compiling /builddir/build/BUILDROOT/python-3parclient-3parclient.4.2.3-1.x86_64/usr/lib/python3.7/site-packages/test/HPE3ParClient_base.py to HPE3ParClient_base.cpython-37.pyc
byte-compiling /builddir/build/BUILDROOT/python-3parclient-3parclient.4.2.3-1.x86_64/usr/lib/python3.7/site-packages/test/test_HPE3ParClient_FilePersona_Mock.py to test_HPE3ParClient_FilePersona_Mock.cpython-37.pyc
byte-compiling /builddir/build/BUILDROOT/python-3parclient-3parclient.4.2.3-1.x86_64/usr/lib/python3.7/site-packages/test/HPE3ParMockServer_ssh.py to HPE3ParMockServer_ssh.cpython-37.pyc
byte-compiling /builddir/build/BUILDROOT/python-3parclient-3parclient.4.2.3-1.x86_64/usr/lib/python3.7/site-packages/test/test_HPE3ParClient_CPG.py to test_HPE3ParClient_CPG.cpython-37.pyc
byte-compiling /builddir/build/BUILDROOT/python-3parclient-3parclient.4.2.3-1.x86_64/usr/lib/python3.7/site-packages/test/test_HPE3ParClient_volume.py to test_HPE3ParClient_volume.cpython-37.pyc
byte-compiling /builddir/build/BUILDROOT/python-3parclient-3parclient.4.2.3-1.x86_64/usr/lib/python3.7/site-packages/test/test_HPE3ParClient_system.py to test_HPE3ParClient_system.cpython-37.pyc
byte-compiling /builddir/build/BUILDROOT/python-3parclient-3parclient.4.2.3-1.x86_64/usr/lib/python3.7/site-packages/test/test_HPE3ParClient_MockSSH.py to test_HPE3ParClient_MockSSH.cpython-37.pyc
byte-compiling /builddir/build/BUILDROOT/python-3parclient-3parclient.4.2.3-1.x86_64/usr/lib/python3.7/site-packages/test/test_HPE3ParClient_ports.py to test_HPE3ParClient_ports.cpython-37.pyc
byte-compiling /builddir/build/BUILDROOT/python-3parclient-3parclient.4.2.3-1.x86_64/usr/lib/python3.7/site-packages/test/test_HPE3ParClient_Exception.py to test_HPE3ParClient_Exception.cpython-37.pyc
byte-compiling /builddir/build/BUILDROOT/python-3parclient-3parclient.4.2.3-1.x86_64/usr/lib/python3.7/site-packages/test/test_HPE3ParClient_VLUN.py to test_HPE3ParClient_VLUN.cpython-37.pyc
byte-compiling /builddir/build/BUILDROOT/python-3parclient-3parclient.4.2.3-1.x86_64/usr/lib/python3.7/site-packages/test/test_HPE3ParClient_FilePersona.py to test_HPE3ParClient_FilePersona.cpython-37.pyc
byte-compiling /builddir/build/BUILDROOT/python-3parclient-3parclient.4.2.3-1.x86_64/usr/lib/python3.7/site-packages/test/__init__.py to __init__.cpython-37.pyc
byte-compiling /builddir/build/BUILDROOT/python-3parclient-3parclient.4.2.3-1.x86_64/usr/lib/python3.7/site-packages/test/test_HPE3ParClient_HostSet.py to test_HPE3ParClient_HostSet.cpython-37.pyc
byte-compiling /builddir/build/BUILDROOT/python-3parclient-3parclient.4.2.3-1.x86_64/usr/lib/python3.7/site-packages/test/test_HPE3ParClient_Stats.py to test_HPE3ParClient_Stats.cpython-37.pyc
byte-compiling /builddir/build/BUILDROOT/python-3parclient-3parclient.4.2.3-1.x86_64/usr/lib/python3.7/site-packages/test/test_HTTPJSONRESTClient.py to test_HTTPJSONRESTClient.cpython-37.pyc
byte-compiling /builddir/build/BUILDROOT/python-3parclient-3parclient.4.2.3-1.x86_64/usr/lib/python3.7/site-packages/test/HPE3ParMockServer_flask.py to HPE3ParMockServer_flask.cpython-37.pyc
running install_egg_info
running egg_info
creating python_3parclient.egg-info
writing python_3parclient.egg-info/PKG-INFO
writing dependency_links to python_3parclient.egg-info/dependency_links.txt
writing requirements to python_3parclient.egg-info/requires.txt
writing top-level names to python_3parclient.egg-info/top_level.txt
writing manifest file 'python_3parclient.egg-info/SOURCES.txt'
reading manifest file 'python_3parclient.egg-info/SOURCES.txt'
writing manifest file 'python_3parclient.egg-info/SOURCES.txt'
Copying python_3parclient.egg-info to /builddir/build/BUILDROOT/python-3parclient-3parclient.4.2.3-1.x86_64/usr/lib/python3.7/site-packages/python_3parclient-4.2.3-py3.7.egg-info
running install_scripts
----[ mark ]----
+ echo '----[' mark ']----'
+ cat /builddir/build/BUILDROOT/python-3parclient-3parclient.4.2.3-1.x86_64/usr/lib/python3.7/site-packages/python_3parclient-4.2.3-py3.7.egg-info/requires.txt
paramiko
eventlet
requests
----[ mark ]----
+ echo '----[' mark ']----'
+ rm -f /builddir/build/BUILDROOT/python-3parclient-3parclient.4.2.3-1.x86_64/usr/share/info/dir
++ find /builddir/build/BUILDROOT/python-3parclient-3parclient.4.2.3-1.x86_64 -path 'etc/*' '!' -type d
+ test -z ''
+ rm -rf '/builddir/build/BUILDROOT/python-3parclient-3parclient.4.2.3-1.x86_64/etc/*'
+ rm -rf '/builddir/build/BUILDROOT/python-3parclient-3parclient.4.2.3-1.x86_64/usr/share/factory/*'
+ find /builddir/build/BUILDROOT/python-3parclient-3parclient.4.2.3-1.x86_64 -name __pycache__
+ xargs rm -rf --
+ '[' -d /builddir/build/BUILDROOT/python-3parclient-3parclient.4.2.3-1.x86_64/usr/share/mime ']'
++ getconf _NPROCESSORS_ONLN
+ RPM_XARGS_PFLAG=-P4
+ find /builddir/build/BUILDROOT/python-3parclient-3parclient.4.2.3-1.x86_64 -name '*.so.avx512' -print0
+ xargs -0rtn1 -P4 python /usr/share/clr-avx-tools/avxjudge.py -q -5
+ find /builddir/build/BUILDROOT/python-3parclient-3parclient.4.2.3-1.x86_64/usr/lib64/haswell/avx512_1 -name '*.so*' -print0
find: ‘/builddir/build/BUILDROOT/python-3parclient-3parclient.4.2.3-1.x86_64/usr/lib64/haswell/avx512_1’: No such file or directory
+ find /builddir/build/BUILDROOT/python-3parclient-3parclient.4.2.3-1.x86_64 -name '*.so.avx2' -print0
+ xargs -0rtn1 -P4 python /usr/share/clr-avx-tools/avxjudge.py -q -2
+ find /builddir/build/BUILDROOT/python-3parclient-3parclient.4.2.3-1.x86_64/usr/lib64/haswell '!' -path '/usr/lib64/haswell/avx512_1/*' -name '*.so*' -print0
find: ‘/builddir/build/BUILDROOT/python-3parclient-3parclient.4.2.3-1.x86_64/usr/lib64/haswell’: No such file or directory
+ find /builddir/build/BUILDROOT/python-3parclient-3parclient.4.2.3-1.x86_64/usr/lib64/ -maxdepth 1 -name '*.so*' -type f -print0
+ xargs -0rtn1 -P4 /usr/lib/rpm/clr/brp-create-abi
+ sort -u
find: ‘/builddir/build/BUILDROOT/python-3parclient-3parclient.4.2.3-1.x86_64/usr/lib64/’: No such file or directory
+ /usr/lib/rpm/find-debuginfo.sh --strict-build-id /builddir/build/BUILD/python-3parclient-4.2.3
find: ‘debug’: No such file or directory
+ '[' -d /builddir/build/BUILDROOT/python-3parclient-3parclient.4.2.3-1.x86_64/usr/lib/debug ']'
+ :
+ '[' -d /builddir/build/BUILDROOT/python-3parclient-3parclient.4.2.3-1.x86_64/usr/lib/debug ']'
+ :
+ '[' -d /builddir/build/BUILDROOT/python-3parclient-3parclient.4.2.3-1.x86_64/usr/src/debug ']'
+ :
+ '[' -d /builddir/build/BUILDROOT/python-3parclient-3parclient.4.2.3-1.x86_64/usr/lib/debug.force ']'
+ :
+ '[' -d /builddir/build/BUILDROOT/python-3parclient-3parclient.4.2.3-1.x86_64/usr/src/debug.force ']'
+ :
+ /usr/lib/rpm/check-buildroot
+ /usr/lib/rpm/clr/brp-strip-static-archive /usr/bin/strip
+ /usr/lib/rpm/clr/brp-strip-comment-note /usr/bin/strip /usr/bin/objdump
+ /usr/lib/rpm/clr/brp-python-bytecompile
[BYTECOMPILE] Building for /builddir/build/BUILDROOT/python-3parclient-3parclient.4.2.3-1.x86_64/usr/lib/python3.7 using /usr/bin/python3.7
+ xargs -0 touch -h -d '@1549052798 '
+ find /builddir/build/BUILDROOT/python-3parclient-3parclient.4.2.3-1.x86_64 -print0
+ /usr/lib/rpm/clr/brp-java-repack-jars
Processing files: python-3parclient-3parclient.4.2.3-1.x86_64
Processing files: python-3parclient-python-3parclient.4.2.3-1.x86_64
Processing files: python-3parclient-python3-3parclient.4.2.3-1.x86_64
Provides: python-3parclient-python3 = 3parclient.4.2.3-1 python-3parclient-python3(x86-64) = 3parclient.4.2.3-1
Requires(rpmlib): rpmlib(CompressedFileNames) <= 3.0.4-1 rpmlib(PayloadFilesHavePrefix) <= 4.0-1
Requires: python(abi) = 3.7
Processing files: python-3parclient-debuginfo-3parclient.4.2.3-1.x86_64
warning: Empty %files file /builddir/build/BUILD/python-3parclient-4.2.3/debugfiles.list
warning: Empty %files file /builddir/build/BUILD/python-3parclient-4.2.3/abifiles.list
Processing files: python-3parclient-abi-3parclient.4.2.3-1.x86_64
Checking for unpackaged file(s): /usr/lib/rpm/check-files /builddir/build/BUILDROOT/python-3parclient-3parclient.4.2.3-1.x86_64
Wrote: /builddir/build/RPMS/python-3parclient-3parclient.4.2.3-1.x86_64.rpm
Wrote: /builddir/build/RPMS/python-3parclient-python-3parclient.4.2.3-1.x86_64.rpm
Wrote: /builddir/build/RPMS/python-3parclient-python3-3parclient.4.2.3-1.x86_64.rpm
Wrote: /builddir/build/RPMS/python-3parclient-debuginfo-3parclient.4.2.3-1.x86_64.rpm
Wrote: /builddir/build/RPMS/python-3parclient-abi-3parclient.4.2.3-1.x86_64.rpm
Executing(%clean): /bin/sh -e /var/tmp/rpm-tmp.rC1C6K
+ umask 022
+ cd /builddir/build/BUILD
+ cd python-3parclient-4.2.3
+ /usr/bin/rm -rf /builddir/build/BUILDROOT/python-3parclient-3parclient.4.2.3-1.x86_64
+ exit 0
Child return code was: 0
LEAVE do --> 

