Mock Version: 1.2.14
ENTER do(['bash', '--login', '-c', '/usr/bin/rpmbuild -bs --target x86_64 --nodeps /builddir/build/SPECS/lldpd.spec'], chrootPath='/var/lib/mock/clear-lldpd/root'env={'TERM': 'vt100', 'SHELL': '/bin/bash', 'HOME': '/builddir', 'HOSTNAME': 'mock', 'PATH': '/usr/bin:/bin:/usr/sbin:/sbin', 'LANG': 'en_US.UTF-8', 'CCACHE_DIR': '/var/tmp/ccache', 'CCACHE_UMASK': '002'}shell=Falselogger=<mockbuild.trace_decorator.getLog object at 0x7f0af234ae50>timeout=0uid=1000gid=1000user='mockbuild'printOutput=False)
Executing command: ['bash', '--login', '-c', '/usr/bin/rpmbuild -bs --target x86_64 --nodeps /builddir/build/SPECS/lldpd.spec'] with env {'TERM': 'vt100', 'SHELL': '/bin/bash', 'HOME': '/builddir', 'HOSTNAME': 'mock', 'PATH': '/usr/bin:/bin:/usr/sbin:/sbin', 'LANG': 'en_US.UTF-8', 'CCACHE_DIR': '/var/tmp/ccache', 'CCACHE_UMASK': '002'} and shell False
Building target platforms: x86_64
Building for target x86_64
Wrote: /builddir/build/SRPMS/lldpd-0.9.0-3.src.rpm
Child return code was: 0
LEAVE do --> 

ENTER do(['bash', '--login', '-c', '/usr/bin/rpmbuild -bb --target x86_64 --nodeps  /builddir/build/SPECS/lldpd.spec '], chrootPath='/var/lib/mock/clear-lldpd/root'env={'TERM': 'vt100', 'SHELL': '/bin/bash', 'HOME': '/builddir', 'HOSTNAME': 'mock', 'PATH': '/usr/bin:/bin:/usr/sbin:/sbin', 'LANG': 'en_US.UTF-8', 'CCACHE_DIR': '/var/tmp/ccache', 'CCACHE_UMASK': '002'}shell=Falselogger=<mockbuild.trace_decorator.getLog object at 0x7f0af234ae50>timeout=0uid=1000gid=1000user='mockbuild'private_network=TrueprintOutput=False)
Executing command: ['bash', '--login', '-c', '/usr/bin/rpmbuild -bb --target x86_64 --nodeps  /builddir/build/SPECS/lldpd.spec '] with env {'TERM': 'vt100', 'SHELL': '/bin/bash', 'HOME': '/builddir', 'HOSTNAME': 'mock', 'PATH': '/usr/bin:/bin:/usr/sbin:/sbin', 'LANG': 'en_US.UTF-8', 'CCACHE_DIR': '/var/tmp/ccache', 'CCACHE_UMASK': '002'} and shell False
Building target platforms: x86_64
Building for target x86_64
Executing(%prep): /bin/sh -e /var/tmp/rpm-tmp.emY7g2
+ umask 022
+ cd /builddir/build/BUILD
+ LANG=en_US.UTF-8
+ export LANG
+ unset DISPLAY
+ cd /builddir/build/BUILD
+ rm -rf lldpd-0.9.0
+ /usr/bin/gzip -dc /builddir/build/SOURCES/lldpd-0.9.0.tar.gz
+ /usr/bin/tar -xf -
+ STATUS=0
+ '[' 0 -ne 0 ']'
+ cd lldpd-0.9.0
+ /usr/bin/chmod -Rf a+rX,u+w,g-w,o-w .
+ cd ..
+ cd /builddir/build/BUILD
+ /usr/bin/gzip -dc /builddir/build/SOURCES/lldpd_file.tar.gz
+ /usr/bin/tar -xf -
+ STATUS=0
+ '[' 0 -ne 0 ']'
+ cd lldpd-0.9.0
+ /usr/bin/chmod -Rf a+rX,u+w,g-w,o-w .
+ echo 'Patch #1 (lldpd-interface-show.patch):'
Patch #1 (lldpd-interface-show.patch):
+ /usr/bin/cat /builddir/build/SOURCES/lldpd-interface-show.patch
+ /usr/bin/patch -p1 --fuzz=2
patching file src/client/client.h
patching file src/client/display.c
patching file src/client/show.c
patching file src/lib/atoms/port.c
patching file src/lib/lldpctl.h
+ echo 'Patch #2 (lldpd-create-run-dir.patch):'
Patch #2 (lldpd-create-run-dir.patch):
+ /usr/bin/cat /builddir/build/SOURCES/lldpd-create-run-dir.patch
+ /usr/bin/patch -p1 --fuzz=2
patching file src/daemon/lldpd.service.in
+ echo 'Patch #3 (lldpd-i40e-disable.patch):'
Patch #3 (lldpd-i40e-disable.patch):
+ /usr/bin/cat /builddir/build/SOURCES/lldpd-i40e-disable.patch
+ /usr/bin/patch -p1 --fuzz=2
patching file src/daemon/lldpd.service.in
patch unexpectedly ends in middle of line
Patch #4 (lldpd-clear-station.patch):
+ echo 'Patch #4 (lldpd-clear-station.patch):'
+ /usr/bin/cat /builddir/build/SOURCES/lldpd-clear-station.patch
+ /usr/bin/patch -p1 --fuzz=2
patching file src/daemon/interfaces.c
patching file src/daemon/lldpd.c
+ exit 0
Executing(%build): /bin/sh -e /var/tmp/rpm-tmp.tT1ck0
+ umask 022
+ cd /builddir/build/BUILD
+ cd lldpd-0.9.0
+ LANG=en_US.UTF-8
+ export LANG
+ unset DISPLAY
+ unset PYTHONOPTIMIZE
+ CFLAGS='-O2 -g -feliminate-unused-debug-types -pipe -Wall -Wp,-D_FORTIFY_SOURCE=2 -fexceptions -fstack-protector --param=ssp-buffer-size=32 -Wformat -Wformat-security -Wl,-z,now,-z,relro,-z,max-page-size=0x1000,-z,separate-code -Wno-error -ftree-vectorize -ftree-slp-vectorize -Wl,--enable-new-dtags -fcf-protection=return -m64 -march=westmere -mtune=haswell -fasynchronous-unwind-tables -fno-omit-frame-pointer -Wp,-D_REENTRANT'
+ export CFLAGS
+ http_proxy=http://127.0.0.1:9/
+ export http_proxy
+ https_proxy=http://127.0.0.1:9/
+ export https_proxy
+ ftp_proxy=http://127.0.0.1:9/
+ export ftp_proxy
+ no_proxy=localhost,127.0.0.1,0.0.0.0
+ export no_proxy
+ CXXFLAGS='-O2 -g -feliminate-unused-debug-types -pipe -Wall -Wp,-D_FORTIFY_SOURCE=2 -fexceptions -fstack-protector --param=ssp-buffer-size=32 -Wformat -Wformat-security -Wl,-z,now,-z,relro,-z,max-page-size=0x1000,-z,separate-code -Wno-error -ftree-vectorize -ftree-slp-vectorize -Wl,--enable-new-dtags -fcf-protection=return -m64 -march=westmere -mtune=haswell -fasynchronous-unwind-tables -fno-omit-frame-pointer -Wp,-D_REENTRANT'
+ export CXXFLAGS
+ FFLAGS='-g -O3 -feliminate-unused-debug-types  -pipe -Wall -Wp,-D_FORTIFY_SOURCE=2 -fexceptions -fstack-protector --param=ssp-buffer-size=32 -m64 -fasynchronous-unwind-tables -Wp,-D_REENTRANT -ftree-loop-distribute-patterns -Wl,-z -Wl,now -Wl,-z -Wl,relro -malign-data=abi -fno-semantic-interposition -ftree-vectorize  -ftree-loop-vectorize -Wl,--enable-new-dtags '
+ export FFLAGS
+ LD_AS_NEEDED=1
+ export LD_AS_NEEDED
+ PKG_CONFIG_LIBDIR=/usr/lib64/pkgconfig
+ export PKG_CONFIG_LIBDIR
+ PATH=/usr/lib64/ccache/bin:/usr/local/bin:/usr/bin
+ export PATH
+ export http_proxy=http://127.0.0.1:9/
+ http_proxy=http://127.0.0.1:9/
+ export https_proxy=http://127.0.0.1:9/
+ https_proxy=http://127.0.0.1:9/
+ export no_proxy=localhost,127.0.0.1,0.0.0.0
+ no_proxy=localhost,127.0.0.1,0.0.0.0
+ export LANG=C.UTF-8
+ LANG=C.UTF-8
+ export SOURCE_DATE_EPOCH=1568862418
+ SOURCE_DATE_EPOCH=1568862418
+ export GCC_IGNORE_WERROR=1
+ GCC_IGNORE_WERROR=1
+ export AR=gcc-ar
+ AR=gcc-ar
+ export RANLIB=gcc-ranlib
+ RANLIB=gcc-ranlib
+ export NM=gcc-nm
+ NM=gcc-nm
+ export 'CFLAGS=-O2 -g -feliminate-unused-debug-types -pipe -Wall -Wp,-D_FORTIFY_SOURCE=2 -fexceptions -fstack-protector --param=ssp-buffer-size=32 -Wformat -Wformat-security -Wl,-z,now,-z,relro,-z,max-page-size=0x1000,-z,separate-code -Wno-error -ftree-vectorize -ftree-slp-vectorize -Wl,--enable-new-dtags -fcf-protection=return -m64 -march=westmere -mtune=haswell -fasynchronous-unwind-tables -fno-omit-frame-pointer -Wp,-D_REENTRANT -O3 -ffat-lto-objects -flto=4 '
+ CFLAGS='-O2 -g -feliminate-unused-debug-types -pipe -Wall -Wp,-D_FORTIFY_SOURCE=2 -fexceptions -fstack-protector --param=ssp-buffer-size=32 -Wformat -Wformat-security -Wl,-z,now,-z,relro,-z,max-page-size=0x1000,-z,separate-code -Wno-error -ftree-vectorize -ftree-slp-vectorize -Wl,--enable-new-dtags -fcf-protection=return -m64 -march=westmere -mtune=haswell -fasynchronous-unwind-tables -fno-omit-frame-pointer -Wp,-D_REENTRANT -O3 -ffat-lto-objects -flto=4 '
+ export 'FCFLAGS=-O2 -g -feliminate-unused-debug-types -pipe -Wall -Wp,-D_FORTIFY_SOURCE=2 -fexceptions -fstack-protector --param=ssp-buffer-size=32 -Wformat -Wformat-security -Wl,-z,now,-z,relro,-z,max-page-size=0x1000,-z,separate-code -Wno-error -ftree-vectorize -ftree-slp-vectorize -Wl,--enable-new-dtags -fcf-protection=return -m64 -march=westmere -mtune=haswell -fasynchronous-unwind-tables -fno-omit-frame-pointer -Wp,-D_REENTRANT -O3 -ffat-lto-objects -flto=4  -O3 -ffat-lto-objects -flto=4 '
+ FCFLAGS='-O2 -g -feliminate-unused-debug-types -pipe -Wall -Wp,-D_FORTIFY_SOURCE=2 -fexceptions -fstack-protector --param=ssp-buffer-size=32 -Wformat -Wformat-security -Wl,-z,now,-z,relro,-z,max-page-size=0x1000,-z,separate-code -Wno-error -ftree-vectorize -ftree-slp-vectorize -Wl,--enable-new-dtags -fcf-protection=return -m64 -march=westmere -mtune=haswell -fasynchronous-unwind-tables -fno-omit-frame-pointer -Wp,-D_REENTRANT -O3 -ffat-lto-objects -flto=4  -O3 -ffat-lto-objects -flto=4 '
+ export 'FFLAGS=-O2 -g -feliminate-unused-debug-types -pipe -Wall -Wp,-D_FORTIFY_SOURCE=2 -fexceptions -fstack-protector --param=ssp-buffer-size=32 -Wformat -Wformat-security -Wl,-z,now,-z,relro,-z,max-page-size=0x1000,-z,separate-code -Wno-error -ftree-vectorize -ftree-slp-vectorize -Wl,--enable-new-dtags -fcf-protection=return -m64 -march=westmere -mtune=haswell -fasynchronous-unwind-tables -fno-omit-frame-pointer -Wp,-D_REENTRANT -O3 -ffat-lto-objects -flto=4  -O3 -ffat-lto-objects -flto=4 '
+ FFLAGS='-O2 -g -feliminate-unused-debug-types -pipe -Wall -Wp,-D_FORTIFY_SOURCE=2 -fexceptions -fstack-protector --param=ssp-buffer-size=32 -Wformat -Wformat-security -Wl,-z,now,-z,relro,-z,max-page-size=0x1000,-z,separate-code -Wno-error -ftree-vectorize -ftree-slp-vectorize -Wl,--enable-new-dtags -fcf-protection=return -m64 -march=westmere -mtune=haswell -fasynchronous-unwind-tables -fno-omit-frame-pointer -Wp,-D_REENTRANT -O3 -ffat-lto-objects -flto=4  -O3 -ffat-lto-objects -flto=4 '
+ export 'CXXFLAGS=-O2 -g -feliminate-unused-debug-types -pipe -Wall -Wp,-D_FORTIFY_SOURCE=2 -fexceptions -fstack-protector --param=ssp-buffer-size=32 -Wformat -Wformat-security -Wl,-z,now,-z,relro,-z,max-page-size=0x1000,-z,separate-code -Wno-error -ftree-vectorize -ftree-slp-vectorize -Wl,--enable-new-dtags -fcf-protection=return -m64 -march=westmere -mtune=haswell -fasynchronous-unwind-tables -fno-omit-frame-pointer -Wp,-D_REENTRANT -O3 -ffat-lto-objects -flto=4 '
+ CXXFLAGS='-O2 -g -feliminate-unused-debug-types -pipe -Wall -Wp,-D_FORTIFY_SOURCE=2 -fexceptions -fstack-protector --param=ssp-buffer-size=32 -Wformat -Wformat-security -Wl,-z,now,-z,relro,-z,max-page-size=0x1000,-z,separate-code -Wno-error -ftree-vectorize -ftree-slp-vectorize -Wl,--enable-new-dtags -fcf-protection=return -m64 -march=westmere -mtune=haswell -fasynchronous-unwind-tables -fno-omit-frame-pointer -Wp,-D_REENTRANT -O3 -ffat-lto-objects -flto=4 '
+ CFLAGS='-O2 -g -feliminate-unused-debug-types -pipe -Wall -Wp,-D_FORTIFY_SOURCE=2 -fexceptions -fstack-protector --param=ssp-buffer-size=32 -Wformat -Wformat-security -Wl,-z,now,-z,relro,-z,max-page-size=0x1000,-z,separate-code -Wno-error -ftree-vectorize -ftree-slp-vectorize -Wl,--enable-new-dtags -fcf-protection=return -m64 -march=westmere -mtune=haswell -fasynchronous-unwind-tables -fno-omit-frame-pointer -Wp,-D_REENTRANT -O3 -ffat-lto-objects -flto=4  -fPIC'
+ export CFLAGS
+ ./configure --build=x86_64-generic-linux-gnu --host=x86_64-generic-linux-gnu --target=x86_64-clr-linux-gnu --program-prefix= --prefix=/usr --exec-prefix=/usr --bindir=/usr/bin --sbindir=/usr/bin --sysconfdir=/usr/local/etc --datadir=/usr/share --includedir=/usr/include --libdir=/usr/lib64 --libexecdir=/usr/libexec --localstatedir=/var --sharedstatedir=/usr/com --mandir=/usr/share/man --infodir=/usr/share/info --disable-static --with-sysusersdir=no --prefix=/usr --localstatedir=/var --sysconfdir=/usr/local/etc --libdir=/usr/lib64 --docdir=/usr/share/doc/lldpd --enable-pie --with-lldpd-ctl-socket=/var/run/lldpd/lldpd.socket --with-lldpd-pid-file=/var/run/lldpd/lldpd.pid
checking for a BSD-compatible install... /usr/bin/install -c
checking whether build environment is sane... yes
checking for a thread-safe mkdir -p... /usr/bin/mkdir -p
checking for gawk... gawk
checking whether make sets $(MAKE)... yes
checking whether make supports nested variables... yes
checking whether UID '1000' is supported by ustar format... yes
checking whether GID '1000' is supported by ustar format... yes
checking how to create a ustar tar archive... gnutar
checking whether to enable maintainer-specific portions of Makefiles... no
checking whether make supports nested variables... (cached) yes
checking for style of include used by make... GNU
checking for x86_64-generic-linux-gnu-gcc... gcc
checking whether the C compiler works... yes
checking for C compiler default output file name... a.out
checking for suffix of executables... 
checking whether we are cross compiling... no
checking for suffix of object files... o
checking whether we are using the GNU C compiler... yes
checking whether gcc accepts -g... yes
checking for gcc option to accept ISO C89... none needed
checking whether gcc understands -c and -o together... yes
checking dependency style of gcc... gcc3
checking for x86_64-generic-linux-gnu-ar... gcc-ar
checking the archiver (gcc-ar) interface... ar
checking build system type... x86_64-generic-linux-gnu
checking host system type... x86_64-generic-linux-gnu
checking how to print strings... printf
checking for a sed that does not truncate output... /usr/bin/sed
checking for grep that handles long lines and -e... /usr/bin/grep
checking for egrep... /usr/bin/grep -E
checking for fgrep... /usr/bin/grep -F
checking for ld used by gcc... /usr/bin/ld
checking if the linker (/usr/bin/ld) is GNU ld... yes
checking for BSD- or MS-compatible name lister (nm)... gcc-nm
checking the name lister (gcc-nm) interface... BSD nm
checking whether ln -s works... yes
checking the maximum length of command line arguments... 1572864
checking whether the shell understands some XSI constructs... yes
checking whether the shell understands "+="... yes
checking how to convert x86_64-generic-linux-gnu file names to x86_64-generic-linux-gnu format... func_convert_file_noop
checking how to convert x86_64-generic-linux-gnu file names to toolchain format... func_convert_file_noop
checking for /usr/bin/ld option to reload object files... -r
checking for x86_64-generic-linux-gnu-objdump... no
checking for objdump... objdump
checking how to recognize dependent libraries... pass_all
checking for x86_64-generic-linux-gnu-dlltool... no
checking for dlltool... no
checking how to associate runtime and link libraries... printf %s\n
checking for x86_64-generic-linux-gnu-ar... (cached) gcc-ar
checking for archiver @FILE support... @
checking for x86_64-generic-linux-gnu-strip... no
checking for strip... strip
checking for x86_64-generic-linux-gnu-ranlib... gcc-ranlib
checking command to parse gcc-nm output from gcc object... ok
checking for sysroot... no
checking for x86_64-generic-linux-gnu-mt... no
checking for mt... no
checking if : is a manifest tool... no
checking how to run the C preprocessor... gcc -E
checking for ANSI C header files... yes
checking for sys/types.h... yes
checking for sys/stat.h... yes
checking for stdlib.h... yes
checking for string.h... yes
checking for memory.h... yes
checking for strings.h... yes
checking for inttypes.h... yes
checking for stdint.h... yes
checking for unistd.h... yes
checking for dlfcn.h... yes
checking for objdir... .libs
checking if gcc supports -fno-rtti -fno-exceptions... no
checking for gcc option to produce PIC... -fPIC -DPIC
checking if gcc PIC flag -fPIC -DPIC works... yes
checking if gcc static flag -static works... no
checking if gcc supports -c -o file.o... yes
checking if gcc supports -c -o file.o... (cached) yes
checking whether the gcc linker (/usr/bin/ld -m elf_x86_64) supports shared libraries... yes
checking whether -lc should be explicitly linked in... no
checking dynamic linker characteristics... GNU/Linux ld.so
checking how to hardcode library paths into programs... immediate
checking whether stripping libraries is possible... yes
checking if libtool supports shared libraries... yes
checking whether to build shared libraries... yes
checking whether to build static libraries... no
checking if LD -Wl,--version-script works... yes
checking for x86_64-generic-linux-gnu-gcc... (cached) gcc
checking whether we are using the GNU C compiler... (cached) yes
checking whether gcc accepts -g... (cached) yes
checking for gcc option to accept ISO C89... (cached) none needed
checking whether gcc understands -c and -o together... (cached) yes
checking dependency style of gcc... (cached) gcc3
checking for gcc option to accept ISO C99... none needed
checking whether we are using the GNU C++ compiler... yes
checking whether g++ accepts -g... yes
checking dependency style of g++... gcc3
checking how to run the C++ preprocessor... g++ -E
checking for ld used by g++... /usr/bin/ld -m elf_x86_64
checking if the linker (/usr/bin/ld -m elf_x86_64) is GNU ld... yes
checking whether the g++ linker (/usr/bin/ld -m elf_x86_64) supports shared libraries... yes
checking for g++ option to produce PIC... -fPIC -DPIC
checking if g++ PIC flag -fPIC -DPIC works... yes
checking if g++ static flag -static works... no
checking if g++ supports -c -o file.o... yes
checking if g++ supports -c -o file.o... (cached) yes
checking whether the g++ linker (/usr/bin/ld -m elf_x86_64) supports shared libraries... yes
checking dynamic linker characteristics... (cached) GNU/Linux ld.so
checking how to hardcode library paths into programs... immediate
checking whether ln -s works... yes
checking for egrep... (cached) /usr/bin/grep -E
checking for gawk... (cached) gawk
checking for x86_64-generic-linux-gnu-doxygen... no
checking for doxygen... /usr/bin/doxygen
checking for x86_64-generic-linux-gnu-perl... no
checking for perl... /usr/bin/perl
checking for x86_64-generic-linux-gnu-pdflatex... no
checking for pdflatex... no
configure: WARNING: pdflatex not found - will not generate doxygen PDF documentation
checking for x86_64-generic-linux-gnu-makeindex... no
checking for makeindex... no
checking for x86_64-generic-linux-gnu-egrep... no
checking for egrep... /usr/bin/egrep
checking CFLAGS for gcc -Wunknown-warning-option... no, unknown
checking CFLAGS for gcc -fdiagnostics-show-option... -fdiagnostics-show-option
checking CFLAGS for gcc -fdiagnostics-color=auto... -fdiagnostics-color=auto
checking CFLAGS for gcc -pipe... -pipe
checking CFLAGS for gcc -Wall... -Wall
checking CFLAGS for gcc -W... -W
checking CFLAGS for gcc -Wextra... -Wextra
checking CFLAGS for gcc -Wformat... -Wformat
checking CFLAGS for gcc -Wformat-security... -Wformat-security
checking CFLAGS for gcc -Wfatal-errors... -Wfatal-errors
checking CFLAGS for gcc -Wcast-align... -Wcast-align
checking CFLAGS for gcc -Wheader-guard... no, unknown
checking CFLAGS for gcc -Wdocumentation... no, unknown
checking CFLAGS for gcc -Winline... -Winline
checking CFLAGS for gcc -Wpointer-arith... -Wpointer-arith
checking CFLAGS for gcc -fno-omit-frame-pointer... -fno-omit-frame-pointer
checking CFLAGS for gcc -Wno-unused-parameter... -Wno-unused-parameter
checking CFLAGS for gcc -Wno-missing-field-initializers... -Wno-missing-field-initializers
checking CFLAGS for gcc -Wno-sign-compare... -Wno-sign-compare
checking whether the linker accepts the -Wl,-z,relro flag... yes
checking whether the linker accepts the -Wl,-z,now flag... yes
checking for __attribute__((constructor))... yes
checking for __attribute__((constructor_priority))... yes
checking for __attribute__((destructor))... yes
checking constructor/destructor runtime support... yes
checking CFLAGS for gcc -fstack-protector... -fstack-protector
checking CFLAGS for gcc -fstack-protector-all... -fstack-protector-all
checking CFLAGS for gcc -fstack-protector-strong... -fstack-protector-strong
checking CFLAGS for gcc -D_FORTIFY_SOURCE=2... -D_FORTIFY_SOURCE=2
checking CFLAGS for gcc -fPIE... -fPIE
checking whether the linker accepts the -fPIE -pie flag... yes
checking if host OS is supported... yes (Linux)
checking CFLAGS for gcc -D_GNU_SOURCE... -D_GNU_SOURCE
checking for sys/types.h... (cached) yes
checking for netinet/in.h... yes
checking for arpa/nameser.h... yes
checking for netdb.h... yes
checking for resolv.h... yes
checking valgrind/valgrind.h usability... no
checking valgrind/valgrind.h presence... no
checking for valgrind/valgrind.h... no
checking for u_int32_t... yes
checking for uint32_t... yes
checking whether libc defines __progname... yes
checking whether compiler understands __alignof__... yes
checking for stdlib.h... (cached) yes
checking for GNU libc compatible malloc... yes
checking for stdlib.h... (cached) yes
checking for GNU libc compatible realloc... yes
checking for pid_t... yes
checking vfork.h usability... no
checking vfork.h presence... no
checking for vfork.h... no
checking for fork... yes
checking for vfork... yes
checking for working fork... yes
checking for working vfork... (cached) yes
checking for x86_64-generic-linux-gnu-pkg-config... /usr/bin/x86_64-generic-linux-gnu-pkg-config
checking pkg-config is at least version 0.9.0... yes
checking for libbsd... no
checking if libbsd can be linked correctly... yes
checking for setproctitle... no
checking for setproctitle_init... no
checking for strlcpy... no
checking for strnlen... yes
checking for strndup... yes
checking for getline... yes
checking for asprintf... yes
checking for vsyslog... yes
checking for daemon... yes
checking for setresuid... yes
checking for setresgid... yes
checking for library containing res_init... none required
checking for CHECK... yes
checking for LIBEVENT... no
configure: using shipped libevent
=== configuring in libevent (/builddir/build/BUILD/lldpd-0.9.0/libevent)
configure: running /bin/sh ./configure --disable-option-checking '--prefix=/usr'  '--build=x86_64-generic-linux-gnu' '--host=x86_64-generic-linux-gnu' '--target=x86_64-clr-linux-gnu' '--program-prefix=' '--exec-prefix=/usr' '--bindir=/usr/bin' '--sbindir=/usr/bin' '--datadir=/usr/share' '--includedir=/usr/include' '--libexecdir=/usr/libexec' '--sharedstatedir=/usr/com' '--mandir=/usr/share/man' '--infodir=/usr/share/info' '--disable-static' '--with-sysusersdir=no' '--localstatedir=/var' '--sysconfdir=/usr/local/etc' '--libdir=/usr/lib64' '--docdir=/usr/share/doc/lldpd' '--enable-pie' '--with-lldpd-ctl-socket=/var/run/lldpd/lldpd.socket' '--with-lldpd-pid-file=/var/run/lldpd/lldpd.pid' 'build_alias=x86_64-generic-linux-gnu' 'host_alias=x86_64-generic-linux-gnu' 'target_alias=x86_64-clr-linux-gnu' 'CC=gcc' 'CFLAGS=-O2 -g -feliminate-unused-debug-types -pipe -Wall -Wp,-D_FORTIFY_SOURCE=2 -fexceptions -fstack-protector --param=ssp-buffer-size=32 -Wformat -Wformat-security -Wl,-z,now,-z,relro,-z,max-page-size=0x1000,-z,separate-code -Wno-error -ftree-vectorize -ftree-slp-vectorize -Wl,--enable-new-dtags -fcf-protection=return -m64 -march=westmere -mtune=haswell -fasynchronous-unwind-tables -fno-omit-frame-pointer -Wp,-D_REENTRANT -O3 -ffat-lto-objects -flto=4  -fPIC' 'CXX=g++' 'CXXFLAGS=-O2 -g -feliminate-unused-debug-types -pipe -Wall -Wp,-D_FORTIFY_SOURCE=2 -fexceptions -fstack-protector --param=ssp-buffer-size=32 -Wformat -Wformat-security -Wl,-z,now,-z,relro,-z,max-page-size=0x1000,-z,separate-code -Wno-error -ftree-vectorize -ftree-slp-vectorize -Wl,--enable-new-dtags -fcf-protection=return -m64 -march=westmere -mtune=haswell -fasynchronous-unwind-tables -fno-omit-frame-pointer -Wp,-D_REENTRANT -O3 -ffat-lto-objects -flto=4 ' 'PKG_CONFIG_PATH=:/usr/lib64/pkgconfig:/usr/share/pkgconfig' 'PKG_CONFIG_LIBDIR=/usr/lib64/pkgconfig' --enable-silent-rules  --disable-libevent-regress --disable-thread-support --disable-openssl --disable-malloc-replacement --disable-debug-mode --enable-function-sections --disable-shared --with-pic --enable-static --cache-file=/dev/null --srcdir=.
checking for a BSD-compatible install... /usr/bin/install -c
checking whether build environment is sane... yes
checking for a thread-safe mkdir -p... /usr/bin/mkdir -p
checking for gawk... gawk
checking whether make sets $(MAKE)... yes
checking whether make supports nested variables... yes
checking build system type... x86_64-generic-linux-gnu
checking host system type... x86_64-generic-linux-gnu
checking for x86_64-generic-linux-gnu-gcc... gcc
checking whether the C compiler works... yes
checking for C compiler default output file name... a.out
checking for suffix of executables... 
checking whether we are cross compiling... no
checking for suffix of object files... o
checking whether we are using the GNU C compiler... yes
checking whether gcc accepts -g... yes
checking for gcc option to accept ISO C89... none needed
checking whether gcc understands -c and -o together... yes
checking for style of include used by make... GNU
checking dependency style of gcc... gcc3
checking whether ln -s works... yes
checking for a sed that does not truncate output... /usr/bin/sed
checking how to run the C preprocessor... gcc -E
checking for grep that handles long lines and -e... /usr/bin/grep
checking for egrep... /usr/bin/grep -E
checking whether gcc needs -traditional... no
checking how to print strings... printf
checking for a sed that does not truncate output... (cached) /usr/bin/sed
checking for fgrep... /usr/bin/grep -F
checking for ld used by gcc... /usr/bin/ld
checking if the linker (/usr/bin/ld) is GNU ld... yes
checking for BSD- or MS-compatible name lister (nm)... gcc-nm
checking the name lister (gcc-nm) interface... BSD nm
checking the maximum length of command line arguments... 1572864
checking whether the shell understands some XSI constructs... yes
checking whether the shell understands "+="... yes
checking how to convert x86_64-generic-linux-gnu file names to x86_64-generic-linux-gnu format... func_convert_file_noop
checking how to convert x86_64-generic-linux-gnu file names to toolchain format... func_convert_file_noop
checking for /usr/bin/ld option to reload object files... -r
checking for x86_64-generic-linux-gnu-objdump... no
checking for objdump... objdump
checking how to recognize dependent libraries... pass_all
checking for x86_64-generic-linux-gnu-dlltool... no
checking for dlltool... no
checking how to associate runtime and link libraries... printf %s\n
checking for x86_64-generic-linux-gnu-ar... gcc-ar
checking for archiver @FILE support... @
checking for x86_64-generic-linux-gnu-strip... no
checking for strip... strip
checking for x86_64-generic-linux-gnu-ranlib... gcc-ranlib
checking command to parse gcc-nm output from gcc object... ok
checking for sysroot... no
checking for x86_64-generic-linux-gnu-mt... no
checking for mt... no
checking if : is a manifest tool... no
checking for ANSI C header files... yes
checking for sys/types.h... yes
checking for sys/stat.h... yes
checking for stdlib.h... yes
checking for string.h... yes
checking for memory.h... yes
checking for strings.h... yes
checking for inttypes.h... yes
checking for stdint.h... yes
checking for unistd.h... yes
checking for dlfcn.h... yes
checking for objdir... .libs
checking if gcc supports -fno-rtti -fno-exceptions... no
checking for gcc option to produce PIC... -fPIC -DPIC
checking if gcc PIC flag -fPIC -DPIC works... yes
checking if gcc static flag -static works... no
checking if gcc supports -c -o file.o... yes
checking if gcc supports -c -o file.o... (cached) yes
checking whether the gcc linker (/usr/bin/ld -m elf_x86_64) supports shared libraries... yes
checking dynamic linker characteristics... GNU/Linux ld.so
checking how to hardcode library paths into programs... immediate
checking whether stripping libraries is possible... yes
checking if libtool supports shared libraries... yes
checking whether to build shared libraries... no
checking whether to build static libraries... yes
checking for library containing inet_ntoa... none required
checking for library containing socket... none required
checking for library containing inet_aton... none required
checking for library containing clock_gettime... none required
checking for library containing sendfile... none required
checking for WIN32... no
checking for CYGWIN... no
checking zlib.h usability... yes
checking zlib.h presence... yes
checking for zlib.h... yes
checking for library containing inflateEnd... -lz
checking openssl/bio.h usability... yes
checking openssl/bio.h presence... yes
checking for openssl/bio.h... yes
checking for ANSI C header files... (cached) yes
checking fcntl.h usability... yes
checking fcntl.h presence... yes
checking for fcntl.h... yes
checking stdarg.h usability... yes
checking stdarg.h presence... yes
checking for stdarg.h... yes
checking for inttypes.h... (cached) yes
checking for stdint.h... (cached) yes
checking stddef.h usability... yes
checking stddef.h presence... yes
checking for stddef.h... yes
checking poll.h usability... yes
checking poll.h presence... yes
checking for poll.h... yes
checking for unistd.h... (cached) yes
checking sys/epoll.h usability... yes
checking sys/epoll.h presence... yes
checking for sys/epoll.h... yes
checking sys/time.h usability... yes
checking sys/time.h presence... yes
checking for sys/time.h... yes
checking sys/queue.h usability... yes
checking sys/queue.h presence... yes
checking for sys/queue.h... yes
checking sys/event.h usability... no
checking sys/event.h presence... no
checking for sys/event.h... no
checking sys/param.h usability... yes
checking sys/param.h presence... yes
checking for sys/param.h... yes
checking sys/ioctl.h usability... yes
checking sys/ioctl.h presence... yes
checking for sys/ioctl.h... yes
checking sys/select.h usability... yes
checking sys/select.h presence... yes
checking for sys/select.h... yes
checking sys/devpoll.h usability... no
checking sys/devpoll.h presence... no
checking for sys/devpoll.h... no
checking port.h usability... no
checking port.h presence... no
checking for port.h... no
checking netinet/in.h usability... yes
checking netinet/in.h presence... yes
checking for netinet/in.h... yes
checking netinet/in6.h usability... no
checking netinet/in6.h presence... no
checking for netinet/in6.h... no
checking sys/socket.h usability... yes
checking sys/socket.h presence... yes
checking for sys/socket.h... yes
checking sys/uio.h usability... yes
checking sys/uio.h presence... yes
checking for sys/uio.h... yes
checking arpa/inet.h usability... yes
checking arpa/inet.h presence... yes
checking for arpa/inet.h... yes
checking sys/eventfd.h usability... yes
checking sys/eventfd.h presence... yes
checking for sys/eventfd.h... yes
checking sys/mman.h usability... yes
checking sys/mman.h presence... yes
checking for sys/mman.h... yes
checking sys/sendfile.h usability... yes
checking sys/sendfile.h presence... yes
checking for sys/sendfile.h... yes
checking sys/wait.h usability... yes
checking sys/wait.h presence... yes
checking for sys/wait.h... yes
checking netdb.h usability... yes
checking netdb.h presence... yes
checking for netdb.h... yes
checking for sys/stat.h... (cached) yes
checking for sys/sysctl.h... yes
checking for TAILQ_FOREACH in sys/queue.h... yes
checking for timeradd in sys/time.h... yes
checking for timercmp in sys/time.h... yes
checking for timerclear in sys/time.h... yes
checking for timerisset in sys/time.h... yes
checking whether CTL_KERN is declared... yes
checking whether KERN_RANDOM is declared... yes
checking whether RANDOM_UUID is declared... yes
checking whether KERN_ARND is declared... no
checking for an ANSI C-conforming const... yes
checking for inline... inline
checking whether time.h and sys/time.h may both be included... yes
checking for gettimeofday... yes
checking for vasprintf... yes
checking for fcntl... yes
checking for clock_gettime... yes
checking for strtok_r... yes
checking for strsep... yes
checking for getnameinfo... yes
checking for strlcpy... no
checking for inet_ntop... yes
checking for inet_pton... yes
checking for signal... yes
checking for sigaction... yes
checking for strtoll... yes
checking for inet_aton... yes
checking for pipe... yes
checking for eventfd... yes
checking for sendfile... yes
checking for mmap... yes
checking for splice... yes
checking for arc4random... no
checking for arc4random_buf... no
checking for issetugid... no
checking for geteuid... yes
checking for getegid... yes
checking for getprotobynumber... yes
checking for setenv... yes
checking for unsetenv... yes
checking for putenv... yes
checking for sysctl... yes
checking for umask... yes
checking for getaddrinfo... yes
checking size of long... 8
checking for F_SETFD in fcntl.h... yes
checking for select... yes
checking for poll... yes
checking for epoll_ctl... yes
checking for port_create... no
checking for pid_t... yes
checking for size_t... yes
checking for ssize_t... yes
checking for uint64_t... yes
checking for uint32_t... yes
checking for uint16_t... yes
checking for uint8_t... yes
checking for uintptr_t... yes
checking for fd_mask... yes
checking size of long long... 8
checking size of long... (cached) 8
checking size of int... 4
checking size of short... 2
checking size of size_t... 8
checking size of void *... 8
checking size of off_t... 8
checking for struct in6_addr... yes
checking for struct sockaddr_in6... yes
checking for sa_family_t... yes
checking for struct addrinfo... yes
checking for struct sockaddr_storage... yes
checking for struct in6_addr.s6_addr32... yes
checking for struct in6_addr.s6_addr16... yes
checking for struct sockaddr_in.sin_len... no
checking for struct sockaddr_in6.sin6_len... no
checking for struct sockaddr_storage.ss_family... yes
checking for struct sockaddr_storage.__ss_family... no
checking for socklen_t... yes
checking whether our compiler supports __func__... yes
checking if linker supports omitting unused code and data... yes
checking that generated files are newer than configure... done
configure: creating ./config.status
config.status: creating libevent.pc
config.status: creating libevent_openssl.pc
config.status: creating libevent_pthreads.pc
config.status: creating Makefile
config.status: creating include/Makefile
config.status: creating test/Makefile
config.status: creating sample/Makefile
config.status: creating config.h
config.status: executing depfiles commands
config.status: executing libtool commands
=== end of configure in libevent (/builddir/build/BUILD/lldpd-0.9.0/libevent/libevent)
checking for a readline compatible library... no
checking for XML2... yes
checking for JANSSON... no
checking for JSONC... yes
checking whether to enable systemtap/DTrace trace support... no
checking whether to enable Privilege separation... yes
checking whether to enable Cisco Discovery Protocol... yes
checking whether to enable Foundry Discovery Protocol... yes
checking whether to enable Extreme Discovery Protocol... yes
checking whether to enable SynOptics Network Management Protocol... yes
checking whether to enable LLDP-MED extension... yes
checking whether to enable Dot1 extension (VLAN stuff)... yes
checking whether to enable Dot3 extension (PHY stuff)... yes
checking whether to enable Custom TLV support... yes
checking whether to enable compatibility with Linux kernel older than 2.6.39... no
checking that generated files are newer than configure... done
configure: creating ./config.status
config.status: creating Makefile
config.status: creating src/Makefile
config.status: creating src/compat/Makefile
config.status: creating src/daemon/Makefile
config.status: creating src/lib/Makefile
config.status: creating src/client/Makefile
config.status: creating tests/Makefile
config.status: creating osx/Makefile
config.status: creating config.h
config.status: executing depfiles commands
config.status: executing libtool commands
------------------ Summary ------------------
 lldpd version 0.9.0
  OS.............: Linux
  Prefix.........: /usr
  C Compiler.....: gcc  -fdiagnostics-show-option -fdiagnostics-color=auto -pipe -Wall -W -Wextra -Wformat -Wformat-security -Wfatal-errors -Wcast-align -Winline -Wpointer-arith -fno-omit-frame-pointer -Wno-unused-parameter -Wno-missing-field-initializers -Wno-sign-compare -fstack-protector -fstack-protector-all -fstack-protector-strong -fPIE   -D_FORTIFY_SOURCE=2 -D_GNU_SOURCE -O2 -g -feliminate-unused-debug-types -pipe -Wall -Wp,-D_FORTIFY_SOURCE=2 -fexceptions -fstack-protector --param=ssp-buffer-size=32 -Wformat -Wformat-security -Wl,-z,now,-z,relro,-z,max-page-size=0x1000,-z,separate-code -Wno-error -ftree-vectorize -ftree-slp-vectorize -Wl,--enable-new-dtags -fcf-protection=return -m64 -march=westmere -mtune=haswell -fasynchronous-unwind-tables -fno-omit-frame-pointer -Wp,-D_REENTRANT -O3 -ffat-lto-objects -flto=4  -fPIC 
  Linker.........: /usr/bin/ld -m elf_x86_64  -Wl,-z,relro -Wl,-z,now   -fPIE -pie  
  Libevent.......: embedded
  Readline.......: no
 Optional features:
  SNMP support...: no
  CDP............: yes
  FDP............: yes
  EDP............: yes
  SONMP..........: yes
  LLDPMED........: yes
  DOT1...........: yes
  DOT3...........: yes
  CUSTOM.........: yes
  XML output.....: yes
  JSON output....: json-c
  Oldies support.: no
  seccomp........: no
 Privilege separation:
  Enabled........: yes
  User/group.....: _lldpd/_lldpd
  Chroot.........: /var/run/lldpd
---------------------------------------------
Check the above options and compile with:
 make
+ make -j4
make  all-recursive
make[1]: Entering directory '/builddir/build/BUILD/lldpd-0.9.0'
Making all in src/compat
make[2]: Entering directory '/builddir/build/BUILD/lldpd-0.9.0/src/compat'
  CC       empty.lo
  CC       setproctitle.lo
  CC       strlcpy.lo
  CCLD     libcompat.la
/usr/bin/ar: `u' modifier ignored since `D' is the default (see `U')
make[2]: Leaving directory '/builddir/build/BUILD/lldpd-0.9.0/src/compat'
Making all in src
make[2]: Entering directory '/builddir/build/BUILD/lldpd-0.9.0/src'
  CC       log.lo
  CC       marshal.lo
  CC       ctl.lo
  CC       lldpd-structs.lo
  CCLD     libcommon-daemon-client.la
  CCLD     libcommon-daemon-lib.la
/usr/bin/ar: `u' modifier ignored since `D' is the default (see `U')
/usr/bin/ar: `u' modifier ignored since `D' is the default (see `U')
make[2]: Leaving directory '/builddir/build/BUILD/lldpd-0.9.0/src'
Making all in src/daemon
make[2]: Entering directory '/builddir/build/BUILD/lldpd-0.9.0/src/daemon'
make  all-am
make[3]: Entering directory '/builddir/build/BUILD/lldpd-0.9.0/src/daemon'
  CC       liblldpd_la-frame.lo
  CC       liblldpd_la-client.lo
  CC       liblldpd_la-priv.lo
  CC       liblldpd_la-privsep_io.lo
privsep_io.c: In function 'may_read':
privsep_io.c:184:7: warning: this statement may fall through [-Wimplicit-fallthrough=]
  184 |    if (errno == EINTR || errno == EAGAIN)
      |       ^
privsep_io.c:186:3: note: here
  186 |   case 0:
      |   ^~~~
  CC       liblldpd_la-interfaces.lo
(cd ../../libevent && make)
  CC       liblldpd_la-lldpd.lo
  CC       liblldpd_la-pattern.lo
make[4]: Entering directory '/builddir/build/BUILD/lldpd-0.9.0/libevent'
test -d include/event2 || /usr/bin/mkdir -p include/event2
/usr/bin/sed -f ./make-event-config.sed < config.h > include/event2/event-config.hT
mv -f include/event2/event-config.hT include/event2/event-config.h
make  all-recursive
make[5]: Entering directory '/builddir/build/BUILD/lldpd-0.9.0/libevent'
Making all in .
make[6]: Entering directory '/builddir/build/BUILD/lldpd-0.9.0/libevent'
  CC       event.lo
interfaces.c: In function 'interfaces_send_helper':
interfaces.c:659:7: warning: this statement may fall through [-Wimplicit-fallthrough=]
  659 |    if (!(*src_mac & MAC_UL_ADMINISTERED_BIT_MASK)) {
      |       ^
interfaces.c:664:3: note: here
  664 |   case LLDP_BOND_SLAVE_SRC_MAC_TYPE_FIXED:
      |   ^~~~
  CC       evthread.lo
  CC       liblldpd_la-forward-linux.lo
  CC       liblldpd_la-interfaces-linux.lo
  CC       buffer.lo
  CC       liblldpd_la-netlink.lo
  CC       liblldpd_la-dmi-linux.lo
  CC       bufferevent.lo
  CC       liblldpd_la-priv-linux.lo
  CC       main.o
  GEN      lldpd.8
  GEN      usr.sbin.lldpd
  CC       bufferevent_sock.lo
  GEN      lldpd.service
  CC       bufferevent_filter.lo
  CC       protocols/liblldpd_la-lldp.lo
  CC       protocols/liblldpd_la-cdp.lo
  CC       protocols/liblldpd_la-sonmp.lo
  CC       bufferevent_pair.lo
  CC       protocols/liblldpd_la-edp.lo
  CC       listener.lo
  CC       bufferevent_ratelim.lo
  CC       evmap.lo
  CC       log.lo
  CC       evutil.lo
  CC       evutil_rand.lo
  CC       strlcpy.lo
  CC       select.lo
  CC       poll.lo
  CC       epoll.lo
In file included from ./arc4random.c:62,
                 from evutil_rand.c:125:
/usr/include/sys/sysctl.h:21:2: warning: #warning "The <sys/sysctl.h> header is deprecated and will be removed." [-Wcpp]
   21 | #warning "The <sys/sysctl.h> header is deprecated and will be removed."
      |  ^~~~~~~
In file included from evutil_rand.c:125:
./arc4random.c: In function 'arc4_seed_sysctl_linux':
./arc4random.c:191:3: warning: 'sysctl' is deprecated [-Wdeprecated-declarations]
  191 |   if (0 != sysctl(mib, 3, &buf[len], &n, NULL, 0))
      |   ^~
In file included from ./arc4random.c:62,
                 from evutil_rand.c:125:
/usr/include/sys/sysctl.h:70:12: note: declared here
   70 | extern int sysctl (int *__name, int __nlen, void *__oldval,
      |            ^~~~~~
  CC       signal.lo
  CC       event_tagging.lo
  CC       http.lo
  CC       evdns.lo
  CC       evrpc.lo
  CCLD     libevent_core.la
  CCLD     libevent_extra.la
  CCLD     libevent.la
/usr/bin/ar: `u' modifier ignored since `D' is the default (see `U')
/usr/bin/ar: `u' modifier ignored since `D' is the default (see `U')
/usr/bin/ar: `u' modifier ignored since `D' is the default (see `U')
make[6]: Leaving directory '/builddir/build/BUILD/lldpd-0.9.0/libevent'
Making all in include
make[6]: Entering directory '/builddir/build/BUILD/lldpd-0.9.0/libevent/include'
make[6]: Nothing to be done for 'all'.
make[6]: Leaving directory '/builddir/build/BUILD/lldpd-0.9.0/libevent/include'
Making all in sample
make[6]: Entering directory '/builddir/build/BUILD/lldpd-0.9.0/libevent/sample'
  CC       event-test.o
  CC       time-test.o
  CC       signal-test.o
  CC       dns-example.o
  CC       hello-world.o
  CC       http-server.o
  CCLD     event-test
  CCLD     time-test
  CCLD     signal-test
  CCLD     dns-example
  CCLD     hello-world
  CCLD     http-server
make[6]: Leaving directory '/builddir/build/BUILD/lldpd-0.9.0/libevent/sample'
Making all in test
make[6]: Entering directory '/builddir/build/BUILD/lldpd-0.9.0/libevent/test'
make  all-am
make[7]: Entering directory '/builddir/build/BUILD/lldpd-0.9.0/libevent/test'
  CC       test-init.o
  CC       test-eof.o
  CC       test-weof.o
  CC       test-time.o
  CC       bench.o
  CC       bench_cascade.o
  CC       bench_http.o
  CC       bench_httpclient.o
  CC       test-ratelim.o
  CC       test-changelist.o
  CCLD     test-init
  CCLD     test-eof
  CCLD     test-weof
  CCLD     test-time
  CCLD     bench
  CCLD     bench_http
  CCLD     bench_cascade
  CCLD     bench_httpclient
  CCLD     test-ratelim
  CCLD     test-changelist
make[7]: Leaving directory '/builddir/build/BUILD/lldpd-0.9.0/libevent/test'
make[6]: Leaving directory '/builddir/build/BUILD/lldpd-0.9.0/libevent/test'
make[5]: Leaving directory '/builddir/build/BUILD/lldpd-0.9.0/libevent'
make[4]: Leaving directory '/builddir/build/BUILD/lldpd-0.9.0/libevent'
  CC       liblldpd_la-event.lo
  CCLD     liblldpd.la
copying selected object files to avoid basename conflicts...
/usr/bin/ar: `u' modifier ignored since `D' is the default (see `U')
  CCLD     lldpd
event.c: In function 'levent_update_and_send':
event.c:2045:1: warning: inlining failed in call to 'event_add_internal': --param inline-unit-growth limit reached [-Winline]
event.c:1150:2: note: called from here
event.c: In function 'levent_schedule_pdu':
event.c:2045:1: warning: inlining failed in call to 'event_add_internal': --param inline-unit-growth limit reached [-Winline]
event.c:1150:2: note: called from here
event.c: In function 'levent_send_pdu':
event.c:2045:1: warning: inlining failed in call to 'event_add_internal': --param inline-unit-growth limit reached [-Winline]
event.c:1150:2: note: called from here
event.c: In function 'levent_schedule_cleanup':
event.c:2045:1: warning: inlining failed in call to 'event_add_internal': --param inline-unit-growth limit reached [-Winline]
event.c:1150:2: note: called from here
event.c: In function 'levent_loop':
event.c:2045:1: warning: inlining failed in call to 'event_add_internal': call is unlikely and code size would grow [-Winline]
event.c:1150:2: note: called from here
event.c: In function 'bufferevent_socket_outbuf_cb':
event.c:2045:1: warning: inlining failed in call to 'event_add_internal': --param inline-unit-growth limit reached [-Winline]
event.c:1984:8: note: called from here
event.c:2045:1: warning: inlining failed in call to 'event_add_internal': --param max-inline-insns-single limit reached [-Winline]
event.c:1984:8: note: called from here
buffer.c: In function 'bufferevent_writecb':
buffer.c:2271:1: warning: inlining failed in call to 'evbuffer_write_iovec.isra.0': --param large-stack-frame-growth limit reached [-Winline]
buffer.c:2398:7: note: called from here
event.c:2045:1: warning: inlining failed in call to 'event_add_internal': --param max-inline-insns-single limit reached [-Winline]
event.c:1984:8: note: called from here
event.c: In function 'levent_hardware_add_fd.part.0':
event.c:2045:1: warning: inlining failed in call to 'event_add_internal': --param inline-unit-growth limit reached [-Winline]
event.c:1150:2: note: called from here
event.c: In function 'bufferevent_readcb':
event.c:2045:1: warning: inlining failed in call to 'event_add_internal': --param max-inline-insns-single limit reached [-Winline]
event.c:1984:8: note: called from here
event.c: In function 'levent_iface_recv':
event.c:2045:1: warning: inlining failed in call to 'event_add_internal': --param inline-unit-growth limit reached [-Winline]
event.c:1150:2: note: called from here
event.c: In function 'event_add.constprop':
event.c:2045:1: warning: inlining failed in call to 'event_add_internal': --param inline-unit-growth limit reached [-Winline]
event.c:1150:2: note: called from here
event.c: In function 'evsig_add':
event.c:2045:1: warning: inlining failed in call to 'event_add_internal': --param inline-unit-growth limit reached [-Winline]
event.c:1150:2: note: called from here
event.c: In function 'be_socket_adj_timeouts':
event.c:2045:1: warning: inlining failed in call to 'event_add_internal': --param inline-unit-growth limit reached [-Winline]
event.c:1150:2: note: called from here
event.c:2045:1: warning: inlining failed in call to 'event_add_internal': --param max-inline-insns-single limit reached [-Winline]
event.c:1984:8: note: called from here
event.c:2045:1: warning: inlining failed in call to 'event_add_internal': --param inline-unit-growth limit reached [-Winline]
event.c:1150:2: note: called from here
event.c:2045:1: warning: inlining failed in call to 'event_add_internal': --param max-inline-insns-single limit reached [-Winline]
event.c:1984:8: note: called from here
event.c: In function 'be_socket_enable':
event.c:2045:1: warning: inlining failed in call to 'event_add_internal': --param inline-unit-growth limit reached [-Winline]
event.c:1150:2: note: called from here
event.c:2045:1: warning: inlining failed in call to 'event_add_internal': --param max-inline-insns-single limit reached [-Winline]
event.c:1984:8: note: called from here
event.c:2045:1: warning: inlining failed in call to 'event_add_internal': --param inline-unit-growth limit reached [-Winline]
make[3]: Leaving directory '/builddir/build/BUILD/lldpd-0.9.0/src/daemon'
make[2]: Leaving directory '/builddir/build/BUILD/lldpd-0.9.0/src/daemon'
Making all in src/lib
event.c:1150:2: note: called from here
event.c:2045:1: warning: inlining failed in call to 'event_add_internal': --param max-inline-insns-single limit reached [-Winline]
event.c:1984:8: note: called from here
event.c: In function 'netlink_initialize.part.0':
event.c:2045:1: warning: inlining failed in call to 'event_add_internal': --param inline-unit-growth limit reached [-Winline]
event.c:1150:2: note: called from here
make[2]: Entering directory '/builddir/build/BUILD/lldpd-0.9.0/src/lib'
  CC       errors.lo
  CC       connection.lo
  CC       atom.lo
  CC       helpers.lo
  CC       fixedpoint.lo
  GEN      lldpctl.pc
  CC       atoms/config.lo
  CC       atoms/dot1.lo
  CC       atoms/dot3.lo
  CC       atoms/interface.lo
  CC       atoms/med.lo
  CC       atoms/mgmt.lo
  CC       atoms/port.lo
  CC       atoms/custom.lo
  CC       atoms/chassis.lo
  CCLD     libfixedpoint.la
/usr/bin/ar: `u' modifier ignored since `D' is the default (see `U')
  CCLD     liblldpctl.la
make[2]: Leaving directory '/builddir/build/BUILD/lldpd-0.9.0/src/lib'
Making all in src/client
make[2]: Entering directory '/builddir/build/BUILD/lldpd-0.9.0/src/client'
  CC       lldpcli-lldpcli.o
  CC       lldpcli-display.o
  CC       lldpcli-conf.o
  CC       lldpcli-conf-med.o
  CC       lldpcli-conf-dot3.o
  CC       lldpcli-conf-power.o
  CC       lldpcli-conf-lldp.o
  CC       lldpcli-conf-system.o
  CC       lldpcli-commands.o
  CC       lldpcli-show.o
  CC       lldpcli-misc.o
  CC       lldpcli-tokenizer.o
commands.c: In function ‘cmd_iterate_on_interfaces’:
commands.c:706:4: warning: this ‘if’ clause does not guard... [-Wmisleading-indentation]
  706 |    if (iface) lldpctl_atom_dec_ref(iface); iface = NULL;
      |    ^~
commands.c:706:44: note: ...this statement, but the latter is misleadingly indented as if it were guarded by the ‘if’
  706 |    if (iface) lldpctl_atom_dec_ref(iface); iface = NULL;
      |                                            ^~~~~
  CC       lldpcli-text_writer.o
  CC       lldpcli-kv_writer.o
  CC       lldpcli-xml_writer.o
  CC       lldpcli-jsonc_writer.o
  GEN      lldpcli.8
  CCLD     lldpcli
make[2]: Leaving directory '/builddir/build/BUILD/lldpd-0.9.0/src/client'
Making all in tests
make[2]: Entering directory '/builddir/build/BUILD/lldpd-0.9.0/tests'
  CC       decode.o
  CC       common.o
  CCLD     decode
make[2]: Leaving directory '/builddir/build/BUILD/lldpd-0.9.0/tests'
Making all in osx
make[2]: Entering directory '/builddir/build/BUILD/lldpd-0.9.0/osx'
make[2]: Nothing to be done for 'all'.
make[2]: Leaving directory '/builddir/build/BUILD/lldpd-0.9.0/osx'
make[2]: Entering directory '/builddir/build/BUILD/lldpd-0.9.0'
  GEN      ChangeLog
make[2]: Leaving directory '/builddir/build/BUILD/lldpd-0.9.0'
make[1]: Leaving directory '/builddir/build/BUILD/lldpd-0.9.0'
+ exit 0
Executing(%install): /bin/sh -e /var/tmp/rpm-tmp.EXPeg2
+ umask 022
+ cd /builddir/build/BUILD
+ cd lldpd-0.9.0
+ LANG=en_US.UTF-8
+ export LANG
+ unset DISPLAY
+ unset PYTHONOPTIMIZE
+ rm -rf /builddir/build/BUILDROOT/lldpd-0.9.0-3.x86_64
+ mkdir -p /builddir/build/BUILDROOT/lldpd-0.9.0-3.x86_64
+ export SOURCE_DATE_EPOCH=1568862418
+ SOURCE_DATE_EPOCH=1568862418
+ rm -rf /builddir/build/BUILDROOT/lldpd-0.9.0-3.x86_64
+ make install DESTDIR=/builddir/build/BUILDROOT/lldpd-0.9.0-3.x86_64
Making install in src/compat
make[1]: Entering directory '/builddir/build/BUILD/lldpd-0.9.0/src/compat'
make[2]: Entering directory '/builddir/build/BUILD/lldpd-0.9.0/src/compat'
make[2]: Nothing to be done for 'install-exec-am'.
make[2]: Nothing to be done for 'install-data-am'.
make[2]: Leaving directory '/builddir/build/BUILD/lldpd-0.9.0/src/compat'
make[1]: Leaving directory '/builddir/build/BUILD/lldpd-0.9.0/src/compat'
Making install in src
make[1]: Entering directory '/builddir/build/BUILD/lldpd-0.9.0/src'
make[2]: Entering directory '/builddir/build/BUILD/lldpd-0.9.0/src'
make[2]: Nothing to be done for 'install-exec-am'.
 /usr/bin/mkdir -p '/builddir/build/BUILDROOT/lldpd-0.9.0-3.x86_64/usr/include'
 /usr/bin/install -c -m 644 lldp-const.h '/builddir/build/BUILDROOT/lldpd-0.9.0-3.x86_64/usr/include'
make[2]: Leaving directory '/builddir/build/BUILD/lldpd-0.9.0/src'
make[1]: Leaving directory '/builddir/build/BUILD/lldpd-0.9.0/src'
Making install in src/daemon
make[1]: Entering directory '/builddir/build/BUILD/lldpd-0.9.0/src/daemon'
make  install-am
make[2]: Entering directory '/builddir/build/BUILD/lldpd-0.9.0/src/daemon'
make[3]: Entering directory '/builddir/build/BUILD/lldpd-0.9.0/src/daemon'
 /usr/bin/mkdir -p '/builddir/build/BUILDROOT/lldpd-0.9.0-3.x86_64/usr/bin'
  /bin/sh ../../libtool   --mode=install /usr/bin/install -c lldpd '/builddir/build/BUILDROOT/lldpd-0.9.0-3.x86_64/usr/bin'
libtool: install: /usr/bin/install -c lldpd /builddir/build/BUILDROOT/lldpd-0.9.0-3.x86_64/usr/bin/lldpd
 /usr/bin/mkdir -p '/builddir/build/BUILDROOT/lldpd-0.9.0-3.x86_64no'
 /usr/bin/install -c -m 644 usr.sbin.lldpd '/builddir/build/BUILDROOT/lldpd-0.9.0-3.x86_64no'
 /usr/bin/mkdir -p '/builddir/build/BUILDROOT/lldpd-0.9.0-3.x86_64/usr/share/man/man8'
 /usr/bin/install -c -m 644 lldpd.8 '/builddir/build/BUILDROOT/lldpd-0.9.0-3.x86_64/usr/share/man/man8'
 /usr/bin/mkdir -p '/builddir/build/BUILDROOT/lldpd-0.9.0-3.x86_64/usr/lib/systemd/system'
 /usr/bin/install -c -m 644 lldpd.service '/builddir/build/BUILDROOT/lldpd-0.9.0-3.x86_64/usr/lib/systemd/system'
make[3]: Leaving directory '/builddir/build/BUILD/lldpd-0.9.0/src/daemon'
make[2]: Leaving directory '/builddir/build/BUILD/lldpd-0.9.0/src/daemon'
make[1]: Leaving directory '/builddir/build/BUILD/lldpd-0.9.0/src/daemon'
Making install in src/lib
make[1]: Entering directory '/builddir/build/BUILD/lldpd-0.9.0/src/lib'
make[2]: Entering directory '/builddir/build/BUILD/lldpd-0.9.0/src/lib'
 /usr/bin/mkdir -p '/builddir/build/BUILDROOT/lldpd-0.9.0-3.x86_64/usr/lib64'
 /bin/sh ../../libtool   --mode=install /usr/bin/install -c   liblldpctl.la '/builddir/build/BUILDROOT/lldpd-0.9.0-3.x86_64/usr/lib64'
libtool: install: /usr/bin/install -c .libs/liblldpctl.so.4.8.0 /builddir/build/BUILDROOT/lldpd-0.9.0-3.x86_64/usr/lib64/liblldpctl.so.4.8.0
libtool: install: (cd /builddir/build/BUILDROOT/lldpd-0.9.0-3.x86_64/usr/lib64 && { ln -s -f liblldpctl.so.4.8.0 liblldpctl.so.4 || { rm -f liblldpctl.so.4 && ln -s liblldpctl.so.4.8.0 liblldpctl.so.4; }; })
libtool: install: (cd /builddir/build/BUILDROOT/lldpd-0.9.0-3.x86_64/usr/lib64 && { ln -s -f liblldpctl.so.4.8.0 liblldpctl.so || { rm -f liblldpctl.so && ln -s liblldpctl.so.4.8.0 liblldpctl.so; }; })
libtool: install: /usr/bin/install -c .libs/liblldpctl.lai /builddir/build/BUILDROOT/lldpd-0.9.0-3.x86_64/usr/lib64/liblldpctl.la
libtool: install: warning: remember to run `libtool --finish /usr/lib64'
 /usr/bin/mkdir -p '/builddir/build/BUILDROOT/lldpd-0.9.0-3.x86_64/usr/include'
 /usr/bin/install -c -m 644 lldpctl.h '/builddir/build/BUILDROOT/lldpd-0.9.0-3.x86_64/usr/include'
 /usr/bin/mkdir -p '/builddir/build/BUILDROOT/lldpd-0.9.0-3.x86_64/usr/lib64/pkgconfig'
 /usr/bin/install -c -m 644 lldpctl.pc '/builddir/build/BUILDROOT/lldpd-0.9.0-3.x86_64/usr/lib64/pkgconfig'
make[2]: Leaving directory '/builddir/build/BUILD/lldpd-0.9.0/src/lib'
make[1]: Leaving directory '/builddir/build/BUILD/lldpd-0.9.0/src/lib'
Making install in src/client
make[1]: Entering directory '/builddir/build/BUILD/lldpd-0.9.0/src/client'
make[2]: Entering directory '/builddir/build/BUILD/lldpd-0.9.0/src/client'
cd /builddir/build/BUILDROOT/lldpd-0.9.0-3.x86_64/usr/bin && rm -f lldpctl
cd /builddir/build/BUILDROOT/lldpd-0.9.0-3.x86_64/usr/bin && ln -s lldpcli lldpctl
 /usr/bin/mkdir -p '/builddir/build/BUILDROOT/lldpd-0.9.0-3.x86_64/usr/bin'
  /bin/sh ../../libtool   --mode=install /usr/bin/install -c lldpcli '/builddir/build/BUILDROOT/lldpd-0.9.0-3.x86_64/usr/bin'
libtool: install: warning: `../../src/lib/liblldpctl.la' has not been installed in `/usr/lib64'
libtool: install: /usr/bin/install -c .libs/lldpcli /builddir/build/BUILDROOT/lldpd-0.9.0-3.x86_64/usr/bin/lldpcli
 /usr/bin/mkdir -p '/builddir/build/BUILDROOT/lldpd-0.9.0-3.x86_64/usr/share/bash-completion/completions'
 /usr/bin/install -c -m 644 completion/lldpcli '/builddir/build/BUILDROOT/lldpd-0.9.0-3.x86_64/usr/share/bash-completion/completions'
 /usr/bin/mkdir -p '/builddir/build/BUILDROOT/lldpd-0.9.0-3.x86_64/usr/local/etc/lldpd.d'
 /usr/bin/install -c -m 644 README.conf '/builddir/build/BUILDROOT/lldpd-0.9.0-3.x86_64/usr/local/etc/lldpd.d'
 /usr/bin/mkdir -p '/builddir/build/BUILDROOT/lldpd-0.9.0-3.x86_64/usr/share/zsh/vendor-completions'
 /usr/bin/install -c -m 644 completion/_lldpcli '/builddir/build/BUILDROOT/lldpd-0.9.0-3.x86_64/usr/share/zsh/vendor-completions'
 /usr/bin/mkdir -p '/builddir/build/BUILDROOT/lldpd-0.9.0-3.x86_64/usr/share/man/man8'
 /usr/bin/install -c -m 644 lldpctl.8 lldpcli.8 '/builddir/build/BUILDROOT/lldpd-0.9.0-3.x86_64/usr/share/man/man8'
make[2]: Leaving directory '/builddir/build/BUILD/lldpd-0.9.0/src/client'
make[1]: Leaving directory '/builddir/build/BUILD/lldpd-0.9.0/src/client'
Making install in tests
make[1]: Entering directory '/builddir/build/BUILD/lldpd-0.9.0/tests'
make[2]: Entering directory '/builddir/build/BUILD/lldpd-0.9.0/tests'
make[2]: Nothing to be done for 'install-exec-am'.
make[2]: Nothing to be done for 'install-data-am'.
make[2]: Leaving directory '/builddir/build/BUILD/lldpd-0.9.0/tests'
make[1]: Leaving directory '/builddir/build/BUILD/lldpd-0.9.0/tests'
Making install in osx
make[1]: Entering directory '/builddir/build/BUILD/lldpd-0.9.0/osx'
make[2]: Entering directory '/builddir/build/BUILD/lldpd-0.9.0/osx'
make[2]: Nothing to be done for 'install-exec-am'.
make[2]: Leaving directory '/builddir/build/BUILD/lldpd-0.9.0/osx'
make[1]: Leaving directory '/builddir/build/BUILD/lldpd-0.9.0/osx'
make[1]: Entering directory '/builddir/build/BUILD/lldpd-0.9.0'
  GEN      ChangeLog
make[2]: Entering directory '/builddir/build/BUILD/lldpd-0.9.0'
make[2]: Nothing to be done for 'install-exec-am'.
 /usr/bin/mkdir -p '/builddir/build/BUILDROOT/lldpd-0.9.0-3.x86_64/usr/share/doc/lldpd'
 /usr/bin/install -c -m 644 README.md NEWS CONTRIBUTE.md '/builddir/build/BUILDROOT/lldpd-0.9.0-3.x86_64/usr/share/doc/lldpd'
  GEN      ChangeLog
 /usr/bin/mkdir -p '/builddir/build/BUILDROOT/lldpd-0.9.0-3.x86_64/usr/share/doc/lldpd'
 /usr/bin/install -c -m 644 ChangeLog '/builddir/build/BUILDROOT/lldpd-0.9.0-3.x86_64/usr/share/doc/lldpd'
make[2]: Leaving directory '/builddir/build/BUILD/lldpd-0.9.0'
make[1]: Leaving directory '/builddir/build/BUILD/lldpd-0.9.0'
+ tar -xzvf /builddir/build/SOURCES/lldpd_file.tar.gz
lldpd.default
i40e-lldp-configure.sh
+ install -Dm 0644 lldpd.default /builddir/build/BUILDROOT/lldpd-0.9.0-3.x86_64/usr/local/etc/default/lldpd
+ install -d /builddir/build/BUILDROOT/lldpd-0.9.0-3.x86_64/usr/local/etc/rc.d/init.d
+ install -Dm 0755 i40e-lldp-configure.sh /builddir/build/BUILDROOT/lldpd-0.9.0-3.x86_64/usr/local/etc/rc.d/init.d/
+ touch /builddir/build/BUILDROOT/lldpd-0.9.0-3.x86_64/usr/local/etc/lldpd.conf
+ rm -f /builddir/build/BUILDROOT/lldpd-0.9.0-3.x86_64/usr/share/info/dir
++ find /builddir/build/BUILDROOT/lldpd-0.9.0-3.x86_64 -path 'etc/*' '!' -type d
+ test -z ''
+ rm -rf '/builddir/build/BUILDROOT/lldpd-0.9.0-3.x86_64/etc/*'
+ rm -rf '/builddir/build/BUILDROOT/lldpd-0.9.0-3.x86_64/usr/share/factory/*'
+ find /builddir/build/BUILDROOT/lldpd-0.9.0-3.x86_64 -name __pycache__
+ xargs rm -rf --
+ '[' -d /builddir/build/BUILDROOT/lldpd-0.9.0-3.x86_64/usr/share/mime ']'
++ getconf _NPROCESSORS_ONLN
+ RPM_XARGS_PFLAG=-P4
+ find /builddir/build/BUILDROOT/lldpd-0.9.0-3.x86_64 -name '*.so.avx512' -print0
+ xargs -0rtn1 -P4 python /usr/share/clr-avx-tools/avxjudge.py -q -5
+ find /builddir/build/BUILDROOT/lldpd-0.9.0-3.x86_64/usr/lib64/haswell/avx512_1 -name '*.so*' -print0
find: ‘/builddir/build/BUILDROOT/lldpd-0.9.0-3.x86_64/usr/lib64/haswell/avx512_1’: No such file or directory
+ find /builddir/build/BUILDROOT/lldpd-0.9.0-3.x86_64 -name '*.so.avx2' -print0
+ xargs -0rtn1 -P4 python /usr/share/clr-avx-tools/avxjudge.py -q -2
+ find /builddir/build/BUILDROOT/lldpd-0.9.0-3.x86_64/usr/lib64/haswell '!' -path '/usr/lib64/haswell/avx512_1/*' -name '*.so*' -print0
find: ‘/builddir/build/BUILDROOT/lldpd-0.9.0-3.x86_64/usr/lib64/haswell’: No such file or directory
+ xargs -0rtn1 -P4 /usr/lib/rpm/clr/brp-create-abi
+ sort -u
+ find /builddir/build/BUILDROOT/lldpd-0.9.0-3.x86_64/usr/lib64/ -maxdepth 1 -name '*.so*' -type f -print0
/usr/lib/rpm/clr/brp-create-abi /builddir/build/BUILDROOT/lldpd-0.9.0-3.x86_64/usr/lib64/liblldpctl.so.4.8.0 
+ /usr/lib/rpm/find-debuginfo.sh --strict-build-id /builddir/build/BUILD/lldpd-0.9.0
extracting debug info from /builddir/build/BUILDROOT/lldpd-0.9.0-3.x86_64/usr/bin/lldpcli
extracting debug info from /builddir/build/BUILDROOT/lldpd-0.9.0-3.x86_64/usr/bin/lldpd
extracting debug info from /builddir/build/BUILDROOT/lldpd-0.9.0-3.x86_64/usr/lib64/liblldpctl.so.4.8.0
symlinked /usr/lib/debug/usr/bin/lldpcli.debug to /usr/lib/debug/usr/bin/lldpctl.debug
symlinked /usr/lib/debug/usr/lib64/liblldpctl.so.4.8.0.debug to /usr/lib/debug/usr/lib64/liblldpctl.so.4.debug
symlinked /usr/lib/debug/usr/lib64/liblldpctl.so.4.8.0.debug to /usr/lib/debug/usr/lib64/liblldpctl.so.debug
cpio: glibc-2.30/bits/sockaddr.h: Cannot stat: No such file or directory
cpio: glibc-2.30/bits/stdint-uintn.h: Cannot stat: No such file or directory
cpio: glibc-2.30/bits/types/struct_sched_param.h: Cannot stat: No such file or directory
cpio: glibc-2.30/csu: Cannot stat: No such file or directory
cpio: glibc-2.30/csu/elf-init.c: Cannot stat: No such file or directory
cpio: glibc-2.30/csu/init.c: Cannot stat: No such file or directory
cpio: glibc-2.30/include/dso_handle.h: Cannot stat: No such file or directory
cpio: glibc-2.30/include/errno.h: Cannot stat: No such file or directory
cpio: glibc-2.30/include/list_t.h: Cannot stat: No such file or directory
cpio: glibc-2.30/include/netinet/in.h: Cannot stat: No such file or directory
cpio: glibc-2.30/include/stdlib.h: Cannot stat: No such file or directory
cpio: glibc-2.30/include/time.h: Cannot stat: No such file or directory
cpio: glibc-2.30/inet/netinet/in.h: Cannot stat: No such file or directory
cpio: glibc-2.30/nptl/descr.h: Cannot stat: No such file or directory
cpio: glibc-2.30/posix/bits/types.h: Cannot stat: No such file or directory
cpio: glibc-2.30/posix/sys/types.h: Cannot stat: No such file or directory
cpio: glibc-2.30/resolv/bits/types/res_state.h: Cannot stat: No such file or directory
cpio: glibc-2.30/signal/signal.h: Cannot stat: No such file or directory
cpio: glibc-2.30/stdlib: Cannot stat: No such file or directory
cpio: glibc-2.30/stdlib/atexit.c: Cannot stat: No such file or directory
cpio: glibc-2.30/stdlib/errno.h: Cannot stat: No such file or directory
cpio: glibc-2.30/stdlib/exit.h: Cannot stat: No such file or directory
cpio: glibc-2.30/stdlib/stdint.h: Cannot stat: No such file or directory
cpio: glibc-2.30/stdlib/stdlib.h: Cannot stat: No such file or directory
cpio: glibc-2.30/sysdeps/generic/_itoa.h: Cannot stat: No such file or directory
cpio: glibc-2.30/sysdeps/generic/dl-dtv.h: Cannot stat: No such file or directory
cpio: glibc-2.30/sysdeps/generic/unwind.h: Cannot stat: No such file or directory
cpio: glibc-2.30/sysdeps/nptl/bits/pthreadtypes.h: Cannot stat: No such file or directory
cpio: glibc-2.30/sysdeps/nptl/bits/thread-shared-types.h: Cannot stat: No such file or directory
cpio: glibc-2.30/sysdeps/nptl/internaltypes.h: Cannot stat: No such file or directory
cpio: glibc-2.30/sysdeps/nptl/libc-lockP.h: Cannot stat: No such file or directory
cpio: glibc-2.30/sysdeps/nptl/pthread-functions.h: Cannot stat: No such file or directory
cpio: glibc-2.30/sysdeps/nptl/pthread.h: Cannot stat: No such file or directory
cpio: glibc-2.30/sysdeps/nptl/thread_db.h: Cannot stat: No such file or directory
cpio: glibc-2.30/sysdeps/unix/sysv/linux/bits/socket.h: Cannot stat: No such file or directory
cpio: glibc-2.30/sysdeps/x86/bits/setjmp.h: Cannot stat: No such file or directory
cpio: glibc-2.30/sysdeps/x86/hp-timing.h: Cannot stat: No such file or directory
cpio: glibc-2.30/sysdeps/x86/nptl/bits/pthreadtypes-arch.h: Cannot stat: No such file or directory
cpio: glibc-2.30/sysdeps/x86_64/crti.S: Cannot stat: No such file or directory
cpio: glibc-2.30/sysdeps/x86_64/crtn.S: Cannot stat: No such file or directory
cpio: glibc-2.30/sysdeps/x86_64/nptl/tls.h: Cannot stat: No such file or directory
cpio: glibc-2.30/sysdeps/x86_64/start.S: Cannot stat: No such file or directory
cpio: glibc-2.30/time/bits/types/struct_timespec.h: Cannot stat: No such file or directory
cpio: glibc-2.30/time/bits/types/struct_tm.h: Cannot stat: No such file or directory
cpio: glibc-2.30/time/sys/time.h: Cannot stat: No such file or directory
cpio: glibc-2.30/time/time.h: Cannot stat: No such file or directory
cpio: lldpd-0.9.0/src/client/log.c: Cannot stat: No such file or directory
cpio: lldpd-0.9.0/src/daemon/buffer.c: Cannot stat: No such file or directory
cpio: lldpd-0.9.0/src/daemon/bufferevent.c: Cannot stat: No such file or directory
cpio: lldpd-0.9.0/src/daemon/bufferevent_ratelim.c: Cannot stat: No such file or directory
cpio: lldpd-0.9.0/src/daemon/bufferevent_sock.c: Cannot stat: No such file or directory
cpio: lldpd-0.9.0/src/daemon/ctl.c: Cannot stat: No such file or directory
cpio: lldpd-0.9.0/src/daemon/epoll.c: Cannot stat: No such file or directory
cpio: lldpd-0.9.0/src/daemon/evmap.c: Cannot stat: No such file or directory
cpio: lldpd-0.9.0/src/daemon/evutil.c: Cannot stat: No such file or directory
cpio: lldpd-0.9.0/src/daemon/lldpd-structs.c: Cannot stat: No such file or directory
cpio: lldpd-0.9.0/src/daemon/lldpd-structs.h: Cannot stat: No such file or directory
cpio: lldpd-0.9.0/src/daemon/log.c: Cannot stat: No such file or directory
cpio: lldpd-0.9.0/src/daemon/marshal.c: Cannot stat: No such file or directory
cpio: lldpd-0.9.0/src/daemon/minheap-internal.h: Cannot stat: No such file or directory
cpio: lldpd-0.9.0/src/daemon/poll.c: Cannot stat: No such file or directory
cpio: lldpd-0.9.0/src/daemon/select.c: Cannot stat: No such file or directory
cpio: lldpd-0.9.0/src/daemon/signal.c: Cannot stat: No such file or directory
cpio: lldpd-0.9.0/src/daemon/strlcpy.c: Cannot stat: No such file or directory
2716 blocks
+ '[' -d /builddir/build/BUILDROOT/lldpd-0.9.0-3.x86_64/usr/lib/debug ']'
+ mkdir -p /builddir/build/BUILDROOT/lldpd-0.9.0-3.x86_64/usr/share
+ '[' -d /builddir/build/BUILDROOT/lldpd-0.9.0-3.x86_64/usr/lib/debug ']'
+ mv /builddir/build/BUILDROOT/lldpd-0.9.0-3.x86_64/usr/lib/debug /builddir/build/BUILDROOT/lldpd-0.9.0-3.x86_64/usr/share
+ '[' -d /builddir/build/BUILDROOT/lldpd-0.9.0-3.x86_64/usr/src/debug ']'
+ mv /builddir/build/BUILDROOT/lldpd-0.9.0-3.x86_64/usr/src/debug /builddir/build/BUILDROOT/lldpd-0.9.0-3.x86_64/usr/share/debug/src
+ '[' -d /builddir/build/BUILDROOT/lldpd-0.9.0-3.x86_64/usr/lib/debug.force ']'
+ :
+ '[' -d /builddir/build/BUILDROOT/lldpd-0.9.0-3.x86_64/usr/src/debug.force ']'
+ :
+ /usr/lib/rpm/check-buildroot
+ /usr/lib/rpm/clr/brp-strip-static-archive /usr/bin/strip
+ /usr/lib/rpm/clr/brp-strip-comment-note /usr/bin/strip /usr/bin/objdump
+ /usr/lib/rpm/clr/brp-python-bytecompile
+ find /builddir/build/BUILDROOT/lldpd-0.9.0-3.x86_64 -print0
+ xargs -0 touch -h -d @1568862418
+ /usr/lib/rpm/clr/brp-java-repack-jars
Executing(%check): /bin/sh -e /var/tmp/rpm-tmp.KAarF4
+ umask 022
+ cd /builddir/build/BUILD
+ cd lldpd-0.9.0
+ LANG=en_US.UTF-8
+ export LANG
+ unset DISPLAY
+ unset PYTHONOPTIMIZE
+ export LANG=C.UTF-8
+ LANG=C.UTF-8
+ export http_proxy=http://127.0.0.1:9/
+ http_proxy=http://127.0.0.1:9/
+ export https_proxy=http://127.0.0.1:9/
+ https_proxy=http://127.0.0.1:9/
+ export no_proxy=localhost,127.0.0.1,0.0.0.0
+ no_proxy=localhost,127.0.0.1,0.0.0.0
+ make VERBOSE=1 V=1 -j4 check
Making check in src/compat
make[1]: Entering directory '/builddir/build/BUILD/lldpd-0.9.0/src/compat'
make[1]: Nothing to be done for 'check'.
make[1]: Leaving directory '/builddir/build/BUILD/lldpd-0.9.0/src/compat'
Making check in src
make[1]: Entering directory '/builddir/build/BUILD/lldpd-0.9.0/src'
make[1]: Nothing to be done for 'check'.
make[1]: Leaving directory '/builddir/build/BUILD/lldpd-0.9.0/src'
Making check in src/daemon
make[1]: Entering directory '/builddir/build/BUILD/lldpd-0.9.0/src/daemon'
make  check-am
make[2]: Entering directory '/builddir/build/BUILD/lldpd-0.9.0/src/daemon'
make[2]: Nothing to be done for 'check-am'.
make[2]: Leaving directory '/builddir/build/BUILD/lldpd-0.9.0/src/daemon'
make[1]: Leaving directory '/builddir/build/BUILD/lldpd-0.9.0/src/daemon'
Making check in src/lib
make[1]: Entering directory '/builddir/build/BUILD/lldpd-0.9.0/src/lib'
make[1]: Nothing to be done for 'check'.
make[1]: Leaving directory '/builddir/build/BUILD/lldpd-0.9.0/src/lib'
Making check in src/client
make[1]: Entering directory '/builddir/build/BUILD/lldpd-0.9.0/src/client'
make[1]: Nothing to be done for 'check'.
make[1]: Leaving directory '/builddir/build/BUILD/lldpd-0.9.0/src/client'
Making check in tests
make[1]: Entering directory '/builddir/build/BUILD/lldpd-0.9.0/tests'
make  check_marshal check_pattern check_lldp check_cdp check_sonmp check_edp check_fixedpoint 
make[2]: Entering directory '/builddir/build/BUILD/lldpd-0.9.0/tests'
depbase=`echo check_marshal.o | sed 's|[^/]*$|.deps/&|;s|\.o$||'`;\
gcc -DHAVE_CONFIG_H -I. -I..  -D_FORTIFY_SOURCE=2 -D_GNU_SOURCE  -I ../include -fdiagnostics-show-option -fdiagnostics-color=auto -pipe -Wall -W -Wextra -Wformat -Wformat-security -Wfatal-errors -Wcast-align -Winline -Wpointer-arith -fno-omit-frame-pointer -Wno-unused-parameter -Wno-missing-field-initializers -Wno-sign-compare -fstack-protector -fstack-protector-all -fstack-protector-strong -fPIE  -pthread -O2 -g -feliminate-unused-debug-types -pipe -Wall -Wp,-D_FORTIFY_SOURCE=2 -fexceptions -fstack-protector --param=ssp-buffer-size=32 -Wformat -Wformat-security -Wl,-z,now,-z,relro,-z,max-page-size=0x1000,-z,separate-code -Wno-error -ftree-vectorize -ftree-slp-vectorize -Wl,--enable-new-dtags -fcf-protection=return -m64 -march=westmere -mtune=haswell -fasynchronous-unwind-tables -fno-omit-frame-pointer -Wp,-D_REENTRANT -O3 -ffat-lto-objects -flto=4  -fPIC -MT check_marshal.o -MD -MP -MF $depbase.Tpo -c -o check_marshal.o check_marshal.c &&\
mv -f $depbase.Tpo $depbase.Po
depbase=`echo check_pattern.o | sed 's|[^/]*$|.deps/&|;s|\.o$||'`;\
gcc -DHAVE_CONFIG_H -I. -I..  -D_FORTIFY_SOURCE=2 -D_GNU_SOURCE  -I ../include -fdiagnostics-show-option -fdiagnostics-color=auto -pipe -Wall -W -Wextra -Wformat -Wformat-security -Wfatal-errors -Wcast-align -Winline -Wpointer-arith -fno-omit-frame-pointer -Wno-unused-parameter -Wno-missing-field-initializers -Wno-sign-compare -fstack-protector -fstack-protector-all -fstack-protector-strong -fPIE  -pthread -O2 -g -feliminate-unused-debug-types -pipe -Wall -Wp,-D_FORTIFY_SOURCE=2 -fexceptions -fstack-protector --param=ssp-buffer-size=32 -Wformat -Wformat-security -Wl,-z,now,-z,relro,-z,max-page-size=0x1000,-z,separate-code -Wno-error -ftree-vectorize -ftree-slp-vectorize -Wl,--enable-new-dtags -fcf-protection=return -m64 -march=westmere -mtune=haswell -fasynchronous-unwind-tables -fno-omit-frame-pointer -Wp,-D_REENTRANT -O3 -ffat-lto-objects -flto=4  -fPIC -MT check_pattern.o -MD -MP -MF $depbase.Tpo -c -o check_pattern.o check_pattern.c &&\
mv -f $depbase.Tpo $depbase.Po
depbase=`echo check_lldp.o | sed 's|[^/]*$|.deps/&|;s|\.o$||'`;\
gcc -DHAVE_CONFIG_H -I. -I..  -D_FORTIFY_SOURCE=2 -D_GNU_SOURCE  -I ../include -fdiagnostics-show-option -fdiagnostics-color=auto -pipe -Wall -W -Wextra -Wformat -Wformat-security -Wfatal-errors -Wcast-align -Winline -Wpointer-arith -fno-omit-frame-pointer -Wno-unused-parameter -Wno-missing-field-initializers -Wno-sign-compare -fstack-protector -fstack-protector-all -fstack-protector-strong -fPIE  -pthread -O2 -g -feliminate-unused-debug-types -pipe -Wall -Wp,-D_FORTIFY_SOURCE=2 -fexceptions -fstack-protector --param=ssp-buffer-size=32 -Wformat -Wformat-security -Wl,-z,now,-z,relro,-z,max-page-size=0x1000,-z,separate-code -Wno-error -ftree-vectorize -ftree-slp-vectorize -Wl,--enable-new-dtags -fcf-protection=return -m64 -march=westmere -mtune=haswell -fasynchronous-unwind-tables -fno-omit-frame-pointer -Wp,-D_REENTRANT -O3 -ffat-lto-objects -flto=4  -fPIC -MT check_lldp.o -MD -MP -MF $depbase.Tpo -c -o check_lldp.o check_lldp.c &&\
mv -f $depbase.Tpo $depbase.Po
depbase=`echo check_cdp.o | sed 's|[^/]*$|.deps/&|;s|\.o$||'`;\
gcc -DHAVE_CONFIG_H -I. -I..  -D_FORTIFY_SOURCE=2 -D_GNU_SOURCE  -I ../include -fdiagnostics-show-option -fdiagnostics-color=auto -pipe -Wall -W -Wextra -Wformat -Wformat-security -Wfatal-errors -Wcast-align -Winline -Wpointer-arith -fno-omit-frame-pointer -Wno-unused-parameter -Wno-missing-field-initializers -Wno-sign-compare -fstack-protector -fstack-protector-all -fstack-protector-strong -fPIE  -pthread -O2 -g -feliminate-unused-debug-types -pipe -Wall -Wp,-D_FORTIFY_SOURCE=2 -fexceptions -fstack-protector --param=ssp-buffer-size=32 -Wformat -Wformat-security -Wl,-z,now,-z,relro,-z,max-page-size=0x1000,-z,separate-code -Wno-error -ftree-vectorize -ftree-slp-vectorize -Wl,--enable-new-dtags -fcf-protection=return -m64 -march=westmere -mtune=haswell -fasynchronous-unwind-tables -fno-omit-frame-pointer -Wp,-D_REENTRANT -O3 -ffat-lto-objects -flto=4  -fPIC -MT check_cdp.o -MD -MP -MF $depbase.Tpo -c -o check_cdp.o check_cdp.c &&\
mv -f $depbase.Tpo $depbase.Po
depbase=`echo check_sonmp.o | sed 's|[^/]*$|.deps/&|;s|\.o$||'`;\
gcc -DHAVE_CONFIG_H -I. -I..  -D_FORTIFY_SOURCE=2 -D_GNU_SOURCE  -I ../include -fdiagnostics-show-option -fdiagnostics-color=auto -pipe -Wall -W -Wextra -Wformat -Wformat-security -Wfatal-errors -Wcast-align -Winline -Wpointer-arith -fno-omit-frame-pointer -Wno-unused-parameter -Wno-missing-field-initializers -Wno-sign-compare -fstack-protector -fstack-protector-all -fstack-protector-strong -fPIE  -pthread -O2 -g -feliminate-unused-debug-types -pipe -Wall -Wp,-D_FORTIFY_SOURCE=2 -fexceptions -fstack-protector --param=ssp-buffer-size=32 -Wformat -Wformat-security -Wl,-z,now,-z,relro,-z,max-page-size=0x1000,-z,separate-code -Wno-error -ftree-vectorize -ftree-slp-vectorize -Wl,--enable-new-dtags -fcf-protection=return -m64 -march=westmere -mtune=haswell -fasynchronous-unwind-tables -fno-omit-frame-pointer -Wp,-D_REENTRANT -O3 -ffat-lto-objects -flto=4  -fPIC -MT check_sonmp.o -MD -MP -MF $depbase.Tpo -c -o check_sonmp.o check_sonmp.c &&\
mv -f $depbase.Tpo $depbase.Po
depbase=`echo check_edp.o | sed 's|[^/]*$|.deps/&|;s|\.o$||'`;\
gcc -DHAVE_CONFIG_H -I. -I..  -D_FORTIFY_SOURCE=2 -D_GNU_SOURCE  -I ../include -fdiagnostics-show-option -fdiagnostics-color=auto -pipe -Wall -W -Wextra -Wformat -Wformat-security -Wfatal-errors -Wcast-align -Winline -Wpointer-arith -fno-omit-frame-pointer -Wno-unused-parameter -Wno-missing-field-initializers -Wno-sign-compare -fstack-protector -fstack-protector-all -fstack-protector-strong -fPIE  -pthread -O2 -g -feliminate-unused-debug-types -pipe -Wall -Wp,-D_FORTIFY_SOURCE=2 -fexceptions -fstack-protector --param=ssp-buffer-size=32 -Wformat -Wformat-security -Wl,-z,now,-z,relro,-z,max-page-size=0x1000,-z,separate-code -Wno-error -ftree-vectorize -ftree-slp-vectorize -Wl,--enable-new-dtags -fcf-protection=return -m64 -march=westmere -mtune=haswell -fasynchronous-unwind-tables -fno-omit-frame-pointer -Wp,-D_REENTRANT -O3 -ffat-lto-objects -flto=4  -fPIC -MT check_edp.o -MD -MP -MF $depbase.Tpo -c -o check_edp.o check_edp.c &&\
mv -f $depbase.Tpo $depbase.Po
depbase=`echo check_fixedpoint.o | sed 's|[^/]*$|.deps/&|;s|\.o$||'`;\
gcc -DHAVE_CONFIG_H -I. -I..  -D_FORTIFY_SOURCE=2 -D_GNU_SOURCE  -I ../include -fdiagnostics-show-option -fdiagnostics-color=auto -pipe -Wall -W -Wextra -Wformat -Wformat-security -Wfatal-errors -Wcast-align -Winline -Wpointer-arith -fno-omit-frame-pointer -Wno-unused-parameter -Wno-missing-field-initializers -Wno-sign-compare -fstack-protector -fstack-protector-all -fstack-protector-strong -fPIE  -pthread -O2 -g -feliminate-unused-debug-types -pipe -Wall -Wp,-D_FORTIFY_SOURCE=2 -fexceptions -fstack-protector --param=ssp-buffer-size=32 -Wformat -Wformat-security -Wl,-z,now,-z,relro,-z,max-page-size=0x1000,-z,separate-code -Wno-error -ftree-vectorize -ftree-slp-vectorize -Wl,--enable-new-dtags -fcf-protection=return -m64 -march=westmere -mtune=haswell -fasynchronous-unwind-tables -fno-omit-frame-pointer -Wp,-D_REENTRANT -O3 -ffat-lto-objects -flto=4  -fPIC -MT check_fixedpoint.o -MD -MP -MF $depbase.Tpo -c -o check_fixedpoint.o check_fixedpoint.c &&\
mv -f $depbase.Tpo $depbase.Po
/bin/sh ../libtool  --tag=CC   --mode=link gcc -I ../include -fdiagnostics-show-option -fdiagnostics-color=auto -pipe -Wall -W -Wextra -Wformat -Wformat-security -Wfatal-errors -Wcast-align -Winline -Wpointer-arith -fno-omit-frame-pointer -Wno-unused-parameter -Wno-missing-field-initializers -Wno-sign-compare -fstack-protector -fstack-protector-all -fstack-protector-strong -fPIE  -pthread -O2 -g -feliminate-unused-debug-types -pipe -Wall -Wp,-D_FORTIFY_SOURCE=2 -fexceptions -fstack-protector --param=ssp-buffer-size=32 -Wformat -Wformat-security -Wl,-z,now,-z,relro,-z,max-page-size=0x1000,-z,separate-code -Wno-error -ftree-vectorize -ftree-slp-vectorize -Wl,--enable-new-dtags -fcf-protection=return -m64 -march=westmere -mtune=haswell -fasynchronous-unwind-tables -fno-omit-frame-pointer -Wp,-D_REENTRANT -O3 -ffat-lto-objects -flto=4  -fPIC -Wl,-z,relro -Wl,-z,now  -fPIE -pie  -o check_marshal check_marshal.o ../src/daemon/liblldpd.la -lcheck ../libevent/libevent.la  
/bin/sh ../libtool  --tag=CC   --mode=link gcc -I ../include -fdiagnostics-show-option -fdiagnostics-color=auto -pipe -Wall -W -Wextra -Wformat -Wformat-security -Wfatal-errors -Wcast-align -Winline -Wpointer-arith -fno-omit-frame-pointer -Wno-unused-parameter -Wno-missing-field-initializers -Wno-sign-compare -fstack-protector -fstack-protector-all -fstack-protector-strong -fPIE  -pthread -O2 -g -feliminate-unused-debug-types -pipe -Wall -Wp,-D_FORTIFY_SOURCE=2 -fexceptions -fstack-protector --param=ssp-buffer-size=32 -Wformat -Wformat-security -Wl,-z,now,-z,relro,-z,max-page-size=0x1000,-z,separate-code -Wno-error -ftree-vectorize -ftree-slp-vectorize -Wl,--enable-new-dtags -fcf-protection=return -m64 -march=westmere -mtune=haswell -fasynchronous-unwind-tables -fno-omit-frame-pointer -Wp,-D_REENTRANT -O3 -ffat-lto-objects -flto=4  -fPIC -Wl,-z,relro -Wl,-z,now  -fPIE -pie  -o check_pattern check_pattern.o ../src/daemon/liblldpd.la -lcheck ../libevent/libevent.la  
/bin/sh ../libtool  --tag=CC   --mode=link gcc -I ../include -fdiagnostics-show-option -fdiagnostics-color=auto -pipe -Wall -W -Wextra -Wformat -Wformat-security -Wfatal-errors -Wcast-align -Winline -Wpointer-arith -fno-omit-frame-pointer -Wno-unused-parameter -Wno-missing-field-initializers -Wno-sign-compare -fstack-protector -fstack-protector-all -fstack-protector-strong -fPIE  -pthread -O2 -g -feliminate-unused-debug-types -pipe -Wall -Wp,-D_FORTIFY_SOURCE=2 -fexceptions -fstack-protector --param=ssp-buffer-size=32 -Wformat -Wformat-security -Wl,-z,now,-z,relro,-z,max-page-size=0x1000,-z,separate-code -Wno-error -ftree-vectorize -ftree-slp-vectorize -Wl,--enable-new-dtags -fcf-protection=return -m64 -march=westmere -mtune=haswell -fasynchronous-unwind-tables -fno-omit-frame-pointer -Wp,-D_REENTRANT -O3 -ffat-lto-objects -flto=4  -fPIC -Wl,-z,relro -Wl,-z,now  -fPIE -pie  -o check_lldp check_lldp.o common.o ../src/daemon/liblldpd.la -lcheck ../libevent/libevent.la  
/bin/sh ../libtool  --tag=CC   --mode=link gcc -I ../include -fdiagnostics-show-option -fdiagnostics-color=auto -pipe -Wall -W -Wextra -Wformat -Wformat-security -Wfatal-errors -Wcast-align -Winline -Wpointer-arith -fno-omit-frame-pointer -Wno-unused-parameter -Wno-missing-field-initializers -Wno-sign-compare -fstack-protector -fstack-protector-all -fstack-protector-strong -fPIE  -pthread -O2 -g -feliminate-unused-debug-types -pipe -Wall -Wp,-D_FORTIFY_SOURCE=2 -fexceptions -fstack-protector --param=ssp-buffer-size=32 -Wformat -Wformat-security -Wl,-z,now,-z,relro,-z,max-page-size=0x1000,-z,separate-code -Wno-error -ftree-vectorize -ftree-slp-vectorize -Wl,--enable-new-dtags -fcf-protection=return -m64 -march=westmere -mtune=haswell -fasynchronous-unwind-tables -fno-omit-frame-pointer -Wp,-D_REENTRANT -O3 -ffat-lto-objects -flto=4  -fPIC -Wl,-z,relro -Wl,-z,now  -fPIE -pie  -o check_cdp check_cdp.o common.o ../src/daemon/liblldpd.la -lcheck ../libevent/libevent.la  
libtool: link: gcc -I ../include -fdiagnostics-show-option -fdiagnostics-color=auto -pipe -Wall -W -Wextra -Wformat -Wformat-security -Wfatal-errors -Wcast-align -Winline -Wpointer-arith -fno-omit-frame-pointer -Wno-unused-parameter -Wno-missing-field-initializers -Wno-sign-compare -fstack-protector -fstack-protector-all -fstack-protector-strong -fPIE -pthread -O2 -g -feliminate-unused-debug-types -pipe -Wall -Wp,-D_FORTIFY_SOURCE=2 -fexceptions -fstack-protector --param=ssp-buffer-size=32 -Wformat -Wformat-security -Wl,-z -Wl,now -Wl,-z -Wl,relro -Wl,-z -Wl,max-page-size=0x1000 -Wl,-z -Wl,separate-code -Wno-error -ftree-vectorize -ftree-slp-vectorize -Wl,--enable-new-dtags -fcf-protection=return -m64 -march=westmere -mtune=haswell -fasynchronous-unwind-tables -fno-omit-frame-pointer -Wp,-D_REENTRANT -O3 -ffat-lto-objects -flto=4 -fPIC -Wl,-z -Wl,relro -Wl,-z -Wl,now -fPIE -pie -o check_pattern check_pattern.o  ../src/daemon/.libs/liblldpd.a -lcheck ../libevent/.libs/libevent.a -pthread
libtool: link: gcc -I ../include -fdiagnostics-show-option -fdiagnostics-color=auto -pipe -Wall -W -Wextra -Wformat -Wformat-security -Wfatal-errors -Wcast-align -Winline -Wpointer-arith -fno-omit-frame-pointer -Wno-unused-parameter -Wno-missing-field-initializers -Wno-sign-compare -fstack-protector -fstack-protector-all -fstack-protector-strong -fPIE -pthread -O2 -g -feliminate-unused-debug-types -pipe -Wall -Wp,-D_FORTIFY_SOURCE=2 -fexceptions -fstack-protector --param=ssp-buffer-size=32 -Wformat -Wformat-security -Wl,-z -Wl,now -Wl,-z -Wl,relro -Wl,-z -Wl,max-page-size=0x1000 -Wl,-z -Wl,separate-code -Wno-error -ftree-vectorize -ftree-slp-vectorize -Wl,--enable-new-dtags -fcf-protection=return -m64 -march=westmere -mtune=haswell -fasynchronous-unwind-tables -fno-omit-frame-pointer -Wp,-D_REENTRANT -O3 -ffat-lto-objects -flto=4 -fPIC -Wl,-z -Wl,relro -Wl,-z -Wl,now -fPIE -pie -o check_marshal check_marshal.o  ../src/daemon/.libs/liblldpd.a -lcheck ../libevent/.libs/libevent.a -pthread
libtool: link: gcc -I ../include -fdiagnostics-show-option -fdiagnostics-color=auto -pipe -Wall -W -Wextra -Wformat -Wformat-security -Wfatal-errors -Wcast-align -Winline -Wpointer-arith -fno-omit-frame-pointer -Wno-unused-parameter -Wno-missing-field-initializers -Wno-sign-compare -fstack-protector -fstack-protector-all -fstack-protector-strong -fPIE -pthread -O2 -g -feliminate-unused-debug-types -pipe -Wall -Wp,-D_FORTIFY_SOURCE=2 -fexceptions -fstack-protector --param=ssp-buffer-size=32 -Wformat -Wformat-security -Wl,-z -Wl,now -Wl,-z -Wl,relro -Wl,-z -Wl,max-page-size=0x1000 -Wl,-z -Wl,separate-code -Wno-error -ftree-vectorize -ftree-slp-vectorize -Wl,--enable-new-dtags -fcf-protection=return -m64 -march=westmere -mtune=haswell -fasynchronous-unwind-tables -fno-omit-frame-pointer -Wp,-D_REENTRANT -O3 -ffat-lto-objects -flto=4 -fPIC -Wl,-z -Wl,relro -Wl,-z -Wl,now -fPIE -pie -o check_lldp check_lldp.o common.o  ../src/daemon/.libs/liblldpd.a -lcheck ../libevent/.libs/libevent.a -pthread
libtool: link: gcc -I ../include -fdiagnostics-show-option -fdiagnostics-color=auto -pipe -Wall -W -Wextra -Wformat -Wformat-security -Wfatal-errors -Wcast-align -Winline -Wpointer-arith -fno-omit-frame-pointer -Wno-unused-parameter -Wno-missing-field-initializers -Wno-sign-compare -fstack-protector -fstack-protector-all -fstack-protector-strong -fPIE -pthread -O2 -g -feliminate-unused-debug-types -pipe -Wall -Wp,-D_FORTIFY_SOURCE=2 -fexceptions -fstack-protector --param=ssp-buffer-size=32 -Wformat -Wformat-security -Wl,-z -Wl,now -Wl,-z -Wl,relro -Wl,-z -Wl,max-page-size=0x1000 -Wl,-z -Wl,separate-code -Wno-error -ftree-vectorize -ftree-slp-vectorize -Wl,--enable-new-dtags -fcf-protection=return -m64 -march=westmere -mtune=haswell -fasynchronous-unwind-tables -fno-omit-frame-pointer -Wp,-D_REENTRANT -O3 -ffat-lto-objects -flto=4 -fPIC -Wl,-z -Wl,relro -Wl,-z -Wl,now -fPIE -pie -o check_cdp check_cdp.o common.o  ../src/daemon/.libs/liblldpd.a -lcheck ../libevent/.libs/libevent.a -pthread
/bin/sh ../libtool  --tag=CC   --mode=link gcc -I ../include -fdiagnostics-show-option -fdiagnostics-color=auto -pipe -Wall -W -Wextra -Wformat -Wformat-security -Wfatal-errors -Wcast-align -Winline -Wpointer-arith -fno-omit-frame-pointer -Wno-unused-parameter -Wno-missing-field-initializers -Wno-sign-compare -fstack-protector -fstack-protector-all -fstack-protector-strong -fPIE  -pthread -O2 -g -feliminate-unused-debug-types -pipe -Wall -Wp,-D_FORTIFY_SOURCE=2 -fexceptions -fstack-protector --param=ssp-buffer-size=32 -Wformat -Wformat-security -Wl,-z,now,-z,relro,-z,max-page-size=0x1000,-z,separate-code -Wno-error -ftree-vectorize -ftree-slp-vectorize -Wl,--enable-new-dtags -fcf-protection=return -m64 -march=westmere -mtune=haswell -fasynchronous-unwind-tables -fno-omit-frame-pointer -Wp,-D_REENTRANT -O3 -ffat-lto-objects -flto=4  -fPIC -Wl,-z,relro -Wl,-z,now  -fPIE -pie  -o check_sonmp check_sonmp.o common.o ../src/daemon/liblldpd.la -lcheck ../libevent/libevent.la  
libtool: link: gcc -I ../include -fdiagnostics-show-option -fdiagnostics-color=auto -pipe -Wall -W -Wextra -Wformat -Wformat-security -Wfatal-errors -Wcast-align -Winline -Wpointer-arith -fno-omit-frame-pointer -Wno-unused-parameter -Wno-missing-field-initializers -Wno-sign-compare -fstack-protector -fstack-protector-all -fstack-protector-strong -fPIE -pthread -O2 -g -feliminate-unused-debug-types -pipe -Wall -Wp,-D_FORTIFY_SOURCE=2 -fexceptions -fstack-protector --param=ssp-buffer-size=32 -Wformat -Wformat-security -Wl,-z -Wl,now -Wl,-z -Wl,relro -Wl,-z -Wl,max-page-size=0x1000 -Wl,-z -Wl,separate-code -Wno-error -ftree-vectorize -ftree-slp-vectorize -Wl,--enable-new-dtags -fcf-protection=return -m64 -march=westmere -mtune=haswell -fasynchronous-unwind-tables -fno-omit-frame-pointer -Wp,-D_REENTRANT -O3 -ffat-lto-objects -flto=4 -fPIC -Wl,-z -Wl,relro -Wl,-z -Wl,now -fPIE -pie -o check_sonmp check_sonmp.o common.o  ../src/daemon/.libs/liblldpd.a -lcheck ../libevent/.libs/libevent.a -pthread
/bin/sh ../libtool  --tag=CC   --mode=link gcc -I ../include -fdiagnostics-show-option -fdiagnostics-color=auto -pipe -Wall -W -Wextra -Wformat -Wformat-security -Wfatal-errors -Wcast-align -Winline -Wpointer-arith -fno-omit-frame-pointer -Wno-unused-parameter -Wno-missing-field-initializers -Wno-sign-compare -fstack-protector -fstack-protector-all -fstack-protector-strong -fPIE  -pthread -O2 -g -feliminate-unused-debug-types -pipe -Wall -Wp,-D_FORTIFY_SOURCE=2 -fexceptions -fstack-protector --param=ssp-buffer-size=32 -Wformat -Wformat-security -Wl,-z,now,-z,relro,-z,max-page-size=0x1000,-z,separate-code -Wno-error -ftree-vectorize -ftree-slp-vectorize -Wl,--enable-new-dtags -fcf-protection=return -m64 -march=westmere -mtune=haswell -fasynchronous-unwind-tables -fno-omit-frame-pointer -Wp,-D_REENTRANT -O3 -ffat-lto-objects -flto=4  -fPIC -Wl,-z,relro -Wl,-z,now  -fPIE -pie  -o check_edp check_edp.o common.o ../src/daemon/liblldpd.la -lcheck ../libevent/libevent.la  
/bin/sh ../libtool  --tag=CC   --mode=link gcc -I ../include -fdiagnostics-show-option -fdiagnostics-color=auto -pipe -Wall -W -Wextra -Wformat -Wformat-security -Wfatal-errors -Wcast-align -Winline -Wpointer-arith -fno-omit-frame-pointer -Wno-unused-parameter -Wno-missing-field-initializers -Wno-sign-compare -fstack-protector -fstack-protector-all -fstack-protector-strong -fPIE  -pthread -O2 -g -feliminate-unused-debug-types -pipe -Wall -Wp,-D_FORTIFY_SOURCE=2 -fexceptions -fstack-protector --param=ssp-buffer-size=32 -Wformat -Wformat-security -Wl,-z,now,-z,relro,-z,max-page-size=0x1000,-z,separate-code -Wno-error -ftree-vectorize -ftree-slp-vectorize -Wl,--enable-new-dtags -fcf-protection=return -m64 -march=westmere -mtune=haswell -fasynchronous-unwind-tables -fno-omit-frame-pointer -Wp,-D_REENTRANT -O3 -ffat-lto-objects -flto=4  -fPIC -Wl,-z,relro -Wl,-z,now  -fPIE -pie  -o check_fixedpoint check_fixedpoint.o ../src/lib/libfixedpoint.la ../src/daemon/liblldpd.la -lcheck ../libevent/libevent.la  
libtool: link: gcc -I ../include -fdiagnostics-show-option -fdiagnostics-color=auto -pipe -Wall -W -Wextra -Wformat -Wformat-security -Wfatal-errors -Wcast-align -Winline -Wpointer-arith -fno-omit-frame-pointer -Wno-unused-parameter -Wno-missing-field-initializers -Wno-sign-compare -fstack-protector -fstack-protector-all -fstack-protector-strong -fPIE -pthread -O2 -g -feliminate-unused-debug-types -pipe -Wall -Wp,-D_FORTIFY_SOURCE=2 -fexceptions -fstack-protector --param=ssp-buffer-size=32 -Wformat -Wformat-security -Wl,-z -Wl,now -Wl,-z -Wl,relro -Wl,-z -Wl,max-page-size=0x1000 -Wl,-z -Wl,separate-code -Wno-error -ftree-vectorize -ftree-slp-vectorize -Wl,--enable-new-dtags -fcf-protection=return -m64 -march=westmere -mtune=haswell -fasynchronous-unwind-tables -fno-omit-frame-pointer -Wp,-D_REENTRANT -O3 -ffat-lto-objects -flto=4 -fPIC -Wl,-z -Wl,relro -Wl,-z -Wl,now -fPIE -pie -o check_edp check_edp.o common.o  ../src/daemon/.libs/liblldpd.a -lcheck ../libevent/.libs/libevent.a -pthread
libtool: link: gcc -I ../include -fdiagnostics-show-option -fdiagnostics-color=auto -pipe -Wall -W -Wextra -Wformat -Wformat-security -Wfatal-errors -Wcast-align -Winline -Wpointer-arith -fno-omit-frame-pointer -Wno-unused-parameter -Wno-missing-field-initializers -Wno-sign-compare -fstack-protector -fstack-protector-all -fstack-protector-strong -fPIE -pthread -O2 -g -feliminate-unused-debug-types -pipe -Wall -Wp,-D_FORTIFY_SOURCE=2 -fexceptions -fstack-protector --param=ssp-buffer-size=32 -Wformat -Wformat-security -Wl,-z -Wl,now -Wl,-z -Wl,relro -Wl,-z -Wl,max-page-size=0x1000 -Wl,-z -Wl,separate-code -Wno-error -ftree-vectorize -ftree-slp-vectorize -Wl,--enable-new-dtags -fcf-protection=return -m64 -march=westmere -mtune=haswell -fasynchronous-unwind-tables -fno-omit-frame-pointer -Wp,-D_REENTRANT -O3 -ffat-lto-objects -flto=4 -fPIC -Wl,-z -Wl,relro -Wl,-z -Wl,now -fPIE -pie -o check_fixedpoint check_fixedpoint.o  ../src/lib/.libs/libfixedpoint.a ../src/daemon/.libs/liblldpd.a -lcheck ../libevent/.libs/libevent.a -pthread
make[2]: Leaving directory '/builddir/build/BUILD/lldpd-0.9.0/tests'
make  check-TESTS
make[2]: Entering directory '/builddir/build/BUILD/lldpd-0.9.0/tests'
make[3]: Entering directory '/builddir/build/BUILD/lldpd-0.9.0/tests'
PASS: check_lldp
PASS: check_cdp
PASS: check_pattern
PASS: check_edp
PASS: check_sonmp
PASS: check_marshal
PASS: check_fixedpoint
============================================================================
Testsuite summary for lldpd 0.9.0
============================================================================
# TOTAL: 7
# PASS:  7
# SKIP:  0
# XFAIL: 0
# FAIL:  0
# XPASS: 0
# ERROR: 0
============================================================================
make[3]: Leaving directory '/builddir/build/BUILD/lldpd-0.9.0/tests'
make[2]: Leaving directory '/builddir/build/BUILD/lldpd-0.9.0/tests'
make[1]: Leaving directory '/builddir/build/BUILD/lldpd-0.9.0/tests'
Making check in osx
make[1]: Entering directory '/builddir/build/BUILD/lldpd-0.9.0/osx'
make[1]: Nothing to be done for 'check'.
make[1]: Leaving directory '/builddir/build/BUILD/lldpd-0.9.0/osx'
make[1]: Entering directory '/builddir/build/BUILD/lldpd-0.9.0'
if test -e ./.git; then \
	prev=$(git describe --tags --always --match '[0-9]*' 2> /dev/null) ; \
	for tag in $(git tag | /usr/bin/grep -E '^[0-9]+(\.[0-9]+){1,}$' | sort -t. -k 1,1nr -k 2,2nr -k 3,3nr); do \
		if [ x"$prev" = x ]; then prev=$tag ; fi ; \
		if [ x"$prev" = x"$tag" ]; then continue; fi ; \
		echo "$prev [$(git log $prev -1 --pretty=format:'%ai')]:" ; \
		echo "" ; \
		git log --pretty=' - [%h] %s (%an)' $tag..$prev ; \
		echo "" ; \
		prev=$tag ; \
	done > ChangeLog ; \
else \
	touch ChangeLog ; \
fi
make[1]: Leaving directory '/builddir/build/BUILD/lldpd-0.9.0'
+ exit 0
Processing files: lldpd-0.9.0-3.x86_64
Processing files: lldpd-debuginfo-0.9.0-3.x86_64
Processing files: lldpd-abi-0.9.0-3.x86_64
Checking for unpackaged file(s): /usr/lib/rpm/check-files /builddir/build/BUILDROOT/lldpd-0.9.0-3.x86_64
warning: Empty %files file /builddir/build/BUILD/lldpd-0.9.0/abifiles.list
error: Installed (but unpackaged) file(s) found:
   /usr/bin/lldpcli
   /usr/bin/lldpctl
   /usr/bin/lldpd
   /usr/include/lldp-const.h
   /usr/include/lldpctl.h
   /usr/lib/systemd/system/lldpd.service
   /usr/lib64/liblldpctl.la
   /usr/lib64/liblldpctl.so
   /usr/lib64/liblldpctl.so.4
   /usr/lib64/liblldpctl.so.4.8.0
   /usr/lib64/pkgconfig/lldpctl.pc
   /usr/local/etc/default/lldpd
   /usr/local/etc/lldpd.conf
   /usr/local/etc/lldpd.d/README.conf
   /usr/local/etc/rc.d/init.d/i40e-lldp-configure.sh
   /usr/share/bash-completion/completions/lldpcli
   /usr/share/doc/lldpd/CONTRIBUTE.md
   /usr/share/doc/lldpd/ChangeLog
   /usr/share/doc/lldpd/NEWS
   /usr/share/doc/lldpd/README.md
   /usr/share/man/man8/lldpcli.8
   /usr/share/man/man8/lldpctl.8
   /usr/share/man/man8/lldpd.8
   /usr/share/zsh/vendor-completions/_lldpcli
    Empty %files file /builddir/build/BUILD/lldpd-0.9.0/abifiles.list
    Installed (but unpackaged) file(s) found:
   /usr/bin/lldpcli
   /usr/bin/lldpctl
   /usr/bin/lldpd
   /usr/include/lldp-const.h
   /usr/include/lldpctl.h
   /usr/lib/systemd/system/lldpd.service
   /usr/lib64/liblldpctl.la
   /usr/lib64/liblldpctl.so
   /usr/lib64/liblldpctl.so.4
   /usr/lib64/liblldpctl.so.4.8.0
   /usr/lib64/pkgconfig/lldpctl.pc
   /usr/local/etc/default/lldpd
   /usr/local/etc/lldpd.conf
   /usr/local/etc/lldpd.d/README.conf
   /usr/local/etc/rc.d/init.d/i40e-lldp-configure.sh
   /usr/share/bash-completion/completions/lldpcli
   /usr/share/doc/lldpd/CONTRIBUTE.md
   /usr/share/doc/lldpd/ChangeLog
   /usr/share/doc/lldpd/NEWS
   /usr/share/doc/lldpd/README.md
   /usr/share/man/man8/lldpcli.8
   /usr/share/man/man8/lldpctl.8
   /usr/share/man/man8/lldpd.8
   /usr/share/zsh/vendor-completions/_lldpcli
RPM build errors:
Child return code was: 1
EXCEPTION: Command failed. See logs for output.
 # bash --login -c /usr/bin/rpmbuild -bb --target x86_64 --nodeps  /builddir/build/SPECS/lldpd.spec 
Traceback (most recent call last):
  File "/usr/lib/python3.7/site-packages/mockbuild/trace_decorator.py", line 84, in trace
    result = func(*args, **kw)
  File "/usr/lib/python3.7/site-packages/mockbuild/util.py", line 531, in do
    raise exception.Error("Command failed. See logs for output.\n # %s" % (command,), child.returncode)
mockbuild.exception.Error: Command failed. See logs for output.
 # bash --login -c /usr/bin/rpmbuild -bb --target x86_64 --nodeps  /builddir/build/SPECS/lldpd.spec 
LEAVE do --> EXCEPTION RAISED

