Mock Version: 1.2.14
ENTER do(['bash', '--login', '-c', '/usr/bin/rpmbuild -bs --target x86_64 --nodeps /builddir/build/SPECS/puppet-rabbitmq.spec'], chrootPath='/var/lib/mock/clear-puppet-rabbitmq/root'env={'TERM': 'vt100', 'SHELL': '/bin/bash', 'HOME': '/builddir', 'HOSTNAME': 'mock', 'PATH': '/usr/bin:/bin:/usr/sbin:/sbin', 'LANG': 'en_US.UTF-8', 'CCACHE_DIR': '/var/tmp/ccache', 'CCACHE_UMASK': '002'}shell=Falselogger=<mockbuild.trace_decorator.getLog object at 0x7fa2887bfed0>timeout=0uid=1000gid=1000user='mockbuild'printOutput=False)
Executing command: ['bash', '--login', '-c', '/usr/bin/rpmbuild -bs --target x86_64 --nodeps /builddir/build/SPECS/puppet-rabbitmq.spec'] with env {'TERM': 'vt100', 'SHELL': '/bin/bash', 'HOME': '/builddir', 'HOSTNAME': 'mock', 'PATH': '/usr/bin:/bin:/usr/sbin:/sbin', 'LANG': 'en_US.UTF-8', 'CCACHE_DIR': '/var/tmp/ccache', 'CCACHE_UMASK': '002'} and shell False
Building target platforms: x86_64
Building for target x86_64
Wrote: /builddir/build/SRPMS/puppet-rabbitmq-5ac45de-1.src.rpm
Child return code was: 0
LEAVE do --> 

ENTER do(['bash', '--login', '-c', '/usr/bin/rpmbuild -bb --target x86_64 --nodeps  /builddir/build/SPECS/puppet-rabbitmq.spec '], chrootPath='/var/lib/mock/clear-puppet-rabbitmq/root'env={'TERM': 'vt100', 'SHELL': '/bin/bash', 'HOME': '/builddir', 'HOSTNAME': 'mock', 'PATH': '/usr/bin:/bin:/usr/sbin:/sbin', 'LANG': 'en_US.UTF-8', 'CCACHE_DIR': '/var/tmp/ccache', 'CCACHE_UMASK': '002'}shell=Falselogger=<mockbuild.trace_decorator.getLog object at 0x7fa2887bfed0>timeout=0uid=1000gid=1000user='mockbuild'private_network=TrueprintOutput=False)
Executing command: ['bash', '--login', '-c', '/usr/bin/rpmbuild -bb --target x86_64 --nodeps  /builddir/build/SPECS/puppet-rabbitmq.spec '] with env {'TERM': 'vt100', 'SHELL': '/bin/bash', 'HOME': '/builddir', 'HOSTNAME': 'mock', 'PATH': '/usr/bin:/bin:/usr/sbin:/sbin', 'LANG': 'en_US.UTF-8', 'CCACHE_DIR': '/var/tmp/ccache', 'CCACHE_UMASK': '002'} and shell False
Building target platforms: x86_64
Building for target x86_64
Executing(%prep): /bin/sh -e /var/tmp/rpm-tmp.ODsgNt
+ umask 022
+ cd /builddir/build/BUILD
+ LANG=en_US.UTF-8
+ export LANG
+ unset DISPLAY
+ cd /builddir/build/BUILD
+ rm -rf puppet-rabbitmq-5ac45dedd9b409c9efac654724bc74867cb9233b
+ /usr/bin/gzip -dc /builddir/build/SOURCES/puppetlabs-rabbitmq-5ac45de.tar.gz
+ /usr/bin/tar -xf -
+ STATUS=0
+ '[' 0 -ne 0 ']'
+ cd puppet-rabbitmq-5ac45dedd9b409c9efac654724bc74867cb9233b
+ /usr/bin/chmod -Rf a+rX,u+w,g-w,o-w .
+ echo 'Patch #1 (0001-add-makefile.patch):'
Patch #1 (0001-add-makefile.patch):
+ /usr/bin/cat /builddir/build/SOURCES/0001-add-makefile.patch
+ /usr/bin/patch -p1 --fuzz=2
patching file Makefile
+ echo 'Patch #2 (0001-Roll-up-TIS-patches.patch):'
Patch #2 (0001-Roll-up-TIS-patches.patch):
+ /usr/bin/cat /builddir/build/SOURCES/0001-Roll-up-TIS-patches.patch
+ /usr/bin/patch -p1 --fuzz=2
patching file lib/puppet/provider/rabbitmq_policy/rabbitmqctl.rb
patching file manifests/config.pp
patching file manifests/init.pp
patching file manifests/install.pp
patching file manifests/install/rabbitmqadmin.pp
patching file manifests/params.pp
Patch #3 (0002-Changed-cipher-specification-to-openssl-format.patch):
+ echo 'Patch #3 (0002-Changed-cipher-specification-to-openssl-format.patch):'
+ /usr/bin/cat /builddir/build/SOURCES/0002-Changed-cipher-specification-to-openssl-format.patch
+ /usr/bin/patch -p1 --fuzz=2
patching file templates/rabbitmq.config.erb
+ echo 'Patch #4 (0003-Eliminate-Puppet-4-deprecation-warnings.patch):'
Patch #4 (0003-Eliminate-Puppet-4-deprecation-warnings.patch):
+ /usr/bin/cat /builddir/build/SOURCES/0003-Eliminate-Puppet-4-deprecation-warnings.patch
+ /usr/bin/patch -p1 --fuzz=2
patching file manifests/init.pp
patching file manifests/params.pp
patching file metadata.json
+ echo 'Patch #5 (0004-Partially-revert-upstream-commit-f7c3a4a637d59f3065d.patch):'
Patch #5 (0004-Partially-revert-upstream-commit-f7c3a4a637d59f3065d.patch):
+ /usr/bin/cat /builddir/build/SOURCES/0004-Partially-revert-upstream-commit-f7c3a4a637d59f3065d.patch
+ /usr/bin/patch -p1 --fuzz=2
patching file lib/facter/rabbitmq_nodename.rb
+ echo 'Patch #6 (0005-Remove-the-rabbitmq_nodename-fact.patch):'
Patch #6 (0005-Remove-the-rabbitmq_nodename-fact.patch):
+ /usr/bin/cat /builddir/build/SOURCES/0005-Remove-the-rabbitmq_nodename-fact.patch
+ /usr/bin/patch -p1 --fuzz=2
patching file lib/facter/rabbitmq_nodename.rb
patching file spec/unit/rabbitmq_nodename_spec.rb
+ exit 0
Executing(%build): /bin/sh -e /var/tmp/rpm-tmp.jmZhDr
+ umask 022
+ cd /builddir/build/BUILD
+ cd puppet-rabbitmq-5ac45dedd9b409c9efac654724bc74867cb9233b
+ LANG=en_US.UTF-8
+ export LANG
+ unset DISPLAY
+ unset PYTHONOPTIMIZE
+ CFLAGS='-O2 -g -feliminate-unused-debug-types -pipe -Wall -Wp,-D_FORTIFY_SOURCE=2 -fexceptions -fstack-protector --param=ssp-buffer-size=32 -Wformat -Wformat-security -Wl,-z,now,-z,relro,-z,max-page-size=0x1000,-z,separate-code -Wno-error -ftree-vectorize -ftree-slp-vectorize -Wl,--enable-new-dtags -fcf-protection=return -m64 -march=westmere -mtune=haswell -fasynchronous-unwind-tables -fno-omit-frame-pointer -Wp,-D_REENTRANT'
+ export CFLAGS
+ http_proxy=http://127.0.0.1:9/
+ export http_proxy
+ https_proxy=http://127.0.0.1:9/
+ export https_proxy
+ ftp_proxy=http://127.0.0.1:9/
+ export ftp_proxy
+ no_proxy=localhost,127.0.0.1,0.0.0.0
+ export no_proxy
+ CXXFLAGS='-O2 -g -feliminate-unused-debug-types -pipe -Wall -Wp,-D_FORTIFY_SOURCE=2 -fexceptions -fstack-protector --param=ssp-buffer-size=32 -Wformat -Wformat-security -Wl,-z,now,-z,relro,-z,max-page-size=0x1000,-z,separate-code -Wno-error -ftree-vectorize -ftree-slp-vectorize -Wl,--enable-new-dtags -fcf-protection=return -m64 -march=westmere -mtune=haswell -fasynchronous-unwind-tables -fno-omit-frame-pointer -Wp,-D_REENTRANT'
+ export CXXFLAGS
+ FFLAGS='-g -O3 -feliminate-unused-debug-types  -pipe -Wall -Wp,-D_FORTIFY_SOURCE=2 -fexceptions -fstack-protector --param=ssp-buffer-size=32 -m64 -fasynchronous-unwind-tables -Wp,-D_REENTRANT -ftree-loop-distribute-patterns -Wl,-z -Wl,now -Wl,-z -Wl,relro -malign-data=abi -fno-semantic-interposition -ftree-vectorize  -ftree-loop-vectorize -Wl,--enable-new-dtags '
+ export FFLAGS
+ LD_AS_NEEDED=1
+ export LD_AS_NEEDED
+ PKG_CONFIG_LIBDIR=/usr/lib64/pkgconfig
+ export PKG_CONFIG_LIBDIR
+ PATH=/usr/lib64/ccache/bin:/usr/local/bin:/usr/bin
+ export PATH
+ export http_proxy=http://127.0.0.1:9/
+ http_proxy=http://127.0.0.1:9/
+ export https_proxy=http://127.0.0.1:9/
+ https_proxy=http://127.0.0.1:9/
+ export no_proxy=localhost,127.0.0.1,0.0.0.0
+ no_proxy=localhost,127.0.0.1,0.0.0.0
+ export LANG=C.UTF-8
+ LANG=C.UTF-8
+ export SOURCE_DATE_EPOCH=1568709487
+ SOURCE_DATE_EPOCH=1568709487
+ export GCC_IGNORE_WERROR=1
+ GCC_IGNORE_WERROR=1
+ export AR=gcc-ar
+ AR=gcc-ar
+ export RANLIB=gcc-ranlib
+ RANLIB=gcc-ranlib
+ export NM=gcc-nm
+ NM=gcc-nm
+ export 'CFLAGS=-O2 -g -feliminate-unused-debug-types -pipe -Wall -Wp,-D_FORTIFY_SOURCE=2 -fexceptions -fstack-protector --param=ssp-buffer-size=32 -Wformat -Wformat-security -Wl,-z,now,-z,relro,-z,max-page-size=0x1000,-z,separate-code -Wno-error -ftree-vectorize -ftree-slp-vectorize -Wl,--enable-new-dtags -fcf-protection=return -m64 -march=westmere -mtune=haswell -fasynchronous-unwind-tables -fno-omit-frame-pointer -Wp,-D_REENTRANT -O3 -ffat-lto-objects -flto=4 '
+ CFLAGS='-O2 -g -feliminate-unused-debug-types -pipe -Wall -Wp,-D_FORTIFY_SOURCE=2 -fexceptions -fstack-protector --param=ssp-buffer-size=32 -Wformat -Wformat-security -Wl,-z,now,-z,relro,-z,max-page-size=0x1000,-z,separate-code -Wno-error -ftree-vectorize -ftree-slp-vectorize -Wl,--enable-new-dtags -fcf-protection=return -m64 -march=westmere -mtune=haswell -fasynchronous-unwind-tables -fno-omit-frame-pointer -Wp,-D_REENTRANT -O3 -ffat-lto-objects -flto=4 '
+ export 'FCFLAGS=-O2 -g -feliminate-unused-debug-types -pipe -Wall -Wp,-D_FORTIFY_SOURCE=2 -fexceptions -fstack-protector --param=ssp-buffer-size=32 -Wformat -Wformat-security -Wl,-z,now,-z,relro,-z,max-page-size=0x1000,-z,separate-code -Wno-error -ftree-vectorize -ftree-slp-vectorize -Wl,--enable-new-dtags -fcf-protection=return -m64 -march=westmere -mtune=haswell -fasynchronous-unwind-tables -fno-omit-frame-pointer -Wp,-D_REENTRANT -O3 -ffat-lto-objects -flto=4  -O3 -ffat-lto-objects -flto=4 '
+ FCFLAGS='-O2 -g -feliminate-unused-debug-types -pipe -Wall -Wp,-D_FORTIFY_SOURCE=2 -fexceptions -fstack-protector --param=ssp-buffer-size=32 -Wformat -Wformat-security -Wl,-z,now,-z,relro,-z,max-page-size=0x1000,-z,separate-code -Wno-error -ftree-vectorize -ftree-slp-vectorize -Wl,--enable-new-dtags -fcf-protection=return -m64 -march=westmere -mtune=haswell -fasynchronous-unwind-tables -fno-omit-frame-pointer -Wp,-D_REENTRANT -O3 -ffat-lto-objects -flto=4  -O3 -ffat-lto-objects -flto=4 '
+ export 'FFLAGS=-O2 -g -feliminate-unused-debug-types -pipe -Wall -Wp,-D_FORTIFY_SOURCE=2 -fexceptions -fstack-protector --param=ssp-buffer-size=32 -Wformat -Wformat-security -Wl,-z,now,-z,relro,-z,max-page-size=0x1000,-z,separate-code -Wno-error -ftree-vectorize -ftree-slp-vectorize -Wl,--enable-new-dtags -fcf-protection=return -m64 -march=westmere -mtune=haswell -fasynchronous-unwind-tables -fno-omit-frame-pointer -Wp,-D_REENTRANT -O3 -ffat-lto-objects -flto=4  -O3 -ffat-lto-objects -flto=4 '
+ FFLAGS='-O2 -g -feliminate-unused-debug-types -pipe -Wall -Wp,-D_FORTIFY_SOURCE=2 -fexceptions -fstack-protector --param=ssp-buffer-size=32 -Wformat -Wformat-security -Wl,-z,now,-z,relro,-z,max-page-size=0x1000,-z,separate-code -Wno-error -ftree-vectorize -ftree-slp-vectorize -Wl,--enable-new-dtags -fcf-protection=return -m64 -march=westmere -mtune=haswell -fasynchronous-unwind-tables -fno-omit-frame-pointer -Wp,-D_REENTRANT -O3 -ffat-lto-objects -flto=4  -O3 -ffat-lto-objects -flto=4 '
+ export 'CXXFLAGS=-O2 -g -feliminate-unused-debug-types -pipe -Wall -Wp,-D_FORTIFY_SOURCE=2 -fexceptions -fstack-protector --param=ssp-buffer-size=32 -Wformat -Wformat-security -Wl,-z,now,-z,relro,-z,max-page-size=0x1000,-z,separate-code -Wno-error -ftree-vectorize -ftree-slp-vectorize -Wl,--enable-new-dtags -fcf-protection=return -m64 -march=westmere -mtune=haswell -fasynchronous-unwind-tables -fno-omit-frame-pointer -Wp,-D_REENTRANT -O3 -ffat-lto-objects -flto=4 '
+ CXXFLAGS='-O2 -g -feliminate-unused-debug-types -pipe -Wall -Wp,-D_FORTIFY_SOURCE=2 -fexceptions -fstack-protector --param=ssp-buffer-size=32 -Wformat -Wformat-security -Wl,-z,now,-z,relro,-z,max-page-size=0x1000,-z,separate-code -Wno-error -ftree-vectorize -ftree-slp-vectorize -Wl,--enable-new-dtags -fcf-protection=return -m64 -march=westmere -mtune=haswell -fasynchronous-unwind-tables -fno-omit-frame-pointer -Wp,-D_REENTRANT -O3 -ffat-lto-objects -flto=4 '
+ make -j4
echo "no build"
no build
+ exit 0
Executing(%install): /bin/sh -e /var/tmp/rpm-tmp.DSt4gu
+ umask 022
+ cd /builddir/build/BUILD
+ cd puppet-rabbitmq-5ac45dedd9b409c9efac654724bc74867cb9233b
+ LANG=en_US.UTF-8
+ export LANG
+ unset DISPLAY
+ unset PYTHONOPTIMIZE
+ rm -rf /builddir/build/BUILDROOT/puppet-rabbitmq-5ac45de-1.x86_64
+ mkdir -p /builddir/build/BUILDROOT/puppet-rabbitmq-5ac45de-1.x86_64
+ export SOURCE_DATE_EPOCH=1568709487
+ SOURCE_DATE_EPOCH=1568709487
+ rm -rf /builddir/build/BUILDROOT/puppet-rabbitmq-5ac45de-1.x86_64
+ install -d -m 0755 /builddir/build/BUILDROOT/puppet-rabbitmq-5ac45de-1.x86_64//usr/share/openstack-puppet/modules/rabbitmq/
+ cp -rp CHANGELOG.md CONTRIBUTING.md examples files Gemfile lib LICENSE locales MAINTAINERS.md Makefile manifests metadata.json NOTICE Rakefile README.md spec templates /builddir/build/BUILDROOT/puppet-rabbitmq-5ac45de-1.x86_64//usr/share/openstack-puppet/modules/rabbitmq/
+ rm -f /builddir/build/BUILDROOT/puppet-rabbitmq-5ac45de-1.x86_64/usr/share/info/dir
++ find /builddir/build/BUILDROOT/puppet-rabbitmq-5ac45de-1.x86_64 -path 'etc/*' '!' -type d
+ test -z ''
+ rm -rf '/builddir/build/BUILDROOT/puppet-rabbitmq-5ac45de-1.x86_64/etc/*'
+ rm -rf '/builddir/build/BUILDROOT/puppet-rabbitmq-5ac45de-1.x86_64/usr/share/factory/*'
+ find /builddir/build/BUILDROOT/puppet-rabbitmq-5ac45de-1.x86_64 -name __pycache__
+ xargs rm -rf --
+ '[' -d /builddir/build/BUILDROOT/puppet-rabbitmq-5ac45de-1.x86_64/usr/share/mime ']'
++ getconf _NPROCESSORS_ONLN
+ RPM_XARGS_PFLAG=-P4
+ find /builddir/build/BUILDROOT/puppet-rabbitmq-5ac45de-1.x86_64 -name '*.so.avx512' -print0
+ xargs -0rtn1 -P4 python /usr/share/clr-avx-tools/avxjudge.py -q -5
+ find /builddir/build/BUILDROOT/puppet-rabbitmq-5ac45de-1.x86_64/usr/lib64/haswell/avx512_1 -name '*.so*' -print0
find: ‘/builddir/build/BUILDROOT/puppet-rabbitmq-5ac45de-1.x86_64/usr/lib64/haswell/avx512_1’: No such file or directory
+ find /builddir/build/BUILDROOT/puppet-rabbitmq-5ac45de-1.x86_64 -name '*.so.avx2' -print0
+ xargs -0rtn1 -P4 python /usr/share/clr-avx-tools/avxjudge.py -q -2
+ find /builddir/build/BUILDROOT/puppet-rabbitmq-5ac45de-1.x86_64/usr/lib64/haswell '!' -path '/usr/lib64/haswell/avx512_1/*' -name '*.so*' -print0
find: ‘/builddir/build/BUILDROOT/puppet-rabbitmq-5ac45de-1.x86_64/usr/lib64/haswell’: No such file or directory
+ find /builddir/build/BUILDROOT/puppet-rabbitmq-5ac45de-1.x86_64/usr/lib64/ -maxdepth 1 -name '*.so*' -type f -print0
+ xargs -0rtn1 -P4 /usr/lib/rpm/clr/brp-create-abi
+ sort -u
find: ‘/builddir/build/BUILDROOT/puppet-rabbitmq-5ac45de-1.x86_64/usr/lib64/’: No such file or directory
+ /usr/lib/rpm/find-debuginfo.sh --strict-build-id /builddir/build/BUILD/puppet-rabbitmq-5ac45dedd9b409c9efac654724bc74867cb9233b
+ '[' -d /builddir/build/BUILDROOT/puppet-rabbitmq-5ac45de-1.x86_64/usr/lib/debug ']'
+ :
+ '[' -d /builddir/build/BUILDROOT/puppet-rabbitmq-5ac45de-1.x86_64/usr/lib/debug ']'
+ :
+ '[' -d /builddir/build/BUILDROOT/puppet-rabbitmq-5ac45de-1.x86_64/usr/src/debug ']'
+ :
+ '[' -d /builddir/build/BUILDROOT/puppet-rabbitmq-5ac45de-1.x86_64/usr/lib/debug.force ']'
+ :
+ '[' -d /builddir/build/BUILDROOT/puppet-rabbitmq-5ac45de-1.x86_64/usr/src/debug.force ']'
+ :
+ /usr/lib/rpm/check-buildroot
+ /usr/lib/rpm/clr/brp-strip-static-archive /usr/bin/strip
+ /usr/lib/rpm/clr/brp-strip-comment-note /usr/bin/strip /usr/bin/objdump
+ /usr/lib/rpm/clr/brp-python-bytecompile
+ xargs -0 touch -h -d @1568709487
+ find /builddir/build/BUILDROOT/puppet-rabbitmq-5ac45de-1.x86_64 -print0
+ /usr/lib/rpm/clr/brp-java-repack-jars
Processing files: puppet-rabbitmq-5ac45de-1.x86_64
Processing files: puppet-rabbitmq-debuginfo-5ac45de-1.x86_64
warning: Empty %files file /builddir/build/BUILD/puppet-rabbitmq-5ac45dedd9b409c9efac654724bc74867cb9233b/debugfiles.list
warning: Empty %files file /builddir/build/BUILD/puppet-rabbitmq-5ac45dedd9b409c9efac654724bc74867cb9233b/abifiles.list
Processing files: puppet-rabbitmq-abi-5ac45de-1.x86_64
Checking for unpackaged file(s): /usr/lib/rpm/check-files /builddir/build/BUILDROOT/puppet-rabbitmq-5ac45de-1.x86_64
error: Installed (but unpackaged) file(s) found:
   /usr/share/openstack-puppet/modules/rabbitmq/CHANGELOG.md
   /usr/share/openstack-puppet/modules/rabbitmq/CONTRIBUTING.md
   /usr/share/openstack-puppet/modules/rabbitmq/Gemfile
   /usr/share/openstack-puppet/modules/rabbitmq/LICENSE
   /usr/share/openstack-puppet/modules/rabbitmq/MAINTAINERS.md
   /usr/share/openstack-puppet/modules/rabbitmq/Makefile
   /usr/share/openstack-puppet/modules/rabbitmq/NOTICE
   /usr/share/openstack-puppet/modules/rabbitmq/README.md
   /usr/share/openstack-puppet/modules/rabbitmq/Rakefile
   /usr/share/openstack-puppet/modules/rabbitmq/examples/erlang_deps.pp
   /usr/share/openstack-puppet/modules/rabbitmq/examples/full.pp
   /usr/share/openstack-puppet/modules/rabbitmq/examples/permissions/add.pp
   /usr/share/openstack-puppet/modules/rabbitmq/examples/plugin.pp
   /usr/share/openstack-puppet/modules/rabbitmq/examples/repo/apt.pp
   /usr/share/openstack-puppet/modules/rabbitmq/examples/server.pp
   /usr/share/openstack-puppet/modules/rabbitmq/examples/service.pp
   /usr/share/openstack-puppet/modules/rabbitmq/examples/site.pp
   /usr/share/openstack-puppet/modules/rabbitmq/examples/user/add.pp
   /usr/share/openstack-puppet/modules/rabbitmq/examples/vhosts/add.pp
   /usr/share/openstack-puppet/modules/rabbitmq/files/README.markdown
   /usr/share/openstack-puppet/modules/rabbitmq/files/plugins/amqp_client-2.3.1.ez
   /usr/share/openstack-puppet/modules/rabbitmq/files/plugins/rabbit_stomp-2.3.1.ez
   /usr/share/openstack-puppet/modules/rabbitmq/lib/facter/rabbitmq_version.rb
   /usr/share/openstack-puppet/modules/rabbitmq/lib/puppet/provider/rabbitmq_binding/rabbitmqadmin.rb
   /usr/share/openstack-puppet/modules/rabbitmq/lib/puppet/provider/rabbitmq_erlang_cookie/ruby.rb
   /usr/share/openstack-puppet/modules/rabbitmq/lib/puppet/provider/rabbitmq_exchange/rabbitmqadmin.rb
   /usr/share/openstack-puppet/modules/rabbitmq/lib/puppet/provider/rabbitmq_parameter/rabbitmqctl.rb
   /usr/share/openstack-puppet/modules/rabbitmq/lib/puppet/provider/rabbitmq_plugin/rabbitmqplugins.rb
   /usr/share/openstack-puppet/modules/rabbitmq/lib/puppet/provider/rabbitmq_policy/rabbitmqctl.rb
   /usr/share/openstack-puppet/modules/rabbitmq/lib/puppet/provider/rabbitmq_queue/rabbitmqadmin.rb
   /usr/share/openstack-puppet/modules/rabbitmq/lib/puppet/provider/rabbitmq_user/rabbitmqctl.rb
   /usr/share/openstack-puppet/modules/rabbitmq/lib/puppet/provider/rabbitmq_user_permissions/rabbitmqctl.rb
   /usr/share/openstack-puppet/modules/rabbitmq/lib/puppet/provider/rabbitmq_vhost/rabbitmqctl.rb
   /usr/share/openstack-puppet/modules/rabbitmq/lib/puppet/provider/rabbitmqctl.rb
   /usr/share/openstack-puppet/modules/rabbitmq/lib/puppet/type/rabbitmq_binding.rb
   /usr/share/openstack-puppet/modules/rabbitmq/lib/puppet/type/rabbitmq_erlang_cookie.rb
   /usr/share/openstack-puppet/modules/rabbitmq/lib/puppet/type/rabbitmq_exchange.rb
   /usr/share/openstack-puppet/modules/rabbitmq/lib/puppet/type/rabbitmq_parameter.rb
   /usr/share/openstack-puppet/modules/rabbitmq/lib/puppet/type/rabbitmq_plugin.rb
   /usr/share/openstack-puppet/modules/rabbitmq/lib/puppet/type/rabbitmq_policy.rb
   /usr/share/openstack-puppet/modules/rabbitmq/lib/puppet/type/rabbitmq_queue.rb
   /usr/share/openstack-puppet/modules/rabbitmq/lib/puppet/type/rabbitmq_user.rb
   /usr/share/openstack-puppet/modules/rabbitmq/lib/puppet/type/rabbitmq_user_permissions.rb
   /usr/share/openstack-puppet/modules/rabbitmq/lib/puppet/type/rabbitmq_vhost.rb
   /usr/share/openstack-puppet/modules/rabbitmq/locales/config.yaml
   /usr/share/openstack-puppet/modules/rabbitmq/manifests/config.pp
   /usr/share/openstack-puppet/modules/rabbitmq/manifests/init.pp
   /usr/share/openstack-puppet/modules/rabbitmq/manifests/install.pp
   /usr/share/openstack-puppet/modules/rabbitmq/manifests/install/rabbitmqadmin.pp
   /usr/share/openstack-puppet/modules/rabbitmq/manifests/management.pp
   /usr/share/openstack-puppet/modules/rabbitmq/manifests/params.pp
   /usr/share/openstack-puppet/modules/rabbitmq/manifests/repo/apt.pp
   /usr/share/openstack-puppet/modules/rabbitmq/manifests/repo/rhel.pp
   /usr/share/openstack-puppet/modules/rabbitmq/manifests/server.pp
   /usr/share/openstack-puppet/modules/rabbitmq/manifests/service.pp
   /usr/share/openstack-puppet/modules/rabbitmq/metadata.json
   /usr/share/openstack-puppet/modules/rabbitmq/spec/README.markdown
   /usr/share/openstack-puppet/modules/rabbitmq/spec/acceptance/class_spec.rb
   /usr/share/openstack-puppet/modules/rabbitmq/spec/acceptance/clustering_spec.rb
   /usr/share/openstack-puppet/modules/rabbitmq/spec/acceptance/delete_guest_user_spec.rb
   /usr/share/openstack-puppet/modules/rabbitmq/spec/acceptance/nodesets/centos-7-x64.yml
   /usr/share/openstack-puppet/modules/rabbitmq/spec/acceptance/nodesets/debian-8-x64.yml
   /usr/share/openstack-puppet/modules/rabbitmq/spec/acceptance/nodesets/default.yml
   /usr/share/openstack-puppet/modules/rabbitmq/spec/acceptance/nodesets/docker/centos-7.yml
   /usr/share/openstack-puppet/modules/rabbitmq/spec/acceptance/nodesets/docker/debian-8.yml
   /usr/share/openstack-puppet/modules/rabbitmq/spec/acceptance/nodesets/docker/ubuntu-14.04.yml
   /usr/share/openstack-puppet/modules/rabbitmq/spec/acceptance/parameter_spec.rb
   /usr/share/openstack-puppet/modules/rabbitmq/spec/acceptance/policy_spec.rb
   /usr/share/openstack-puppet/modules/rabbitmq/spec/acceptance/queue_spec.rb
   /usr/share/openstack-puppet/modules/rabbitmq/spec/acceptance/rabbitmqadmin_spec.rb
   /usr/share/openstack-puppet/modules/rabbitmq/spec/acceptance/server_spec.rb
   /usr/share/openstack-puppet/modules/rabbitmq/spec/acceptance/user_spec.rb
   /usr/share/openstack-puppet/modules/rabbitmq/spec/acceptance/vhost_spec.rb
   /usr/share/openstack-puppet/modules/rabbitmq/spec/acceptance/zz281_spec.rb
   /usr/share/openstack-puppet/modules/rabbitmq/spec/classes/rabbitmq_spec.rb
   /usr/share/openstack-puppet/modules/rabbitmq/spec/spec_helper.rb
   /usr/share/openstack-puppet/modules/rabbitmq/spec/spec_helper_acceptance.rb
   /usr/share/openstack-puppet/modules/rabbitmq/spec/spec_helper_local.rb
   /usr/share/openstack-puppet/modules/rabbitmq/spec/unit/puppet/provider/rabbitmq_binding/rabbitmqadmin_spec.rb
   /usr/share/openstack-puppet/modules/rabbitmq/spec/unit/puppet/provider/rabbitmq_exchange/rabbitmqadmin_spec.rb
   /usr/share/openstack-puppet/modules/rabbitmq/spec/unit/puppet/provider/rabbitmq_parameter/rabbitmqctl_spec.rb
   /usr/share/openstack-puppet/modules/rabbitmq/spec/unit/puppet/provider/rabbitmq_plugin/rabbitmqctl_spec.rb
   /usr/share/openstack-puppet/modules/rabbitmq/spec/unit/puppet/provider/rabbitmq_policy/rabbitmqctl_spec.rb
   /usr/share/openstack-puppet/modules/rabbitmq/spec/unit/puppet/provider/rabbitmq_queue/rabbitmqadmin_spec.rb
   /usr/share/openstack-puppet/modules/rabbitmq/spec/unit/puppet/provider/rabbitmq_user/rabbitmqctl_spec.rb
   /usr/share/openstack-puppet/modules/rabbitmq/spec/unit/puppet/provider/rabbitmq_user_permissions/rabbitmqctl_spec.rb
   /usr/share/openstack-puppet/modules/rabbitmq/spec/unit/puppet/provider/rabbitmq_vhost/rabbitmqctl_spec.rb
   /usr/share/openstack-puppet/modules/rabbitmq/spec/unit/puppet/type/rabbitmq_binding_spec.rb
   /usr/share/openstack-puppet/modules/rabbitmq/spec/unit/puppet/type/rabbitmq_exchange_spec.rb
   /usr/share/openstack-puppet/modules/rabbitmq/spec/unit/puppet/type/rabbitmq_parameter_spec.rb
   /usr/share/openstack-puppet/modules/rabbitmq/spec/unit/puppet/type/rabbitmq_plugin_spec.rb
   /usr/share/openstack-puppet/modules/rabbitmq/spec/unit/puppet/type/rabbitmq_policy_spec.rb
   /usr/share/openstack-puppet/modules/rabbitmq/spec/unit/puppet/type/rabbitmq_queue_spec.rb
   /usr/share/openstack-puppet/modules/rabbitmq/spec/unit/puppet/type/rabbitmq_user_permissions_spec.rb
   /usr/share/openstack-puppet/modules/rabbitmq/spec/unit/puppet/type/rabbitmq_user_spec.rb
   /usr/share/openstack-puppet/modules/rabbitmq/spec/unit/puppet/type/rabbitmq_vhost_spec.rb
   /usr/share/openstack-puppet/modules/rabbitmq/spec/unit/rabbitmq_version_spec.rb
   /usr/share/openstack-puppet/modules/rabbitmq/templates/README.markdown
   /usr/share/openstack-puppet/modules/rabbitmq/templates/default.erb
   /usr/share/openstack-puppet/modules/rabbitmq/templates/inetrc.erb
   /usr/share/openstack-puppet/modules/rabbitmq/templates/limits.conf
   /usr/share/openstack-puppet/modules/rabbitmq/templates/rabbitmq-env.conf.erb
   /usr/share/openstack-puppet/modules/rabbitmq/templates/rabbitmq-server.service.d/limits.conf
   /usr/share/openstack-puppet/modules/rabbitmq/templates/rabbitmq.config.erb
   /usr/share/openstack-puppet/modules/rabbitmq/templates/rabbitmqadmin.conf.erb
    Empty %files file /builddir/build/BUILD/puppet-rabbitmq-5ac45dedd9b409c9efac654724bc74867cb9233b/debugfiles.list
    Empty %files file /builddir/build/BUILD/puppet-rabbitmq-5ac45dedd9b409c9efac654724bc74867cb9233b/abifiles.list
    Installed (but unpackaged) file(s) found:
   /usr/share/openstack-puppet/modules/rabbitmq/CHANGELOG.md
   /usr/share/openstack-puppet/modules/rabbitmq/CONTRIBUTING.md
   /usr/share/openstack-puppet/modules/rabbitmq/Gemfile
   /usr/share/openstack-puppet/modules/rabbitmq/LICENSE
   /usr/share/openstack-puppet/modules/rabbitmq/MAINTAINERS.md
   /usr/share/openstack-puppet/modules/rabbitmq/Makefile
   /usr/share/openstack-puppet/modules/rabbitmq/NOTICE
   /usr/share/openstack-puppet/modules/rabbitmq/README.md
   /usr/share/openstack-puppet/modules/rabbitmq/Rakefile
   /usr/share/openstack-puppet/modules/rabbitmq/examples/erlang_deps.pp
   /usr/share/openstack-puppet/modules/rabbitmq/examples/full.pp
   /usr/share/openstack-puppet/modules/rabbitmq/examples/permissions/add.pp
   /usr/share/openstack-puppet/modules/rabbitmq/examples/plugin.pp
   /usr/share/openstack-puppet/modules/rabbitmq/examples/repo/apt.pp
   /usr/share/openstack-puppet/modules/rabbitmq/examples/server.pp
   /usr/share/openstack-puppet/modules/rabbitmq/examples/service.pp
   /usr/share/openstack-puppet/modules/rabbitmq/examples/site.pp
   /usr/share/openstack-puppet/modules/rabbitmq/examples/user/add.pp
   /usr/share/openstack-puppet/modules/rabbitmq/examples/vhosts/add.pp
   /usr/share/openstack-puppet/modules/rabbitmq/files/README.markdown
   /usr/share/openstack-puppet/modules/rabbitmq/files/plugins/amqp_client-2.3.1.ez
   /usr/share/openstack-puppet/modules/rabbitmq/files/plugins/rabbit_stomp-2.3.1.ez
   /usr/share/openstack-puppet/modules/rabbitmq/lib/facter/rabbitmq_version.rb
   /usr/share/openstack-puppet/modules/rabbitmq/lib/puppet/provider/rabbitmq_binding/rabbitmqadmin.rb
   /usr/share/openstack-puppet/modules/rabbitmq/lib/puppet/provider/rabbitmq_erlang_cookie/ruby.rb
   /usr/share/openstack-puppet/modules/rabbitmq/lib/puppet/provider/rabbitmq_exchange/rabbitmqadmin.rb
   /usr/share/openstack-puppet/modules/rabbitmq/lib/puppet/provider/rabbitmq_parameter/rabbitmqctl.rb
   /usr/share/openstack-puppet/modules/rabbitmq/lib/puppet/provider/rabbitmq_plugin/rabbitmqplugins.rb
   /usr/share/openstack-puppet/modules/rabbitmq/lib/puppet/provider/rabbitmq_policy/rabbitmqctl.rb
   /usr/share/openstack-puppet/modules/rabbitmq/lib/puppet/provider/rabbitmq_queue/rabbitmqadmin.rb
   /usr/share/openstack-puppet/modules/rabbitmq/lib/puppet/provider/rabbitmq_user/rabbitmqctl.rb
   /usr/share/openstack-puppet/modules/rabbitmq/lib/puppet/provider/rabbitmq_user_permissions/rabbitmqctl.rb
   /usr/share/openstack-puppet/modules/rabbitmq/lib/puppet/provider/rabbitmq_vhost/rabbitmqctl.rb
   /usr/share/openstack-puppet/modules/rabbitmq/lib/puppet/provider/rabbitmqctl.rb
   /usr/share/openstack-puppet/modules/rabbitmq/lib/puppet/type/rabbitmq_binding.rb
   /usr/share/openstack-puppet/modules/rabbitmq/lib/puppet/type/rabbitmq_erlang_cookie.rb
   /usr/share/openstack-puppet/modules/rabbitmq/lib/puppet/type/rabbitmq_exchange.rb
   /usr/share/openstack-puppet/modules/rabbitmq/lib/puppet/type/rabbitmq_parameter.rb
   /usr/share/openstack-puppet/modules/rabbitmq/lib/puppet/type/rabbitmq_plugin.rb
   /usr/share/openstack-puppet/modules/rabbitmq/lib/puppet/type/rabbitmq_policy.rb
   /usr/share/openstack-puppet/modules/rabbitmq/lib/puppet/type/rabbitmq_queue.rb
   /usr/share/openstack-puppet/modules/rabbitmq/lib/puppet/type/rabbitmq_user.rb
   /usr/share/openstack-puppet/modules/rabbitmq/lib/puppet/type/rabbitmq_user_permissions.rb
   /usr/share/openstack-puppet/modules/rabbitmq/lib/puppet/type/rabbitmq_vhost.rb
   /usr/share/openstack-puppet/modules/rabbitmq/locales/config.yaml
   /usr/share/openstack-puppet/modules/rabbitmq/manifests/config.pp
   /usr/share/openstack-puppet/modules/rabbitmq/manifests/init.pp
   /usr/share/openstack-puppet/modules/rabbitmq/manifests/install.pp
   /usr/share/openstack-puppet/modules/rabbitmq/manifests/install/rabbitmqadmin.pp
   /usr/share/openstack-puppet/modules/rabbitmq/manifests/management.pp
   /usr/share/openstack-puppet/modules/rabbitmq/manifests/params.pp
   /usr/share/openstack-puppet/modules/rabbitmq/manifests/repo/apt.pp
   /usr/share/openstack-puppet/modules/rabbitmq/manifests/repo/rhel.pp
   /usr/share/openstack-puppet/modules/rabbitmq/manifests/server.pp
   /usr/share/openstack-puppet/modules/rabbitmq/manifests/service.pp
   /usr/share/openstack-puppet/modules/rabbitmq/metadata.json
   /usr/share/openstack-puppet/modules/rabbitmq/spec/README.markdown
   /usr/share/openstack-puppet/modules/rabbitmq/spec/acceptance/class_spec.rb
   /usr/share/openstack-puppet/modules/rabbitmq/spec/acceptance/clustering_spec.rb
   /usr/share/openstack-puppet/modules/rabbitmq/spec/acceptance/delete_guest_user_spec.rb
   /usr/share/openstack-puppet/modules/rabbitmq/spec/acceptance/nodesets/centos-7-x64.yml
   /usr/share/openstack-puppet/modules/rabbitmq/spec/acceptance/nodesets/debian-8-x64.yml
   /usr/share/openstack-puppet/modules/rabbitmq/spec/acceptance/nodesets/default.yml
   /usr/share/openstack-puppet/modules/rabbitmq/spec/acceptance/nodesets/docker/centos-7.yml
   /usr/share/openstack-puppet/modules/rabbitmq/spec/acceptance/nodesets/docker/debian-8.yml
   /usr/share/openstack-puppet/modules/rabbitmq/spec/acceptance/nodesets/docker/ubuntu-14.04.yml
   /usr/share/openstack-puppet/modules/rabbitmq/spec/acceptance/parameter_spec.rb
   /usr/share/openstack-puppet/modules/rabbitmq/spec/acceptance/policy_spec.rb
   /usr/share/openstack-puppet/modules/rabbitmq/spec/acceptance/queue_spec.rb
   /usr/share/openstack-puppet/modules/rabbitmq/spec/acceptance/rabbitmqadmin_spec.rb
   /usr/share/openstack-puppet/modules/rabbitmq/spec/acceptance/server_spec.rb
   /usr/share/openstack-puppet/modules/rabbitmq/spec/acceptance/user_spec.rb
   /usr/share/openstack-puppet/modules/rabbitmq/spec/acceptance/vhost_spec.rb
   /usr/share/openstack-puppet/modules/rabbitmq/spec/acceptance/zz281_spec.rb
   /usr/share/openstack-puppet/modules/rabbitmq/spec/classes/rabbitmq_spec.rb
   /usr/share/openstack-puppet/modules/rabbitmq/spec/spec_helper.rb
   /usr/share/openstack-puppet/modules/rabbitmq/spec/spec_helper_acceptance.rb
   /usr/share/openstack-puppet/modules/rabbitmq/spec/spec_helper_local.rb
   /usr/share/openstack-puppet/modules/rabbitmq/spec/unit/puppet/provider/rabbitmq_binding/rabbitmqadmin_spec.rb
   /usr/share/openstack-puppet/modules/rabbitmq/spec/unit/puppet/provider/rabbitmq_exchange/rabbitmqadmin_spec.rb
   /usr/share/openstack-puppet/modules/rabbitmq/spec/unit/puppet/provider/rabbitmq_parameter/rabbitmqctl_spec.rb
   /usr/share/openstack-puppet/modules/rabbitmq/spec/unit/puppet/provider/rabbitmq_plugin/rabbitmqctl_spec.rb
   /usr/share/openstack-puppet/modules/rabbitmq/spec/unit/puppet/provider/rabbitmq_policy/rabbitmqctl_spec.rb
   /usr/share/openstack-puppet/modules/rabbitmq/spec/unit/puppet/provider/rabbitmq_queue/rabbitmqadmin_spec.rb
   /usr/share/openstack-puppet/modules/rabbitmq/spec/unit/puppet/provider/rabbitmq_user/rabbitmqctl_spec.rb
   /usr/share/openstack-puppet/modules/rabbitmq/spec/unit/puppet/provider/rabbitmq_user_permissions/rabbitmqctl_spec.rb
   /usr/share/openstack-puppet/modules/rabbitmq/spec/unit/puppet/provider/rabbitmq_vhost/rabbitmqctl_spec.rb
   /usr/share/openstack-puppet/modules/rabbitmq/spec/unit/puppet/type/rabbitmq_binding_spec.rb
   /usr/share/openstack-puppet/modules/rabbitmq/spec/unit/puppet/type/rabbitmq_exchange_spec.rb
   /usr/share/openstack-puppet/modules/rabbitmq/spec/unit/puppet/type/rabbitmq_parameter_spec.rb
   /usr/share/openstack-puppet/modules/rabbitmq/spec/unit/puppet/type/rabbitmq_plugin_spec.rb
   /usr/share/openstack-puppet/modules/rabbitmq/spec/unit/puppet/type/rabbitmq_policy_spec.rb
   /usr/share/openstack-puppet/modules/rabbitmq/spec/unit/puppet/type/rabbitmq_queue_spec.rb
   /usr/share/openstack-puppet/modules/rabbitmq/spec/unit/puppet/type/rabbitmq_user_permissions_spec.rb
   /usr/share/openstack-puppet/modules/rabbitmq/spec/unit/puppet/type/rabbitmq_user_spec.rb
   /usr/share/openstack-puppet/modules/rabbitmq/spec/unit/puppet/type/rabbitmq_vhost_spec.rb
   /usr/share/openstack-puppet/modules/rabbitmq/spec/unit/rabbitmq_version_spec.rb
   /usr/share/openstack-puppet/modules/rabbitmq/templates/README.markdown
   /usr/share/openstack-puppet/modules/rabbitmq/templates/default.erb
   /usr/share/openstack-puppet/modules/rabbitmq/templates/inetrc.erb
   /usr/share/openstack-puppet/modules/rabbitmq/templates/limits.conf
   /usr/share/openstack-puppet/modules/rabbitmq/templates/rabbitmq-env.conf.erb
   /usr/share/openstack-puppet/modules/rabbitmq/templates/rabbitmq-server.service.d/limits.conf
   /usr/share/openstack-puppet/modules/rabbitmq/templates/rabbitmq.config.erb
   /usr/share/openstack-puppet/modules/rabbitmq/templates/rabbitmqadmin.conf.erb
RPM build errors:
Child return code was: 1
EXCEPTION: Command failed. See logs for output.
 # bash --login -c /usr/bin/rpmbuild -bb --target x86_64 --nodeps  /builddir/build/SPECS/puppet-rabbitmq.spec 
Traceback (most recent call last):
  File "/usr/lib/python3.7/site-packages/mockbuild/trace_decorator.py", line 84, in trace
    result = func(*args, **kw)
  File "/usr/lib/python3.7/site-packages/mockbuild/util.py", line 531, in do
    raise exception.Error("Command failed. See logs for output.\n # %s" % (command,), child.returncode)
mockbuild.exception.Error: Command failed. See logs for output.
 # bash --login -c /usr/bin/rpmbuild -bb --target x86_64 --nodeps  /builddir/build/SPECS/puppet-rabbitmq.spec 
LEAVE do --> EXCEPTION RAISED

