2019-09-23 03:10:40,494 - Mock Version: 1.2.14
2019-09-23 03:10:40,746 - Start: dnf update
2019-09-23 03:10:50,917 - Finish: dnf update
2019-09-23 03:10:50,922 - Finish: chroot init
2019-09-23 03:10:50,925 - Start: buildsrpm
2019-09-23 03:10:50,974 - Start: rpmbuild -bs
2019-09-23 03:10:51,035 - Finish: rpmbuild -bs
2019-09-23 03:10:51,037 - Finish: buildsrpm
2019-09-23 03:10:51,038 - Finish: run
2019-09-23 03:10:54,288 - Mock Version: 1.2.14
2019-09-23 03:10:54,539 - Start: dnf update
2019-09-23 03:11:04,086 - Finish: dnf update
2019-09-23 03:11:04,092 - Finish: chroot init
2019-09-23 03:11:04,093 - Start: build phase for cloud-init-0.7.9-6.src.rpm
2019-09-23 03:11:04,095 - Start: build setup for cloud-init-0.7.9-6.src.rpm
2019-09-23 03:11:16,865 - Finish: build setup for cloud-init-0.7.9-6.src.rpm
2019-09-23 03:11:16,865 - Start: rpmbuild cloud-init-0.7.9-6.src.rpm
2019-09-23 03:11:23,809 - Mock Version: 1.2.14
2019-09-23 03:11:24,132 - Start: dnf update
2019-09-23 03:11:34,532 - Finish: dnf update
2019-09-23 03:11:34,537 - Finish: chroot init
2019-09-23 03:11:34,540 - Start: buildsrpm
2019-09-23 03:11:34,559 - Start: rpmbuild -bs
2019-09-23 03:11:34,620 - Finish: rpmbuild -bs
2019-09-23 03:11:34,622 - Finish: buildsrpm
2019-09-23 03:11:34,622 - Finish: run
2019-09-23 03:11:37,789 - Mock Version: 1.2.14
2019-09-23 03:11:38,050 - Start: dnf update
2019-09-23 03:11:47,567 - Finish: dnf update
2019-09-23 03:11:47,572 - Finish: chroot init
2019-09-23 03:11:47,574 - Start: build phase for cloud-init-0.7.9-6.src.rpm
2019-09-23 03:11:47,576 - Start: build setup for cloud-init-0.7.9-6.src.rpm
2019-09-23 03:11:49,271 - Finish: build setup for cloud-init-0.7.9-6.src.rpm
2019-09-23 03:11:49,271 - Start: rpmbuild cloud-init-0.7.9-6.src.rpm
2019-09-23 03:11:53,696 - Finish: rpmbuild cloud-init-0.7.9-6.src.rpm
2019-09-23 03:11:53,697 - Finish: build phase for cloud-init-0.7.9-6.src.rpm
2019-09-23 03:11:53,697 - Finish: run
