Mock Version: 1.2.14
ENTER do(['bash', '--login', '-c', '/usr/bin/rpmbuild -bs --target x86_64 --nodeps /builddir/build/SPECS/mtce-guest.spec'], chrootPath='/var/lib/mock/clear-mtce-guest/root'env={'TERM': 'vt100', 'SHELL': '/bin/bash', 'HOME': '/builddir', 'HOSTNAME': 'mock', 'PATH': '/usr/bin:/bin:/usr/sbin:/sbin', 'LANG': 'en_US.UTF-8', 'CCACHE_DIR': '/var/tmp/ccache', 'CCACHE_UMASK': '002'}shell=Falselogger=<mockbuild.trace_decorator.getLog object at 0x7f9c62789290>timeout=0uid=1000gid=1000user='mockbuild'printOutput=False)
Executing command: ['bash', '--login', '-c', '/usr/bin/rpmbuild -bs --target x86_64 --nodeps /builddir/build/SPECS/mtce-guest.spec'] with env {'TERM': 'vt100', 'SHELL': '/bin/bash', 'HOME': '/builddir', 'HOSTNAME': 'mock', 'PATH': '/usr/bin:/bin:/usr/sbin:/sbin', 'LANG': 'en_US.UTF-8', 'CCACHE_DIR': '/var/tmp/ccache', 'CCACHE_UMASK': '002'} and shell False
Building target platforms: x86_64
Building for target x86_64
Wrote: /builddir/build/SRPMS/mtce-guest-1.0-10.src.rpm
Child return code was: 0
LEAVE do --> 

ENTER do(['bash', '--login', '-c', '/usr/bin/rpmbuild -bb --target x86_64 --nodeps  /builddir/build/SPECS/mtce-guest.spec '], chrootPath='/var/lib/mock/clear-mtce-guest/root'env={'TERM': 'vt100', 'SHELL': '/bin/bash', 'HOME': '/builddir', 'HOSTNAME': 'mock', 'PATH': '/usr/bin:/bin:/usr/sbin:/sbin', 'LANG': 'en_US.UTF-8', 'CCACHE_DIR': '/var/tmp/ccache', 'CCACHE_UMASK': '002'}shell=Falselogger=<mockbuild.trace_decorator.getLog object at 0x7f9c62789290>timeout=0uid=1000gid=1000user='mockbuild'private_network=TrueprintOutput=False)
Executing command: ['bash', '--login', '-c', '/usr/bin/rpmbuild -bb --target x86_64 --nodeps  /builddir/build/SPECS/mtce-guest.spec '] with env {'TERM': 'vt100', 'SHELL': '/bin/bash', 'HOME': '/builddir', 'HOSTNAME': 'mock', 'PATH': '/usr/bin:/bin:/usr/sbin:/sbin', 'LANG': 'en_US.UTF-8', 'CCACHE_DIR': '/var/tmp/ccache', 'CCACHE_UMASK': '002'} and shell False
Building target platforms: x86_64
Building for target x86_64
Executing(%prep): /bin/sh -e /var/tmp/rpm-tmp.0JmsXY
+ umask 022
+ cd /builddir/build/BUILD
+ LANG=en_US.UTF-8
+ export LANG
+ unset DISPLAY
+ cd /builddir/build/BUILD
+ rm -rf mtce-guest-1.0
+ /usr/bin/gzip -dc /builddir/build/SOURCES/mtce-guest-1.0.tar.gz
+ /usr/bin/tar -xf -
+ STATUS=0
+ '[' 0 -ne 0 ']'
+ cd mtce-guest-1.0
+ /usr/bin/chmod -Rf a+rX,u+w,g-w,o-w .
Patch #1 (0001-change-sysconfig-dir.patch):
+ echo 'Patch #1 (0001-change-sysconfig-dir.patch):'
+ /usr/bin/cat /builddir/build/SOURCES/0001-change-sysconfig-dir.patch
+ /usr/bin/patch -p1 --fuzz=2
patching file Makefile
patching file README.txt
patching file scripts/guestAgent
patching file scripts/guestAgent.ocf
patching file scripts/guestAgent.service
patching file scripts/guestServer
patching file scripts/guestServer.pmon
patching file scripts/guestServer.service
+ exit 0
Executing(%build): /bin/sh -e /var/tmp/rpm-tmp.dh9WsU
+ umask 022
+ cd /builddir/build/BUILD
+ cd mtce-guest-1.0
+ LANG=en_US.UTF-8
+ export LANG
+ unset DISPLAY
+ unset PYTHONOPTIMIZE
+ CFLAGS='-O2 -g -feliminate-unused-debug-types -pipe -Wall -Wp,-D_FORTIFY_SOURCE=2 -fexceptions -fstack-protector --param=ssp-buffer-size=32 -Wformat -Wformat-security -Wl,-z,now,-z,relro,-z,max-page-size=0x1000,-z,separate-code -Wno-error -ftree-vectorize -ftree-slp-vectorize -Wl,--enable-new-dtags -fcf-protection=return -m64 -march=westmere -mtune=haswell -fasynchronous-unwind-tables -fno-omit-frame-pointer -Wp,-D_REENTRANT'
+ export CFLAGS
+ http_proxy=http://127.0.0.1:9/
+ export http_proxy
+ https_proxy=http://127.0.0.1:9/
+ export https_proxy
+ ftp_proxy=http://127.0.0.1:9/
+ export ftp_proxy
+ no_proxy=localhost,127.0.0.1,0.0.0.0
+ export no_proxy
+ CXXFLAGS='-O2 -g -feliminate-unused-debug-types -pipe -Wall -Wp,-D_FORTIFY_SOURCE=2 -fexceptions -fstack-protector --param=ssp-buffer-size=32 -Wformat -Wformat-security -Wl,-z,now,-z,relro,-z,max-page-size=0x1000,-z,separate-code -Wno-error -ftree-vectorize -ftree-slp-vectorize -Wl,--enable-new-dtags -fcf-protection=return -m64 -march=westmere -mtune=haswell -fasynchronous-unwind-tables -fno-omit-frame-pointer -Wp,-D_REENTRANT'
+ export CXXFLAGS
+ FFLAGS='-g -O3 -feliminate-unused-debug-types  -pipe -Wall -Wp,-D_FORTIFY_SOURCE=2 -fexceptions -fstack-protector --param=ssp-buffer-size=32 -m64 -fasynchronous-unwind-tables -Wp,-D_REENTRANT -ftree-loop-distribute-patterns -Wl,-z -Wl,now -Wl,-z -Wl,relro -malign-data=abi -fno-semantic-interposition -ftree-vectorize  -ftree-loop-vectorize -Wl,--enable-new-dtags '
+ export FFLAGS
+ LD_AS_NEEDED=1
+ export LD_AS_NEEDED
+ PKG_CONFIG_LIBDIR=/usr/lib64/pkgconfig
+ export PKG_CONFIG_LIBDIR
+ PATH=/usr/lib64/ccache/bin:/usr/local/bin:/usr/bin
+ export PATH
+ VER=1.0
++ echo 1.0
++ awk -F . '{print $1}'
+ MAJOR=1
++ echo 1.0
++ awk -F . '{print $2}'
+ MINOR=0
+ export http_proxy=http://127.0.0.1:9/
+ http_proxy=http://127.0.0.1:9/
+ export https_proxy=http://127.0.0.1:9/
+ https_proxy=http://127.0.0.1:9/
+ export no_proxy=localhost,127.0.0.1,0.0.0.0
+ no_proxy=localhost,127.0.0.1,0.0.0.0
+ export LANG=C.UTF-8
+ LANG=C.UTF-8
+ export SOURCE_DATE_EPOCH=1567648678
+ SOURCE_DATE_EPOCH=1567648678
+ export GCC_IGNORE_WERROR=1
+ GCC_IGNORE_WERROR=1
+ export AR=gcc-ar
+ AR=gcc-ar
+ export RANLIB=gcc-ranlib
+ RANLIB=gcc-ranlib
+ export NM=gcc-nm
+ NM=gcc-nm
+ export 'CFLAGS=-O2 -g -feliminate-unused-debug-types -pipe -Wall -Wp,-D_FORTIFY_SOURCE=2 -fexceptions -fstack-protector --param=ssp-buffer-size=32 -Wformat -Wformat-security -Wl,-z,now,-z,relro,-z,max-page-size=0x1000,-z,separate-code -Wno-error -ftree-vectorize -ftree-slp-vectorize -Wl,--enable-new-dtags -fcf-protection=return -m64 -march=westmere -mtune=haswell -fasynchronous-unwind-tables -fno-omit-frame-pointer -Wp,-D_REENTRANT -O3 -ffat-lto-objects -flto=4 '
+ CFLAGS='-O2 -g -feliminate-unused-debug-types -pipe -Wall -Wp,-D_FORTIFY_SOURCE=2 -fexceptions -fstack-protector --param=ssp-buffer-size=32 -Wformat -Wformat-security -Wl,-z,now,-z,relro,-z,max-page-size=0x1000,-z,separate-code -Wno-error -ftree-vectorize -ftree-slp-vectorize -Wl,--enable-new-dtags -fcf-protection=return -m64 -march=westmere -mtune=haswell -fasynchronous-unwind-tables -fno-omit-frame-pointer -Wp,-D_REENTRANT -O3 -ffat-lto-objects -flto=4 '
+ export 'FCFLAGS=-O2 -g -feliminate-unused-debug-types -pipe -Wall -Wp,-D_FORTIFY_SOURCE=2 -fexceptions -fstack-protector --param=ssp-buffer-size=32 -Wformat -Wformat-security -Wl,-z,now,-z,relro,-z,max-page-size=0x1000,-z,separate-code -Wno-error -ftree-vectorize -ftree-slp-vectorize -Wl,--enable-new-dtags -fcf-protection=return -m64 -march=westmere -mtune=haswell -fasynchronous-unwind-tables -fno-omit-frame-pointer -Wp,-D_REENTRANT -O3 -ffat-lto-objects -flto=4  -O3 -ffat-lto-objects -flto=4 '
+ FCFLAGS='-O2 -g -feliminate-unused-debug-types -pipe -Wall -Wp,-D_FORTIFY_SOURCE=2 -fexceptions -fstack-protector --param=ssp-buffer-size=32 -Wformat -Wformat-security -Wl,-z,now,-z,relro,-z,max-page-size=0x1000,-z,separate-code -Wno-error -ftree-vectorize -ftree-slp-vectorize -Wl,--enable-new-dtags -fcf-protection=return -m64 -march=westmere -mtune=haswell -fasynchronous-unwind-tables -fno-omit-frame-pointer -Wp,-D_REENTRANT -O3 -ffat-lto-objects -flto=4  -O3 -ffat-lto-objects -flto=4 '
+ export 'FFLAGS=-O2 -g -feliminate-unused-debug-types -pipe -Wall -Wp,-D_FORTIFY_SOURCE=2 -fexceptions -fstack-protector --param=ssp-buffer-size=32 -Wformat -Wformat-security -Wl,-z,now,-z,relro,-z,max-page-size=0x1000,-z,separate-code -Wno-error -ftree-vectorize -ftree-slp-vectorize -Wl,--enable-new-dtags -fcf-protection=return -m64 -march=westmere -mtune=haswell -fasynchronous-unwind-tables -fno-omit-frame-pointer -Wp,-D_REENTRANT -O3 -ffat-lto-objects -flto=4  -O3 -ffat-lto-objects -flto=4 '
+ FFLAGS='-O2 -g -feliminate-unused-debug-types -pipe -Wall -Wp,-D_FORTIFY_SOURCE=2 -fexceptions -fstack-protector --param=ssp-buffer-size=32 -Wformat -Wformat-security -Wl,-z,now,-z,relro,-z,max-page-size=0x1000,-z,separate-code -Wno-error -ftree-vectorize -ftree-slp-vectorize -Wl,--enable-new-dtags -fcf-protection=return -m64 -march=westmere -mtune=haswell -fasynchronous-unwind-tables -fno-omit-frame-pointer -Wp,-D_REENTRANT -O3 -ffat-lto-objects -flto=4  -O3 -ffat-lto-objects -flto=4 '
+ export 'CXXFLAGS=-O2 -g -feliminate-unused-debug-types -pipe -Wall -Wp,-D_FORTIFY_SOURCE=2 -fexceptions -fstack-protector --param=ssp-buffer-size=32 -Wformat -Wformat-security -Wl,-z,now,-z,relro,-z,max-page-size=0x1000,-z,separate-code -Wno-error -ftree-vectorize -ftree-slp-vectorize -Wl,--enable-new-dtags -fcf-protection=return -m64 -march=westmere -mtune=haswell -fasynchronous-unwind-tables -fno-omit-frame-pointer -Wp,-D_REENTRANT -O3 -ffat-lto-objects -flto=4 '
+ CXXFLAGS='-O2 -g -feliminate-unused-debug-types -pipe -Wall -Wp,-D_FORTIFY_SOURCE=2 -fexceptions -fstack-protector --param=ssp-buffer-size=32 -Wformat -Wformat-security -Wl,-z,now,-z,relro,-z,max-page-size=0x1000,-z,separate-code -Wno-error -ftree-vectorize -ftree-slp-vectorize -Wl,--enable-new-dtags -fcf-protection=return -m64 -march=westmere -mtune=haswell -fasynchronous-unwind-tables -fno-omit-frame-pointer -Wp,-D_REENTRANT -O3 -ffat-lto-objects -flto=4 '
+ make -j4 MAJOR=1 MINOR=0
g++ -I. -I/usr/include/mtce-common -I/usr/include/mtce-daemon -g -O2 -Wall -Wextra -Werror  -c guestClass.cpp -o guestClass.o
g++ -I. -I/usr/include/mtce-common -I/usr/include/mtce-daemon -g -O2 -Wall -Wextra -Werror  -c guestInstClass.cpp -o guestInstClass.o
g++ -I. -I/usr/include/mtce-common -I/usr/include/mtce-daemon -g -O2 -Wall -Wextra -Werror  -c guestSvrFsm.cpp -o guestSvrFsm.o
g++ -I. -I/usr/include/mtce-common -I/usr/include/mtce-daemon -g -O2 -Wall -Wextra -Werror  -c guestSvrHdlr.cpp -o guestSvrHdlr.o
g++ -I. -I/usr/include/mtce-common -I/usr/include/mtce-daemon -g -O2 -Wall -Wextra -Werror  -c guestServer.cpp -o guestServer.o
g++ -I. -I/usr/include/mtce-common -I/usr/include/mtce-daemon -g -O2 -Wall -Wextra -Werror  -c guestAgent.cpp -o guestAgent.o
g++ -I. -I/usr/include/mtce-common -I/usr/include/mtce-daemon -g -O2 -Wall -Wextra -Werror  -c guestHttpSvr.cpp -o guestHttpSvr.o
g++ -I. -I/usr/include/mtce-common -I/usr/include/mtce-daemon -g -O2 -Wall -Wextra -Werror  -c guestHttpUtil.cpp -o guestHttpUtil.o
g++ -I. -I/usr/include/mtce-common -I/usr/include/mtce-daemon -g -O2 -Wall -Wextra -Werror  -c guestVimApi.cpp -o guestVimApi.o
g++ -I. -I/usr/include/mtce-common -I/usr/include/mtce-daemon -g -O2 -Wall -Wextra -Werror  -c guestUtil.cpp -o guestUtil.o
g++ -I. -I/usr/include/mtce-common -I/usr/include/mtce-daemon -g -O2 -Wall -Wextra -Werror  -c guestSvrUtil.cpp -o guestSvrUtil.o
In file included from /usr/include/mtce-daemon/daemon_common.h:20,
                 from guestHttpSvr.cpp:25:
guestHttpSvr.cpp: In function ‘int _get_url_info(evhttp_request*, const char*, url_info_type&)’:
/usr/include/mtce-common/logMacros.h:321:18: warning: ‘%s’ directive argument is null [-Wformat-overflow=]
  321 |     else { syslog(LOG_INFO, "[%d.%05d] %s %s %-3s %-18s(%4d) %-24s: Info : " format, getpid(), lc(), _hn(), _pn, __AREA__, __FILE__, __LINE__, __FUNCTION__, ##args) ; } \
      |            ~~~~~~^~~~~~~~~~~~~~~~~~~~~~~~~~~~~~~~~~~~~~~~~~~~~~~~~~~~~~~~~~~~~~~~~~~~~~~~~~~~~~~~~~~~~~~~~~~~~~~~~~~~~~~~~~~~~~~~~~~~~~~~~~~~~~~~~~~~~~~~~~~~~~~~~~~
guestHttpSvr.cpp:677:9: note: in expansion of macro ‘ilog’
  677 |         ilog ("Failed to parse URL (%s)", url_ptr); // DLOG
      |         ^~~~
guestHttpSvr.cpp:1084:41: note: format string is defined here
 1084 |             ilog ("Listening for 'http command' messages on %s:%d\n",
      |                                         ^~
In file included from /usr/include/mtce-daemon/daemon_common.h:20,
                 from guestHttpSvr.cpp:25:
/usr/include/mtce-common/logMacros.h:320:27: warning: ‘%s’ directive argument is null [-Wformat-overflow=]
  320 |     if ( ltc() ) { printf ( "%s [%d.%05d] %s %s %-3s %-18s(%4d) %-24s: Info : " format, pt(), getpid(), lc(), _hn(), _pn, __AREA__, __FILE__, __LINE__, __FUNCTION__, ##args) ; } \
      |                    ~~~~~~~^~~~~~~~~~~~~~~~~~~~~~~~~~~~~~~~~~~~~~~~~~~~~~~~~~~~~~~~~~~~~~~~~~~~~~~~~~~~~~~~~~~~~~~~~~~~~~~~~~~~~~~~~~~~~~~~~~~~~~~~~~~~~~~~~~~~~~~~~~~~~~~~~~~
guestHttpSvr.cpp:677:9: note: in expansion of macro ‘ilog’
  677 |         ilog ("Failed to parse URL (%s)", url_ptr); // DLOG
      |         ^~~~
guestHttpSvr.cpp:1084:41: note: format string is defined here
 1084 |             ilog ("Listening for 'http command' messages on %s:%d\n",
      |                                         ^~
g++ -I. -I/usr/include/mtce-common -I/usr/include/mtce-daemon -g -O2 -Wall -Wextra -Werror  -c guestSvrMsg.cpp -o guestSvrMsg.o
g++ -I. -I/usr/include/mtce-common -I/usr/include/mtce-daemon -g -O2 -Wall -Wextra -Werror  -c guestVirtio.cpp -o guestVirtio.o
g++ -I. -I/usr/include/mtce-common -I/usr/include/mtce-daemon -g -O2 -Wall -Wextra -Werror  -c guestStubs.cpp -o guestStubs.o
g++ -g -O2 -Wall -Wextra -Werror guestAgent.o  guestClass.o guestHttpSvr.o guestHttpUtil.o guestVimApi.o guestUtil.o guestStubs.o   -lstdc++ -ldaemon -lcommon -lfmcommon -ljson-c -levent -lrt -lcrypto -luuid -L. -o guestAgent
g++ -g -O2 -Wall -Wextra -Werror guestServer.o guestInstClass.o guestSvrFsm.o guestSvrHdlr.o guestSvrMsg.o guestVirtio.o guestUtil.o guestSvrUtil.o  -lstdc++ -ldaemon -lcommon -lfmcommon -ljson-c -levent -lrt -lcrypto -luuid -L. -o guestServer
+ exit 0
Executing(%install): /bin/sh -e /var/tmp/rpm-tmp.UgdWCX
+ umask 022
+ cd /builddir/build/BUILD
+ cd mtce-guest-1.0
+ LANG=en_US.UTF-8
+ export LANG
+ unset DISPLAY
+ unset PYTHONOPTIMIZE
+ rm -rf /builddir/build/BUILDROOT/mtce-guest-1.0-10.x86_64
+ mkdir -p /builddir/build/BUILDROOT/mtce-guest-1.0-10.x86_64
+ export SOURCE_DATE_EPOCH=1567648678
+ SOURCE_DATE_EPOCH=1567648678
+ rm -rf /builddir/build/BUILDROOT/mtce-guest-1.0-10.x86_64
+ make install DESTDIR=/builddir/build/BUILDROOT/mtce-guest-1.0-10.x86_64 PREFIX=/builddir/build/BUILDROOT/mtce-guest-1.0-10.x86_64/usr/local SYSCONFDIR=/builddir/build/BUILDROOT/mtce-guest-1.0-10.x86_64/usr/local/etc LOCALBINDIR=/builddir/build/BUILDROOT/mtce-guest-1.0-10.x86_64/usr/local/bin UNITDIR=/builddir/build/BUILDROOT/mtce-guest-1.0-10.x86_64/usr/lib/systemd/system/
install -m 755 -d /builddir/build/BUILDROOT/mtce-guest-1.0-10.x86_64/usr/local/etc
install -m 755 -d /builddir/build/BUILDROOT/mtce-guest-1.0-10.x86_64/usr/local
install -m 755 -d /builddir/build/BUILDROOT/mtce-guest-1.0-10.x86_64/usr/local/bin
install -m 755 -d /builddir/build/BUILDROOT/mtce-guest-1.0-10.x86_64/usr/local/etc/mtc
install -m 755 -d /builddir/build/BUILDROOT/mtce-guest-1.0-10.x86_64/usr/local/etc/mtc/tmp
install -m 755 -d /builddir/build/BUILDROOT/mtce-guest-1.0-10.x86_64/usr/lib
install -m 755 -d /builddir/build/BUILDROOT/mtce-guest-1.0-10.x86_64/usr/lib/ocf
install -m 755 -d /builddir/build/BUILDROOT/mtce-guest-1.0-10.x86_64/usr/lib/ocf/resource.d
install -m 755 -d /builddir/build/BUILDROOT/mtce-guest-1.0-10.x86_64/usr/lib/ocf/resource.d/platform
install -m 755 -p -D scripts/guestAgent.ocf /builddir/build/BUILDROOT/mtce-guest-1.0-10.x86_64/usr/lib/ocf/resource.d/platform/guestAgent
install -m 644 -p -D scripts/guest.ini /builddir/build/BUILDROOT/mtce-guest-1.0-10.x86_64/usr/local/etc/mtc/guestAgent.ini
install -m 644 -p -D scripts/guest.ini /builddir/build/BUILDROOT/mtce-guest-1.0-10.x86_64/usr/local/etc/mtc/guestServer.ini
install -m 755 -p -D guestServer /builddir/build/BUILDROOT/mtce-guest-1.0-10.x86_64/usr/local/bin/guestServer
install -m 755 -p -D guestAgent /builddir/build/BUILDROOT/mtce-guest-1.0-10.x86_64/usr/local/bin/guestAgent
install -m 755 -p -D scripts/guestServer /builddir/build/BUILDROOT/mtce-guest-1.0-10.x86_64/usr/local/etc/init.d/guestServer
install -m 755 -p -D scripts/guestAgent /builddir/build/BUILDROOT/mtce-guest-1.0-10.x86_64/usr/local/etc/init.d/guestAgent
install -m 644 -p -D scripts/guestServer.service /builddir/build/BUILDROOT/mtce-guest-1.0-10.x86_64/usr/lib/systemd/system//guestServer.service
install -m 644 -p -D scripts/guestAgent.service /builddir/build/BUILDROOT/mtce-guest-1.0-10.x86_64/usr/lib/systemd/system//guestAgent.service
install -m 755 -d /builddir/build/BUILDROOT/mtce-guest-1.0-10.x86_64/usr/local/etc/pmon.d
install -m 644 -p -D scripts/guestServer.pmon /builddir/build/BUILDROOT/mtce-guest-1.0-10.x86_64/usr/local/etc/pmon.d/guestServer.conf
install -m 755 -d /builddir/build/BUILDROOT/mtce-guest-1.0-10.x86_64/usr/local/etc/logrotate.d
install -m 644 -p -D scripts/guestAgent.logrotate /builddir/build/BUILDROOT/mtce-guest-1.0-10.x86_64/usr/local/etc/logrotate.d/guestAgent.logrotate
install -m 644 -p -D scripts/guestServer.logrotate /builddir/build/BUILDROOT/mtce-guest-1.0-10.x86_64/usr/local/etc/logrotate.d/guestServer.logrotate
install -m 755 -d /builddir/build/BUILDROOT/mtce-guest-1.0-10.x86_64/var
install -m 755 -d /builddir/build/BUILDROOT/mtce-guest-1.0-10.x86_64/var/run
+ rm -f /builddir/build/BUILDROOT/mtce-guest-1.0-10.x86_64/usr/share/info/dir
++ find /builddir/build/BUILDROOT/mtce-guest-1.0-10.x86_64 -path 'etc/*' '!' -type d
+ test -z ''
+ rm -rf '/builddir/build/BUILDROOT/mtce-guest-1.0-10.x86_64/etc/*'
+ rm -rf '/builddir/build/BUILDROOT/mtce-guest-1.0-10.x86_64/usr/share/factory/*'
+ find /builddir/build/BUILDROOT/mtce-guest-1.0-10.x86_64 -name __pycache__
+ xargs rm -rf --
+ '[' -d /builddir/build/BUILDROOT/mtce-guest-1.0-10.x86_64/usr/share/mime ']'
++ getconf _NPROCESSORS_ONLN
+ RPM_XARGS_PFLAG=-P4
+ find /builddir/build/BUILDROOT/mtce-guest-1.0-10.x86_64 -name '*.so.avx512' -print0
+ xargs -0rtn1 -P4 python /usr/share/clr-avx-tools/avxjudge.py -q -5
+ find /builddir/build/BUILDROOT/mtce-guest-1.0-10.x86_64/usr/lib64/haswell/avx512_1 -name '*.so*' -print0
find: ‘/builddir/build/BUILDROOT/mtce-guest-1.0-10.x86_64/usr/lib64/haswell/avx512_1’: No such file or directory
+ find /builddir/build/BUILDROOT/mtce-guest-1.0-10.x86_64 -name '*.so.avx2' -print0
+ xargs -0rtn1 -P4 python /usr/share/clr-avx-tools/avxjudge.py -q -2
+ find /builddir/build/BUILDROOT/mtce-guest-1.0-10.x86_64/usr/lib64/haswell '!' -path '/usr/lib64/haswell/avx512_1/*' -name '*.so*' -print0
find: ‘/builddir/build/BUILDROOT/mtce-guest-1.0-10.x86_64/usr/lib64/haswell’: No such file or directory
+ find /builddir/build/BUILDROOT/mtce-guest-1.0-10.x86_64/usr/lib64/ -maxdepth 1 -name '*.so*' -type f -print0
+ xargs -0rtn1 -P4 /usr/lib/rpm/clr/brp-create-abi
+ sort -u
find: ‘/builddir/build/BUILDROOT/mtce-guest-1.0-10.x86_64/usr/lib64/’: No such file or directory
+ /usr/lib/rpm/find-debuginfo.sh --strict-build-id /builddir/build/BUILD/mtce-guest-1.0
extracting debug info from /builddir/build/BUILDROOT/mtce-guest-1.0-10.x86_64/usr/local/bin/guestAgent
extracting debug info from /builddir/build/BUILDROOT/mtce-guest-1.0-10.x86_64/usr/local/bin/guestServer
cpio: glibc-2.30/csu: Cannot stat: No such file or directory
cpio: glibc-2.30/csu/elf-init.c: Cannot stat: No such file or directory
cpio: glibc-2.30/csu/init.c: Cannot stat: No such file or directory
cpio: glibc-2.30/sysdeps/x86_64/crti.S: Cannot stat: No such file or directory
cpio: glibc-2.30/sysdeps/x86_64/crtn.S: Cannot stat: No such file or directory
cpio: glibc-2.30/sysdeps/x86_64/start.S: Cannot stat: No such file or directory
cpio: mtce-common-1.0/common: Cannot stat: No such file or directory
cpio: mtce-common-1.0/common/hostClass.cpp: Cannot stat: No such file or directory
cpio: mtce-common-1.0/common/hostClass.h: Cannot stat: No such file or directory
cpio: mtce-common-1.0/common/httpUtil.cpp: Cannot stat: No such file or directory
cpio: mtce-common-1.0/common/httpUtil.h: Cannot stat: No such file or directory
cpio: mtce-common-1.0/common/jsonUtil.cpp: Cannot stat: No such file or directory
cpio: mtce-common-1.0/common/jsonUtil.h: Cannot stat: No such file or directory
cpio: mtce-common-1.0/common/keyClass.cpp: Cannot stat: No such file or directory
cpio: mtce-common-1.0/common/keyClass.h: Cannot stat: No such file or directory
cpio: mtce-common-1.0/common/logMacros.h: Cannot stat: No such file or directory
cpio: mtce-common-1.0/common/msgClass.cpp: Cannot stat: No such file or directory
cpio: mtce-common-1.0/common/msgClass.h: Cannot stat: No such file or directory
cpio: mtce-common-1.0/common/nodeBase.cpp: Cannot stat: No such file or directory
cpio: mtce-common-1.0/common/nodeBase.h: Cannot stat: No such file or directory
cpio: mtce-common-1.0/common/nodeEvent.cpp: Cannot stat: No such file or directory
cpio: mtce-common-1.0/common/nodeEvent.h: Cannot stat: No such file or directory
cpio: mtce-common-1.0/common/nodeTimers.cpp: Cannot stat: No such file or directory
cpio: mtce-common-1.0/common/nodeTimers.h: Cannot stat: No such file or directory
cpio: mtce-common-1.0/common/nodeUtil.cpp: Cannot stat: No such file or directory
cpio: mtce-common-1.0/common/nodeUtil.h: Cannot stat: No such file or directory
cpio: mtce-common-1.0/common/timeUtil.h: Cannot stat: No such file or directory
cpio: mtce-common-1.0/common/tokenUtil.cpp: Cannot stat: No such file or directory
cpio: mtce-common-1.0/common/tokenUtil.h: Cannot stat: No such file or directory
cpio: mtce-common-1.0/daemon: Cannot stat: No such file or directory
cpio: mtce-common-1.0/daemon/daemon_common.h: Cannot stat: No such file or directory
cpio: mtce-common-1.0/daemon/daemon_config.cpp: Cannot stat: No such file or directory
cpio: mtce-common-1.0/daemon/daemon_debug.cpp: Cannot stat: No such file or directory
cpio: mtce-common-1.0/daemon/daemon_files.cpp: Cannot stat: No such file or directory
cpio: mtce-common-1.0/daemon/daemon_ini.cpp: Cannot stat: No such file or directory
cpio: mtce-common-1.0/daemon/daemon_ini.h: Cannot stat: No such file or directory
cpio: mtce-common-1.0/daemon/daemon_main.cpp: Cannot stat: No such file or directory
cpio: mtce-common-1.0/daemon/daemon_option.h: Cannot stat: No such file or directory
cpio: mtce-common-1.0/daemon/daemon_signal.cpp: Cannot stat: No such file or directory
713 blocks
+ '[' -d /builddir/build/BUILDROOT/mtce-guest-1.0-10.x86_64/usr/lib/debug ']'
+ mkdir -p /builddir/build/BUILDROOT/mtce-guest-1.0-10.x86_64/usr/share
+ '[' -d /builddir/build/BUILDROOT/mtce-guest-1.0-10.x86_64/usr/lib/debug ']'
+ mv /builddir/build/BUILDROOT/mtce-guest-1.0-10.x86_64/usr/lib/debug /builddir/build/BUILDROOT/mtce-guest-1.0-10.x86_64/usr/share
+ '[' -d /builddir/build/BUILDROOT/mtce-guest-1.0-10.x86_64/usr/src/debug ']'
+ mv /builddir/build/BUILDROOT/mtce-guest-1.0-10.x86_64/usr/src/debug /builddir/build/BUILDROOT/mtce-guest-1.0-10.x86_64/usr/share/debug/src
+ '[' -d /builddir/build/BUILDROOT/mtce-guest-1.0-10.x86_64/usr/lib/debug.force ']'
+ :
+ '[' -d /builddir/build/BUILDROOT/mtce-guest-1.0-10.x86_64/usr/src/debug.force ']'
+ :
+ /usr/lib/rpm/check-buildroot
+ /usr/lib/rpm/clr/brp-strip-static-archive /usr/bin/strip
+ /usr/lib/rpm/clr/brp-strip-comment-note /usr/bin/strip /usr/bin/objdump
+ /usr/lib/rpm/clr/brp-python-bytecompile
+ find /builddir/build/BUILDROOT/mtce-guest-1.0-10.x86_64 -print0
+ xargs -0 touch -h -d @1567648678
+ /usr/lib/rpm/clr/brp-java-repack-jars
Processing files: mtce-guest-1.0-10.x86_64
Processing files: mtce-guest-debuginfo-1.0-10.x86_64
Processing files: mtce-guest-abi-1.0-10.x86_64
warning: Empty %files file /builddir/build/BUILD/mtce-guest-1.0/abifiles.list
Checking for unpackaged file(s): /usr/lib/rpm/check-files /builddir/build/BUILDROOT/mtce-guest-1.0-10.x86_64
RPM build errors:
error: Installed (but unpackaged) file(s) found:
   /usr/lib/ocf/resource.d/platform/guestAgent
   /usr/lib/systemd/system/guestAgent.service
   /usr/lib/systemd/system/guestServer.service
   /usr/local/bin/guestAgent
   /usr/local/bin/guestServer
   /usr/local/etc/init.d/guestAgent
   /usr/local/etc/init.d/guestServer
   /usr/local/etc/logrotate.d/guestAgent.logrotate
   /usr/local/etc/logrotate.d/guestServer.logrotate
   /usr/local/etc/mtc/guestAgent.ini
   /usr/local/etc/mtc/guestServer.ini
   /usr/local/etc/pmon.d/guestServer.conf
    Empty %files file /builddir/build/BUILD/mtce-guest-1.0/abifiles.list
    Installed (but unpackaged) file(s) found:
   /usr/lib/ocf/resource.d/platform/guestAgent
   /usr/lib/systemd/system/guestAgent.service
   /usr/lib/systemd/system/guestServer.service
   /usr/local/bin/guestAgent
   /usr/local/bin/guestServer
   /usr/local/etc/init.d/guestAgent
   /usr/local/etc/init.d/guestServer
   /usr/local/etc/logrotate.d/guestAgent.logrotate
   /usr/local/etc/logrotate.d/guestServer.logrotate
   /usr/local/etc/mtc/guestAgent.ini
   /usr/local/etc/mtc/guestServer.ini
   /usr/local/etc/pmon.d/guestServer.conf
Child return code was: 1
EXCEPTION: Command failed. See logs for output.
 # bash --login -c /usr/bin/rpmbuild -bb --target x86_64 --nodeps  /builddir/build/SPECS/mtce-guest.spec 
Traceback (most recent call last):
  File "/usr/lib/python3.7/site-packages/mockbuild/trace_decorator.py", line 84, in trace
    result = func(*args, **kw)
  File "/usr/lib/python3.7/site-packages/mockbuild/util.py", line 531, in do
    raise exception.Error("Command failed. See logs for output.\n # %s" % (command,), child.returncode)
mockbuild.exception.Error: Command failed. See logs for output.
 # bash --login -c /usr/bin/rpmbuild -bb --target x86_64 --nodeps  /builddir/build/SPECS/mtce-guest.spec 
LEAVE do --> EXCEPTION RAISED

