2019-10-11 16:55:28,260 - Mock Version: 1.2.14
2019-10-11 16:55:28,519 - Start: dnf update
2019-10-11 16:56:02,782 - Finish: dnf update
2019-10-11 16:56:02,788 - Finish: chroot init
2019-10-11 16:56:02,791 - Start: buildsrpm
2019-10-11 16:56:02,816 - Start: rpmbuild -bs
2019-10-11 16:56:02,862 - Finish: rpmbuild -bs
2019-10-11 16:56:02,865 - Finish: buildsrpm
2019-10-11 16:56:02,866 - Finish: run
2019-10-11 16:56:06,091 - Mock Version: 1.2.14
2019-10-11 16:56:06,364 - Start: dnf update
2019-10-11 16:56:43,189 - Finish: dnf update
2019-10-11 16:56:43,194 - Finish: chroot init
2019-10-11 16:56:43,196 - Start: build phase for python-ryu-4.19-3.src.rpm
2019-10-11 16:56:43,198 - Start: build setup for python-ryu-4.19-3.src.rpm
2019-10-11 16:57:50,157 - Finish: build setup for python-ryu-4.19-3.src.rpm
2019-10-11 16:57:50,158 - Start: rpmbuild python-ryu-4.19-3.src.rpm
2019-10-11 16:58:11,299 - Mock Version: 1.2.14
2019-10-11 16:58:11,548 - Start: dnf update
2019-10-11 16:58:45,076 - Finish: dnf update
2019-10-11 16:58:45,081 - Finish: chroot init
2019-10-11 16:58:45,084 - Start: buildsrpm
2019-10-11 16:58:45,095 - Start: rpmbuild -bs
2019-10-11 16:58:45,142 - Finish: rpmbuild -bs
2019-10-11 16:58:45,145 - Finish: buildsrpm
2019-10-11 16:58:45,146 - Finish: run
2019-10-11 16:58:48,323 - Mock Version: 1.2.14
2019-10-11 16:58:48,586 - Start: dnf update
2019-10-11 16:59:22,463 - Finish: dnf update
2019-10-11 16:59:22,468 - Finish: chroot init
2019-10-11 16:59:22,470 - Start: build phase for python-ryu-4.19-3.src.rpm
2019-10-11 16:59:22,472 - Start: build setup for python-ryu-4.19-3.src.rpm
2019-10-11 17:00:16,049 - Finish: build setup for python-ryu-4.19-3.src.rpm
2019-10-11 17:00:16,049 - Start: rpmbuild python-ryu-4.19-3.src.rpm
2019-10-11 17:00:36,223 - Finish: rpmbuild python-ryu-4.19-3.src.rpm
2019-10-11 17:00:36,224 - Finish: build phase for python-ryu-4.19-3.src.rpm
2019-10-11 17:00:36,225 - Finish: run
