Mock Version: 1.2.14
ENTER do(['bash', '--login', '-c', '/usr/bin/rpmbuild -bs --target x86_64 --nodeps /builddir/build/SPECS/fm-doc.spec'], chrootPath='/var/lib/mock/clear-fm-doc/root'env={'TERM': 'vt100', 'SHELL': '/bin/bash', 'HOME': '/builddir', 'HOSTNAME': 'mock', 'PATH': '/usr/bin:/bin:/usr/sbin:/sbin', 'LANG': 'en_US.UTF-8', 'CCACHE_DIR': '/var/tmp/ccache', 'CCACHE_UMASK': '002'}shell=Falselogger=<mockbuild.trace_decorator.getLog object at 0x7f8d3e652ed0>timeout=0uid=1000gid=1000user='mockbuild'printOutput=False)
Executing command: ['bash', '--login', '-c', '/usr/bin/rpmbuild -bs --target x86_64 --nodeps /builddir/build/SPECS/fm-doc.spec'] with env {'TERM': 'vt100', 'SHELL': '/bin/bash', 'HOME': '/builddir', 'HOSTNAME': 'mock', 'PATH': '/usr/bin:/bin:/usr/sbin:/sbin', 'LANG': 'en_US.UTF-8', 'CCACHE_DIR': '/var/tmp/ccache', 'CCACHE_UMASK': '002'} and shell False
Building target platforms: x86_64
Building for target x86_64
Wrote: /builddir/build/SRPMS/fm-doc-1.0-1.src.rpm
Child return code was: 0
LEAVE do --> 

ENTER do(['bash', '--login', '-c', '/usr/bin/rpmbuild -bb --target x86_64 --nodeps  /builddir/build/SPECS/fm-doc.spec '], chrootPath='/var/lib/mock/clear-fm-doc/root'env={'TERM': 'vt100', 'SHELL': '/bin/bash', 'HOME': '/builddir', 'HOSTNAME': 'mock', 'PATH': '/usr/bin:/bin:/usr/sbin:/sbin', 'LANG': 'en_US.UTF-8', 'CCACHE_DIR': '/var/tmp/ccache', 'CCACHE_UMASK': '002'}shell=Falselogger=<mockbuild.trace_decorator.getLog object at 0x7f8d3e652ed0>timeout=0uid=1000gid=1000user='mockbuild'private_network=TrueprintOutput=False)
Executing command: ['bash', '--login', '-c', '/usr/bin/rpmbuild -bb --target x86_64 --nodeps  /builddir/build/SPECS/fm-doc.spec '] with env {'TERM': 'vt100', 'SHELL': '/bin/bash', 'HOME': '/builddir', 'HOSTNAME': 'mock', 'PATH': '/usr/bin:/bin:/usr/sbin:/sbin', 'LANG': 'en_US.UTF-8', 'CCACHE_DIR': '/var/tmp/ccache', 'CCACHE_UMASK': '002'} and shell False
Building target platforms: x86_64
Building for target x86_64
Executing(%prep): /bin/sh -e /var/tmp/rpm-tmp.P1Ov5j
+ umask 022
+ cd /builddir/build/BUILD
+ LANG=en_US.UTF-8
+ export LANG
+ unset DISPLAY
+ cd /builddir/build/BUILD
+ rm -rf fm-doc-1.0
+ /usr/bin/gzip -dc /builddir/build/SOURCES/fm-doc-1.0.tar.gz
+ /usr/bin/tar -xf -
+ STATUS=0
+ '[' 0 -ne 0 ']'
+ cd fm-doc-1.0
+ /usr/bin/chmod -Rf a+rX,u+w,g-w,o-w .
+ echo 'Patch #1 (0001-add-makefile.patch):'
Patch #1 (0001-add-makefile.patch):
+ /usr/bin/cat /builddir/build/SOURCES/0001-add-makefile.patch
+ /usr/bin/patch -p1 --fuzz=2
patching file Makefile
+ exit 0
Executing(%build): /bin/sh -e /var/tmp/rpm-tmp.vIPapn
+ umask 022
+ cd /builddir/build/BUILD
+ cd fm-doc-1.0
+ LANG=en_US.UTF-8
+ export LANG
+ unset DISPLAY
+ unset PYTHONOPTIMIZE
+ CFLAGS='-O2 -g -feliminate-unused-debug-types -pipe -Wall -Wp,-D_FORTIFY_SOURCE=2 -fexceptions -fstack-protector --param=ssp-buffer-size=32 -Wformat -Wformat-security -Wl,-z,now,-z,relro,-z,max-page-size=0x1000,-z,separate-code -Wno-error -ftree-vectorize -ftree-slp-vectorize -Wl,--enable-new-dtags -fcf-protection=return -m64 -march=westmere -mtune=haswell -fasynchronous-unwind-tables -fno-omit-frame-pointer -Wp,-D_REENTRANT'
+ export CFLAGS
+ http_proxy=http://127.0.0.1:9/
+ export http_proxy
+ https_proxy=http://127.0.0.1:9/
+ export https_proxy
+ ftp_proxy=http://127.0.0.1:9/
+ export ftp_proxy
+ no_proxy=localhost,127.0.0.1,0.0.0.0
+ export no_proxy
+ CXXFLAGS='-O2 -g -feliminate-unused-debug-types -pipe -Wall -Wp,-D_FORTIFY_SOURCE=2 -fexceptions -fstack-protector --param=ssp-buffer-size=32 -Wformat -Wformat-security -Wl,-z,now,-z,relro,-z,max-page-size=0x1000,-z,separate-code -Wno-error -ftree-vectorize -ftree-slp-vectorize -Wl,--enable-new-dtags -fcf-protection=return -m64 -march=westmere -mtune=haswell -fasynchronous-unwind-tables -fno-omit-frame-pointer -Wp,-D_REENTRANT'
+ export CXXFLAGS
+ FFLAGS='-g -O3 -feliminate-unused-debug-types  -pipe -Wall -Wp,-D_FORTIFY_SOURCE=2 -fexceptions -fstack-protector --param=ssp-buffer-size=32 -m64 -fasynchronous-unwind-tables -Wp,-D_REENTRANT -ftree-loop-distribute-patterns -Wl,-z -Wl,now -Wl,-z -Wl,relro -malign-data=abi -fno-semantic-interposition -ftree-vectorize  -ftree-loop-vectorize -Wl,--enable-new-dtags '
+ export FFLAGS
+ LD_AS_NEEDED=1
+ export LD_AS_NEEDED
+ PKG_CONFIG_LIBDIR=/usr/lib64/pkgconfig
+ export PKG_CONFIG_LIBDIR
+ PATH=/usr/lib64/ccache/bin:/usr/local/bin:/usr/bin
+ export PATH
+ export http_proxy=http://127.0.0.1:9/
+ http_proxy=http://127.0.0.1:9/
+ export https_proxy=http://127.0.0.1:9/
+ https_proxy=http://127.0.0.1:9/
+ export no_proxy=localhost,127.0.0.1,0.0.0.0
+ no_proxy=localhost,127.0.0.1,0.0.0.0
+ export LANG=C.UTF-8
+ LANG=C.UTF-8
+ export SOURCE_DATE_EPOCH=1569206878
+ SOURCE_DATE_EPOCH=1569206878
+ export GCC_IGNORE_WERROR=1
+ GCC_IGNORE_WERROR=1
+ export AR=gcc-ar
+ AR=gcc-ar
+ export RANLIB=gcc-ranlib
+ RANLIB=gcc-ranlib
+ export NM=gcc-nm
+ NM=gcc-nm
+ export 'CFLAGS=-O2 -g -feliminate-unused-debug-types -pipe -Wall -Wp,-D_FORTIFY_SOURCE=2 -fexceptions -fstack-protector --param=ssp-buffer-size=32 -Wformat -Wformat-security -Wl,-z,now,-z,relro,-z,max-page-size=0x1000,-z,separate-code -Wno-error -ftree-vectorize -ftree-slp-vectorize -Wl,--enable-new-dtags -fcf-protection=return -m64 -march=westmere -mtune=haswell -fasynchronous-unwind-tables -fno-omit-frame-pointer -Wp,-D_REENTRANT -O3 -ffat-lto-objects -flto=4 '
+ CFLAGS='-O2 -g -feliminate-unused-debug-types -pipe -Wall -Wp,-D_FORTIFY_SOURCE=2 -fexceptions -fstack-protector --param=ssp-buffer-size=32 -Wformat -Wformat-security -Wl,-z,now,-z,relro,-z,max-page-size=0x1000,-z,separate-code -Wno-error -ftree-vectorize -ftree-slp-vectorize -Wl,--enable-new-dtags -fcf-protection=return -m64 -march=westmere -mtune=haswell -fasynchronous-unwind-tables -fno-omit-frame-pointer -Wp,-D_REENTRANT -O3 -ffat-lto-objects -flto=4 '
+ export 'FCFLAGS=-O2 -g -feliminate-unused-debug-types -pipe -Wall -Wp,-D_FORTIFY_SOURCE=2 -fexceptions -fstack-protector --param=ssp-buffer-size=32 -Wformat -Wformat-security -Wl,-z,now,-z,relro,-z,max-page-size=0x1000,-z,separate-code -Wno-error -ftree-vectorize -ftree-slp-vectorize -Wl,--enable-new-dtags -fcf-protection=return -m64 -march=westmere -mtune=haswell -fasynchronous-unwind-tables -fno-omit-frame-pointer -Wp,-D_REENTRANT -O3 -ffat-lto-objects -flto=4  -O3 -ffat-lto-objects -flto=4 '
+ FCFLAGS='-O2 -g -feliminate-unused-debug-types -pipe -Wall -Wp,-D_FORTIFY_SOURCE=2 -fexceptions -fstack-protector --param=ssp-buffer-size=32 -Wformat -Wformat-security -Wl,-z,now,-z,relro,-z,max-page-size=0x1000,-z,separate-code -Wno-error -ftree-vectorize -ftree-slp-vectorize -Wl,--enable-new-dtags -fcf-protection=return -m64 -march=westmere -mtune=haswell -fasynchronous-unwind-tables -fno-omit-frame-pointer -Wp,-D_REENTRANT -O3 -ffat-lto-objects -flto=4  -O3 -ffat-lto-objects -flto=4 '
+ export 'FFLAGS=-O2 -g -feliminate-unused-debug-types -pipe -Wall -Wp,-D_FORTIFY_SOURCE=2 -fexceptions -fstack-protector --param=ssp-buffer-size=32 -Wformat -Wformat-security -Wl,-z,now,-z,relro,-z,max-page-size=0x1000,-z,separate-code -Wno-error -ftree-vectorize -ftree-slp-vectorize -Wl,--enable-new-dtags -fcf-protection=return -m64 -march=westmere -mtune=haswell -fasynchronous-unwind-tables -fno-omit-frame-pointer -Wp,-D_REENTRANT -O3 -ffat-lto-objects -flto=4  -O3 -ffat-lto-objects -flto=4 '
+ FFLAGS='-O2 -g -feliminate-unused-debug-types -pipe -Wall -Wp,-D_FORTIFY_SOURCE=2 -fexceptions -fstack-protector --param=ssp-buffer-size=32 -Wformat -Wformat-security -Wl,-z,now,-z,relro,-z,max-page-size=0x1000,-z,separate-code -Wno-error -ftree-vectorize -ftree-slp-vectorize -Wl,--enable-new-dtags -fcf-protection=return -m64 -march=westmere -mtune=haswell -fasynchronous-unwind-tables -fno-omit-frame-pointer -Wp,-D_REENTRANT -O3 -ffat-lto-objects -flto=4  -O3 -ffat-lto-objects -flto=4 '
+ export 'CXXFLAGS=-O2 -g -feliminate-unused-debug-types -pipe -Wall -Wp,-D_FORTIFY_SOURCE=2 -fexceptions -fstack-protector --param=ssp-buffer-size=32 -Wformat -Wformat-security -Wl,-z,now,-z,relro,-z,max-page-size=0x1000,-z,separate-code -Wno-error -ftree-vectorize -ftree-slp-vectorize -Wl,--enable-new-dtags -fcf-protection=return -m64 -march=westmere -mtune=haswell -fasynchronous-unwind-tables -fno-omit-frame-pointer -Wp,-D_REENTRANT -O3 -ffat-lto-objects -flto=4 '
+ CXXFLAGS='-O2 -g -feliminate-unused-debug-types -pipe -Wall -Wp,-D_FORTIFY_SOURCE=2 -fexceptions -fstack-protector --param=ssp-buffer-size=32 -Wformat -Wformat-security -Wl,-z,now,-z,relro,-z,max-page-size=0x1000,-z,separate-code -Wno-error -ftree-vectorize -ftree-slp-vectorize -Wl,--enable-new-dtags -fcf-protection=return -m64 -march=westmere -mtune=haswell -fasynchronous-unwind-tables -fno-omit-frame-pointer -Wp,-D_REENTRANT -O3 -ffat-lto-objects -flto=4 '
+ make -j4
echo "no build"
no build
+ exit 0
Executing(%install): /bin/sh -e /var/tmp/rpm-tmp.6pfx4l
+ umask 022
+ cd /builddir/build/BUILD
+ cd fm-doc-1.0
+ LANG=en_US.UTF-8
+ export LANG
+ unset DISPLAY
+ unset PYTHONOPTIMIZE
+ rm -rf /builddir/build/BUILDROOT/fm-doc-1.0-1.x86_64
+ mkdir -p /builddir/build/BUILDROOT/fm-doc-1.0-1.x86_64
+ export SOURCE_DATE_EPOCH=1569206878
+ SOURCE_DATE_EPOCH=1569206878
+ rm -rf /builddir/build/BUILDROOT/fm-doc-1.0-1.x86_64
+ CGCS_DOC_DEPLOY=/builddir/build/BUILDROOT/fm-doc-1.0-1.x86_64//usr/share/doc/cgcs_doc
+ install -d /builddir/build/BUILDROOT/fm-doc-1.0-1.x86_64//usr/share/doc/cgcs_doc
+ mkdir -p /builddir/build/BUILDROOT/fm-doc-1.0-1.x86_64//usr/local/etc/fm/
+ install -m 744 events.yaml /builddir/build/BUILDROOT/fm-doc-1.0-1.x86_64//usr/local/etc/fm/
+ install -m 644 events.yaml /builddir/build/BUILDROOT/fm-doc-1.0-1.x86_64//usr/share/doc/cgcs_doc
+ install -m 755 checkEventYaml /builddir/build/BUILDROOT/fm-doc-1.0-1.x86_64//usr/share/doc/cgcs_doc
+ install -m 644 parseEventYaml.py /builddir/build/BUILDROOT/fm-doc-1.0-1.x86_64//usr/share/doc/cgcs_doc
+ install -m 644 check_missing_alarms.py /builddir/build/BUILDROOT/fm-doc-1.0-1.x86_64//usr/share/doc/cgcs_doc
+ pushd /builddir/build/BUILDROOT/fm-doc-1.0-1.x86_64//usr/share/doc/cgcs_doc
~/build/BUILDROOT/fm-doc-1.0-1.x86_64/usr/share/doc/cgcs_doc ~/build/BUILD/fm-doc-1.0
+ cp /usr/share/doc/cgcs_doc/constants.py /usr/share/doc/cgcs_doc/fmAlarm.h .
+ ./checkEventYaml
File:  events.yaml
Checking for duplicate records ...
parseEventYaml.py:183: YAMLLoadWarning: calling yaml.load() without Loader=... is deprecated, as the default Loader is unsafe. Please read https://msg.pyyaml.org/load for full details.
  events = yaml.load(stream)
100.101: checking ... 
OK.
100.102: checking ... 
OK.
100.103: checking ... 
OK.
100.104: checking ... 
OK.
100.106: checking ... 
OK.
100.107: checking ... 
OK.
100.108: checking ... 
OK.
100.109: checking ... 
OK.
100.110: checking ... 
OK.
100.111: checking ... 
OK.
100.112: checking ... 
OK.
100.113: checking ... 
OK.
100.114: checking ... 
OK.
100.115: checking ... 
OK.
100.116: checking ... 
OK.
100.117: checking ... 
OK.
100.118: checking ... 
OK.
100.119: checking ... 
OK.
200.001: checking ... 
OK.
200.004: checking ... 
OK.
200.011: checking ... 
OK.
200.010: checking ... 
OK.
200.012: checking ... 
OK.
200.013: checking ... 
OK.
200.005: checking ... 
OK.
200.009: checking ... 
OK.
200.006: checking ... 
OK.
200.007: checking ... 
OK.
200.014: checking ... 
OK.
200.015: checking ... 
OK.
200.020: checking ... 
OK.
200.021: checking ... 
OK.
200.022: checking ... 
OK.
210.001: checking ... 
OK.
250.001: checking ... 
OK.
250.002: checking ... 
OK.
270.001: checking ... 
OK.
270.101: checking ... 
OK.
270.102: checking ... 
OK.
270.103: checking ... 
OK.
275.001: checking ... 
OK.
280.001: checking ... 
OK.
280.002: checking ... 
OK.
300.001: checking ... 
OK.
300.002: checking ... 
OK.
300.003: checking ... 
OK.
300.004: checking ... 
OK.
300.005: checking ... 
OK.
300.010: checking ... 
OK.
300.012: checking ... 
OK.
300.013: checking ... 
OK.
300.014: checking ... 
OK.
300.015: checking ... 
OK.
300.016: checking ... 
OK.
400.001: checking ... 
OK.
400.002: checking ... 
OK.
400.003: checking ... 
OK.
400.005: checking ... 
OK.
401.001: checking ... 
OK.
401.002: checking ... 
OK.
401.003: checking ... 
OK.
401.005: checking ... 
OK.
401.007: checking ... 
OK.
500.100: checking ... 
OK.
500.101: checking ... 
OK.
500.500: checking ... 
OK.
700.001: checking ... 
OK.
700.002: checking ... 
OK.
700.003: checking ... 
OK.
700.004: checking ... 
OK.
700.005: checking ... 
OK.
700.006: checking ... 
OK.
700.007: checking ... 
OK.
700.008: checking ... 
OK.
700.009: checking ... 
OK.
700.010: checking ... 
OK.
700.011: checking ... 
OK.
700.012: checking ... 
OK.
700.013: checking ... 
OK.
700.014: checking ... 
OK.
700.015: checking ... 
OK.
700.016: checking ... 
OK.
700.017: checking ... 
OK.
700.101: checking ... 
OK.
700.102: checking ... 
OK.
700.103: checking ... 
OK.
700.104: checking ... 
OK.
700.105: checking ... 
OK.
700.106: checking ... 
OK.
700.107: checking ... 
OK.
700.108: checking ... 
OK.
700.109: checking ... 
OK.
700.110: checking ... 
OK.
700.111: checking ... 
OK.
700.112: checking ... 
OK.
700.113: checking ... 
OK.
700.114: checking ... 
OK.
700.115: checking ... 
OK.
700.116: checking ... 
OK.
700.117: checking ... 
OK.
700.118: checking ... 
OK.
700.119: checking ... 
OK.
700.120: checking ... 
OK.
700.121: checking ... 
OK.
700.122: checking ... 
OK.
700.123: checking ... 
OK.
700.124: checking ... 
OK.
700.125: checking ... 
OK.
700.126: checking ... 
OK.
700.127: checking ... 
OK.
700.128: checking ... 
OK.
700.129: checking ... 
OK.
700.130: checking ... 
OK.
700.131: checking ... 
OK.
700.132: checking ... 
OK.
700.133: checking ... 
OK.
700.134: checking ... 
OK.
700.135: checking ... 
OK.
700.136: checking ... 
OK.
700.137: checking ... 
OK.
700.138: checking ... 
OK.
700.139: checking ... 
OK.
700.140: checking ... 
OK.
700.141: checking ... 
OK.
700.142: checking ... 
OK.
700.143: checking ... 
OK.
700.144: checking ... 
OK.
700.145: checking ... 
OK.
700.146: checking ... 
OK.
700.147: checking ... 
OK.
700.148: checking ... 
OK.
700.149: checking ... 
OK.
700.150: checking ... 
OK.
700.151: checking ... 
OK.
700.152: checking ... 
OK.
700.153: checking ... 
OK.
700.154: checking ... 
OK.
700.155: checking ... 
OK.
700.156: checking ... 
OK.
700.157: checking ... 
OK.
700.158: checking ... 
OK.
700.159: checking ... 
OK.
700.160: checking ... 
OK.
700.161: checking ... 
OK.
700.162: checking ... 
OK.
700.163: checking ... 
OK.
700.164: checking ... 
OK.
700.165: checking ... 
OK.
700.166: checking ... 
OK.
700.167: checking ... 
OK.
700.168: checking ... 
OK.
700.169: checking ... 
OK.
700.170: checking ... 
OK.
700.171: checking ... 
OK.
700.172: checking ... 
OK.
700.173: checking ... 
OK.
700.174: checking ... 
OK.
700.175: checking ... 
OK.
700.176: checking ... 
OK.
700.177: checking ... 
OK.
700.178: checking ... 
OK.
700.179: checking ... 
OK.
700.180: checking ... 
OK.
700.181: checking ... 
OK.
700.182: checking ... 
OK.
700.183: checking ... 
OK.
700.184: checking ... 
OK.
700.185: checking ... 
OK.
700.186: checking ... 
OK.
700.187: checking ... 
OK.
700.188: checking ... 
OK.
700.189: checking ... 
OK.
700.190: checking ... 
OK.
700.191: checking ... 
OK.
700.192: checking ... 
OK.
700.193: checking ... 
OK.
700.194: checking ... 
OK.
700.195: checking ... 
OK.
700.196: checking ... 
OK.
700.197: checking ... 
OK.
700.198: checking ... 
OK.
700.199: checking ... 
OK.
700.200: checking ... 
OK.
700.201: checking ... 
OK.
700.202: checking ... 
OK.
700.203: checking ... 
OK.
700.204: checking ... 
OK.
700.205: checking ... 
OK.
700.206: checking ... 
OK.
700.207: checking ... 
OK.
700.208: checking ... 
OK.
700.209: checking ... 
OK.
700.210: checking ... 
OK.
700.211: checking ... 
OK.
700.212: checking ... 
OK.
700.213: checking ... 
OK.
700.214: checking ... 
OK.
700.215: checking ... 
OK.
700.216: checking ... 
OK.
700.217: checking ... 
OK.
750.001: checking ... 
OK.
750.002: checking ... 
OK.
750.003: checking ... 
OK.
750.004: checking ... 
OK.
750.005: checking ... 
OK.
800.001: checking ... 
OK.
800.010: checking ... 
OK.
800.011: checking ... 
OK.
800.002: checking ... 
OK.
800.003: checking ... 
OK.
800.100: checking ... 
OK.
800.101: checking ... 
OK.
800.102: checking ... 
OK.
800.103: checking ... 
OK.
800.104: checking ... 
OK.
900.001: checking ... 
OK.
900.002: checking ... 
OK.
900.003: checking ... 
OK.
900.004: checking ... 
OK.
900.005: checking ... 
OK.
900.101: checking ... 
OK.
900.102: checking ... 
OK.
900.103: checking ... 
OK.
900.111: checking ... 
OK.
900.112: checking ... 
OK.
900.113: checking ... 
OK.
900.114: checking ... 
OK.
900.115: checking ... 
OK.
900.116: checking ... 
OK.
900.117: checking ... 
OK.
900.118: checking ... 
OK.
900.119: checking ... 
OK.
900.120: checking ... 
OK.
900.121: checking ... 
OK.
900.201: checking ... 
OK.
900.202: checking ... 
OK.
900.203: checking ... 
OK.
900.211: checking ... 
OK.
900.212: checking ... 
OK.
900.213: checking ... 
OK.
900.214: checking ... 
OK.
900.215: checking ... 
OK.
900.216: checking ... 
OK.
900.217: checking ... 
OK.
900.218: checking ... 
OK.
900.219: checking ... 
OK.
900.220: checking ... 
OK.
900.221: checking ... 
OK.
Done.
check_missing_alarms.py:97: YAMLLoadWarning: calling yaml.load() without Loader=... is deprecated, as the default Loader is unsafe. Please read https://msg.pyyaml.org/load for full details.
  events = yaml.load(stream)
+ rm constants.py fmAlarm.h
+ popd
~/build/BUILD/fm-doc-1.0
+ rm -f /builddir/build/BUILDROOT/fm-doc-1.0-1.x86_64/usr/share/info/dir
++ find /builddir/build/BUILDROOT/fm-doc-1.0-1.x86_64 -path 'etc/*' '!' -type d
+ test -z ''
+ rm -rf '/builddir/build/BUILDROOT/fm-doc-1.0-1.x86_64/etc/*'
+ rm -rf '/builddir/build/BUILDROOT/fm-doc-1.0-1.x86_64/usr/share/factory/*'
+ find /builddir/build/BUILDROOT/fm-doc-1.0-1.x86_64 -name __pycache__
+ xargs rm -rf --
+ '[' -d /builddir/build/BUILDROOT/fm-doc-1.0-1.x86_64/usr/share/mime ']'
++ getconf _NPROCESSORS_ONLN
+ RPM_XARGS_PFLAG=-P4
+ find /builddir/build/BUILDROOT/fm-doc-1.0-1.x86_64 -name '*.so.avx512' -print0
+ xargs -0rtn1 -P4 python /usr/share/clr-avx-tools/avxjudge.py -q -5
+ find /builddir/build/BUILDROOT/fm-doc-1.0-1.x86_64/usr/lib64/haswell/avx512_1 -name '*.so*' -print0
find: ‘/builddir/build/BUILDROOT/fm-doc-1.0-1.x86_64/usr/lib64/haswell/avx512_1’: No such file or directory
+ find /builddir/build/BUILDROOT/fm-doc-1.0-1.x86_64 -name '*.so.avx2' -print0
+ xargs -0rtn1 -P4 python /usr/share/clr-avx-tools/avxjudge.py -q -2
+ find /builddir/build/BUILDROOT/fm-doc-1.0-1.x86_64/usr/lib64/haswell '!' -path '/usr/lib64/haswell/avx512_1/*' -name '*.so*' -print0
find: ‘/builddir/build/BUILDROOT/fm-doc-1.0-1.x86_64/usr/lib64/haswell’: No such file or directory
+ xargs -0rtn1 -P4 /usr/lib/rpm/clr/brp-create-abi
+ sort -u
+ find /builddir/build/BUILDROOT/fm-doc-1.0-1.x86_64/usr/lib64/ -maxdepth 1 -name '*.so*' -type f -print0
find: ‘/builddir/build/BUILDROOT/fm-doc-1.0-1.x86_64/usr/lib64/’: No such file or directory
+ /usr/lib/rpm/find-debuginfo.sh --strict-build-id /builddir/build/BUILD/fm-doc-1.0
+ '[' -d /builddir/build/BUILDROOT/fm-doc-1.0-1.x86_64/usr/lib/debug ']'
+ :
+ '[' -d /builddir/build/BUILDROOT/fm-doc-1.0-1.x86_64/usr/lib/debug ']'
+ :
+ '[' -d /builddir/build/BUILDROOT/fm-doc-1.0-1.x86_64/usr/src/debug ']'
+ :
+ '[' -d /builddir/build/BUILDROOT/fm-doc-1.0-1.x86_64/usr/lib/debug.force ']'
+ :
+ '[' -d /builddir/build/BUILDROOT/fm-doc-1.0-1.x86_64/usr/src/debug.force ']'
+ :
+ /usr/lib/rpm/check-buildroot
+ /usr/lib/rpm/clr/brp-strip-static-archive /usr/bin/strip
+ /usr/lib/rpm/clr/brp-strip-comment-note /usr/bin/strip /usr/bin/objdump
+ /usr/lib/rpm/clr/brp-python-bytecompile
+ find /builddir/build/BUILDROOT/fm-doc-1.0-1.x86_64 -print0
+ xargs -0 touch -h -d @1569206878
+ /usr/lib/rpm/clr/brp-java-repack-jars
Processing files: fm-doc-1.0-1.x86_64
Processing files: fm-doc-debuginfo-1.0-1.x86_64
warning: Empty %files file /builddir/build/BUILD/fm-doc-1.0/debugfiles.list
warning: Empty %files file /builddir/build/BUILD/fm-doc-1.0/abifiles.list
Processing files: fm-doc-abi-1.0-1.x86_64
Checking for unpackaged file(s): /usr/lib/rpm/check-files /builddir/build/BUILDROOT/fm-doc-1.0-1.x86_64
error: Installed (but unpackaged) file(s) found:
   /usr/local/etc/fm/events.yaml
   /usr/share/doc/cgcs_doc/checkEventYaml
   /usr/share/doc/cgcs_doc/check_missing_alarms.py
   /usr/share/doc/cgcs_doc/events.yaml
   /usr/share/doc/cgcs_doc/parseEventYaml.py
    Empty %files file /builddir/build/BUILD/fm-doc-1.0/debugfiles.list
    Empty %files file /builddir/build/BUILD/fm-doc-1.0/abifiles.list
    Installed (but unpackaged) file(s) found:
   /usr/local/etc/fm/events.yaml
   /usr/share/doc/cgcs_doc/checkEventYaml
   /usr/share/doc/cgcs_doc/check_missing_alarms.py
   /usr/share/doc/cgcs_doc/events.yaml
   /usr/share/doc/cgcs_doc/parseEventYaml.py
RPM build errors:
Child return code was: 1
EXCEPTION: Command failed. See logs for output.
 # bash --login -c /usr/bin/rpmbuild -bb --target x86_64 --nodeps  /builddir/build/SPECS/fm-doc.spec 
Traceback (most recent call last):
  File "/usr/lib/python3.7/site-packages/mockbuild/trace_decorator.py", line 84, in trace
    result = func(*args, **kw)
  File "/usr/lib/python3.7/site-packages/mockbuild/util.py", line 531, in do
    raise exception.Error("Command failed. See logs for output.\n # %s" % (command,), child.returncode)
mockbuild.exception.Error: Command failed. See logs for output.
 # bash --login -c /usr/bin/rpmbuild -bb --target x86_64 --nodeps  /builddir/build/SPECS/fm-doc.spec 
LEAVE do --> EXCEPTION RAISED

