2019-08-21 03:19:47,789 - Mock Version: 1.2.14
2019-08-21 03:19:48,064 - Start: dnf update
2019-08-21 03:20:02,400 - Finish: dnf update
2019-08-21 03:20:02,406 - Finish: chroot init
2019-08-21 03:20:02,409 - Start: buildsrpm
2019-08-21 03:20:02,463 - Start: rpmbuild -bs
2019-08-21 03:20:02,510 - Finish: rpmbuild -bs
2019-08-21 03:20:02,512 - Finish: buildsrpm
2019-08-21 03:20:02,513 - Finish: run
2019-08-21 03:20:06,353 - Mock Version: 1.2.14
2019-08-21 03:20:06,625 - Start: dnf update
2019-08-21 03:20:18,955 - Finish: dnf update
2019-08-21 03:20:18,961 - Finish: chroot init
2019-08-21 03:20:18,962 - Start: build phase for nfv-tools-1-1.src.rpm
2019-08-21 03:20:18,964 - Start: build setup for nfv-tools-1-1.src.rpm
2019-08-21 03:20:20,120 - Finish: build setup for nfv-tools-1-1.src.rpm
2019-08-21 03:20:20,120 - Start: rpmbuild nfv-tools-1-1.src.rpm
2019-08-21 03:20:24,493 - Mock Version: 1.2.14
2019-08-21 03:20:24,766 - Start: dnf update
2019-08-21 03:20:40,004 - Finish: dnf update
2019-08-21 03:20:40,010 - Finish: chroot init
2019-08-21 03:20:40,013 - Start: buildsrpm
2019-08-21 03:20:40,019 - Start: rpmbuild -bs
2019-08-21 03:20:40,057 - Finish: rpmbuild -bs
2019-08-21 03:20:40,059 - Finish: buildsrpm
2019-08-21 03:20:40,060 - Finish: run
2019-08-21 03:20:43,835 - Mock Version: 1.2.14
2019-08-21 03:20:44,054 - Start: dnf update
2019-08-21 03:20:56,398 - Finish: dnf update
2019-08-21 03:20:56,404 - Finish: chroot init
2019-08-21 03:20:56,406 - Start: build phase for nfv-tools-1-1.src.rpm
2019-08-21 03:20:56,408 - Start: build setup for nfv-tools-1-1.src.rpm
2019-08-21 03:20:57,561 - Finish: build setup for nfv-tools-1-1.src.rpm
2019-08-21 03:20:57,561 - Start: rpmbuild nfv-tools-1-1.src.rpm
2019-08-21 03:20:58,159 - Finish: rpmbuild nfv-tools-1-1.src.rpm
2019-08-21 03:20:58,161 - Finish: build phase for nfv-tools-1-1.src.rpm
2019-08-21 03:20:58,161 - Finish: run
