Mock Version: 1.2.14
ENTER do(['bash', '--login', '-c', '/usr/bin/rpmbuild -bs --target x86_64 --nodeps /builddir/build/SPECS/fm-common.spec'], chrootPath='/var/lib/mock/clear-fm-common/root'env={'TERM': 'vt100', 'SHELL': '/bin/bash', 'HOME': '/builddir', 'HOSTNAME': 'mock', 'PATH': '/usr/bin:/bin:/usr/sbin:/sbin', 'LANG': 'en_US.UTF-8', 'CCACHE_DIR': '/var/tmp/ccache', 'CCACHE_UMASK': '002'}shell=Falselogger=<mockbuild.trace_decorator.getLog object at 0x7f1786628d90>timeout=0uid=1000gid=1000user='mockbuild'printOutput=False)
Executing command: ['bash', '--login', '-c', '/usr/bin/rpmbuild -bs --target x86_64 --nodeps /builddir/build/SPECS/fm-common.spec'] with env {'TERM': 'vt100', 'SHELL': '/bin/bash', 'HOME': '/builddir', 'HOSTNAME': 'mock', 'PATH': '/usr/bin:/bin:/usr/sbin:/sbin', 'LANG': 'en_US.UTF-8', 'CCACHE_DIR': '/var/tmp/ccache', 'CCACHE_UMASK': '002'} and shell False
Building target platforms: x86_64
Building for target x86_64
Wrote: /builddir/build/SRPMS/fm-common-1.0-6.src.rpm
Child return code was: 0
LEAVE do --> 

ENTER do(['bash', '--login', '-c', '/usr/bin/rpmbuild -bb --target x86_64 --nodeps  /builddir/build/SPECS/fm-common.spec '], chrootPath='/var/lib/mock/clear-fm-common/root'env={'TERM': 'vt100', 'SHELL': '/bin/bash', 'HOME': '/builddir', 'HOSTNAME': 'mock', 'PATH': '/usr/bin:/bin:/usr/sbin:/sbin', 'LANG': 'en_US.UTF-8', 'CCACHE_DIR': '/var/tmp/ccache', 'CCACHE_UMASK': '002'}shell=Falselogger=<mockbuild.trace_decorator.getLog object at 0x7f1786628d90>timeout=0uid=1000gid=1000user='mockbuild'private_network=TrueprintOutput=False)
Executing command: ['bash', '--login', '-c', '/usr/bin/rpmbuild -bb --target x86_64 --nodeps  /builddir/build/SPECS/fm-common.spec '] with env {'TERM': 'vt100', 'SHELL': '/bin/bash', 'HOME': '/builddir', 'HOSTNAME': 'mock', 'PATH': '/usr/bin:/bin:/usr/sbin:/sbin', 'LANG': 'en_US.UTF-8', 'CCACHE_DIR': '/var/tmp/ccache', 'CCACHE_UMASK': '002'} and shell False
Building target platforms: x86_64
Building for target x86_64
Executing(%prep): /bin/sh -e /var/tmp/rpm-tmp.CojXek
+ umask 022
+ cd /builddir/build/BUILD
+ LANG=en_US.UTF-8
+ export LANG
+ unset DISPLAY
+ cd /builddir/build/BUILD
+ rm -rf fm-common
+ /usr/bin/gzip -dc /builddir/build/SOURCES/fm-common-1.0.tar.gz
+ /usr/bin/tar -xf -
+ STATUS=0
+ '[' 0 -ne 0 ']'
+ cd fm-common
+ /usr/bin/chmod -Rf a+rX,u+w,g-w,o-w .
+ echo 'Patch #1 (0001-strncpy-specified-bound-equals-destination-size.patch):'
Patch #1 (0001-strncpy-specified-bound-equals-destination-size.patch):
+ /usr/bin/cat /builddir/build/SOURCES/0001-strncpy-specified-bound-equals-destination-size.patch
+ /usr/bin/patch -p1 --fuzz=2
patching file sources/fmAlarmUtils.cpp
+ echo 'Patch #2 (0002-add-python-setup-to-Makefile.patch):'
Patch #2 (0002-add-python-setup-to-Makefile.patch):
+ /usr/bin/cat /builddir/build/SOURCES/0002-add-python-setup-to-Makefile.patch
+ /usr/bin/patch -p1 --fuzz=2
patching file sources/Makefile
+ exit 0
Executing(%build): /bin/sh -e /var/tmp/rpm-tmp.RQ6lIl
+ umask 022
+ cd /builddir/build/BUILD
+ cd fm-common
+ LANG=en_US.UTF-8
+ export LANG
+ unset DISPLAY
+ unset PYTHONOPTIMIZE
+ CFLAGS='-O2 -g -feliminate-unused-debug-types -pipe -Wall -Wp,-D_FORTIFY_SOURCE=2 -fexceptions -fstack-protector --param=ssp-buffer-size=32 -Wformat -Wformat-security -Wl,-z,now,-z,relro,-z,max-page-size=0x1000,-z,separate-code -Wno-error -ftree-vectorize -ftree-slp-vectorize -Wl,--enable-new-dtags -fcf-protection=return -m64 -march=westmere -mtune=haswell -fasynchronous-unwind-tables -fno-omit-frame-pointer -Wp,-D_REENTRANT'
+ export CFLAGS
+ http_proxy=http://127.0.0.1:9/
+ export http_proxy
+ https_proxy=http://127.0.0.1:9/
+ export https_proxy
+ ftp_proxy=http://127.0.0.1:9/
+ export ftp_proxy
+ no_proxy=localhost,127.0.0.1,0.0.0.0
+ export no_proxy
+ CXXFLAGS='-O2 -g -feliminate-unused-debug-types -pipe -Wall -Wp,-D_FORTIFY_SOURCE=2 -fexceptions -fstack-protector --param=ssp-buffer-size=32 -Wformat -Wformat-security -Wl,-z,now,-z,relro,-z,max-page-size=0x1000,-z,separate-code -Wno-error -ftree-vectorize -ftree-slp-vectorize -Wl,--enable-new-dtags -fcf-protection=return -m64 -march=westmere -mtune=haswell -fasynchronous-unwind-tables -fno-omit-frame-pointer -Wp,-D_REENTRANT'
+ export CXXFLAGS
+ FFLAGS='-g -O3 -feliminate-unused-debug-types  -pipe -Wall -Wp,-D_FORTIFY_SOURCE=2 -fexceptions -fstack-protector --param=ssp-buffer-size=32 -m64 -fasynchronous-unwind-tables -Wp,-D_REENTRANT -ftree-loop-distribute-patterns -Wl,-z -Wl,now -Wl,-z -Wl,relro -malign-data=abi -fno-semantic-interposition -ftree-vectorize  -ftree-loop-vectorize -Wl,--enable-new-dtags '
+ export FFLAGS
+ LD_AS_NEEDED=1
+ export LD_AS_NEEDED
+ PKG_CONFIG_LIBDIR=/usr/lib64/pkgconfig
+ export PKG_CONFIG_LIBDIR
+ PATH=/usr/lib64/ccache/bin:/usr/local/bin:/usr/bin
+ export PATH
+ VER=1.0
++ echo 1.0
++ awk -F . '{print $1}'
+ MAJOR=1
++ echo 1.0
++ awk -F . '{print $2}'
+ MINOR=0
+ export http_proxy=http://127.0.0.1:9/
+ http_proxy=http://127.0.0.1:9/
+ export https_proxy=http://127.0.0.1:9/
+ https_proxy=http://127.0.0.1:9/
+ export no_proxy=localhost,127.0.0.1,0.0.0.0
+ no_proxy=localhost,127.0.0.1,0.0.0.0
+ export LANG=C.UTF-8
+ LANG=C.UTF-8
+ export SOURCE_DATE_EPOCH=1568108467
+ SOURCE_DATE_EPOCH=1568108467
+ export GCC_IGNORE_WERROR=1
+ GCC_IGNORE_WERROR=1
+ export 'CFLAGS=-O2 -g -feliminate-unused-debug-types -pipe -Wall -Wp,-D_FORTIFY_SOURCE=2 -fexceptions -fstack-protector --param=ssp-buffer-size=32 -Wformat -Wformat-security -Wl,-z,now,-z,relro,-z,max-page-size=0x1000,-z,separate-code -Wno-error -ftree-vectorize -ftree-slp-vectorize -Wl,--enable-new-dtags -fcf-protection=return -m64 -march=westmere -mtune=haswell -fasynchronous-unwind-tables -fno-omit-frame-pointer -Wp,-D_REENTRANT -fno-lto '
+ CFLAGS='-O2 -g -feliminate-unused-debug-types -pipe -Wall -Wp,-D_FORTIFY_SOURCE=2 -fexceptions -fstack-protector --param=ssp-buffer-size=32 -Wformat -Wformat-security -Wl,-z,now,-z,relro,-z,max-page-size=0x1000,-z,separate-code -Wno-error -ftree-vectorize -ftree-slp-vectorize -Wl,--enable-new-dtags -fcf-protection=return -m64 -march=westmere -mtune=haswell -fasynchronous-unwind-tables -fno-omit-frame-pointer -Wp,-D_REENTRANT -fno-lto '
+ export 'FCFLAGS=-O2 -g -feliminate-unused-debug-types -pipe -Wall -Wp,-D_FORTIFY_SOURCE=2 -fexceptions -fstack-protector --param=ssp-buffer-size=32 -Wformat -Wformat-security -Wl,-z,now,-z,relro,-z,max-page-size=0x1000,-z,separate-code -Wno-error -ftree-vectorize -ftree-slp-vectorize -Wl,--enable-new-dtags -fcf-protection=return -m64 -march=westmere -mtune=haswell -fasynchronous-unwind-tables -fno-omit-frame-pointer -Wp,-D_REENTRANT -fno-lto  -fno-lto '
+ FCFLAGS='-O2 -g -feliminate-unused-debug-types -pipe -Wall -Wp,-D_FORTIFY_SOURCE=2 -fexceptions -fstack-protector --param=ssp-buffer-size=32 -Wformat -Wformat-security -Wl,-z,now,-z,relro,-z,max-page-size=0x1000,-z,separate-code -Wno-error -ftree-vectorize -ftree-slp-vectorize -Wl,--enable-new-dtags -fcf-protection=return -m64 -march=westmere -mtune=haswell -fasynchronous-unwind-tables -fno-omit-frame-pointer -Wp,-D_REENTRANT -fno-lto  -fno-lto '
+ export 'FFLAGS=-O2 -g -feliminate-unused-debug-types -pipe -Wall -Wp,-D_FORTIFY_SOURCE=2 -fexceptions -fstack-protector --param=ssp-buffer-size=32 -Wformat -Wformat-security -Wl,-z,now,-z,relro,-z,max-page-size=0x1000,-z,separate-code -Wno-error -ftree-vectorize -ftree-slp-vectorize -Wl,--enable-new-dtags -fcf-protection=return -m64 -march=westmere -mtune=haswell -fasynchronous-unwind-tables -fno-omit-frame-pointer -Wp,-D_REENTRANT -fno-lto  -fno-lto '
+ FFLAGS='-O2 -g -feliminate-unused-debug-types -pipe -Wall -Wp,-D_FORTIFY_SOURCE=2 -fexceptions -fstack-protector --param=ssp-buffer-size=32 -Wformat -Wformat-security -Wl,-z,now,-z,relro,-z,max-page-size=0x1000,-z,separate-code -Wno-error -ftree-vectorize -ftree-slp-vectorize -Wl,--enable-new-dtags -fcf-protection=return -m64 -march=westmere -mtune=haswell -fasynchronous-unwind-tables -fno-omit-frame-pointer -Wp,-D_REENTRANT -fno-lto  -fno-lto '
~/build/BUILD/fm-common/sources ~/build/BUILD/fm-common
+ export 'CXXFLAGS=-O2 -g -feliminate-unused-debug-types -pipe -Wall -Wp,-D_FORTIFY_SOURCE=2 -fexceptions -fstack-protector --param=ssp-buffer-size=32 -Wformat -Wformat-security -Wl,-z,now,-z,relro,-z,max-page-size=0x1000,-z,separate-code -Wno-error -ftree-vectorize -ftree-slp-vectorize -Wl,--enable-new-dtags -fcf-protection=return -m64 -march=westmere -mtune=haswell -fasynchronous-unwind-tables -fno-omit-frame-pointer -Wp,-D_REENTRANT -fno-lto '
+ CXXFLAGS='-O2 -g -feliminate-unused-debug-types -pipe -Wall -Wp,-D_FORTIFY_SOURCE=2 -fexceptions -fstack-protector --param=ssp-buffer-size=32 -Wformat -Wformat-security -Wl,-z,now,-z,relro,-z,max-page-size=0x1000,-z,separate-code -Wno-error -ftree-vectorize -ftree-slp-vectorize -Wl,--enable-new-dtags -fcf-protection=return -m64 -march=westmere -mtune=haswell -fasynchronous-unwind-tables -fno-omit-frame-pointer -Wp,-D_REENTRANT -fno-lto '
+ pushd sources
+ make -j4 MAJOR=1 MINOR=0
g++ -g -O2 -Wall -Werror -fPIC -I./ -I/usr/include  -c fmAPI.cpp -o fmAPI.o
g++ -g -O2 -Wall -Werror -fPIC -I./ -I/usr/include  -c fmFile.cpp -o fmFile.o
g++ -g -O2 -Wall -Werror -fPIC -I./ -I/usr/include  -c fmLog.cpp -o fmLog.o
g++ -g -O2 -Wall -Werror -fPIC -I./ -I/usr/include  -c fmMsgServer.cpp -o fmMsgServer.o
g++ -g -O2 -Wall -Werror -fPIC -I./ -I/usr/include  -c fmMutex.cpp -o fmMutex.o
g++ -g -O2 -Wall -Werror -fPIC -I./ -I/usr/include  -c fmSocket.cpp -o fmSocket.o
g++ -g -O2 -Wall -Werror -fPIC -I./ -I/usr/include  -c fmThread.cpp -o fmThread.o
g++ -g -O2 -Wall -Werror -fPIC -I./ -I/usr/include  -c fmTime.cpp -o fmTime.o
g++ -g -O2 -Wall -Werror -fPIC -I./ -I/usr/include  -c fmAlarmUtils.cpp -o fmAlarmUtils.o
g++ -g -O2 -Wall -Werror -fPIC -I./ -I/usr/include  -c fmDb.cpp -o fmDb.o
g++ -g -O2 -Wall -Werror -fPIC -I./ -I/usr/include  -c fmDbUtils.cpp -o fmDbUtils.o
g++ -g -O2 -Wall -Werror -fPIC -I./ -I/usr/include  -c fmDbAlarm.cpp -o fmDbAlarm.o
g++ -g -O2 -Wall -Werror -fPIC -I./ -I/usr/include  -c fmSnmpUtils.cpp -o fmSnmpUtils.o
g++ -g -O2 -Wall -Werror -fPIC -I./ -I/usr/include  -c fmDbEventLog.cpp -o fmDbEventLog.o
g++ -g -O2 -Wall -Werror -fPIC -I./ -I/usr/include  -c fmEventSuppression.cpp -o fmEventSuppression.o
g++ -g -O2 -Wall -Werror -fPIC -I./ -I/usr/include  -c fmConfig.cpp -o fmConfig.o
g++ -g -O2 -Wall -Werror -fPIC -I./ -I/usr/include  -c fm_cli.cpp -o fm_cli.o
g++ -Wl,-soname,libfmcommon.so.1 -o libfmcommon.so.1.0 -shared fmAPI.o fmFile.o fmLog.o fmMsgServer.o fmMutex.o fmSocket.o fmThread.o fmTime.o fmAlarmUtils.o fmDb.o fmDbUtils.o fmDbAlarm.o fmSnmpUtils.o fmDbEventLog.o fmEventSuppression.o fmConfig.o  -lstdc++ -lrt -luuid -lpq -lpthread -lpython2.7
ln -sf libfmcommon.so.1.0 libfmcommon.so.1
ln -sf libfmcommon.so.1.0 libfmcommon.so
g++ -o fmClientCli fm_cli.o -L./ -lfmcommon 
python2 setup.py build
running build
running build_ext
building 'fm_core' extension
creating build
creating build/temp.linux-x86_64-2.7
gcc -DNDEBUG -g -fwrapv -O3 -Wall -Wstrict-prototypes -O2 -g -feliminate-unused-debug-types -pipe -Wall -Wp,-D_FORTIFY_SOURCE=2 -fexceptions -fstack-protector --param=ssp-buffer-size=32 -Wformat -Wformat-security -Wl,-z,now,-z,relro,-z,max-page-size=0x1000,-z,separate-code -Wno-error -ftree-vectorize -ftree-slp-vectorize -Wl,--enable-new-dtags -fcf-protection=return -m64 -march=westmere -mtune=haswell -fasynchronous-unwind-tables -fno-omit-frame-pointer -Wp,-D_REENTRANT -fno-lto -fPIC -I/usr/include/python2.7 -c fm_python_mod_main.cpp -o build/temp.linux-x86_64-2.7/fm_python_mod_main.o
cc1plus: warning: command line option ‘-Wstrict-prototypes’ is valid for C/ObjC but not for C++
fm_python_mod_main.cpp: In function ‘PyObject* _fm_get_by_aid(PyObject*, PyObject*, PyObject*)’:
fm_python_mod_main.cpp:143:22: warning: ISO C++ forbids converting a string constant to ‘char*’ [-Wwrite-strings]
  143 |  char* keywords[] = {"alarm_id", "max", (char*)NULL};
      |                      ^~~~~~~~~~
fm_python_mod_main.cpp:143:34: warning: ISO C++ forbids converting a string constant to ‘char*’ [-Wwrite-strings]
  143 |  char* keywords[] = {"alarm_id", "max", (char*)NULL};
      |                                  ^~~~~
fm_python_mod_main.cpp: In function ‘PyObject* _fm_get_by_eid(PyObject*, PyObject*, PyObject*)’:
fm_python_mod_main.cpp:192:22: warning: ISO C++ forbids converting a string constant to ‘char*’ [-Wwrite-strings]
  192 |  char* keywords[] = {"entity_instance_id", "max", (char*)NULL};
      |                      ^~~~~~~~~~~~~~~~~~~~
fm_python_mod_main.cpp:192:44: warning: ISO C++ forbids converting a string constant to ‘char*’ [-Wwrite-strings]
  192 |  char* keywords[] = {"entity_instance_id", "max", (char*)NULL};
      |                                            ^~~~~
gcc -DNDEBUG -g -fwrapv -O3 -Wall -Wstrict-prototypes -O2 -g -feliminate-unused-debug-types -pipe -Wall -Wp,-D_FORTIFY_SOURCE=2 -fexceptions -fstack-protector --param=ssp-buffer-size=32 -Wformat -Wformat-security -Wl,-z,now,-z,relro,-z,max-page-size=0x1000,-z,separate-code -Wno-error -ftree-vectorize -ftree-slp-vectorize -Wl,--enable-new-dtags -fcf-protection=return -m64 -march=westmere -mtune=haswell -fasynchronous-unwind-tables -fno-omit-frame-pointer -Wp,-D_REENTRANT -fno-lto -fPIC -I/usr/include/python2.7 -c -march=haswell -O3 -fno-semantic-interposition -ffat-lto-objects -flto=4 fm_python_mod_main.cpp -o build/temp.linux-x86_64-2.7/fm_python_mod_main.o.avx2
cc1plus: warning: command line option ‘-Wstrict-prototypes’ is valid for C/ObjC but not for C++
fm_python_mod_main.cpp: In function ‘PyObject* _fm_get_by_aid(PyObject*, PyObject*, PyObject*)’:
fm_python_mod_main.cpp:143:22: warning: ISO C++ forbids converting a string constant to ‘char*’ [-Wwrite-strings]
  143 |  char* keywords[] = {"alarm_id", "max", (char*)NULL};
      |                      ^~~~~~~~~~
fm_python_mod_main.cpp:143:34: warning: ISO C++ forbids converting a string constant to ‘char*’ [-Wwrite-strings]
  143 |  char* keywords[] = {"alarm_id", "max", (char*)NULL};
      |                                  ^~~~~
fm_python_mod_main.cpp: In function ‘PyObject* _fm_get_by_eid(PyObject*, PyObject*, PyObject*)’:
fm_python_mod_main.cpp:192:22: warning: ISO C++ forbids converting a string constant to ‘char*’ [-Wwrite-strings]
  192 |  char* keywords[] = {"entity_instance_id", "max", (char*)NULL};
      |                      ^~~~~~~~~~~~~~~~~~~~
fm_python_mod_main.cpp:192:44: warning: ISO C++ forbids converting a string constant to ‘char*’ [-Wwrite-strings]
  192 |  char* keywords[] = {"entity_instance_id", "max", (char*)NULL};
      |                                            ^~~~~
gcc -DNDEBUG -g -fwrapv -O3 -Wall -Wstrict-prototypes -O2 -g -feliminate-unused-debug-types -pipe -Wall -Wp,-D_FORTIFY_SOURCE=2 -fexceptions -fstack-protector --param=ssp-buffer-size=32 -Wformat -Wformat-security -Wl,-z,now,-z,relro,-z,max-page-size=0x1000,-z,separate-code -Wno-error -ftree-vectorize -ftree-slp-vectorize -Wl,--enable-new-dtags -fcf-protection=return -m64 -march=westmere -mtune=haswell -fasynchronous-unwind-tables -fno-omit-frame-pointer -Wp,-D_REENTRANT -fno-lto -fPIC -I/usr/include/python2.7 -c -march=skylake-avx512 -O3 -fno-semantic-interposition -ffat-lto-objects -flto=4 -mprefer-vector-width=512 fm_python_mod_main.cpp -o build/temp.linux-x86_64-2.7/fm_python_mod_main.o.avx512
cc1plus: warning: command line option ‘-Wstrict-prototypes’ is valid for C/ObjC but not for C++
fm_python_mod_main.cpp: In function ‘PyObject* _fm_get_by_aid(PyObject*, PyObject*, PyObject*)’:
fm_python_mod_main.cpp:143:22: warning: ISO C++ forbids converting a string constant to ‘char*’ [-Wwrite-strings]
  143 |  char* keywords[] = {"alarm_id", "max", (char*)NULL};
      |                      ^~~~~~~~~~
fm_python_mod_main.cpp:143:34: warning: ISO C++ forbids converting a string constant to ‘char*’ [-Wwrite-strings]
  143 |  char* keywords[] = {"alarm_id", "max", (char*)NULL};
      |                                  ^~~~~
fm_python_mod_main.cpp: In function ‘PyObject* _fm_get_by_eid(PyObject*, PyObject*, PyObject*)’:
fm_python_mod_main.cpp:192:22: warning: ISO C++ forbids converting a string constant to ‘char*’ [-Wwrite-strings]
  192 |  char* keywords[] = {"entity_instance_id", "max", (char*)NULL};
      |                      ^~~~~~~~~~~~~~~~~~~~
fm_python_mod_main.cpp:192:44: warning: ISO C++ forbids converting a string constant to ‘char*’ [-Wwrite-strings]
  192 |  char* keywords[] = {"entity_instance_id", "max", (char*)NULL};
      |                                            ^~~~~
creating build/lib.linux-x86_64-2.7
g++ -pthread -shared -Wl,-O1 -Wl,-Bsymbolic-functions -fno-strict-aliasing -O2 -g -feliminate-unused-debug-types -pipe -Wall -Wp,-D_FORTIFY_SOURCE=2 -fexceptions -fstack-protector --param=ssp-buffer-size=32 -Wformat -Wformat-security -Wl,-z,now,-z,relro,-z,max-page-size=0x1000,-z,separate-code -Wno-error -ftree-vectorize -ftree-slp-vectorize -Wl,--enable-new-dtags -fcf-protection=return -m64 -march=westmere -mtune=haswell -fasynchronous-unwind-tables -fno-omit-frame-pointer -Wp,-D_REENTRANT -O3 -ffunction-sections -fno-semantic-interposition -fopt-info-vec -flto -fPIC -DNDEBUG -g -fwrapv -O3 -Wall -Wstrict-prototypes -I. -IInclude -I./Include -fPIC -DPy_BUILD_CORE -O2 -g -feliminate-unused-debug-types -pipe -Wall -Wp,-D_FORTIFY_SOURCE=2 -fexceptions -fstack-protector --param=ssp-buffer-size=32 -Wformat -Wformat-security -Wl,-z,now,-z,relro,-z,max-page-size=0x1000,-z,separate-code -Wno-error -ftree-vectorize -ftree-slp-vectorize -Wl,--enable-new-dtags -fcf-protection=return -m64 -march=westmere -mtune=haswell -fasynchronous-unwind-tables -fno-omit-frame-pointer -Wp,-D_REENTRANT -fno-lto build/temp.linux-x86_64-2.7/fm_python_mod_main.o -L. -L/usr/lib -lpq -lfmcommon -lpython2.7 -o build/lib.linux-x86_64-2.7/fm_core.so
g++ -pthread -shared -Wl,-O1 -Wl,-Bsymbolic-functions -fno-strict-aliasing -O2 -g -feliminate-unused-debug-types -pipe -Wall -Wp,-D_FORTIFY_SOURCE=2 -fexceptions -fstack-protector --param=ssp-buffer-size=32 -Wformat -Wformat-security -Wl,-z,now,-z,relro,-z,max-page-size=0x1000,-z,separate-code -Wno-error -ftree-vectorize -ftree-slp-vectorize -Wl,--enable-new-dtags -fcf-protection=return -m64 -march=westmere -mtune=haswell -fasynchronous-unwind-tables -fno-omit-frame-pointer -Wp,-D_REENTRANT -O3 -ffunction-sections -fno-semantic-interposition -fopt-info-vec -flto -fPIC -DNDEBUG -g -fwrapv -O3 -Wall -Wstrict-prototypes -I. -IInclude -I./Include -fPIC -DPy_BUILD_CORE -O2 -g -feliminate-unused-debug-types -pipe -Wall -Wp,-D_FORTIFY_SOURCE=2 -fexceptions -fstack-protector --param=ssp-buffer-size=32 -Wformat -Wformat-security -Wl,-z,now,-z,relro,-z,max-page-size=0x1000,-z,separate-code -Wno-error -ftree-vectorize -ftree-slp-vectorize -Wl,--enable-new-dtags -fcf-protection=return -m64 -march=westmere -mtune=haswell -fasynchronous-unwind-tables -fno-omit-frame-pointer -Wp,-D_REENTRANT -fno-lto build/temp.linux-x86_64-2.7/fm_python_mod_main.o.avx2 -L. -L/usr/lib -lpq -lfmcommon -lpython2.7 -o build/lib.linux-x86_64-2.7/fm_core.so.avx2
g++ -pthread -shared -Wl,-O1 -Wl,-Bsymbolic-functions -fno-strict-aliasing -O2 -g -feliminate-unused-debug-types -pipe -Wall -Wp,-D_FORTIFY_SOURCE=2 -fexceptions -fstack-protector --param=ssp-buffer-size=32 -Wformat -Wformat-security -Wl,-z,now,-z,relro,-z,max-page-size=0x1000,-z,separate-code -Wno-error -ftree-vectorize -ftree-slp-vectorize -Wl,--enable-new-dtags -fcf-protection=return -m64 -march=westmere -mtune=haswell -fasynchronous-unwind-tables -fno-omit-frame-pointer -Wp,-D_REENTRANT -O3 -ffunction-sections -fno-semantic-interposition -fopt-info-vec -flto -fPIC -DNDEBUG -g -fwrapv -O3 -Wall -Wstrict-prototypes -I. -IInclude -I./Include -fPIC -DPy_BUILD_CORE -O2 -g -feliminate-unused-debug-types -pipe -Wall -Wp,-D_FORTIFY_SOURCE=2 -fexceptions -fstack-protector --param=ssp-buffer-size=32 -Wformat -Wformat-security -Wl,-z,now,-z,relro,-z,max-page-size=0x1000,-z,separate-code -Wno-error -ftree-vectorize -ftree-slp-vectorize -Wl,--enable-new-dtags -fcf-protection=return -m64 -march=westmere -mtune=haswell -fasynchronous-unwind-tables -fno-omit-frame-pointer -Wp,-D_REENTRANT -fno-lto build/temp.linux-x86_64-2.7/fm_python_mod_main.o.avx512 -L. -L/usr/lib -lpq -lfmcommon -lpython2.7 -o build/lib.linux-x86_64-2.7/fm_core.so.avx512
+ popd
~/build/BUILD/fm-common
+ exit 0
Executing(%install): /bin/sh -e /var/tmp/rpm-tmp.sIXBdk
+ umask 022
+ cd /builddir/build/BUILD
+ cd fm-common
+ LANG=en_US.UTF-8
+ export LANG
+ unset DISPLAY
+ unset PYTHONOPTIMIZE
+ rm -rf /builddir/build/BUILDROOT/fm-common-1.0-6.x86_64
+ mkdir -p /builddir/build/BUILDROOT/fm-common-1.0-6.x86_64
+ export SOURCE_DATE_EPOCH=1568108467
+ SOURCE_DATE_EPOCH=1568108467
+ rm -rf /builddir/build/BUILDROOT/fm-common-1.0-6.x86_64
+ VER=1.0
++ echo 1.0
++ awk -F . '{print $1}'
+ MAJOR=1
++ echo 1.0
++ awk -F . '{print $2}'
+ MINOR=0
~/build/BUILD/fm-common/sources ~/build/BUILD/fm-common
+ pushd sources
+ make DEST_DIR=/builddir/build/BUILDROOT/fm-common-1.0-6.x86_64 BIN_DIR=/usr/local/bin LIB_DIR=/usr/lib64 INC_DIR=/usr/include MAJOR=1 MINOR=0 install_non_bb
install -m 755 -d /builddir/build/BUILDROOT/fm-common-1.0-6.x86_64/usr/local/bin
install -m 755 -d /builddir/build/BUILDROOT/fm-common-1.0-6.x86_64/usr/lib64
install -m 755 -d /builddir/build/BUILDROOT/fm-common-1.0-6.x86_64/usr/include
install -m 755 fmClientCli /builddir/build/BUILDROOT/fm-common-1.0-6.x86_64/usr/local/bin
install -m 644 fmDbAPI.h /builddir/build/BUILDROOT/fm-common-1.0-6.x86_64/usr/include
install -m 644 fmAPI.h /builddir/build/BUILDROOT/fm-common-1.0-6.x86_64/usr/include
install -m 644 fmThread.h /builddir/build/BUILDROOT/fm-common-1.0-6.x86_64/usr/include
install -m 644 fmAlarm.h /builddir/build/BUILDROOT/fm-common-1.0-6.x86_64/usr/include
install -m 755 libfmcommon.so.1.0 /builddir/build/BUILDROOT/fm-common-1.0-6.x86_64/usr/lib64
ln -sf libfmcommon.so.1.0 /builddir/build/BUILDROOT/fm-common-1.0-6.x86_64/usr/lib64/libfmcommon.so.1
ln -sf libfmcommon.so.1.0 /builddir/build/BUILDROOT/fm-common-1.0-6.x86_64/usr/lib64/libfmcommon.so
~/build/BUILD/fm-common
+ popd
+ pushd sources
+ python2 setup.py install --root=/builddir/build/BUILDROOT/fm-common-1.0-6.x86_64 --install-lib=/usr/lib64/python2.7/site-packages --prefix=/usr --install-data=/usr/share
~/build/BUILD/fm-common/sources ~/build/BUILD/fm-common
running install
running build
running build_ext
running install_lib
creating /builddir/build/BUILDROOT/fm-common-1.0-6.x86_64/usr/lib64/python2.7
creating /builddir/build/BUILDROOT/fm-common-1.0-6.x86_64/usr/lib64/python2.7/site-packages
copying build/lib.linux-x86_64-2.7/fm_core.so.avx512 -> /builddir/build/BUILDROOT/fm-common-1.0-6.x86_64/usr/lib64/python2.7/site-packages
copying build/lib.linux-x86_64-2.7/fm_core.so.avx2 -> /builddir/build/BUILDROOT/fm-common-1.0-6.x86_64/usr/lib64/python2.7/site-packages
copying build/lib.linux-x86_64-2.7/fm_core.so -> /builddir/build/BUILDROOT/fm-common-1.0-6.x86_64/usr/lib64/python2.7/site-packages
running install_egg_info
Writing /builddir/build/BUILDROOT/fm-common-1.0-6.x86_64/usr/lib64/python2.7/site-packages/fm_core-1.0-py2.7.egg-info
+ install -d /builddir/build/BUILDROOT/fm-common-1.0-6.x86_64/usr/bin
+ install -m 755 fm_db_sync_event_suppression.py /builddir/build/BUILDROOT/fm-common-1.0-6.x86_64/usr/bin/fm_db_sync_event_suppression.py
+ install -m 644 -p -D fmConfig.h /builddir/build/BUILDROOT/fm-common-1.0-6.x86_64/usr/include/fmConfig.h
+ install -m 644 -p -D fmLog.h /builddir/build/BUILDROOT/fm-common-1.0-6.x86_64/usr/include/fmLog.h
+ CGCS_DOC_DEPLOY=/builddir/build/BUILDROOT/fm-common-1.0-6.x86_64//usr/share/doc/cgcs_doc
+ install -d /builddir/build/BUILDROOT/fm-common-1.0-6.x86_64//usr/share/doc/cgcs_doc
+ install -m 644 fmAlarm.h /builddir/build/BUILDROOT/fm-common-1.0-6.x86_64//usr/share/doc/cgcs_doc
~/build/BUILD/fm-common
+ popd
+ rm -f /builddir/build/BUILDROOT/fm-common-1.0-6.x86_64/usr/share/info/dir
++ find /builddir/build/BUILDROOT/fm-common-1.0-6.x86_64 -path 'etc/*' '!' -type d
+ test -z ''
+ rm -rf '/builddir/build/BUILDROOT/fm-common-1.0-6.x86_64/etc/*'
+ rm -rf '/builddir/build/BUILDROOT/fm-common-1.0-6.x86_64/usr/share/factory/*'
+ find /builddir/build/BUILDROOT/fm-common-1.0-6.x86_64 -name __pycache__
+ xargs rm -rf --
+ '[' -d /builddir/build/BUILDROOT/fm-common-1.0-6.x86_64/usr/share/mime ']'
++ getconf _NPROCESSORS_ONLN
+ RPM_XARGS_PFLAG=-P4
+ find /builddir/build/BUILDROOT/fm-common-1.0-6.x86_64 -name '*.so.avx512' -print0
+ xargs -0rtn1 -P4 python /usr/share/clr-avx-tools/avxjudge.py -q -5
python /usr/share/clr-avx-tools/avxjudge.py -q -5 /builddir/build/BUILDROOT/fm-common-1.0-6.x86_64/usr/lib64/python2.7/site-packages/fm_core.so.avx512 
+ find /builddir/build/BUILDROOT/fm-common-1.0-6.x86_64/usr/lib64/haswell/avx512_1 -name '*.so*' -print0
find: ‘/builddir/build/BUILDROOT/fm-common-1.0-6.x86_64/usr/lib64/haswell/avx512_1’: No such file or directory
/builddir/build/BUILDROOT/fm-common-1.0-6.x86_64/usr/lib64/python2.7/site-packages/fm_core.so.avx512 	 avx512 count: 0 	 avx512 value: 0.0
+ find /builddir/build/BUILDROOT/fm-common-1.0-6.x86_64 -name '*.so.avx2' -print0
+ xargs -0rtn1 -P4 python /usr/share/clr-avx-tools/avxjudge.py -q -2
python /usr/share/clr-avx-tools/avxjudge.py -q -2 /builddir/build/BUILDROOT/fm-common-1.0-6.x86_64/usr/lib64/python2.7/site-packages/fm_core.so.avx2 
+ find /builddir/build/BUILDROOT/fm-common-1.0-6.x86_64/usr/lib64/haswell '!' -path '/usr/lib64/haswell/avx512_1/*' -name '*.so*' -print0
find: ‘/builddir/build/BUILDROOT/fm-common-1.0-6.x86_64/usr/lib64/haswell’: No such file or directory
/builddir/build/BUILDROOT/fm-common-1.0-6.x86_64/usr/lib64/python2.7/site-packages/fm_core.so.avx2 	 avx2 count: 2 	 avx2 value: 0.02
+ find /builddir/build/BUILDROOT/fm-common-1.0-6.x86_64/usr/lib64/ -maxdepth 1 -name '*.so*' -type f -print0
+ xargs -0rtn1 -P4 /usr/lib/rpm/clr/brp-create-abi
+ sort -u
/usr/lib/rpm/clr/brp-create-abi /builddir/build/BUILDROOT/fm-common-1.0-6.x86_64/usr/lib64/libfmcommon.so.1.0 
+ /usr/lib/rpm/find-debuginfo.sh --strict-build-id /builddir/build/BUILD/fm-common
extracting debug info from /builddir/build/BUILDROOT/fm-common-1.0-6.x86_64/usr/local/bin/fmClientCli
extracting debug info from /builddir/build/BUILDROOT/fm-common-1.0-6.x86_64/usr/lib64/python2.7/site-packages/fm_core.so
extracting debug info from /builddir/build/BUILDROOT/fm-common-1.0-6.x86_64/usr/lib64/libfmcommon.so.1.0
symlinked /usr/lib/debug/usr/lib64/libfmcommon.so.1.0.debug to /usr/lib/debug/usr/lib64/libfmcommon.so.1.debug
symlinked /usr/lib/debug/usr/lib64/libfmcommon.so.1.0.debug to /usr/lib/debug/usr/lib64/libfmcommon.so.debug
cpio: glibc-2.30/csu: Cannot stat: No such file or directory
cpio: glibc-2.30/csu/elf-init.c: Cannot stat: No such file or directory
cpio: glibc-2.30/csu/init.c: Cannot stat: No such file or directory
cpio: glibc-2.30/sysdeps/x86_64/crti.S: Cannot stat: No such file or directory
cpio: glibc-2.30/sysdeps/x86_64/crtn.S: Cannot stat: No such file or directory
cpio: glibc-2.30/sysdeps/x86_64/start.S: Cannot stat: No such file or directory
356 blocks
+ '[' -d /builddir/build/BUILDROOT/fm-common-1.0-6.x86_64/usr/lib/debug ']'
+ mkdir -p /builddir/build/BUILDROOT/fm-common-1.0-6.x86_64/usr/share
+ '[' -d /builddir/build/BUILDROOT/fm-common-1.0-6.x86_64/usr/lib/debug ']'
+ mv /builddir/build/BUILDROOT/fm-common-1.0-6.x86_64/usr/lib/debug /builddir/build/BUILDROOT/fm-common-1.0-6.x86_64/usr/share
+ '[' -d /builddir/build/BUILDROOT/fm-common-1.0-6.x86_64/usr/src/debug ']'
+ mv /builddir/build/BUILDROOT/fm-common-1.0-6.x86_64/usr/src/debug /builddir/build/BUILDROOT/fm-common-1.0-6.x86_64/usr/share/debug/src
+ '[' -d /builddir/build/BUILDROOT/fm-common-1.0-6.x86_64/usr/lib/debug.force ']'
+ :
+ '[' -d /builddir/build/BUILDROOT/fm-common-1.0-6.x86_64/usr/src/debug.force ']'
+ :
+ /usr/lib/rpm/check-buildroot
+ /usr/lib/rpm/clr/brp-strip-static-archive /usr/bin/strip
+ /usr/lib/rpm/clr/brp-strip-comment-note /usr/bin/strip /usr/bin/objdump
+ /usr/lib/rpm/clr/brp-python-bytecompile
+ find /builddir/build/BUILDROOT/fm-common-1.0-6.x86_64 -print0
+ xargs -0 touch -h -d @1568108467
+ /usr/lib/rpm/clr/brp-java-repack-jars
Processing files: fm-common-1.0-6.x86_64
Provides: fm-common = 1.0-6 fm-common(x86-64) = 1.0-6
Requires(rpmlib): rpmlib(CompressedFileNames) <= 3.0.4-1 rpmlib(PayloadFilesHavePrefix) <= 4.0-1
Requires: libc.so.6()(64bit) libc.so.6(GLIBC_2.14)(64bit) libc.so.6(GLIBC_2.2.5)(64bit) libfmcommon.so.1()(64bit) libgcc_s.so.1()(64bit) libgcc_s.so.1(GCC_3.0)(64bit) libstdc++.so.6()(64bit) libstdc++.so.6(CXXABI_1.3)(64bit) libstdc++.so.6(GLIBCXX_3.4)(64bit) libstdc++.so.6(GLIBCXX_3.4.21)(64bit)
Processing files: fm-common-bin-1.0-6.x86_64
Provides: fm-common-bin = 1.0-6 fm-common-bin(x86-64) = 1.0-6
Requires(rpmlib): rpmlib(CompressedFileNames) <= 3.0.4-1 rpmlib(PayloadFilesHavePrefix) <= 4.0-1
Requires: /usr/bin/env
Processing files: fm-common-dev-1.0-6.x86_64
Provides: fm-common-dev = 1.0-6 fm-common-dev(x86-64) = 1.0-6 fm-common-devel = 1.0-6
Requires(rpmlib): rpmlib(CompressedFileNames) <= 3.0.4-1 rpmlib(PayloadFilesHavePrefix) <= 4.0-1
Processing files: fm-common-doc-1.0-6.x86_64
Provides: fm-common-doc = 1.0-6 fm-common-doc(x86-64) = 1.0-6
Requires(rpmlib): rpmlib(CompressedFileNames) <= 3.0.4-1 rpmlib(PayloadFilesHavePrefix) <= 4.0-1
Processing files: fm-common-lib-1.0-6.x86_64
Provides: fm-common-lib = 1.0-6 fm-common-lib(x86-64) = 1.0-6 libfmcommon.so.1()(64bit)
Requires(rpmlib): rpmlib(CompressedFileNames) <= 3.0.4-1 rpmlib(PayloadFilesHavePrefix) <= 4.0-1
Requires: libc.so.6()(64bit) libc.so.6(GLIBC_2.14)(64bit) libc.so.6(GLIBC_2.17)(64bit) libc.so.6(GLIBC_2.2.5)(64bit) libgcc_s.so.1()(64bit) libgcc_s.so.1(GCC_3.0)(64bit) libpq.so.5()(64bit) libpthread.so.0()(64bit) libpthread.so.0(GLIBC_2.2.5)(64bit) libpython2.7.so.1.0()(64bit) libstdc++.so.6()(64bit) libstdc++.so.6(CXXABI_1.3)(64bit) libstdc++.so.6(CXXABI_1.3.9)(64bit) libstdc++.so.6(GLIBCXX_3.4)(64bit) libstdc++.so.6(GLIBCXX_3.4.11)(64bit) libstdc++.so.6(GLIBCXX_3.4.15)(64bit) libstdc++.so.6(GLIBCXX_3.4.20)(64bit) libstdc++.so.6(GLIBCXX_3.4.21)(64bit) libstdc++.so.6(GLIBCXX_3.4.9)(64bit) libuuid.so.1()(64bit) libuuid.so.1(UUID_1.0)(64bit)
Processing files: fm-common-python-1.0-6.x86_64
Provides: fm-common-python = 1.0-6 fm-common-python(x86-64) = 1.0-6
Requires(rpmlib): rpmlib(CompressedFileNames) <= 3.0.4-1 rpmlib(PayloadFilesHavePrefix) <= 4.0-1
Requires: libc.so.6()(64bit) libc.so.6(GLIBC_2.14)(64bit) libc.so.6(GLIBC_2.2.5)(64bit) libc.so.6(GLIBC_2.3.4)(64bit) libc.so.6(GLIBC_2.4)(64bit) libfmcommon.so.1()(64bit) libgcc_s.so.1()(64bit) libgcc_s.so.1(GCC_3.0)(64bit) libpython2.7.so.1.0()(64bit) libstdc++.so.6()(64bit) libstdc++.so.6(CXXABI_1.3)(64bit) libstdc++.so.6(GLIBCXX_3.4)(64bit) libstdc++.so.6(GLIBCXX_3.4.21)(64bit) python(abi) = 2.7
Processing files: fm-common-debuginfo-1.0-6.x86_64
Processing files: fm-common-abi-1.0-6.x86_64
Checking for unpackaged file(s): /usr/lib/rpm/check-files /builddir/build/BUILDROOT/fm-common-1.0-6.x86_64
warning: Empty %files file /builddir/build/BUILD/fm-common/abifiles.list
Wrote: /builddir/build/RPMS/fm-common-1.0-6.x86_64.rpm
Wrote: /builddir/build/RPMS/fm-common-bin-1.0-6.x86_64.rpm
Wrote: /builddir/build/RPMS/fm-common-dev-1.0-6.x86_64.rpm
Wrote: /builddir/build/RPMS/fm-common-doc-1.0-6.x86_64.rpm
Wrote: /builddir/build/RPMS/fm-common-lib-1.0-6.x86_64.rpm
Wrote: /builddir/build/RPMS/fm-common-python-1.0-6.x86_64.rpm
Wrote: /builddir/build/RPMS/fm-common-debuginfo-1.0-6.x86_64.rpm
Wrote: /builddir/build/RPMS/fm-common-abi-1.0-6.x86_64.rpm
Executing(%clean): /bin/sh -e /var/tmp/rpm-tmp.1KSzSn
+ umask 022
+ cd /builddir/build/BUILD
+ cd fm-common
+ /usr/bin/rm -rf /builddir/build/BUILDROOT/fm-common-1.0-6.x86_64
+ exit 0
Child return code was: 0
LEAVE do --> 

