2019-09-10 17:40:35,478 - Mock Version: 1.2.14
2019-09-10 17:40:35,729 - Start: dnf update
2019-09-10 17:40:45,911 - Finish: dnf update
2019-09-10 17:40:45,916 - Finish: chroot init
2019-09-10 17:40:45,919 - Start: buildsrpm
2019-09-10 17:40:45,930 - Start: rpmbuild -bs
2019-09-10 17:40:45,968 - Finish: rpmbuild -bs
2019-09-10 17:40:45,969 - Finish: buildsrpm
2019-09-10 17:40:45,970 - Finish: run
2019-09-10 17:40:49,079 - Mock Version: 1.2.14
2019-09-10 17:40:49,343 - Start: dnf update
2019-09-10 17:40:59,291 - Finish: dnf update
2019-09-10 17:40:59,296 - Finish: chroot init
2019-09-10 17:40:59,298 - Start: build phase for fm-common-1.0-6.src.rpm
2019-09-10 17:40:59,300 - Start: build setup for fm-common-1.0-6.src.rpm
2019-09-10 17:41:04,900 - Finish: build setup for fm-common-1.0-6.src.rpm
2019-09-10 17:41:04,900 - Start: rpmbuild fm-common-1.0-6.src.rpm
2019-09-10 17:41:10,947 - Mock Version: 1.2.14
2019-09-10 17:41:11,194 - Start: dnf update
2019-09-10 17:41:21,244 - Finish: dnf update
2019-09-10 17:41:21,249 - Finish: chroot init
2019-09-10 17:41:21,252 - Start: buildsrpm
2019-09-10 17:41:21,263 - Start: rpmbuild -bs
2019-09-10 17:41:21,303 - Finish: rpmbuild -bs
2019-09-10 17:41:21,305 - Finish: buildsrpm
2019-09-10 17:41:21,306 - Finish: run
2019-09-10 17:41:24,410 - Mock Version: 1.2.14
2019-09-10 17:41:24,671 - Start: dnf update
2019-09-10 17:41:35,001 - Finish: dnf update
2019-09-10 17:41:35,007 - Finish: chroot init
2019-09-10 17:41:35,008 - Start: build phase for fm-common-1.0-6.src.rpm
2019-09-10 17:41:35,010 - Start: build setup for fm-common-1.0-6.src.rpm
2019-09-10 17:41:36,850 - Finish: build setup for fm-common-1.0-6.src.rpm
2019-09-10 17:41:36,850 - Start: rpmbuild fm-common-1.0-6.src.rpm
2019-09-10 17:41:38,016 - Finish: rpmbuild fm-common-1.0-6.src.rpm
2019-09-10 17:41:38,017 - Finish: build phase for fm-common-1.0-6.src.rpm
2019-09-10 17:41:38,018 - Finish: run
