Mock Version: 1.2.14
ENTER do(['bash', '--login', '-c', '/usr/bin/rpmbuild -bs --target x86_64 --nodeps /builddir/build/SPECS/worker-utils.spec'], chrootPath='/var/lib/mock/clear-worker-utils/root'env={'TERM': 'vt100', 'SHELL': '/bin/bash', 'HOME': '/builddir', 'HOSTNAME': 'mock', 'PATH': '/usr/bin:/bin:/usr/sbin:/sbin', 'LANG': 'en_US.UTF-8', 'CCACHE_DIR': '/var/tmp/ccache', 'CCACHE_UMASK': '002'}shell=Falselogger=<mockbuild.trace_decorator.getLog object at 0x7f6ed7781d90>timeout=0uid=1000gid=1000user='mockbuild'printOutput=False)
Executing command: ['bash', '--login', '-c', '/usr/bin/rpmbuild -bs --target x86_64 --nodeps /builddir/build/SPECS/worker-utils.spec'] with env {'TERM': 'vt100', 'SHELL': '/bin/bash', 'HOME': '/builddir', 'HOSTNAME': 'mock', 'PATH': '/usr/bin:/bin:/usr/sbin:/sbin', 'LANG': 'en_US.UTF-8', 'CCACHE_DIR': '/var/tmp/ccache', 'CCACHE_UMASK': '002'} and shell False
Building target platforms: x86_64
Building for target x86_64
Wrote: /builddir/build/SRPMS/worker-utils-1.0-1.src.rpm
Child return code was: 0
LEAVE do --> 

ENTER do(['bash', '--login', '-c', '/usr/bin/rpmbuild -bb --target x86_64 --nodeps  /builddir/build/SPECS/worker-utils.spec '], chrootPath='/var/lib/mock/clear-worker-utils/root'env={'TERM': 'vt100', 'SHELL': '/bin/bash', 'HOME': '/builddir', 'HOSTNAME': 'mock', 'PATH': '/usr/bin:/bin:/usr/sbin:/sbin', 'LANG': 'en_US.UTF-8', 'CCACHE_DIR': '/var/tmp/ccache', 'CCACHE_UMASK': '002'}shell=Falselogger=<mockbuild.trace_decorator.getLog object at 0x7f6ed7781d90>timeout=0uid=1000gid=1000user='mockbuild'private_network=TrueprintOutput=False)
Executing command: ['bash', '--login', '-c', '/usr/bin/rpmbuild -bb --target x86_64 --nodeps  /builddir/build/SPECS/worker-utils.spec '] with env {'TERM': 'vt100', 'SHELL': '/bin/bash', 'HOME': '/builddir', 'HOSTNAME': 'mock', 'PATH': '/usr/bin:/bin:/usr/sbin:/sbin', 'LANG': 'en_US.UTF-8', 'CCACHE_DIR': '/var/tmp/ccache', 'CCACHE_UMASK': '002'} and shell False
Building target platforms: x86_64
Building for target x86_64
Executing(%prep): /bin/sh -e /var/tmp/rpm-tmp.FNGfqN
+ umask 022
+ cd /builddir/build/BUILD
+ LANG=en_US.UTF-8
+ export LANG
+ unset DISPLAY
+ cd /builddir/build/BUILD
+ rm -rf worker-utils-1.0
+ /usr/bin/gzip -dc /builddir/build/SOURCES/worker-utils-1.0.tar.gz
+ /usr/bin/tar -xf -
+ STATUS=0
+ '[' 0 -ne 0 ']'
+ cd worker-utils-1.0
+ /usr/bin/chmod -Rf a+rX,u+w,g-w,o-w .
Patch #1 (0001-change-sysconfig-dir.patch):
+ echo 'Patch #1 (0001-change-sysconfig-dir.patch):'
+ /usr/bin/cat /builddir/build/SOURCES/0001-change-sysconfig-dir.patch
+ /usr/bin/patch -p1 --fuzz=2
patching file Makefile
patching file affine-platform.sh.service
patching file affine-tasks.service
+ echo 'Patch #2 (0002-change-sysconfig-dir.patch):'
Patch #2 (0002-change-sysconfig-dir.patch):
+ /usr/bin/cat /builddir/build/SOURCES/0002-change-sysconfig-dir.patch
+ /usr/bin/patch -p1 --fuzz=2
patching file Makefile
+ echo 'Patch #3 (0003-Delete-the-wrong-command.patch):'
Patch #3 (0003-Delete-the-wrong-command.patch):
+ /usr/bin/cat /builddir/build/SOURCES/0003-Delete-the-wrong-command.patch
+ /usr/bin/patch -p1 --fuzz=2
patching file Makefile
+ exit 0
Executing(%build): /bin/sh -e /var/tmp/rpm-tmp.GUPq0O
+ umask 022
+ cd /builddir/build/BUILD
+ cd worker-utils-1.0
+ LANG=en_US.UTF-8
+ export LANG
+ unset DISPLAY
+ unset PYTHONOPTIMIZE
+ CFLAGS='-O2 -g -feliminate-unused-debug-types -pipe -Wall -Wp,-D_FORTIFY_SOURCE=2 -fexceptions -fstack-protector --param=ssp-buffer-size=32 -Wformat -Wformat-security -Wl,-z,now,-z,relro,-z,max-page-size=0x1000,-z,separate-code -Wno-error -ftree-vectorize -ftree-slp-vectorize -Wl,--enable-new-dtags -fcf-protection=return -m64 -march=westmere -mtune=haswell -fasynchronous-unwind-tables -fno-omit-frame-pointer -Wp,-D_REENTRANT'
+ export CFLAGS
+ http_proxy=http://127.0.0.1:9/
+ export http_proxy
+ https_proxy=http://127.0.0.1:9/
+ export https_proxy
+ ftp_proxy=http://127.0.0.1:9/
+ export ftp_proxy
+ no_proxy=localhost,127.0.0.1,0.0.0.0
+ export no_proxy
+ CXXFLAGS='-O2 -g -feliminate-unused-debug-types -pipe -Wall -Wp,-D_FORTIFY_SOURCE=2 -fexceptions -fstack-protector --param=ssp-buffer-size=32 -Wformat -Wformat-security -Wl,-z,now,-z,relro,-z,max-page-size=0x1000,-z,separate-code -Wno-error -ftree-vectorize -ftree-slp-vectorize -Wl,--enable-new-dtags -fcf-protection=return -m64 -march=westmere -mtune=haswell -fasynchronous-unwind-tables -fno-omit-frame-pointer -Wp,-D_REENTRANT'
+ export CXXFLAGS
+ FFLAGS='-g -O3 -feliminate-unused-debug-types  -pipe -Wall -Wp,-D_FORTIFY_SOURCE=2 -fexceptions -fstack-protector --param=ssp-buffer-size=32 -m64 -fasynchronous-unwind-tables -Wp,-D_REENTRANT -ftree-loop-distribute-patterns -Wl,-z -Wl,now -Wl,-z -Wl,relro -malign-data=abi -fno-semantic-interposition -ftree-vectorize  -ftree-loop-vectorize -Wl,--enable-new-dtags '
+ export FFLAGS
+ LD_AS_NEEDED=1
+ export LD_AS_NEEDED
+ PKG_CONFIG_LIBDIR=/usr/lib64/pkgconfig
+ export PKG_CONFIG_LIBDIR
+ PATH=/usr/lib64/ccache/bin:/usr/local/bin:/usr/bin
+ export PATH
+ export http_proxy=http://127.0.0.1:9/
+ http_proxy=http://127.0.0.1:9/
+ export https_proxy=http://127.0.0.1:9/
+ https_proxy=http://127.0.0.1:9/
+ export no_proxy=localhost,127.0.0.1,0.0.0.0
+ no_proxy=localhost,127.0.0.1,0.0.0.0
+ export LANG=C.UTF-8
+ LANG=C.UTF-8
+ export SOURCE_DATE_EPOCH=1568187768
+ SOURCE_DATE_EPOCH=1568187768
+ export GCC_IGNORE_WERROR=1
+ GCC_IGNORE_WERROR=1
+ export AR=gcc-ar
+ AR=gcc-ar
+ export RANLIB=gcc-ranlib
+ RANLIB=gcc-ranlib
+ export NM=gcc-nm
+ NM=gcc-nm
+ export 'CFLAGS=-O2 -g -feliminate-unused-debug-types -pipe -Wall -Wp,-D_FORTIFY_SOURCE=2 -fexceptions -fstack-protector --param=ssp-buffer-size=32 -Wformat -Wformat-security -Wl,-z,now,-z,relro,-z,max-page-size=0x1000,-z,separate-code -Wno-error -ftree-vectorize -ftree-slp-vectorize -Wl,--enable-new-dtags -fcf-protection=return -m64 -march=westmere -mtune=haswell -fasynchronous-unwind-tables -fno-omit-frame-pointer -Wp,-D_REENTRANT -O3 -ffat-lto-objects -flto=4 '
+ CFLAGS='-O2 -g -feliminate-unused-debug-types -pipe -Wall -Wp,-D_FORTIFY_SOURCE=2 -fexceptions -fstack-protector --param=ssp-buffer-size=32 -Wformat -Wformat-security -Wl,-z,now,-z,relro,-z,max-page-size=0x1000,-z,separate-code -Wno-error -ftree-vectorize -ftree-slp-vectorize -Wl,--enable-new-dtags -fcf-protection=return -m64 -march=westmere -mtune=haswell -fasynchronous-unwind-tables -fno-omit-frame-pointer -Wp,-D_REENTRANT -O3 -ffat-lto-objects -flto=4 '
+ export 'FCFLAGS=-O2 -g -feliminate-unused-debug-types -pipe -Wall -Wp,-D_FORTIFY_SOURCE=2 -fexceptions -fstack-protector --param=ssp-buffer-size=32 -Wformat -Wformat-security -Wl,-z,now,-z,relro,-z,max-page-size=0x1000,-z,separate-code -Wno-error -ftree-vectorize -ftree-slp-vectorize -Wl,--enable-new-dtags -fcf-protection=return -m64 -march=westmere -mtune=haswell -fasynchronous-unwind-tables -fno-omit-frame-pointer -Wp,-D_REENTRANT -O3 -ffat-lto-objects -flto=4  -O3 -ffat-lto-objects -flto=4 '
+ FCFLAGS='-O2 -g -feliminate-unused-debug-types -pipe -Wall -Wp,-D_FORTIFY_SOURCE=2 -fexceptions -fstack-protector --param=ssp-buffer-size=32 -Wformat -Wformat-security -Wl,-z,now,-z,relro,-z,max-page-size=0x1000,-z,separate-code -Wno-error -ftree-vectorize -ftree-slp-vectorize -Wl,--enable-new-dtags -fcf-protection=return -m64 -march=westmere -mtune=haswell -fasynchronous-unwind-tables -fno-omit-frame-pointer -Wp,-D_REENTRANT -O3 -ffat-lto-objects -flto=4  -O3 -ffat-lto-objects -flto=4 '
+ export 'FFLAGS=-O2 -g -feliminate-unused-debug-types -pipe -Wall -Wp,-D_FORTIFY_SOURCE=2 -fexceptions -fstack-protector --param=ssp-buffer-size=32 -Wformat -Wformat-security -Wl,-z,now,-z,relro,-z,max-page-size=0x1000,-z,separate-code -Wno-error -ftree-vectorize -ftree-slp-vectorize -Wl,--enable-new-dtags -fcf-protection=return -m64 -march=westmere -mtune=haswell -fasynchronous-unwind-tables -fno-omit-frame-pointer -Wp,-D_REENTRANT -O3 -ffat-lto-objects -flto=4  -O3 -ffat-lto-objects -flto=4 '
+ FFLAGS='-O2 -g -feliminate-unused-debug-types -pipe -Wall -Wp,-D_FORTIFY_SOURCE=2 -fexceptions -fstack-protector --param=ssp-buffer-size=32 -Wformat -Wformat-security -Wl,-z,now,-z,relro,-z,max-page-size=0x1000,-z,separate-code -Wno-error -ftree-vectorize -ftree-slp-vectorize -Wl,--enable-new-dtags -fcf-protection=return -m64 -march=westmere -mtune=haswell -fasynchronous-unwind-tables -fno-omit-frame-pointer -Wp,-D_REENTRANT -O3 -ffat-lto-objects -flto=4  -O3 -ffat-lto-objects -flto=4 '
+ export 'CXXFLAGS=-O2 -g -feliminate-unused-debug-types -pipe -Wall -Wp,-D_FORTIFY_SOURCE=2 -fexceptions -fstack-protector --param=ssp-buffer-size=32 -Wformat -Wformat-security -Wl,-z,now,-z,relro,-z,max-page-size=0x1000,-z,separate-code -Wno-error -ftree-vectorize -ftree-slp-vectorize -Wl,--enable-new-dtags -fcf-protection=return -m64 -march=westmere -mtune=haswell -fasynchronous-unwind-tables -fno-omit-frame-pointer -Wp,-D_REENTRANT -O3 -ffat-lto-objects -flto=4 '
+ CXXFLAGS='-O2 -g -feliminate-unused-debug-types -pipe -Wall -Wp,-D_FORTIFY_SOURCE=2 -fexceptions -fstack-protector --param=ssp-buffer-size=32 -Wformat -Wformat-security -Wl,-z,now,-z,relro,-z,max-page-size=0x1000,-z,separate-code -Wno-error -ftree-vectorize -ftree-slp-vectorize -Wl,--enable-new-dtags -fcf-protection=return -m64 -march=westmere -mtune=haswell -fasynchronous-unwind-tables -fno-omit-frame-pointer -Wp,-D_REENTRANT -O3 -ffat-lto-objects -flto=4 '
+ make -j4
python -m compileall topology.py
Compiling 'topology.py'...
+ exit 0
Executing(%install): /bin/sh -e /var/tmp/rpm-tmp.DnH5aO
+ umask 022
+ cd /builddir/build/BUILD
+ cd worker-utils-1.0
+ LANG=en_US.UTF-8
+ export LANG
+ unset DISPLAY
+ unset PYTHONOPTIMIZE
+ rm -rf /builddir/build/BUILDROOT/worker-utils-1.0-1.x86_64
+ mkdir -p /builddir/build/BUILDROOT/worker-utils-1.0-1.x86_64
+ export SOURCE_DATE_EPOCH=1568187768
+ SOURCE_DATE_EPOCH=1568187768
+ rm -rf /builddir/build/BUILDROOT/worker-utils-1.0-1.x86_64
+ /usr/bin/make DESTDIR=/builddir/build/BUILDROOT/worker-utils-1.0-1.x86_64 INSTALLROOT=/builddir/build/BUILDROOT/worker-utils-1.0-1.x86_64 install_prefix=/builddir/build/BUILDROOT/worker-utils-1.0-1.x86_64 BUILDROOT=/builddir/build/BUILDROOT/worker-utils-1.0-1.x86_64 BUILD_ROOT=/builddir/build/BUILDROOT/worker-utils-1.0-1.x86_64 INSTALL_ROOT=/builddir/build/BUILDROOT/worker-utils-1.0-1.x86_64 install
install -d -m 755 %{buildroot}/usr/bin
install -d -m 755 %{buildroot}/usr/local/etc/init.d/
install -d -m 755 %{buildroot}/usr/local/etc/goenabled.d/
install -d -m 755 %{buildroot}/usr/local/etc/platform
install -d -m 755 %{buildroot}/usr/lib/systemd/system/
install -p -D -m 755 affine-platform.sh %{buildroot}/usr/local/etc/init.d//affine-platform.sh
install -p -D -m 755 affine-tasks.sh %{buildroot}/usr/local/etc/init.d//affine-tasks.sh
install -p -D -m 755 cpumap_functions.sh %{buildroot}/usr/local/etc/init.d//cpumap_functions.sh
install -p -D -m 755 task_affinity_functions.sh %{buildroot}/usr/local/etc/init.d//task_affinity_functions.sh
install -p -D -m 755 ps-sched.sh %{buildroot}/usr/bin/ps-sched.sh
install -p -D -m 755 topology.py %{buildroot}/usr/bin/topology.py
#install -p -D -m 755 topology.pyc %{buildroot}/usr/bin/topology.pyc
install -p -D -m 755 affine-interrupts.sh %{buildroot}/usr/bin/affine-interrupts.sh
install -p -D -m 755 set-cpu-wakeup-latency.sh %{buildroot}/usr/bin/set-cpu-wakeup-latency.sh
install -p -D -m 755 topology %{buildroot}/usr/bin/topology
install -p -D -m 644 worker_reserved.conf %{buildroot}/usr/local/etc/platform/worker_reserved.conf
install -p -D -m 755 worker-goenabled.sh %{buildroot}/usr/local/etc/goenabled.d//worker-goenabled.sh
install -p -D -m 664 affine-platform.sh.service %{buildroot}/usr/lib/systemd/system//affine-platform.sh.service
install -p -D -m 664 affine-tasks.service %{buildroot}/usr/lib/systemd/system//affine-tasks.service
+ rm -f /builddir/build/BUILDROOT/worker-utils-1.0-1.x86_64/usr/share/info/dir
+ rm -rf /builddir/build/BUILDROOT/worker-utils-1.0-1.x86_64/usr/lib64/haswell/pkgconfig
+ rm -rf /builddir/build/BUILDROOT/worker-utils-1.0-1.x86_64/usr/lib64/haswell/avx512_1/pkgconfig
+ rm -rf /builddir/build/BUILDROOT/worker-utils-1.0-1.x86_64/usr/local
+ rm -f '/builddir/build/BUILDROOT/worker-utils-1.0-1.x86_64/usr/lib/perl5/*/*/perllocal.pod'
+ find /builddir/build/BUILDROOT/worker-utils-1.0-1.x86_64 -regex '.*\.la$'
+ xargs rm -f --
find: ‘/builddir/build/BUILDROOT/worker-utils-1.0-1.x86_64’: No such file or directory
+ find /builddir/build/BUILDROOT/worker-utils-1.0-1.x86_64 -regex '.*\.pyo$'
+ xargs rm -f --
find: ‘/builddir/build/BUILDROOT/worker-utils-1.0-1.x86_64’: No such file or directory
+ '[' -d /builddir/build/BUILDROOT/worker-utils-1.0-1.x86_64/etc/dbus-1 ']'
+ :
+ '[' -d /builddir/build/BUILDROOT/worker-utils-1.0-1.x86_64/etc/dbus-1 ']'
+ :
+ '[' -d /builddir/build/BUILDROOT/worker-utils-1.0-1.x86_64/sbin ']'
+ :
+ '[' -d /builddir/build/BUILDROOT/worker-utils-1.0-1.x86_64/bin ']'
+ :
+ '[' -d /builddir/build/BUILDROOT/worker-utils-1.0-1.x86_64/usr/sbin ']'
+ :
+ '[' -d /builddir/build/BUILDROOT/worker-utils-1.0-1.x86_64/usr/sbin ']'
+ :
+ '[' -d /builddir/build/BUILDROOT/worker-utils-1.0-1.x86_64/bin ']'
+ :
+ '[' -d /builddir/build/BUILDROOT/worker-utils-1.0-1.x86_64/sbin ']'
+ :
+ '[' -d /builddir/build/BUILDROOT/worker-utils-1.0-1.x86_64/usr/share/pkgconfig ']'
+ :
+ '[' -d /builddir/build/BUILDROOT/worker-utils-1.0-1.x86_64/usr/lib/pkgconfig ']'
+ :
+ '[' -d /builddir/build/BUILDROOT/worker-utils-1.0-1.x86_64/usr/share/pkgconfig ']'
+ :
+ '[' -d /builddir/build/BUILDROOT/worker-utils-1.0-1.x86_64/usr/lib/pkgconfig ']'
+ :
+ '[' -d /builddir/build/BUILDROOT/worker-utils-1.0-1.x86_64/usr/share/doc/worker-utils-1.0 ']'
+ :
+ '[' -d /builddir/build/BUILDROOT/worker-utils-1.0-1.x86_64/usr/sbin ']'
+ :
+ '[' -d /builddir/build/BUILDROOT/worker-utils-1.0-1.x86_64/sbin ']'
+ :
+ '[' -d /builddir/build/BUILDROOT/worker-utils-1.0-1.x86_64/bin ']'
+ :
+ chmod a+x '/builddir/build/BUILDROOT/worker-utils-1.0-1.x86_64/usr/lib64/*'
chmod: cannot access '/builddir/build/BUILDROOT/worker-utils-1.0-1.x86_64/usr/lib64/*': No such file or directory
+ :
+ chmod a+x '/builddir/build/BUILDROOT/worker-utils-1.0-1.x86_64/lib/*'
chmod: cannot access '/builddir/build/BUILDROOT/worker-utils-1.0-1.x86_64/lib/*': No such file or directory
+ :
+ find /builddir/build/BUILDROOT/worker-utils-1.0-1.x86_64 -regex '.*\.la$'
+ xargs rm -f --
find: ‘/builddir/build/BUILDROOT/worker-utils-1.0-1.x86_64’: No such file or directory
+ find /builddir/build/BUILDROOT/worker-utils-1.0-1.x86_64 -regex '.*\.a$'
+ xargs rm -f --
find: ‘/builddir/build/BUILDROOT/worker-utils-1.0-1.x86_64’: No such file or directory
+ find /builddir/build/BUILDROOT/worker-utils-1.0-1.x86_64/ -print0
+ xargs -r0 touch -h -d @1568187768
find: ‘/builddir/build/BUILDROOT/worker-utils-1.0-1.x86_64/’: No such file or directory
+ make install BINDIR=/builddir/build/BUILDROOT/worker-utils-1.0-1.x86_64/usr/bin/ INITDDIR=/builddir/build/BUILDROOT/worker-utils-1.0-1.x86_64/usr/local/etc/init.d/ GOENABLEDDIR=/builddir/build/BUILDROOT/worker-utils-1.0-1.x86_64/usr/local/etc/goenabled.d/ PLATFORMCONFDIR=/builddir/build/BUILDROOT/worker-utils-1.0-1.x86_64/usr/local/etc/platform/ SYSTEMDDIR=/builddir/build/BUILDROOT/worker-utils-1.0-1.x86_64/usr/lib/systemd/system/
install -d -m 755 /builddir/build/BUILDROOT/worker-utils-1.0-1.x86_64/usr/bin/
install -d -m 755 /builddir/build/BUILDROOT/worker-utils-1.0-1.x86_64/usr/local/etc/init.d/
install -d -m 755 /builddir/build/BUILDROOT/worker-utils-1.0-1.x86_64/usr/local/etc/goenabled.d/
install -d -m 755 /builddir/build/BUILDROOT/worker-utils-1.0-1.x86_64/usr/local/etc/platform/
install -d -m 755 /builddir/build/BUILDROOT/worker-utils-1.0-1.x86_64/usr/lib/systemd/system/
install -p -D -m 755 affine-platform.sh /builddir/build/BUILDROOT/worker-utils-1.0-1.x86_64/usr/local/etc/init.d//affine-platform.sh
install -p -D -m 755 affine-tasks.sh /builddir/build/BUILDROOT/worker-utils-1.0-1.x86_64/usr/local/etc/init.d//affine-tasks.sh
install -p -D -m 755 cpumap_functions.sh /builddir/build/BUILDROOT/worker-utils-1.0-1.x86_64/usr/local/etc/init.d//cpumap_functions.sh
install -p -D -m 755 task_affinity_functions.sh /builddir/build/BUILDROOT/worker-utils-1.0-1.x86_64/usr/local/etc/init.d//task_affinity_functions.sh
install -p -D -m 755 ps-sched.sh /builddir/build/BUILDROOT/worker-utils-1.0-1.x86_64/usr/bin//ps-sched.sh
install -p -D -m 755 topology.py /builddir/build/BUILDROOT/worker-utils-1.0-1.x86_64/usr/bin//topology.py
#install -p -D -m 755 topology.pyc /builddir/build/BUILDROOT/worker-utils-1.0-1.x86_64/usr/bin//topology.pyc
install -p -D -m 755 affine-interrupts.sh /builddir/build/BUILDROOT/worker-utils-1.0-1.x86_64/usr/bin//affine-interrupts.sh
install -p -D -m 755 set-cpu-wakeup-latency.sh /builddir/build/BUILDROOT/worker-utils-1.0-1.x86_64/usr/bin//set-cpu-wakeup-latency.sh
install -p -D -m 755 topology /builddir/build/BUILDROOT/worker-utils-1.0-1.x86_64/usr/bin//topology
install -p -D -m 644 worker_reserved.conf /builddir/build/BUILDROOT/worker-utils-1.0-1.x86_64/usr/local/etc/platform//worker_reserved.conf
install -p -D -m 755 worker-goenabled.sh /builddir/build/BUILDROOT/worker-utils-1.0-1.x86_64/usr/local/etc/goenabled.d//worker-goenabled.sh
install -p -D -m 664 affine-platform.sh.service /builddir/build/BUILDROOT/worker-utils-1.0-1.x86_64/usr/lib/systemd/system//affine-platform.sh.service
install -p -D -m 664 affine-tasks.service /builddir/build/BUILDROOT/worker-utils-1.0-1.x86_64/usr/lib/systemd/system//affine-tasks.service
+ rm -f /builddir/build/BUILDROOT/worker-utils-1.0-1.x86_64/usr/share/info/dir
++ find /builddir/build/BUILDROOT/worker-utils-1.0-1.x86_64 -path 'etc/*' '!' -type d
+ test -z ''
+ rm -rf '/builddir/build/BUILDROOT/worker-utils-1.0-1.x86_64/etc/*'
+ rm -rf '/builddir/build/BUILDROOT/worker-utils-1.0-1.x86_64/usr/share/factory/*'
+ find /builddir/build/BUILDROOT/worker-utils-1.0-1.x86_64 -name __pycache__
+ xargs rm -rf --
+ '[' -d /builddir/build/BUILDROOT/worker-utils-1.0-1.x86_64/usr/share/mime ']'
++ getconf _NPROCESSORS_ONLN
+ RPM_XARGS_PFLAG=-P4
+ find /builddir/build/BUILDROOT/worker-utils-1.0-1.x86_64 -name '*.so.avx512' -print0
+ xargs -0rtn1 -P4 python /usr/share/clr-avx-tools/avxjudge.py -q -5
+ find /builddir/build/BUILDROOT/worker-utils-1.0-1.x86_64/usr/lib64/haswell/avx512_1 -name '*.so*' -print0
find: ‘/builddir/build/BUILDROOT/worker-utils-1.0-1.x86_64/usr/lib64/haswell/avx512_1’: No such file or directory
+ find /builddir/build/BUILDROOT/worker-utils-1.0-1.x86_64 -name '*.so.avx2' -print0
+ xargs -0rtn1 -P4 python /usr/share/clr-avx-tools/avxjudge.py -q -2
+ find /builddir/build/BUILDROOT/worker-utils-1.0-1.x86_64/usr/lib64/haswell '!' -path '/usr/lib64/haswell/avx512_1/*' -name '*.so*' -print0
find: ‘/builddir/build/BUILDROOT/worker-utils-1.0-1.x86_64/usr/lib64/haswell’: No such file or directory
+ find /builddir/build/BUILDROOT/worker-utils-1.0-1.x86_64/usr/lib64/ -maxdepth 1 -name '*.so*' -type f -print0
+ xargs -0rtn1 -P4 /usr/lib/rpm/clr/brp-create-abi
+ sort -u
find: ‘/builddir/build/BUILDROOT/worker-utils-1.0-1.x86_64/usr/lib64/’: No such file or directory
+ /usr/lib/rpm/find-debuginfo.sh --strict-build-id /builddir/build/BUILD/worker-utils-1.0
find: ‘debug’: No such file or directory
+ '[' -d /builddir/build/BUILDROOT/worker-utils-1.0-1.x86_64/usr/lib/debug ']'
+ :
+ '[' -d /builddir/build/BUILDROOT/worker-utils-1.0-1.x86_64/usr/lib/debug ']'
+ :
+ '[' -d /builddir/build/BUILDROOT/worker-utils-1.0-1.x86_64/usr/src/debug ']'
+ :
+ '[' -d /builddir/build/BUILDROOT/worker-utils-1.0-1.x86_64/usr/lib/debug.force ']'
+ :
+ '[' -d /builddir/build/BUILDROOT/worker-utils-1.0-1.x86_64/usr/src/debug.force ']'
+ :
+ /usr/lib/rpm/check-buildroot
+ /usr/lib/rpm/clr/brp-strip-static-archive /usr/bin/strip
+ /usr/lib/rpm/clr/brp-strip-comment-note /usr/bin/strip /usr/bin/objdump
+ /usr/lib/rpm/clr/brp-python-bytecompile
+ find /builddir/build/BUILDROOT/worker-utils-1.0-1.x86_64 -print0
+ xargs -0 touch -h -d @1568187768
+ /usr/lib/rpm/clr/brp-java-repack-jars
Processing files: worker-utils-1.0-1.x86_64
Processing files: worker-utils-debuginfo-1.0-1.x86_64
warning: Empty %files file /builddir/build/BUILD/worker-utils-1.0/debugfiles.list
warning: Empty %files file /builddir/build/BUILD/worker-utils-1.0/abifiles.list
Processing files: worker-utils-abi-1.0-1.x86_64
Checking for unpackaged file(s): /usr/lib/rpm/check-files /builddir/build/BUILDROOT/worker-utils-1.0-1.x86_64
error: Installed (but unpackaged) file(s) found:
   /usr/bin/affine-interrupts.sh
   /usr/bin/ps-sched.sh
   /usr/bin/set-cpu-wakeup-latency.sh
   /usr/bin/topology
   /usr/bin/topology.py
   /usr/lib/systemd/system/affine-platform.sh.service
   /usr/lib/systemd/system/affine-tasks.service
   /usr/local/etc/goenabled.d/worker-goenabled.sh
   /usr/local/etc/init.d/affine-platform.sh
   /usr/local/etc/init.d/affine-tasks.sh
   /usr/local/etc/init.d/cpumap_functions.sh
   /usr/local/etc/init.d/task_affinity_functions.sh
   /usr/local/etc/platform/worker_reserved.conf
    Empty %files file /builddir/build/BUILD/worker-utils-1.0/debugfiles.list
    Empty %files file /builddir/build/BUILD/worker-utils-1.0/abifiles.list
    Installed (but unpackaged) file(s) found:
   /usr/bin/affine-interrupts.sh
   /usr/bin/ps-sched.sh
   /usr/bin/set-cpu-wakeup-latency.sh
   /usr/bin/topology
   /usr/bin/topology.py
   /usr/lib/systemd/system/affine-platform.sh.service
   /usr/lib/systemd/system/affine-tasks.service
   /usr/local/etc/goenabled.d/worker-goenabled.sh
   /usr/local/etc/init.d/affine-platform.sh
   /usr/local/etc/init.d/affine-tasks.sh
   /usr/local/etc/init.d/cpumap_functions.sh
   /usr/local/etc/init.d/task_affinity_functions.sh
   /usr/local/etc/platform/worker_reserved.conf
RPM build errors:
Child return code was: 1
EXCEPTION: Command failed. See logs for output.
 # bash --login -c /usr/bin/rpmbuild -bb --target x86_64 --nodeps  /builddir/build/SPECS/worker-utils.spec 
Traceback (most recent call last):
  File "/usr/lib/python3.7/site-packages/mockbuild/trace_decorator.py", line 84, in trace
    result = func(*args, **kw)
  File "/usr/lib/python3.7/site-packages/mockbuild/util.py", line 531, in do
    raise exception.Error("Command failed. See logs for output.\n # %s" % (command,), child.returncode)
mockbuild.exception.Error: Command failed. See logs for output.
 # bash --login -c /usr/bin/rpmbuild -bb --target x86_64 --nodeps  /builddir/build/SPECS/worker-utils.spec 
LEAVE do --> EXCEPTION RAISED

