Mock Version: 1.2.14
ENTER do(['bash', '--login', '-c', '/usr/bin/rpmbuild -bs --target x86_64 --nodeps /builddir/build/SPECS/etcd.spec'], chrootPath='/var/lib/mock/clear-etcd/root'env={'TERM': 'vt100', 'SHELL': '/bin/bash', 'HOME': '/builddir', 'HOSTNAME': 'mock', 'PATH': '/usr/bin:/bin:/usr/sbin:/sbin', 'LANG': 'en_US.UTF-8', 'CCACHE_DIR': '/var/tmp/ccache', 'CCACHE_UMASK': '002'}shell=Falselogger=<mockbuild.trace_decorator.getLog object at 0x7f91f0216150>timeout=0uid=1000gid=1000user='mockbuild'printOutput=False)
Executing command: ['bash', '--login', '-c', '/usr/bin/rpmbuild -bs --target x86_64 --nodeps /builddir/build/SPECS/etcd.spec'] with env {'TERM': 'vt100', 'SHELL': '/bin/bash', 'HOME': '/builddir', 'HOSTNAME': 'mock', 'PATH': '/usr/bin:/bin:/usr/sbin:/sbin', 'LANG': 'en_US.UTF-8', 'CCACHE_DIR': '/var/tmp/ccache', 'CCACHE_UMASK': '002'} and shell False
Building target platforms: x86_64
Building for target x86_64
Wrote: /builddir/build/SRPMS/etcd-3.2.24-2.src.rpm
Child return code was: 0
LEAVE do --> 

ENTER do(['bash', '--login', '-c', '/usr/bin/rpmbuild -bb --target x86_64 --nodeps  /builddir/build/SPECS/etcd.spec '], chrootPath='/var/lib/mock/clear-etcd/root'env={'TERM': 'vt100', 'SHELL': '/bin/bash', 'HOME': '/builddir', 'HOSTNAME': 'mock', 'PATH': '/usr/bin:/bin:/usr/sbin:/sbin', 'LANG': 'en_US.UTF-8', 'CCACHE_DIR': '/var/tmp/ccache', 'CCACHE_UMASK': '002'}shell=Falselogger=<mockbuild.trace_decorator.getLog object at 0x7f91f0216150>timeout=0uid=1000gid=1000user='mockbuild'private_network=TrueprintOutput=False)
Executing command: ['bash', '--login', '-c', '/usr/bin/rpmbuild -bb --target x86_64 --nodeps  /builddir/build/SPECS/etcd.spec '] with env {'TERM': 'vt100', 'SHELL': '/bin/bash', 'HOME': '/builddir', 'HOSTNAME': 'mock', 'PATH': '/usr/bin:/bin:/usr/sbin:/sbin', 'LANG': 'en_US.UTF-8', 'CCACHE_DIR': '/var/tmp/ccache', 'CCACHE_UMASK': '002'} and shell False
Building target platforms: x86_64
Building for target x86_64
Executing(%prep): /bin/sh -e /var/tmp/rpm-tmp.xwvwZX
+ umask 022
+ cd /builddir/build/BUILD
+ LANG=en_US.UTF-8
+ export LANG
+ unset DISPLAY
+ cd /builddir/build/BUILD
+ rm -rf etcd-v3.2.24
+ /usr/bin/gzip -dc /builddir/build/SOURCES/etcd-v3.2.24.tar.gz
+ /usr/bin/tar -xf -
+ STATUS=0
+ '[' 0 -ne 0 ']'
+ cd etcd-v3.2.24
+ /usr/bin/chmod -Rf a+rX,u+w,g-w,o-w .
+ cd ..
+ cd /builddir/build/BUILD
+ /usr/bin/tar -xf -
+ /usr/bin/gzip -dc /builddir/build/SOURCES/etcd.tar.gz
+ STATUS=0
+ '[' 0 -ne 0 ']'
+ cd etcd-v3.2.24
+ /usr/bin/chmod -Rf a+rX,u+w,g-w,o-w .
+ echo 'Patch #1 (bz1350875-disaster-recovery-with-copies.patch):'
Patch #1 (bz1350875-disaster-recovery-with-copies.patch):
+ /usr/bin/patch -p1 --fuzz=2
+ /usr/bin/cat /builddir/build/SOURCES/bz1350875-disaster-recovery-with-copies.patch
patching file etcdctl/ctlv2/command/backup_command.go
Patch #2 (expand-etcd-arch-validation.patch):
+ echo 'Patch #2 (expand-etcd-arch-validation.patch):'
+ /usr/bin/cat /builddir/build/SOURCES/expand-etcd-arch-validation.patch
+ /usr/bin/patch -p1 --fuzz=2
patching file etcdmain/etcd.go
Hunk #1 succeeded at 407 (offset 11 lines).
+ exit 0
Executing(%build): /bin/sh -e /var/tmp/rpm-tmp.2Tlh5X
+ umask 022
+ cd /builddir/build/BUILD
+ cd etcd-v3.2.24
+ LANG=en_US.UTF-8
+ export LANG
+ unset DISPLAY
+ unset PYTHONOPTIMIZE
+ CFLAGS='-O2 -g -feliminate-unused-debug-types -pipe -Wall -Wp,-D_FORTIFY_SOURCE=2 -fexceptions -fstack-protector --param=ssp-buffer-size=32 -Wformat -Wformat-security -Wl,-z,now,-z,relro,-z,max-page-size=0x1000,-z,separate-code -Wno-error -ftree-vectorize -ftree-slp-vectorize -Wl,--enable-new-dtags -fcf-protection=return -m64 -march=westmere -mtune=haswell -fasynchronous-unwind-tables -fno-omit-frame-pointer -Wp,-D_REENTRANT'
+ export CFLAGS
+ http_proxy=http://127.0.0.1:9/
+ export http_proxy
+ https_proxy=http://127.0.0.1:9/
+ export https_proxy
+ ftp_proxy=http://127.0.0.1:9/
+ export ftp_proxy
+ no_proxy=localhost,127.0.0.1,0.0.0.0
+ export no_proxy
+ CXXFLAGS='-O2 -g -feliminate-unused-debug-types -pipe -Wall -Wp,-D_FORTIFY_SOURCE=2 -fexceptions -fstack-protector --param=ssp-buffer-size=32 -Wformat -Wformat-security -Wl,-z,now,-z,relro,-z,max-page-size=0x1000,-z,separate-code -Wno-error -ftree-vectorize -ftree-slp-vectorize -Wl,--enable-new-dtags -fcf-protection=return -m64 -march=westmere -mtune=haswell -fasynchronous-unwind-tables -fno-omit-frame-pointer -Wp,-D_REENTRANT'
+ export CXXFLAGS
+ FFLAGS='-g -O3 -feliminate-unused-debug-types  -pipe -Wall -Wp,-D_FORTIFY_SOURCE=2 -fexceptions -fstack-protector --param=ssp-buffer-size=32 -m64 -fasynchronous-unwind-tables -Wp,-D_REENTRANT -ftree-loop-distribute-patterns -Wl,-z -Wl,now -Wl,-z -Wl,relro -malign-data=abi -fno-semantic-interposition -ftree-vectorize  -ftree-loop-vectorize -Wl,--enable-new-dtags '
+ export FFLAGS
+ LD_AS_NEEDED=1
+ export LD_AS_NEEDED
+ PKG_CONFIG_LIBDIR=/usr/lib64/pkgconfig
+ export PKG_CONFIG_LIBDIR
+ PATH=/usr/lib64/ccache/bin:/usr/local/bin:/usr/bin
+ export PATH
+ mkdir -p src/
++ pwd
+ mv cmd/vendor/github.com cmd/vendor/golang.org cmd/vendor/google.golang.org cmd/vendor/gopkg.in cmd/vendor/go.uber.org /builddir/build/BUILD/etcd-v3.2.24/src
+ rm -rf src/github.com/coreos/etcd
+ ln -s ../../../ src/github.com/coreos/etcd
++ pwd
+ export GOPATH=/builddir/build/BUILD/etcd-v3.2.24
+ GOPATH=/builddir/build/BUILD/etcd-v3.2.24
+ go build -o bin/etcdctl github.com/coreos/etcd/etcdctl
+ export http_proxy=http://127.0.0.1:9/
+ http_proxy=http://127.0.0.1:9/
+ export https_proxy=http://127.0.0.1:9/
+ https_proxy=http://127.0.0.1:9/
+ export no_proxy=localhost,127.0.0.1,0.0.0.0
+ no_proxy=localhost,127.0.0.1,0.0.0.0
+ export LANG=C.UTF-8
+ LANG=C.UTF-8
+ export GOPATH=/builddir/build/BUILD/etcd-v3.2.24
+ GOPATH=/builddir/build/BUILD/etcd-v3.2.24
+ go build -o bin/etcd github.com/coreos/etcd
+ exit 0
Executing(%install): /bin/sh -e /var/tmp/rpm-tmp.ZQEexY
+ umask 022
+ cd /builddir/build/BUILD
+ cd etcd-v3.2.24
+ LANG=en_US.UTF-8
+ export LANG
+ unset DISPLAY
+ unset PYTHONOPTIMIZE
+ rm -rf /builddir/build/BUILDROOT/etcd-3.2.24-2.x86_64
+ mkdir -p /builddir/build/BUILDROOT/etcd-3.2.24-2.x86_64
+ rm -rf /builddir/build/BUILDROOT/etcd-3.2.24-2.x86_64
+ mkdir -p /builddir/build/BUILDROOT/etcd-3.2.24-2.x86_64/usr/lib/systemd/system
+ install -m 0644 /builddir/build/SOURCES/etcd.service /builddir/build/BUILDROOT/etcd-3.2.24-2.x86_64/usr/lib/systemd/system/etcd.service
+ install -D -p -m 0755 bin/etcd /builddir/build/BUILDROOT/etcd-3.2.24-2.x86_64/usr/bin/etcd
+ install -D -p -m 0755 bin/etcdctl /builddir/build/BUILDROOT/etcd-3.2.24-2.x86_64/usr/bin/etcdctl
+ install -d -m 0755 /builddir/build/BUILDROOT/etcd-3.2.24-2.x86_64/usr/local/etc/etcd
+ tar -xzvf /builddir/build/SOURCES/etcd.tar.gz
etcd.conf
+ install -m 644 -t /builddir/build/BUILDROOT/etcd-3.2.24-2.x86_64/usr/local/etc/etcd etcd.conf
+ install -d -m 0755 /builddir/build/BUILDROOT/etcd-3.2.24-2.x86_64/usr/com/etcd
+ rm -f /builddir/build/BUILDROOT/etcd-3.2.24-2.x86_64/usr/share/info/dir
++ find /builddir/build/BUILDROOT/etcd-3.2.24-2.x86_64 -path 'etc/*' '!' -type d
+ test -z ''
+ rm -rf '/builddir/build/BUILDROOT/etcd-3.2.24-2.x86_64/etc/*'
+ rm -rf '/builddir/build/BUILDROOT/etcd-3.2.24-2.x86_64/usr/share/factory/*'
+ find /builddir/build/BUILDROOT/etcd-3.2.24-2.x86_64 -name __pycache__
+ xargs rm -rf --
+ '[' -d /builddir/build/BUILDROOT/etcd-3.2.24-2.x86_64/usr/share/mime ']'
++ getconf _NPROCESSORS_ONLN
+ RPM_XARGS_PFLAG=-P4
+ find /builddir/build/BUILDROOT/etcd-3.2.24-2.x86_64 -name '*.so.avx512' -print0
+ xargs -0rtn1 -P4 python /usr/share/clr-avx-tools/avxjudge.py -q -5
+ find /builddir/build/BUILDROOT/etcd-3.2.24-2.x86_64/usr/lib64/haswell/avx512_1 -name '*.so*' -print0
find: ‘/builddir/build/BUILDROOT/etcd-3.2.24-2.x86_64/usr/lib64/haswell/avx512_1’: No such file or directory
+ find /builddir/build/BUILDROOT/etcd-3.2.24-2.x86_64 -name '*.so.avx2' -print0
+ xargs -0rtn1 -P4 python /usr/share/clr-avx-tools/avxjudge.py -q -2
+ find /builddir/build/BUILDROOT/etcd-3.2.24-2.x86_64/usr/lib64/haswell '!' -path '/usr/lib64/haswell/avx512_1/*' -name '*.so*' -print0
find: ‘/builddir/build/BUILDROOT/etcd-3.2.24-2.x86_64/usr/lib64/haswell’: No such file or directory
+ find /builddir/build/BUILDROOT/etcd-3.2.24-2.x86_64/usr/lib64/ -maxdepth 1 -name '*.so*' -type f -print0
+ xargs -0rtn1 -P4 /usr/lib/rpm/clr/brp-create-abi
+ sort -u
find: ‘/builddir/build/BUILDROOT/etcd-3.2.24-2.x86_64/usr/lib64/’: No such file or directory
+ /usr/lib/rpm/find-debuginfo.sh --strict-build-id /builddir/build/BUILD/etcd-v3.2.24
extracting debug info from /builddir/build/BUILDROOT/etcd-3.2.24-2.x86_64/usr/bin/etcd
extracting debug info from /builddir/build/BUILDROOT/etcd-3.2.24-2.x86_64/usr/bin/etcdctl
*** ERROR: No build ID note found in /builddir/build/BUILDROOT/etcd-3.2.24-2.x86_64/usr/bin/etcdctl
+ '[' -d /builddir/build/BUILDROOT/etcd-3.2.24-2.x86_64/usr/lib/debug ']'
+ mkdir -p /builddir/build/BUILDROOT/etcd-3.2.24-2.x86_64/usr/share
+ '[' -d /builddir/build/BUILDROOT/etcd-3.2.24-2.x86_64/usr/lib/debug ']'
+ mv /builddir/build/BUILDROOT/etcd-3.2.24-2.x86_64/usr/lib/debug /builddir/build/BUILDROOT/etcd-3.2.24-2.x86_64/usr/share
+ '[' -d /builddir/build/BUILDROOT/etcd-3.2.24-2.x86_64/usr/src/debug ']'
+ :
+ '[' -d /builddir/build/BUILDROOT/etcd-3.2.24-2.x86_64/usr/lib/debug.force ']'
+ :
+ '[' -d /builddir/build/BUILDROOT/etcd-3.2.24-2.x86_64/usr/src/debug.force ']'
+ :
+ /usr/lib/rpm/check-buildroot
+ /usr/lib/rpm/clr/brp-strip-static-archive /usr/bin/strip
+ /usr/lib/rpm/clr/brp-strip-comment-note /usr/bin/strip /usr/bin/objdump
+ /usr/lib/rpm/clr/brp-python-bytecompile
+ find /builddir/build/BUILDROOT/etcd-3.2.24-2.x86_64 -print0
+ xargs -0 touch -h -d '@1549052798 '
+ /usr/lib/rpm/clr/brp-java-repack-jars
Processing files: etcd-3.2.24-2.x86_64
Provides: etcd = 3.2.24-2 etcd(x86-64) = 3.2.24-2
Requires(rpmlib): rpmlib(CompressedFileNames) <= 3.0.4-1 rpmlib(PayloadFilesHavePrefix) <= 4.0-1
Processing files: etcd-bin-3.2.24-2.x86_64
Provides: etcd-bin = 3.2.24-2 etcd-bin(x86-64) = 3.2.24-2
Requires(rpmlib): rpmlib(CompressedFileNames) <= 3.0.4-1 rpmlib(PayloadFilesHavePrefix) <= 4.0-1
Requires: libc.so.6()(64bit) libc.so.6(GLIBC_2.2.5)(64bit) libdl.so.2()(64bit) libdl.so.2(GLIBC_2.2.5)(64bit) libpthread.so.0()(64bit) libpthread.so.0(GLIBC_2.2.5)(64bit) libpthread.so.0(GLIBC_2.3.2)(64bit)
Processing files: etcd-services-3.2.24-2.x86_64
Provides: etcd-services = 3.2.24-2 etcd-services(x86-64) = 3.2.24-2
Requires(rpmlib): rpmlib(CompressedFileNames) <= 3.0.4-1 rpmlib(PayloadFilesHavePrefix) <= 4.0-1
Processing files: etcd-debuginfo-3.2.24-2.x86_64
Processing files: etcd-abi-3.2.24-2.x86_64
Checking for unpackaged file(s): /usr/lib/rpm/check-files /builddir/build/BUILDROOT/etcd-3.2.24-2.x86_64
warning: Empty %files file /builddir/build/BUILD/etcd-v3.2.24/abifiles.list
Wrote: /builddir/build/RPMS/etcd-3.2.24-2.x86_64.rpm
Wrote: /builddir/build/RPMS/etcd-bin-3.2.24-2.x86_64.rpm
Wrote: /builddir/build/RPMS/etcd-services-3.2.24-2.x86_64.rpm
Wrote: /builddir/build/RPMS/etcd-debuginfo-3.2.24-2.x86_64.rpm
Wrote: /builddir/build/RPMS/etcd-abi-3.2.24-2.x86_64.rpm
Executing(%clean): /bin/sh -e /var/tmp/rpm-tmp.ljpX2V
+ umask 022
+ cd /builddir/build/BUILD
+ cd etcd-v3.2.24
+ /usr/bin/rm -rf /builddir/build/BUILDROOT/etcd-3.2.24-2.x86_64
+ exit 0
Child return code was: 0
LEAVE do --> 

