Mock Version: 1.2.14
ENTER do(['bash', '--login', '-c', '/usr/bin/rpmbuild -bs --target x86_64 --nodeps /builddir/build/SPECS/python-fmclient.spec'], chrootPath='/var/lib/mock/clear-python-fmclient/root'env={'TERM': 'vt100', 'SHELL': '/bin/bash', 'HOME': '/builddir', 'HOSTNAME': 'mock', 'PATH': '/usr/bin:/bin:/usr/sbin:/sbin', 'LANG': 'en_US.UTF-8', 'CCACHE_DIR': '/var/tmp/ccache', 'CCACHE_UMASK': '002'}shell=Falselogger=<mockbuild.trace_decorator.getLog object at 0x7fb9200a4dd0>timeout=0uid=1000gid=1000user='mockbuild'printOutput=False)
Executing command: ['bash', '--login', '-c', '/usr/bin/rpmbuild -bs --target x86_64 --nodeps /builddir/build/SPECS/python-fmclient.spec'] with env {'TERM': 'vt100', 'SHELL': '/bin/bash', 'HOME': '/builddir', 'HOSTNAME': 'mock', 'PATH': '/usr/bin:/bin:/usr/sbin:/sbin', 'LANG': 'en_US.UTF-8', 'CCACHE_DIR': '/var/tmp/ccache', 'CCACHE_UMASK': '002'} and shell False
Building target platforms: x86_64
Building for target x86_64
Wrote: /builddir/build/SRPMS/python-fmclient-1.0-5.src.rpm
Child return code was: 0
LEAVE do --> 

ENTER do(['bash', '--login', '-c', '/usr/bin/rpmbuild -bb --target x86_64 --nodeps  /builddir/build/SPECS/python-fmclient.spec '], chrootPath='/var/lib/mock/clear-python-fmclient/root'env={'TERM': 'vt100', 'SHELL': '/bin/bash', 'HOME': '/builddir', 'HOSTNAME': 'mock', 'PATH': '/usr/bin:/bin:/usr/sbin:/sbin', 'LANG': 'en_US.UTF-8', 'CCACHE_DIR': '/var/tmp/ccache', 'CCACHE_UMASK': '002'}shell=Falselogger=<mockbuild.trace_decorator.getLog object at 0x7fb9200a4dd0>timeout=0uid=1000gid=1000user='mockbuild'private_network=TrueprintOutput=False)
Executing command: ['bash', '--login', '-c', '/usr/bin/rpmbuild -bb --target x86_64 --nodeps  /builddir/build/SPECS/python-fmclient.spec '] with env {'TERM': 'vt100', 'SHELL': '/bin/bash', 'HOME': '/builddir', 'HOSTNAME': 'mock', 'PATH': '/usr/bin:/bin:/usr/sbin:/sbin', 'LANG': 'en_US.UTF-8', 'CCACHE_DIR': '/var/tmp/ccache', 'CCACHE_UMASK': '002'} and shell False
Building target platforms: x86_64
Building for target x86_64
Executing(%prep): /bin/sh -e /var/tmp/rpm-tmp.Uh6kPv
+ umask 022
+ cd /builddir/build/BUILD
+ LANG=en_US.UTF-8
+ export LANG
+ unset DISPLAY
+ cd /builddir/build/BUILD
+ rm -rf python-fmclient-1.0
+ /usr/bin/gzip -dc /builddir/build/SOURCES/python-fmclient-1.0.tar.gz
+ /usr/bin/tar -xf -
+ STATUS=0
+ '[' 0 -ne 0 ']'
+ cd python-fmclient-1.0
+ /usr/bin/chmod -Rf a+rX,u+w,g-w,o-w .
+ exit 0
Executing(%build): /bin/sh -e /var/tmp/rpm-tmp.rG51uw
+ umask 022
+ cd /builddir/build/BUILD
+ cd python-fmclient-1.0
+ LANG=en_US.UTF-8
+ export LANG
+ unset DISPLAY
+ unset PYTHONOPTIMIZE
+ CFLAGS='-O2 -g -feliminate-unused-debug-types -pipe -Wall -Wp,-D_FORTIFY_SOURCE=2 -fexceptions -fstack-protector --param=ssp-buffer-size=32 -Wformat -Wformat-security -Wl,-z,now,-z,relro,-z,max-page-size=0x1000,-z,separate-code -Wno-error -ftree-vectorize -ftree-slp-vectorize -Wl,--enable-new-dtags -fcf-protection=return -m64 -march=westmere -mtune=haswell -fasynchronous-unwind-tables -fno-omit-frame-pointer -Wp,-D_REENTRANT'
+ export CFLAGS
+ http_proxy=http://127.0.0.1:9/
+ export http_proxy
+ https_proxy=http://127.0.0.1:9/
+ export https_proxy
+ ftp_proxy=http://127.0.0.1:9/
+ export ftp_proxy
+ no_proxy=localhost,127.0.0.1,0.0.0.0
+ export no_proxy
+ CXXFLAGS='-O2 -g -feliminate-unused-debug-types -pipe -Wall -Wp,-D_FORTIFY_SOURCE=2 -fexceptions -fstack-protector --param=ssp-buffer-size=32 -Wformat -Wformat-security -Wl,-z,now,-z,relro,-z,max-page-size=0x1000,-z,separate-code -Wno-error -ftree-vectorize -ftree-slp-vectorize -Wl,--enable-new-dtags -fcf-protection=return -m64 -march=westmere -mtune=haswell -fasynchronous-unwind-tables -fno-omit-frame-pointer -Wp,-D_REENTRANT'
+ export CXXFLAGS
+ FFLAGS='-g -O3 -feliminate-unused-debug-types  -pipe -Wall -Wp,-D_FORTIFY_SOURCE=2 -fexceptions -fstack-protector --param=ssp-buffer-size=32 -m64 -fasynchronous-unwind-tables -Wp,-D_REENTRANT -ftree-loop-distribute-patterns -Wl,-z -Wl,now -Wl,-z -Wl,relro -malign-data=abi -fno-semantic-interposition -ftree-vectorize  -ftree-loop-vectorize -Wl,--enable-new-dtags '
+ export FFLAGS
+ LD_AS_NEEDED=1
+ export LD_AS_NEEDED
+ PKG_CONFIG_LIBDIR=/usr/lib64/pkgconfig
+ export PKG_CONFIG_LIBDIR
+ PATH=/usr/lib64/ccache/bin:/usr/local/bin:/usr/bin
+ export PATH
+ export PBR_VERSION=1.0
+ PBR_VERSION=1.0
+ export http_proxy=http://127.0.0.1:9/
+ http_proxy=http://127.0.0.1:9/
+ export https_proxy=http://127.0.0.1:9/
+ https_proxy=http://127.0.0.1:9/
+ export no_proxy=localhost,127.0.0.1,0.0.0.0
+ no_proxy=localhost,127.0.0.1,0.0.0.0
+ export LANG=C.UTF-8
+ LANG=C.UTF-8
+ export SOURCE_DATE_EPOCH=1569314537
+ SOURCE_DATE_EPOCH=1569314537
+ export GCC_IGNORE_WERROR=1
+ GCC_IGNORE_WERROR=1
+ export AR=gcc-ar
+ AR=gcc-ar
+ export RANLIB=gcc-ranlib
+ RANLIB=gcc-ranlib
+ export NM=gcc-nm
+ NM=gcc-nm
+ export 'CFLAGS=-O2 -g -feliminate-unused-debug-types -pipe -Wall -Wp,-D_FORTIFY_SOURCE=2 -fexceptions -fstack-protector --param=ssp-buffer-size=32 -Wformat -Wformat-security -Wl,-z,now,-z,relro,-z,max-page-size=0x1000,-z,separate-code -Wno-error -ftree-vectorize -ftree-slp-vectorize -Wl,--enable-new-dtags -fcf-protection=return -m64 -march=westmere -mtune=haswell -fasynchronous-unwind-tables -fno-omit-frame-pointer -Wp,-D_REENTRANT -O3 -ffat-lto-objects -flto=4 '
+ CFLAGS='-O2 -g -feliminate-unused-debug-types -pipe -Wall -Wp,-D_FORTIFY_SOURCE=2 -fexceptions -fstack-protector --param=ssp-buffer-size=32 -Wformat -Wformat-security -Wl,-z,now,-z,relro,-z,max-page-size=0x1000,-z,separate-code -Wno-error -ftree-vectorize -ftree-slp-vectorize -Wl,--enable-new-dtags -fcf-protection=return -m64 -march=westmere -mtune=haswell -fasynchronous-unwind-tables -fno-omit-frame-pointer -Wp,-D_REENTRANT -O3 -ffat-lto-objects -flto=4 '
+ export 'FCFLAGS=-O2 -g -feliminate-unused-debug-types -pipe -Wall -Wp,-D_FORTIFY_SOURCE=2 -fexceptions -fstack-protector --param=ssp-buffer-size=32 -Wformat -Wformat-security -Wl,-z,now,-z,relro,-z,max-page-size=0x1000,-z,separate-code -Wno-error -ftree-vectorize -ftree-slp-vectorize -Wl,--enable-new-dtags -fcf-protection=return -m64 -march=westmere -mtune=haswell -fasynchronous-unwind-tables -fno-omit-frame-pointer -Wp,-D_REENTRANT -O3 -ffat-lto-objects -flto=4  -O3 -ffat-lto-objects -flto=4 '
+ FCFLAGS='-O2 -g -feliminate-unused-debug-types -pipe -Wall -Wp,-D_FORTIFY_SOURCE=2 -fexceptions -fstack-protector --param=ssp-buffer-size=32 -Wformat -Wformat-security -Wl,-z,now,-z,relro,-z,max-page-size=0x1000,-z,separate-code -Wno-error -ftree-vectorize -ftree-slp-vectorize -Wl,--enable-new-dtags -fcf-protection=return -m64 -march=westmere -mtune=haswell -fasynchronous-unwind-tables -fno-omit-frame-pointer -Wp,-D_REENTRANT -O3 -ffat-lto-objects -flto=4  -O3 -ffat-lto-objects -flto=4 '
+ export 'FFLAGS=-O2 -g -feliminate-unused-debug-types -pipe -Wall -Wp,-D_FORTIFY_SOURCE=2 -fexceptions -fstack-protector --param=ssp-buffer-size=32 -Wformat -Wformat-security -Wl,-z,now,-z,relro,-z,max-page-size=0x1000,-z,separate-code -Wno-error -ftree-vectorize -ftree-slp-vectorize -Wl,--enable-new-dtags -fcf-protection=return -m64 -march=westmere -mtune=haswell -fasynchronous-unwind-tables -fno-omit-frame-pointer -Wp,-D_REENTRANT -O3 -ffat-lto-objects -flto=4  -O3 -ffat-lto-objects -flto=4 '
+ FFLAGS='-O2 -g -feliminate-unused-debug-types -pipe -Wall -Wp,-D_FORTIFY_SOURCE=2 -fexceptions -fstack-protector --param=ssp-buffer-size=32 -Wformat -Wformat-security -Wl,-z,now,-z,relro,-z,max-page-size=0x1000,-z,separate-code -Wno-error -ftree-vectorize -ftree-slp-vectorize -Wl,--enable-new-dtags -fcf-protection=return -m64 -march=westmere -mtune=haswell -fasynchronous-unwind-tables -fno-omit-frame-pointer -Wp,-D_REENTRANT -O3 -ffat-lto-objects -flto=4  -O3 -ffat-lto-objects -flto=4 '
+ export 'CXXFLAGS=-O2 -g -feliminate-unused-debug-types -pipe -Wall -Wp,-D_FORTIFY_SOURCE=2 -fexceptions -fstack-protector --param=ssp-buffer-size=32 -Wformat -Wformat-security -Wl,-z,now,-z,relro,-z,max-page-size=0x1000,-z,separate-code -Wno-error -ftree-vectorize -ftree-slp-vectorize -Wl,--enable-new-dtags -fcf-protection=return -m64 -march=westmere -mtune=haswell -fasynchronous-unwind-tables -fno-omit-frame-pointer -Wp,-D_REENTRANT -O3 -ffat-lto-objects -flto=4 '
+ CXXFLAGS='-O2 -g -feliminate-unused-debug-types -pipe -Wall -Wp,-D_FORTIFY_SOURCE=2 -fexceptions -fstack-protector --param=ssp-buffer-size=32 -Wformat -Wformat-security -Wl,-z,now,-z,relro,-z,max-page-size=0x1000,-z,separate-code -Wno-error -ftree-vectorize -ftree-slp-vectorize -Wl,--enable-new-dtags -fcf-protection=return -m64 -march=westmere -mtune=haswell -fasynchronous-unwind-tables -fno-omit-frame-pointer -Wp,-D_REENTRANT -O3 -ffat-lto-objects -flto=4 '
+ export MAKEFLAGS=-j4
+ MAKEFLAGS=-j4
+ python3 setup.py build
running build
running build_py
creating build
creating build/lib
creating build/lib/fmclient
creating build/lib/fmclient/common
copying fmclient/common/cli_no_wrap.py -> build/lib/fmclient/common
copying fmclient/common/exceptions.py -> build/lib/fmclient/common
copying fmclient/common/http.py -> build/lib/fmclient/common
copying fmclient/common/i18n.py -> build/lib/fmclient/common
copying fmclient/common/options.py -> build/lib/fmclient/common
copying fmclient/common/__init__.py -> build/lib/fmclient/common
copying fmclient/common/utils.py -> build/lib/fmclient/common
copying fmclient/common/wrapping_formatters.py -> build/lib/fmclient/common
copying fmclient/common/base.py -> build/lib/fmclient/common
creating build/lib/fmclient/v1
copying fmclient/v1/event_suppression.py -> build/lib/fmclient/v1
copying fmclient/v1/alarm_shell.py -> build/lib/fmclient/v1
copying fmclient/v1/alarm.py -> build/lib/fmclient/v1
copying fmclient/v1/__init__.py -> build/lib/fmclient/v1
copying fmclient/v1/event_log.py -> build/lib/fmclient/v1
copying fmclient/v1/client.py -> build/lib/fmclient/v1
copying fmclient/v1/event_log_shell.py -> build/lib/fmclient/v1
copying fmclient/v1/event_suppression_shell.py -> build/lib/fmclient/v1
copying fmclient/v1/shell.py -> build/lib/fmclient/v1
copying fmclient/__init__.py -> build/lib/fmclient
copying fmclient/client.py -> build/lib/fmclient
copying fmclient/exc.py -> build/lib/fmclient
copying fmclient/shell.py -> build/lib/fmclient
running egg_info
creating fmclient.egg-info
writing fmclient.egg-info/PKG-INFO
writing dependency_links to fmclient.egg-info/dependency_links.txt
writing entry points to fmclient.egg-info/entry_points.txt
writing top-level names to fmclient.egg-info/top_level.txt
[pbr] Processing SOURCES.txt
writing manifest file 'fmclient.egg-info/SOURCES.txt'
warning: no files found matching 'AUTHORS'
warning: no files found matching 'ChangeLog'
warning: no previously-included files found matching '.gitignore'
warning: no previously-included files found matching '.gitreview'
warning: no previously-included files matching '*.pyc' found anywhere in distribution
writing manifest file 'fmclient.egg-info/SOURCES.txt'
+ exit 0
Executing(%install): /bin/sh -e /var/tmp/rpm-tmp.aiLN1y
+ umask 022
+ cd /builddir/build/BUILD
+ cd python-fmclient-1.0
+ LANG=en_US.UTF-8
+ export LANG
+ unset DISPLAY
+ unset PYTHONOPTIMIZE
+ rm -rf /builddir/build/BUILDROOT/python-fmclient-1.0-5.x86_64
+ mkdir -p /builddir/build/BUILDROOT/python-fmclient-1.0-5.x86_64
+ export MAKEFLAGS=-j4
+ MAKEFLAGS=-j4
+ rm -rf /builddir/build/BUILDROOT/python-fmclient-1.0-5.x86_64
+ export PBR_VERSION=1.0
+ PBR_VERSION=1.0
+ python3 -tt setup.py build install --root=/builddir/build/BUILDROOT/python-fmclient-1.0-5.x86_64
running build
running build_py
running egg_info
writing fmclient.egg-info/PKG-INFO
writing dependency_links to fmclient.egg-info/dependency_links.txt
writing entry points to fmclient.egg-info/entry_points.txt
writing top-level names to fmclient.egg-info/top_level.txt
[pbr] Reusing existing SOURCES.txt
running install
[pbr] Generating AUTHORS
[pbr] AUTHORS complete (0.0s)
running install_lib
creating /builddir/build/BUILDROOT/python-fmclient-1.0-5.x86_64
creating /builddir/build/BUILDROOT/python-fmclient-1.0-5.x86_64/usr
creating /builddir/build/BUILDROOT/python-fmclient-1.0-5.x86_64/usr/lib
creating /builddir/build/BUILDROOT/python-fmclient-1.0-5.x86_64/usr/lib/python3.7
creating /builddir/build/BUILDROOT/python-fmclient-1.0-5.x86_64/usr/lib/python3.7/site-packages
creating /builddir/build/BUILDROOT/python-fmclient-1.0-5.x86_64/usr/lib/python3.7/site-packages/fmclient
creating /builddir/build/BUILDROOT/python-fmclient-1.0-5.x86_64/usr/lib/python3.7/site-packages/fmclient/v1
copying build/lib/fmclient/v1/event_suppression.py -> /builddir/build/BUILDROOT/python-fmclient-1.0-5.x86_64/usr/lib/python3.7/site-packages/fmclient/v1
copying build/lib/fmclient/v1/alarm_shell.py -> /builddir/build/BUILDROOT/python-fmclient-1.0-5.x86_64/usr/lib/python3.7/site-packages/fmclient/v1
copying build/lib/fmclient/v1/alarm.py -> /builddir/build/BUILDROOT/python-fmclient-1.0-5.x86_64/usr/lib/python3.7/site-packages/fmclient/v1
copying build/lib/fmclient/v1/__init__.py -> /builddir/build/BUILDROOT/python-fmclient-1.0-5.x86_64/usr/lib/python3.7/site-packages/fmclient/v1
copying build/lib/fmclient/v1/event_log.py -> /builddir/build/BUILDROOT/python-fmclient-1.0-5.x86_64/usr/lib/python3.7/site-packages/fmclient/v1
copying build/lib/fmclient/v1/client.py -> /builddir/build/BUILDROOT/python-fmclient-1.0-5.x86_64/usr/lib/python3.7/site-packages/fmclient/v1
copying build/lib/fmclient/v1/event_log_shell.py -> /builddir/build/BUILDROOT/python-fmclient-1.0-5.x86_64/usr/lib/python3.7/site-packages/fmclient/v1
copying build/lib/fmclient/v1/event_suppression_shell.py -> /builddir/build/BUILDROOT/python-fmclient-1.0-5.x86_64/usr/lib/python3.7/site-packages/fmclient/v1
copying build/lib/fmclient/v1/shell.py -> /builddir/build/BUILDROOT/python-fmclient-1.0-5.x86_64/usr/lib/python3.7/site-packages/fmclient/v1
copying build/lib/fmclient/__init__.py -> /builddir/build/BUILDROOT/python-fmclient-1.0-5.x86_64/usr/lib/python3.7/site-packages/fmclient
copying build/lib/fmclient/client.py -> /builddir/build/BUILDROOT/python-fmclient-1.0-5.x86_64/usr/lib/python3.7/site-packages/fmclient
copying build/lib/fmclient/exc.py -> /builddir/build/BUILDROOT/python-fmclient-1.0-5.x86_64/usr/lib/python3.7/site-packages/fmclient
creating /builddir/build/BUILDROOT/python-fmclient-1.0-5.x86_64/usr/lib/python3.7/site-packages/fmclient/common
copying build/lib/fmclient/common/cli_no_wrap.py -> /builddir/build/BUILDROOT/python-fmclient-1.0-5.x86_64/usr/lib/python3.7/site-packages/fmclient/common
copying build/lib/fmclient/common/exceptions.py -> /builddir/build/BUILDROOT/python-fmclient-1.0-5.x86_64/usr/lib/python3.7/site-packages/fmclient/common
copying build/lib/fmclient/common/http.py -> /builddir/build/BUILDROOT/python-fmclient-1.0-5.x86_64/usr/lib/python3.7/site-packages/fmclient/common
copying build/lib/fmclient/common/i18n.py -> /builddir/build/BUILDROOT/python-fmclient-1.0-5.x86_64/usr/lib/python3.7/site-packages/fmclient/common
copying build/lib/fmclient/common/options.py -> /builddir/build/BUILDROOT/python-fmclient-1.0-5.x86_64/usr/lib/python3.7/site-packages/fmclient/common
copying build/lib/fmclient/common/__init__.py -> /builddir/build/BUILDROOT/python-fmclient-1.0-5.x86_64/usr/lib/python3.7/site-packages/fmclient/common
copying build/lib/fmclient/common/utils.py -> /builddir/build/BUILDROOT/python-fmclient-1.0-5.x86_64/usr/lib/python3.7/site-packages/fmclient/common
copying build/lib/fmclient/common/wrapping_formatters.py -> /builddir/build/BUILDROOT/python-fmclient-1.0-5.x86_64/usr/lib/python3.7/site-packages/fmclient/common
copying build/lib/fmclient/common/base.py -> /builddir/build/BUILDROOT/python-fmclient-1.0-5.x86_64/usr/lib/python3.7/site-packages/fmclient/common
copying build/lib/fmclient/shell.py -> /builddir/build/BUILDROOT/python-fmclient-1.0-5.x86_64/usr/lib/python3.7/site-packages/fmclient
byte-compiling /builddir/build/BUILDROOT/python-fmclient-1.0-5.x86_64/usr/lib/python3.7/site-packages/fmclient/v1/event_suppression.py to event_suppression.cpython-37.pyc
byte-compiling /builddir/build/BUILDROOT/python-fmclient-1.0-5.x86_64/usr/lib/python3.7/site-packages/fmclient/v1/alarm_shell.py to alarm_shell.cpython-37.pyc
byte-compiling /builddir/build/BUILDROOT/python-fmclient-1.0-5.x86_64/usr/lib/python3.7/site-packages/fmclient/v1/alarm.py to alarm.cpython-37.pyc
byte-compiling /builddir/build/BUILDROOT/python-fmclient-1.0-5.x86_64/usr/lib/python3.7/site-packages/fmclient/v1/__init__.py to __init__.cpython-37.pyc
byte-compiling /builddir/build/BUILDROOT/python-fmclient-1.0-5.x86_64/usr/lib/python3.7/site-packages/fmclient/v1/event_log.py to event_log.cpython-37.pyc
byte-compiling /builddir/build/BUILDROOT/python-fmclient-1.0-5.x86_64/usr/lib/python3.7/site-packages/fmclient/v1/client.py to client.cpython-37.pyc
byte-compiling /builddir/build/BUILDROOT/python-fmclient-1.0-5.x86_64/usr/lib/python3.7/site-packages/fmclient/v1/event_log_shell.py to event_log_shell.cpython-37.pyc
byte-compiling /builddir/build/BUILDROOT/python-fmclient-1.0-5.x86_64/usr/lib/python3.7/site-packages/fmclient/v1/event_suppression_shell.py to event_suppression_shell.cpython-37.pyc
byte-compiling /builddir/build/BUILDROOT/python-fmclient-1.0-5.x86_64/usr/lib/python3.7/site-packages/fmclient/v1/shell.py to shell.cpython-37.pyc
byte-compiling /builddir/build/BUILDROOT/python-fmclient-1.0-5.x86_64/usr/lib/python3.7/site-packages/fmclient/__init__.py to __init__.cpython-37.pyc
byte-compiling /builddir/build/BUILDROOT/python-fmclient-1.0-5.x86_64/usr/lib/python3.7/site-packages/fmclient/client.py to client.cpython-37.pyc
byte-compiling /builddir/build/BUILDROOT/python-fmclient-1.0-5.x86_64/usr/lib/python3.7/site-packages/fmclient/exc.py to exc.cpython-37.pyc
byte-compiling /builddir/build/BUILDROOT/python-fmclient-1.0-5.x86_64/usr/lib/python3.7/site-packages/fmclient/common/cli_no_wrap.py to cli_no_wrap.cpython-37.pyc
byte-compiling /builddir/build/BUILDROOT/python-fmclient-1.0-5.x86_64/usr/lib/python3.7/site-packages/fmclient/common/exceptions.py to exceptions.cpython-37.pyc
byte-compiling /builddir/build/BUILDROOT/python-fmclient-1.0-5.x86_64/usr/lib/python3.7/site-packages/fmclient/common/http.py to http.cpython-37.pyc
byte-compiling /builddir/build/BUILDROOT/python-fmclient-1.0-5.x86_64/usr/lib/python3.7/site-packages/fmclient/common/i18n.py to i18n.cpython-37.pyc
byte-compiling /builddir/build/BUILDROOT/python-fmclient-1.0-5.x86_64/usr/lib/python3.7/site-packages/fmclient/common/options.py to options.cpython-37.pyc
byte-compiling /builddir/build/BUILDROOT/python-fmclient-1.0-5.x86_64/usr/lib/python3.7/site-packages/fmclient/common/__init__.py to __init__.cpython-37.pyc
byte-compiling /builddir/build/BUILDROOT/python-fmclient-1.0-5.x86_64/usr/lib/python3.7/site-packages/fmclient/common/utils.py to utils.cpython-37.pyc
byte-compiling /builddir/build/BUILDROOT/python-fmclient-1.0-5.x86_64/usr/lib/python3.7/site-packages/fmclient/common/wrapping_formatters.py to wrapping_formatters.cpython-37.pyc
byte-compiling /builddir/build/BUILDROOT/python-fmclient-1.0-5.x86_64/usr/lib/python3.7/site-packages/fmclient/common/base.py to base.cpython-37.pyc
byte-compiling /builddir/build/BUILDROOT/python-fmclient-1.0-5.x86_64/usr/lib/python3.7/site-packages/fmclient/shell.py to shell.cpython-37.pyc
running install_egg_info
Copying fmclient.egg-info to /builddir/build/BUILDROOT/python-fmclient-1.0-5.x86_64/usr/lib/python3.7/site-packages/fmclient-1.0-py3.7.egg-info
running install_scripts
Installing fm script to /builddir/build/BUILDROOT/python-fmclient-1.0-5.x86_64/usr/bin
/usr/lib/python3.7/site-packages/pbr/packaging.py:435: EasyInstallDeprecationWarning: Use get_header
  header = easy_install.get_script_header("", executable, is_wininst)
----[ mark ]----
+ echo '----[' mark ']----'
+ cat '/builddir/build/BUILDROOT/python-fmclient-1.0-5.x86_64/usr/lib/python3*/site-packages/*/requires.txt'
cat: '/builddir/build/BUILDROOT/python-fmclient-1.0-5.x86_64/usr/lib/python3*/site-packages/*/requires.txt': No such file or directory
+ :
+ echo '----[' mark ']----'
----[ mark ]----
+ /usr/bin/python setup.py install --root=/builddir/build/BUILDROOT/python-fmclient-1.0-5.x86_64 --install-lib=/usr/lib64/python2.7/site-packages --prefix=/usr --install-data=/usr/share --single-version-externally-managed
running install
[pbr] Generating AUTHORS
[pbr] AUTHORS complete (0.0s)
running build
running build_py
running egg_info
writing fmclient.egg-info/PKG-INFO
writing dependency_links to fmclient.egg-info/dependency_links.txt
writing entry points to fmclient.egg-info/entry_points.txt
writing top-level names to fmclient.egg-info/top_level.txt
[pbr] Reusing existing SOURCES.txt
running install_lib
creating /builddir/build/BUILDROOT/python-fmclient-1.0-5.x86_64/usr/lib64
creating /builddir/build/BUILDROOT/python-fmclient-1.0-5.x86_64/usr/lib64/python2.7
creating /builddir/build/BUILDROOT/python-fmclient-1.0-5.x86_64/usr/lib64/python2.7/site-packages
creating /builddir/build/BUILDROOT/python-fmclient-1.0-5.x86_64/usr/lib64/python2.7/site-packages/fmclient
creating /builddir/build/BUILDROOT/python-fmclient-1.0-5.x86_64/usr/lib64/python2.7/site-packages/fmclient/v1
copying build/lib/fmclient/v1/event_suppression.py -> /builddir/build/BUILDROOT/python-fmclient-1.0-5.x86_64/usr/lib64/python2.7/site-packages/fmclient/v1
copying build/lib/fmclient/v1/alarm_shell.py -> /builddir/build/BUILDROOT/python-fmclient-1.0-5.x86_64/usr/lib64/python2.7/site-packages/fmclient/v1
copying build/lib/fmclient/v1/alarm.py -> /builddir/build/BUILDROOT/python-fmclient-1.0-5.x86_64/usr/lib64/python2.7/site-packages/fmclient/v1
copying build/lib/fmclient/v1/__init__.py -> /builddir/build/BUILDROOT/python-fmclient-1.0-5.x86_64/usr/lib64/python2.7/site-packages/fmclient/v1
copying build/lib/fmclient/v1/event_log.py -> /builddir/build/BUILDROOT/python-fmclient-1.0-5.x86_64/usr/lib64/python2.7/site-packages/fmclient/v1
copying build/lib/fmclient/v1/client.py -> /builddir/build/BUILDROOT/python-fmclient-1.0-5.x86_64/usr/lib64/python2.7/site-packages/fmclient/v1
copying build/lib/fmclient/v1/event_log_shell.py -> /builddir/build/BUILDROOT/python-fmclient-1.0-5.x86_64/usr/lib64/python2.7/site-packages/fmclient/v1
copying build/lib/fmclient/v1/event_suppression_shell.py -> /builddir/build/BUILDROOT/python-fmclient-1.0-5.x86_64/usr/lib64/python2.7/site-packages/fmclient/v1
copying build/lib/fmclient/v1/shell.py -> /builddir/build/BUILDROOT/python-fmclient-1.0-5.x86_64/usr/lib64/python2.7/site-packages/fmclient/v1
copying build/lib/fmclient/__init__.py -> /builddir/build/BUILDROOT/python-fmclient-1.0-5.x86_64/usr/lib64/python2.7/site-packages/fmclient
copying build/lib/fmclient/client.py -> /builddir/build/BUILDROOT/python-fmclient-1.0-5.x86_64/usr/lib64/python2.7/site-packages/fmclient
copying build/lib/fmclient/exc.py -> /builddir/build/BUILDROOT/python-fmclient-1.0-5.x86_64/usr/lib64/python2.7/site-packages/fmclient
creating /builddir/build/BUILDROOT/python-fmclient-1.0-5.x86_64/usr/lib64/python2.7/site-packages/fmclient/common
copying build/lib/fmclient/common/cli_no_wrap.py -> /builddir/build/BUILDROOT/python-fmclient-1.0-5.x86_64/usr/lib64/python2.7/site-packages/fmclient/common
copying build/lib/fmclient/common/exceptions.py -> /builddir/build/BUILDROOT/python-fmclient-1.0-5.x86_64/usr/lib64/python2.7/site-packages/fmclient/common
copying build/lib/fmclient/common/http.py -> /builddir/build/BUILDROOT/python-fmclient-1.0-5.x86_64/usr/lib64/python2.7/site-packages/fmclient/common
copying build/lib/fmclient/common/i18n.py -> /builddir/build/BUILDROOT/python-fmclient-1.0-5.x86_64/usr/lib64/python2.7/site-packages/fmclient/common
copying build/lib/fmclient/common/options.py -> /builddir/build/BUILDROOT/python-fmclient-1.0-5.x86_64/usr/lib64/python2.7/site-packages/fmclient/common
copying build/lib/fmclient/common/__init__.py -> /builddir/build/BUILDROOT/python-fmclient-1.0-5.x86_64/usr/lib64/python2.7/site-packages/fmclient/common
copying build/lib/fmclient/common/utils.py -> /builddir/build/BUILDROOT/python-fmclient-1.0-5.x86_64/usr/lib64/python2.7/site-packages/fmclient/common
copying build/lib/fmclient/common/wrapping_formatters.py -> /builddir/build/BUILDROOT/python-fmclient-1.0-5.x86_64/usr/lib64/python2.7/site-packages/fmclient/common
copying build/lib/fmclient/common/base.py -> /builddir/build/BUILDROOT/python-fmclient-1.0-5.x86_64/usr/lib64/python2.7/site-packages/fmclient/common
copying build/lib/fmclient/shell.py -> /builddir/build/BUILDROOT/python-fmclient-1.0-5.x86_64/usr/lib64/python2.7/site-packages/fmclient
byte-compiling /builddir/build/BUILDROOT/python-fmclient-1.0-5.x86_64/usr/lib64/python2.7/site-packages/fmclient/v1/event_suppression.py to event_suppression.cpython-37.pyc
byte-compiling /builddir/build/BUILDROOT/python-fmclient-1.0-5.x86_64/usr/lib64/python2.7/site-packages/fmclient/v1/alarm_shell.py to alarm_shell.cpython-37.pyc
byte-compiling /builddir/build/BUILDROOT/python-fmclient-1.0-5.x86_64/usr/lib64/python2.7/site-packages/fmclient/v1/alarm.py to alarm.cpython-37.pyc
byte-compiling /builddir/build/BUILDROOT/python-fmclient-1.0-5.x86_64/usr/lib64/python2.7/site-packages/fmclient/v1/__init__.py to __init__.cpython-37.pyc
byte-compiling /builddir/build/BUILDROOT/python-fmclient-1.0-5.x86_64/usr/lib64/python2.7/site-packages/fmclient/v1/event_log.py to event_log.cpython-37.pyc
byte-compiling /builddir/build/BUILDROOT/python-fmclient-1.0-5.x86_64/usr/lib64/python2.7/site-packages/fmclient/v1/client.py to client.cpython-37.pyc
byte-compiling /builddir/build/BUILDROOT/python-fmclient-1.0-5.x86_64/usr/lib64/python2.7/site-packages/fmclient/v1/event_log_shell.py to event_log_shell.cpython-37.pyc
byte-compiling /builddir/build/BUILDROOT/python-fmclient-1.0-5.x86_64/usr/lib64/python2.7/site-packages/fmclient/v1/event_suppression_shell.py to event_suppression_shell.cpython-37.pyc
byte-compiling /builddir/build/BUILDROOT/python-fmclient-1.0-5.x86_64/usr/lib64/python2.7/site-packages/fmclient/v1/shell.py to shell.cpython-37.pyc
byte-compiling /builddir/build/BUILDROOT/python-fmclient-1.0-5.x86_64/usr/lib64/python2.7/site-packages/fmclient/__init__.py to __init__.cpython-37.pyc
byte-compiling /builddir/build/BUILDROOT/python-fmclient-1.0-5.x86_64/usr/lib64/python2.7/site-packages/fmclient/client.py to client.cpython-37.pyc
byte-compiling /builddir/build/BUILDROOT/python-fmclient-1.0-5.x86_64/usr/lib64/python2.7/site-packages/fmclient/exc.py to exc.cpython-37.pyc
byte-compiling /builddir/build/BUILDROOT/python-fmclient-1.0-5.x86_64/usr/lib64/python2.7/site-packages/fmclient/common/cli_no_wrap.py to cli_no_wrap.cpython-37.pyc
byte-compiling /builddir/build/BUILDROOT/python-fmclient-1.0-5.x86_64/usr/lib64/python2.7/site-packages/fmclient/common/exceptions.py to exceptions.cpython-37.pyc
byte-compiling /builddir/build/BUILDROOT/python-fmclient-1.0-5.x86_64/usr/lib64/python2.7/site-packages/fmclient/common/http.py to http.cpython-37.pyc
byte-compiling /builddir/build/BUILDROOT/python-fmclient-1.0-5.x86_64/usr/lib64/python2.7/site-packages/fmclient/common/i18n.py to i18n.cpython-37.pyc
byte-compiling /builddir/build/BUILDROOT/python-fmclient-1.0-5.x86_64/usr/lib64/python2.7/site-packages/fmclient/common/options.py to options.cpython-37.pyc
byte-compiling /builddir/build/BUILDROOT/python-fmclient-1.0-5.x86_64/usr/lib64/python2.7/site-packages/fmclient/common/__init__.py to __init__.cpython-37.pyc
byte-compiling /builddir/build/BUILDROOT/python-fmclient-1.0-5.x86_64/usr/lib64/python2.7/site-packages/fmclient/common/utils.py to utils.cpython-37.pyc
byte-compiling /builddir/build/BUILDROOT/python-fmclient-1.0-5.x86_64/usr/lib64/python2.7/site-packages/fmclient/common/wrapping_formatters.py to wrapping_formatters.cpython-37.pyc
byte-compiling /builddir/build/BUILDROOT/python-fmclient-1.0-5.x86_64/usr/lib64/python2.7/site-packages/fmclient/common/base.py to base.cpython-37.pyc
byte-compiling /builddir/build/BUILDROOT/python-fmclient-1.0-5.x86_64/usr/lib64/python2.7/site-packages/fmclient/shell.py to shell.cpython-37.pyc
running install_egg_info
Copying fmclient.egg-info to /builddir/build/BUILDROOT/python-fmclient-1.0-5.x86_64/usr/lib64/python2.7/site-packages/fmclient-1.0-py3.7.egg-info
running install_scripts
Installing fm script to /builddir/build/BUILDROOT/python-fmclient-1.0-5.x86_64/usr/bin
/usr/lib/python3.7/site-packages/pbr/packaging.py:435: EasyInstallDeprecationWarning: Use get_header
  header = easy_install.get_script_header("", executable, is_wininst)
+ install -d -m 755 /builddir/build/BUILDROOT/python-fmclient-1.0-5.x86_64/usr/local/etc/bash_completion.d/
+ install -p -D -m 664 tools/fm.bash_completion /builddir/build/BUILDROOT/python-fmclient-1.0-5.x86_64/usr/local/etc/bash_completion.d//fm.bash_completion
+ rm -f /builddir/build/BUILDROOT/python-fmclient-1.0-5.x86_64/usr/share/info/dir
++ find /builddir/build/BUILDROOT/python-fmclient-1.0-5.x86_64 -path 'etc/*' '!' -type d
+ test -z ''
+ rm -rf '/builddir/build/BUILDROOT/python-fmclient-1.0-5.x86_64/etc/*'
+ rm -rf '/builddir/build/BUILDROOT/python-fmclient-1.0-5.x86_64/usr/share/factory/*'
+ find /builddir/build/BUILDROOT/python-fmclient-1.0-5.x86_64 -name __pycache__
+ xargs rm -rf --
+ '[' -d /builddir/build/BUILDROOT/python-fmclient-1.0-5.x86_64/usr/share/mime ']'
++ getconf _NPROCESSORS_ONLN
+ RPM_XARGS_PFLAG=-P4
+ find /builddir/build/BUILDROOT/python-fmclient-1.0-5.x86_64 -name '*.so.avx512' -print0
+ xargs -0rtn1 -P4 python /usr/share/clr-avx-tools/avxjudge.py -q -5
+ find /builddir/build/BUILDROOT/python-fmclient-1.0-5.x86_64/usr/lib64/haswell/avx512_1 -name '*.so*' -print0
find: ‘/builddir/build/BUILDROOT/python-fmclient-1.0-5.x86_64/usr/lib64/haswell/avx512_1’: No such file or directory
+ xargs -0rtn1 -P4 python /usr/share/clr-avx-tools/avxjudge.py -q -2
+ find /builddir/build/BUILDROOT/python-fmclient-1.0-5.x86_64 -name '*.so.avx2' -print0
+ find /builddir/build/BUILDROOT/python-fmclient-1.0-5.x86_64/usr/lib64/haswell '!' -path '/usr/lib64/haswell/avx512_1/*' -name '*.so*' -print0
find: ‘/builddir/build/BUILDROOT/python-fmclient-1.0-5.x86_64/usr/lib64/haswell’: No such file or directory
+ find /builddir/build/BUILDROOT/python-fmclient-1.0-5.x86_64/usr/lib64/ -maxdepth 1 -name '*.so*' -type f -print0
+ xargs -0rtn1 -P4 /usr/lib/rpm/clr/brp-create-abi
+ sort -u
+ '[' -d /builddir/build/BUILDROOT/python-fmclient-1.0-5.x86_64/usr/lib/debug ']'
+ :
+ '[' -d /builddir/build/BUILDROOT/python-fmclient-1.0-5.x86_64/usr/lib/debug ']'
+ :
+ '[' -d /builddir/build/BUILDROOT/python-fmclient-1.0-5.x86_64/usr/src/debug ']'
+ :
+ '[' -d /builddir/build/BUILDROOT/python-fmclient-1.0-5.x86_64/usr/lib/debug.force ']'
+ :
+ '[' -d /builddir/build/BUILDROOT/python-fmclient-1.0-5.x86_64/usr/src/debug.force ']'
+ :
+ /usr/lib/rpm/check-buildroot
+ /usr/lib/rpm/clr/brp-strip /usr/bin/strip
+ /usr/lib/rpm/clr/brp-strip-static-archive /usr/bin/strip
+ /usr/lib/rpm/clr/brp-strip-comment-note /usr/bin/strip /usr/bin/objdump
+ /usr/lib/rpm/clr/brp-python-bytecompile
[BYTECOMPILE] Building for /builddir/build/BUILDROOT/python-fmclient-1.0-5.x86_64/usr/lib/python3.7 using /usr/bin/python3.7
+ xargs -0 touch -h -d '@1549052798 '
+ find /builddir/build/BUILDROOT/python-fmclient-1.0-5.x86_64 -print0
+ /usr/lib/rpm/clr/brp-java-repack-jars
Executing(%check): /bin/sh -e /var/tmp/rpm-tmp.UitWhw
+ umask 022
+ cd /builddir/build/BUILD
+ cd python-fmclient-1.0
dont need check
+ LANG=en_US.UTF-8
+ export LANG
+ unset DISPLAY
+ unset PYTHONOPTIMIZE
+ export http_proxy=http://127.0.0.1:9/
+ http_proxy=http://127.0.0.1:9/
+ export https_proxy=http://127.0.0.1:9/
+ https_proxy=http://127.0.0.1:9/
+ export no_proxy=localhost,127.0.0.1,0.0.0.0
+ no_proxy=localhost,127.0.0.1,0.0.0.0
+ echo 'dont need check'
+ exit 0
Processing files: python-fmclient-1.0-5.x86_64
Processing files: python-fmclient-abi-1.0-5.x86_64
Checking for unpackaged file(s): /usr/lib/rpm/check-files /builddir/build/BUILDROOT/python-fmclient-1.0-5.x86_64
warning: Empty %files file /builddir/build/BUILD/python-fmclient-1.0/abifiles.list
error: Installed (but unpackaged) file(s) found:
   /usr/bin/fm
   /usr/lib/python3.7/site-packages/fmclient-1.0-py3.7.egg-info/PKG-INFO
   /usr/lib/python3.7/site-packages/fmclient-1.0-py3.7.egg-info/SOURCES.txt
   /usr/lib/python3.7/site-packages/fmclient-1.0-py3.7.egg-info/dependency_links.txt
   /usr/lib/python3.7/site-packages/fmclient-1.0-py3.7.egg-info/entry_points.txt
   /usr/lib/python3.7/site-packages/fmclient-1.0-py3.7.egg-info/not-zip-safe
   /usr/lib/python3.7/site-packages/fmclient-1.0-py3.7.egg-info/top_level.txt
   /usr/lib/python3.7/site-packages/fmclient/__init__.py
   /usr/lib/python3.7/site-packages/fmclient/__pycache__/__init__.cpython-37.pyc
   /usr/lib/python3.7/site-packages/fmclient/__pycache__/client.cpython-37.pyc
   /usr/lib/python3.7/site-packages/fmclient/__pycache__/exc.cpython-37.pyc
   /usr/lib/python3.7/site-packages/fmclient/__pycache__/shell.cpython-37.pyc
   /usr/lib/python3.7/site-packages/fmclient/client.py
   /usr/lib/python3.7/site-packages/fmclient/common/__init__.py
   /usr/lib/python3.7/site-packages/fmclient/common/__pycache__/__init__.cpython-37.pyc
   /usr/lib/python3.7/site-packages/fmclient/common/__pycache__/base.cpython-37.pyc
   /usr/lib/python3.7/site-packages/fmclient/common/__pycache__/cli_no_wrap.cpython-37.pyc
   /usr/lib/python3.7/site-packages/fmclient/common/__pycache__/exceptions.cpython-37.pyc
   /usr/lib/python3.7/site-packages/fmclient/common/__pycache__/http.cpython-37.pyc
   /usr/lib/python3.7/site-packages/fmclient/common/__pycache__/i18n.cpython-37.pyc
   /usr/lib/python3.7/site-packages/fmclient/common/__pycache__/options.cpython-37.pyc
   /usr/lib/python3.7/site-packages/fmclient/common/__pycache__/utils.cpython-37.pyc
   /usr/lib/python3.7/site-packages/fmclient/common/__pycache__/wrapping_formatters.cpython-37.pyc
   /usr/lib/python3.7/site-packages/fmclient/common/base.py
   /usr/lib/python3.7/site-packages/fmclient/common/cli_no_wrap.py
   /usr/lib/python3.7/site-packages/fmclient/common/exceptions.py
   /usr/lib/python3.7/site-packages/fmclient/common/http.py
   /usr/lib/python3.7/site-packages/fmclient/common/i18n.py
   /usr/lib/python3.7/site-packages/fmclient/common/options.py
   /usr/lib/python3.7/site-packages/fmclient/common/utils.py
   /usr/lib/python3.7/site-packages/fmclient/common/wrapping_formatters.py
   /usr/lib/python3.7/site-packages/fmclient/exc.py
   /usr/lib/python3.7/site-packages/fmclient/shell.py
   /usr/lib/python3.7/site-packages/fmclient/v1/__init__.py
   /usr/lib/python3.7/site-packages/fmclient/v1/__pycache__/__init__.cpython-37.pyc
   /usr/lib/python3.7/site-packages/fmclient/v1/__pycache__/alarm.cpython-37.pyc
   /usr/lib/python3.7/site-packages/fmclient/v1/__pycache__/alarm_shell.cpython-37.pyc
   /usr/lib/python3.7/site-packages/fmclient/v1/__pycache__/client.cpython-37.pyc
   /usr/lib/python3.7/site-packages/fmclient/v1/__pycache__/event_log.cpython-37.pyc
   /usr/lib/python3.7/site-packages/fmclient/v1/__pycache__/event_log_shell.cpython-37.pyc
   /usr/lib/python3.7/site-packages/fmclient/v1/__pycache__/event_suppression.cpython-37.pyc
   /usr/lib/python3.7/site-packages/fmclient/v1/__pycache__/event_suppression_shell.cpython-37.pyc
   /usr/lib/python3.7/site-packages/fmclient/v1/__pycache__/shell.cpython-37.pyc
   /usr/lib/python3.7/site-packages/fmclient/v1/alarm.py
   /usr/lib/python3.7/site-packages/fmclient/v1/alarm_shell.py
   /usr/lib/python3.7/site-packages/fmclient/v1/client.py
   /usr/lib/python3.7/site-packages/fmclient/v1/event_log.py
   /usr/lib/python3.7/site-packages/fmclient/v1/event_log_shell.py
   /usr/lib/python3.7/site-packages/fmclient/v1/event_suppression.py
   /usr/lib/python3.7/site-packages/fmclient/v1/event_suppression_shell.py
   /usr/lib/python3.7/site-packages/fmclient/v1/shell.py
   /usr/lib64/python2.7/site-packages/fmclient-1.0-py3.7.egg-info/PKG-INFO
   /usr/lib64/python2.7/site-packages/fmclient-1.0-py3.7.egg-info/SOURCES.txt
   /usr/lib64/python2.7/site-packages/fmclient-1.0-py3.7.egg-info/dependency_links.txt
   /usr/lib64/python2.7/site-packages/fmclient-1.0-py3.7.egg-info/entry_points.txt
   /usr/lib64/python2.7/site-packages/fmclient-1.0-py3.7.egg-info/not-zip-safe
   /usr/lib64/python2.7/site-packages/fmclient-1.0-py3.7.egg-info/top_level.txt
   /usr/lib64/python2.7/site-packages/fmclient/__init__.py
   /usr/lib64/python2.7/site-packages/fmclient/client.py
   /usr/lib64/python2.7/site-packages/fmclient/common/__init__.py
   /usr/lib64/python2.7/site-packages/fmclient/common/base.py
   /usr/lib64/python2.7/site-packages/fmclient/common/cli_no_wrap.py
   /usr/lib64/python2.7/site-packages/fmclient/common/exceptions.py
   /usr/lib64/python2.7/site-packages/fmclient/common/http.py
   /usr/lib64/python2.7/site-packages/fmclient/common/i18n.py
   /usr/lib64/python2.7/site-packages/fmclient/common/options.py
   /usr/lib64/python2.7/site-packages/fmclient/common/utils.py
   /usr/lib64/python2.7/site-packages/fmclient/common/wrapping_formatters.py
   /usr/lib64/python2.7/site-packages/fmclient/exc.py
   /usr/lib64/python2.7/site-packages/fmclient/shell.py
   /usr/lib64/python2.7/site-packages/fmclient/v1/__init__.py
   /usr/lib64/python2.7/site-packages/fmclient/v1/alarm.py
   /usr/lib64/python2.7/site-packages/fmclient/v1/alarm_shell.py
   /usr/lib64/python2.7/site-packages/fmclient/v1/client.py
   /usr/lib64/python2.7/site-packages/fmclient/v1/event_log.py
   /usr/lib64/python2.7/site-packages/fmclient/v1/event_log_shell.py
   /usr/lib64/python2.7/site-packages/fmclient/v1/event_suppression.py
   /usr/lib64/python2.7/site-packages/fmclient/v1/event_suppression_shell.py
   /usr/lib64/python2.7/site-packages/fmclient/v1/shell.py
   /usr/local/etc/bash_completion.d/fm.bash_completion
    Empty %files file /builddir/build/BUILD/python-fmclient-1.0/abifiles.list
    Installed (but unpackaged) file(s) found:
   /usr/bin/fm
   /usr/lib/python3.7/site-packages/fmclient-1.0-py3.7.egg-info/PKG-INFO
   /usr/lib/python3.7/site-packages/fmclient-1.0-py3.7.egg-info/SOURCES.txt
   /usr/lib/python3.7/site-packages/fmclient-1.0-py3.7.egg-info/dependency_links.txt
   /usr/lib/python3.7/site-packages/fmclient-1.0-py3.7.egg-info/entry_points.txt
   /usr/lib/python3.7/site-packages/fmclient-1.0-py3.7.egg-info/not-zip-safe
   /usr/lib/python3.7/site-packages/fmclient-1.0-py3.7.egg-info/top_level.txt
   /usr/lib/python3.7/site-packages/fmclient/__init__.py
   /usr/lib/python3.7/site-packages/fmclient/__pycache__/__init__.cpython-37.pyc
   /usr/lib/python3.7/site-packages/fmclient/__pycache__/client.cpython-37.pyc
   /usr/lib/python3.7/site-packages/fmclient/__pycache__/exc.cpython-37.pyc
   /usr/lib/python3.7/site-packages/fmclient/__pycache__/shell.cpython-37.pyc
   /usr/lib/python3.7/site-packages/fmclient/client.py
   /usr/lib/python3.7/site-packages/fmclient/common/__init__.py
   /usr/lib/python3.7/site-packages/fmclient/common/__pycache__/__init__.cpython-37.pyc
   /usr/lib/python3.7/site-packages/fmclient/common/__pycache__/base.cpython-37.pyc
   /usr/lib/python3.7/site-packages/fmclient/common/__pycache__/cli_no_wrap.cpython-37.pyc
   /usr/lib/python3.7/site-packages/fmclient/common/__pycache__/exceptions.cpython-37.pyc
   /usr/lib/python3.7/site-packages/fmclient/common/__pycache__/http.cpython-37.pyc
   /usr/lib/python3.7/site-packages/fmclient/common/__pycache__/i18n.cpython-37.pyc
   /usr/lib/python3.7/site-packages/fmclient/common/__pycache__/options.cpython-37.pyc
   /usr/lib/python3.7/site-packages/fmclient/common/__pycache__/utils.cpython-37.pyc
   /usr/lib/python3.7/site-packages/fmclient/common/__pycache__/wrapping_formatters.cpython-37.pyc
   /usr/lib/python3.7/site-packages/fmclient/common/base.py
   /usr/lib/python3.7/site-packages/fmclient/common/cli_no_wrap.py
   /usr/lib/python3.7/site-packages/fmclient/common/exceptions.py
   /usr/lib/python3.7/site-packages/fmclient/common/http.py
   /usr/lib/python3.7/site-packages/fmclient/common/i18n.py
   /usr/lib/python3.7/site-packages/fmclient/common/options.py
   /usr/lib/python3.7/site-packages/fmclient/common/utils.py
   /usr/lib/python3.7/site-packages/fmclient/common/wrapping_formatters.py
   /usr/lib/python3.7/site-packages/fmclient/exc.py
   /usr/lib/python3.7/site-packages/fmclient/shell.py
   /usr/lib/python3.7/site-packages/fmclient/v1/__init__.py
   /usr/lib/python3.7/site-packages/fmclient/v1/__pycache__/__init__.cpython-37.pyc
   /usr/lib/python3.7/site-packages/fmclient/v1/__pycache__/alarm.cpython-37.pyc
   /usr/lib/python3.7/site-packages/fmclient/v1/__pycache__/alarm_shell.cpython-37.pyc
   /usr/lib/python3.7/site-packages/fmclient/v1/__pycache__/client.cpython-37.pyc
   /usr/lib/python3.7/site-packages/fmclient/v1/__pycache__/event_log.cpython-37.pyc
   /usr/lib/python3.7/site-packages/fmclient/v1/__pycache__/event_log_shell.cpython-37.pyc
   /usr/lib/python3.7/site-packages/fmclient/v1/__pycache__/event_suppression.cpython-37.pyc
   /usr/lib/python3.7/site-packages/fmclient/v1/__pycache__/event_suppression_shell.cpython-37.pyc
   /usr/lib/python3.7/site-packages/fmclient/v1/__pycache__/shell.cpython-37.pyc
   /usr/lib/python3.7/site-packages/fmclient/v1/alarm.py
   /usr/lib/python3.7/site-packages/fmclient/v1/alarm_shell.py
   /usr/lib/python3.7/site-packages/fmclient/v1/client.py
   /usr/lib/python3.7/site-packages/fmclient/v1/event_log.py
   /usr/lib/python3.7/site-packages/fmclient/v1/event_log_shell.py
   /usr/lib/python3.7/site-packages/fmclient/v1/event_suppression.py
   /usr/lib/python3.7/site-packages/fmclient/v1/event_suppression_shell.py
   /usr/lib/python3.7/site-packages/fmclient/v1/shell.py
   /usr/lib64/python2.7/site-packages/fmclient-1.0-py3.7.egg-info/PKG-INFO
   /usr/lib64/python2.7/site-packages/fmclient-1.0-py3.7.egg-info/SOURCES.txt
   /usr/lib64/python2.7/site-packages/fmclient-1.0-py3.7.egg-info/dependency_links.txt
   /usr/lib64/python2.7/site-packages/fmclient-1.0-py3.7.egg-info/entry_points.txt
   /usr/lib64/python2.7/site-packages/fmclient-1.0-py3.7.egg-info/not-zip-safe
   /usr/lib64/python2.7/site-packages/fmclient-1.0-py3.7.egg-info/top_level.txt
   /usr/lib64/python2.7/site-packages/fmclient/__init__.py
   /usr/lib64/python2.7/site-packages/fmclient/client.py
   /usr/lib64/python2.7/site-packages/fmclient/common/__init__.py
   /usr/lib64/python2.7/site-packages/fmclient/common/base.py
   /usr/lib64/python2.7/site-packages/fmclient/common/cli_no_wrap.py
   /usr/lib64/python2.7/site-packages/fmclient/common/exceptions.py
   /usr/lib64/python2.7/site-packages/fmclient/common/http.py
   /usr/lib64/python2.7/site-packages/fmclient/common/i18n.py
   /usr/lib64/python2.7/site-packages/fmclient/common/options.py
   /usr/lib64/python2.7/site-packages/fmclient/common/utils.py
   /usr/lib64/python2.7/site-packages/fmclient/common/wrapping_formatters.py
   /usr/lib64/python2.7/site-packages/fmclient/exc.py
   /usr/lib64/python2.7/site-packages/fmclient/shell.py
   /usr/lib64/python2.7/site-packages/fmclient/v1/__init__.py
   /usr/lib64/python2.7/site-packages/fmclient/v1/alarm.py
   /usr/lib64/python2.7/site-packages/fmclient/v1/alarm_shell.py
   /usr/lib64/python2.7/site-packages/fmclient/v1/client.py
   /usr/lib64/python2.7/site-packages/fmclient/v1/event_log.py
   /usr/lib64/python2.7/site-packages/fmclient/v1/event_log_shell.py
   /usr/lib64/python2.7/site-packages/fmclient/v1/event_suppression.py
   /usr/lib64/python2.7/site-packages/fmclient/v1/event_suppression_shell.py
   /usr/lib64/python2.7/site-packages/fmclient/v1/shell.py
   /usr/local/etc/bash_completion.d/fm.bash_completion
RPM build errors:
Child return code was: 1
EXCEPTION: Command failed. See logs for output.
 # bash --login -c /usr/bin/rpmbuild -bb --target x86_64 --nodeps  /builddir/build/SPECS/python-fmclient.spec 
Traceback (most recent call last):
  File "/usr/lib/python3.7/site-packages/mockbuild/trace_decorator.py", line 84, in trace
    result = func(*args, **kw)
  File "/usr/lib/python3.7/site-packages/mockbuild/util.py", line 531, in do
    raise exception.Error("Command failed. See logs for output.\n # %s" % (command,), child.returncode)
mockbuild.exception.Error: Command failed. See logs for output.
 # bash --login -c /usr/bin/rpmbuild -bb --target x86_64 --nodeps  /builddir/build/SPECS/python-fmclient.spec 
LEAVE do --> EXCEPTION RAISED

