2019-09-24 16:42:36,699 - Mock Version: 1.2.14
2019-09-24 16:42:36,939 - Start: dnf update
2019-09-24 16:42:47,311 - Finish: dnf update
2019-09-24 16:42:47,317 - Finish: chroot init
2019-09-24 16:42:47,319 - Start: buildsrpm
2019-09-24 16:42:47,329 - Start: rpmbuild -bs
2019-09-24 16:42:47,368 - Finish: rpmbuild -bs
2019-09-24 16:42:47,369 - Finish: buildsrpm
2019-09-24 16:42:47,370 - Finish: run
2019-09-24 16:42:50,377 - Mock Version: 1.2.14
2019-09-24 16:42:50,613 - Start: dnf update
2019-09-24 16:43:00,535 - Finish: dnf update
2019-09-24 16:43:00,541 - Finish: chroot init
2019-09-24 16:43:00,542 - Start: build phase for python-fmclient-1.0-5.src.rpm
2019-09-24 16:43:00,544 - Start: build setup for python-fmclient-1.0-5.src.rpm
2019-09-24 16:43:01,642 - Finish: build setup for python-fmclient-1.0-5.src.rpm
2019-09-24 16:43:01,642 - Start: rpmbuild python-fmclient-1.0-5.src.rpm
2019-09-24 16:43:05,840 - Mock Version: 1.2.14
2019-09-24 16:43:06,222 - Start: dnf update
2019-09-24 16:43:16,099 - Finish: dnf update
2019-09-24 16:43:16,105 - Finish: chroot init
2019-09-24 16:43:16,108 - Start: buildsrpm
2019-09-24 16:43:16,117 - Start: rpmbuild -bs
2019-09-24 16:43:16,157 - Finish: rpmbuild -bs
2019-09-24 16:43:16,159 - Finish: buildsrpm
2019-09-24 16:43:16,159 - Finish: run
2019-09-24 16:43:19,205 - Mock Version: 1.2.14
2019-09-24 16:43:19,604 - Start: dnf update
2019-09-24 16:43:28,991 - Finish: dnf update
2019-09-24 16:43:28,997 - Finish: chroot init
2019-09-24 16:43:28,998 - Start: build phase for python-fmclient-1.0-5.src.rpm
2019-09-24 16:43:29,001 - Start: build setup for python-fmclient-1.0-5.src.rpm
2019-09-24 16:43:29,997 - Finish: build setup for python-fmclient-1.0-5.src.rpm
2019-09-24 16:43:29,997 - Start: rpmbuild python-fmclient-1.0-5.src.rpm
2019-09-24 16:43:31,220 - Finish: rpmbuild python-fmclient-1.0-5.src.rpm
2019-09-24 16:43:31,221 - Finish: build phase for python-fmclient-1.0-5.src.rpm
2019-09-24 16:43:31,222 - Finish: run
