2019-09-11 08:19:03,513 - Mock Version: 1.2.14
2019-09-11 08:19:03,760 - Start: dnf update
2019-09-11 08:19:14,863 - Finish: dnf update
2019-09-11 08:19:14,868 - Finish: chroot init
2019-09-11 08:19:14,871 - Start: buildsrpm
2019-09-11 08:19:14,881 - Start: rpmbuild -bs
2019-09-11 08:19:14,919 - Finish: rpmbuild -bs
2019-09-11 08:19:14,920 - Finish: buildsrpm
2019-09-11 08:19:14,921 - Finish: run
2019-09-11 08:19:17,983 - Mock Version: 1.2.14
2019-09-11 08:19:18,246 - Start: dnf update
2019-09-11 08:19:29,855 - Finish: dnf update
2019-09-11 08:19:29,861 - Finish: chroot init
2019-09-11 08:19:29,862 - Start: build phase for dhcp-config-1.0-1.src.rpm
2019-09-11 08:19:29,864 - Start: build setup for dhcp-config-1.0-1.src.rpm
2019-09-11 08:19:30,522 - Finish: build setup for dhcp-config-1.0-1.src.rpm
2019-09-11 08:19:30,522 - Start: rpmbuild dhcp-config-1.0-1.src.rpm
2019-09-11 08:19:33,732 - Mock Version: 1.2.14
2019-09-11 08:19:33,976 - Start: dnf update
2019-09-11 08:19:45,934 - Finish: dnf update
2019-09-11 08:19:45,939 - Finish: chroot init
2019-09-11 08:19:45,942 - Start: buildsrpm
2019-09-11 08:19:45,948 - Start: rpmbuild -bs
2019-09-11 08:19:45,986 - Finish: rpmbuild -bs
2019-09-11 08:19:45,987 - Finish: buildsrpm
2019-09-11 08:19:45,988 - Finish: run
2019-09-11 08:19:49,034 - Mock Version: 1.2.14
2019-09-11 08:19:49,288 - Start: dnf update
2019-09-11 08:19:59,795 - Finish: dnf update
2019-09-11 08:19:59,800 - Finish: chroot init
2019-09-11 08:19:59,802 - Start: build phase for dhcp-config-1.0-1.src.rpm
2019-09-11 08:19:59,804 - Start: build setup for dhcp-config-1.0-1.src.rpm
2019-09-11 08:20:00,468 - Finish: build setup for dhcp-config-1.0-1.src.rpm
2019-09-11 08:20:00,469 - Start: rpmbuild dhcp-config-1.0-1.src.rpm
2019-09-11 08:20:00,581 - Finish: rpmbuild dhcp-config-1.0-1.src.rpm
2019-09-11 08:20:00,583 - Finish: build phase for dhcp-config-1.0-1.src.rpm
2019-09-11 08:20:00,583 - Finish: run
