Mock Version: 1.2.14
ENTER do(['bash', '--login', '-c', '/usr/bin/rpmbuild -bs --target x86_64 --nodeps /builddir/build/SPECS/fm-rest-api.spec'], chrootPath='/var/lib/mock/clear-fm-rest-api/root'env={'TERM': 'vt100', 'SHELL': '/bin/bash', 'HOME': '/builddir', 'HOSTNAME': 'mock', 'PATH': '/usr/bin:/bin:/usr/sbin:/sbin', 'LANG': 'en_US.UTF-8', 'CCACHE_DIR': '/var/tmp/ccache', 'CCACHE_UMASK': '002'}shell=Falselogger=<mockbuild.trace_decorator.getLog object at 0x7faca2665a50>timeout=0uid=1000gid=1000user='mockbuild'printOutput=False)
Executing command: ['bash', '--login', '-c', '/usr/bin/rpmbuild -bs --target x86_64 --nodeps /builddir/build/SPECS/fm-rest-api.spec'] with env {'TERM': 'vt100', 'SHELL': '/bin/bash', 'HOME': '/builddir', 'HOSTNAME': 'mock', 'PATH': '/usr/bin:/bin:/usr/sbin:/sbin', 'LANG': 'en_US.UTF-8', 'CCACHE_DIR': '/var/tmp/ccache', 'CCACHE_UMASK': '002'} and shell False
Building target platforms: x86_64
Building for target x86_64
Wrote: /builddir/build/SRPMS/fm-rest-api-1.0-5.src.rpm
Child return code was: 0
LEAVE do --> 

ENTER do(['bash', '--login', '-c', '/usr/bin/rpmbuild -bb --target x86_64 --nodeps  /builddir/build/SPECS/fm-rest-api.spec '], chrootPath='/var/lib/mock/clear-fm-rest-api/root'env={'TERM': 'vt100', 'SHELL': '/bin/bash', 'HOME': '/builddir', 'HOSTNAME': 'mock', 'PATH': '/usr/bin:/bin:/usr/sbin:/sbin', 'LANG': 'en_US.UTF-8', 'CCACHE_DIR': '/var/tmp/ccache', 'CCACHE_UMASK': '002'}shell=Falselogger=<mockbuild.trace_decorator.getLog object at 0x7faca2665a50>timeout=0uid=1000gid=1000user='mockbuild'private_network=TrueprintOutput=False)
Executing command: ['bash', '--login', '-c', '/usr/bin/rpmbuild -bb --target x86_64 --nodeps  /builddir/build/SPECS/fm-rest-api.spec '] with env {'TERM': 'vt100', 'SHELL': '/bin/bash', 'HOME': '/builddir', 'HOSTNAME': 'mock', 'PATH': '/usr/bin:/bin:/usr/sbin:/sbin', 'LANG': 'en_US.UTF-8', 'CCACHE_DIR': '/var/tmp/ccache', 'CCACHE_UMASK': '002'} and shell False
Building target platforms: x86_64
Building for target x86_64
Executing(%prep): /bin/sh -e /var/tmp/rpm-tmp.v5zUOp
+ umask 022
+ cd /builddir/build/BUILD
+ LANG=en_US.UTF-8
+ export LANG
+ unset DISPLAY
+ cd /builddir/build/BUILD
+ rm -rf fm-rest-api-1.0
+ /usr/bin/gzip -dc /builddir/build/SOURCES/fm-rest-api-1.0.tar.gz
+ /usr/bin/tar -xf -
+ STATUS=0
+ '[' 0 -ne 0 ']'
+ cd fm-rest-api-1.0
+ /usr/bin/chmod -Rf a+rX,u+w,g-w,o-w .
+ echo 'Patch #1 (0001-change-sysconfig-dir.patch):'
Patch #1 (0001-change-sysconfig-dir.patch):
+ /usr/bin/cat /builddir/build/SOURCES/0001-change-sysconfig-dir.patch
+ /usr/bin/patch -p1 --fuzz=2
patching file fm-api-pmond.conf
patching file scripts/fm-api
patching file scripts/fm-api.service
+ exit 0
Executing(%build): /bin/sh -e /var/tmp/rpm-tmp.4oI3zq
+ umask 022
+ cd /builddir/build/BUILD
+ cd fm-rest-api-1.0
+ LANG=en_US.UTF-8
+ export LANG
+ unset DISPLAY
+ unset PYTHONOPTIMIZE
+ CFLAGS='-O2 -g -feliminate-unused-debug-types -pipe -Wall -Wp,-D_FORTIFY_SOURCE=2 -fexceptions -fstack-protector --param=ssp-buffer-size=32 -Wformat -Wformat-security -Wl,-z,now,-z,relro,-z,max-page-size=0x1000,-z,separate-code -Wno-error -ftree-vectorize -ftree-slp-vectorize -Wl,--enable-new-dtags -fcf-protection=return -m64 -march=westmere -mtune=haswell -fasynchronous-unwind-tables -fno-omit-frame-pointer -Wp,-D_REENTRANT'
+ export CFLAGS
+ http_proxy=http://127.0.0.1:9/
+ export http_proxy
+ https_proxy=http://127.0.0.1:9/
+ export https_proxy
+ ftp_proxy=http://127.0.0.1:9/
+ export ftp_proxy
+ no_proxy=localhost,127.0.0.1,0.0.0.0
+ export no_proxy
+ CXXFLAGS='-O2 -g -feliminate-unused-debug-types -pipe -Wall -Wp,-D_FORTIFY_SOURCE=2 -fexceptions -fstack-protector --param=ssp-buffer-size=32 -Wformat -Wformat-security -Wl,-z,now,-z,relro,-z,max-page-size=0x1000,-z,separate-code -Wno-error -ftree-vectorize -ftree-slp-vectorize -Wl,--enable-new-dtags -fcf-protection=return -m64 -march=westmere -mtune=haswell -fasynchronous-unwind-tables -fno-omit-frame-pointer -Wp,-D_REENTRANT'
+ export CXXFLAGS
+ FFLAGS='-g -O3 -feliminate-unused-debug-types  -pipe -Wall -Wp,-D_FORTIFY_SOURCE=2 -fexceptions -fstack-protector --param=ssp-buffer-size=32 -m64 -fasynchronous-unwind-tables -Wp,-D_REENTRANT -ftree-loop-distribute-patterns -Wl,-z -Wl,now -Wl,-z -Wl,relro -malign-data=abi -fno-semantic-interposition -ftree-vectorize  -ftree-loop-vectorize -Wl,--enable-new-dtags '
+ export FFLAGS
+ LD_AS_NEEDED=1
+ export LD_AS_NEEDED
+ PKG_CONFIG_LIBDIR=/usr/lib64/pkgconfig
+ export PKG_CONFIG_LIBDIR
+ PATH=/usr/lib64/ccache/bin:/usr/local/bin:/usr/bin
+ export PATH
+ export http_proxy=http://127.0.0.1:9/
+ http_proxy=http://127.0.0.1:9/
+ export https_proxy=http://127.0.0.1:9/
+ https_proxy=http://127.0.0.1:9/
+ export no_proxy=localhost,127.0.0.1,0.0.0.0
+ no_proxy=localhost,127.0.0.1,0.0.0.0
+ export LANG=C.UTF-8
+ LANG=C.UTF-8
+ export SOURCE_DATE_EPOCH=1568109667
+ SOURCE_DATE_EPOCH=1568109667
+ export GCC_IGNORE_WERROR=1
+ GCC_IGNORE_WERROR=1
+ export AR=gcc-ar
+ AR=gcc-ar
+ export RANLIB=gcc-ranlib
+ RANLIB=gcc-ranlib
+ export NM=gcc-nm
+ NM=gcc-nm
+ export 'CFLAGS=-O2 -g -feliminate-unused-debug-types -pipe -Wall -Wp,-D_FORTIFY_SOURCE=2 -fexceptions -fstack-protector --param=ssp-buffer-size=32 -Wformat -Wformat-security -Wl,-z,now,-z,relro,-z,max-page-size=0x1000,-z,separate-code -Wno-error -ftree-vectorize -ftree-slp-vectorize -Wl,--enable-new-dtags -fcf-protection=return -m64 -march=westmere -mtune=haswell -fasynchronous-unwind-tables -fno-omit-frame-pointer -Wp,-D_REENTRANT -O3 -ffat-lto-objects -flto=4 '
+ CFLAGS='-O2 -g -feliminate-unused-debug-types -pipe -Wall -Wp,-D_FORTIFY_SOURCE=2 -fexceptions -fstack-protector --param=ssp-buffer-size=32 -Wformat -Wformat-security -Wl,-z,now,-z,relro,-z,max-page-size=0x1000,-z,separate-code -Wno-error -ftree-vectorize -ftree-slp-vectorize -Wl,--enable-new-dtags -fcf-protection=return -m64 -march=westmere -mtune=haswell -fasynchronous-unwind-tables -fno-omit-frame-pointer -Wp,-D_REENTRANT -O3 -ffat-lto-objects -flto=4 '
+ export 'FCFLAGS=-O2 -g -feliminate-unused-debug-types -pipe -Wall -Wp,-D_FORTIFY_SOURCE=2 -fexceptions -fstack-protector --param=ssp-buffer-size=32 -Wformat -Wformat-security -Wl,-z,now,-z,relro,-z,max-page-size=0x1000,-z,separate-code -Wno-error -ftree-vectorize -ftree-slp-vectorize -Wl,--enable-new-dtags -fcf-protection=return -m64 -march=westmere -mtune=haswell -fasynchronous-unwind-tables -fno-omit-frame-pointer -Wp,-D_REENTRANT -O3 -ffat-lto-objects -flto=4  -O3 -ffat-lto-objects -flto=4 '
+ FCFLAGS='-O2 -g -feliminate-unused-debug-types -pipe -Wall -Wp,-D_FORTIFY_SOURCE=2 -fexceptions -fstack-protector --param=ssp-buffer-size=32 -Wformat -Wformat-security -Wl,-z,now,-z,relro,-z,max-page-size=0x1000,-z,separate-code -Wno-error -ftree-vectorize -ftree-slp-vectorize -Wl,--enable-new-dtags -fcf-protection=return -m64 -march=westmere -mtune=haswell -fasynchronous-unwind-tables -fno-omit-frame-pointer -Wp,-D_REENTRANT -O3 -ffat-lto-objects -flto=4  -O3 -ffat-lto-objects -flto=4 '
+ export 'FFLAGS=-O2 -g -feliminate-unused-debug-types -pipe -Wall -Wp,-D_FORTIFY_SOURCE=2 -fexceptions -fstack-protector --param=ssp-buffer-size=32 -Wformat -Wformat-security -Wl,-z,now,-z,relro,-z,max-page-size=0x1000,-z,separate-code -Wno-error -ftree-vectorize -ftree-slp-vectorize -Wl,--enable-new-dtags -fcf-protection=return -m64 -march=westmere -mtune=haswell -fasynchronous-unwind-tables -fno-omit-frame-pointer -Wp,-D_REENTRANT -O3 -ffat-lto-objects -flto=4  -O3 -ffat-lto-objects -flto=4 '
+ FFLAGS='-O2 -g -feliminate-unused-debug-types -pipe -Wall -Wp,-D_FORTIFY_SOURCE=2 -fexceptions -fstack-protector --param=ssp-buffer-size=32 -Wformat -Wformat-security -Wl,-z,now,-z,relro,-z,max-page-size=0x1000,-z,separate-code -Wno-error -ftree-vectorize -ftree-slp-vectorize -Wl,--enable-new-dtags -fcf-protection=return -m64 -march=westmere -mtune=haswell -fasynchronous-unwind-tables -fno-omit-frame-pointer -Wp,-D_REENTRANT -O3 -ffat-lto-objects -flto=4  -O3 -ffat-lto-objects -flto=4 '
+ export 'CXXFLAGS=-O2 -g -feliminate-unused-debug-types -pipe -Wall -Wp,-D_FORTIFY_SOURCE=2 -fexceptions -fstack-protector --param=ssp-buffer-size=32 -Wformat -Wformat-security -Wl,-z,now,-z,relro,-z,max-page-size=0x1000,-z,separate-code -Wno-error -ftree-vectorize -ftree-slp-vectorize -Wl,--enable-new-dtags -fcf-protection=return -m64 -march=westmere -mtune=haswell -fasynchronous-unwind-tables -fno-omit-frame-pointer -Wp,-D_REENTRANT -O3 -ffat-lto-objects -flto=4 '
+ CXXFLAGS='-O2 -g -feliminate-unused-debug-types -pipe -Wall -Wp,-D_FORTIFY_SOURCE=2 -fexceptions -fstack-protector --param=ssp-buffer-size=32 -Wformat -Wformat-security -Wl,-z,now,-z,relro,-z,max-page-size=0x1000,-z,separate-code -Wno-error -ftree-vectorize -ftree-slp-vectorize -Wl,--enable-new-dtags -fcf-protection=return -m64 -march=westmere -mtune=haswell -fasynchronous-unwind-tables -fno-omit-frame-pointer -Wp,-D_REENTRANT -O3 -ffat-lto-objects -flto=4 '
+ export MAKEFLAGS=-j4
+ MAKEFLAGS=-j4
+ python3 setup.py build
running build
running build_py
creating build
creating build/lib
creating build/lib/fm
copying fm/__init__.py -> build/lib/fm
creating build/lib/fm/cmd
copying fm/cmd/__init__.py -> build/lib/fm/cmd
copying fm/cmd/dbsync.py -> build/lib/fm/cmd
copying fm/cmd/api.py -> build/lib/fm/cmd
creating build/lib/fm/db
copying fm/db/__init__.py -> build/lib/fm/db
copying fm/db/migration.py -> build/lib/fm/db
copying fm/db/api.py -> build/lib/fm/db
creating build/lib/fm/objects
copying fm/objects/event_suppression.py -> build/lib/fm/objects
copying fm/objects/alarm.py -> build/lib/fm/objects
copying fm/objects/__init__.py -> build/lib/fm/objects
copying fm/objects/event_log.py -> build/lib/fm/objects
copying fm/objects/utils.py -> build/lib/fm/objects
copying fm/objects/base.py -> build/lib/fm/objects
creating build/lib/fm/common
copying fm/common/exceptions.py -> build/lib/fm/common
copying fm/common/timeutils.py -> build/lib/fm/common
copying fm/common/i18n.py -> build/lib/fm/common
copying fm/common/policy.py -> build/lib/fm/common
copying fm/common/__init__.py -> build/lib/fm/common
copying fm/common/context.py -> build/lib/fm/common
copying fm/common/utils.py -> build/lib/fm/common
copying fm/common/constants.py -> build/lib/fm/common
creating build/lib/fm/api
copying fm/api/config.py -> build/lib/fm/api
copying fm/api/app.py -> build/lib/fm/api
copying fm/api/__init__.py -> build/lib/fm/api
copying fm/api/hooks.py -> build/lib/fm/api
creating build/lib/fm/db/sqlalchemy
copying fm/db/sqlalchemy/models.py -> build/lib/fm/db/sqlalchemy
copying fm/db/sqlalchemy/__init__.py -> build/lib/fm/db/sqlalchemy
copying fm/db/sqlalchemy/migration.py -> build/lib/fm/db/sqlalchemy
copying fm/db/sqlalchemy/api.py -> build/lib/fm/db/sqlalchemy
creating build/lib/fm/db/sqlalchemy/migrate_repo
copying fm/db/sqlalchemy/migrate_repo/__init__.py -> build/lib/fm/db/sqlalchemy/migrate_repo
copying fm/db/sqlalchemy/migrate_repo/manage.py -> build/lib/fm/db/sqlalchemy/migrate_repo
creating build/lib/fm/db/sqlalchemy/migrate_repo/versions
copying fm/db/sqlalchemy/migrate_repo/versions/001_init.py -> build/lib/fm/db/sqlalchemy/migrate_repo/versions
copying fm/db/sqlalchemy/migrate_repo/versions/__init__.py -> build/lib/fm/db/sqlalchemy/migrate_repo/versions
creating build/lib/fm/api/controllers
copying fm/api/controllers/root.py -> build/lib/fm/api/controllers
copying fm/api/controllers/__init__.py -> build/lib/fm/api/controllers
creating build/lib/fm/api/middleware
copying fm/api/middleware/parsable_error.py -> build/lib/fm/api/middleware
copying fm/api/middleware/auth_token.py -> build/lib/fm/api/middleware
copying fm/api/middleware/__init__.py -> build/lib/fm/api/middleware
creating build/lib/fm/api/controllers/v1
copying fm/api/controllers/v1/event_suppression.py -> build/lib/fm/api/controllers/v1
copying fm/api/controllers/v1/alarm.py -> build/lib/fm/api/controllers/v1
copying fm/api/controllers/v1/query.py -> build/lib/fm/api/controllers/v1
copying fm/api/controllers/v1/collection.py -> build/lib/fm/api/controllers/v1
copying fm/api/controllers/v1/__init__.py -> build/lib/fm/api/controllers/v1
copying fm/api/controllers/v1/event_log.py -> build/lib/fm/api/controllers/v1
copying fm/api/controllers/v1/link.py -> build/lib/fm/api/controllers/v1
copying fm/api/controllers/v1/utils.py -> build/lib/fm/api/controllers/v1
copying fm/api/controllers/v1/sysinv.py -> build/lib/fm/api/controllers/v1
copying fm/api/controllers/v1/types.py -> build/lib/fm/api/controllers/v1
copying fm/api/controllers/v1/base.py -> build/lib/fm/api/controllers/v1
copying fm/db/sqlalchemy/migrate_repo/migrate.cfg -> build/lib/fm/db/sqlalchemy/migrate_repo
+ exit 0
Executing(%install): /bin/sh -e /var/tmp/rpm-tmp.sYiB8r
+ umask 022
+ cd /builddir/build/BUILD
+ cd fm-rest-api-1.0
+ LANG=en_US.UTF-8
+ export LANG
+ unset DISPLAY
+ unset PYTHONOPTIMIZE
+ rm -rf /builddir/build/BUILDROOT/fm-rest-api-1.0-5.x86_64
+ mkdir -p /builddir/build/BUILDROOT/fm-rest-api-1.0-5.x86_64
+ export MAKEFLAGS=-j4
+ MAKEFLAGS=-j4
+ rm -rf /builddir/build/BUILDROOT/fm-rest-api-1.0-5.x86_64
+ python3 -tt setup.py build install --root=/builddir/build/BUILDROOT/fm-rest-api-1.0-5.x86_64
running build
running build_py
running install
running install_lib
creating /builddir/build/BUILDROOT/fm-rest-api-1.0-5.x86_64
creating /builddir/build/BUILDROOT/fm-rest-api-1.0-5.x86_64/usr
creating /builddir/build/BUILDROOT/fm-rest-api-1.0-5.x86_64/usr/lib
creating /builddir/build/BUILDROOT/fm-rest-api-1.0-5.x86_64/usr/lib/python3.7
creating /builddir/build/BUILDROOT/fm-rest-api-1.0-5.x86_64/usr/lib/python3.7/site-packages
creating /builddir/build/BUILDROOT/fm-rest-api-1.0-5.x86_64/usr/lib/python3.7/site-packages/fm
creating /builddir/build/BUILDROOT/fm-rest-api-1.0-5.x86_64/usr/lib/python3.7/site-packages/fm/cmd
copying build/lib/fm/cmd/__init__.py -> /builddir/build/BUILDROOT/fm-rest-api-1.0-5.x86_64/usr/lib/python3.7/site-packages/fm/cmd
copying build/lib/fm/cmd/dbsync.py -> /builddir/build/BUILDROOT/fm-rest-api-1.0-5.x86_64/usr/lib/python3.7/site-packages/fm/cmd
copying build/lib/fm/cmd/api.py -> /builddir/build/BUILDROOT/fm-rest-api-1.0-5.x86_64/usr/lib/python3.7/site-packages/fm/cmd
creating /builddir/build/BUILDROOT/fm-rest-api-1.0-5.x86_64/usr/lib/python3.7/site-packages/fm/db
copying build/lib/fm/db/__init__.py -> /builddir/build/BUILDROOT/fm-rest-api-1.0-5.x86_64/usr/lib/python3.7/site-packages/fm/db
copying build/lib/fm/db/migration.py -> /builddir/build/BUILDROOT/fm-rest-api-1.0-5.x86_64/usr/lib/python3.7/site-packages/fm/db
creating /builddir/build/BUILDROOT/fm-rest-api-1.0-5.x86_64/usr/lib/python3.7/site-packages/fm/db/sqlalchemy
copying build/lib/fm/db/sqlalchemy/models.py -> /builddir/build/BUILDROOT/fm-rest-api-1.0-5.x86_64/usr/lib/python3.7/site-packages/fm/db/sqlalchemy
creating /builddir/build/BUILDROOT/fm-rest-api-1.0-5.x86_64/usr/lib/python3.7/site-packages/fm/db/sqlalchemy/migrate_repo
copying build/lib/fm/db/sqlalchemy/migrate_repo/migrate.cfg -> /builddir/build/BUILDROOT/fm-rest-api-1.0-5.x86_64/usr/lib/python3.7/site-packages/fm/db/sqlalchemy/migrate_repo
copying build/lib/fm/db/sqlalchemy/migrate_repo/__init__.py -> /builddir/build/BUILDROOT/fm-rest-api-1.0-5.x86_64/usr/lib/python3.7/site-packages/fm/db/sqlalchemy/migrate_repo
creating /builddir/build/BUILDROOT/fm-rest-api-1.0-5.x86_64/usr/lib/python3.7/site-packages/fm/db/sqlalchemy/migrate_repo/versions
copying build/lib/fm/db/sqlalchemy/migrate_repo/versions/001_init.py -> /builddir/build/BUILDROOT/fm-rest-api-1.0-5.x86_64/usr/lib/python3.7/site-packages/fm/db/sqlalchemy/migrate_repo/versions
copying build/lib/fm/db/sqlalchemy/migrate_repo/versions/__init__.py -> /builddir/build/BUILDROOT/fm-rest-api-1.0-5.x86_64/usr/lib/python3.7/site-packages/fm/db/sqlalchemy/migrate_repo/versions
copying build/lib/fm/db/sqlalchemy/migrate_repo/manage.py -> /builddir/build/BUILDROOT/fm-rest-api-1.0-5.x86_64/usr/lib/python3.7/site-packages/fm/db/sqlalchemy/migrate_repo
copying build/lib/fm/db/sqlalchemy/__init__.py -> /builddir/build/BUILDROOT/fm-rest-api-1.0-5.x86_64/usr/lib/python3.7/site-packages/fm/db/sqlalchemy
copying build/lib/fm/db/sqlalchemy/migration.py -> /builddir/build/BUILDROOT/fm-rest-api-1.0-5.x86_64/usr/lib/python3.7/site-packages/fm/db/sqlalchemy
copying build/lib/fm/db/sqlalchemy/api.py -> /builddir/build/BUILDROOT/fm-rest-api-1.0-5.x86_64/usr/lib/python3.7/site-packages/fm/db/sqlalchemy
copying build/lib/fm/db/api.py -> /builddir/build/BUILDROOT/fm-rest-api-1.0-5.x86_64/usr/lib/python3.7/site-packages/fm/db
creating /builddir/build/BUILDROOT/fm-rest-api-1.0-5.x86_64/usr/lib/python3.7/site-packages/fm/objects
copying build/lib/fm/objects/event_suppression.py -> /builddir/build/BUILDROOT/fm-rest-api-1.0-5.x86_64/usr/lib/python3.7/site-packages/fm/objects
copying build/lib/fm/objects/alarm.py -> /builddir/build/BUILDROOT/fm-rest-api-1.0-5.x86_64/usr/lib/python3.7/site-packages/fm/objects
copying build/lib/fm/objects/__init__.py -> /builddir/build/BUILDROOT/fm-rest-api-1.0-5.x86_64/usr/lib/python3.7/site-packages/fm/objects
copying build/lib/fm/objects/event_log.py -> /builddir/build/BUILDROOT/fm-rest-api-1.0-5.x86_64/usr/lib/python3.7/site-packages/fm/objects
copying build/lib/fm/objects/utils.py -> /builddir/build/BUILDROOT/fm-rest-api-1.0-5.x86_64/usr/lib/python3.7/site-packages/fm/objects
copying build/lib/fm/objects/base.py -> /builddir/build/BUILDROOT/fm-rest-api-1.0-5.x86_64/usr/lib/python3.7/site-packages/fm/objects
copying build/lib/fm/__init__.py -> /builddir/build/BUILDROOT/fm-rest-api-1.0-5.x86_64/usr/lib/python3.7/site-packages/fm
creating /builddir/build/BUILDROOT/fm-rest-api-1.0-5.x86_64/usr/lib/python3.7/site-packages/fm/common
copying build/lib/fm/common/exceptions.py -> /builddir/build/BUILDROOT/fm-rest-api-1.0-5.x86_64/usr/lib/python3.7/site-packages/fm/common
copying build/lib/fm/common/timeutils.py -> /builddir/build/BUILDROOT/fm-rest-api-1.0-5.x86_64/usr/lib/python3.7/site-packages/fm/common
copying build/lib/fm/common/i18n.py -> /builddir/build/BUILDROOT/fm-rest-api-1.0-5.x86_64/usr/lib/python3.7/site-packages/fm/common
copying build/lib/fm/common/policy.py -> /builddir/build/BUILDROOT/fm-rest-api-1.0-5.x86_64/usr/lib/python3.7/site-packages/fm/common
copying build/lib/fm/common/__init__.py -> /builddir/build/BUILDROOT/fm-rest-api-1.0-5.x86_64/usr/lib/python3.7/site-packages/fm/common
copying build/lib/fm/common/context.py -> /builddir/build/BUILDROOT/fm-rest-api-1.0-5.x86_64/usr/lib/python3.7/site-packages/fm/common
copying build/lib/fm/common/utils.py -> /builddir/build/BUILDROOT/fm-rest-api-1.0-5.x86_64/usr/lib/python3.7/site-packages/fm/common
copying build/lib/fm/common/constants.py -> /builddir/build/BUILDROOT/fm-rest-api-1.0-5.x86_64/usr/lib/python3.7/site-packages/fm/common
creating /builddir/build/BUILDROOT/fm-rest-api-1.0-5.x86_64/usr/lib/python3.7/site-packages/fm/api
copying build/lib/fm/api/config.py -> /builddir/build/BUILDROOT/fm-rest-api-1.0-5.x86_64/usr/lib/python3.7/site-packages/fm/api
creating /builddir/build/BUILDROOT/fm-rest-api-1.0-5.x86_64/usr/lib/python3.7/site-packages/fm/api/controllers
copying build/lib/fm/api/controllers/root.py -> /builddir/build/BUILDROOT/fm-rest-api-1.0-5.x86_64/usr/lib/python3.7/site-packages/fm/api/controllers
creating /builddir/build/BUILDROOT/fm-rest-api-1.0-5.x86_64/usr/lib/python3.7/site-packages/fm/api/controllers/v1
copying build/lib/fm/api/controllers/v1/event_suppression.py -> /builddir/build/BUILDROOT/fm-rest-api-1.0-5.x86_64/usr/lib/python3.7/site-packages/fm/api/controllers/v1
copying build/lib/fm/api/controllers/v1/alarm.py -> /builddir/build/BUILDROOT/fm-rest-api-1.0-5.x86_64/usr/lib/python3.7/site-packages/fm/api/controllers/v1
copying build/lib/fm/api/controllers/v1/query.py -> /builddir/build/BUILDROOT/fm-rest-api-1.0-5.x86_64/usr/lib/python3.7/site-packages/fm/api/controllers/v1
copying build/lib/fm/api/controllers/v1/collection.py -> /builddir/build/BUILDROOT/fm-rest-api-1.0-5.x86_64/usr/lib/python3.7/site-packages/fm/api/controllers/v1
copying build/lib/fm/api/controllers/v1/__init__.py -> /builddir/build/BUILDROOT/fm-rest-api-1.0-5.x86_64/usr/lib/python3.7/site-packages/fm/api/controllers/v1
copying build/lib/fm/api/controllers/v1/event_log.py -> /builddir/build/BUILDROOT/fm-rest-api-1.0-5.x86_64/usr/lib/python3.7/site-packages/fm/api/controllers/v1
copying build/lib/fm/api/controllers/v1/link.py -> /builddir/build/BUILDROOT/fm-rest-api-1.0-5.x86_64/usr/lib/python3.7/site-packages/fm/api/controllers/v1
copying build/lib/fm/api/controllers/v1/utils.py -> /builddir/build/BUILDROOT/fm-rest-api-1.0-5.x86_64/usr/lib/python3.7/site-packages/fm/api/controllers/v1
copying build/lib/fm/api/controllers/v1/sysinv.py -> /builddir/build/BUILDROOT/fm-rest-api-1.0-5.x86_64/usr/lib/python3.7/site-packages/fm/api/controllers/v1
copying build/lib/fm/api/controllers/v1/types.py -> /builddir/build/BUILDROOT/fm-rest-api-1.0-5.x86_64/usr/lib/python3.7/site-packages/fm/api/controllers/v1
copying build/lib/fm/api/controllers/v1/base.py -> /builddir/build/BUILDROOT/fm-rest-api-1.0-5.x86_64/usr/lib/python3.7/site-packages/fm/api/controllers/v1
copying build/lib/fm/api/controllers/__init__.py -> /builddir/build/BUILDROOT/fm-rest-api-1.0-5.x86_64/usr/lib/python3.7/site-packages/fm/api/controllers
copying build/lib/fm/api/app.py -> /builddir/build/BUILDROOT/fm-rest-api-1.0-5.x86_64/usr/lib/python3.7/site-packages/fm/api
creating /builddir/build/BUILDROOT/fm-rest-api-1.0-5.x86_64/usr/lib/python3.7/site-packages/fm/api/middleware
copying build/lib/fm/api/middleware/parsable_error.py -> /builddir/build/BUILDROOT/fm-rest-api-1.0-5.x86_64/usr/lib/python3.7/site-packages/fm/api/middleware
copying build/lib/fm/api/middleware/auth_token.py -> /builddir/build/BUILDROOT/fm-rest-api-1.0-5.x86_64/usr/lib/python3.7/site-packages/fm/api/middleware
copying build/lib/fm/api/middleware/__init__.py -> /builddir/build/BUILDROOT/fm-rest-api-1.0-5.x86_64/usr/lib/python3.7/site-packages/fm/api/middleware
copying build/lib/fm/api/__init__.py -> /builddir/build/BUILDROOT/fm-rest-api-1.0-5.x86_64/usr/lib/python3.7/site-packages/fm/api
copying build/lib/fm/api/hooks.py -> /builddir/build/BUILDROOT/fm-rest-api-1.0-5.x86_64/usr/lib/python3.7/site-packages/fm/api
byte-compiling /builddir/build/BUILDROOT/fm-rest-api-1.0-5.x86_64/usr/lib/python3.7/site-packages/fm/cmd/__init__.py to __init__.cpython-37.pyc
byte-compiling /builddir/build/BUILDROOT/fm-rest-api-1.0-5.x86_64/usr/lib/python3.7/site-packages/fm/cmd/dbsync.py to dbsync.cpython-37.pyc
byte-compiling /builddir/build/BUILDROOT/fm-rest-api-1.0-5.x86_64/usr/lib/python3.7/site-packages/fm/cmd/api.py to api.cpython-37.pyc
byte-compiling /builddir/build/BUILDROOT/fm-rest-api-1.0-5.x86_64/usr/lib/python3.7/site-packages/fm/db/__init__.py to __init__.cpython-37.pyc
byte-compiling /builddir/build/BUILDROOT/fm-rest-api-1.0-5.x86_64/usr/lib/python3.7/site-packages/fm/db/migration.py to migration.cpython-37.pyc
byte-compiling /builddir/build/BUILDROOT/fm-rest-api-1.0-5.x86_64/usr/lib/python3.7/site-packages/fm/db/sqlalchemy/models.py to models.cpython-37.pyc
byte-compiling /builddir/build/BUILDROOT/fm-rest-api-1.0-5.x86_64/usr/lib/python3.7/site-packages/fm/db/sqlalchemy/migrate_repo/__init__.py to __init__.cpython-37.pyc
byte-compiling /builddir/build/BUILDROOT/fm-rest-api-1.0-5.x86_64/usr/lib/python3.7/site-packages/fm/db/sqlalchemy/migrate_repo/versions/001_init.py to 001_init.cpython-37.pyc
byte-compiling /builddir/build/BUILDROOT/fm-rest-api-1.0-5.x86_64/usr/lib/python3.7/site-packages/fm/db/sqlalchemy/migrate_repo/versions/__init__.py to __init__.cpython-37.pyc
byte-compiling /builddir/build/BUILDROOT/fm-rest-api-1.0-5.x86_64/usr/lib/python3.7/site-packages/fm/db/sqlalchemy/migrate_repo/manage.py to manage.cpython-37.pyc
byte-compiling /builddir/build/BUILDROOT/fm-rest-api-1.0-5.x86_64/usr/lib/python3.7/site-packages/fm/db/sqlalchemy/__init__.py to __init__.cpython-37.pyc
byte-compiling /builddir/build/BUILDROOT/fm-rest-api-1.0-5.x86_64/usr/lib/python3.7/site-packages/fm/db/sqlalchemy/migration.py to migration.cpython-37.pyc
byte-compiling /builddir/build/BUILDROOT/fm-rest-api-1.0-5.x86_64/usr/lib/python3.7/site-packages/fm/db/sqlalchemy/api.py to api.cpython-37.pyc
byte-compiling /builddir/build/BUILDROOT/fm-rest-api-1.0-5.x86_64/usr/lib/python3.7/site-packages/fm/db/api.py to api.cpython-37.pyc
byte-compiling /builddir/build/BUILDROOT/fm-rest-api-1.0-5.x86_64/usr/lib/python3.7/site-packages/fm/objects/event_suppression.py to event_suppression.cpython-37.pyc
byte-compiling /builddir/build/BUILDROOT/fm-rest-api-1.0-5.x86_64/usr/lib/python3.7/site-packages/fm/objects/alarm.py to alarm.cpython-37.pyc
byte-compiling /builddir/build/BUILDROOT/fm-rest-api-1.0-5.x86_64/usr/lib/python3.7/site-packages/fm/objects/__init__.py to __init__.cpython-37.pyc
byte-compiling /builddir/build/BUILDROOT/fm-rest-api-1.0-5.x86_64/usr/lib/python3.7/site-packages/fm/objects/event_log.py to event_log.cpython-37.pyc
byte-compiling /builddir/build/BUILDROOT/fm-rest-api-1.0-5.x86_64/usr/lib/python3.7/site-packages/fm/objects/utils.py to utils.cpython-37.pyc
byte-compiling /builddir/build/BUILDROOT/fm-rest-api-1.0-5.x86_64/usr/lib/python3.7/site-packages/fm/objects/base.py to base.cpython-37.pyc
byte-compiling /builddir/build/BUILDROOT/fm-rest-api-1.0-5.x86_64/usr/lib/python3.7/site-packages/fm/__init__.py to __init__.cpython-37.pyc
byte-compiling /builddir/build/BUILDROOT/fm-rest-api-1.0-5.x86_64/usr/lib/python3.7/site-packages/fm/common/exceptions.py to exceptions.cpython-37.pyc
byte-compiling /builddir/build/BUILDROOT/fm-rest-api-1.0-5.x86_64/usr/lib/python3.7/site-packages/fm/common/timeutils.py to timeutils.cpython-37.pyc
byte-compiling /builddir/build/BUILDROOT/fm-rest-api-1.0-5.x86_64/usr/lib/python3.7/site-packages/fm/common/i18n.py to i18n.cpython-37.pyc
byte-compiling /builddir/build/BUILDROOT/fm-rest-api-1.0-5.x86_64/usr/lib/python3.7/site-packages/fm/common/policy.py to policy.cpython-37.pyc
byte-compiling /builddir/build/BUILDROOT/fm-rest-api-1.0-5.x86_64/usr/lib/python3.7/site-packages/fm/common/__init__.py to __init__.cpython-37.pyc
byte-compiling /builddir/build/BUILDROOT/fm-rest-api-1.0-5.x86_64/usr/lib/python3.7/site-packages/fm/common/context.py to context.cpython-37.pyc
byte-compiling /builddir/build/BUILDROOT/fm-rest-api-1.0-5.x86_64/usr/lib/python3.7/site-packages/fm/common/utils.py to utils.cpython-37.pyc
byte-compiling /builddir/build/BUILDROOT/fm-rest-api-1.0-5.x86_64/usr/lib/python3.7/site-packages/fm/common/constants.py to constants.cpython-37.pyc
byte-compiling /builddir/build/BUILDROOT/fm-rest-api-1.0-5.x86_64/usr/lib/python3.7/site-packages/fm/api/config.py to config.cpython-37.pyc
byte-compiling /builddir/build/BUILDROOT/fm-rest-api-1.0-5.x86_64/usr/lib/python3.7/site-packages/fm/api/controllers/root.py to root.cpython-37.pyc
byte-compiling /builddir/build/BUILDROOT/fm-rest-api-1.0-5.x86_64/usr/lib/python3.7/site-packages/fm/api/controllers/v1/event_suppression.py to event_suppression.cpython-37.pyc
byte-compiling /builddir/build/BUILDROOT/fm-rest-api-1.0-5.x86_64/usr/lib/python3.7/site-packages/fm/api/controllers/v1/alarm.py to alarm.cpython-37.pyc
byte-compiling /builddir/build/BUILDROOT/fm-rest-api-1.0-5.x86_64/usr/lib/python3.7/site-packages/fm/api/controllers/v1/query.py to query.cpython-37.pyc
byte-compiling /builddir/build/BUILDROOT/fm-rest-api-1.0-5.x86_64/usr/lib/python3.7/site-packages/fm/api/controllers/v1/collection.py to collection.cpython-37.pyc
byte-compiling /builddir/build/BUILDROOT/fm-rest-api-1.0-5.x86_64/usr/lib/python3.7/site-packages/fm/api/controllers/v1/__init__.py to __init__.cpython-37.pyc
byte-compiling /builddir/build/BUILDROOT/fm-rest-api-1.0-5.x86_64/usr/lib/python3.7/site-packages/fm/api/controllers/v1/event_log.py to event_log.cpython-37.pyc
byte-compiling /builddir/build/BUILDROOT/fm-rest-api-1.0-5.x86_64/usr/lib/python3.7/site-packages/fm/api/controllers/v1/link.py to link.cpython-37.pyc
byte-compiling /builddir/build/BUILDROOT/fm-rest-api-1.0-5.x86_64/usr/lib/python3.7/site-packages/fm/api/controllers/v1/utils.py to utils.cpython-37.pyc
byte-compiling /builddir/build/BUILDROOT/fm-rest-api-1.0-5.x86_64/usr/lib/python3.7/site-packages/fm/api/controllers/v1/sysinv.py to sysinv.cpython-37.pyc
byte-compiling /builddir/build/BUILDROOT/fm-rest-api-1.0-5.x86_64/usr/lib/python3.7/site-packages/fm/api/controllers/v1/types.py to types.cpython-37.pyc
byte-compiling /builddir/build/BUILDROOT/fm-rest-api-1.0-5.x86_64/usr/lib/python3.7/site-packages/fm/api/controllers/v1/base.py to base.cpython-37.pyc
byte-compiling /builddir/build/BUILDROOT/fm-rest-api-1.0-5.x86_64/usr/lib/python3.7/site-packages/fm/api/controllers/__init__.py to __init__.cpython-37.pyc
byte-compiling /builddir/build/BUILDROOT/fm-rest-api-1.0-5.x86_64/usr/lib/python3.7/site-packages/fm/api/app.py to app.cpython-37.pyc
byte-compiling /builddir/build/BUILDROOT/fm-rest-api-1.0-5.x86_64/usr/lib/python3.7/site-packages/fm/api/middleware/parsable_error.py to parsable_error.cpython-37.pyc
byte-compiling /builddir/build/BUILDROOT/fm-rest-api-1.0-5.x86_64/usr/lib/python3.7/site-packages/fm/api/middleware/auth_token.py to auth_token.cpython-37.pyc
byte-compiling /builddir/build/BUILDROOT/fm-rest-api-1.0-5.x86_64/usr/lib/python3.7/site-packages/fm/api/middleware/__init__.py to __init__.cpython-37.pyc
byte-compiling /builddir/build/BUILDROOT/fm-rest-api-1.0-5.x86_64/usr/lib/python3.7/site-packages/fm/api/__init__.py to __init__.cpython-37.pyc
byte-compiling /builddir/build/BUILDROOT/fm-rest-api-1.0-5.x86_64/usr/lib/python3.7/site-packages/fm/api/hooks.py to hooks.cpython-37.pyc
running install_egg_info
running egg_info
creating fm.egg-info
writing fm.egg-info/PKG-INFO
writing dependency_links to fm.egg-info/dependency_links.txt
writing entry points to fm.egg-info/entry_points.txt
writing top-level names to fm.egg-info/top_level.txt
writing manifest file 'fm.egg-info/SOURCES.txt'
reading manifest file 'fm.egg-info/SOURCES.txt'
writing manifest file 'fm.egg-info/SOURCES.txt'
Copying fm.egg-info to /builddir/build/BUILDROOT/fm-rest-api-1.0-5.x86_64/usr/lib/python3.7/site-packages/fm-1.0.0-py3.7.egg-info
running install_scripts
Installing fm-api script to /builddir/build/BUILDROOT/fm-rest-api-1.0-5.x86_64/usr/bin
Installing fm-dbsync script to /builddir/build/BUILDROOT/fm-rest-api-1.0-5.x86_64/usr/bin
+ echo '----[' mark ']----'
----[ mark ]----
+ cat '/builddir/build/BUILDROOT/fm-rest-api-1.0-5.x86_64/usr/lib/python3*/site-packages/*/requires.txt'
cat: '/builddir/build/BUILDROOT/fm-rest-api-1.0-5.x86_64/usr/lib/python3*/site-packages/*/requires.txt': No such file or directory
+ :
----[ mark ]----
Start install
+ echo '----[' mark ']----'
+ echo 'Start install'
+ export PBR_VERSION=1.0
+ PBR_VERSION=1.0
+ /usr/bin/python setup.py install --root=/builddir/build/BUILDROOT/fm-rest-api-1.0-5.x86_64 --install-lib=/usr/lib64/python2.7/site-packages --prefix=/usr --install-data=/usr/share --single-version-externally-managed
running install
running build
running build_py
running install_lib
creating /builddir/build/BUILDROOT/fm-rest-api-1.0-5.x86_64/usr/lib64
creating /builddir/build/BUILDROOT/fm-rest-api-1.0-5.x86_64/usr/lib64/python2.7
creating /builddir/build/BUILDROOT/fm-rest-api-1.0-5.x86_64/usr/lib64/python2.7/site-packages
creating /builddir/build/BUILDROOT/fm-rest-api-1.0-5.x86_64/usr/lib64/python2.7/site-packages/fm
creating /builddir/build/BUILDROOT/fm-rest-api-1.0-5.x86_64/usr/lib64/python2.7/site-packages/fm/cmd
copying build/lib/fm/cmd/__init__.py -> /builddir/build/BUILDROOT/fm-rest-api-1.0-5.x86_64/usr/lib64/python2.7/site-packages/fm/cmd
copying build/lib/fm/cmd/dbsync.py -> /builddir/build/BUILDROOT/fm-rest-api-1.0-5.x86_64/usr/lib64/python2.7/site-packages/fm/cmd
copying build/lib/fm/cmd/api.py -> /builddir/build/BUILDROOT/fm-rest-api-1.0-5.x86_64/usr/lib64/python2.7/site-packages/fm/cmd
creating /builddir/build/BUILDROOT/fm-rest-api-1.0-5.x86_64/usr/lib64/python2.7/site-packages/fm/db
copying build/lib/fm/db/__init__.py -> /builddir/build/BUILDROOT/fm-rest-api-1.0-5.x86_64/usr/lib64/python2.7/site-packages/fm/db
copying build/lib/fm/db/migration.py -> /builddir/build/BUILDROOT/fm-rest-api-1.0-5.x86_64/usr/lib64/python2.7/site-packages/fm/db
creating /builddir/build/BUILDROOT/fm-rest-api-1.0-5.x86_64/usr/lib64/python2.7/site-packages/fm/db/sqlalchemy
copying build/lib/fm/db/sqlalchemy/models.py -> /builddir/build/BUILDROOT/fm-rest-api-1.0-5.x86_64/usr/lib64/python2.7/site-packages/fm/db/sqlalchemy
creating /builddir/build/BUILDROOT/fm-rest-api-1.0-5.x86_64/usr/lib64/python2.7/site-packages/fm/db/sqlalchemy/migrate_repo
copying build/lib/fm/db/sqlalchemy/migrate_repo/migrate.cfg -> /builddir/build/BUILDROOT/fm-rest-api-1.0-5.x86_64/usr/lib64/python2.7/site-packages/fm/db/sqlalchemy/migrate_repo
copying build/lib/fm/db/sqlalchemy/migrate_repo/__init__.py -> /builddir/build/BUILDROOT/fm-rest-api-1.0-5.x86_64/usr/lib64/python2.7/site-packages/fm/db/sqlalchemy/migrate_repo
creating /builddir/build/BUILDROOT/fm-rest-api-1.0-5.x86_64/usr/lib64/python2.7/site-packages/fm/db/sqlalchemy/migrate_repo/versions
copying build/lib/fm/db/sqlalchemy/migrate_repo/versions/001_init.py -> /builddir/build/BUILDROOT/fm-rest-api-1.0-5.x86_64/usr/lib64/python2.7/site-packages/fm/db/sqlalchemy/migrate_repo/versions
copying build/lib/fm/db/sqlalchemy/migrate_repo/versions/__init__.py -> /builddir/build/BUILDROOT/fm-rest-api-1.0-5.x86_64/usr/lib64/python2.7/site-packages/fm/db/sqlalchemy/migrate_repo/versions
copying build/lib/fm/db/sqlalchemy/migrate_repo/manage.py -> /builddir/build/BUILDROOT/fm-rest-api-1.0-5.x86_64/usr/lib64/python2.7/site-packages/fm/db/sqlalchemy/migrate_repo
copying build/lib/fm/db/sqlalchemy/__init__.py -> /builddir/build/BUILDROOT/fm-rest-api-1.0-5.x86_64/usr/lib64/python2.7/site-packages/fm/db/sqlalchemy
copying build/lib/fm/db/sqlalchemy/migration.py -> /builddir/build/BUILDROOT/fm-rest-api-1.0-5.x86_64/usr/lib64/python2.7/site-packages/fm/db/sqlalchemy
copying build/lib/fm/db/sqlalchemy/api.py -> /builddir/build/BUILDROOT/fm-rest-api-1.0-5.x86_64/usr/lib64/python2.7/site-packages/fm/db/sqlalchemy
copying build/lib/fm/db/api.py -> /builddir/build/BUILDROOT/fm-rest-api-1.0-5.x86_64/usr/lib64/python2.7/site-packages/fm/db
creating /builddir/build/BUILDROOT/fm-rest-api-1.0-5.x86_64/usr/lib64/python2.7/site-packages/fm/objects
copying build/lib/fm/objects/event_suppression.py -> /builddir/build/BUILDROOT/fm-rest-api-1.0-5.x86_64/usr/lib64/python2.7/site-packages/fm/objects
copying build/lib/fm/objects/alarm.py -> /builddir/build/BUILDROOT/fm-rest-api-1.0-5.x86_64/usr/lib64/python2.7/site-packages/fm/objects
copying build/lib/fm/objects/__init__.py -> /builddir/build/BUILDROOT/fm-rest-api-1.0-5.x86_64/usr/lib64/python2.7/site-packages/fm/objects
copying build/lib/fm/objects/event_log.py -> /builddir/build/BUILDROOT/fm-rest-api-1.0-5.x86_64/usr/lib64/python2.7/site-packages/fm/objects
copying build/lib/fm/objects/utils.py -> /builddir/build/BUILDROOT/fm-rest-api-1.0-5.x86_64/usr/lib64/python2.7/site-packages/fm/objects
copying build/lib/fm/objects/base.py -> /builddir/build/BUILDROOT/fm-rest-api-1.0-5.x86_64/usr/lib64/python2.7/site-packages/fm/objects
copying build/lib/fm/__init__.py -> /builddir/build/BUILDROOT/fm-rest-api-1.0-5.x86_64/usr/lib64/python2.7/site-packages/fm
creating /builddir/build/BUILDROOT/fm-rest-api-1.0-5.x86_64/usr/lib64/python2.7/site-packages/fm/common
copying build/lib/fm/common/exceptions.py -> /builddir/build/BUILDROOT/fm-rest-api-1.0-5.x86_64/usr/lib64/python2.7/site-packages/fm/common
copying build/lib/fm/common/timeutils.py -> /builddir/build/BUILDROOT/fm-rest-api-1.0-5.x86_64/usr/lib64/python2.7/site-packages/fm/common
copying build/lib/fm/common/i18n.py -> /builddir/build/BUILDROOT/fm-rest-api-1.0-5.x86_64/usr/lib64/python2.7/site-packages/fm/common
copying build/lib/fm/common/policy.py -> /builddir/build/BUILDROOT/fm-rest-api-1.0-5.x86_64/usr/lib64/python2.7/site-packages/fm/common
copying build/lib/fm/common/__init__.py -> /builddir/build/BUILDROOT/fm-rest-api-1.0-5.x86_64/usr/lib64/python2.7/site-packages/fm/common
copying build/lib/fm/common/context.py -> /builddir/build/BUILDROOT/fm-rest-api-1.0-5.x86_64/usr/lib64/python2.7/site-packages/fm/common
copying build/lib/fm/common/utils.py -> /builddir/build/BUILDROOT/fm-rest-api-1.0-5.x86_64/usr/lib64/python2.7/site-packages/fm/common
copying build/lib/fm/common/constants.py -> /builddir/build/BUILDROOT/fm-rest-api-1.0-5.x86_64/usr/lib64/python2.7/site-packages/fm/common
creating /builddir/build/BUILDROOT/fm-rest-api-1.0-5.x86_64/usr/lib64/python2.7/site-packages/fm/api
copying build/lib/fm/api/config.py -> /builddir/build/BUILDROOT/fm-rest-api-1.0-5.x86_64/usr/lib64/python2.7/site-packages/fm/api
creating /builddir/build/BUILDROOT/fm-rest-api-1.0-5.x86_64/usr/lib64/python2.7/site-packages/fm/api/controllers
copying build/lib/fm/api/controllers/root.py -> /builddir/build/BUILDROOT/fm-rest-api-1.0-5.x86_64/usr/lib64/python2.7/site-packages/fm/api/controllers
creating /builddir/build/BUILDROOT/fm-rest-api-1.0-5.x86_64/usr/lib64/python2.7/site-packages/fm/api/controllers/v1
copying build/lib/fm/api/controllers/v1/event_suppression.py -> /builddir/build/BUILDROOT/fm-rest-api-1.0-5.x86_64/usr/lib64/python2.7/site-packages/fm/api/controllers/v1
copying build/lib/fm/api/controllers/v1/alarm.py -> /builddir/build/BUILDROOT/fm-rest-api-1.0-5.x86_64/usr/lib64/python2.7/site-packages/fm/api/controllers/v1
copying build/lib/fm/api/controllers/v1/query.py -> /builddir/build/BUILDROOT/fm-rest-api-1.0-5.x86_64/usr/lib64/python2.7/site-packages/fm/api/controllers/v1
copying build/lib/fm/api/controllers/v1/collection.py -> /builddir/build/BUILDROOT/fm-rest-api-1.0-5.x86_64/usr/lib64/python2.7/site-packages/fm/api/controllers/v1
copying build/lib/fm/api/controllers/v1/__init__.py -> /builddir/build/BUILDROOT/fm-rest-api-1.0-5.x86_64/usr/lib64/python2.7/site-packages/fm/api/controllers/v1
copying build/lib/fm/api/controllers/v1/event_log.py -> /builddir/build/BUILDROOT/fm-rest-api-1.0-5.x86_64/usr/lib64/python2.7/site-packages/fm/api/controllers/v1
copying build/lib/fm/api/controllers/v1/link.py -> /builddir/build/BUILDROOT/fm-rest-api-1.0-5.x86_64/usr/lib64/python2.7/site-packages/fm/api/controllers/v1
copying build/lib/fm/api/controllers/v1/utils.py -> /builddir/build/BUILDROOT/fm-rest-api-1.0-5.x86_64/usr/lib64/python2.7/site-packages/fm/api/controllers/v1
copying build/lib/fm/api/controllers/v1/sysinv.py -> /builddir/build/BUILDROOT/fm-rest-api-1.0-5.x86_64/usr/lib64/python2.7/site-packages/fm/api/controllers/v1
copying build/lib/fm/api/controllers/v1/types.py -> /builddir/build/BUILDROOT/fm-rest-api-1.0-5.x86_64/usr/lib64/python2.7/site-packages/fm/api/controllers/v1
copying build/lib/fm/api/controllers/v1/base.py -> /builddir/build/BUILDROOT/fm-rest-api-1.0-5.x86_64/usr/lib64/python2.7/site-packages/fm/api/controllers/v1
copying build/lib/fm/api/controllers/__init__.py -> /builddir/build/BUILDROOT/fm-rest-api-1.0-5.x86_64/usr/lib64/python2.7/site-packages/fm/api/controllers
copying build/lib/fm/api/app.py -> /builddir/build/BUILDROOT/fm-rest-api-1.0-5.x86_64/usr/lib64/python2.7/site-packages/fm/api
creating /builddir/build/BUILDROOT/fm-rest-api-1.0-5.x86_64/usr/lib64/python2.7/site-packages/fm/api/middleware
copying build/lib/fm/api/middleware/parsable_error.py -> /builddir/build/BUILDROOT/fm-rest-api-1.0-5.x86_64/usr/lib64/python2.7/site-packages/fm/api/middleware
copying build/lib/fm/api/middleware/auth_token.py -> /builddir/build/BUILDROOT/fm-rest-api-1.0-5.x86_64/usr/lib64/python2.7/site-packages/fm/api/middleware
copying build/lib/fm/api/middleware/__init__.py -> /builddir/build/BUILDROOT/fm-rest-api-1.0-5.x86_64/usr/lib64/python2.7/site-packages/fm/api/middleware
copying build/lib/fm/api/__init__.py -> /builddir/build/BUILDROOT/fm-rest-api-1.0-5.x86_64/usr/lib64/python2.7/site-packages/fm/api
copying build/lib/fm/api/hooks.py -> /builddir/build/BUILDROOT/fm-rest-api-1.0-5.x86_64/usr/lib64/python2.7/site-packages/fm/api
byte-compiling /builddir/build/BUILDROOT/fm-rest-api-1.0-5.x86_64/usr/lib64/python2.7/site-packages/fm/cmd/__init__.py to __init__.cpython-37.pyc
byte-compiling /builddir/build/BUILDROOT/fm-rest-api-1.0-5.x86_64/usr/lib64/python2.7/site-packages/fm/cmd/dbsync.py to dbsync.cpython-37.pyc
byte-compiling /builddir/build/BUILDROOT/fm-rest-api-1.0-5.x86_64/usr/lib64/python2.7/site-packages/fm/cmd/api.py to api.cpython-37.pyc
byte-compiling /builddir/build/BUILDROOT/fm-rest-api-1.0-5.x86_64/usr/lib64/python2.7/site-packages/fm/db/__init__.py to __init__.cpython-37.pyc
byte-compiling /builddir/build/BUILDROOT/fm-rest-api-1.0-5.x86_64/usr/lib64/python2.7/site-packages/fm/db/migration.py to migration.cpython-37.pyc
byte-compiling /builddir/build/BUILDROOT/fm-rest-api-1.0-5.x86_64/usr/lib64/python2.7/site-packages/fm/db/sqlalchemy/models.py to models.cpython-37.pyc
byte-compiling /builddir/build/BUILDROOT/fm-rest-api-1.0-5.x86_64/usr/lib64/python2.7/site-packages/fm/db/sqlalchemy/migrate_repo/__init__.py to __init__.cpython-37.pyc
byte-compiling /builddir/build/BUILDROOT/fm-rest-api-1.0-5.x86_64/usr/lib64/python2.7/site-packages/fm/db/sqlalchemy/migrate_repo/versions/001_init.py to 001_init.cpython-37.pyc
byte-compiling /builddir/build/BUILDROOT/fm-rest-api-1.0-5.x86_64/usr/lib64/python2.7/site-packages/fm/db/sqlalchemy/migrate_repo/versions/__init__.py to __init__.cpython-37.pyc
byte-compiling /builddir/build/BUILDROOT/fm-rest-api-1.0-5.x86_64/usr/lib64/python2.7/site-packages/fm/db/sqlalchemy/migrate_repo/manage.py to manage.cpython-37.pyc
byte-compiling /builddir/build/BUILDROOT/fm-rest-api-1.0-5.x86_64/usr/lib64/python2.7/site-packages/fm/db/sqlalchemy/__init__.py to __init__.cpython-37.pyc
byte-compiling /builddir/build/BUILDROOT/fm-rest-api-1.0-5.x86_64/usr/lib64/python2.7/site-packages/fm/db/sqlalchemy/migration.py to migration.cpython-37.pyc
byte-compiling /builddir/build/BUILDROOT/fm-rest-api-1.0-5.x86_64/usr/lib64/python2.7/site-packages/fm/db/sqlalchemy/api.py to api.cpython-37.pyc
byte-compiling /builddir/build/BUILDROOT/fm-rest-api-1.0-5.x86_64/usr/lib64/python2.7/site-packages/fm/db/api.py to api.cpython-37.pyc
byte-compiling /builddir/build/BUILDROOT/fm-rest-api-1.0-5.x86_64/usr/lib64/python2.7/site-packages/fm/objects/event_suppression.py to event_suppression.cpython-37.pyc
byte-compiling /builddir/build/BUILDROOT/fm-rest-api-1.0-5.x86_64/usr/lib64/python2.7/site-packages/fm/objects/alarm.py to alarm.cpython-37.pyc
byte-compiling /builddir/build/BUILDROOT/fm-rest-api-1.0-5.x86_64/usr/lib64/python2.7/site-packages/fm/objects/__init__.py to __init__.cpython-37.pyc
byte-compiling /builddir/build/BUILDROOT/fm-rest-api-1.0-5.x86_64/usr/lib64/python2.7/site-packages/fm/objects/event_log.py to event_log.cpython-37.pyc
byte-compiling /builddir/build/BUILDROOT/fm-rest-api-1.0-5.x86_64/usr/lib64/python2.7/site-packages/fm/objects/utils.py to utils.cpython-37.pyc
byte-compiling /builddir/build/BUILDROOT/fm-rest-api-1.0-5.x86_64/usr/lib64/python2.7/site-packages/fm/objects/base.py to base.cpython-37.pyc
byte-compiling /builddir/build/BUILDROOT/fm-rest-api-1.0-5.x86_64/usr/lib64/python2.7/site-packages/fm/__init__.py to __init__.cpython-37.pyc
byte-compiling /builddir/build/BUILDROOT/fm-rest-api-1.0-5.x86_64/usr/lib64/python2.7/site-packages/fm/common/exceptions.py to exceptions.cpython-37.pyc
byte-compiling /builddir/build/BUILDROOT/fm-rest-api-1.0-5.x86_64/usr/lib64/python2.7/site-packages/fm/common/timeutils.py to timeutils.cpython-37.pyc
byte-compiling /builddir/build/BUILDROOT/fm-rest-api-1.0-5.x86_64/usr/lib64/python2.7/site-packages/fm/common/i18n.py to i18n.cpython-37.pyc
byte-compiling /builddir/build/BUILDROOT/fm-rest-api-1.0-5.x86_64/usr/lib64/python2.7/site-packages/fm/common/policy.py to policy.cpython-37.pyc
byte-compiling /builddir/build/BUILDROOT/fm-rest-api-1.0-5.x86_64/usr/lib64/python2.7/site-packages/fm/common/__init__.py to __init__.cpython-37.pyc
byte-compiling /builddir/build/BUILDROOT/fm-rest-api-1.0-5.x86_64/usr/lib64/python2.7/site-packages/fm/common/context.py to context.cpython-37.pyc
byte-compiling /builddir/build/BUILDROOT/fm-rest-api-1.0-5.x86_64/usr/lib64/python2.7/site-packages/fm/common/utils.py to utils.cpython-37.pyc
byte-compiling /builddir/build/BUILDROOT/fm-rest-api-1.0-5.x86_64/usr/lib64/python2.7/site-packages/fm/common/constants.py to constants.cpython-37.pyc
byte-compiling /builddir/build/BUILDROOT/fm-rest-api-1.0-5.x86_64/usr/lib64/python2.7/site-packages/fm/api/config.py to config.cpython-37.pyc
byte-compiling /builddir/build/BUILDROOT/fm-rest-api-1.0-5.x86_64/usr/lib64/python2.7/site-packages/fm/api/controllers/root.py to root.cpython-37.pyc
byte-compiling /builddir/build/BUILDROOT/fm-rest-api-1.0-5.x86_64/usr/lib64/python2.7/site-packages/fm/api/controllers/v1/event_suppression.py to event_suppression.cpython-37.pyc
byte-compiling /builddir/build/BUILDROOT/fm-rest-api-1.0-5.x86_64/usr/lib64/python2.7/site-packages/fm/api/controllers/v1/alarm.py to alarm.cpython-37.pyc
byte-compiling /builddir/build/BUILDROOT/fm-rest-api-1.0-5.x86_64/usr/lib64/python2.7/site-packages/fm/api/controllers/v1/query.py to query.cpython-37.pyc
byte-compiling /builddir/build/BUILDROOT/fm-rest-api-1.0-5.x86_64/usr/lib64/python2.7/site-packages/fm/api/controllers/v1/collection.py to collection.cpython-37.pyc
byte-compiling /builddir/build/BUILDROOT/fm-rest-api-1.0-5.x86_64/usr/lib64/python2.7/site-packages/fm/api/controllers/v1/__init__.py to __init__.cpython-37.pyc
byte-compiling /builddir/build/BUILDROOT/fm-rest-api-1.0-5.x86_64/usr/lib64/python2.7/site-packages/fm/api/controllers/v1/event_log.py to event_log.cpython-37.pyc
byte-compiling /builddir/build/BUILDROOT/fm-rest-api-1.0-5.x86_64/usr/lib64/python2.7/site-packages/fm/api/controllers/v1/link.py to link.cpython-37.pyc
byte-compiling /builddir/build/BUILDROOT/fm-rest-api-1.0-5.x86_64/usr/lib64/python2.7/site-packages/fm/api/controllers/v1/utils.py to utils.cpython-37.pyc
byte-compiling /builddir/build/BUILDROOT/fm-rest-api-1.0-5.x86_64/usr/lib64/python2.7/site-packages/fm/api/controllers/v1/sysinv.py to sysinv.cpython-37.pyc
byte-compiling /builddir/build/BUILDROOT/fm-rest-api-1.0-5.x86_64/usr/lib64/python2.7/site-packages/fm/api/controllers/v1/types.py to types.cpython-37.pyc
byte-compiling /builddir/build/BUILDROOT/fm-rest-api-1.0-5.x86_64/usr/lib64/python2.7/site-packages/fm/api/controllers/v1/base.py to base.cpython-37.pyc
byte-compiling /builddir/build/BUILDROOT/fm-rest-api-1.0-5.x86_64/usr/lib64/python2.7/site-packages/fm/api/controllers/__init__.py to __init__.cpython-37.pyc
byte-compiling /builddir/build/BUILDROOT/fm-rest-api-1.0-5.x86_64/usr/lib64/python2.7/site-packages/fm/api/app.py to app.cpython-37.pyc
byte-compiling /builddir/build/BUILDROOT/fm-rest-api-1.0-5.x86_64/usr/lib64/python2.7/site-packages/fm/api/middleware/parsable_error.py to parsable_error.cpython-37.pyc
byte-compiling /builddir/build/BUILDROOT/fm-rest-api-1.0-5.x86_64/usr/lib64/python2.7/site-packages/fm/api/middleware/auth_token.py to auth_token.cpython-37.pyc
byte-compiling /builddir/build/BUILDROOT/fm-rest-api-1.0-5.x86_64/usr/lib64/python2.7/site-packages/fm/api/middleware/__init__.py to __init__.cpython-37.pyc
byte-compiling /builddir/build/BUILDROOT/fm-rest-api-1.0-5.x86_64/usr/lib64/python2.7/site-packages/fm/api/__init__.py to __init__.cpython-37.pyc
byte-compiling /builddir/build/BUILDROOT/fm-rest-api-1.0-5.x86_64/usr/lib64/python2.7/site-packages/fm/api/hooks.py to hooks.cpython-37.pyc
running install_egg_info
running egg_info
writing fm.egg-info/PKG-INFO
writing dependency_links to fm.egg-info/dependency_links.txt
writing entry points to fm.egg-info/entry_points.txt
writing top-level names to fm.egg-info/top_level.txt
reading manifest file 'fm.egg-info/SOURCES.txt'
writing manifest file 'fm.egg-info/SOURCES.txt'
Copying fm.egg-info to /builddir/build/BUILDROOT/fm-rest-api-1.0-5.x86_64/usr/lib64/python2.7/site-packages/fm-1.0.0-py3.7.egg-info
running install_scripts
Installing fm-api script to /builddir/build/BUILDROOT/fm-rest-api-1.0-5.x86_64/usr/bin
Installing fm-dbsync script to /builddir/build/BUILDROOT/fm-rest-api-1.0-5.x86_64/usr/bin
+ install -p -D -m 644 scripts/fm-api.service /builddir/build/BUILDROOT/fm-rest-api-1.0-5.x86_64/usr/lib/systemd/system//fm-api.service
+ install -d -m 755 /builddir/build/BUILDROOT/fm-rest-api-1.0-5.x86_64/usr/local/etc/rc.d/init.d
+ install -p -D -m 755 scripts/fm-api /builddir/build/BUILDROOT/fm-rest-api-1.0-5.x86_64/usr/local/etc/rc.d/init.d/fm-api
+ install -d -m 755 /builddir/build/BUILDROOT/fm-rest-api-1.0-5.x86_64/usr/local/etc/pmon.d/
+ install -p -D -m 644 fm-api-pmond.conf /builddir/build/BUILDROOT/fm-rest-api-1.0-5.x86_64/usr/local/etc/pmon.d//fm-api.conf
+ cd /builddir/build/BUILD/fm-rest-api-1.0
+ oslo-config-generator --config-file fm/config-generator.conf --output-file /builddir/build/BUILD/fm-rest-api-1.0/fm.conf.sample
WARNING:stevedore.named:Could not load keystonemiddleware.auth_token, oslo.policy, fm.api.conf
+ install -p -D -m 644 /builddir/build/BUILD/fm-rest-api-1.0/fm.conf.sample /builddir/build/BUILDROOT/fm-rest-api-1.0-5.x86_64/etc/fm/fm.conf
+ rm -f /builddir/build/BUILDROOT/fm-rest-api-1.0-5.x86_64/usr/share/info/dir
++ find /builddir/build/BUILDROOT/fm-rest-api-1.0-5.x86_64 -path 'etc/*' '!' -type d
+ test -z ''
+ rm -rf /builddir/build/BUILDROOT/fm-rest-api-1.0-5.x86_64/etc/fm
+ rm -rf '/builddir/build/BUILDROOT/fm-rest-api-1.0-5.x86_64/usr/share/factory/*'
+ find /builddir/build/BUILDROOT/fm-rest-api-1.0-5.x86_64 -name __pycache__
+ xargs rm -rf --
+ '[' -d /builddir/build/BUILDROOT/fm-rest-api-1.0-5.x86_64/usr/share/mime ']'
++ getconf _NPROCESSORS_ONLN
+ RPM_XARGS_PFLAG=-P4
+ find /builddir/build/BUILDROOT/fm-rest-api-1.0-5.x86_64 -name '*.so.avx512' -print0
+ xargs -0rtn1 -P4 python /usr/share/clr-avx-tools/avxjudge.py -q -5
+ find /builddir/build/BUILDROOT/fm-rest-api-1.0-5.x86_64/usr/lib64/haswell/avx512_1 -name '*.so*' -print0
find: ‘/builddir/build/BUILDROOT/fm-rest-api-1.0-5.x86_64/usr/lib64/haswell/avx512_1’: No such file or directory
+ find /builddir/build/BUILDROOT/fm-rest-api-1.0-5.x86_64 -name '*.so.avx2' -print0
+ xargs -0rtn1 -P4 python /usr/share/clr-avx-tools/avxjudge.py -q -2
+ find /builddir/build/BUILDROOT/fm-rest-api-1.0-5.x86_64/usr/lib64/haswell '!' -path '/usr/lib64/haswell/avx512_1/*' -name '*.so*' -print0
find: ‘/builddir/build/BUILDROOT/fm-rest-api-1.0-5.x86_64/usr/lib64/haswell’: No such file or directory
+ xargs -0rtn1 -P4 /usr/lib/rpm/clr/brp-create-abi
+ sort -u
+ find /builddir/build/BUILDROOT/fm-rest-api-1.0-5.x86_64/usr/lib64/ -maxdepth 1 -name '*.so*' -type f -print0
+ /usr/lib/rpm/find-debuginfo.sh --strict-build-id /builddir/build/BUILD/fm-rest-api-1.0
find: ‘debug’: No such file or directory
+ '[' -d /builddir/build/BUILDROOT/fm-rest-api-1.0-5.x86_64/usr/lib/debug ']'
+ :
+ '[' -d /builddir/build/BUILDROOT/fm-rest-api-1.0-5.x86_64/usr/lib/debug ']'
+ :
+ '[' -d /builddir/build/BUILDROOT/fm-rest-api-1.0-5.x86_64/usr/src/debug ']'
+ :
+ '[' -d /builddir/build/BUILDROOT/fm-rest-api-1.0-5.x86_64/usr/lib/debug.force ']'
+ :
+ '[' -d /builddir/build/BUILDROOT/fm-rest-api-1.0-5.x86_64/usr/src/debug.force ']'
+ :
+ /usr/lib/rpm/check-buildroot
+ /usr/lib/rpm/clr/brp-strip-static-archive /usr/bin/strip
+ /usr/lib/rpm/clr/brp-strip-comment-note /usr/bin/strip /usr/bin/objdump
+ /usr/lib/rpm/clr/brp-python-bytecompile
[BYTECOMPILE] Building for /builddir/build/BUILDROOT/fm-rest-api-1.0-5.x86_64/usr/lib/python3.7 using /usr/bin/python3.7
+ find /builddir/build/BUILDROOT/fm-rest-api-1.0-5.x86_64 -print0
+ xargs -0 touch -h -d '@1549052798 '
+ /usr/lib/rpm/clr/brp-java-repack-jars
Processing files: fm-rest-api-1.0-5.x86_64
Provides: fm-rest-api = 1.0-5 fm-rest-api(x86-64) = 1.0-5
Requires(interp): /bin/sh
Requires(rpmlib): rpmlib(CompressedFileNames) <= 3.0.4-1 rpmlib(PayloadFilesHavePrefix) <= 4.0-1
Requires(post): /bin/sh
Requires: /bin/sh
Processing files: fm-rest-api-bin-1.0-5.x86_64
Provides: fm-rest-api-bin = 1.0-5 fm-rest-api-bin(x86-64) = 1.0-5
Requires(rpmlib): rpmlib(CompressedFileNames) <= 3.0.4-1 rpmlib(PayloadFilesHavePrefix) <= 4.0-1
Requires: /usr/bin/python
Processing files: fm-rest-api-python-1.0-5.x86_64
Provides: fm-rest-api-python = 1.0-5 fm-rest-api-python(x86-64) = 1.0-5
Requires(rpmlib): rpmlib(CompressedFileNames) <= 3.0.4-1 rpmlib(PayloadFilesHavePrefix) <= 4.0-1
Requires: python(abi) = 2.7
Processing files: fm-rest-api-python3-1.0-5.x86_64
Provides: fm-rest-api-python3 = 1.0-5 fm-rest-api-python3(x86-64) = 1.0-5
Requires(rpmlib): rpmlib(CompressedFileNames) <= 3.0.4-1 rpmlib(PayloadFilesHavePrefix) <= 4.0-1
Requires: python(abi) = 3.7
Processing files: fm-rest-api-services-1.0-5.x86_64
Provides: fm-rest-api-services = 1.0-5 fm-rest-api-services(x86-64) = 1.0-5
Requires(rpmlib): rpmlib(CompressedFileNames) <= 3.0.4-1 rpmlib(PayloadFilesHavePrefix) <= 4.0-1
Processing files: fm-rest-api-debuginfo-1.0-5.x86_64
Processing files: fm-rest-api-abi-1.0-5.x86_64
warning: Empty %files file /builddir/build/BUILD/fm-rest-api-1.0/debugfiles.list
warning: Empty %files file /builddir/build/BUILD/fm-rest-api-1.0/abifiles.list
Checking for unpackaged file(s): /usr/lib/rpm/check-files /builddir/build/BUILDROOT/fm-rest-api-1.0-5.x86_64
Wrote: /builddir/build/RPMS/fm-rest-api-1.0-5.x86_64.rpm
Wrote: /builddir/build/RPMS/fm-rest-api-bin-1.0-5.x86_64.rpm
Wrote: /builddir/build/RPMS/fm-rest-api-python-1.0-5.x86_64.rpm
Wrote: /builddir/build/RPMS/fm-rest-api-python3-1.0-5.x86_64.rpm
Wrote: /builddir/build/RPMS/fm-rest-api-services-1.0-5.x86_64.rpm
Wrote: /builddir/build/RPMS/fm-rest-api-debuginfo-1.0-5.x86_64.rpm
Wrote: /builddir/build/RPMS/fm-rest-api-abi-1.0-5.x86_64.rpm
Executing(%clean): /bin/sh -e /var/tmp/rpm-tmp.1h3nWq
+ umask 022
+ cd /builddir/build/BUILD
+ cd fm-rest-api-1.0
+ rm -rf /builddir/build/BUILDROOT/fm-rest-api-1.0-5.x86_64
+ echo 'CLEAN CALLED'
CLEAN CALLED
+ rm -rf /builddir/build/BUILDROOT/fm-rest-api-1.0-5.x86_64
+ exit 0
Child return code was: 0
LEAVE do --> 

