Mock Version: 1.2.14
ENTER do(['bash', '--login', '-c', '/usr/bin/rpmbuild -bs --target x86_64 --nodeps /builddir/build/SPECS/python-pankoclient.spec'], chrootPath='/var/lib/mock/clear-python-pankoclient/root'env={'TERM': 'vt100', 'SHELL': '/bin/bash', 'HOME': '/builddir', 'HOSTNAME': 'mock', 'PATH': '/usr/bin:/bin:/usr/sbin:/sbin', 'LANG': 'en_US.UTF-8', 'CCACHE_DIR': '/var/tmp/ccache', 'CCACHE_UMASK': '002'}shell=Falselogger=<mockbuild.trace_decorator.getLog object at 0x7f0bfba04dd0>timeout=0uid=1000gid=1000user='mockbuild'printOutput=False)
Executing command: ['bash', '--login', '-c', '/usr/bin/rpmbuild -bs --target x86_64 --nodeps /builddir/build/SPECS/python-pankoclient.spec'] with env {'TERM': 'vt100', 'SHELL': '/bin/bash', 'HOME': '/builddir', 'HOSTNAME': 'mock', 'PATH': '/usr/bin:/bin:/usr/sbin:/sbin', 'LANG': 'en_US.UTF-8', 'CCACHE_DIR': '/var/tmp/ccache', 'CCACHE_UMASK': '002'} and shell False
Building target platforms: x86_64
Building for target x86_64
Wrote: /builddir/build/SRPMS/python-pankoclient-0.5.0-2.src.rpm
Child return code was: 0
LEAVE do --> 

ENTER do(['bash', '--login', '-c', '/usr/bin/rpmbuild -bb --target x86_64 --nodeps  /builddir/build/SPECS/python-pankoclient.spec '], chrootPath='/var/lib/mock/clear-python-pankoclient/root'env={'TERM': 'vt100', 'SHELL': '/bin/bash', 'HOME': '/builddir', 'HOSTNAME': 'mock', 'PATH': '/usr/bin:/bin:/usr/sbin:/sbin', 'LANG': 'en_US.UTF-8', 'CCACHE_DIR': '/var/tmp/ccache', 'CCACHE_UMASK': '002'}shell=Falselogger=<mockbuild.trace_decorator.getLog object at 0x7f0bfba04dd0>timeout=0uid=1000gid=1000user='mockbuild'private_network=TrueprintOutput=False)
Executing command: ['bash', '--login', '-c', '/usr/bin/rpmbuild -bb --target x86_64 --nodeps  /builddir/build/SPECS/python-pankoclient.spec '] with env {'TERM': 'vt100', 'SHELL': '/bin/bash', 'HOME': '/builddir', 'HOSTNAME': 'mock', 'PATH': '/usr/bin:/bin:/usr/sbin:/sbin', 'LANG': 'en_US.UTF-8', 'CCACHE_DIR': '/var/tmp/ccache', 'CCACHE_UMASK': '002'} and shell False
Building target platforms: x86_64
Building for target x86_64
Executing(%prep): /bin/sh -e /var/tmp/rpm-tmp.Oq5DSJ
+ umask 022
+ cd /builddir/build/BUILD
+ LANG=en_US.UTF-8
+ export LANG
+ unset DISPLAY
+ cd /builddir/build/BUILD
+ rm -rf pankoclient-0.5.0
+ /usr/bin/gzip -dc /builddir/build/SOURCES/pankoclient-0.5.0.tar.gz
+ /usr/bin/tar -xf -
+ STATUS=0
+ '[' 0 -ne 0 ']'
+ cd pankoclient-0.5.0
+ /usr/bin/chmod -Rf a+rX,u+w,g-w,o-w .
+ exit 0
Executing(%build): /bin/sh -e /var/tmp/rpm-tmp.9VWTtN
+ umask 022
+ cd /builddir/build/BUILD
+ cd pankoclient-0.5.0
+ LANG=en_US.UTF-8
+ export LANG
+ unset DISPLAY
+ unset PYTHONOPTIMIZE
+ CFLAGS='-O2 -g -feliminate-unused-debug-types -pipe -Wall -Wp,-D_FORTIFY_SOURCE=2 -fexceptions -fstack-protector --param=ssp-buffer-size=32 -Wformat -Wformat-security -Wl,-z,now,-z,relro,-z,max-page-size=0x1000,-z,separate-code -Wno-error -ftree-vectorize -ftree-slp-vectorize -Wl,--enable-new-dtags -fcf-protection=return -m64 -march=westmere -mtune=haswell -fasynchronous-unwind-tables -fno-omit-frame-pointer -Wp,-D_REENTRANT'
+ export CFLAGS
+ http_proxy=http://127.0.0.1:9/
+ export http_proxy
+ https_proxy=http://127.0.0.1:9/
+ export https_proxy
+ ftp_proxy=http://127.0.0.1:9/
+ export ftp_proxy
+ no_proxy=localhost,127.0.0.1,0.0.0.0
+ export no_proxy
+ CXXFLAGS='-O2 -g -feliminate-unused-debug-types -pipe -Wall -Wp,-D_FORTIFY_SOURCE=2 -fexceptions -fstack-protector --param=ssp-buffer-size=32 -Wformat -Wformat-security -Wl,-z,now,-z,relro,-z,max-page-size=0x1000,-z,separate-code -Wno-error -ftree-vectorize -ftree-slp-vectorize -Wl,--enable-new-dtags -fcf-protection=return -m64 -march=westmere -mtune=haswell -fasynchronous-unwind-tables -fno-omit-frame-pointer -Wp,-D_REENTRANT'
+ export CXXFLAGS
+ FFLAGS='-g -O3 -feliminate-unused-debug-types  -pipe -Wall -Wp,-D_FORTIFY_SOURCE=2 -fexceptions -fstack-protector --param=ssp-buffer-size=32 -m64 -fasynchronous-unwind-tables -Wp,-D_REENTRANT -ftree-loop-distribute-patterns -Wl,-z -Wl,now -Wl,-z -Wl,relro -malign-data=abi -fno-semantic-interposition -ftree-vectorize  -ftree-loop-vectorize -Wl,--enable-new-dtags '
+ export FFLAGS
+ LD_AS_NEEDED=1
+ export LD_AS_NEEDED
+ PKG_CONFIG_LIBDIR=/usr/lib64/pkgconfig
+ export PKG_CONFIG_LIBDIR
+ PATH=/usr/lib64/ccache/bin:/usr/local/bin:/usr/bin
+ export PATH
+ export PBR_VERSION=0.5.0
+ PBR_VERSION=0.5.0
+ export http_proxy=http://127.0.0.1:9/
+ http_proxy=http://127.0.0.1:9/
+ export https_proxy=http://127.0.0.1:9/
+ https_proxy=http://127.0.0.1:9/
+ export no_proxy=localhost,127.0.0.1,0.0.0.0
+ no_proxy=localhost,127.0.0.1,0.0.0.0
+ export LANG=C.UTF-8
+ LANG=C.UTF-8
+ export SOURCE_DATE_EPOCH=1568685197
+ SOURCE_DATE_EPOCH=1568685197
+ export GCC_IGNORE_WERROR=1
+ GCC_IGNORE_WERROR=1
+ export AR=gcc-ar
+ AR=gcc-ar
+ export RANLIB=gcc-ranlib
+ RANLIB=gcc-ranlib
+ export NM=gcc-nm
+ NM=gcc-nm
+ export 'CFLAGS=-O2 -g -feliminate-unused-debug-types -pipe -Wall -Wp,-D_FORTIFY_SOURCE=2 -fexceptions -fstack-protector --param=ssp-buffer-size=32 -Wformat -Wformat-security -Wl,-z,now,-z,relro,-z,max-page-size=0x1000,-z,separate-code -Wno-error -ftree-vectorize -ftree-slp-vectorize -Wl,--enable-new-dtags -fcf-protection=return -m64 -march=westmere -mtune=haswell -fasynchronous-unwind-tables -fno-omit-frame-pointer -Wp,-D_REENTRANT -O3 -ffat-lto-objects -flto=4 '
+ CFLAGS='-O2 -g -feliminate-unused-debug-types -pipe -Wall -Wp,-D_FORTIFY_SOURCE=2 -fexceptions -fstack-protector --param=ssp-buffer-size=32 -Wformat -Wformat-security -Wl,-z,now,-z,relro,-z,max-page-size=0x1000,-z,separate-code -Wno-error -ftree-vectorize -ftree-slp-vectorize -Wl,--enable-new-dtags -fcf-protection=return -m64 -march=westmere -mtune=haswell -fasynchronous-unwind-tables -fno-omit-frame-pointer -Wp,-D_REENTRANT -O3 -ffat-lto-objects -flto=4 '
+ export 'FCFLAGS=-O2 -g -feliminate-unused-debug-types -pipe -Wall -Wp,-D_FORTIFY_SOURCE=2 -fexceptions -fstack-protector --param=ssp-buffer-size=32 -Wformat -Wformat-security -Wl,-z,now,-z,relro,-z,max-page-size=0x1000,-z,separate-code -Wno-error -ftree-vectorize -ftree-slp-vectorize -Wl,--enable-new-dtags -fcf-protection=return -m64 -march=westmere -mtune=haswell -fasynchronous-unwind-tables -fno-omit-frame-pointer -Wp,-D_REENTRANT -O3 -ffat-lto-objects -flto=4  -O3 -ffat-lto-objects -flto=4 '
+ FCFLAGS='-O2 -g -feliminate-unused-debug-types -pipe -Wall -Wp,-D_FORTIFY_SOURCE=2 -fexceptions -fstack-protector --param=ssp-buffer-size=32 -Wformat -Wformat-security -Wl,-z,now,-z,relro,-z,max-page-size=0x1000,-z,separate-code -Wno-error -ftree-vectorize -ftree-slp-vectorize -Wl,--enable-new-dtags -fcf-protection=return -m64 -march=westmere -mtune=haswell -fasynchronous-unwind-tables -fno-omit-frame-pointer -Wp,-D_REENTRANT -O3 -ffat-lto-objects -flto=4  -O3 -ffat-lto-objects -flto=4 '
+ export 'FFLAGS=-O2 -g -feliminate-unused-debug-types -pipe -Wall -Wp,-D_FORTIFY_SOURCE=2 -fexceptions -fstack-protector --param=ssp-buffer-size=32 -Wformat -Wformat-security -Wl,-z,now,-z,relro,-z,max-page-size=0x1000,-z,separate-code -Wno-error -ftree-vectorize -ftree-slp-vectorize -Wl,--enable-new-dtags -fcf-protection=return -m64 -march=westmere -mtune=haswell -fasynchronous-unwind-tables -fno-omit-frame-pointer -Wp,-D_REENTRANT -O3 -ffat-lto-objects -flto=4  -O3 -ffat-lto-objects -flto=4 '
+ FFLAGS='-O2 -g -feliminate-unused-debug-types -pipe -Wall -Wp,-D_FORTIFY_SOURCE=2 -fexceptions -fstack-protector --param=ssp-buffer-size=32 -Wformat -Wformat-security -Wl,-z,now,-z,relro,-z,max-page-size=0x1000,-z,separate-code -Wno-error -ftree-vectorize -ftree-slp-vectorize -Wl,--enable-new-dtags -fcf-protection=return -m64 -march=westmere -mtune=haswell -fasynchronous-unwind-tables -fno-omit-frame-pointer -Wp,-D_REENTRANT -O3 -ffat-lto-objects -flto=4  -O3 -ffat-lto-objects -flto=4 '
+ export 'CXXFLAGS=-O2 -g -feliminate-unused-debug-types -pipe -Wall -Wp,-D_FORTIFY_SOURCE=2 -fexceptions -fstack-protector --param=ssp-buffer-size=32 -Wformat -Wformat-security -Wl,-z,now,-z,relro,-z,max-page-size=0x1000,-z,separate-code -Wno-error -ftree-vectorize -ftree-slp-vectorize -Wl,--enable-new-dtags -fcf-protection=return -m64 -march=westmere -mtune=haswell -fasynchronous-unwind-tables -fno-omit-frame-pointer -Wp,-D_REENTRANT -O3 -ffat-lto-objects -flto=4 '
+ CXXFLAGS='-O2 -g -feliminate-unused-debug-types -pipe -Wall -Wp,-D_FORTIFY_SOURCE=2 -fexceptions -fstack-protector --param=ssp-buffer-size=32 -Wformat -Wformat-security -Wl,-z,now,-z,relro,-z,max-page-size=0x1000,-z,separate-code -Wno-error -ftree-vectorize -ftree-slp-vectorize -Wl,--enable-new-dtags -fcf-protection=return -m64 -march=westmere -mtune=haswell -fasynchronous-unwind-tables -fno-omit-frame-pointer -Wp,-D_REENTRANT -O3 -ffat-lto-objects -flto=4 '
+ export MAKEFLAGS=-j4
+ MAKEFLAGS=-j4
+ python3 setup.py build
running build
running build_py
creating build
creating build/lib
creating build/lib/pankoclient
creating build/lib/pankoclient/tests
creating build/lib/pankoclient/tests/unit
creating build/lib/pankoclient/tests/unit/common
copying pankoclient/tests/unit/common/test_base.py -> build/lib/pankoclient/tests/unit/common
copying pankoclient/tests/unit/common/__init__.py -> build/lib/pankoclient/tests/unit/common
creating build/lib/pankoclient/v2
copying pankoclient/v2/capabilities.py -> build/lib/pankoclient/v2
copying pankoclient/v2/events.py -> build/lib/pankoclient/v2
copying pankoclient/v2/capabilities_cli.py -> build/lib/pankoclient/v2
copying pankoclient/v2/events_cli.py -> build/lib/pankoclient/v2
copying pankoclient/v2/__init__.py -> build/lib/pankoclient/v2
copying pankoclient/v2/client.py -> build/lib/pankoclient/v2
creating build/lib/pankoclient/tests/unit/v2
copying pankoclient/tests/unit/v2/test_events.py -> build/lib/pankoclient/tests/unit/v2
copying pankoclient/tests/unit/v2/__init__.py -> build/lib/pankoclient/tests/unit/v2
copying pankoclient/exceptions.py -> build/lib/pankoclient
copying pankoclient/__init__.py -> build/lib/pankoclient
copying pankoclient/client.py -> build/lib/pankoclient
copying pankoclient/utils.py -> build/lib/pankoclient
copying pankoclient/osc.py -> build/lib/pankoclient
copying pankoclient/shell.py -> build/lib/pankoclient
copying pankoclient/tests/__init__.py -> build/lib/pankoclient/tests
creating build/lib/pankoclient/tests/functional
copying pankoclient/tests/functional/__init__.py -> build/lib/pankoclient/tests/functional
copying pankoclient/tests/functional/base.py -> build/lib/pankoclient/tests/functional
copying pankoclient/tests/unit/test_osc_plugin.py -> build/lib/pankoclient/tests/unit
copying pankoclient/tests/unit/fakes.py -> build/lib/pankoclient/tests/unit
copying pankoclient/tests/unit/__init__.py -> build/lib/pankoclient/tests/unit
copying pankoclient/tests/unit/base.py -> build/lib/pankoclient/tests/unit
creating build/lib/pankoclient/common
copying pankoclient/common/i18n.py -> build/lib/pankoclient/common
copying pankoclient/common/__init__.py -> build/lib/pankoclient/common
copying pankoclient/common/base.py -> build/lib/pankoclient/common
running egg_info
creating pankoclient.egg-info
writing pankoclient.egg-info/PKG-INFO
writing dependency_links to pankoclient.egg-info/dependency_links.txt
writing entry points to pankoclient.egg-info/entry_points.txt
writing requirements to pankoclient.egg-info/requires.txt
writing top-level names to pankoclient.egg-info/top_level.txt
[pbr] Processing SOURCES.txt
writing manifest file 'pankoclient.egg-info/SOURCES.txt'
warning: no files found matching 'AUTHORS'
warning: no files found matching 'ChangeLog'
warning: no previously-included files found matching '.gitignore'
warning: no previously-included files found matching '.gitreview'
warning: no previously-included files matching '*.pyc' found anywhere in distribution
reading manifest template 'MANIFEST.in'
warning: no files found matching 'AUTHORS'
warning: no files found matching 'ChangeLog'
warning: no previously-included files found matching '.gitignore'
warning: no previously-included files found matching '.gitreview'
warning: no previously-included files matching '*.pyc' found anywhere in distribution
writing manifest file 'pankoclient.egg-info/SOURCES.txt'
+ exit 0
Executing(%install): /bin/sh -e /var/tmp/rpm-tmp.dr5JKN
+ umask 022
+ cd /builddir/build/BUILD
+ cd pankoclient-0.5.0
+ LANG=en_US.UTF-8
+ export LANG
+ unset DISPLAY
+ unset PYTHONOPTIMIZE
+ rm -rf /builddir/build/BUILDROOT/python-pankoclient-0.5.0-2.x86_64
+ mkdir -p /builddir/build/BUILDROOT/python-pankoclient-0.5.0-2.x86_64
+ export MAKEFLAGS=-j4
+ MAKEFLAGS=-j4
+ rm -rf /builddir/build/BUILDROOT/python-pankoclient-0.5.0-2.x86_64
+ export PBR_VERSION=0.5.0
+ PBR_VERSION=0.5.0
+ python3 -tt setup.py build install --root=/builddir/build/BUILDROOT/python-pankoclient-0.5.0-2.x86_64
running build
running build_py
running egg_info
writing pankoclient.egg-info/PKG-INFO
writing dependency_links to pankoclient.egg-info/dependency_links.txt
writing entry points to pankoclient.egg-info/entry_points.txt
writing requirements to pankoclient.egg-info/requires.txt
writing top-level names to pankoclient.egg-info/top_level.txt
[pbr] Reusing existing SOURCES.txt
running install
[pbr] Generating AUTHORS
[pbr] AUTHORS complete (0.0s)
running install_lib
creating /builddir/build/BUILDROOT/python-pankoclient-0.5.0-2.x86_64
creating /builddir/build/BUILDROOT/python-pankoclient-0.5.0-2.x86_64/usr
creating /builddir/build/BUILDROOT/python-pankoclient-0.5.0-2.x86_64/usr/lib
creating /builddir/build/BUILDROOT/python-pankoclient-0.5.0-2.x86_64/usr/lib/python3.7
creating /builddir/build/BUILDROOT/python-pankoclient-0.5.0-2.x86_64/usr/lib/python3.7/site-packages
creating /builddir/build/BUILDROOT/python-pankoclient-0.5.0-2.x86_64/usr/lib/python3.7/site-packages/pankoclient
copying build/lib/pankoclient/exceptions.py -> /builddir/build/BUILDROOT/python-pankoclient-0.5.0-2.x86_64/usr/lib/python3.7/site-packages/pankoclient
copying build/lib/pankoclient/__init__.py -> /builddir/build/BUILDROOT/python-pankoclient-0.5.0-2.x86_64/usr/lib/python3.7/site-packages/pankoclient
copying build/lib/pankoclient/client.py -> /builddir/build/BUILDROOT/python-pankoclient-0.5.0-2.x86_64/usr/lib/python3.7/site-packages/pankoclient
copying build/lib/pankoclient/utils.py -> /builddir/build/BUILDROOT/python-pankoclient-0.5.0-2.x86_64/usr/lib/python3.7/site-packages/pankoclient
creating /builddir/build/BUILDROOT/python-pankoclient-0.5.0-2.x86_64/usr/lib/python3.7/site-packages/pankoclient/tests
copying build/lib/pankoclient/tests/__init__.py -> /builddir/build/BUILDROOT/python-pankoclient-0.5.0-2.x86_64/usr/lib/python3.7/site-packages/pankoclient/tests
creating /builddir/build/BUILDROOT/python-pankoclient-0.5.0-2.x86_64/usr/lib/python3.7/site-packages/pankoclient/tests/functional
copying build/lib/pankoclient/tests/functional/__init__.py -> /builddir/build/BUILDROOT/python-pankoclient-0.5.0-2.x86_64/usr/lib/python3.7/site-packages/pankoclient/tests/functional
copying build/lib/pankoclient/tests/functional/base.py -> /builddir/build/BUILDROOT/python-pankoclient-0.5.0-2.x86_64/usr/lib/python3.7/site-packages/pankoclient/tests/functional
creating /builddir/build/BUILDROOT/python-pankoclient-0.5.0-2.x86_64/usr/lib/python3.7/site-packages/pankoclient/tests/unit
copying build/lib/pankoclient/tests/unit/test_osc_plugin.py -> /builddir/build/BUILDROOT/python-pankoclient-0.5.0-2.x86_64/usr/lib/python3.7/site-packages/pankoclient/tests/unit
copying build/lib/pankoclient/tests/unit/fakes.py -> /builddir/build/BUILDROOT/python-pankoclient-0.5.0-2.x86_64/usr/lib/python3.7/site-packages/pankoclient/tests/unit
copying build/lib/pankoclient/tests/unit/__init__.py -> /builddir/build/BUILDROOT/python-pankoclient-0.5.0-2.x86_64/usr/lib/python3.7/site-packages/pankoclient/tests/unit
creating /builddir/build/BUILDROOT/python-pankoclient-0.5.0-2.x86_64/usr/lib/python3.7/site-packages/pankoclient/tests/unit/common
copying build/lib/pankoclient/tests/unit/common/test_base.py -> /builddir/build/BUILDROOT/python-pankoclient-0.5.0-2.x86_64/usr/lib/python3.7/site-packages/pankoclient/tests/unit/common
copying build/lib/pankoclient/tests/unit/common/__init__.py -> /builddir/build/BUILDROOT/python-pankoclient-0.5.0-2.x86_64/usr/lib/python3.7/site-packages/pankoclient/tests/unit/common
creating /builddir/build/BUILDROOT/python-pankoclient-0.5.0-2.x86_64/usr/lib/python3.7/site-packages/pankoclient/tests/unit/v2
copying build/lib/pankoclient/tests/unit/v2/test_events.py -> /builddir/build/BUILDROOT/python-pankoclient-0.5.0-2.x86_64/usr/lib/python3.7/site-packages/pankoclient/tests/unit/v2
copying build/lib/pankoclient/tests/unit/v2/__init__.py -> /builddir/build/BUILDROOT/python-pankoclient-0.5.0-2.x86_64/usr/lib/python3.7/site-packages/pankoclient/tests/unit/v2
copying build/lib/pankoclient/tests/unit/base.py -> /builddir/build/BUILDROOT/python-pankoclient-0.5.0-2.x86_64/usr/lib/python3.7/site-packages/pankoclient/tests/unit
creating /builddir/build/BUILDROOT/python-pankoclient-0.5.0-2.x86_64/usr/lib/python3.7/site-packages/pankoclient/common
copying build/lib/pankoclient/common/i18n.py -> /builddir/build/BUILDROOT/python-pankoclient-0.5.0-2.x86_64/usr/lib/python3.7/site-packages/pankoclient/common
copying build/lib/pankoclient/common/__init__.py -> /builddir/build/BUILDROOT/python-pankoclient-0.5.0-2.x86_64/usr/lib/python3.7/site-packages/pankoclient/common
copying build/lib/pankoclient/common/base.py -> /builddir/build/BUILDROOT/python-pankoclient-0.5.0-2.x86_64/usr/lib/python3.7/site-packages/pankoclient/common
creating /builddir/build/BUILDROOT/python-pankoclient-0.5.0-2.x86_64/usr/lib/python3.7/site-packages/pankoclient/v2
copying build/lib/pankoclient/v2/capabilities.py -> /builddir/build/BUILDROOT/python-pankoclient-0.5.0-2.x86_64/usr/lib/python3.7/site-packages/pankoclient/v2
copying build/lib/pankoclient/v2/events.py -> /builddir/build/BUILDROOT/python-pankoclient-0.5.0-2.x86_64/usr/lib/python3.7/site-packages/pankoclient/v2
copying build/lib/pankoclient/v2/capabilities_cli.py -> /builddir/build/BUILDROOT/python-pankoclient-0.5.0-2.x86_64/usr/lib/python3.7/site-packages/pankoclient/v2
copying build/lib/pankoclient/v2/events_cli.py -> /builddir/build/BUILDROOT/python-pankoclient-0.5.0-2.x86_64/usr/lib/python3.7/site-packages/pankoclient/v2
copying build/lib/pankoclient/v2/__init__.py -> /builddir/build/BUILDROOT/python-pankoclient-0.5.0-2.x86_64/usr/lib/python3.7/site-packages/pankoclient/v2
copying build/lib/pankoclient/v2/client.py -> /builddir/build/BUILDROOT/python-pankoclient-0.5.0-2.x86_64/usr/lib/python3.7/site-packages/pankoclient/v2
copying build/lib/pankoclient/osc.py -> /builddir/build/BUILDROOT/python-pankoclient-0.5.0-2.x86_64/usr/lib/python3.7/site-packages/pankoclient
copying build/lib/pankoclient/shell.py -> /builddir/build/BUILDROOT/python-pankoclient-0.5.0-2.x86_64/usr/lib/python3.7/site-packages/pankoclient
byte-compiling /builddir/build/BUILDROOT/python-pankoclient-0.5.0-2.x86_64/usr/lib/python3.7/site-packages/pankoclient/exceptions.py to exceptions.cpython-37.pyc
byte-compiling /builddir/build/BUILDROOT/python-pankoclient-0.5.0-2.x86_64/usr/lib/python3.7/site-packages/pankoclient/__init__.py to __init__.cpython-37.pyc
byte-compiling /builddir/build/BUILDROOT/python-pankoclient-0.5.0-2.x86_64/usr/lib/python3.7/site-packages/pankoclient/client.py to client.cpython-37.pyc
byte-compiling /builddir/build/BUILDROOT/python-pankoclient-0.5.0-2.x86_64/usr/lib/python3.7/site-packages/pankoclient/utils.py to utils.cpython-37.pyc
byte-compiling /builddir/build/BUILDROOT/python-pankoclient-0.5.0-2.x86_64/usr/lib/python3.7/site-packages/pankoclient/tests/__init__.py to __init__.cpython-37.pyc
byte-compiling /builddir/build/BUILDROOT/python-pankoclient-0.5.0-2.x86_64/usr/lib/python3.7/site-packages/pankoclient/tests/functional/__init__.py to __init__.cpython-37.pyc
byte-compiling /builddir/build/BUILDROOT/python-pankoclient-0.5.0-2.x86_64/usr/lib/python3.7/site-packages/pankoclient/tests/functional/base.py to base.cpython-37.pyc
byte-compiling /builddir/build/BUILDROOT/python-pankoclient-0.5.0-2.x86_64/usr/lib/python3.7/site-packages/pankoclient/tests/unit/test_osc_plugin.py to test_osc_plugin.cpython-37.pyc
byte-compiling /builddir/build/BUILDROOT/python-pankoclient-0.5.0-2.x86_64/usr/lib/python3.7/site-packages/pankoclient/tests/unit/fakes.py to fakes.cpython-37.pyc
byte-compiling /builddir/build/BUILDROOT/python-pankoclient-0.5.0-2.x86_64/usr/lib/python3.7/site-packages/pankoclient/tests/unit/__init__.py to __init__.cpython-37.pyc
byte-compiling /builddir/build/BUILDROOT/python-pankoclient-0.5.0-2.x86_64/usr/lib/python3.7/site-packages/pankoclient/tests/unit/common/test_base.py to test_base.cpython-37.pyc
byte-compiling /builddir/build/BUILDROOT/python-pankoclient-0.5.0-2.x86_64/usr/lib/python3.7/site-packages/pankoclient/tests/unit/common/__init__.py to __init__.cpython-37.pyc
byte-compiling /builddir/build/BUILDROOT/python-pankoclient-0.5.0-2.x86_64/usr/lib/python3.7/site-packages/pankoclient/tests/unit/v2/test_events.py to test_events.cpython-37.pyc
byte-compiling /builddir/build/BUILDROOT/python-pankoclient-0.5.0-2.x86_64/usr/lib/python3.7/site-packages/pankoclient/tests/unit/v2/__init__.py to __init__.cpython-37.pyc
byte-compiling /builddir/build/BUILDROOT/python-pankoclient-0.5.0-2.x86_64/usr/lib/python3.7/site-packages/pankoclient/tests/unit/base.py to base.cpython-37.pyc
byte-compiling /builddir/build/BUILDROOT/python-pankoclient-0.5.0-2.x86_64/usr/lib/python3.7/site-packages/pankoclient/common/i18n.py to i18n.cpython-37.pyc
byte-compiling /builddir/build/BUILDROOT/python-pankoclient-0.5.0-2.x86_64/usr/lib/python3.7/site-packages/pankoclient/common/__init__.py to __init__.cpython-37.pyc
byte-compiling /builddir/build/BUILDROOT/python-pankoclient-0.5.0-2.x86_64/usr/lib/python3.7/site-packages/pankoclient/common/base.py to base.cpython-37.pyc
byte-compiling /builddir/build/BUILDROOT/python-pankoclient-0.5.0-2.x86_64/usr/lib/python3.7/site-packages/pankoclient/v2/capabilities.py to capabilities.cpython-37.pyc
byte-compiling /builddir/build/BUILDROOT/python-pankoclient-0.5.0-2.x86_64/usr/lib/python3.7/site-packages/pankoclient/v2/events.py to events.cpython-37.pyc
byte-compiling /builddir/build/BUILDROOT/python-pankoclient-0.5.0-2.x86_64/usr/lib/python3.7/site-packages/pankoclient/v2/capabilities_cli.py to capabilities_cli.cpython-37.pyc
byte-compiling /builddir/build/BUILDROOT/python-pankoclient-0.5.0-2.x86_64/usr/lib/python3.7/site-packages/pankoclient/v2/events_cli.py to events_cli.cpython-37.pyc
byte-compiling /builddir/build/BUILDROOT/python-pankoclient-0.5.0-2.x86_64/usr/lib/python3.7/site-packages/pankoclient/v2/__init__.py to __init__.cpython-37.pyc
byte-compiling /builddir/build/BUILDROOT/python-pankoclient-0.5.0-2.x86_64/usr/lib/python3.7/site-packages/pankoclient/v2/client.py to client.cpython-37.pyc
byte-compiling /builddir/build/BUILDROOT/python-pankoclient-0.5.0-2.x86_64/usr/lib/python3.7/site-packages/pankoclient/osc.py to osc.cpython-37.pyc
byte-compiling /builddir/build/BUILDROOT/python-pankoclient-0.5.0-2.x86_64/usr/lib/python3.7/site-packages/pankoclient/shell.py to shell.cpython-37.pyc
running install_egg_info
Copying pankoclient.egg-info to /builddir/build/BUILDROOT/python-pankoclient-0.5.0-2.x86_64/usr/lib/python3.7/site-packages/pankoclient-0.5.0-py3.7.egg-info
running install_scripts
Installing panko script to /builddir/build/BUILDROOT/python-pankoclient-0.5.0-2.x86_64/usr/bin
/usr/lib/python3.7/site-packages/pbr/packaging.py:435: EasyInstallDeprecationWarning: Use get_header
  header = easy_install.get_script_header("", executable, is_wininst)
----[ mark ]----
+ echo '----[' mark ']----'
+ cat /builddir/build/BUILDROOT/python-pankoclient-0.5.0-2.x86_64/usr/lib/python3.7/site-packages/pankoclient-0.5.0-py3.7.egg-info/requires.txt
keystoneauth1>=3.4.0
osc-lib>=1.8.0
oslo.i18n>=2.1.0
oslo.serialization>=1.10.0
oslo.utils>=3.18.0
pbr>=1.8
requests>=2.14.2
six>=1.9.0
[test]
coverage>=4.0
hacking!=0.13.0,<0.14,>=0.12.0
mock>=2.0
python-openstackclient>=3.3.0
oslotest>=1.10.0
reno>=1.8.0
requests-mock>=1.1
testrepository>=0.0.18
testscenarios>=0.4
----[ mark ]----
+ echo '----[' mark ']----'
+ rm -f /builddir/build/BUILDROOT/python-pankoclient-0.5.0-2.x86_64/usr/share/info/dir
++ find /builddir/build/BUILDROOT/python-pankoclient-0.5.0-2.x86_64 -path 'etc/*' '!' -type d
+ test -z ''
+ rm -rf '/builddir/build/BUILDROOT/python-pankoclient-0.5.0-2.x86_64/etc/*'
+ rm -rf '/builddir/build/BUILDROOT/python-pankoclient-0.5.0-2.x86_64/usr/share/factory/*'
+ find /builddir/build/BUILDROOT/python-pankoclient-0.5.0-2.x86_64 -name __pycache__
+ xargs rm -rf --
+ '[' -d /builddir/build/BUILDROOT/python-pankoclient-0.5.0-2.x86_64/usr/share/mime ']'
++ getconf _NPROCESSORS_ONLN
+ RPM_XARGS_PFLAG=-P4
+ find /builddir/build/BUILDROOT/python-pankoclient-0.5.0-2.x86_64 -name '*.so.avx512' -print0
+ xargs -0rtn1 -P4 python /usr/share/clr-avx-tools/avxjudge.py -q -5
+ find /builddir/build/BUILDROOT/python-pankoclient-0.5.0-2.x86_64/usr/lib64/haswell/avx512_1 -name '*.so*' -print0
find: ‘/builddir/build/BUILDROOT/python-pankoclient-0.5.0-2.x86_64/usr/lib64/haswell/avx512_1’: No such file or directory
+ find /builddir/build/BUILDROOT/python-pankoclient-0.5.0-2.x86_64 -name '*.so.avx2' -print0
+ xargs -0rtn1 -P4 python /usr/share/clr-avx-tools/avxjudge.py -q -2
+ find /builddir/build/BUILDROOT/python-pankoclient-0.5.0-2.x86_64/usr/lib64/haswell '!' -path '/usr/lib64/haswell/avx512_1/*' -name '*.so*' -print0
find: ‘/builddir/build/BUILDROOT/python-pankoclient-0.5.0-2.x86_64/usr/lib64/haswell’: No such file or directory
+ xargs -0rtn1 -P4 /usr/lib/rpm/clr/brp-create-abi
+ sort -u
+ find /builddir/build/BUILDROOT/python-pankoclient-0.5.0-2.x86_64/usr/lib64/ -maxdepth 1 -name '*.so*' -type f -print0
find: ‘/builddir/build/BUILDROOT/python-pankoclient-0.5.0-2.x86_64/usr/lib64/’: No such file or directory
+ /usr/lib/rpm/find-debuginfo.sh --strict-build-id /builddir/build/BUILD/pankoclient-0.5.0
find: ‘debug’: No such file or directory
+ '[' -d /builddir/build/BUILDROOT/python-pankoclient-0.5.0-2.x86_64/usr/lib/debug ']'
+ :
+ '[' -d /builddir/build/BUILDROOT/python-pankoclient-0.5.0-2.x86_64/usr/lib/debug ']'
+ :
+ '[' -d /builddir/build/BUILDROOT/python-pankoclient-0.5.0-2.x86_64/usr/src/debug ']'
+ :
+ '[' -d /builddir/build/BUILDROOT/python-pankoclient-0.5.0-2.x86_64/usr/lib/debug.force ']'
+ :
+ '[' -d /builddir/build/BUILDROOT/python-pankoclient-0.5.0-2.x86_64/usr/src/debug.force ']'
+ :
+ /usr/lib/rpm/check-buildroot
+ /usr/lib/rpm/clr/brp-strip-static-archive /usr/bin/strip
+ /usr/lib/rpm/clr/brp-strip-comment-note /usr/bin/strip /usr/bin/objdump
+ /usr/lib/rpm/clr/brp-python-bytecompile
[BYTECOMPILE] Building for /builddir/build/BUILDROOT/python-pankoclient-0.5.0-2.x86_64/usr/lib/python3.7 using /usr/bin/python3.7
+ xargs -0 touch -h -d '@1549052798 '
+ find /builddir/build/BUILDROOT/python-pankoclient-0.5.0-2.x86_64 -print0
+ /usr/lib/rpm/clr/brp-java-repack-jars
Executing(%check): /bin/sh -e /var/tmp/rpm-tmp.dA1IeN
+ umask 022
+ cd /builddir/build/BUILD
+ cd pankoclient-0.5.0
+ LANG=en_US.UTF-8
+ export LANG
+ unset DISPLAY
+ unset PYTHONOPTIMIZE
+ export http_proxy=http://127.0.0.1:9/
+ http_proxy=http://127.0.0.1:9/
+ export https_proxy=http://127.0.0.1:9/
+ https_proxy=http://127.0.0.1:9/
+ export no_proxy=localhost,127.0.0.1,0.0.0.0
+ no_proxy=localhost,127.0.0.1,0.0.0.0
+ rm -rf pankoclient.egg-info
+ exit 0
Processing files: python-pankoclient-0.5.0-2.x86_64
Processing files: python-pankoclient-debuginfo-0.5.0-2.x86_64
warning: Empty %files file /builddir/build/BUILD/pankoclient-0.5.0/debugfiles.list
Processing files: python-pankoclient-abi-0.5.0-2.x86_64
warning: Empty %files file /builddir/build/BUILD/pankoclient-0.5.0/abifiles.list
Checking for unpackaged file(s): /usr/lib/rpm/check-files /builddir/build/BUILDROOT/python-pankoclient-0.5.0-2.x86_64
error: Installed (but unpackaged) file(s) found:
   /usr/bin/panko
   /usr/lib/python3.7/site-packages/pankoclient-0.5.0-py3.7.egg-info/PKG-INFO
   /usr/lib/python3.7/site-packages/pankoclient-0.5.0-py3.7.egg-info/SOURCES.txt
   /usr/lib/python3.7/site-packages/pankoclient-0.5.0-py3.7.egg-info/dependency_links.txt
   /usr/lib/python3.7/site-packages/pankoclient-0.5.0-py3.7.egg-info/entry_points.txt
   /usr/lib/python3.7/site-packages/pankoclient-0.5.0-py3.7.egg-info/not-zip-safe
   /usr/lib/python3.7/site-packages/pankoclient-0.5.0-py3.7.egg-info/requires.txt
   /usr/lib/python3.7/site-packages/pankoclient-0.5.0-py3.7.egg-info/top_level.txt
   /usr/lib/python3.7/site-packages/pankoclient/__init__.py
   /usr/lib/python3.7/site-packages/pankoclient/__pycache__/__init__.cpython-37.pyc
   /usr/lib/python3.7/site-packages/pankoclient/__pycache__/client.cpython-37.pyc
   /usr/lib/python3.7/site-packages/pankoclient/__pycache__/exceptions.cpython-37.pyc
   /usr/lib/python3.7/site-packages/pankoclient/__pycache__/osc.cpython-37.pyc
   /usr/lib/python3.7/site-packages/pankoclient/__pycache__/shell.cpython-37.pyc
   /usr/lib/python3.7/site-packages/pankoclient/__pycache__/utils.cpython-37.pyc
   /usr/lib/python3.7/site-packages/pankoclient/client.py
   /usr/lib/python3.7/site-packages/pankoclient/common/__init__.py
   /usr/lib/python3.7/site-packages/pankoclient/common/__pycache__/__init__.cpython-37.pyc
   /usr/lib/python3.7/site-packages/pankoclient/common/__pycache__/base.cpython-37.pyc
   /usr/lib/python3.7/site-packages/pankoclient/common/__pycache__/i18n.cpython-37.pyc
   /usr/lib/python3.7/site-packages/pankoclient/common/base.py
   /usr/lib/python3.7/site-packages/pankoclient/common/i18n.py
   /usr/lib/python3.7/site-packages/pankoclient/exceptions.py
   /usr/lib/python3.7/site-packages/pankoclient/osc.py
   /usr/lib/python3.7/site-packages/pankoclient/shell.py
   /usr/lib/python3.7/site-packages/pankoclient/tests/__init__.py
   /usr/lib/python3.7/site-packages/pankoclient/tests/__pycache__/__init__.cpython-37.pyc
   /usr/lib/python3.7/site-packages/pankoclient/tests/functional/__init__.py
   /usr/lib/python3.7/site-packages/pankoclient/tests/functional/__pycache__/__init__.cpython-37.pyc
   /usr/lib/python3.7/site-packages/pankoclient/tests/functional/__pycache__/base.cpython-37.pyc
   /usr/lib/python3.7/site-packages/pankoclient/tests/functional/base.py
   /usr/lib/python3.7/site-packages/pankoclient/tests/unit/__init__.py
   /usr/lib/python3.7/site-packages/pankoclient/tests/unit/__pycache__/__init__.cpython-37.pyc
   /usr/lib/python3.7/site-packages/pankoclient/tests/unit/__pycache__/base.cpython-37.pyc
   /usr/lib/python3.7/site-packages/pankoclient/tests/unit/__pycache__/fakes.cpython-37.pyc
   /usr/lib/python3.7/site-packages/pankoclient/tests/unit/__pycache__/test_osc_plugin.cpython-37.pyc
   /usr/lib/python3.7/site-packages/pankoclient/tests/unit/base.py
   /usr/lib/python3.7/site-packages/pankoclient/tests/unit/common/__init__.py
   /usr/lib/python3.7/site-packages/pankoclient/tests/unit/common/__pycache__/__init__.cpython-37.pyc
   /usr/lib/python3.7/site-packages/pankoclient/tests/unit/common/__pycache__/test_base.cpython-37.pyc
   /usr/lib/python3.7/site-packages/pankoclient/tests/unit/common/test_base.py
   /usr/lib/python3.7/site-packages/pankoclient/tests/unit/fakes.py
   /usr/lib/python3.7/site-packages/pankoclient/tests/unit/test_osc_plugin.py
   /usr/lib/python3.7/site-packages/pankoclient/tests/unit/v2/__init__.py
   /usr/lib/python3.7/site-packages/pankoclient/tests/unit/v2/__pycache__/__init__.cpython-37.pyc
   /usr/lib/python3.7/site-packages/pankoclient/tests/unit/v2/__pycache__/test_events.cpython-37.pyc
   /usr/lib/python3.7/site-packages/pankoclient/tests/unit/v2/test_events.py
   /usr/lib/python3.7/site-packages/pankoclient/utils.py
   /usr/lib/python3.7/site-packages/pankoclient/v2/__init__.py
   /usr/lib/python3.7/site-packages/pankoclient/v2/__pycache__/__init__.cpython-37.pyc
   /usr/lib/python3.7/site-packages/pankoclient/v2/__pycache__/capabilities.cpython-37.pyc
   /usr/lib/python3.7/site-packages/pankoclient/v2/__pycache__/capabilities_cli.cpython-37.pyc
   /usr/lib/python3.7/site-packages/pankoclient/v2/__pycache__/client.cpython-37.pyc
   /usr/lib/python3.7/site-packages/pankoclient/v2/__pycache__/events.cpython-37.pyc
   /usr/lib/python3.7/site-packages/pankoclient/v2/__pycache__/events_cli.cpython-37.pyc
   /usr/lib/python3.7/site-packages/pankoclient/v2/capabilities.py
   /usr/lib/python3.7/site-packages/pankoclient/v2/capabilities_cli.py
   /usr/lib/python3.7/site-packages/pankoclient/v2/client.py
   /usr/lib/python3.7/site-packages/pankoclient/v2/events.py
   /usr/lib/python3.7/site-packages/pankoclient/v2/events_cli.py
    Empty %files file /builddir/build/BUILD/pankoclient-0.5.0/debugfiles.list
    Empty %files file /builddir/build/BUILD/pankoclient-0.5.0/abifiles.list
    Installed (but unpackaged) file(s) found:
   /usr/bin/panko
   /usr/lib/python3.7/site-packages/pankoclient-0.5.0-py3.7.egg-info/PKG-INFO
   /usr/lib/python3.7/site-packages/pankoclient-0.5.0-py3.7.egg-info/SOURCES.txt
   /usr/lib/python3.7/site-packages/pankoclient-0.5.0-py3.7.egg-info/dependency_links.txt
   /usr/lib/python3.7/site-packages/pankoclient-0.5.0-py3.7.egg-info/entry_points.txt
   /usr/lib/python3.7/site-packages/pankoclient-0.5.0-py3.7.egg-info/not-zip-safe
   /usr/lib/python3.7/site-packages/pankoclient-0.5.0-py3.7.egg-info/requires.txt
   /usr/lib/python3.7/site-packages/pankoclient-0.5.0-py3.7.egg-info/top_level.txt
   /usr/lib/python3.7/site-packages/pankoclient/__init__.py
   /usr/lib/python3.7/site-packages/pankoclient/__pycache__/__init__.cpython-37.pyc
   /usr/lib/python3.7/site-packages/pankoclient/__pycache__/client.cpython-37.pyc
   /usr/lib/python3.7/site-packages/pankoclient/__pycache__/exceptions.cpython-37.pyc
   /usr/lib/python3.7/site-packages/pankoclient/__pycache__/osc.cpython-37.pyc
   /usr/lib/python3.7/site-packages/pankoclient/__pycache__/shell.cpython-37.pyc
   /usr/lib/python3.7/site-packages/pankoclient/__pycache__/utils.cpython-37.pyc
   /usr/lib/python3.7/site-packages/pankoclient/client.py
   /usr/lib/python3.7/site-packages/pankoclient/common/__init__.py
   /usr/lib/python3.7/site-packages/pankoclient/common/__pycache__/__init__.cpython-37.pyc
   /usr/lib/python3.7/site-packages/pankoclient/common/__pycache__/base.cpython-37.pyc
   /usr/lib/python3.7/site-packages/pankoclient/common/__pycache__/i18n.cpython-37.pyc
   /usr/lib/python3.7/site-packages/pankoclient/common/base.py
   /usr/lib/python3.7/site-packages/pankoclient/common/i18n.py
   /usr/lib/python3.7/site-packages/pankoclient/exceptions.py
   /usr/lib/python3.7/site-packages/pankoclient/osc.py
   /usr/lib/python3.7/site-packages/pankoclient/shell.py
   /usr/lib/python3.7/site-packages/pankoclient/tests/__init__.py
   /usr/lib/python3.7/site-packages/pankoclient/tests/__pycache__/__init__.cpython-37.pyc
   /usr/lib/python3.7/site-packages/pankoclient/tests/functional/__init__.py
   /usr/lib/python3.7/site-packages/pankoclient/tests/functional/__pycache__/__init__.cpython-37.pyc
   /usr/lib/python3.7/site-packages/pankoclient/tests/functional/__pycache__/base.cpython-37.pyc
   /usr/lib/python3.7/site-packages/pankoclient/tests/functional/base.py
   /usr/lib/python3.7/site-packages/pankoclient/tests/unit/__init__.py
   /usr/lib/python3.7/site-packages/pankoclient/tests/unit/__pycache__/__init__.cpython-37.pyc
   /usr/lib/python3.7/site-packages/pankoclient/tests/unit/__pycache__/base.cpython-37.pyc
   /usr/lib/python3.7/site-packages/pankoclient/tests/unit/__pycache__/fakes.cpython-37.pyc
   /usr/lib/python3.7/site-packages/pankoclient/tests/unit/__pycache__/test_osc_plugin.cpython-37.pyc
   /usr/lib/python3.7/site-packages/pankoclient/tests/unit/base.py
   /usr/lib/python3.7/site-packages/pankoclient/tests/unit/common/__init__.py
   /usr/lib/python3.7/site-packages/pankoclient/tests/unit/common/__pycache__/__init__.cpython-37.pyc
   /usr/lib/python3.7/site-packages/pankoclient/tests/unit/common/__pycache__/test_base.cpython-37.pyc
   /usr/lib/python3.7/site-packages/pankoclient/tests/unit/common/test_base.py
   /usr/lib/python3.7/site-packages/pankoclient/tests/unit/fakes.py
   /usr/lib/python3.7/site-packages/pankoclient/tests/unit/test_osc_plugin.py
   /usr/lib/python3.7/site-packages/pankoclient/tests/unit/v2/__init__.py
   /usr/lib/python3.7/site-packages/pankoclient/tests/unit/v2/__pycache__/__init__.cpython-37.pyc
   /usr/lib/python3.7/site-packages/pankoclient/tests/unit/v2/__pycache__/test_events.cpython-37.pyc
   /usr/lib/python3.7/site-packages/pankoclient/tests/unit/v2/test_events.py
   /usr/lib/python3.7/site-packages/pankoclient/utils.py
   /usr/lib/python3.7/site-packages/pankoclient/v2/__init__.py
   /usr/lib/python3.7/site-packages/pankoclient/v2/__pycache__/__init__.cpython-37.pyc
   /usr/lib/python3.7/site-packages/pankoclient/v2/__pycache__/capabilities.cpython-37.pyc
   /usr/lib/python3.7/site-packages/pankoclient/v2/__pycache__/capabilities_cli.cpython-37.pyc
   /usr/lib/python3.7/site-packages/pankoclient/v2/__pycache__/client.cpython-37.pyc
   /usr/lib/python3.7/site-packages/pankoclient/v2/__pycache__/events.cpython-37.pyc
   /usr/lib/python3.7/site-packages/pankoclient/v2/__pycache__/events_cli.cpython-37.pyc
   /usr/lib/python3.7/site-packages/pankoclient/v2/capabilities.py
   /usr/lib/python3.7/site-packages/pankoclient/v2/capabilities_cli.py
   /usr/lib/python3.7/site-packages/pankoclient/v2/client.py
   /usr/lib/python3.7/site-packages/pankoclient/v2/events.py
   /usr/lib/python3.7/site-packages/pankoclient/v2/events_cli.py
RPM build errors:
Child return code was: 1
EXCEPTION: Command failed. See logs for output.
 # bash --login -c /usr/bin/rpmbuild -bb --target x86_64 --nodeps  /builddir/build/SPECS/python-pankoclient.spec 
Traceback (most recent call last):
  File "/usr/lib/python3.7/site-packages/mockbuild/trace_decorator.py", line 84, in trace
    result = func(*args, **kw)
  File "/usr/lib/python3.7/site-packages/mockbuild/util.py", line 531, in do
    raise exception.Error("Command failed. See logs for output.\n # %s" % (command,), child.returncode)
mockbuild.exception.Error: Command failed. See logs for output.
 # bash --login -c /usr/bin/rpmbuild -bb --target x86_64 --nodeps  /builddir/build/SPECS/python-pankoclient.spec 
LEAVE do --> EXCEPTION RAISED

