Mock Version: 1.2.14
ENTER do(['bash', '--login', '-c', '/usr/bin/rpmbuild -bs --target x86_64 --nodeps /builddir/build/SPECS/cgcs-users.spec'], chrootPath='/var/lib/mock/clear-cgcs-users/root'env={'TERM': 'vt100', 'SHELL': '/bin/bash', 'HOME': '/builddir', 'HOSTNAME': 'mock', 'PATH': '/usr/bin:/bin:/usr/sbin:/sbin', 'LANG': 'en_US.UTF-8'}shell=Falselogger=<mockbuild.trace_decorator.getLog object at 0x7f1215aa8090>timeout=0uid=1000gid=1000user='mockbuild'printOutput=True)
Executing command: ['bash', '--login', '-c', '/usr/bin/rpmbuild -bs --target x86_64 --nodeps /builddir/build/SPECS/cgcs-users.spec'] with env {'TERM': 'vt100', 'SHELL': '/bin/bash', 'HOME': '/builddir', 'HOSTNAME': 'mock', 'PATH': '/usr/bin:/bin:/usr/sbin:/sbin', 'LANG': 'en_US.UTF-8'} and shell False
Building target platforms: x86_64
Building for target x86_64
Wrote: /builddir/build/SRPMS/cgcs-users-1.0-0.2.src.rpm
Child return code was: 0
LEAVE do --> 

ENTER do(['bash', '--login', '-c', '/usr/bin/rpmbuild -bb --target x86_64 --nodeps  /builddir/build/SPECS/cgcs-users.spec '], chrootPath='/var/lib/mock/clear-cgcs-users/root'env={'TERM': 'vt100', 'SHELL': '/bin/bash', 'HOME': '/builddir', 'HOSTNAME': 'mock', 'PATH': '/usr/bin:/bin:/usr/sbin:/sbin', 'LANG': 'en_US.UTF-8'}shell=Falselogger=<mockbuild.trace_decorator.getLog object at 0x7f1215aa8090>timeout=0uid=1000gid=1000user='mockbuild'private_network=TrueprintOutput=True)
Executing command: ['bash', '--login', '-c', '/usr/bin/rpmbuild -bb --target x86_64 --nodeps  /builddir/build/SPECS/cgcs-users.spec '] with env {'TERM': 'vt100', 'SHELL': '/bin/bash', 'HOME': '/builddir', 'HOSTNAME': 'mock', 'PATH': '/usr/bin:/bin:/usr/sbin:/sbin', 'LANG': 'en_US.UTF-8'} and shell False
Building target platforms: x86_64
Building for target x86_64
Executing(%prep): /bin/sh -e /var/tmp/rpm-tmp.n54ZLG
+ umask 022
+ cd /builddir/build/BUILD
+ LANG=en_US.UTF-8
+ export LANG
+ unset DISPLAY
+ cd /builddir/build/BUILD
+ rm -rf cgcs-users-1.0
+ /usr/bin/gzip -dc /builddir/build/SOURCES/ibsh-0.3e.tar.gz
+ /usr/bin/tar -xf -
+ STATUS=0
+ '[' 0 -ne 0 ']'
+ cd cgcs-users-1.0
+ /usr/bin/chmod -Rf a+rX,u+w,g-w,o-w .
Patch #1 (ibsh-0.3e.patch):
+ echo 'Patch #1 (ibsh-0.3e.patch):'
+ /usr/bin/cat /builddir/build/SOURCES/ibsh-0.3e.patch
+ /usr/bin/patch -p1 --fuzz=2
patching file AUTHORS.orig
patching file BUGS.orig
patching file ChangeLog.orig
patching file CONTRIBUTORS.orig
patching file COPYING.orig
patching file COPYRIGHT.orig
patching file INSTALL.orig
patching file main.c.orig
patching file Makefile.orig
patching file README.orig
patching file Release.orig
patching file TODO.orig
Patch #2 (ibsh-0.3e-cgcs.patch):
+ echo 'Patch #2 (ibsh-0.3e-cgcs.patch):'
+ /usr/bin/cat /builddir/build/SOURCES/ibsh-0.3e-cgcs.patch
+ /usr/bin/patch -p1 --fuzz=2
patching file main.c
patching file config.c
Patch #3 (ibsh-0.3e-cgcs-copyright.patch):
+ echo 'Patch #3 (ibsh-0.3e-cgcs-copyright.patch):'
+ /usr/bin/cat /builddir/build/SOURCES/ibsh-0.3e-cgcs-copyright.patch
+ /usr/bin/patch -p1 --fuzz=2
patching file config.c
patching file main.c
+ exit 0
Executing(%build): /bin/sh -e /var/tmp/rpm-tmp.BEDSGF
+ umask 022
+ cd /builddir/build/BUILD
+ cd cgcs-users-1.0
+ LANG=en_US.UTF-8
+ export LANG
+ unset DISPLAY
+ unset PYTHONOPTIMIZE
+ CFLAGS='-O2 -g -feliminate-unused-debug-types -pipe -Wall -Wp,-D_FORTIFY_SOURCE=2 -fexceptions -fstack-protector --param=ssp-buffer-size=32 -Wformat -Wformat-security -Wl,-z,now,-z,relro,-z,max-page-size=0x1000,-z,separate-code -Wno-error -ftree-vectorize -ftree-slp-vectorize -Wl,--enable-new-dtags -fcf-protection=return -m64 -march=westmere -mtune=haswell -fasynchronous-unwind-tables -fno-omit-frame-pointer -Wp,-D_REENTRANT'
+ export CFLAGS
+ http_proxy=http://127.0.0.1:9/
+ export http_proxy
+ https_proxy=http://127.0.0.1:9/
+ export https_proxy
+ ftp_proxy=http://127.0.0.1:9/
+ export ftp_proxy
+ no_proxy=localhost,127.0.0.1,0.0.0.0
+ export no_proxy
+ CXXFLAGS='-O2 -g -feliminate-unused-debug-types -pipe -Wall -Wp,-D_FORTIFY_SOURCE=2 -fexceptions -fstack-protector --param=ssp-buffer-size=32 -Wformat -Wformat-security -Wl,-z,now,-z,relro,-z,max-page-size=0x1000,-z,separate-code -Wno-error -ftree-vectorize -ftree-slp-vectorize -Wl,--enable-new-dtags -fcf-protection=return -m64 -march=westmere -mtune=haswell -fasynchronous-unwind-tables -fno-omit-frame-pointer -Wp,-D_REENTRANT'
+ export CXXFLAGS
+ FFLAGS='-g -O3 -feliminate-unused-debug-types  -pipe -Wall -Wp,-D_FORTIFY_SOURCE=2 -fexceptions -fstack-protector --param=ssp-buffer-size=32 -m64 -fasynchronous-unwind-tables -Wp,-D_REENTRANT -ftree-loop-distribute-patterns -Wl,-z -Wl,now -Wl,-z -Wl,relro -malign-data=abi -fno-semantic-interposition -ftree-vectorize  -ftree-loop-vectorize -Wl,--enable-new-dtags '
+ export FFLAGS
+ LD_AS_NEEDED=1
+ export LD_AS_NEEDED
+ PKG_CONFIG_LIBDIR=/usr/lib64/pkgconfig
+ export PKG_CONFIG_LIBDIR
+ PATH=/usr/lib64/ccache/bin:/usr/local/bin:/usr/bin
+ export PATH
+ make -j4 ibsh
gcc -c main.c
gcc -c command.c
gcc -c jail.c
gcc -c execute.c
gcc -c config.c
gcc -c misc.c
gcc -c antixploit.c
gcc -c delbadfiles.c
gcc -o ibsh main.o command.o jail.o execute.o config.o misc.o antixploit.o delbadfiles.o
+ exit 0
Executing(%install): /bin/sh -e /var/tmp/rpm-tmp.5usYaI
+ umask 022
+ cd /builddir/build/BUILD
+ cd cgcs-users-1.0
+ LANG=en_US.UTF-8
+ export LANG
+ unset DISPLAY
+ unset PYTHONOPTIMIZE
+ rm -rf /builddir/build/BUILDROOT/cgcs-users-1.0-0.2.x86_64
+ mkdir -p /builddir/build/BUILDROOT/cgcs-users-1.0-0.2.x86_64
+ rm -rf /builddir/build/BUILDROOT/cgcs-users-1.0-0.2.x86_64
+ mkdir -p /builddir/build/BUILDROOT/cgcs-users-1.0-0.2.x86_64//usr/local/etc/ibsh/cmds
+ mkdir -p /builddir/build/BUILDROOT/cgcs-users-1.0-0.2.x86_64//usr/local/etc/ibsh/xtns
+ cp globals.cmds /builddir/build/BUILDROOT/cgcs-users-1.0-0.2.x86_64//usr/local/etc/ibsh/
+ cp globals.xtns /builddir/build/BUILDROOT/cgcs-users-1.0-0.2.x86_64//usr/local/etc/ibsh/
+ cp /builddir/build/SOURCES/admin.cmds /builddir/build/BUILDROOT/cgcs-users-1.0-0.2.x86_64//usr/local/etc/ibsh/cmds/
+ cp /builddir/build/SOURCES/admin.xtns /builddir/build/BUILDROOT/cgcs-users-1.0-0.2.x86_64//usr/local/etc/ibsh/xtns/
+ cp /builddir/build/SOURCES/operator.cmds /builddir/build/BUILDROOT/cgcs-users-1.0-0.2.x86_64//usr/local/etc/ibsh/cmds/
+ cp /builddir/build/SOURCES/operator.xtns /builddir/build/BUILDROOT/cgcs-users-1.0-0.2.x86_64//usr/local/etc/ibsh/xtns/
+ cp /builddir/build/SOURCES/secadmin.cmds /builddir/build/BUILDROOT/cgcs-users-1.0-0.2.x86_64//usr/local/etc/ibsh/cmds/
+ cp /builddir/build/SOURCES/secadmin.xtns /builddir/build/BUILDROOT/cgcs-users-1.0-0.2.x86_64//usr/local/etc/ibsh/xtns/
+ install -d 755 /builddir/build/BUILDROOT/cgcs-users-1.0-0.2.x86_64/bin
+ install -m 755 ibsh /builddir/build/BUILDROOT/cgcs-users-1.0-0.2.x86_64/bin/ibsh
+ rm -f /builddir/build/BUILDROOT/cgcs-users-1.0-0.2.x86_64/usr/share/info/dir
++ find /builddir/build/BUILDROOT/cgcs-users-1.0-0.2.x86_64 -path 'etc/*' '!' -type d
+ test -z ''
+ rm -rf '/builddir/build/BUILDROOT/cgcs-users-1.0-0.2.x86_64/etc/*'
+ rm -rf '/builddir/build/BUILDROOT/cgcs-users-1.0-0.2.x86_64/usr/share/factory/*'
+ find /builddir/build/BUILDROOT/cgcs-users-1.0-0.2.x86_64 -name __pycache__
+ xargs rm -rf --
+ '[' -d /builddir/build/BUILDROOT/cgcs-users-1.0-0.2.x86_64/usr/share/mime ']'
++ getconf _NPROCESSORS_ONLN
+ RPM_XARGS_PFLAG=-P4
+ find /builddir/build/BUILDROOT/cgcs-users-1.0-0.2.x86_64 -name '*.so.avx512' -print0
+ xargs -0rtn1 -P4 python /usr/share/clr-avx-tools/avxjudge.py -q -5
+ find /builddir/build/BUILDROOT/cgcs-users-1.0-0.2.x86_64/usr/lib64/haswell/avx512_1 -name '*.so*' -print0
find: ‘/builddir/build/BUILDROOT/cgcs-users-1.0-0.2.x86_64/usr/lib64/haswell/avx512_1’: No such file or directory
+ find /builddir/build/BUILDROOT/cgcs-users-1.0-0.2.x86_64 -name '*.so.avx2' -print0
+ xargs -0rtn1 -P4 python /usr/share/clr-avx-tools/avxjudge.py -q -2
+ find /builddir/build/BUILDROOT/cgcs-users-1.0-0.2.x86_64/usr/lib64/haswell '!' -path '/usr/lib64/haswell/avx512_1/*' -name '*.so*' -print0
find: ‘/builddir/build/BUILDROOT/cgcs-users-1.0-0.2.x86_64/usr/lib64/haswell’: No such file or directory
+ find /builddir/build/BUILDROOT/cgcs-users-1.0-0.2.x86_64/usr/lib64/ -maxdepth 1 -name '*.so*' -type f -print0
+ sort -u
+ xargs -0rtn1 -P4 /usr/lib/rpm/clr/brp-create-abi
find: ‘/builddir/build/BUILDROOT/cgcs-users-1.0-0.2.x86_64/usr/lib64/’: No such file or directory
+ /usr/lib/rpm/find-debuginfo.sh --strict-build-id /builddir/build/BUILD/cgcs-users-1.0
extracting debug info from /builddir/build/BUILDROOT/cgcs-users-1.0-0.2.x86_64/bin/ibsh
cpio: glibc-2.30/csu: Cannot stat: No such file or directory
cpio: glibc-2.30/csu/elf-init.c: Cannot stat: No such file or directory
cpio: glibc-2.30/csu/init.c: Cannot stat: No such file or directory
cpio: glibc-2.30/sysdeps/x86_64/crti.S: Cannot stat: No such file or directory
cpio: glibc-2.30/sysdeps/x86_64/crtn.S: Cannot stat: No such file or directory
cpio: glibc-2.30/sysdeps/x86_64/start.S: Cannot stat: No such file or directory
0 blocks
+ '[' -d /builddir/build/BUILDROOT/cgcs-users-1.0-0.2.x86_64/usr/lib/debug ']'
+ mkdir -p /builddir/build/BUILDROOT/cgcs-users-1.0-0.2.x86_64/usr/share
+ '[' -d /builddir/build/BUILDROOT/cgcs-users-1.0-0.2.x86_64/usr/lib/debug ']'
+ mv /builddir/build/BUILDROOT/cgcs-users-1.0-0.2.x86_64/usr/lib/debug /builddir/build/BUILDROOT/cgcs-users-1.0-0.2.x86_64/usr/share
+ '[' -d /builddir/build/BUILDROOT/cgcs-users-1.0-0.2.x86_64/usr/src/debug ']'
+ mv /builddir/build/BUILDROOT/cgcs-users-1.0-0.2.x86_64/usr/src/debug /builddir/build/BUILDROOT/cgcs-users-1.0-0.2.x86_64/usr/share/debug/src
+ '[' -d /builddir/build/BUILDROOT/cgcs-users-1.0-0.2.x86_64/usr/lib/debug.force ']'
+ :
+ '[' -d /builddir/build/BUILDROOT/cgcs-users-1.0-0.2.x86_64/usr/src/debug.force ']'
+ :
+ /usr/lib/rpm/check-buildroot
+ /usr/lib/rpm/clr/brp-strip-static-archive /usr/bin/strip
+ /usr/lib/rpm/clr/brp-strip-comment-note /usr/bin/strip /usr/bin/objdump
+ /usr/lib/rpm/clr/brp-python-bytecompile
+ xargs -0 touch -h -d '@1549052798 '
+ find /builddir/build/BUILDROOT/cgcs-users-1.0-0.2.x86_64 -print0
+ /usr/lib/rpm/clr/brp-java-repack-jars
Processing files: cgcs-users-1.0-0.2.x86_64
Provides: cgcs-users = 1.0-0.2 cgcs-users(x86-64) = 1.0-0.2
Requires(interp): /bin/sh
Requires(rpmlib): rpmlib(CompressedFileNames) <= 3.0.4-1 rpmlib(PayloadFilesHavePrefix) <= 4.0-1
Requires(post): /bin/sh
Requires: libc.so.6()(64bit) libc.so.6(GLIBC_2.2.5)(64bit) libc.so.6(GLIBC_2.3)(64bit)
Processing files: cgcs-users-devel-1.0-0.2.x86_64
Processing files: cgcs-users-debuginfo-1.0-0.2.x86_64
Processing files: cgcs-users-abi-1.0-0.2.x86_64
Checking for unpackaged file(s): /usr/lib/rpm/check-files /builddir/build/BUILDROOT/cgcs-users-1.0-0.2.x86_64
warning: Empty %files file /builddir/build/BUILD/cgcs-users-1.0/abifiles.list
Wrote: /builddir/build/RPMS/cgcs-users-1.0-0.2.x86_64.rpm
Wrote: /builddir/build/RPMS/cgcs-users-devel-1.0-0.2.x86_64.rpm
Wrote: /builddir/build/RPMS/cgcs-users-debuginfo-1.0-0.2.x86_64.rpm
Wrote: /builddir/build/RPMS/cgcs-users-abi-1.0-0.2.x86_64.rpm
Executing(%clean): /bin/sh -e /var/tmp/rpm-tmp.eexNKH
+ umask 022
+ cd /builddir/build/BUILD
+ cd cgcs-users-1.0
+ rm -rf /builddir/build/BUILDROOT/cgcs-users-1.0-0.2.x86_64
+ rm -rf /builddir/build/SOURCES
+ exit 0
Child return code was: 0
LEAVE do --> 

