Mock Version: 1.2.14
ENTER do(['bash', '--login', '-c', '/usr/bin/rpmbuild -bs --target x86_64 --nodeps /builddir/build/SPECS/cgcs-patch.spec'], chrootPath='/var/lib/mock/clear-cgcs-patch/root'env={'TERM': 'vt100', 'SHELL': '/bin/bash', 'HOME': '/builddir', 'HOSTNAME': 'mock', 'PATH': '/usr/bin:/bin:/usr/sbin:/sbin', 'LANG': 'en_US.UTF-8', 'CCACHE_DIR': '/var/tmp/ccache', 'CCACHE_UMASK': '002'}shell=Falselogger=<mockbuild.trace_decorator.getLog object at 0x7f32fa918e10>timeout=0uid=1000gid=1000user='mockbuild'printOutput=False)
Executing command: ['bash', '--login', '-c', '/usr/bin/rpmbuild -bs --target x86_64 --nodeps /builddir/build/SPECS/cgcs-patch.spec'] with env {'TERM': 'vt100', 'SHELL': '/bin/bash', 'HOME': '/builddir', 'HOSTNAME': 'mock', 'PATH': '/usr/bin:/bin:/usr/sbin:/sbin', 'LANG': 'en_US.UTF-8', 'CCACHE_DIR': '/var/tmp/ccache', 'CCACHE_UMASK': '002'} and shell False
Building target platforms: x86_64
Building for target x86_64
Wrote: /builddir/build/SRPMS/cgcs-patch-1.0-1.src.rpm
Child return code was: 0
LEAVE do --> 

ENTER do(['bash', '--login', '-c', '/usr/bin/rpmbuild -bb --target x86_64 --nodeps  /builddir/build/SPECS/cgcs-patch.spec '], chrootPath='/var/lib/mock/clear-cgcs-patch/root'env={'TERM': 'vt100', 'SHELL': '/bin/bash', 'HOME': '/builddir', 'HOSTNAME': 'mock', 'PATH': '/usr/bin:/bin:/usr/sbin:/sbin', 'LANG': 'en_US.UTF-8', 'CCACHE_DIR': '/var/tmp/ccache', 'CCACHE_UMASK': '002'}shell=Falselogger=<mockbuild.trace_decorator.getLog object at 0x7f32fa918e10>timeout=0uid=1000gid=1000user='mockbuild'private_network=TrueprintOutput=False)
Executing command: ['bash', '--login', '-c', '/usr/bin/rpmbuild -bb --target x86_64 --nodeps  /builddir/build/SPECS/cgcs-patch.spec '] with env {'TERM': 'vt100', 'SHELL': '/bin/bash', 'HOME': '/builddir', 'HOSTNAME': 'mock', 'PATH': '/usr/bin:/bin:/usr/sbin:/sbin', 'LANG': 'en_US.UTF-8', 'CCACHE_DIR': '/var/tmp/ccache', 'CCACHE_UMASK': '002'} and shell False
Building target platforms: x86_64
Building for target x86_64
Executing(%prep): /bin/sh -e /var/tmp/rpm-tmp.8KAxYh
+ umask 022
+ cd /builddir/build/BUILD
+ LANG=en_US.UTF-8
+ export LANG
+ unset DISPLAY
+ cd /builddir/build/BUILD
+ rm -rf cgcs-patch-1.0
+ /usr/bin/gzip -dc /builddir/build/SOURCES/cgcs-patch-1.0.tar.gz
+ /usr/bin/tar -xf -
+ STATUS=0
+ '[' 0 -ne 0 ']'
+ cd cgcs-patch-1.0
+ /usr/bin/chmod -Rf a+rX,u+w,g-w,o-w .
+ exit 0
Executing(%build): /bin/sh -e /var/tmp/rpm-tmp.2tX01g
+ umask 022
+ cd /builddir/build/BUILD
+ cd cgcs-patch-1.0
+ LANG=en_US.UTF-8
+ export LANG
+ unset DISPLAY
+ unset PYTHONOPTIMIZE
+ CFLAGS='-O2 -g -feliminate-unused-debug-types -pipe -Wall -Wp,-D_FORTIFY_SOURCE=2 -fexceptions -fstack-protector --param=ssp-buffer-size=32 -Wformat -Wformat-security -Wl,-z,now,-z,relro,-z,max-page-size=0x1000,-z,separate-code -Wno-error -ftree-vectorize -ftree-slp-vectorize -Wl,--enable-new-dtags -fcf-protection=return -m64 -march=westmere -mtune=haswell -fasynchronous-unwind-tables -fno-omit-frame-pointer -Wp,-D_REENTRANT'
+ export CFLAGS
+ http_proxy=http://127.0.0.1:9/
+ export http_proxy
+ https_proxy=http://127.0.0.1:9/
+ export https_proxy
+ ftp_proxy=http://127.0.0.1:9/
+ export ftp_proxy
+ no_proxy=localhost,127.0.0.1,0.0.0.0
+ export no_proxy
+ CXXFLAGS='-O2 -g -feliminate-unused-debug-types -pipe -Wall -Wp,-D_FORTIFY_SOURCE=2 -fexceptions -fstack-protector --param=ssp-buffer-size=32 -Wformat -Wformat-security -Wl,-z,now,-z,relro,-z,max-page-size=0x1000,-z,separate-code -Wno-error -ftree-vectorize -ftree-slp-vectorize -Wl,--enable-new-dtags -fcf-protection=return -m64 -march=westmere -mtune=haswell -fasynchronous-unwind-tables -fno-omit-frame-pointer -Wp,-D_REENTRANT'
+ export CXXFLAGS
+ FFLAGS='-g -O3 -feliminate-unused-debug-types  -pipe -Wall -Wp,-D_FORTIFY_SOURCE=2 -fexceptions -fstack-protector --param=ssp-buffer-size=32 -m64 -fasynchronous-unwind-tables -Wp,-D_REENTRANT -ftree-loop-distribute-patterns -Wl,-z -Wl,now -Wl,-z -Wl,relro -malign-data=abi -fno-semantic-interposition -ftree-vectorize  -ftree-loop-vectorize -Wl,--enable-new-dtags '
+ export FFLAGS
+ LD_AS_NEEDED=1
+ export LD_AS_NEEDED
+ PKG_CONFIG_LIBDIR=/usr/lib64/pkgconfig
+ export PKG_CONFIG_LIBDIR
+ PATH=/usr/lib64/ccache/bin:/usr/local/bin:/usr/bin
+ export PATH
+ export http_proxy=http://127.0.0.1:9/
+ http_proxy=http://127.0.0.1:9/
+ export https_proxy=http://127.0.0.1:9/
+ https_proxy=http://127.0.0.1:9/
+ export no_proxy=localhost,127.0.0.1,0.0.0.0
+ no_proxy=localhost,127.0.0.1,0.0.0.0
+ export LANG=C.UTF-8
+ LANG=C.UTF-8
+ export SOURCE_DATE_EPOCH=1568181332
+ SOURCE_DATE_EPOCH=1568181332
+ export GCC_IGNORE_WERROR=1
+ GCC_IGNORE_WERROR=1
+ export AR=gcc-ar
+ AR=gcc-ar
+ export RANLIB=gcc-ranlib
+ RANLIB=gcc-ranlib
+ export NM=gcc-nm
+ NM=gcc-nm
+ export 'CFLAGS=-O2 -g -feliminate-unused-debug-types -pipe -Wall -Wp,-D_FORTIFY_SOURCE=2 -fexceptions -fstack-protector --param=ssp-buffer-size=32 -Wformat -Wformat-security -Wl,-z,now,-z,relro,-z,max-page-size=0x1000,-z,separate-code -Wno-error -ftree-vectorize -ftree-slp-vectorize -Wl,--enable-new-dtags -fcf-protection=return -m64 -march=westmere -mtune=haswell -fasynchronous-unwind-tables -fno-omit-frame-pointer -Wp,-D_REENTRANT -O3 -ffat-lto-objects -flto=4 '
+ CFLAGS='-O2 -g -feliminate-unused-debug-types -pipe -Wall -Wp,-D_FORTIFY_SOURCE=2 -fexceptions -fstack-protector --param=ssp-buffer-size=32 -Wformat -Wformat-security -Wl,-z,now,-z,relro,-z,max-page-size=0x1000,-z,separate-code -Wno-error -ftree-vectorize -ftree-slp-vectorize -Wl,--enable-new-dtags -fcf-protection=return -m64 -march=westmere -mtune=haswell -fasynchronous-unwind-tables -fno-omit-frame-pointer -Wp,-D_REENTRANT -O3 -ffat-lto-objects -flto=4 '
+ export 'FCFLAGS=-O2 -g -feliminate-unused-debug-types -pipe -Wall -Wp,-D_FORTIFY_SOURCE=2 -fexceptions -fstack-protector --param=ssp-buffer-size=32 -Wformat -Wformat-security -Wl,-z,now,-z,relro,-z,max-page-size=0x1000,-z,separate-code -Wno-error -ftree-vectorize -ftree-slp-vectorize -Wl,--enable-new-dtags -fcf-protection=return -m64 -march=westmere -mtune=haswell -fasynchronous-unwind-tables -fno-omit-frame-pointer -Wp,-D_REENTRANT -O3 -ffat-lto-objects -flto=4  -O3 -ffat-lto-objects -flto=4 '
+ FCFLAGS='-O2 -g -feliminate-unused-debug-types -pipe -Wall -Wp,-D_FORTIFY_SOURCE=2 -fexceptions -fstack-protector --param=ssp-buffer-size=32 -Wformat -Wformat-security -Wl,-z,now,-z,relro,-z,max-page-size=0x1000,-z,separate-code -Wno-error -ftree-vectorize -ftree-slp-vectorize -Wl,--enable-new-dtags -fcf-protection=return -m64 -march=westmere -mtune=haswell -fasynchronous-unwind-tables -fno-omit-frame-pointer -Wp,-D_REENTRANT -O3 -ffat-lto-objects -flto=4  -O3 -ffat-lto-objects -flto=4 '
+ export 'FFLAGS=-O2 -g -feliminate-unused-debug-types -pipe -Wall -Wp,-D_FORTIFY_SOURCE=2 -fexceptions -fstack-protector --param=ssp-buffer-size=32 -Wformat -Wformat-security -Wl,-z,now,-z,relro,-z,max-page-size=0x1000,-z,separate-code -Wno-error -ftree-vectorize -ftree-slp-vectorize -Wl,--enable-new-dtags -fcf-protection=return -m64 -march=westmere -mtune=haswell -fasynchronous-unwind-tables -fno-omit-frame-pointer -Wp,-D_REENTRANT -O3 -ffat-lto-objects -flto=4  -O3 -ffat-lto-objects -flto=4 '
+ FFLAGS='-O2 -g -feliminate-unused-debug-types -pipe -Wall -Wp,-D_FORTIFY_SOURCE=2 -fexceptions -fstack-protector --param=ssp-buffer-size=32 -Wformat -Wformat-security -Wl,-z,now,-z,relro,-z,max-page-size=0x1000,-z,separate-code -Wno-error -ftree-vectorize -ftree-slp-vectorize -Wl,--enable-new-dtags -fcf-protection=return -m64 -march=westmere -mtune=haswell -fasynchronous-unwind-tables -fno-omit-frame-pointer -Wp,-D_REENTRANT -O3 -ffat-lto-objects -flto=4  -O3 -ffat-lto-objects -flto=4 '
+ export 'CXXFLAGS=-O2 -g -feliminate-unused-debug-types -pipe -Wall -Wp,-D_FORTIFY_SOURCE=2 -fexceptions -fstack-protector --param=ssp-buffer-size=32 -Wformat -Wformat-security -Wl,-z,now,-z,relro,-z,max-page-size=0x1000,-z,separate-code -Wno-error -ftree-vectorize -ftree-slp-vectorize -Wl,--enable-new-dtags -fcf-protection=return -m64 -march=westmere -mtune=haswell -fasynchronous-unwind-tables -fno-omit-frame-pointer -Wp,-D_REENTRANT -O3 -ffat-lto-objects -flto=4 '
+ CXXFLAGS='-O2 -g -feliminate-unused-debug-types -pipe -Wall -Wp,-D_FORTIFY_SOURCE=2 -fexceptions -fstack-protector --param=ssp-buffer-size=32 -Wformat -Wformat-security -Wl,-z,now,-z,relro,-z,max-page-size=0x1000,-z,separate-code -Wno-error -ftree-vectorize -ftree-slp-vectorize -Wl,--enable-new-dtags -fcf-protection=return -m64 -march=westmere -mtune=haswell -fasynchronous-unwind-tables -fno-omit-frame-pointer -Wp,-D_REENTRANT -O3 -ffat-lto-objects -flto=4 '
+ export MAKEFLAGS=-j4
+ MAKEFLAGS=-j4
+ python3 setup.py build
running build
running build_py
creating build
creating build/lib
creating build/lib/cgcs_patch
copying cgcs_patch/utils.py -> build/lib/cgcs_patch
copying cgcs_patch/exceptions.py -> build/lib/cgcs_patch
copying cgcs_patch/__init__.py -> build/lib/cgcs_patch
copying cgcs_patch/patch_client.py -> build/lib/cgcs_patch
copying cgcs_patch/certificates.py -> build/lib/cgcs_patch
copying cgcs_patch/constants.py -> build/lib/cgcs_patch
copying cgcs_patch/patch_functions.py -> build/lib/cgcs_patch
copying cgcs_patch/app.py -> build/lib/cgcs_patch
copying cgcs_patch/patch_signing.py -> build/lib/cgcs_patch
copying cgcs_patch/patch_controller.py -> build/lib/cgcs_patch
copying cgcs_patch/patch_verify.py -> build/lib/cgcs_patch
copying cgcs_patch/base.py -> build/lib/cgcs_patch
copying cgcs_patch/patch_agent.py -> build/lib/cgcs_patch
copying cgcs_patch/config.py -> build/lib/cgcs_patch
copying cgcs_patch/messages.py -> build/lib/cgcs_patch
creating build/lib/cgcs_patch/authapi
copying cgcs_patch/authapi/hooks.py -> build/lib/cgcs_patch/authapi
copying cgcs_patch/authapi/__init__.py -> build/lib/cgcs_patch/authapi
copying cgcs_patch/authapi/auth_token.py -> build/lib/cgcs_patch/authapi
copying cgcs_patch/authapi/policy.py -> build/lib/cgcs_patch/authapi
copying cgcs_patch/authapi/acl.py -> build/lib/cgcs_patch/authapi
copying cgcs_patch/authapi/app.py -> build/lib/cgcs_patch/authapi
copying cgcs_patch/authapi/config.py -> build/lib/cgcs_patch/authapi
creating build/lib/cgcs_patch/api
copying cgcs_patch/api/__init__.py -> build/lib/cgcs_patch/api
copying cgcs_patch/api/app.py -> build/lib/cgcs_patch/api
copying cgcs_patch/api/config.py -> build/lib/cgcs_patch/api
creating build/lib/cgcs_patch/tests
copying cgcs_patch/tests/__init__.py -> build/lib/cgcs_patch/tests
copying cgcs_patch/tests/test_patch_controller.py -> build/lib/cgcs_patch/tests
copying cgcs_patch/tests/test_patch_agent.py -> build/lib/cgcs_patch/tests
copying cgcs_patch/tests/test_patch_utils.py -> build/lib/cgcs_patch/tests
copying cgcs_patch/tests/test_basics.py -> build/lib/cgcs_patch/tests
creating build/lib/cgcs_patch/api/controllers
copying cgcs_patch/api/controllers/__init__.py -> build/lib/cgcs_patch/api/controllers
copying cgcs_patch/api/controllers/root.py -> build/lib/cgcs_patch/api/controllers
creating build/lib/cgcs_patch/templates
copying cgcs_patch/templates/show.xml -> build/lib/cgcs_patch/templates
copying cgcs_patch/templates/query_agents.html -> build/lib/cgcs_patch/templates
copying cgcs_patch/templates/query.xml -> build/lib/cgcs_patch/templates
copying cgcs_patch/templates/query_hosts.xml -> build/lib/cgcs_patch/templates
copying cgcs_patch/templates/show.html -> build/lib/cgcs_patch/templates
copying cgcs_patch/templates/query.html -> build/lib/cgcs_patch/templates
+ exit 0
Executing(%install): /bin/sh -e /var/tmp/rpm-tmp.J3ldDg
+ umask 022
+ cd /builddir/build/BUILD
+ cd cgcs-patch-1.0
+ LANG=en_US.UTF-8
+ export LANG
+ unset DISPLAY
+ unset PYTHONOPTIMIZE
+ rm -rf /builddir/build/BUILDROOT/cgcs-patch-1.0-1.x86_64
+ mkdir -p /builddir/build/BUILDROOT/cgcs-patch-1.0-1.x86_64
+ export MAKEFLAGS=-j4
+ MAKEFLAGS=-j4
+ rm -rf /builddir/build/BUILDROOT/cgcs-patch-1.0-1.x86_64
+ python3 -tt setup.py build install --root=/builddir/build/BUILDROOT/cgcs-patch-1.0-1.x86_64
running build
running build_py
running install
running install_lib
creating /builddir/build/BUILDROOT/cgcs-patch-1.0-1.x86_64
creating /builddir/build/BUILDROOT/cgcs-patch-1.0-1.x86_64/usr
creating /builddir/build/BUILDROOT/cgcs-patch-1.0-1.x86_64/usr/lib
creating /builddir/build/BUILDROOT/cgcs-patch-1.0-1.x86_64/usr/lib/python3.7
creating /builddir/build/BUILDROOT/cgcs-patch-1.0-1.x86_64/usr/lib/python3.7/site-packages
creating /builddir/build/BUILDROOT/cgcs-patch-1.0-1.x86_64/usr/lib/python3.7/site-packages/cgcs_patch
copying build/lib/cgcs_patch/utils.py -> /builddir/build/BUILDROOT/cgcs-patch-1.0-1.x86_64/usr/lib/python3.7/site-packages/cgcs_patch
copying build/lib/cgcs_patch/exceptions.py -> /builddir/build/BUILDROOT/cgcs-patch-1.0-1.x86_64/usr/lib/python3.7/site-packages/cgcs_patch
copying build/lib/cgcs_patch/__init__.py -> /builddir/build/BUILDROOT/cgcs-patch-1.0-1.x86_64/usr/lib/python3.7/site-packages/cgcs_patch
copying build/lib/cgcs_patch/patch_client.py -> /builddir/build/BUILDROOT/cgcs-patch-1.0-1.x86_64/usr/lib/python3.7/site-packages/cgcs_patch
copying build/lib/cgcs_patch/certificates.py -> /builddir/build/BUILDROOT/cgcs-patch-1.0-1.x86_64/usr/lib/python3.7/site-packages/cgcs_patch
creating /builddir/build/BUILDROOT/cgcs-patch-1.0-1.x86_64/usr/lib/python3.7/site-packages/cgcs_patch/authapi
copying build/lib/cgcs_patch/authapi/hooks.py -> /builddir/build/BUILDROOT/cgcs-patch-1.0-1.x86_64/usr/lib/python3.7/site-packages/cgcs_patch/authapi
copying build/lib/cgcs_patch/authapi/__init__.py -> /builddir/build/BUILDROOT/cgcs-patch-1.0-1.x86_64/usr/lib/python3.7/site-packages/cgcs_patch/authapi
copying build/lib/cgcs_patch/authapi/auth_token.py -> /builddir/build/BUILDROOT/cgcs-patch-1.0-1.x86_64/usr/lib/python3.7/site-packages/cgcs_patch/authapi
copying build/lib/cgcs_patch/authapi/policy.py -> /builddir/build/BUILDROOT/cgcs-patch-1.0-1.x86_64/usr/lib/python3.7/site-packages/cgcs_patch/authapi
copying build/lib/cgcs_patch/authapi/acl.py -> /builddir/build/BUILDROOT/cgcs-patch-1.0-1.x86_64/usr/lib/python3.7/site-packages/cgcs_patch/authapi
copying build/lib/cgcs_patch/authapi/app.py -> /builddir/build/BUILDROOT/cgcs-patch-1.0-1.x86_64/usr/lib/python3.7/site-packages/cgcs_patch/authapi
copying build/lib/cgcs_patch/authapi/config.py -> /builddir/build/BUILDROOT/cgcs-patch-1.0-1.x86_64/usr/lib/python3.7/site-packages/cgcs_patch/authapi
creating /builddir/build/BUILDROOT/cgcs-patch-1.0-1.x86_64/usr/lib/python3.7/site-packages/cgcs_patch/templates
copying build/lib/cgcs_patch/templates/show.xml -> /builddir/build/BUILDROOT/cgcs-patch-1.0-1.x86_64/usr/lib/python3.7/site-packages/cgcs_patch/templates
copying build/lib/cgcs_patch/templates/query_agents.html -> /builddir/build/BUILDROOT/cgcs-patch-1.0-1.x86_64/usr/lib/python3.7/site-packages/cgcs_patch/templates
copying build/lib/cgcs_patch/templates/query.xml -> /builddir/build/BUILDROOT/cgcs-patch-1.0-1.x86_64/usr/lib/python3.7/site-packages/cgcs_patch/templates
copying build/lib/cgcs_patch/templates/query_hosts.xml -> /builddir/build/BUILDROOT/cgcs-patch-1.0-1.x86_64/usr/lib/python3.7/site-packages/cgcs_patch/templates
copying build/lib/cgcs_patch/templates/show.html -> /builddir/build/BUILDROOT/cgcs-patch-1.0-1.x86_64/usr/lib/python3.7/site-packages/cgcs_patch/templates
copying build/lib/cgcs_patch/templates/query.html -> /builddir/build/BUILDROOT/cgcs-patch-1.0-1.x86_64/usr/lib/python3.7/site-packages/cgcs_patch/templates
copying build/lib/cgcs_patch/constants.py -> /builddir/build/BUILDROOT/cgcs-patch-1.0-1.x86_64/usr/lib/python3.7/site-packages/cgcs_patch
copying build/lib/cgcs_patch/patch_functions.py -> /builddir/build/BUILDROOT/cgcs-patch-1.0-1.x86_64/usr/lib/python3.7/site-packages/cgcs_patch
creating /builddir/build/BUILDROOT/cgcs-patch-1.0-1.x86_64/usr/lib/python3.7/site-packages/cgcs_patch/api
copying build/lib/cgcs_patch/api/__init__.py -> /builddir/build/BUILDROOT/cgcs-patch-1.0-1.x86_64/usr/lib/python3.7/site-packages/cgcs_patch/api
creating /builddir/build/BUILDROOT/cgcs-patch-1.0-1.x86_64/usr/lib/python3.7/site-packages/cgcs_patch/api/controllers
copying build/lib/cgcs_patch/api/controllers/__init__.py -> /builddir/build/BUILDROOT/cgcs-patch-1.0-1.x86_64/usr/lib/python3.7/site-packages/cgcs_patch/api/controllers
copying build/lib/cgcs_patch/api/controllers/root.py -> /builddir/build/BUILDROOT/cgcs-patch-1.0-1.x86_64/usr/lib/python3.7/site-packages/cgcs_patch/api/controllers
copying build/lib/cgcs_patch/api/app.py -> /builddir/build/BUILDROOT/cgcs-patch-1.0-1.x86_64/usr/lib/python3.7/site-packages/cgcs_patch/api
copying build/lib/cgcs_patch/api/config.py -> /builddir/build/BUILDROOT/cgcs-patch-1.0-1.x86_64/usr/lib/python3.7/site-packages/cgcs_patch/api
copying build/lib/cgcs_patch/app.py -> /builddir/build/BUILDROOT/cgcs-patch-1.0-1.x86_64/usr/lib/python3.7/site-packages/cgcs_patch
copying build/lib/cgcs_patch/patch_signing.py -> /builddir/build/BUILDROOT/cgcs-patch-1.0-1.x86_64/usr/lib/python3.7/site-packages/cgcs_patch
copying build/lib/cgcs_patch/patch_controller.py -> /builddir/build/BUILDROOT/cgcs-patch-1.0-1.x86_64/usr/lib/python3.7/site-packages/cgcs_patch
copying build/lib/cgcs_patch/patch_verify.py -> /builddir/build/BUILDROOT/cgcs-patch-1.0-1.x86_64/usr/lib/python3.7/site-packages/cgcs_patch
creating /builddir/build/BUILDROOT/cgcs-patch-1.0-1.x86_64/usr/lib/python3.7/site-packages/cgcs_patch/tests
copying build/lib/cgcs_patch/tests/__init__.py -> /builddir/build/BUILDROOT/cgcs-patch-1.0-1.x86_64/usr/lib/python3.7/site-packages/cgcs_patch/tests
copying build/lib/cgcs_patch/tests/test_patch_controller.py -> /builddir/build/BUILDROOT/cgcs-patch-1.0-1.x86_64/usr/lib/python3.7/site-packages/cgcs_patch/tests
copying build/lib/cgcs_patch/tests/test_patch_agent.py -> /builddir/build/BUILDROOT/cgcs-patch-1.0-1.x86_64/usr/lib/python3.7/site-packages/cgcs_patch/tests
copying build/lib/cgcs_patch/tests/test_patch_utils.py -> /builddir/build/BUILDROOT/cgcs-patch-1.0-1.x86_64/usr/lib/python3.7/site-packages/cgcs_patch/tests
copying build/lib/cgcs_patch/tests/test_basics.py -> /builddir/build/BUILDROOT/cgcs-patch-1.0-1.x86_64/usr/lib/python3.7/site-packages/cgcs_patch/tests
copying build/lib/cgcs_patch/base.py -> /builddir/build/BUILDROOT/cgcs-patch-1.0-1.x86_64/usr/lib/python3.7/site-packages/cgcs_patch
copying build/lib/cgcs_patch/patch_agent.py -> /builddir/build/BUILDROOT/cgcs-patch-1.0-1.x86_64/usr/lib/python3.7/site-packages/cgcs_patch
copying build/lib/cgcs_patch/config.py -> /builddir/build/BUILDROOT/cgcs-patch-1.0-1.x86_64/usr/lib/python3.7/site-packages/cgcs_patch
copying build/lib/cgcs_patch/messages.py -> /builddir/build/BUILDROOT/cgcs-patch-1.0-1.x86_64/usr/lib/python3.7/site-packages/cgcs_patch
byte-compiling /builddir/build/BUILDROOT/cgcs-patch-1.0-1.x86_64/usr/lib/python3.7/site-packages/cgcs_patch/utils.py to utils.cpython-37.pyc
byte-compiling /builddir/build/BUILDROOT/cgcs-patch-1.0-1.x86_64/usr/lib/python3.7/site-packages/cgcs_patch/exceptions.py to exceptions.cpython-37.pyc
byte-compiling /builddir/build/BUILDROOT/cgcs-patch-1.0-1.x86_64/usr/lib/python3.7/site-packages/cgcs_patch/__init__.py to __init__.cpython-37.pyc
byte-compiling /builddir/build/BUILDROOT/cgcs-patch-1.0-1.x86_64/usr/lib/python3.7/site-packages/cgcs_patch/patch_client.py to patch_client.cpython-37.pyc
byte-compiling /builddir/build/BUILDROOT/cgcs-patch-1.0-1.x86_64/usr/lib/python3.7/site-packages/cgcs_patch/certificates.py to certificates.cpython-37.pyc
byte-compiling /builddir/build/BUILDROOT/cgcs-patch-1.0-1.x86_64/usr/lib/python3.7/site-packages/cgcs_patch/authapi/hooks.py to hooks.cpython-37.pyc
byte-compiling /builddir/build/BUILDROOT/cgcs-patch-1.0-1.x86_64/usr/lib/python3.7/site-packages/cgcs_patch/authapi/__init__.py to __init__.cpython-37.pyc
byte-compiling /builddir/build/BUILDROOT/cgcs-patch-1.0-1.x86_64/usr/lib/python3.7/site-packages/cgcs_patch/authapi/auth_token.py to auth_token.cpython-37.pyc
byte-compiling /builddir/build/BUILDROOT/cgcs-patch-1.0-1.x86_64/usr/lib/python3.7/site-packages/cgcs_patch/authapi/policy.py to policy.cpython-37.pyc
byte-compiling /builddir/build/BUILDROOT/cgcs-patch-1.0-1.x86_64/usr/lib/python3.7/site-packages/cgcs_patch/authapi/acl.py to acl.cpython-37.pyc
byte-compiling /builddir/build/BUILDROOT/cgcs-patch-1.0-1.x86_64/usr/lib/python3.7/site-packages/cgcs_patch/authapi/app.py to app.cpython-37.pyc
byte-compiling /builddir/build/BUILDROOT/cgcs-patch-1.0-1.x86_64/usr/lib/python3.7/site-packages/cgcs_patch/authapi/config.py to config.cpython-37.pyc
byte-compiling /builddir/build/BUILDROOT/cgcs-patch-1.0-1.x86_64/usr/lib/python3.7/site-packages/cgcs_patch/constants.py to constants.cpython-37.pyc
byte-compiling /builddir/build/BUILDROOT/cgcs-patch-1.0-1.x86_64/usr/lib/python3.7/site-packages/cgcs_patch/patch_functions.py to patch_functions.cpython-37.pyc
byte-compiling /builddir/build/BUILDROOT/cgcs-patch-1.0-1.x86_64/usr/lib/python3.7/site-packages/cgcs_patch/api/__init__.py to __init__.cpython-37.pyc
byte-compiling /builddir/build/BUILDROOT/cgcs-patch-1.0-1.x86_64/usr/lib/python3.7/site-packages/cgcs_patch/api/controllers/__init__.py to __init__.cpython-37.pyc
byte-compiling /builddir/build/BUILDROOT/cgcs-patch-1.0-1.x86_64/usr/lib/python3.7/site-packages/cgcs_patch/api/controllers/root.py to root.cpython-37.pyc
byte-compiling /builddir/build/BUILDROOT/cgcs-patch-1.0-1.x86_64/usr/lib/python3.7/site-packages/cgcs_patch/api/app.py to app.cpython-37.pyc
byte-compiling /builddir/build/BUILDROOT/cgcs-patch-1.0-1.x86_64/usr/lib/python3.7/site-packages/cgcs_patch/api/config.py to config.cpython-37.pyc
byte-compiling /builddir/build/BUILDROOT/cgcs-patch-1.0-1.x86_64/usr/lib/python3.7/site-packages/cgcs_patch/app.py to app.cpython-37.pyc
byte-compiling /builddir/build/BUILDROOT/cgcs-patch-1.0-1.x86_64/usr/lib/python3.7/site-packages/cgcs_patch/patch_signing.py to patch_signing.cpython-37.pyc
byte-compiling /builddir/build/BUILDROOT/cgcs-patch-1.0-1.x86_64/usr/lib/python3.7/site-packages/cgcs_patch/patch_controller.py to patch_controller.cpython-37.pyc
byte-compiling /builddir/build/BUILDROOT/cgcs-patch-1.0-1.x86_64/usr/lib/python3.7/site-packages/cgcs_patch/patch_verify.py to patch_verify.cpython-37.pyc
byte-compiling /builddir/build/BUILDROOT/cgcs-patch-1.0-1.x86_64/usr/lib/python3.7/site-packages/cgcs_patch/tests/__init__.py to __init__.cpython-37.pyc
byte-compiling /builddir/build/BUILDROOT/cgcs-patch-1.0-1.x86_64/usr/lib/python3.7/site-packages/cgcs_patch/tests/test_patch_controller.py to test_patch_controller.cpython-37.pyc
byte-compiling /builddir/build/BUILDROOT/cgcs-patch-1.0-1.x86_64/usr/lib/python3.7/site-packages/cgcs_patch/tests/test_patch_agent.py to test_patch_agent.cpython-37.pyc
byte-compiling /builddir/build/BUILDROOT/cgcs-patch-1.0-1.x86_64/usr/lib/python3.7/site-packages/cgcs_patch/tests/test_patch_utils.py to test_patch_utils.cpython-37.pyc
byte-compiling /builddir/build/BUILDROOT/cgcs-patch-1.0-1.x86_64/usr/lib/python3.7/site-packages/cgcs_patch/tests/test_basics.py to test_basics.cpython-37.pyc
byte-compiling /builddir/build/BUILDROOT/cgcs-patch-1.0-1.x86_64/usr/lib/python3.7/site-packages/cgcs_patch/base.py to base.cpython-37.pyc
byte-compiling /builddir/build/BUILDROOT/cgcs-patch-1.0-1.x86_64/usr/lib/python3.7/site-packages/cgcs_patch/patch_agent.py to patch_agent.cpython-37.pyc
byte-compiling /builddir/build/BUILDROOT/cgcs-patch-1.0-1.x86_64/usr/lib/python3.7/site-packages/cgcs_patch/config.py to config.cpython-37.pyc
byte-compiling /builddir/build/BUILDROOT/cgcs-patch-1.0-1.x86_64/usr/lib/python3.7/site-packages/cgcs_patch/messages.py to messages.cpython-37.pyc
running install_egg_info
running egg_info
creating cgcs_patch.egg-info
writing cgcs_patch.egg-info/PKG-INFO
writing dependency_links to cgcs_patch.egg-info/dependency_links.txt
writing top-level names to cgcs_patch.egg-info/top_level.txt
writing manifest file 'cgcs_patch.egg-info/SOURCES.txt'
reading manifest file 'cgcs_patch.egg-info/SOURCES.txt'
writing manifest file 'cgcs_patch.egg-info/SOURCES.txt'
Copying cgcs_patch.egg-info to /builddir/build/BUILDROOT/cgcs-patch-1.0-1.x86_64/usr/lib/python3.7/site-packages/cgcs_patch-1.0-py3.7.egg-info
running install_scripts
----[ mark ]----
+ echo '----[' mark ']----'
+ cat '/builddir/build/BUILDROOT/cgcs-patch-1.0-1.x86_64/usr/lib/python3*/site-packages/*/requires.txt'
cat: '/builddir/build/BUILDROOT/cgcs-patch-1.0-1.x86_64/usr/lib/python3*/site-packages/*/requires.txt': No such file or directory
+ :
----[ mark ]----
+ echo '----[' mark ']----'
+ /usr/bin/python setup.py install --root=/builddir/build/BUILDROOT/cgcs-patch-1.0-1.x86_64 --install-lib=/usr/lib64/python2.7/site-packages --prefix=/usr --install-data=/usr/share --single-version-externally-managed
running install
running build
running build_py
running install_lib
creating /builddir/build/BUILDROOT/cgcs-patch-1.0-1.x86_64/usr/lib64
creating /builddir/build/BUILDROOT/cgcs-patch-1.0-1.x86_64/usr/lib64/python2.7
creating /builddir/build/BUILDROOT/cgcs-patch-1.0-1.x86_64/usr/lib64/python2.7/site-packages
creating /builddir/build/BUILDROOT/cgcs-patch-1.0-1.x86_64/usr/lib64/python2.7/site-packages/cgcs_patch
copying build/lib/cgcs_patch/utils.py -> /builddir/build/BUILDROOT/cgcs-patch-1.0-1.x86_64/usr/lib64/python2.7/site-packages/cgcs_patch
copying build/lib/cgcs_patch/exceptions.py -> /builddir/build/BUILDROOT/cgcs-patch-1.0-1.x86_64/usr/lib64/python2.7/site-packages/cgcs_patch
copying build/lib/cgcs_patch/__init__.py -> /builddir/build/BUILDROOT/cgcs-patch-1.0-1.x86_64/usr/lib64/python2.7/site-packages/cgcs_patch
copying build/lib/cgcs_patch/patch_client.py -> /builddir/build/BUILDROOT/cgcs-patch-1.0-1.x86_64/usr/lib64/python2.7/site-packages/cgcs_patch
copying build/lib/cgcs_patch/certificates.py -> /builddir/build/BUILDROOT/cgcs-patch-1.0-1.x86_64/usr/lib64/python2.7/site-packages/cgcs_patch
creating /builddir/build/BUILDROOT/cgcs-patch-1.0-1.x86_64/usr/lib64/python2.7/site-packages/cgcs_patch/authapi
copying build/lib/cgcs_patch/authapi/hooks.py -> /builddir/build/BUILDROOT/cgcs-patch-1.0-1.x86_64/usr/lib64/python2.7/site-packages/cgcs_patch/authapi
copying build/lib/cgcs_patch/authapi/__init__.py -> /builddir/build/BUILDROOT/cgcs-patch-1.0-1.x86_64/usr/lib64/python2.7/site-packages/cgcs_patch/authapi
copying build/lib/cgcs_patch/authapi/auth_token.py -> /builddir/build/BUILDROOT/cgcs-patch-1.0-1.x86_64/usr/lib64/python2.7/site-packages/cgcs_patch/authapi
copying build/lib/cgcs_patch/authapi/policy.py -> /builddir/build/BUILDROOT/cgcs-patch-1.0-1.x86_64/usr/lib64/python2.7/site-packages/cgcs_patch/authapi
copying build/lib/cgcs_patch/authapi/acl.py -> /builddir/build/BUILDROOT/cgcs-patch-1.0-1.x86_64/usr/lib64/python2.7/site-packages/cgcs_patch/authapi
copying build/lib/cgcs_patch/authapi/app.py -> /builddir/build/BUILDROOT/cgcs-patch-1.0-1.x86_64/usr/lib64/python2.7/site-packages/cgcs_patch/authapi
copying build/lib/cgcs_patch/authapi/config.py -> /builddir/build/BUILDROOT/cgcs-patch-1.0-1.x86_64/usr/lib64/python2.7/site-packages/cgcs_patch/authapi
creating /builddir/build/BUILDROOT/cgcs-patch-1.0-1.x86_64/usr/lib64/python2.7/site-packages/cgcs_patch/templates
copying build/lib/cgcs_patch/templates/show.xml -> /builddir/build/BUILDROOT/cgcs-patch-1.0-1.x86_64/usr/lib64/python2.7/site-packages/cgcs_patch/templates
copying build/lib/cgcs_patch/templates/query_agents.html -> /builddir/build/BUILDROOT/cgcs-patch-1.0-1.x86_64/usr/lib64/python2.7/site-packages/cgcs_patch/templates
copying build/lib/cgcs_patch/templates/query.xml -> /builddir/build/BUILDROOT/cgcs-patch-1.0-1.x86_64/usr/lib64/python2.7/site-packages/cgcs_patch/templates
copying build/lib/cgcs_patch/templates/query_hosts.xml -> /builddir/build/BUILDROOT/cgcs-patch-1.0-1.x86_64/usr/lib64/python2.7/site-packages/cgcs_patch/templates
copying build/lib/cgcs_patch/templates/show.html -> /builddir/build/BUILDROOT/cgcs-patch-1.0-1.x86_64/usr/lib64/python2.7/site-packages/cgcs_patch/templates
copying build/lib/cgcs_patch/templates/query.html -> /builddir/build/BUILDROOT/cgcs-patch-1.0-1.x86_64/usr/lib64/python2.7/site-packages/cgcs_patch/templates
copying build/lib/cgcs_patch/constants.py -> /builddir/build/BUILDROOT/cgcs-patch-1.0-1.x86_64/usr/lib64/python2.7/site-packages/cgcs_patch
copying build/lib/cgcs_patch/patch_functions.py -> /builddir/build/BUILDROOT/cgcs-patch-1.0-1.x86_64/usr/lib64/python2.7/site-packages/cgcs_patch
creating /builddir/build/BUILDROOT/cgcs-patch-1.0-1.x86_64/usr/lib64/python2.7/site-packages/cgcs_patch/api
copying build/lib/cgcs_patch/api/__init__.py -> /builddir/build/BUILDROOT/cgcs-patch-1.0-1.x86_64/usr/lib64/python2.7/site-packages/cgcs_patch/api
creating /builddir/build/BUILDROOT/cgcs-patch-1.0-1.x86_64/usr/lib64/python2.7/site-packages/cgcs_patch/api/controllers
copying build/lib/cgcs_patch/api/controllers/__init__.py -> /builddir/build/BUILDROOT/cgcs-patch-1.0-1.x86_64/usr/lib64/python2.7/site-packages/cgcs_patch/api/controllers
copying build/lib/cgcs_patch/api/controllers/root.py -> /builddir/build/BUILDROOT/cgcs-patch-1.0-1.x86_64/usr/lib64/python2.7/site-packages/cgcs_patch/api/controllers
copying build/lib/cgcs_patch/api/app.py -> /builddir/build/BUILDROOT/cgcs-patch-1.0-1.x86_64/usr/lib64/python2.7/site-packages/cgcs_patch/api
copying build/lib/cgcs_patch/api/config.py -> /builddir/build/BUILDROOT/cgcs-patch-1.0-1.x86_64/usr/lib64/python2.7/site-packages/cgcs_patch/api
copying build/lib/cgcs_patch/app.py -> /builddir/build/BUILDROOT/cgcs-patch-1.0-1.x86_64/usr/lib64/python2.7/site-packages/cgcs_patch
copying build/lib/cgcs_patch/patch_signing.py -> /builddir/build/BUILDROOT/cgcs-patch-1.0-1.x86_64/usr/lib64/python2.7/site-packages/cgcs_patch
copying build/lib/cgcs_patch/patch_controller.py -> /builddir/build/BUILDROOT/cgcs-patch-1.0-1.x86_64/usr/lib64/python2.7/site-packages/cgcs_patch
copying build/lib/cgcs_patch/patch_verify.py -> /builddir/build/BUILDROOT/cgcs-patch-1.0-1.x86_64/usr/lib64/python2.7/site-packages/cgcs_patch
creating /builddir/build/BUILDROOT/cgcs-patch-1.0-1.x86_64/usr/lib64/python2.7/site-packages/cgcs_patch/tests
copying build/lib/cgcs_patch/tests/__init__.py -> /builddir/build/BUILDROOT/cgcs-patch-1.0-1.x86_64/usr/lib64/python2.7/site-packages/cgcs_patch/tests
copying build/lib/cgcs_patch/tests/test_patch_controller.py -> /builddir/build/BUILDROOT/cgcs-patch-1.0-1.x86_64/usr/lib64/python2.7/site-packages/cgcs_patch/tests
copying build/lib/cgcs_patch/tests/test_patch_agent.py -> /builddir/build/BUILDROOT/cgcs-patch-1.0-1.x86_64/usr/lib64/python2.7/site-packages/cgcs_patch/tests
copying build/lib/cgcs_patch/tests/test_patch_utils.py -> /builddir/build/BUILDROOT/cgcs-patch-1.0-1.x86_64/usr/lib64/python2.7/site-packages/cgcs_patch/tests
copying build/lib/cgcs_patch/tests/test_basics.py -> /builddir/build/BUILDROOT/cgcs-patch-1.0-1.x86_64/usr/lib64/python2.7/site-packages/cgcs_patch/tests
copying build/lib/cgcs_patch/base.py -> /builddir/build/BUILDROOT/cgcs-patch-1.0-1.x86_64/usr/lib64/python2.7/site-packages/cgcs_patch
copying build/lib/cgcs_patch/patch_agent.py -> /builddir/build/BUILDROOT/cgcs-patch-1.0-1.x86_64/usr/lib64/python2.7/site-packages/cgcs_patch
copying build/lib/cgcs_patch/config.py -> /builddir/build/BUILDROOT/cgcs-patch-1.0-1.x86_64/usr/lib64/python2.7/site-packages/cgcs_patch
copying build/lib/cgcs_patch/messages.py -> /builddir/build/BUILDROOT/cgcs-patch-1.0-1.x86_64/usr/lib64/python2.7/site-packages/cgcs_patch
byte-compiling /builddir/build/BUILDROOT/cgcs-patch-1.0-1.x86_64/usr/lib64/python2.7/site-packages/cgcs_patch/utils.py to utils.cpython-37.pyc
byte-compiling /builddir/build/BUILDROOT/cgcs-patch-1.0-1.x86_64/usr/lib64/python2.7/site-packages/cgcs_patch/exceptions.py to exceptions.cpython-37.pyc
byte-compiling /builddir/build/BUILDROOT/cgcs-patch-1.0-1.x86_64/usr/lib64/python2.7/site-packages/cgcs_patch/__init__.py to __init__.cpython-37.pyc
byte-compiling /builddir/build/BUILDROOT/cgcs-patch-1.0-1.x86_64/usr/lib64/python2.7/site-packages/cgcs_patch/patch_client.py to patch_client.cpython-37.pyc
byte-compiling /builddir/build/BUILDROOT/cgcs-patch-1.0-1.x86_64/usr/lib64/python2.7/site-packages/cgcs_patch/certificates.py to certificates.cpython-37.pyc
byte-compiling /builddir/build/BUILDROOT/cgcs-patch-1.0-1.x86_64/usr/lib64/python2.7/site-packages/cgcs_patch/authapi/hooks.py to hooks.cpython-37.pyc
byte-compiling /builddir/build/BUILDROOT/cgcs-patch-1.0-1.x86_64/usr/lib64/python2.7/site-packages/cgcs_patch/authapi/__init__.py to __init__.cpython-37.pyc
byte-compiling /builddir/build/BUILDROOT/cgcs-patch-1.0-1.x86_64/usr/lib64/python2.7/site-packages/cgcs_patch/authapi/auth_token.py to auth_token.cpython-37.pyc
byte-compiling /builddir/build/BUILDROOT/cgcs-patch-1.0-1.x86_64/usr/lib64/python2.7/site-packages/cgcs_patch/authapi/policy.py to policy.cpython-37.pyc
byte-compiling /builddir/build/BUILDROOT/cgcs-patch-1.0-1.x86_64/usr/lib64/python2.7/site-packages/cgcs_patch/authapi/acl.py to acl.cpython-37.pyc
byte-compiling /builddir/build/BUILDROOT/cgcs-patch-1.0-1.x86_64/usr/lib64/python2.7/site-packages/cgcs_patch/authapi/app.py to app.cpython-37.pyc
byte-compiling /builddir/build/BUILDROOT/cgcs-patch-1.0-1.x86_64/usr/lib64/python2.7/site-packages/cgcs_patch/authapi/config.py to config.cpython-37.pyc
byte-compiling /builddir/build/BUILDROOT/cgcs-patch-1.0-1.x86_64/usr/lib64/python2.7/site-packages/cgcs_patch/constants.py to constants.cpython-37.pyc
byte-compiling /builddir/build/BUILDROOT/cgcs-patch-1.0-1.x86_64/usr/lib64/python2.7/site-packages/cgcs_patch/patch_functions.py to patch_functions.cpython-37.pyc
byte-compiling /builddir/build/BUILDROOT/cgcs-patch-1.0-1.x86_64/usr/lib64/python2.7/site-packages/cgcs_patch/api/__init__.py to __init__.cpython-37.pyc
byte-compiling /builddir/build/BUILDROOT/cgcs-patch-1.0-1.x86_64/usr/lib64/python2.7/site-packages/cgcs_patch/api/controllers/__init__.py to __init__.cpython-37.pyc
byte-compiling /builddir/build/BUILDROOT/cgcs-patch-1.0-1.x86_64/usr/lib64/python2.7/site-packages/cgcs_patch/api/controllers/root.py to root.cpython-37.pyc
byte-compiling /builddir/build/BUILDROOT/cgcs-patch-1.0-1.x86_64/usr/lib64/python2.7/site-packages/cgcs_patch/api/app.py to app.cpython-37.pyc
byte-compiling /builddir/build/BUILDROOT/cgcs-patch-1.0-1.x86_64/usr/lib64/python2.7/site-packages/cgcs_patch/api/config.py to config.cpython-37.pyc
byte-compiling /builddir/build/BUILDROOT/cgcs-patch-1.0-1.x86_64/usr/lib64/python2.7/site-packages/cgcs_patch/app.py to app.cpython-37.pyc
byte-compiling /builddir/build/BUILDROOT/cgcs-patch-1.0-1.x86_64/usr/lib64/python2.7/site-packages/cgcs_patch/patch_signing.py to patch_signing.cpython-37.pyc
byte-compiling /builddir/build/BUILDROOT/cgcs-patch-1.0-1.x86_64/usr/lib64/python2.7/site-packages/cgcs_patch/patch_controller.py to patch_controller.cpython-37.pyc
byte-compiling /builddir/build/BUILDROOT/cgcs-patch-1.0-1.x86_64/usr/lib64/python2.7/site-packages/cgcs_patch/patch_verify.py to patch_verify.cpython-37.pyc
byte-compiling /builddir/build/BUILDROOT/cgcs-patch-1.0-1.x86_64/usr/lib64/python2.7/site-packages/cgcs_patch/tests/__init__.py to __init__.cpython-37.pyc
byte-compiling /builddir/build/BUILDROOT/cgcs-patch-1.0-1.x86_64/usr/lib64/python2.7/site-packages/cgcs_patch/tests/test_patch_controller.py to test_patch_controller.cpython-37.pyc
byte-compiling /builddir/build/BUILDROOT/cgcs-patch-1.0-1.x86_64/usr/lib64/python2.7/site-packages/cgcs_patch/tests/test_patch_agent.py to test_patch_agent.cpython-37.pyc
byte-compiling /builddir/build/BUILDROOT/cgcs-patch-1.0-1.x86_64/usr/lib64/python2.7/site-packages/cgcs_patch/tests/test_patch_utils.py to test_patch_utils.cpython-37.pyc
byte-compiling /builddir/build/BUILDROOT/cgcs-patch-1.0-1.x86_64/usr/lib64/python2.7/site-packages/cgcs_patch/tests/test_basics.py to test_basics.cpython-37.pyc
byte-compiling /builddir/build/BUILDROOT/cgcs-patch-1.0-1.x86_64/usr/lib64/python2.7/site-packages/cgcs_patch/base.py to base.cpython-37.pyc
byte-compiling /builddir/build/BUILDROOT/cgcs-patch-1.0-1.x86_64/usr/lib64/python2.7/site-packages/cgcs_patch/patch_agent.py to patch_agent.cpython-37.pyc
byte-compiling /builddir/build/BUILDROOT/cgcs-patch-1.0-1.x86_64/usr/lib64/python2.7/site-packages/cgcs_patch/config.py to config.cpython-37.pyc
byte-compiling /builddir/build/BUILDROOT/cgcs-patch-1.0-1.x86_64/usr/lib64/python2.7/site-packages/cgcs_patch/messages.py to messages.cpython-37.pyc
running install_egg_info
running egg_info
writing cgcs_patch.egg-info/PKG-INFO
writing dependency_links to cgcs_patch.egg-info/dependency_links.txt
writing top-level names to cgcs_patch.egg-info/top_level.txt
reading manifest file 'cgcs_patch.egg-info/SOURCES.txt'
writing manifest file 'cgcs_patch.egg-info/SOURCES.txt'
Copying cgcs_patch.egg-info to /builddir/build/BUILDROOT/cgcs-patch-1.0-1.x86_64/usr/lib64/python2.7/site-packages/cgcs_patch-1.0-py3.7.egg-info
running install_scripts
+ install -m 755 -d /builddir/build/BUILDROOT/cgcs-patch-1.0-1.x86_64/usr/bin
+ install -m 755 -d /builddir/build/BUILDROOT/cgcs-patch-1.0-1.x86_64/usr/local/etc/bash_completion.d
+ install -m 755 -d /builddir/build/BUILDROOT/cgcs-patch-1.0-1.x86_64/usr/local/etc/goenabled.d
+ install -m 755 -d /builddir/build/BUILDROOT/cgcs-patch-1.0-1.x86_64/usr/local/etc/init.d
+ install -m 755 -d /builddir/build/BUILDROOT/cgcs-patch-1.0-1.x86_64/usr/local/etc/logrotate.d
+ install -m 755 -d /builddir/build/BUILDROOT/cgcs-patch-1.0-1.x86_64/usr/local/etc/patching
+ install -m 700 -d /builddir/build/BUILDROOT/cgcs-patch-1.0-1.x86_64/usr/local/etc/patching/patch-scripts
+ install -m 755 -d /builddir/build/BUILDROOT/cgcs-patch-1.0-1.x86_64/usr/local/etc/pmon.d
+ install -m 755 -d /builddir/build/BUILDROOT/cgcs-patch-1.0-1.x86_64/usr/lib/systemd/system/
+ install -m 500 /builddir/build/BUILD/bin/sw-patch-agent /builddir/build/BUILDROOT/cgcs-patch-1.0-1.x86_64/usr/bin/sw-patch-agent
+ install -m 500 /builddir/build/BUILD/bin/sw-patch-controller-daemon /builddir/build/BUILDROOT/cgcs-patch-1.0-1.x86_64/usr/bin/sw-patch-controller-daemon
+ install -m 555 /builddir/build/BUILD/bin/sw-patch /builddir/build/BUILDROOT/cgcs-patch-1.0-1.x86_64/usr/bin/sw-patch
+ install -m 555 /builddir/build/BUILD/bin/rpm-audit /builddir/build/BUILDROOT/cgcs-patch-1.0-1.x86_64/usr/bin/rpm-audit
+ install -m 500 /builddir/build/BUILD/bin/sw-patch-controller-daemon-init.sh /builddir/build/BUILDROOT/cgcs-patch-1.0-1.x86_64/usr/local/etc/init.d/sw-patch-controller-daemon
+ install -m 500 /builddir/build/BUILD/bin/sw-patch-agent-init.sh /builddir/build/BUILDROOT/cgcs-patch-1.0-1.x86_64/usr/local/etc/init.d/sw-patch-agent
+ install -m 600 /builddir/build/BUILD/bin/patching.conf /builddir/build/BUILDROOT/cgcs-patch-1.0-1.x86_64/usr/local/etc/patching/patching.conf
+ install -m 644 /builddir/build/BUILD/bin/policy.json /builddir/build/BUILDROOT/cgcs-patch-1.0-1.x86_64/usr/local/etc/patching/policy.json
+ install -m 444 /builddir/build/BUILD/bin/pmon-sw-patch-controller-daemon.conf /builddir/build/BUILDROOT/cgcs-patch-1.0-1.x86_64/usr/local/etc/pmon.d/sw-patch-controller-daemon.conf
+ install -m 444 /builddir/build/BUILD/bin/pmon-sw-patch-agent.conf /builddir/build/BUILDROOT/cgcs-patch-1.0-1.x86_64/usr/local/etc/pmon.d/sw-patch-agent.conf
+ install -m 444 /builddir/build/BUILD/bin/sw-patch-agent.service /builddir/build/BUILD/bin/sw-patch-controller-daemon.service /builddir/build/BUILD/bin/sw-patch-controller.service /builddir/build/BUILD/bin/sw-patch.service /builddir/build/BUILDROOT/cgcs-patch-1.0-1.x86_64/usr/lib/systemd/system/
+ install -m 444 /builddir/build/BUILD/bin/sw-patch.completion /builddir/build/BUILDROOT/cgcs-patch-1.0-1.x86_64/usr/local/etc/bash_completion.d/sw-patch
+ install -m 400 /builddir/build/BUILD/bin/patch-functions /builddir/build/BUILDROOT/cgcs-patch-1.0-1.x86_64/usr/local/etc/patching/patch-functions
+ install -D -m 444 /builddir/build/BUILD/bin/patch-tmpdirs.conf '/builddir/build/BUILDROOT/cgcs-patch-1.0-1.x86_64%{_tmpfilesdir}/patch-tmpdirs.conf'
+ install -m 500 /builddir/build/BUILD/bin/run-patch-scripts /builddir/build/BUILDROOT/cgcs-patch-1.0-1.x86_64/usr/bin/run-patch-scripts
+ install -m 500 /builddir/build/BUILD/bin/sw-patch-controller-daemon-restart /builddir/build/BUILDROOT/cgcs-patch-1.0-1.x86_64/usr/bin/sw-patch-controller-daemon-restart
+ install -m 500 /builddir/build/BUILD/bin/sw-patch-agent-restart /builddir/build/BUILDROOT/cgcs-patch-1.0-1.x86_64/usr/bin/sw-patch-agent-restart
+ install -m 500 /builddir/build/BUILD/bin/sw-patch-init.sh /builddir/build/BUILDROOT/cgcs-patch-1.0-1.x86_64/usr/local/etc/init.d/sw-patch
+ install -m 500 /builddir/build/BUILD/bin/sw-patch-controller-init.sh /builddir/build/BUILDROOT/cgcs-patch-1.0-1.x86_64/usr/local/etc/init.d/sw-patch-controller
+ install -m 555 /builddir/build/BUILD/bin/patch_check_goenabled.sh /builddir/build/BUILDROOT/cgcs-patch-1.0-1.x86_64/usr/local/etc/goenabled.d/patch_check_goenabled.sh
+ install -m 444 /builddir/build/BUILD/bin/patching.logrotate /builddir/build/BUILDROOT/cgcs-patch-1.0-1.x86_64/usr/local/etc/logrotate.d/patching
+ install -m 500 /builddir/build/BUILD/bin/upgrade-start-pkg-extract /builddir/build/BUILDROOT/cgcs-patch-1.0-1.x86_64/usr/bin/upgrade-start-pkg-extract
+ rm -f /builddir/build/BUILDROOT/cgcs-patch-1.0-1.x86_64/usr/share/info/dir
++ find /builddir/build/BUILDROOT/cgcs-patch-1.0-1.x86_64 -path 'etc/*' '!' -type d
+ test -z ''
+ rm -rf '/builddir/build/BUILDROOT/cgcs-patch-1.0-1.x86_64/etc/*'
+ rm -rf '/builddir/build/BUILDROOT/cgcs-patch-1.0-1.x86_64/usr/share/factory/*'
+ find /builddir/build/BUILDROOT/cgcs-patch-1.0-1.x86_64 -name __pycache__
+ xargs rm -rf --
+ '[' -d /builddir/build/BUILDROOT/cgcs-patch-1.0-1.x86_64/usr/share/mime ']'
++ getconf _NPROCESSORS_ONLN
+ RPM_XARGS_PFLAG=-P4
+ find /builddir/build/BUILDROOT/cgcs-patch-1.0-1.x86_64 -name '*.so.avx512' -print0
+ xargs -0rtn1 -P4 python /usr/share/clr-avx-tools/avxjudge.py -q -5
+ find /builddir/build/BUILDROOT/cgcs-patch-1.0-1.x86_64/usr/lib64/haswell/avx512_1 -name '*.so*' -print0
find: ‘/builddir/build/BUILDROOT/cgcs-patch-1.0-1.x86_64/usr/lib64/haswell/avx512_1’: No such file or directory
+ find /builddir/build/BUILDROOT/cgcs-patch-1.0-1.x86_64 -name '*.so.avx2' -print0
+ xargs -0rtn1 -P4 python /usr/share/clr-avx-tools/avxjudge.py -q -2
+ find /builddir/build/BUILDROOT/cgcs-patch-1.0-1.x86_64/usr/lib64/haswell '!' -path '/usr/lib64/haswell/avx512_1/*' -name '*.so*' -print0
find: ‘/builddir/build/BUILDROOT/cgcs-patch-1.0-1.x86_64/usr/lib64/haswell’: No such file or directory
+ find /builddir/build/BUILDROOT/cgcs-patch-1.0-1.x86_64/usr/lib64/ -maxdepth 1 -name '*.so*' -type f -print0
+ xargs -0rtn1 -P4 /usr/lib/rpm/clr/brp-create-abi
+ sort -u
+ '[' -d /builddir/build/BUILDROOT/cgcs-patch-1.0-1.x86_64/usr/lib/debug ']'
+ :
+ '[' -d /builddir/build/BUILDROOT/cgcs-patch-1.0-1.x86_64/usr/lib/debug ']'
+ :
+ '[' -d /builddir/build/BUILDROOT/cgcs-patch-1.0-1.x86_64/usr/src/debug ']'
+ :
+ '[' -d /builddir/build/BUILDROOT/cgcs-patch-1.0-1.x86_64/usr/lib/debug.force ']'
+ :
+ '[' -d /builddir/build/BUILDROOT/cgcs-patch-1.0-1.x86_64/usr/src/debug.force ']'
+ :
+ /usr/lib/rpm/check-buildroot
+ /usr/lib/rpm/clr/brp-strip /usr/bin/strip
+ /usr/lib/rpm/clr/brp-strip-static-archive /usr/bin/strip
+ /usr/lib/rpm/clr/brp-strip-comment-note /usr/bin/strip /usr/bin/objdump
+ /usr/lib/rpm/clr/brp-python-bytecompile
[BYTECOMPILE] Building for /builddir/build/BUILDROOT/cgcs-patch-1.0-1.x86_64/usr/lib/python3.7 using /usr/bin/python3.7
+ find /builddir/build/BUILDROOT/cgcs-patch-1.0-1.x86_64 -print0
+ xargs -0 touch -h -d '@1549052798 '
+ /usr/lib/rpm/clr/brp-java-repack-jars
Processing files: cgcs-patch-1.0-1.x86_64
Processing files: cgcs-patch-abi-1.0-1.x86_64
warning: Empty %files file /builddir/build/BUILD/cgcs-patch-1.0/abifiles.list
Checking for unpackaged file(s): /usr/lib/rpm/check-files /builddir/build/BUILDROOT/cgcs-patch-1.0-1.x86_64
error: Installed (but unpackaged) file(s) found:
   /usr/bin/rpm-audit
   /usr/bin/run-patch-scripts
   /usr/bin/sw-patch
   /usr/bin/sw-patch-agent
   /usr/bin/sw-patch-agent-restart
   /usr/bin/sw-patch-controller-daemon
   /usr/bin/sw-patch-controller-daemon-restart
   /usr/bin/upgrade-start-pkg-extract
   /usr/lib/python3.7/site-packages/cgcs_patch-1.0-py3.7.egg-info/PKG-INFO
   /usr/lib/python3.7/site-packages/cgcs_patch-1.0-py3.7.egg-info/SOURCES.txt
   /usr/lib/python3.7/site-packages/cgcs_patch-1.0-py3.7.egg-info/dependency_links.txt
   /usr/lib/python3.7/site-packages/cgcs_patch-1.0-py3.7.egg-info/top_level.txt
   /usr/lib/python3.7/site-packages/cgcs_patch/__init__.py
   /usr/lib/python3.7/site-packages/cgcs_patch/__pycache__/__init__.cpython-37.pyc
   /usr/lib/python3.7/site-packages/cgcs_patch/__pycache__/app.cpython-37.pyc
   /usr/lib/python3.7/site-packages/cgcs_patch/__pycache__/base.cpython-37.pyc
   /usr/lib/python3.7/site-packages/cgcs_patch/__pycache__/certificates.cpython-37.pyc
   /usr/lib/python3.7/site-packages/cgcs_patch/__pycache__/config.cpython-37.pyc
   /usr/lib/python3.7/site-packages/cgcs_patch/__pycache__/constants.cpython-37.pyc
   /usr/lib/python3.7/site-packages/cgcs_patch/__pycache__/exceptions.cpython-37.pyc
   /usr/lib/python3.7/site-packages/cgcs_patch/__pycache__/messages.cpython-37.pyc
   /usr/lib/python3.7/site-packages/cgcs_patch/__pycache__/patch_agent.cpython-37.pyc
   /usr/lib/python3.7/site-packages/cgcs_patch/__pycache__/patch_client.cpython-37.pyc
   /usr/lib/python3.7/site-packages/cgcs_patch/__pycache__/patch_controller.cpython-37.pyc
   /usr/lib/python3.7/site-packages/cgcs_patch/__pycache__/patch_functions.cpython-37.pyc
   /usr/lib/python3.7/site-packages/cgcs_patch/__pycache__/patch_signing.cpython-37.pyc
   /usr/lib/python3.7/site-packages/cgcs_patch/__pycache__/patch_verify.cpython-37.pyc
   /usr/lib/python3.7/site-packages/cgcs_patch/__pycache__/utils.cpython-37.pyc
   /usr/lib/python3.7/site-packages/cgcs_patch/api/__init__.py
   /usr/lib/python3.7/site-packages/cgcs_patch/api/__pycache__/__init__.cpython-37.pyc
   /usr/lib/python3.7/site-packages/cgcs_patch/api/__pycache__/app.cpython-37.pyc
   /usr/lib/python3.7/site-packages/cgcs_patch/api/__pycache__/config.cpython-37.pyc
   /usr/lib/python3.7/site-packages/cgcs_patch/api/app.py
   /usr/lib/python3.7/site-packages/cgcs_patch/api/config.py
   /usr/lib/python3.7/site-packages/cgcs_patch/api/controllers/__init__.py
   /usr/lib/python3.7/site-packages/cgcs_patch/api/controllers/__pycache__/__init__.cpython-37.pyc
   /usr/lib/python3.7/site-packages/cgcs_patch/api/controllers/__pycache__/root.cpython-37.pyc
   /usr/lib/python3.7/site-packages/cgcs_patch/api/controllers/root.py
   /usr/lib/python3.7/site-packages/cgcs_patch/app.py
   /usr/lib/python3.7/site-packages/cgcs_patch/authapi/__init__.py
   /usr/lib/python3.7/site-packages/cgcs_patch/authapi/__pycache__/__init__.cpython-37.pyc
   /usr/lib/python3.7/site-packages/cgcs_patch/authapi/__pycache__/acl.cpython-37.pyc
   /usr/lib/python3.7/site-packages/cgcs_patch/authapi/__pycache__/app.cpython-37.pyc
   /usr/lib/python3.7/site-packages/cgcs_patch/authapi/__pycache__/auth_token.cpython-37.pyc
   /usr/lib/python3.7/site-packages/cgcs_patch/authapi/__pycache__/config.cpython-37.pyc
   /usr/lib/python3.7/site-packages/cgcs_patch/authapi/__pycache__/hooks.cpython-37.pyc
   /usr/lib/python3.7/site-packages/cgcs_patch/authapi/__pycache__/policy.cpython-37.pyc
   /usr/lib/python3.7/site-packages/cgcs_patch/authapi/acl.py
   /usr/lib/python3.7/site-packages/cgcs_patch/authapi/app.py
   /usr/lib/python3.7/site-packages/cgcs_patch/authapi/auth_token.py
   /usr/lib/python3.7/site-packages/cgcs_patch/authapi/config.py
   /usr/lib/python3.7/site-packages/cgcs_patch/authapi/hooks.py
   /usr/lib/python3.7/site-packages/cgcs_patch/authapi/policy.py
   /usr/lib/python3.7/site-packages/cgcs_patch/base.py
   /usr/lib/python3.7/site-packages/cgcs_patch/certificates.py
   /usr/lib/python3.7/site-packages/cgcs_patch/config.py
   /usr/lib/python3.7/site-packages/cgcs_patch/constants.py
   /usr/lib/python3.7/site-packages/cgcs_patch/exceptions.py
   /usr/lib/python3.7/site-packages/cgcs_patch/messages.py
   /usr/lib/python3.7/site-packages/cgcs_patch/patch_agent.py
   /usr/lib/python3.7/site-packages/cgcs_patch/patch_client.py
   /usr/lib/python3.7/site-packages/cgcs_patch/patch_controller.py
   /usr/lib/python3.7/site-packages/cgcs_patch/patch_functions.py
   /usr/lib/python3.7/site-packages/cgcs_patch/patch_signing.py
   /usr/lib/python3.7/site-packages/cgcs_patch/patch_verify.py
   /usr/lib/python3.7/site-packages/cgcs_patch/templates/query.html
   /usr/lib/python3.7/site-packages/cgcs_patch/templates/query.xml
   /usr/lib/python3.7/site-packages/cgcs_patch/templates/query_agents.html
   /usr/lib/python3.7/site-packages/cgcs_patch/templates/query_hosts.xml
   /usr/lib/python3.7/site-packages/cgcs_patch/templates/show.html
   /usr/lib/python3.7/site-packages/cgcs_patch/templates/show.xml
   /usr/lib/python3.7/site-packages/cgcs_patch/tests/__init__.py
   /usr/lib/python3.7/site-packages/cgcs_patch/tests/__pycache__/__init__.cpython-37.pyc
   /usr/lib/python3.7/site-packages/cgcs_patch/tests/__pycache__/test_basics.cpython-37.pyc
   /usr/lib/python3.7/site-packages/cgcs_patch/tests/__pycache__/test_patch_agent.cpython-37.pyc
   /usr/lib/python3.7/site-packages/cgcs_patch/tests/__pycache__/test_patch_controller.cpython-37.pyc
   /usr/lib/python3.7/site-packages/cgcs_patch/tests/__pycache__/test_patch_utils.cpython-37.pyc
   /usr/lib/python3.7/site-packages/cgcs_patch/tests/test_basics.py
   /usr/lib/python3.7/site-packages/cgcs_patch/tests/test_patch_agent.py
   /usr/lib/python3.7/site-packages/cgcs_patch/tests/test_patch_controller.py
   /usr/lib/python3.7/site-packages/cgcs_patch/tests/test_patch_utils.py
   /usr/lib/python3.7/site-packages/cgcs_patch/utils.py
   /usr/lib/systemd/system/sw-patch-agent.service
   /usr/lib/systemd/system/sw-patch-controller-daemon.service
   /usr/lib/systemd/system/sw-patch-controller.service
   /usr/lib/systemd/system/sw-patch.service
   /usr/lib64/python2.7/site-packages/cgcs_patch-1.0-py3.7.egg-info/PKG-INFO
   /usr/lib64/python2.7/site-packages/cgcs_patch-1.0-py3.7.egg-info/SOURCES.txt
   /usr/lib64/python2.7/site-packages/cgcs_patch-1.0-py3.7.egg-info/dependency_links.txt
   /usr/lib64/python2.7/site-packages/cgcs_patch-1.0-py3.7.egg-info/top_level.txt
   /usr/lib64/python2.7/site-packages/cgcs_patch/__init__.py
   /usr/lib64/python2.7/site-packages/cgcs_patch/api/__init__.py
   /usr/lib64/python2.7/site-packages/cgcs_patch/api/app.py
   /usr/lib64/python2.7/site-packages/cgcs_patch/api/config.py
   /usr/lib64/python2.7/site-packages/cgcs_patch/api/controllers/__init__.py
   /usr/lib64/python2.7/site-packages/cgcs_patch/api/controllers/root.py
   /usr/lib64/python2.7/site-packages/cgcs_patch/app.py
   /usr/lib64/python2.7/site-packages/cgcs_patch/authapi/__init__.py
   /usr/lib64/python2.7/site-packages/cgcs_patch/authapi/acl.py
   /usr/lib64/python2.7/site-packages/cgcs_patch/authapi/app.py
   /usr/lib64/python2.7/site-packages/cgcs_patch/authapi/auth_token.py
   /usr/lib64/python2.7/site-packages/cgcs_patch/authapi/config.py
   /usr/lib64/python2.7/site-packages/cgcs_patch/authapi/hooks.py
   /usr/lib64/python2.7/site-packages/cgcs_patch/authapi/policy.py
   /usr/lib64/python2.7/site-packages/cgcs_patch/base.py
   /usr/lib64/python2.7/site-packages/cgcs_patch/certificates.py
   /usr/lib64/python2.7/site-packages/cgcs_patch/config.py
   /usr/lib64/python2.7/site-packages/cgcs_patch/constants.py
   /usr/lib64/python2.7/site-packages/cgcs_patch/exceptions.py
   /usr/lib64/python2.7/site-packages/cgcs_patch/messages.py
   /usr/lib64/python2.7/site-packages/cgcs_patch/patch_agent.py
   /usr/lib64/python2.7/site-packages/cgcs_patch/patch_client.py
   /usr/lib64/python2.7/site-packages/cgcs_patch/patch_controller.py
   /usr/lib64/python2.7/site-packages/cgcs_patch/patch_functions.py
   /usr/lib64/python2.7/site-packages/cgcs_patch/patch_signing.py
   /usr/lib64/python2.7/site-packages/cgcs_patch/patch_verify.py
   /usr/lib64/python2.7/site-packages/cgcs_patch/templates/query.html
   /usr/lib64/python2.7/site-packages/cgcs_patch/templates/query.xml
   /usr/lib64/python2.7/site-packages/cgcs_patch/templates/query_agents.html
   /usr/lib64/python2.7/site-packages/cgcs_patch/templates/query_hosts.xml
   /usr/lib64/python2.7/site-packages/cgcs_patch/templates/show.html
   /usr/lib64/python2.7/site-packages/cgcs_patch/templates/show.xml
   /usr/lib64/python2.7/site-packages/cgcs_patch/tests/__init__.py
   /usr/lib64/python2.7/site-packages/cgcs_patch/tests/test_basics.py
   /usr/lib64/python2.7/site-packages/cgcs_patch/tests/test_patch_agent.py
   /usr/lib64/python2.7/site-packages/cgcs_patch/tests/test_patch_controller.py
   /usr/lib64/python2.7/site-packages/cgcs_patch/tests/test_patch_utils.py
   /usr/lib64/python2.7/site-packages/cgcs_patch/utils.py
   /usr/local/etc/bash_completion.d/sw-patch
   /usr/local/etc/goenabled.d/patch_check_goenabled.sh
   /usr/local/etc/init.d/sw-patch
   /usr/local/etc/init.d/sw-patch-agent
   /usr/local/etc/init.d/sw-patch-controller
   /usr/local/etc/init.d/sw-patch-controller-daemon
   /usr/local/etc/logrotate.d/patching
   /usr/local/etc/patching/patch-functions
   /usr/local/etc/patching/patching.conf
   /usr/local/etc/patching/policy.json
   /usr/local/etc/pmon.d/sw-patch-agent.conf
   /usr/local/etc/pmon.d/sw-patch-controller-daemon.conf
    Empty %files file /builddir/build/BUILD/cgcs-patch-1.0/abifiles.list
    Installed (but unpackaged) file(s) found:
   /usr/bin/rpm-audit
   /usr/bin/run-patch-scripts
   /usr/bin/sw-patch
   /usr/bin/sw-patch-agent
   /usr/bin/sw-patch-agent-restart
   /usr/bin/sw-patch-controller-daemon
   /usr/bin/sw-patch-controller-daemon-restart
   /usr/bin/upgrade-start-pkg-extract
   /usr/lib/python3.7/site-packages/cgcs_patch-1.0-py3.7.egg-info/PKG-INFO
   /usr/lib/python3.7/site-packages/cgcs_patch-1.0-py3.7.egg-info/SOURCES.txt
   /usr/lib/python3.7/site-packages/cgcs_patch-1.0-py3.7.egg-info/dependency_links.txt
   /usr/lib/python3.7/site-packages/cgcs_patch-1.0-py3.7.egg-info/top_level.txt
   /usr/lib/python3.7/site-packages/cgcs_patch/__init__.py
   /usr/lib/python3.7/site-packages/cgcs_patch/__pycache__/__init__.cpython-37.pyc
   /usr/lib/python3.7/site-packages/cgcs_patch/__pycache__/app.cpython-37.pyc
   /usr/lib/python3.7/site-packages/cgcs_patch/__pycache__/base.cpython-37.pyc
   /usr/lib/python3.7/site-packages/cgcs_patch/__pycache__/certificates.cpython-37.pyc
   /usr/lib/python3.7/site-packages/cgcs_patch/__pycache__/config.cpython-37.pyc
   /usr/lib/python3.7/site-packages/cgcs_patch/__pycache__/constants.cpython-37.pyc
   /usr/lib/python3.7/site-packages/cgcs_patch/__pycache__/exceptions.cpython-37.pyc
   /usr/lib/python3.7/site-packages/cgcs_patch/__pycache__/messages.cpython-37.pyc
   /usr/lib/python3.7/site-packages/cgcs_patch/__pycache__/patch_agent.cpython-37.pyc
   /usr/lib/python3.7/site-packages/cgcs_patch/__pycache__/patch_client.cpython-37.pyc
   /usr/lib/python3.7/site-packages/cgcs_patch/__pycache__/patch_controller.cpython-37.pyc
   /usr/lib/python3.7/site-packages/cgcs_patch/__pycache__/patch_functions.cpython-37.pyc
   /usr/lib/python3.7/site-packages/cgcs_patch/__pycache__/patch_signing.cpython-37.pyc
   /usr/lib/python3.7/site-packages/cgcs_patch/__pycache__/patch_verify.cpython-37.pyc
   /usr/lib/python3.7/site-packages/cgcs_patch/__pycache__/utils.cpython-37.pyc
   /usr/lib/python3.7/site-packages/cgcs_patch/api/__init__.py
   /usr/lib/python3.7/site-packages/cgcs_patch/api/__pycache__/__init__.cpython-37.pyc
   /usr/lib/python3.7/site-packages/cgcs_patch/api/__pycache__/app.cpython-37.pyc
   /usr/lib/python3.7/site-packages/cgcs_patch/api/__pycache__/config.cpython-37.pyc
   /usr/lib/python3.7/site-packages/cgcs_patch/api/app.py
   /usr/lib/python3.7/site-packages/cgcs_patch/api/config.py
   /usr/lib/python3.7/site-packages/cgcs_patch/api/controllers/__init__.py
   /usr/lib/python3.7/site-packages/cgcs_patch/api/controllers/__pycache__/__init__.cpython-37.pyc
   /usr/lib/python3.7/site-packages/cgcs_patch/api/controllers/__pycache__/root.cpython-37.pyc
   /usr/lib/python3.7/site-packages/cgcs_patch/api/controllers/root.py
   /usr/lib/python3.7/site-packages/cgcs_patch/app.py
   /usr/lib/python3.7/site-packages/cgcs_patch/authapi/__init__.py
   /usr/lib/python3.7/site-packages/cgcs_patch/authapi/__pycache__/__init__.cpython-37.pyc
   /usr/lib/python3.7/site-packages/cgcs_patch/authapi/__pycache__/acl.cpython-37.pyc
   /usr/lib/python3.7/site-packages/cgcs_patch/authapi/__pycache__/app.cpython-37.pyc
   /usr/lib/python3.7/site-packages/cgcs_patch/authapi/__pycache__/auth_token.cpython-37.pyc
   /usr/lib/python3.7/site-packages/cgcs_patch/authapi/__pycache__/config.cpython-37.pyc
   /usr/lib/python3.7/site-packages/cgcs_patch/authapi/__pycache__/hooks.cpython-37.pyc
   /usr/lib/python3.7/site-packages/cgcs_patch/authapi/__pycache__/policy.cpython-37.pyc
   /usr/lib/python3.7/site-packages/cgcs_patch/authapi/acl.py
   /usr/lib/python3.7/site-packages/cgcs_patch/authapi/app.py
   /usr/lib/python3.7/site-packages/cgcs_patch/authapi/auth_token.py
   /usr/lib/python3.7/site-packages/cgcs_patch/authapi/config.py
   /usr/lib/python3.7/site-packages/cgcs_patch/authapi/hooks.py
   /usr/lib/python3.7/site-packages/cgcs_patch/authapi/policy.py
   /usr/lib/python3.7/site-packages/cgcs_patch/base.py
   /usr/lib/python3.7/site-packages/cgcs_patch/certificates.py
   /usr/lib/python3.7/site-packages/cgcs_patch/config.py
   /usr/lib/python3.7/site-packages/cgcs_patch/constants.py
   /usr/lib/python3.7/site-packages/cgcs_patch/exceptions.py
   /usr/lib/python3.7/site-packages/cgcs_patch/messages.py
   /usr/lib/python3.7/site-packages/cgcs_patch/patch_agent.py
   /usr/lib/python3.7/site-packages/cgcs_patch/patch_client.py
   /usr/lib/python3.7/site-packages/cgcs_patch/patch_controller.py
   /usr/lib/python3.7/site-packages/cgcs_patch/patch_functions.py
   /usr/lib/python3.7/site-packages/cgcs_patch/patch_signing.py
   /usr/lib/python3.7/site-packages/cgcs_patch/patch_verify.py
   /usr/lib/python3.7/site-packages/cgcs_patch/templates/query.html
   /usr/lib/python3.7/site-packages/cgcs_patch/templates/query.xml
   /usr/lib/python3.7/site-packages/cgcs_patch/templates/query_agents.html
   /usr/lib/python3.7/site-packages/cgcs_patch/templates/query_hosts.xml
   /usr/lib/python3.7/site-packages/cgcs_patch/templates/show.html
   /usr/lib/python3.7/site-packages/cgcs_patch/templates/show.xml
   /usr/lib/python3.7/site-packages/cgcs_patch/tests/__init__.py
   /usr/lib/python3.7/site-packages/cgcs_patch/tests/__pycache__/__init__.cpython-37.pyc
   /usr/lib/python3.7/site-packages/cgcs_patch/tests/__pycache__/test_basics.cpython-37.pyc
   /usr/lib/python3.7/site-packages/cgcs_patch/tests/__pycache__/test_patch_agent.cpython-37.pyc
   /usr/lib/python3.7/site-packages/cgcs_patch/tests/__pycache__/test_patch_controller.cpython-37.pyc
   /usr/lib/python3.7/site-packages/cgcs_patch/tests/__pycache__/test_patch_utils.cpython-37.pyc
   /usr/lib/python3.7/site-packages/cgcs_patch/tests/test_basics.py
   /usr/lib/python3.7/site-packages/cgcs_patch/tests/test_patch_agent.py
   /usr/lib/python3.7/site-packages/cgcs_patch/tests/test_patch_controller.py
   /usr/lib/python3.7/site-packages/cgcs_patch/tests/test_patch_utils.py
   /usr/lib/python3.7/site-packages/cgcs_patch/utils.py
   /usr/lib/systemd/system/sw-patch-agent.service
   /usr/lib/systemd/system/sw-patch-controller-daemon.service
   /usr/lib/systemd/system/sw-patch-controller.service
   /usr/lib/systemd/system/sw-patch.service
   /usr/lib64/python2.7/site-packages/cgcs_patch-1.0-py3.7.egg-info/PKG-INFO
   /usr/lib64/python2.7/site-packages/cgcs_patch-1.0-py3.7.egg-info/SOURCES.txt
   /usr/lib64/python2.7/site-packages/cgcs_patch-1.0-py3.7.egg-info/dependency_links.txt
   /usr/lib64/python2.7/site-packages/cgcs_patch-1.0-py3.7.egg-info/top_level.txt
   /usr/lib64/python2.7/site-packages/cgcs_patch/__init__.py
   /usr/lib64/python2.7/site-packages/cgcs_patch/api/__init__.py
   /usr/lib64/python2.7/site-packages/cgcs_patch/api/app.py
   /usr/lib64/python2.7/site-packages/cgcs_patch/api/config.py
   /usr/lib64/python2.7/site-packages/cgcs_patch/api/controllers/__init__.py
   /usr/lib64/python2.7/site-packages/cgcs_patch/api/controllers/root.py
   /usr/lib64/python2.7/site-packages/cgcs_patch/app.py
   /usr/lib64/python2.7/site-packages/cgcs_patch/authapi/__init__.py
   /usr/lib64/python2.7/site-packages/cgcs_patch/authapi/acl.py
   /usr/lib64/python2.7/site-packages/cgcs_patch/authapi/app.py
   /usr/lib64/python2.7/site-packages/cgcs_patch/authapi/auth_token.py
   /usr/lib64/python2.7/site-packages/cgcs_patch/authapi/config.py
   /usr/lib64/python2.7/site-packages/cgcs_patch/authapi/hooks.py
   /usr/lib64/python2.7/site-packages/cgcs_patch/authapi/policy.py
   /usr/lib64/python2.7/site-packages/cgcs_patch/base.py
   /usr/lib64/python2.7/site-packages/cgcs_patch/certificates.py
   /usr/lib64/python2.7/site-packages/cgcs_patch/config.py
   /usr/lib64/python2.7/site-packages/cgcs_patch/constants.py
   /usr/lib64/python2.7/site-packages/cgcs_patch/exceptions.py
   /usr/lib64/python2.7/site-packages/cgcs_patch/messages.py
   /usr/lib64/python2.7/site-packages/cgcs_patch/patch_agent.py
   /usr/lib64/python2.7/site-packages/cgcs_patch/patch_client.py
   /usr/lib64/python2.7/site-packages/cgcs_patch/patch_controller.py
   /usr/lib64/python2.7/site-packages/cgcs_patch/patch_functions.py
   /usr/lib64/python2.7/site-packages/cgcs_patch/patch_signing.py
   /usr/lib64/python2.7/site-packages/cgcs_patch/patch_verify.py
   /usr/lib64/python2.7/site-packages/cgcs_patch/templates/query.html
   /usr/lib64/python2.7/site-packages/cgcs_patch/templates/query.xml
   /usr/lib64/python2.7/site-packages/cgcs_patch/templates/query_agents.html
   /usr/lib64/python2.7/site-packages/cgcs_patch/templates/query_hosts.xml
   /usr/lib64/python2.7/site-packages/cgcs_patch/templates/show.html
   /usr/lib64/python2.7/site-packages/cgcs_patch/templates/show.xml
   /usr/lib64/python2.7/site-packages/cgcs_patch/tests/__init__.py
   /usr/lib64/python2.7/site-packages/cgcs_patch/tests/test_basics.py
   /usr/lib64/python2.7/site-packages/cgcs_patch/tests/test_patch_agent.py
   /usr/lib64/python2.7/site-packages/cgcs_patch/tests/test_patch_controller.py
   /usr/lib64/python2.7/site-packages/cgcs_patch/tests/test_patch_utils.py
   /usr/lib64/python2.7/site-packages/cgcs_patch/utils.py
   /usr/local/etc/bash_completion.d/sw-patch
   /usr/local/etc/goenabled.d/patch_check_goenabled.sh
   /usr/local/etc/init.d/sw-patch
   /usr/local/etc/init.d/sw-patch-agent
   /usr/local/etc/init.d/sw-patch-controller
   /usr/local/etc/init.d/sw-patch-controller-daemon
   /usr/local/etc/logrotate.d/patching
   /usr/local/etc/patching/patch-functions
   /usr/local/etc/patching/patching.conf
   /usr/local/etc/patching/policy.json
   /usr/local/etc/pmon.d/sw-patch-agent.conf
   /usr/local/etc/pmon.d/sw-patch-controller-daemon.conf
RPM build errors:
Child return code was: 1
EXCEPTION: Command failed. See logs for output.
 # bash --login -c /usr/bin/rpmbuild -bb --target x86_64 --nodeps  /builddir/build/SPECS/cgcs-patch.spec 
Traceback (most recent call last):
  File "/usr/lib/python3.7/site-packages/mockbuild/trace_decorator.py", line 84, in trace
    result = func(*args, **kw)
  File "/usr/lib/python3.7/site-packages/mockbuild/util.py", line 531, in do
    raise exception.Error("Command failed. See logs for output.\n # %s" % (command,), child.returncode)
mockbuild.exception.Error: Command failed. See logs for output.
 # bash --login -c /usr/bin/rpmbuild -bb --target x86_64 --nodeps  /builddir/build/SPECS/cgcs-patch.spec 
LEAVE do --> EXCEPTION RAISED

