2019-09-20 06:20:11,402 - Mock Version: 1.2.14
2019-09-20 06:20:11,648 - Start: dnf update
2019-09-20 06:20:21,664 - Finish: dnf update
2019-09-20 06:20:21,670 - Finish: chroot init
2019-09-20 06:20:21,673 - Start: buildsrpm
2019-09-20 06:20:21,681 - Start: rpmbuild -bs
2019-09-20 06:20:21,721 - Finish: rpmbuild -bs
2019-09-20 06:20:21,722 - Finish: buildsrpm
2019-09-20 06:20:21,723 - Finish: run
2019-09-20 06:20:24,685 - Mock Version: 1.2.14
2019-09-20 06:20:24,941 - Start: dnf update
2019-09-20 06:20:34,757 - Finish: dnf update
2019-09-20 06:20:34,763 - Finish: chroot init
2019-09-20 06:20:34,764 - Start: build phase for cgcs-patch-1.0-4.src.rpm
2019-09-20 06:20:34,767 - Start: build setup for cgcs-patch-1.0-4.src.rpm
2019-09-20 06:20:36,203 - Finish: build setup for cgcs-patch-1.0-4.src.rpm
2019-09-20 06:20:36,204 - Start: rpmbuild cgcs-patch-1.0-4.src.rpm
2019-09-20 06:20:40,892 - Mock Version: 1.2.14
2019-09-20 06:20:41,148 - Start: dnf update
2019-09-20 06:20:51,186 - Finish: dnf update
2019-09-20 06:20:51,191 - Finish: chroot init
2019-09-20 06:20:51,194 - Start: buildsrpm
2019-09-20 06:20:51,204 - Start: rpmbuild -bs
2019-09-20 06:20:51,244 - Finish: rpmbuild -bs
2019-09-20 06:20:51,246 - Finish: buildsrpm
2019-09-20 06:20:51,246 - Finish: run
2019-09-20 06:20:54,302 - Mock Version: 1.2.14
2019-09-20 06:20:54,576 - Start: dnf update
2019-09-20 06:21:04,587 - Finish: dnf update
2019-09-20 06:21:04,592 - Finish: chroot init
2019-09-20 06:21:04,594 - Start: build phase for cgcs-patch-1.0-4.src.rpm
2019-09-20 06:21:04,596 - Start: build setup for cgcs-patch-1.0-4.src.rpm
2019-09-20 06:21:06,096 - Finish: build setup for cgcs-patch-1.0-4.src.rpm
2019-09-20 06:21:06,096 - Start: rpmbuild cgcs-patch-1.0-4.src.rpm
2019-09-20 06:21:07,738 - Finish: rpmbuild cgcs-patch-1.0-4.src.rpm
2019-09-20 06:21:07,739 - Finish: build phase for cgcs-patch-1.0-4.src.rpm
2019-09-20 06:21:07,740 - Finish: run
