Mock Version: 1.2.14
ENTER do(['bash', '--login', '-c', '/usr/bin/rpmbuild -bs --target x86_64 --nodeps /builddir/build/SPECS/nfv-common.spec'], chrootPath='/var/lib/mock/clear-nfv-common/root'env={'TERM': 'vt100', 'SHELL': '/bin/bash', 'HOME': '/builddir', 'HOSTNAME': 'mock', 'PATH': '/usr/bin:/bin:/usr/sbin:/sbin', 'LANG': 'en_US.UTF-8', 'CCACHE_DIR': '/var/tmp/ccache', 'CCACHE_UMASK': '002'}shell=Falselogger=<mockbuild.trace_decorator.getLog object at 0x7f1f320916d0>timeout=0uid=1000gid=1000user='mockbuild'printOutput=False)
Executing command: ['bash', '--login', '-c', '/usr/bin/rpmbuild -bs --target x86_64 --nodeps /builddir/build/SPECS/nfv-common.spec'] with env {'TERM': 'vt100', 'SHELL': '/bin/bash', 'HOME': '/builddir', 'HOSTNAME': 'mock', 'PATH': '/usr/bin:/bin:/usr/sbin:/sbin', 'LANG': 'en_US.UTF-8', 'CCACHE_DIR': '/var/tmp/ccache', 'CCACHE_UMASK': '002'} and shell False
Building target platforms: x86_64
Building for target x86_64
Wrote: /builddir/build/SRPMS/nfv-common-1-1.src.rpm
Child return code was: 0
LEAVE do --> 

ENTER do(['bash', '--login', '-c', '/usr/bin/rpmbuild -bb --target x86_64 --nodeps  /builddir/build/SPECS/nfv-common.spec '], chrootPath='/var/lib/mock/clear-nfv-common/root'env={'TERM': 'vt100', 'SHELL': '/bin/bash', 'HOME': '/builddir', 'HOSTNAME': 'mock', 'PATH': '/usr/bin:/bin:/usr/sbin:/sbin', 'LANG': 'en_US.UTF-8', 'CCACHE_DIR': '/var/tmp/ccache', 'CCACHE_UMASK': '002'}shell=Falselogger=<mockbuild.trace_decorator.getLog object at 0x7f1f320916d0>timeout=0uid=1000gid=1000user='mockbuild'private_network=TrueprintOutput=False)
Executing command: ['bash', '--login', '-c', '/usr/bin/rpmbuild -bb --target x86_64 --nodeps  /builddir/build/SPECS/nfv-common.spec '] with env {'TERM': 'vt100', 'SHELL': '/bin/bash', 'HOME': '/builddir', 'HOSTNAME': 'mock', 'PATH': '/usr/bin:/bin:/usr/sbin:/sbin', 'LANG': 'en_US.UTF-8', 'CCACHE_DIR': '/var/tmp/ccache', 'CCACHE_UMASK': '002'} and shell False
Building target platforms: x86_64
Building for target x86_64
Executing(%prep): /bin/sh -e /var/tmp/rpm-tmp.iZjoG6
+ umask 022
+ cd /builddir/build/BUILD
+ LANG=en_US.UTF-8
+ export LANG
+ unset DISPLAY
+ cd /builddir/build/BUILD
+ rm -rf nfv-common
+ /usr/bin/gzip -dc /builddir/build/SOURCES/nfv-common.tgz
+ /usr/bin/tar -xf -
+ STATUS=0
+ '[' 0 -ne 0 ']'
+ cd nfv-common
+ /usr/bin/chmod -Rf a+rX,u+w,g-w,o-w .
+ exit 0
Executing(%build): /bin/sh -e /var/tmp/rpm-tmp.FIPzx5
+ umask 022
+ cd /builddir/build/BUILD
+ cd nfv-common
+ LANG=en_US.UTF-8
+ export LANG
+ unset DISPLAY
+ unset PYTHONOPTIMIZE
+ CFLAGS='-O2 -g -feliminate-unused-debug-types -pipe -Wall -Wp,-D_FORTIFY_SOURCE=2 -fexceptions -fstack-protector --param=ssp-buffer-size=32 -Wformat -Wformat-security -Wl,-z,now,-z,relro,-z,max-page-size=0x1000,-z,separate-code -Wno-error -ftree-vectorize -ftree-slp-vectorize -Wl,--enable-new-dtags -fcf-protection=return -m64 -march=westmere -mtune=haswell -fasynchronous-unwind-tables -fno-omit-frame-pointer -Wp,-D_REENTRANT'
+ export CFLAGS
+ http_proxy=http://127.0.0.1:9/
+ export http_proxy
+ https_proxy=http://127.0.0.1:9/
+ export https_proxy
+ ftp_proxy=http://127.0.0.1:9/
+ export ftp_proxy
+ no_proxy=localhost,127.0.0.1,0.0.0.0
+ export no_proxy
+ CXXFLAGS='-O2 -g -feliminate-unused-debug-types -pipe -Wall -Wp,-D_FORTIFY_SOURCE=2 -fexceptions -fstack-protector --param=ssp-buffer-size=32 -Wformat -Wformat-security -Wl,-z,now,-z,relro,-z,max-page-size=0x1000,-z,separate-code -Wno-error -ftree-vectorize -ftree-slp-vectorize -Wl,--enable-new-dtags -fcf-protection=return -m64 -march=westmere -mtune=haswell -fasynchronous-unwind-tables -fno-omit-frame-pointer -Wp,-D_REENTRANT'
+ export CXXFLAGS
+ FFLAGS='-g -O3 -feliminate-unused-debug-types  -pipe -Wall -Wp,-D_FORTIFY_SOURCE=2 -fexceptions -fstack-protector --param=ssp-buffer-size=32 -m64 -fasynchronous-unwind-tables -Wp,-D_REENTRANT -ftree-loop-distribute-patterns -Wl,-z -Wl,now -Wl,-z -Wl,relro -malign-data=abi -fno-semantic-interposition -ftree-vectorize  -ftree-loop-vectorize -Wl,--enable-new-dtags '
+ export FFLAGS
+ LD_AS_NEEDED=1
+ export LD_AS_NEEDED
+ PKG_CONFIG_LIBDIR=/usr/lib64/pkgconfig
+ export PKG_CONFIG_LIBDIR
+ PATH=/usr/lib64/ccache/bin:/usr/local/bin:/usr/bin
+ export PATH
+ export http_proxy=http://127.0.0.1:9/
+ http_proxy=http://127.0.0.1:9/
+ export https_proxy=http://127.0.0.1:9/
+ https_proxy=http://127.0.0.1:9/
+ export no_proxy=localhost,127.0.0.1,0.0.0.0
+ no_proxy=localhost,127.0.0.1,0.0.0.0
+ export LANG=C.UTF-8
+ LANG=C.UTF-8
+ export SOURCE_DATE_EPOCH=1566357344
+ SOURCE_DATE_EPOCH=1566357344
+ export GCC_IGNORE_WERROR=1
+ GCC_IGNORE_WERROR=1
+ export AR=gcc-ar
+ AR=gcc-ar
+ export RANLIB=gcc-ranlib
+ RANLIB=gcc-ranlib
+ export NM=gcc-nm
+ NM=gcc-nm
+ export 'CFLAGS=-O2 -g -feliminate-unused-debug-types -pipe -Wall -Wp,-D_FORTIFY_SOURCE=2 -fexceptions -fstack-protector --param=ssp-buffer-size=32 -Wformat -Wformat-security -Wl,-z,now,-z,relro,-z,max-page-size=0x1000,-z,separate-code -Wno-error -ftree-vectorize -ftree-slp-vectorize -Wl,--enable-new-dtags -fcf-protection=return -m64 -march=westmere -mtune=haswell -fasynchronous-unwind-tables -fno-omit-frame-pointer -Wp,-D_REENTRANT -O3 -ffat-lto-objects -flto=4 '
+ CFLAGS='-O2 -g -feliminate-unused-debug-types -pipe -Wall -Wp,-D_FORTIFY_SOURCE=2 -fexceptions -fstack-protector --param=ssp-buffer-size=32 -Wformat -Wformat-security -Wl,-z,now,-z,relro,-z,max-page-size=0x1000,-z,separate-code -Wno-error -ftree-vectorize -ftree-slp-vectorize -Wl,--enable-new-dtags -fcf-protection=return -m64 -march=westmere -mtune=haswell -fasynchronous-unwind-tables -fno-omit-frame-pointer -Wp,-D_REENTRANT -O3 -ffat-lto-objects -flto=4 '
+ export 'FCFLAGS=-O2 -g -feliminate-unused-debug-types -pipe -Wall -Wp,-D_FORTIFY_SOURCE=2 -fexceptions -fstack-protector --param=ssp-buffer-size=32 -Wformat -Wformat-security -Wl,-z,now,-z,relro,-z,max-page-size=0x1000,-z,separate-code -Wno-error -ftree-vectorize -ftree-slp-vectorize -Wl,--enable-new-dtags -fcf-protection=return -m64 -march=westmere -mtune=haswell -fasynchronous-unwind-tables -fno-omit-frame-pointer -Wp,-D_REENTRANT -O3 -ffat-lto-objects -flto=4  -O3 -ffat-lto-objects -flto=4 '
+ FCFLAGS='-O2 -g -feliminate-unused-debug-types -pipe -Wall -Wp,-D_FORTIFY_SOURCE=2 -fexceptions -fstack-protector --param=ssp-buffer-size=32 -Wformat -Wformat-security -Wl,-z,now,-z,relro,-z,max-page-size=0x1000,-z,separate-code -Wno-error -ftree-vectorize -ftree-slp-vectorize -Wl,--enable-new-dtags -fcf-protection=return -m64 -march=westmere -mtune=haswell -fasynchronous-unwind-tables -fno-omit-frame-pointer -Wp,-D_REENTRANT -O3 -ffat-lto-objects -flto=4  -O3 -ffat-lto-objects -flto=4 '
+ export 'FFLAGS=-O2 -g -feliminate-unused-debug-types -pipe -Wall -Wp,-D_FORTIFY_SOURCE=2 -fexceptions -fstack-protector --param=ssp-buffer-size=32 -Wformat -Wformat-security -Wl,-z,now,-z,relro,-z,max-page-size=0x1000,-z,separate-code -Wno-error -ftree-vectorize -ftree-slp-vectorize -Wl,--enable-new-dtags -fcf-protection=return -m64 -march=westmere -mtune=haswell -fasynchronous-unwind-tables -fno-omit-frame-pointer -Wp,-D_REENTRANT -O3 -ffat-lto-objects -flto=4  -O3 -ffat-lto-objects -flto=4 '
+ FFLAGS='-O2 -g -feliminate-unused-debug-types -pipe -Wall -Wp,-D_FORTIFY_SOURCE=2 -fexceptions -fstack-protector --param=ssp-buffer-size=32 -Wformat -Wformat-security -Wl,-z,now,-z,relro,-z,max-page-size=0x1000,-z,separate-code -Wno-error -ftree-vectorize -ftree-slp-vectorize -Wl,--enable-new-dtags -fcf-protection=return -m64 -march=westmere -mtune=haswell -fasynchronous-unwind-tables -fno-omit-frame-pointer -Wp,-D_REENTRANT -O3 -ffat-lto-objects -flto=4  -O3 -ffat-lto-objects -flto=4 '
+ export 'CXXFLAGS=-O2 -g -feliminate-unused-debug-types -pipe -Wall -Wp,-D_FORTIFY_SOURCE=2 -fexceptions -fstack-protector --param=ssp-buffer-size=32 -Wformat -Wformat-security -Wl,-z,now,-z,relro,-z,max-page-size=0x1000,-z,separate-code -Wno-error -ftree-vectorize -ftree-slp-vectorize -Wl,--enable-new-dtags -fcf-protection=return -m64 -march=westmere -mtune=haswell -fasynchronous-unwind-tables -fno-omit-frame-pointer -Wp,-D_REENTRANT -O3 -ffat-lto-objects -flto=4 '
+ CXXFLAGS='-O2 -g -feliminate-unused-debug-types -pipe -Wall -Wp,-D_FORTIFY_SOURCE=2 -fexceptions -fstack-protector --param=ssp-buffer-size=32 -Wformat -Wformat-security -Wl,-z,now,-z,relro,-z,max-page-size=0x1000,-z,separate-code -Wno-error -ftree-vectorize -ftree-slp-vectorize -Wl,--enable-new-dtags -fcf-protection=return -m64 -march=westmere -mtune=haswell -fasynchronous-unwind-tables -fno-omit-frame-pointer -Wp,-D_REENTRANT -O3 -ffat-lto-objects -flto=4 '
+ export MAKEFLAGS=-j4
+ MAKEFLAGS=-j4
+ python3 setup.py build
running build
running build_py
creating build
creating build/lib
creating build/lib/nfv_common
copying nfv_common/selectable.py -> build/lib/nfv_common
copying nfv_common/__init__.py -> build/lib/nfv_common
copying nfv_common/validate.py -> build/lib/nfv_common
copying nfv_common/config.py -> build/lib/nfv_common
copying nfv_common/exceptions.py -> build/lib/nfv_common
copying nfv_common/profiler.py -> build/lib/nfv_common
copying nfv_common/helpers.py -> build/lib/nfv_common
copying nfv_common/histogram.py -> build/lib/nfv_common
creating build/lib/nfv_common/alarm
copying nfv_common/alarm/_alarm_module.py -> build/lib/nfv_common/alarm
copying nfv_common/alarm/__init__.py -> build/lib/nfv_common/alarm
copying nfv_common/alarm/_alarm_handlers.py -> build/lib/nfv_common/alarm
copying nfv_common/alarm/_alarm_thread.py -> build/lib/nfv_common/alarm
creating build/lib/nfv_common/thread
copying nfv_common/thread/_thread_worker.py -> build/lib/nfv_common/thread
copying nfv_common/thread/__init__.py -> build/lib/nfv_common/thread
copying nfv_common/thread/_thread_progress_marker.py -> build/lib/nfv_common/thread
copying nfv_common/thread/_thread.py -> build/lib/nfv_common/thread
creating build/lib/nfv_common/forensic
copying nfv_common/forensic/_defs.py -> build/lib/nfv_common/forensic
copying nfv_common/forensic/__init__.py -> build/lib/nfv_common/forensic
copying nfv_common/forensic/_forensic_module.py -> build/lib/nfv_common/forensic
copying nfv_common/forensic/_analysis.py -> build/lib/nfv_common/forensic
copying nfv_common/forensic/_parsers.py -> build/lib/nfv_common/forensic
copying nfv_common/forensic/_nfv_vim_parser.py -> build/lib/nfv_common/forensic
copying nfv_common/forensic/_evidence.py -> build/lib/nfv_common/forensic
creating build/lib/nfv_common/debug
copying nfv_common/debug/_debug_log.py -> build/lib/nfv_common/debug
copying nfv_common/debug/_debug_thread.py -> build/lib/nfv_common/debug
copying nfv_common/debug/_debug_defs.py -> build/lib/nfv_common/debug
copying nfv_common/debug/__init__.py -> build/lib/nfv_common/debug
copying nfv_common/debug/_debug_module.py -> build/lib/nfv_common/debug
copying nfv_common/debug/_debug_config.py -> build/lib/nfv_common/debug
creating build/lib/nfv_common/catalog
copying nfv_common/catalog/_catalog_backend.py -> build/lib/nfv_common/catalog
copying nfv_common/catalog/_catalog_module.py -> build/lib/nfv_common/catalog
copying nfv_common/catalog/__init__.py -> build/lib/nfv_common/catalog
creating build/lib/nfv_common/schedule
copying nfv_common/schedule/_schedule_module.py -> build/lib/nfv_common/schedule
copying nfv_common/schedule/__init__.py -> build/lib/nfv_common/schedule
creating build/lib/nfv_common/strategy
copying nfv_common/strategy/_strategy_stage.py -> build/lib/nfv_common/strategy
copying nfv_common/strategy/_strategy_step.py -> build/lib/nfv_common/strategy
copying nfv_common/strategy/__init__.py -> build/lib/nfv_common/strategy
copying nfv_common/strategy/_strategy_result.py -> build/lib/nfv_common/strategy
copying nfv_common/strategy/_strategy_defs.py -> build/lib/nfv_common/strategy
copying nfv_common/strategy/_strategy.py -> build/lib/nfv_common/strategy
copying nfv_common/strategy/_strategy_phase.py -> build/lib/nfv_common/strategy
creating build/lib/nfv_common/tcp
copying nfv_common/tcp/__init__.py -> build/lib/nfv_common/tcp
copying nfv_common/tcp/unit_test.py -> build/lib/nfv_common/tcp
copying nfv_common/tcp/_tcp_server.py -> build/lib/nfv_common/tcp
copying nfv_common/tcp/_tcp_connection.py -> build/lib/nfv_common/tcp
creating build/lib/nfv_common/selobj
copying nfv_common/selobj/__init__.py -> build/lib/nfv_common/selobj
copying nfv_common/selobj/_selobj_module.py -> build/lib/nfv_common/selobj
creating build/lib/nfv_common/state_machine
copying nfv_common/state_machine/_state_task_work_result.py -> build/lib/nfv_common/state_machine
copying nfv_common/state_machine/_state_exception.py -> build/lib/nfv_common/state_machine
copying nfv_common/state_machine/_state_task.py -> build/lib/nfv_common/state_machine
copying nfv_common/state_machine/_state.py -> build/lib/nfv_common/state_machine
copying nfv_common/state_machine/_state_machine.py -> build/lib/nfv_common/state_machine
copying nfv_common/state_machine/__init__.py -> build/lib/nfv_common/state_machine
copying nfv_common/state_machine/_state_task_work.py -> build/lib/nfv_common/state_machine
copying nfv_common/state_machine/_state_task_result.py -> build/lib/nfv_common/state_machine
creating build/lib/nfv_common/tasks
copying nfv_common/tasks/_task_scheduler.py -> build/lib/nfv_common/tasks
copying nfv_common/tasks/_task_worker_pool.py -> build/lib/nfv_common/tasks
copying nfv_common/tasks/_task_worker.py -> build/lib/nfv_common/tasks
copying nfv_common/tasks/__init__.py -> build/lib/nfv_common/tasks
copying nfv_common/tasks/unit_test.py -> build/lib/nfv_common/tasks
copying nfv_common/tasks/_task.py -> build/lib/nfv_common/tasks
copying nfv_common/tasks/_task_work.py -> build/lib/nfv_common/tasks
copying nfv_common/tasks/_task_result.py -> build/lib/nfv_common/tasks
copying nfv_common/tasks/_task_future.py -> build/lib/nfv_common/tasks
creating build/lib/nfv_common/timers
copying nfv_common/timers/_timer_scheduler.py -> build/lib/nfv_common/timers
copying nfv_common/timers/_timer.py -> build/lib/nfv_common/timers
copying nfv_common/timers/__init__.py -> build/lib/nfv_common/timers
copying nfv_common/timers/_timestamp.py -> build/lib/nfv_common/timers
copying nfv_common/timers/_timer_module.py -> build/lib/nfv_common/timers
creating build/lib/nfv_common/event_log
copying nfv_common/event_log/_event_log_handlers.py -> build/lib/nfv_common/event_log
copying nfv_common/event_log/_event_log_module.py -> build/lib/nfv_common/event_log
copying nfv_common/event_log/__init__.py -> build/lib/nfv_common/event_log
copying nfv_common/event_log/_event_log_thread.py -> build/lib/nfv_common/event_log
creating build/lib/nfv_common/alarm/handlers
copying nfv_common/alarm/handlers/__init__.py -> build/lib/nfv_common/alarm/handlers
creating build/lib/nfv_common/alarm/objects
copying nfv_common/alarm/objects/__init__.py -> build/lib/nfv_common/alarm/objects
creating build/lib/nfv_common/alarm/handlers/v1
copying nfv_common/alarm/handlers/v1/_alarm_handler.py -> build/lib/nfv_common/alarm/handlers/v1
copying nfv_common/alarm/handlers/v1/__init__.py -> build/lib/nfv_common/alarm/handlers/v1
creating build/lib/nfv_common/alarm/objects/v1
copying nfv_common/alarm/objects/v1/_alarm_defs.py -> build/lib/nfv_common/alarm/objects/v1
copying nfv_common/alarm/objects/v1/__init__.py -> build/lib/nfv_common/alarm/objects/v1
copying nfv_common/alarm/objects/v1/_alarm_data.py -> build/lib/nfv_common/alarm/objects/v1
creating build/lib/nfv_common/catalog/plugin
copying nfv_common/catalog/plugin/__init__.py -> build/lib/nfv_common/catalog/plugin
creating build/lib/nfv_common/catalog/model
copying nfv_common/catalog/model/_vnf_descriptor.py -> build/lib/nfv_common/catalog/model
copying nfv_common/catalog/model/_defs.py -> build/lib/nfv_common/catalog/model
copying nfv_common/catalog/model/__init__.py -> build/lib/nfv_common/catalog/model
creating build/lib/nfv_common/catalog/plugin/v1
copying nfv_common/catalog/plugin/v1/_catalog_plugin.py -> build/lib/nfv_common/catalog/plugin/v1
copying nfv_common/catalog/plugin/v1/__init__.py -> build/lib/nfv_common/catalog/plugin/v1
creating build/lib/nfv_common/event_log/handlers
copying nfv_common/event_log/handlers/__init__.py -> build/lib/nfv_common/event_log/handlers
creating build/lib/nfv_common/event_log/objects
copying nfv_common/event_log/objects/__init__.py -> build/lib/nfv_common/event_log/objects
creating build/lib/nfv_common/event_log/handlers/v1
copying nfv_common/event_log/handlers/v1/_event_log_handler.py -> build/lib/nfv_common/event_log/handlers/v1
copying nfv_common/event_log/handlers/v1/__init__.py -> build/lib/nfv_common/event_log/handlers/v1
creating build/lib/nfv_common/event_log/objects/v1
copying nfv_common/event_log/objects/v1/__init__.py -> build/lib/nfv_common/event_log/objects/v1
copying nfv_common/event_log/objects/v1/_event_log_data.py -> build/lib/nfv_common/event_log/objects/v1
copying nfv_common/event_log/objects/v1/_event_log_defs.py -> build/lib/nfv_common/event_log/objects/v1
running egg_info
creating windriver_nfv_common_plugins.egg-info
writing windriver_nfv_common_plugins.egg-info/PKG-INFO
writing dependency_links to windriver_nfv_common_plugins.egg-info/dependency_links.txt
writing top-level names to windriver_nfv_common_plugins.egg-info/top_level.txt
writing manifest file 'windriver_nfv_common_plugins.egg-info/SOURCES.txt'
reading manifest file 'windriver_nfv_common_plugins.egg-info/SOURCES.txt'
writing manifest file 'windriver_nfv_common_plugins.egg-info/SOURCES.txt'
creating build/lib/nfv_common/forensic/config
copying nfv_common/forensic/config/nfv-vim.yaml -> build/lib/nfv_common/forensic/config
+ exit 0
Executing(%install): /bin/sh -e /var/tmp/rpm-tmp.N9F1v9
+ umask 022
+ cd /builddir/build/BUILD
+ cd nfv-common
+ LANG=en_US.UTF-8
+ export LANG
+ unset DISPLAY
+ unset PYTHONOPTIMIZE
+ rm -rf /builddir/build/BUILDROOT/nfv-common-1-1.x86_64
+ mkdir -p /builddir/build/BUILDROOT/nfv-common-1-1.x86_64
+ export MAKEFLAGS=-j4
+ MAKEFLAGS=-j4
+ rm -rf /builddir/build/BUILDROOT/nfv-common-1-1.x86_64
+ python3 -tt setup.py build install --root=/builddir/build/BUILDROOT/nfv-common-1-1.x86_64
running build
running build_py
running egg_info
writing windriver_nfv_common_plugins.egg-info/PKG-INFO
writing dependency_links to windriver_nfv_common_plugins.egg-info/dependency_links.txt
writing top-level names to windriver_nfv_common_plugins.egg-info/top_level.txt
reading manifest file 'windriver_nfv_common_plugins.egg-info/SOURCES.txt'
writing manifest file 'windriver_nfv_common_plugins.egg-info/SOURCES.txt'
running install
running install_lib
creating /builddir/build/BUILDROOT/nfv-common-1-1.x86_64
creating /builddir/build/BUILDROOT/nfv-common-1-1.x86_64/usr
creating /builddir/build/BUILDROOT/nfv-common-1-1.x86_64/usr/lib
creating /builddir/build/BUILDROOT/nfv-common-1-1.x86_64/usr/lib/python3.7
creating /builddir/build/BUILDROOT/nfv-common-1-1.x86_64/usr/lib/python3.7/site-packages
creating /builddir/build/BUILDROOT/nfv-common-1-1.x86_64/usr/lib/python3.7/site-packages/nfv_common
creating /builddir/build/BUILDROOT/nfv-common-1-1.x86_64/usr/lib/python3.7/site-packages/nfv_common/alarm
creating /builddir/build/BUILDROOT/nfv-common-1-1.x86_64/usr/lib/python3.7/site-packages/nfv_common/alarm/handlers
copying build/lib/nfv_common/alarm/handlers/__init__.py -> /builddir/build/BUILDROOT/nfv-common-1-1.x86_64/usr/lib/python3.7/site-packages/nfv_common/alarm/handlers
creating /builddir/build/BUILDROOT/nfv-common-1-1.x86_64/usr/lib/python3.7/site-packages/nfv_common/alarm/handlers/v1
copying build/lib/nfv_common/alarm/handlers/v1/_alarm_handler.py -> /builddir/build/BUILDROOT/nfv-common-1-1.x86_64/usr/lib/python3.7/site-packages/nfv_common/alarm/handlers/v1
copying build/lib/nfv_common/alarm/handlers/v1/__init__.py -> /builddir/build/BUILDROOT/nfv-common-1-1.x86_64/usr/lib/python3.7/site-packages/nfv_common/alarm/handlers/v1
copying build/lib/nfv_common/alarm/_alarm_module.py -> /builddir/build/BUILDROOT/nfv-common-1-1.x86_64/usr/lib/python3.7/site-packages/nfv_common/alarm
copying build/lib/nfv_common/alarm/__init__.py -> /builddir/build/BUILDROOT/nfv-common-1-1.x86_64/usr/lib/python3.7/site-packages/nfv_common/alarm
copying build/lib/nfv_common/alarm/_alarm_handlers.py -> /builddir/build/BUILDROOT/nfv-common-1-1.x86_64/usr/lib/python3.7/site-packages/nfv_common/alarm
copying build/lib/nfv_common/alarm/_alarm_thread.py -> /builddir/build/BUILDROOT/nfv-common-1-1.x86_64/usr/lib/python3.7/site-packages/nfv_common/alarm
creating /builddir/build/BUILDROOT/nfv-common-1-1.x86_64/usr/lib/python3.7/site-packages/nfv_common/alarm/objects
copying build/lib/nfv_common/alarm/objects/__init__.py -> /builddir/build/BUILDROOT/nfv-common-1-1.x86_64/usr/lib/python3.7/site-packages/nfv_common/alarm/objects
creating /builddir/build/BUILDROOT/nfv-common-1-1.x86_64/usr/lib/python3.7/site-packages/nfv_common/alarm/objects/v1
copying build/lib/nfv_common/alarm/objects/v1/_alarm_defs.py -> /builddir/build/BUILDROOT/nfv-common-1-1.x86_64/usr/lib/python3.7/site-packages/nfv_common/alarm/objects/v1
copying build/lib/nfv_common/alarm/objects/v1/__init__.py -> /builddir/build/BUILDROOT/nfv-common-1-1.x86_64/usr/lib/python3.7/site-packages/nfv_common/alarm/objects/v1
copying build/lib/nfv_common/alarm/objects/v1/_alarm_data.py -> /builddir/build/BUILDROOT/nfv-common-1-1.x86_64/usr/lib/python3.7/site-packages/nfv_common/alarm/objects/v1
copying build/lib/nfv_common/selectable.py -> /builddir/build/BUILDROOT/nfv-common-1-1.x86_64/usr/lib/python3.7/site-packages/nfv_common
creating /builddir/build/BUILDROOT/nfv-common-1-1.x86_64/usr/lib/python3.7/site-packages/nfv_common/thread
copying build/lib/nfv_common/thread/_thread_worker.py -> /builddir/build/BUILDROOT/nfv-common-1-1.x86_64/usr/lib/python3.7/site-packages/nfv_common/thread
copying build/lib/nfv_common/thread/__init__.py -> /builddir/build/BUILDROOT/nfv-common-1-1.x86_64/usr/lib/python3.7/site-packages/nfv_common/thread
copying build/lib/nfv_common/thread/_thread_progress_marker.py -> /builddir/build/BUILDROOT/nfv-common-1-1.x86_64/usr/lib/python3.7/site-packages/nfv_common/thread
copying build/lib/nfv_common/thread/_thread.py -> /builddir/build/BUILDROOT/nfv-common-1-1.x86_64/usr/lib/python3.7/site-packages/nfv_common/thread
creating /builddir/build/BUILDROOT/nfv-common-1-1.x86_64/usr/lib/python3.7/site-packages/nfv_common/forensic
copying build/lib/nfv_common/forensic/_defs.py -> /builddir/build/BUILDROOT/nfv-common-1-1.x86_64/usr/lib/python3.7/site-packages/nfv_common/forensic
copying build/lib/nfv_common/forensic/__init__.py -> /builddir/build/BUILDROOT/nfv-common-1-1.x86_64/usr/lib/python3.7/site-packages/nfv_common/forensic
copying build/lib/nfv_common/forensic/_forensic_module.py -> /builddir/build/BUILDROOT/nfv-common-1-1.x86_64/usr/lib/python3.7/site-packages/nfv_common/forensic
copying build/lib/nfv_common/forensic/_analysis.py -> /builddir/build/BUILDROOT/nfv-common-1-1.x86_64/usr/lib/python3.7/site-packages/nfv_common/forensic
creating /builddir/build/BUILDROOT/nfv-common-1-1.x86_64/usr/lib/python3.7/site-packages/nfv_common/forensic/config
copying build/lib/nfv_common/forensic/config/nfv-vim.yaml -> /builddir/build/BUILDROOT/nfv-common-1-1.x86_64/usr/lib/python3.7/site-packages/nfv_common/forensic/config
copying build/lib/nfv_common/forensic/_parsers.py -> /builddir/build/BUILDROOT/nfv-common-1-1.x86_64/usr/lib/python3.7/site-packages/nfv_common/forensic
copying build/lib/nfv_common/forensic/_nfv_vim_parser.py -> /builddir/build/BUILDROOT/nfv-common-1-1.x86_64/usr/lib/python3.7/site-packages/nfv_common/forensic
copying build/lib/nfv_common/forensic/_evidence.py -> /builddir/build/BUILDROOT/nfv-common-1-1.x86_64/usr/lib/python3.7/site-packages/nfv_common/forensic
creating /builddir/build/BUILDROOT/nfv-common-1-1.x86_64/usr/lib/python3.7/site-packages/nfv_common/debug
copying build/lib/nfv_common/debug/_debug_log.py -> /builddir/build/BUILDROOT/nfv-common-1-1.x86_64/usr/lib/python3.7/site-packages/nfv_common/debug
copying build/lib/nfv_common/debug/_debug_thread.py -> /builddir/build/BUILDROOT/nfv-common-1-1.x86_64/usr/lib/python3.7/site-packages/nfv_common/debug
copying build/lib/nfv_common/debug/_debug_defs.py -> /builddir/build/BUILDROOT/nfv-common-1-1.x86_64/usr/lib/python3.7/site-packages/nfv_common/debug
copying build/lib/nfv_common/debug/__init__.py -> /builddir/build/BUILDROOT/nfv-common-1-1.x86_64/usr/lib/python3.7/site-packages/nfv_common/debug
copying build/lib/nfv_common/debug/_debug_module.py -> /builddir/build/BUILDROOT/nfv-common-1-1.x86_64/usr/lib/python3.7/site-packages/nfv_common/debug
copying build/lib/nfv_common/debug/_debug_config.py -> /builddir/build/BUILDROOT/nfv-common-1-1.x86_64/usr/lib/python3.7/site-packages/nfv_common/debug
copying build/lib/nfv_common/__init__.py -> /builddir/build/BUILDROOT/nfv-common-1-1.x86_64/usr/lib/python3.7/site-packages/nfv_common
creating /builddir/build/BUILDROOT/nfv-common-1-1.x86_64/usr/lib/python3.7/site-packages/nfv_common/catalog
copying build/lib/nfv_common/catalog/_catalog_backend.py -> /builddir/build/BUILDROOT/nfv-common-1-1.x86_64/usr/lib/python3.7/site-packages/nfv_common/catalog
copying build/lib/nfv_common/catalog/_catalog_module.py -> /builddir/build/BUILDROOT/nfv-common-1-1.x86_64/usr/lib/python3.7/site-packages/nfv_common/catalog
copying build/lib/nfv_common/catalog/__init__.py -> /builddir/build/BUILDROOT/nfv-common-1-1.x86_64/usr/lib/python3.7/site-packages/nfv_common/catalog
creating /builddir/build/BUILDROOT/nfv-common-1-1.x86_64/usr/lib/python3.7/site-packages/nfv_common/catalog/plugin
copying build/lib/nfv_common/catalog/plugin/__init__.py -> /builddir/build/BUILDROOT/nfv-common-1-1.x86_64/usr/lib/python3.7/site-packages/nfv_common/catalog/plugin
creating /builddir/build/BUILDROOT/nfv-common-1-1.x86_64/usr/lib/python3.7/site-packages/nfv_common/catalog/plugin/v1
copying build/lib/nfv_common/catalog/plugin/v1/_catalog_plugin.py -> /builddir/build/BUILDROOT/nfv-common-1-1.x86_64/usr/lib/python3.7/site-packages/nfv_common/catalog/plugin/v1
copying build/lib/nfv_common/catalog/plugin/v1/__init__.py -> /builddir/build/BUILDROOT/nfv-common-1-1.x86_64/usr/lib/python3.7/site-packages/nfv_common/catalog/plugin/v1
creating /builddir/build/BUILDROOT/nfv-common-1-1.x86_64/usr/lib/python3.7/site-packages/nfv_common/catalog/model
copying build/lib/nfv_common/catalog/model/_vnf_descriptor.py -> /builddir/build/BUILDROOT/nfv-common-1-1.x86_64/usr/lib/python3.7/site-packages/nfv_common/catalog/model
copying build/lib/nfv_common/catalog/model/_defs.py -> /builddir/build/BUILDROOT/nfv-common-1-1.x86_64/usr/lib/python3.7/site-packages/nfv_common/catalog/model
copying build/lib/nfv_common/catalog/model/__init__.py -> /builddir/build/BUILDROOT/nfv-common-1-1.x86_64/usr/lib/python3.7/site-packages/nfv_common/catalog/model
copying build/lib/nfv_common/validate.py -> /builddir/build/BUILDROOT/nfv-common-1-1.x86_64/usr/lib/python3.7/site-packages/nfv_common
copying build/lib/nfv_common/config.py -> /builddir/build/BUILDROOT/nfv-common-1-1.x86_64/usr/lib/python3.7/site-packages/nfv_common
copying build/lib/nfv_common/exceptions.py -> /builddir/build/BUILDROOT/nfv-common-1-1.x86_64/usr/lib/python3.7/site-packages/nfv_common
creating /builddir/build/BUILDROOT/nfv-common-1-1.x86_64/usr/lib/python3.7/site-packages/nfv_common/schedule
copying build/lib/nfv_common/schedule/_schedule_module.py -> /builddir/build/BUILDROOT/nfv-common-1-1.x86_64/usr/lib/python3.7/site-packages/nfv_common/schedule
copying build/lib/nfv_common/schedule/__init__.py -> /builddir/build/BUILDROOT/nfv-common-1-1.x86_64/usr/lib/python3.7/site-packages/nfv_common/schedule
copying build/lib/nfv_common/profiler.py -> /builddir/build/BUILDROOT/nfv-common-1-1.x86_64/usr/lib/python3.7/site-packages/nfv_common
creating /builddir/build/BUILDROOT/nfv-common-1-1.x86_64/usr/lib/python3.7/site-packages/nfv_common/strategy
copying build/lib/nfv_common/strategy/_strategy_stage.py -> /builddir/build/BUILDROOT/nfv-common-1-1.x86_64/usr/lib/python3.7/site-packages/nfv_common/strategy
copying build/lib/nfv_common/strategy/_strategy_step.py -> /builddir/build/BUILDROOT/nfv-common-1-1.x86_64/usr/lib/python3.7/site-packages/nfv_common/strategy
copying build/lib/nfv_common/strategy/__init__.py -> /builddir/build/BUILDROOT/nfv-common-1-1.x86_64/usr/lib/python3.7/site-packages/nfv_common/strategy
copying build/lib/nfv_common/strategy/_strategy_result.py -> /builddir/build/BUILDROOT/nfv-common-1-1.x86_64/usr/lib/python3.7/site-packages/nfv_common/strategy
copying build/lib/nfv_common/strategy/_strategy_defs.py -> /builddir/build/BUILDROOT/nfv-common-1-1.x86_64/usr/lib/python3.7/site-packages/nfv_common/strategy
copying build/lib/nfv_common/strategy/_strategy.py -> /builddir/build/BUILDROOT/nfv-common-1-1.x86_64/usr/lib/python3.7/site-packages/nfv_common/strategy
copying build/lib/nfv_common/strategy/_strategy_phase.py -> /builddir/build/BUILDROOT/nfv-common-1-1.x86_64/usr/lib/python3.7/site-packages/nfv_common/strategy
creating /builddir/build/BUILDROOT/nfv-common-1-1.x86_64/usr/lib/python3.7/site-packages/nfv_common/tcp
copying build/lib/nfv_common/tcp/__init__.py -> /builddir/build/BUILDROOT/nfv-common-1-1.x86_64/usr/lib/python3.7/site-packages/nfv_common/tcp
copying build/lib/nfv_common/tcp/unit_test.py -> /builddir/build/BUILDROOT/nfv-common-1-1.x86_64/usr/lib/python3.7/site-packages/nfv_common/tcp
copying build/lib/nfv_common/tcp/_tcp_server.py -> /builddir/build/BUILDROOT/nfv-common-1-1.x86_64/usr/lib/python3.7/site-packages/nfv_common/tcp
copying build/lib/nfv_common/tcp/_tcp_connection.py -> /builddir/build/BUILDROOT/nfv-common-1-1.x86_64/usr/lib/python3.7/site-packages/nfv_common/tcp
creating /builddir/build/BUILDROOT/nfv-common-1-1.x86_64/usr/lib/python3.7/site-packages/nfv_common/selobj
copying build/lib/nfv_common/selobj/__init__.py -> /builddir/build/BUILDROOT/nfv-common-1-1.x86_64/usr/lib/python3.7/site-packages/nfv_common/selobj
copying build/lib/nfv_common/selobj/_selobj_module.py -> /builddir/build/BUILDROOT/nfv-common-1-1.x86_64/usr/lib/python3.7/site-packages/nfv_common/selobj
creating /builddir/build/BUILDROOT/nfv-common-1-1.x86_64/usr/lib/python3.7/site-packages/nfv_common/state_machine
copying build/lib/nfv_common/state_machine/_state_task_work_result.py -> /builddir/build/BUILDROOT/nfv-common-1-1.x86_64/usr/lib/python3.7/site-packages/nfv_common/state_machine
copying build/lib/nfv_common/state_machine/_state_exception.py -> /builddir/build/BUILDROOT/nfv-common-1-1.x86_64/usr/lib/python3.7/site-packages/nfv_common/state_machine
copying build/lib/nfv_common/state_machine/_state_task.py -> /builddir/build/BUILDROOT/nfv-common-1-1.x86_64/usr/lib/python3.7/site-packages/nfv_common/state_machine
copying build/lib/nfv_common/state_machine/_state.py -> /builddir/build/BUILDROOT/nfv-common-1-1.x86_64/usr/lib/python3.7/site-packages/nfv_common/state_machine
copying build/lib/nfv_common/state_machine/_state_machine.py -> /builddir/build/BUILDROOT/nfv-common-1-1.x86_64/usr/lib/python3.7/site-packages/nfv_common/state_machine
copying build/lib/nfv_common/state_machine/__init__.py -> /builddir/build/BUILDROOT/nfv-common-1-1.x86_64/usr/lib/python3.7/site-packages/nfv_common/state_machine
copying build/lib/nfv_common/state_machine/_state_task_work.py -> /builddir/build/BUILDROOT/nfv-common-1-1.x86_64/usr/lib/python3.7/site-packages/nfv_common/state_machine
copying build/lib/nfv_common/state_machine/_state_task_result.py -> /builddir/build/BUILDROOT/nfv-common-1-1.x86_64/usr/lib/python3.7/site-packages/nfv_common/state_machine
copying build/lib/nfv_common/helpers.py -> /builddir/build/BUILDROOT/nfv-common-1-1.x86_64/usr/lib/python3.7/site-packages/nfv_common
creating /builddir/build/BUILDROOT/nfv-common-1-1.x86_64/usr/lib/python3.7/site-packages/nfv_common/tasks
copying build/lib/nfv_common/tasks/_task_scheduler.py -> /builddir/build/BUILDROOT/nfv-common-1-1.x86_64/usr/lib/python3.7/site-packages/nfv_common/tasks
copying build/lib/nfv_common/tasks/_task_worker_pool.py -> /builddir/build/BUILDROOT/nfv-common-1-1.x86_64/usr/lib/python3.7/site-packages/nfv_common/tasks
copying build/lib/nfv_common/tasks/_task_worker.py -> /builddir/build/BUILDROOT/nfv-common-1-1.x86_64/usr/lib/python3.7/site-packages/nfv_common/tasks
copying build/lib/nfv_common/tasks/__init__.py -> /builddir/build/BUILDROOT/nfv-common-1-1.x86_64/usr/lib/python3.7/site-packages/nfv_common/tasks
copying build/lib/nfv_common/tasks/unit_test.py -> /builddir/build/BUILDROOT/nfv-common-1-1.x86_64/usr/lib/python3.7/site-packages/nfv_common/tasks
copying build/lib/nfv_common/tasks/_task.py -> /builddir/build/BUILDROOT/nfv-common-1-1.x86_64/usr/lib/python3.7/site-packages/nfv_common/tasks
copying build/lib/nfv_common/tasks/_task_work.py -> /builddir/build/BUILDROOT/nfv-common-1-1.x86_64/usr/lib/python3.7/site-packages/nfv_common/tasks
copying build/lib/nfv_common/tasks/_task_result.py -> /builddir/build/BUILDROOT/nfv-common-1-1.x86_64/usr/lib/python3.7/site-packages/nfv_common/tasks
copying build/lib/nfv_common/tasks/_task_future.py -> /builddir/build/BUILDROOT/nfv-common-1-1.x86_64/usr/lib/python3.7/site-packages/nfv_common/tasks
creating /builddir/build/BUILDROOT/nfv-common-1-1.x86_64/usr/lib/python3.7/site-packages/nfv_common/timers
copying build/lib/nfv_common/timers/_timer_scheduler.py -> /builddir/build/BUILDROOT/nfv-common-1-1.x86_64/usr/lib/python3.7/site-packages/nfv_common/timers
copying build/lib/nfv_common/timers/_timer.py -> /builddir/build/BUILDROOT/nfv-common-1-1.x86_64/usr/lib/python3.7/site-packages/nfv_common/timers
copying build/lib/nfv_common/timers/__init__.py -> /builddir/build/BUILDROOT/nfv-common-1-1.x86_64/usr/lib/python3.7/site-packages/nfv_common/timers
copying build/lib/nfv_common/timers/_timestamp.py -> /builddir/build/BUILDROOT/nfv-common-1-1.x86_64/usr/lib/python3.7/site-packages/nfv_common/timers
copying build/lib/nfv_common/timers/_timer_module.py -> /builddir/build/BUILDROOT/nfv-common-1-1.x86_64/usr/lib/python3.7/site-packages/nfv_common/timers
copying build/lib/nfv_common/histogram.py -> /builddir/build/BUILDROOT/nfv-common-1-1.x86_64/usr/lib/python3.7/site-packages/nfv_common
creating /builddir/build/BUILDROOT/nfv-common-1-1.x86_64/usr/lib/python3.7/site-packages/nfv_common/event_log
copying build/lib/nfv_common/event_log/_event_log_handlers.py -> /builddir/build/BUILDROOT/nfv-common-1-1.x86_64/usr/lib/python3.7/site-packages/nfv_common/event_log
creating /builddir/build/BUILDROOT/nfv-common-1-1.x86_64/usr/lib/python3.7/site-packages/nfv_common/event_log/handlers
copying build/lib/nfv_common/event_log/handlers/__init__.py -> /builddir/build/BUILDROOT/nfv-common-1-1.x86_64/usr/lib/python3.7/site-packages/nfv_common/event_log/handlers
creating /builddir/build/BUILDROOT/nfv-common-1-1.x86_64/usr/lib/python3.7/site-packages/nfv_common/event_log/handlers/v1
copying build/lib/nfv_common/event_log/handlers/v1/_event_log_handler.py -> /builddir/build/BUILDROOT/nfv-common-1-1.x86_64/usr/lib/python3.7/site-packages/nfv_common/event_log/handlers/v1
copying build/lib/nfv_common/event_log/handlers/v1/__init__.py -> /builddir/build/BUILDROOT/nfv-common-1-1.x86_64/usr/lib/python3.7/site-packages/nfv_common/event_log/handlers/v1
copying build/lib/nfv_common/event_log/_event_log_module.py -> /builddir/build/BUILDROOT/nfv-common-1-1.x86_64/usr/lib/python3.7/site-packages/nfv_common/event_log
copying build/lib/nfv_common/event_log/__init__.py -> /builddir/build/BUILDROOT/nfv-common-1-1.x86_64/usr/lib/python3.7/site-packages/nfv_common/event_log
creating /builddir/build/BUILDROOT/nfv-common-1-1.x86_64/usr/lib/python3.7/site-packages/nfv_common/event_log/objects
copying build/lib/nfv_common/event_log/objects/__init__.py -> /builddir/build/BUILDROOT/nfv-common-1-1.x86_64/usr/lib/python3.7/site-packages/nfv_common/event_log/objects
creating /builddir/build/BUILDROOT/nfv-common-1-1.x86_64/usr/lib/python3.7/site-packages/nfv_common/event_log/objects/v1
copying build/lib/nfv_common/event_log/objects/v1/__init__.py -> /builddir/build/BUILDROOT/nfv-common-1-1.x86_64/usr/lib/python3.7/site-packages/nfv_common/event_log/objects/v1
copying build/lib/nfv_common/event_log/objects/v1/_event_log_data.py -> /builddir/build/BUILDROOT/nfv-common-1-1.x86_64/usr/lib/python3.7/site-packages/nfv_common/event_log/objects/v1
copying build/lib/nfv_common/event_log/objects/v1/_event_log_defs.py -> /builddir/build/BUILDROOT/nfv-common-1-1.x86_64/usr/lib/python3.7/site-packages/nfv_common/event_log/objects/v1
copying build/lib/nfv_common/event_log/_event_log_thread.py -> /builddir/build/BUILDROOT/nfv-common-1-1.x86_64/usr/lib/python3.7/site-packages/nfv_common/event_log
byte-compiling /builddir/build/BUILDROOT/nfv-common-1-1.x86_64/usr/lib/python3.7/site-packages/nfv_common/alarm/handlers/__init__.py to __init__.cpython-37.pyc
byte-compiling /builddir/build/BUILDROOT/nfv-common-1-1.x86_64/usr/lib/python3.7/site-packages/nfv_common/alarm/handlers/v1/_alarm_handler.py to _alarm_handler.cpython-37.pyc
byte-compiling /builddir/build/BUILDROOT/nfv-common-1-1.x86_64/usr/lib/python3.7/site-packages/nfv_common/alarm/handlers/v1/__init__.py to __init__.cpython-37.pyc
byte-compiling /builddir/build/BUILDROOT/nfv-common-1-1.x86_64/usr/lib/python3.7/site-packages/nfv_common/alarm/_alarm_module.py to _alarm_module.cpython-37.pyc
byte-compiling /builddir/build/BUILDROOT/nfv-common-1-1.x86_64/usr/lib/python3.7/site-packages/nfv_common/alarm/__init__.py to __init__.cpython-37.pyc
byte-compiling /builddir/build/BUILDROOT/nfv-common-1-1.x86_64/usr/lib/python3.7/site-packages/nfv_common/alarm/_alarm_handlers.py to _alarm_handlers.cpython-37.pyc
byte-compiling /builddir/build/BUILDROOT/nfv-common-1-1.x86_64/usr/lib/python3.7/site-packages/nfv_common/alarm/_alarm_thread.py to _alarm_thread.cpython-37.pyc
byte-compiling /builddir/build/BUILDROOT/nfv-common-1-1.x86_64/usr/lib/python3.7/site-packages/nfv_common/alarm/objects/__init__.py to __init__.cpython-37.pyc
byte-compiling /builddir/build/BUILDROOT/nfv-common-1-1.x86_64/usr/lib/python3.7/site-packages/nfv_common/alarm/objects/v1/_alarm_defs.py to _alarm_defs.cpython-37.pyc
byte-compiling /builddir/build/BUILDROOT/nfv-common-1-1.x86_64/usr/lib/python3.7/site-packages/nfv_common/alarm/objects/v1/__init__.py to __init__.cpython-37.pyc
byte-compiling /builddir/build/BUILDROOT/nfv-common-1-1.x86_64/usr/lib/python3.7/site-packages/nfv_common/alarm/objects/v1/_alarm_data.py to _alarm_data.cpython-37.pyc
byte-compiling /builddir/build/BUILDROOT/nfv-common-1-1.x86_64/usr/lib/python3.7/site-packages/nfv_common/selectable.py to selectable.cpython-37.pyc
byte-compiling /builddir/build/BUILDROOT/nfv-common-1-1.x86_64/usr/lib/python3.7/site-packages/nfv_common/thread/_thread_worker.py to _thread_worker.cpython-37.pyc
byte-compiling /builddir/build/BUILDROOT/nfv-common-1-1.x86_64/usr/lib/python3.7/site-packages/nfv_common/thread/__init__.py to __init__.cpython-37.pyc
byte-compiling /builddir/build/BUILDROOT/nfv-common-1-1.x86_64/usr/lib/python3.7/site-packages/nfv_common/thread/_thread_progress_marker.py to _thread_progress_marker.cpython-37.pyc
byte-compiling /builddir/build/BUILDROOT/nfv-common-1-1.x86_64/usr/lib/python3.7/site-packages/nfv_common/thread/_thread.py to _thread.cpython-37.pyc
byte-compiling /builddir/build/BUILDROOT/nfv-common-1-1.x86_64/usr/lib/python3.7/site-packages/nfv_common/forensic/_defs.py to _defs.cpython-37.pyc
byte-compiling /builddir/build/BUILDROOT/nfv-common-1-1.x86_64/usr/lib/python3.7/site-packages/nfv_common/forensic/__init__.py to __init__.cpython-37.pyc
byte-compiling /builddir/build/BUILDROOT/nfv-common-1-1.x86_64/usr/lib/python3.7/site-packages/nfv_common/forensic/_forensic_module.py to _forensic_module.cpython-37.pyc
byte-compiling /builddir/build/BUILDROOT/nfv-common-1-1.x86_64/usr/lib/python3.7/site-packages/nfv_common/forensic/_analysis.py to _analysis.cpython-37.pyc
byte-compiling /builddir/build/BUILDROOT/nfv-common-1-1.x86_64/usr/lib/python3.7/site-packages/nfv_common/forensic/_parsers.py to _parsers.cpython-37.pyc
byte-compiling /builddir/build/BUILDROOT/nfv-common-1-1.x86_64/usr/lib/python3.7/site-packages/nfv_common/forensic/_nfv_vim_parser.py to _nfv_vim_parser.cpython-37.pyc
byte-compiling /builddir/build/BUILDROOT/nfv-common-1-1.x86_64/usr/lib/python3.7/site-packages/nfv_common/forensic/_evidence.py to _evidence.cpython-37.pyc
byte-compiling /builddir/build/BUILDROOT/nfv-common-1-1.x86_64/usr/lib/python3.7/site-packages/nfv_common/debug/_debug_log.py to _debug_log.cpython-37.pyc
byte-compiling /builddir/build/BUILDROOT/nfv-common-1-1.x86_64/usr/lib/python3.7/site-packages/nfv_common/debug/_debug_thread.py to _debug_thread.cpython-37.pyc
byte-compiling /builddir/build/BUILDROOT/nfv-common-1-1.x86_64/usr/lib/python3.7/site-packages/nfv_common/debug/_debug_defs.py to _debug_defs.cpython-37.pyc
byte-compiling /builddir/build/BUILDROOT/nfv-common-1-1.x86_64/usr/lib/python3.7/site-packages/nfv_common/debug/__init__.py to __init__.cpython-37.pyc
byte-compiling /builddir/build/BUILDROOT/nfv-common-1-1.x86_64/usr/lib/python3.7/site-packages/nfv_common/debug/_debug_module.py to _debug_module.cpython-37.pyc
byte-compiling /builddir/build/BUILDROOT/nfv-common-1-1.x86_64/usr/lib/python3.7/site-packages/nfv_common/debug/_debug_config.py to _debug_config.cpython-37.pyc
byte-compiling /builddir/build/BUILDROOT/nfv-common-1-1.x86_64/usr/lib/python3.7/site-packages/nfv_common/__init__.py to __init__.cpython-37.pyc
byte-compiling /builddir/build/BUILDROOT/nfv-common-1-1.x86_64/usr/lib/python3.7/site-packages/nfv_common/catalog/_catalog_backend.py to _catalog_backend.cpython-37.pyc
byte-compiling /builddir/build/BUILDROOT/nfv-common-1-1.x86_64/usr/lib/python3.7/site-packages/nfv_common/catalog/_catalog_module.py to _catalog_module.cpython-37.pyc
byte-compiling /builddir/build/BUILDROOT/nfv-common-1-1.x86_64/usr/lib/python3.7/site-packages/nfv_common/catalog/__init__.py to __init__.cpython-37.pyc
byte-compiling /builddir/build/BUILDROOT/nfv-common-1-1.x86_64/usr/lib/python3.7/site-packages/nfv_common/catalog/plugin/__init__.py to __init__.cpython-37.pyc
byte-compiling /builddir/build/BUILDROOT/nfv-common-1-1.x86_64/usr/lib/python3.7/site-packages/nfv_common/catalog/plugin/v1/_catalog_plugin.py to _catalog_plugin.cpython-37.pyc
byte-compiling /builddir/build/BUILDROOT/nfv-common-1-1.x86_64/usr/lib/python3.7/site-packages/nfv_common/catalog/plugin/v1/__init__.py to __init__.cpython-37.pyc
byte-compiling /builddir/build/BUILDROOT/nfv-common-1-1.x86_64/usr/lib/python3.7/site-packages/nfv_common/catalog/model/_vnf_descriptor.py to _vnf_descriptor.cpython-37.pyc
byte-compiling /builddir/build/BUILDROOT/nfv-common-1-1.x86_64/usr/lib/python3.7/site-packages/nfv_common/catalog/model/_defs.py to _defs.cpython-37.pyc
byte-compiling /builddir/build/BUILDROOT/nfv-common-1-1.x86_64/usr/lib/python3.7/site-packages/nfv_common/catalog/model/__init__.py to __init__.cpython-37.pyc
byte-compiling /builddir/build/BUILDROOT/nfv-common-1-1.x86_64/usr/lib/python3.7/site-packages/nfv_common/validate.py to validate.cpython-37.pyc
byte-compiling /builddir/build/BUILDROOT/nfv-common-1-1.x86_64/usr/lib/python3.7/site-packages/nfv_common/config.py to config.cpython-37.pyc
byte-compiling /builddir/build/BUILDROOT/nfv-common-1-1.x86_64/usr/lib/python3.7/site-packages/nfv_common/exceptions.py to exceptions.cpython-37.pyc
byte-compiling /builddir/build/BUILDROOT/nfv-common-1-1.x86_64/usr/lib/python3.7/site-packages/nfv_common/schedule/_schedule_module.py to _schedule_module.cpython-37.pyc
byte-compiling /builddir/build/BUILDROOT/nfv-common-1-1.x86_64/usr/lib/python3.7/site-packages/nfv_common/schedule/__init__.py to __init__.cpython-37.pyc
byte-compiling /builddir/build/BUILDROOT/nfv-common-1-1.x86_64/usr/lib/python3.7/site-packages/nfv_common/profiler.py to profiler.cpython-37.pyc
byte-compiling /builddir/build/BUILDROOT/nfv-common-1-1.x86_64/usr/lib/python3.7/site-packages/nfv_common/strategy/_strategy_stage.py to _strategy_stage.cpython-37.pyc
byte-compiling /builddir/build/BUILDROOT/nfv-common-1-1.x86_64/usr/lib/python3.7/site-packages/nfv_common/strategy/_strategy_step.py to _strategy_step.cpython-37.pyc
byte-compiling /builddir/build/BUILDROOT/nfv-common-1-1.x86_64/usr/lib/python3.7/site-packages/nfv_common/strategy/__init__.py to __init__.cpython-37.pyc
byte-compiling /builddir/build/BUILDROOT/nfv-common-1-1.x86_64/usr/lib/python3.7/site-packages/nfv_common/strategy/_strategy_result.py to _strategy_result.cpython-37.pyc
byte-compiling /builddir/build/BUILDROOT/nfv-common-1-1.x86_64/usr/lib/python3.7/site-packages/nfv_common/strategy/_strategy_defs.py to _strategy_defs.cpython-37.pyc
byte-compiling /builddir/build/BUILDROOT/nfv-common-1-1.x86_64/usr/lib/python3.7/site-packages/nfv_common/strategy/_strategy.py to _strategy.cpython-37.pyc
byte-compiling /builddir/build/BUILDROOT/nfv-common-1-1.x86_64/usr/lib/python3.7/site-packages/nfv_common/strategy/_strategy_phase.py to _strategy_phase.cpython-37.pyc
byte-compiling /builddir/build/BUILDROOT/nfv-common-1-1.x86_64/usr/lib/python3.7/site-packages/nfv_common/tcp/__init__.py to __init__.cpython-37.pyc
byte-compiling /builddir/build/BUILDROOT/nfv-common-1-1.x86_64/usr/lib/python3.7/site-packages/nfv_common/tcp/unit_test.py to unit_test.cpython-37.pyc
byte-compiling /builddir/build/BUILDROOT/nfv-common-1-1.x86_64/usr/lib/python3.7/site-packages/nfv_common/tcp/_tcp_server.py to _tcp_server.cpython-37.pyc
byte-compiling /builddir/build/BUILDROOT/nfv-common-1-1.x86_64/usr/lib/python3.7/site-packages/nfv_common/tcp/_tcp_connection.py to _tcp_connection.cpython-37.pyc
byte-compiling /builddir/build/BUILDROOT/nfv-common-1-1.x86_64/usr/lib/python3.7/site-packages/nfv_common/selobj/__init__.py to __init__.cpython-37.pyc
byte-compiling /builddir/build/BUILDROOT/nfv-common-1-1.x86_64/usr/lib/python3.7/site-packages/nfv_common/selobj/_selobj_module.py to _selobj_module.cpython-37.pyc
byte-compiling /builddir/build/BUILDROOT/nfv-common-1-1.x86_64/usr/lib/python3.7/site-packages/nfv_common/state_machine/_state_task_work_result.py to _state_task_work_result.cpython-37.pyc
byte-compiling /builddir/build/BUILDROOT/nfv-common-1-1.x86_64/usr/lib/python3.7/site-packages/nfv_common/state_machine/_state_exception.py to _state_exception.cpython-37.pyc
byte-compiling /builddir/build/BUILDROOT/nfv-common-1-1.x86_64/usr/lib/python3.7/site-packages/nfv_common/state_machine/_state_task.py to _state_task.cpython-37.pyc
byte-compiling /builddir/build/BUILDROOT/nfv-common-1-1.x86_64/usr/lib/python3.7/site-packages/nfv_common/state_machine/_state.py to _state.cpython-37.pyc
byte-compiling /builddir/build/BUILDROOT/nfv-common-1-1.x86_64/usr/lib/python3.7/site-packages/nfv_common/state_machine/_state_machine.py to _state_machine.cpython-37.pyc
byte-compiling /builddir/build/BUILDROOT/nfv-common-1-1.x86_64/usr/lib/python3.7/site-packages/nfv_common/state_machine/__init__.py to __init__.cpython-37.pyc
byte-compiling /builddir/build/BUILDROOT/nfv-common-1-1.x86_64/usr/lib/python3.7/site-packages/nfv_common/state_machine/_state_task_work.py to _state_task_work.cpython-37.pyc
byte-compiling /builddir/build/BUILDROOT/nfv-common-1-1.x86_64/usr/lib/python3.7/site-packages/nfv_common/state_machine/_state_task_result.py to _state_task_result.cpython-37.pyc
byte-compiling /builddir/build/BUILDROOT/nfv-common-1-1.x86_64/usr/lib/python3.7/site-packages/nfv_common/helpers.py to helpers.cpython-37.pyc
byte-compiling /builddir/build/BUILDROOT/nfv-common-1-1.x86_64/usr/lib/python3.7/site-packages/nfv_common/tasks/_task_scheduler.py to _task_scheduler.cpython-37.pyc
byte-compiling /builddir/build/BUILDROOT/nfv-common-1-1.x86_64/usr/lib/python3.7/site-packages/nfv_common/tasks/_task_worker_pool.py to _task_worker_pool.cpython-37.pyc
byte-compiling /builddir/build/BUILDROOT/nfv-common-1-1.x86_64/usr/lib/python3.7/site-packages/nfv_common/tasks/_task_worker.py to _task_worker.cpython-37.pyc
byte-compiling /builddir/build/BUILDROOT/nfv-common-1-1.x86_64/usr/lib/python3.7/site-packages/nfv_common/tasks/__init__.py to __init__.cpython-37.pyc
byte-compiling /builddir/build/BUILDROOT/nfv-common-1-1.x86_64/usr/lib/python3.7/site-packages/nfv_common/tasks/unit_test.py to unit_test.cpython-37.pyc
byte-compiling /builddir/build/BUILDROOT/nfv-common-1-1.x86_64/usr/lib/python3.7/site-packages/nfv_common/tasks/_task.py to _task.cpython-37.pyc
byte-compiling /builddir/build/BUILDROOT/nfv-common-1-1.x86_64/usr/lib/python3.7/site-packages/nfv_common/tasks/_task_work.py to _task_work.cpython-37.pyc
byte-compiling /builddir/build/BUILDROOT/nfv-common-1-1.x86_64/usr/lib/python3.7/site-packages/nfv_common/tasks/_task_result.py to _task_result.cpython-37.pyc
byte-compiling /builddir/build/BUILDROOT/nfv-common-1-1.x86_64/usr/lib/python3.7/site-packages/nfv_common/tasks/_task_future.py to _task_future.cpython-37.pyc
byte-compiling /builddir/build/BUILDROOT/nfv-common-1-1.x86_64/usr/lib/python3.7/site-packages/nfv_common/timers/_timer_scheduler.py to _timer_scheduler.cpython-37.pyc
byte-compiling /builddir/build/BUILDROOT/nfv-common-1-1.x86_64/usr/lib/python3.7/site-packages/nfv_common/timers/_timer.py to _timer.cpython-37.pyc
byte-compiling /builddir/build/BUILDROOT/nfv-common-1-1.x86_64/usr/lib/python3.7/site-packages/nfv_common/timers/__init__.py to __init__.cpython-37.pyc
byte-compiling /builddir/build/BUILDROOT/nfv-common-1-1.x86_64/usr/lib/python3.7/site-packages/nfv_common/timers/_timestamp.py to _timestamp.cpython-37.pyc
byte-compiling /builddir/build/BUILDROOT/nfv-common-1-1.x86_64/usr/lib/python3.7/site-packages/nfv_common/timers/_timer_module.py to _timer_module.cpython-37.pyc
byte-compiling /builddir/build/BUILDROOT/nfv-common-1-1.x86_64/usr/lib/python3.7/site-packages/nfv_common/histogram.py to histogram.cpython-37.pyc
byte-compiling /builddir/build/BUILDROOT/nfv-common-1-1.x86_64/usr/lib/python3.7/site-packages/nfv_common/event_log/_event_log_handlers.py to _event_log_handlers.cpython-37.pyc
byte-compiling /builddir/build/BUILDROOT/nfv-common-1-1.x86_64/usr/lib/python3.7/site-packages/nfv_common/event_log/handlers/__init__.py to __init__.cpython-37.pyc
byte-compiling /builddir/build/BUILDROOT/nfv-common-1-1.x86_64/usr/lib/python3.7/site-packages/nfv_common/event_log/handlers/v1/_event_log_handler.py to _event_log_handler.cpython-37.pyc
byte-compiling /builddir/build/BUILDROOT/nfv-common-1-1.x86_64/usr/lib/python3.7/site-packages/nfv_common/event_log/handlers/v1/__init__.py to __init__.cpython-37.pyc
byte-compiling /builddir/build/BUILDROOT/nfv-common-1-1.x86_64/usr/lib/python3.7/site-packages/nfv_common/event_log/_event_log_module.py to _event_log_module.cpython-37.pyc
byte-compiling /builddir/build/BUILDROOT/nfv-common-1-1.x86_64/usr/lib/python3.7/site-packages/nfv_common/event_log/__init__.py to __init__.cpython-37.pyc
byte-compiling /builddir/build/BUILDROOT/nfv-common-1-1.x86_64/usr/lib/python3.7/site-packages/nfv_common/event_log/objects/__init__.py to __init__.cpython-37.pyc
byte-compiling /builddir/build/BUILDROOT/nfv-common-1-1.x86_64/usr/lib/python3.7/site-packages/nfv_common/event_log/objects/v1/__init__.py to __init__.cpython-37.pyc
byte-compiling /builddir/build/BUILDROOT/nfv-common-1-1.x86_64/usr/lib/python3.7/site-packages/nfv_common/event_log/objects/v1/_event_log_data.py to _event_log_data.cpython-37.pyc
byte-compiling /builddir/build/BUILDROOT/nfv-common-1-1.x86_64/usr/lib/python3.7/site-packages/nfv_common/event_log/objects/v1/_event_log_defs.py to _event_log_defs.cpython-37.pyc
byte-compiling /builddir/build/BUILDROOT/nfv-common-1-1.x86_64/usr/lib/python3.7/site-packages/nfv_common/event_log/_event_log_thread.py to _event_log_thread.cpython-37.pyc
running install_egg_info
Copying windriver_nfv_common_plugins.egg-info to /builddir/build/BUILDROOT/nfv-common-1-1.x86_64/usr/lib/python3.7/site-packages/windriver_nfv_common_plugins-1.0.0-py3.7.egg-info
running install_scripts
----[ mark ]----
+ echo '----[' mark ']----'
+ cat '/builddir/build/BUILDROOT/nfv-common-1-1.x86_64/usr/lib/python3*/site-packages/*/requires.txt'
cat: '/builddir/build/BUILDROOT/nfv-common-1-1.x86_64/usr/lib/python3*/site-packages/*/requires.txt': No such file or directory
----[ mark ]----
+ :
+ echo '----[' mark ']----'
+ rm -f /builddir/build/BUILDROOT/nfv-common-1-1.x86_64/usr/share/info/dir
++ find /builddir/build/BUILDROOT/nfv-common-1-1.x86_64 -path 'etc/*' '!' -type d
+ test -z ''
+ rm -rf '/builddir/build/BUILDROOT/nfv-common-1-1.x86_64/etc/*'
+ rm -rf '/builddir/build/BUILDROOT/nfv-common-1-1.x86_64/usr/share/factory/*'
+ find /builddir/build/BUILDROOT/nfv-common-1-1.x86_64 -name __pycache__
+ xargs rm -rf --
+ '[' -d /builddir/build/BUILDROOT/nfv-common-1-1.x86_64/usr/share/mime ']'
++ getconf _NPROCESSORS_ONLN
+ RPM_XARGS_PFLAG=-P4
+ find /builddir/build/BUILDROOT/nfv-common-1-1.x86_64 -name '*.so.avx512' -print0
+ xargs -0rtn1 -P4 python /usr/share/clr-avx-tools/avxjudge.py -q -5
+ find /builddir/build/BUILDROOT/nfv-common-1-1.x86_64/usr/lib64/haswell/avx512_1 -name '*.so*' -print0
find: /builddir/build/BUILDROOT/nfv-common-1-1.x86_64/usr/lib64/haswell/avx512_1: No such file or directory
+ find /builddir/build/BUILDROOT/nfv-common-1-1.x86_64 -name '*.so.avx2' -print0
+ xargs -0rtn1 -P4 python /usr/share/clr-avx-tools/avxjudge.py -q -2
+ find /builddir/build/BUILDROOT/nfv-common-1-1.x86_64/usr/lib64/haswell '!' -path '/usr/lib64/haswell/avx512_1/*' -name '*.so*' -print0
find: /builddir/build/BUILDROOT/nfv-common-1-1.x86_64/usr/lib64/haswell: No such file or directory
+ xargs -0rtn1 -P4 /usr/lib/rpm/clr/brp-create-abi
+ sort -u
+ find /builddir/build/BUILDROOT/nfv-common-1-1.x86_64/usr/lib64/ -maxdepth 1 -name '*.so*' -type f -print0
find: /builddir/build/BUILDROOT/nfv-common-1-1.x86_64/usr/lib64/: No such file or directory
+ /usr/lib/rpm/find-debuginfo.sh --strict-build-id /builddir/build/BUILD/nfv-common
find: debug: No such file or directory
+ '[' -d /builddir/build/BUILDROOT/nfv-common-1-1.x86_64/usr/lib/debug ']'
+ :
+ '[' -d /builddir/build/BUILDROOT/nfv-common-1-1.x86_64/usr/lib/debug ']'
+ :
+ '[' -d /builddir/build/BUILDROOT/nfv-common-1-1.x86_64/usr/src/debug ']'
+ :
+ '[' -d /builddir/build/BUILDROOT/nfv-common-1-1.x86_64/usr/lib/debug.force ']'
+ :
+ '[' -d /builddir/build/BUILDROOT/nfv-common-1-1.x86_64/usr/src/debug.force ']'
+ :
+ /usr/lib/rpm/check-buildroot
+ /usr/lib/rpm/clr/brp-strip-static-archive /usr/bin/strip
+ /usr/lib/rpm/clr/brp-strip-comment-note /usr/bin/strip /usr/bin/objdump
+ /usr/lib/rpm/clr/brp-python-bytecompile
[BYTECOMPILE] Building for /builddir/build/BUILDROOT/nfv-common-1-1.x86_64/usr/lib/python3.7 using /usr/bin/python3.7
+ find /builddir/build/BUILDROOT/nfv-common-1-1.x86_64 -print0
+ xargs -0 touch -h -d '@1549052798 '
+ /usr/lib/rpm/clr/brp-java-repack-jars
Processing files: nfv-common-1-1.x86_64
Processing files: nfv-common-python-1-1.x86_64
Processing files: nfv-common-python3-1-1.x86_64
Provides: nfv-common-python3 = 1-1 nfv-common-python3(x86-64) = 1-1
Requires(rpmlib): rpmlib(CompressedFileNames) <= 3.0.4-1 rpmlib(PayloadFilesHavePrefix) <= 4.0-1
Requires: python(abi) = 3.7
Processing files: nfv-common-debuginfo-1-1.x86_64
warning: Empty %files file /builddir/build/BUILD/nfv-common/debugfiles.list
Processing files: nfv-common-abi-1-1.x86_64
Checking for unpackaged file(s): /usr/lib/rpm/check-files /builddir/build/BUILDROOT/nfv-common-1-1.x86_64
warning: Empty %files file /builddir/build/BUILD/nfv-common/abifiles.list
Wrote: /builddir/build/RPMS/nfv-common-1-1.x86_64.rpm
Wrote: /builddir/build/RPMS/nfv-common-python-1-1.x86_64.rpm
Wrote: /builddir/build/RPMS/nfv-common-python3-1-1.x86_64.rpm
Wrote: /builddir/build/RPMS/nfv-common-debuginfo-1-1.x86_64.rpm
Wrote: /builddir/build/RPMS/nfv-common-abi-1-1.x86_64.rpm
Executing(%clean): /bin/sh -e /var/tmp/rpm-tmp.B1cBk6
+ umask 022
+ cd /builddir/build/BUILD
+ cd nfv-common
+ /usr/bin/rm -rf /builddir/build/BUILDROOT/nfv-common-1-1.x86_64
+ exit 0
Child return code was: 0
LEAVE do --> 

