2019-09-18 15:40:04,748 - Mock Version: 1.2.14
2019-09-18 15:40:05,936 - Start: dnf update
2019-09-18 15:40:16,231 - Finish: dnf update
2019-09-18 15:40:16,237 - Finish: chroot init
2019-09-18 15:40:16,239 - Start: buildsrpm
2019-09-18 15:40:16,247 - Start: rpmbuild -bs
2019-09-18 15:40:16,286 - Finish: rpmbuild -bs
2019-09-18 15:40:16,287 - Finish: buildsrpm
2019-09-18 15:40:16,288 - Finish: run
2019-09-18 15:40:19,424 - Mock Version: 1.2.14
2019-09-18 15:40:19,688 - Start: dnf update
2019-09-18 15:40:29,537 - Finish: dnf update
2019-09-18 15:40:29,543 - Finish: chroot init
2019-09-18 15:40:29,544 - Start: build phase for puppet-fm-1.0.0-1.src.rpm
2019-09-18 15:40:29,546 - Start: build setup for puppet-fm-1.0.0-1.src.rpm
2019-09-18 15:40:30,821 - Finish: build setup for puppet-fm-1.0.0-1.src.rpm
2019-09-18 15:40:30,822 - Start: rpmbuild puppet-fm-1.0.0-1.src.rpm
2019-09-18 15:40:34,369 - Mock Version: 1.2.14
2019-09-18 15:40:34,616 - Start: dnf update
2019-09-18 15:40:44,691 - Finish: dnf update
2019-09-18 15:40:44,696 - Finish: chroot init
2019-09-18 15:40:44,699 - Start: buildsrpm
2019-09-18 15:40:44,704 - Start: rpmbuild -bs
2019-09-18 15:40:44,743 - Finish: rpmbuild -bs
2019-09-18 15:40:44,745 - Finish: buildsrpm
2019-09-18 15:40:44,745 - Finish: run
2019-09-18 15:40:47,775 - Mock Version: 1.2.14
2019-09-18 15:40:48,029 - Start: dnf update
2019-09-18 15:40:58,189 - Finish: dnf update
2019-09-18 15:40:58,194 - Finish: chroot init
2019-09-18 15:40:58,196 - Start: build phase for puppet-fm-1.0.0-1.src.rpm
2019-09-18 15:40:58,198 - Start: build setup for puppet-fm-1.0.0-1.src.rpm
2019-09-18 15:40:59,481 - Finish: build setup for puppet-fm-1.0.0-1.src.rpm
2019-09-18 15:40:59,481 - Start: rpmbuild puppet-fm-1.0.0-1.src.rpm
2019-09-18 15:40:59,709 - Finish: rpmbuild puppet-fm-1.0.0-1.src.rpm
2019-09-18 15:40:59,711 - Finish: build phase for puppet-fm-1.0.0-1.src.rpm
2019-09-18 15:40:59,711 - Finish: run
