2019-09-17 03:30:43,135 - Mock Version: 1.2.14
2019-09-17 03:30:43,382 - Start: dnf update
2019-09-17 03:30:54,424 - Finish: dnf update
2019-09-17 03:30:54,429 - Finish: chroot init
2019-09-17 03:30:54,432 - Start: buildsrpm
2019-09-17 03:30:54,439 - Start: rpmbuild -bs
2019-09-17 03:30:54,478 - Finish: rpmbuild -bs
2019-09-17 03:30:54,479 - Finish: buildsrpm
2019-09-17 03:30:54,480 - Finish: run
2019-09-17 03:30:57,563 - Mock Version: 1.2.14
2019-09-17 03:30:57,828 - Start: dnf update
2019-09-17 03:31:08,554 - Finish: dnf update
2019-09-17 03:31:08,560 - Finish: chroot init
2019-09-17 03:31:08,561 - Start: build phase for openssh-config-1.0-1.src.rpm
2019-09-17 03:31:08,563 - Start: build setup for openssh-config-1.0-1.src.rpm
2019-09-17 03:31:09,218 - Finish: build setup for openssh-config-1.0-1.src.rpm
2019-09-17 03:31:09,218 - Start: rpmbuild openssh-config-1.0-1.src.rpm
2019-09-17 03:31:12,444 - Mock Version: 1.2.14
2019-09-17 03:31:12,691 - Start: dnf update
2019-09-17 03:31:23,513 - Finish: dnf update
2019-09-17 03:31:23,519 - Finish: chroot init
2019-09-17 03:31:23,522 - Start: buildsrpm
2019-09-17 03:31:23,527 - Start: rpmbuild -bs
2019-09-17 03:31:23,565 - Finish: rpmbuild -bs
2019-09-17 03:31:23,566 - Finish: buildsrpm
2019-09-17 03:31:23,567 - Finish: run
2019-09-17 03:31:26,622 - Mock Version: 1.2.14
2019-09-17 03:31:26,881 - Start: dnf update
2019-09-17 03:31:36,841 - Finish: dnf update
2019-09-17 03:31:36,846 - Finish: chroot init
2019-09-17 03:31:36,847 - Start: build phase for openssh-config-1.0-1.src.rpm
2019-09-17 03:31:36,850 - Start: build setup for openssh-config-1.0-1.src.rpm
2019-09-17 03:31:37,504 - Finish: build setup for openssh-config-1.0-1.src.rpm
2019-09-17 03:31:37,504 - Start: rpmbuild openssh-config-1.0-1.src.rpm
2019-09-17 03:31:37,639 - Finish: rpmbuild openssh-config-1.0-1.src.rpm
2019-09-17 03:31:37,640 - Finish: build phase for openssh-config-1.0-1.src.rpm
2019-09-17 03:31:37,641 - Finish: run
