Mock Version: 1.2.14
ENTER do(['bash', '--login', '-c', '/usr/bin/rpmbuild -bs --target x86_64 --nodeps /builddir/build/SPECS/puppet-puppi.spec'], chrootPath='/var/lib/mock/clear-puppet-puppi/root'env={'TERM': 'vt100', 'SHELL': '/bin/bash', 'HOME': '/builddir', 'HOSTNAME': 'mock', 'PATH': '/usr/bin:/bin:/usr/sbin:/sbin', 'LANG': 'en_US.UTF-8', 'CCACHE_DIR': '/var/tmp/ccache', 'CCACHE_UMASK': '002'}shell=Falselogger=<mockbuild.trace_decorator.getLog object at 0x7ffabb7ed510>timeout=0uid=1000gid=1000user='mockbuild'printOutput=False)
Executing command: ['bash', '--login', '-c', '/usr/bin/rpmbuild -bs --target x86_64 --nodeps /builddir/build/SPECS/puppet-puppi.spec'] with env {'TERM': 'vt100', 'SHELL': '/bin/bash', 'HOME': '/builddir', 'HOSTNAME': 'mock', 'PATH': '/usr/bin:/bin:/usr/sbin:/sbin', 'LANG': 'en_US.UTF-8', 'CCACHE_DIR': '/var/tmp/ccache', 'CCACHE_UMASK': '002'} and shell False
Building target platforms: x86_64
Building for target x86_64
Wrote: /builddir/build/SRPMS/puppet-puppi-1-1.src.rpm
Child return code was: 0
LEAVE do --> 

ENTER do(['bash', '--login', '-c', '/usr/bin/rpmbuild -bb --target x86_64 --nodeps  /builddir/build/SPECS/puppet-puppi.spec '], chrootPath='/var/lib/mock/clear-puppet-puppi/root'env={'TERM': 'vt100', 'SHELL': '/bin/bash', 'HOME': '/builddir', 'HOSTNAME': 'mock', 'PATH': '/usr/bin:/bin:/usr/sbin:/sbin', 'LANG': 'en_US.UTF-8', 'CCACHE_DIR': '/var/tmp/ccache', 'CCACHE_UMASK': '002'}shell=Falselogger=<mockbuild.trace_decorator.getLog object at 0x7ffabb7ed510>timeout=0uid=1000gid=1000user='mockbuild'private_network=TrueprintOutput=False)
Executing command: ['bash', '--login', '-c', '/usr/bin/rpmbuild -bb --target x86_64 --nodeps  /builddir/build/SPECS/puppet-puppi.spec '] with env {'TERM': 'vt100', 'SHELL': '/bin/bash', 'HOME': '/builddir', 'HOSTNAME': 'mock', 'PATH': '/usr/bin:/bin:/usr/sbin:/sbin', 'LANG': 'en_US.UTF-8', 'CCACHE_DIR': '/var/tmp/ccache', 'CCACHE_UMASK': '002'} and shell False
Building target platforms: x86_64
Building for target x86_64
Executing(%prep): /bin/sh -e /var/tmp/rpm-tmp.PeLgSi
+ umask 022
+ cd /builddir/build/BUILD
+ LANG=en_US.UTF-8
+ export LANG
+ unset DISPLAY
+ cd /builddir/build/BUILD
+ rm -rf puppi-master
+ /usr/bin/gzip -dc /builddir/build/SOURCES/puppi-c1c47f4edfd761d1bbde32a75da0c3fa7cc93a81.tar.gz
+ /usr/bin/tar -xf -
+ STATUS=0
+ '[' 0 -ne 0 ']'
+ cd puppi-master
+ /usr/bin/chmod -Rf a+rX,u+w,g-w,o-w .
+ echo 'Patch #1 (0001-add-makefile.patch):'
Patch #1 (0001-add-makefile.patch):
+ /usr/bin/cat /builddir/build/SOURCES/0001-add-makefile.patch
+ /usr/bin/patch -p1 --fuzz=2
patching file Makefile
+ exit 0
Executing(%build): /bin/sh -e /var/tmp/rpm-tmp.vUpWsi
+ umask 022
+ cd /builddir/build/BUILD
+ cd puppi-master
+ LANG=en_US.UTF-8
+ export LANG
+ unset DISPLAY
+ unset PYTHONOPTIMIZE
+ CFLAGS='-O2 -g -feliminate-unused-debug-types -pipe -Wall -Wp,-D_FORTIFY_SOURCE=2 -fexceptions -fstack-protector --param=ssp-buffer-size=32 -Wformat -Wformat-security -Wl,-z,now,-z,relro,-z,max-page-size=0x1000,-z,separate-code -Wno-error -ftree-vectorize -ftree-slp-vectorize -Wl,--enable-new-dtags -fcf-protection=return -m64 -march=westmere -mtune=haswell -fasynchronous-unwind-tables -fno-omit-frame-pointer -Wp,-D_REENTRANT'
+ export CFLAGS
+ http_proxy=http://127.0.0.1:9/
+ export http_proxy
+ https_proxy=http://127.0.0.1:9/
+ export https_proxy
+ ftp_proxy=http://127.0.0.1:9/
+ export ftp_proxy
+ no_proxy=localhost,127.0.0.1,0.0.0.0
+ export no_proxy
+ CXXFLAGS='-O2 -g -feliminate-unused-debug-types -pipe -Wall -Wp,-D_FORTIFY_SOURCE=2 -fexceptions -fstack-protector --param=ssp-buffer-size=32 -Wformat -Wformat-security -Wl,-z,now,-z,relro,-z,max-page-size=0x1000,-z,separate-code -Wno-error -ftree-vectorize -ftree-slp-vectorize -Wl,--enable-new-dtags -fcf-protection=return -m64 -march=westmere -mtune=haswell -fasynchronous-unwind-tables -fno-omit-frame-pointer -Wp,-D_REENTRANT'
+ export CXXFLAGS
+ FFLAGS='-g -O3 -feliminate-unused-debug-types  -pipe -Wall -Wp,-D_FORTIFY_SOURCE=2 -fexceptions -fstack-protector --param=ssp-buffer-size=32 -m64 -fasynchronous-unwind-tables -Wp,-D_REENTRANT -ftree-loop-distribute-patterns -Wl,-z -Wl,now -Wl,-z -Wl,relro -malign-data=abi -fno-semantic-interposition -ftree-vectorize  -ftree-loop-vectorize -Wl,--enable-new-dtags '
+ export FFLAGS
+ LD_AS_NEEDED=1
+ export LD_AS_NEEDED
+ PKG_CONFIG_LIBDIR=/usr/lib64/pkgconfig
+ export PKG_CONFIG_LIBDIR
+ PATH=/usr/lib64/ccache/bin:/usr/local/bin:/usr/bin
+ export PATH
+ export http_proxy=http://127.0.0.1:9/
+ http_proxy=http://127.0.0.1:9/
+ export https_proxy=http://127.0.0.1:9/
+ https_proxy=http://127.0.0.1:9/
+ export no_proxy=localhost,127.0.0.1,0.0.0.0
+ no_proxy=localhost,127.0.0.1,0.0.0.0
+ export LANG=C.UTF-8
+ LANG=C.UTF-8
+ export SOURCE_DATE_EPOCH=1568711284
+ SOURCE_DATE_EPOCH=1568711284
+ export GCC_IGNORE_WERROR=1
+ GCC_IGNORE_WERROR=1
+ export AR=gcc-ar
+ AR=gcc-ar
+ export RANLIB=gcc-ranlib
+ RANLIB=gcc-ranlib
+ export NM=gcc-nm
+ NM=gcc-nm
+ export 'CFLAGS=-O2 -g -feliminate-unused-debug-types -pipe -Wall -Wp,-D_FORTIFY_SOURCE=2 -fexceptions -fstack-protector --param=ssp-buffer-size=32 -Wformat -Wformat-security -Wl,-z,now,-z,relro,-z,max-page-size=0x1000,-z,separate-code -Wno-error -ftree-vectorize -ftree-slp-vectorize -Wl,--enable-new-dtags -fcf-protection=return -m64 -march=westmere -mtune=haswell -fasynchronous-unwind-tables -fno-omit-frame-pointer -Wp,-D_REENTRANT -O3 -ffat-lto-objects -flto=4 '
+ CFLAGS='-O2 -g -feliminate-unused-debug-types -pipe -Wall -Wp,-D_FORTIFY_SOURCE=2 -fexceptions -fstack-protector --param=ssp-buffer-size=32 -Wformat -Wformat-security -Wl,-z,now,-z,relro,-z,max-page-size=0x1000,-z,separate-code -Wno-error -ftree-vectorize -ftree-slp-vectorize -Wl,--enable-new-dtags -fcf-protection=return -m64 -march=westmere -mtune=haswell -fasynchronous-unwind-tables -fno-omit-frame-pointer -Wp,-D_REENTRANT -O3 -ffat-lto-objects -flto=4 '
+ export 'FCFLAGS=-O2 -g -feliminate-unused-debug-types -pipe -Wall -Wp,-D_FORTIFY_SOURCE=2 -fexceptions -fstack-protector --param=ssp-buffer-size=32 -Wformat -Wformat-security -Wl,-z,now,-z,relro,-z,max-page-size=0x1000,-z,separate-code -Wno-error -ftree-vectorize -ftree-slp-vectorize -Wl,--enable-new-dtags -fcf-protection=return -m64 -march=westmere -mtune=haswell -fasynchronous-unwind-tables -fno-omit-frame-pointer -Wp,-D_REENTRANT -O3 -ffat-lto-objects -flto=4  -O3 -ffat-lto-objects -flto=4 '
+ FCFLAGS='-O2 -g -feliminate-unused-debug-types -pipe -Wall -Wp,-D_FORTIFY_SOURCE=2 -fexceptions -fstack-protector --param=ssp-buffer-size=32 -Wformat -Wformat-security -Wl,-z,now,-z,relro,-z,max-page-size=0x1000,-z,separate-code -Wno-error -ftree-vectorize -ftree-slp-vectorize -Wl,--enable-new-dtags -fcf-protection=return -m64 -march=westmere -mtune=haswell -fasynchronous-unwind-tables -fno-omit-frame-pointer -Wp,-D_REENTRANT -O3 -ffat-lto-objects -flto=4  -O3 -ffat-lto-objects -flto=4 '
+ export 'FFLAGS=-O2 -g -feliminate-unused-debug-types -pipe -Wall -Wp,-D_FORTIFY_SOURCE=2 -fexceptions -fstack-protector --param=ssp-buffer-size=32 -Wformat -Wformat-security -Wl,-z,now,-z,relro,-z,max-page-size=0x1000,-z,separate-code -Wno-error -ftree-vectorize -ftree-slp-vectorize -Wl,--enable-new-dtags -fcf-protection=return -m64 -march=westmere -mtune=haswell -fasynchronous-unwind-tables -fno-omit-frame-pointer -Wp,-D_REENTRANT -O3 -ffat-lto-objects -flto=4  -O3 -ffat-lto-objects -flto=4 '
+ FFLAGS='-O2 -g -feliminate-unused-debug-types -pipe -Wall -Wp,-D_FORTIFY_SOURCE=2 -fexceptions -fstack-protector --param=ssp-buffer-size=32 -Wformat -Wformat-security -Wl,-z,now,-z,relro,-z,max-page-size=0x1000,-z,separate-code -Wno-error -ftree-vectorize -ftree-slp-vectorize -Wl,--enable-new-dtags -fcf-protection=return -m64 -march=westmere -mtune=haswell -fasynchronous-unwind-tables -fno-omit-frame-pointer -Wp,-D_REENTRANT -O3 -ffat-lto-objects -flto=4  -O3 -ffat-lto-objects -flto=4 '
+ export 'CXXFLAGS=-O2 -g -feliminate-unused-debug-types -pipe -Wall -Wp,-D_FORTIFY_SOURCE=2 -fexceptions -fstack-protector --param=ssp-buffer-size=32 -Wformat -Wformat-security -Wl,-z,now,-z,relro,-z,max-page-size=0x1000,-z,separate-code -Wno-error -ftree-vectorize -ftree-slp-vectorize -Wl,--enable-new-dtags -fcf-protection=return -m64 -march=westmere -mtune=haswell -fasynchronous-unwind-tables -fno-omit-frame-pointer -Wp,-D_REENTRANT -O3 -ffat-lto-objects -flto=4 '
+ CXXFLAGS='-O2 -g -feliminate-unused-debug-types -pipe -Wall -Wp,-D_FORTIFY_SOURCE=2 -fexceptions -fstack-protector --param=ssp-buffer-size=32 -Wformat -Wformat-security -Wl,-z,now,-z,relro,-z,max-page-size=0x1000,-z,separate-code -Wno-error -ftree-vectorize -ftree-slp-vectorize -Wl,--enable-new-dtags -fcf-protection=return -m64 -march=westmere -mtune=haswell -fasynchronous-unwind-tables -fno-omit-frame-pointer -Wp,-D_REENTRANT -O3 -ffat-lto-objects -flto=4 '
+ make -j4
echo "no build"
no build
+ exit 0
Executing(%install): /bin/sh -e /var/tmp/rpm-tmp.aKesSg
+ umask 022
+ cd /builddir/build/BUILD
+ cd puppi-master
+ LANG=en_US.UTF-8
+ export LANG
+ unset DISPLAY
+ unset PYTHONOPTIMIZE
+ rm -rf /builddir/build/BUILDROOT/puppet-puppi-1-1.x86_64
+ mkdir -p /builddir/build/BUILDROOT/puppet-puppi-1-1.x86_64
+ export SOURCE_DATE_EPOCH=1568711284
+ SOURCE_DATE_EPOCH=1568711284
+ rm -rf /builddir/build/BUILDROOT/puppet-puppi-1-1.x86_64
+ install -d -m 0755 /builddir/build/BUILDROOT/puppet-puppi-1-1.x86_64//usr/share/puppet/modules/puppi
+ cp -R ../puppi-master/files ../puppi-master/Gemfile ../puppi-master/lib ../puppi-master/LICENSE ../puppi-master/Makefile ../puppi-master/manifests ../puppi-master/metadata.json ../puppi-master/Rakefile ../puppi-master/README_check.md ../puppi-master/README_deploy.md ../puppi-master/README_info.md ../puppi-master/README_log.md ../puppi-master/README.md ../puppi-master/spec ../puppi-master/templates /builddir/build/BUILDROOT/puppet-puppi-1-1.x86_64//usr/share/puppet/modules/puppi/.
+ rm -f /builddir/build/BUILDROOT/puppet-puppi-1-1.x86_64/usr/share/info/dir
++ find /builddir/build/BUILDROOT/puppet-puppi-1-1.x86_64 -path 'etc/*' '!' -type d
+ test -z ''
+ rm -rf '/builddir/build/BUILDROOT/puppet-puppi-1-1.x86_64/etc/*'
+ rm -rf '/builddir/build/BUILDROOT/puppet-puppi-1-1.x86_64/usr/share/factory/*'
+ find /builddir/build/BUILDROOT/puppet-puppi-1-1.x86_64 -name __pycache__
+ xargs rm -rf --
+ '[' -d /builddir/build/BUILDROOT/puppet-puppi-1-1.x86_64/usr/share/mime ']'
++ getconf _NPROCESSORS_ONLN
+ RPM_XARGS_PFLAG=-P4
+ find /builddir/build/BUILDROOT/puppet-puppi-1-1.x86_64 -name '*.so.avx512' -print0
+ xargs -0rtn1 -P4 python /usr/share/clr-avx-tools/avxjudge.py -q -5
+ find /builddir/build/BUILDROOT/puppet-puppi-1-1.x86_64/usr/lib64/haswell/avx512_1 -name '*.so*' -print0
find: ‘/builddir/build/BUILDROOT/puppet-puppi-1-1.x86_64/usr/lib64/haswell/avx512_1’: No such file or directory
+ find /builddir/build/BUILDROOT/puppet-puppi-1-1.x86_64 -name '*.so.avx2' -print0
+ xargs -0rtn1 -P4 python /usr/share/clr-avx-tools/avxjudge.py -q -2
+ find /builddir/build/BUILDROOT/puppet-puppi-1-1.x86_64/usr/lib64/haswell '!' -path '/usr/lib64/haswell/avx512_1/*' -name '*.so*' -print0
find: ‘/builddir/build/BUILDROOT/puppet-puppi-1-1.x86_64/usr/lib64/haswell’: No such file or directory
+ find /builddir/build/BUILDROOT/puppet-puppi-1-1.x86_64/usr/lib64/ -maxdepth 1 -name '*.so*' -type f -print0
+ xargs -0rtn1 -P4 /usr/lib/rpm/clr/brp-create-abi
+ sort -u
find: ‘/builddir/build/BUILDROOT/puppet-puppi-1-1.x86_64/usr/lib64/’: No such file or directory
+ /usr/lib/rpm/find-debuginfo.sh --strict-build-id /builddir/build/BUILD/puppi-master
+ '[' -d /builddir/build/BUILDROOT/puppet-puppi-1-1.x86_64/usr/lib/debug ']'
+ :
+ '[' -d /builddir/build/BUILDROOT/puppet-puppi-1-1.x86_64/usr/lib/debug ']'
+ :
+ '[' -d /builddir/build/BUILDROOT/puppet-puppi-1-1.x86_64/usr/src/debug ']'
+ :
+ '[' -d /builddir/build/BUILDROOT/puppet-puppi-1-1.x86_64/usr/lib/debug.force ']'
+ :
+ '[' -d /builddir/build/BUILDROOT/puppet-puppi-1-1.x86_64/usr/src/debug.force ']'
+ :
+ /usr/lib/rpm/check-buildroot
+ /usr/lib/rpm/clr/brp-strip-static-archive /usr/bin/strip
+ /usr/lib/rpm/clr/brp-strip-comment-note /usr/bin/strip /usr/bin/objdump
+ /usr/lib/rpm/clr/brp-python-bytecompile
+ find /builddir/build/BUILDROOT/puppet-puppi-1-1.x86_64 -print0
+ xargs -0 touch -h -d @1568711284
+ /usr/lib/rpm/clr/brp-java-repack-jars
Processing files: puppet-puppi-1-1.x86_64
Processing files: puppet-puppi-debuginfo-1-1.x86_64
Processing files: puppet-puppi-abi-1-1.x86_64
warning: Empty %files file /builddir/build/BUILD/puppi-master/debugfiles.list
warning: Empty %files file /builddir/build/BUILD/puppi-master/abifiles.list
Checking for unpackaged file(s): /usr/lib/rpm/check-files /builddir/build/BUILDROOT/puppet-puppi-1-1.x86_64
error: Installed (but unpackaged) file(s) found:
   /usr/share/puppet/modules/puppi/Gemfile
   /usr/share/puppet/modules/puppi/LICENSE
   /usr/share/puppet/modules/puppi/Makefile
   /usr/share/puppet/modules/puppi/README.md
   /usr/share/puppet/modules/puppi/README_check.md
   /usr/share/puppet/modules/puppi/README_deploy.md
   /usr/share/puppet/modules/puppi/README_info.md
   /usr/share/puppet/modules/puppi/README_log.md
   /usr/share/puppet/modules/puppi/Rakefile
   /usr/share/puppet/modules/puppi/files/info/readme/readme
   /usr/share/puppet/modules/puppi/files/info/readme/readme-default
   /usr/share/puppet/modules/puppi/files/mailpuppicheck
   /usr/share/puppet/modules/puppi/files/mcollective/mc-puppi
   /usr/share/puppet/modules/puppi/files/mcollective/puppi.ddl
   /usr/share/puppet/modules/puppi/files/mcollective/puppi.rb
   /usr/share/puppet/modules/puppi/files/mcollective/puppicheck
   /usr/share/puppet/modules/puppi/files/mcollective/puppideploy
   /usr/share/puppet/modules/puppi/files/scripts/archive.sh
   /usr/share/puppet/modules/puppi/files/scripts/check_project.sh
   /usr/share/puppet/modules/puppi/files/scripts/checkwardir.sh
   /usr/share/puppet/modules/puppi/files/scripts/clean_filelist.sh
   /usr/share/puppet/modules/puppi/files/scripts/database.sh
   /usr/share/puppet/modules/puppi/files/scripts/delete.sh
   /usr/share/puppet/modules/puppi/files/scripts/deploy.sh
   /usr/share/puppet/modules/puppi/files/scripts/deploy_files.sh
   /usr/share/puppet/modules/puppi/files/scripts/execute.sh
   /usr/share/puppet/modules/puppi/files/scripts/firewall.sh
   /usr/share/puppet/modules/puppi/files/scripts/functions
   /usr/share/puppet/modules/puppi/files/scripts/get_file.sh
   /usr/share/puppet/modules/puppi/files/scripts/get_filesfromlist.sh
   /usr/share/puppet/modules/puppi/files/scripts/get_maven_files.sh
   /usr/share/puppet/modules/puppi/files/scripts/get_metadata.sh
   /usr/share/puppet/modules/puppi/files/scripts/git.sh
   /usr/share/puppet/modules/puppi/files/scripts/header
   /usr/share/puppet/modules/puppi/files/scripts/hg.sh
   /usr/share/puppet/modules/puppi/files/scripts/predeploy.sh
   /usr/share/puppet/modules/puppi/files/scripts/predeploy_tar.sh
   /usr/share/puppet/modules/puppi/files/scripts/report_mail.sh
   /usr/share/puppet/modules/puppi/files/scripts/report_mongo.sh
   /usr/share/puppet/modules/puppi/files/scripts/service.sh
   /usr/share/puppet/modules/puppi/files/scripts/svn.sh
   /usr/share/puppet/modules/puppi/files/scripts/wait.sh
   /usr/share/puppet/modules/puppi/files/scripts/yant.sh
   /usr/share/puppet/modules/puppi/files/scripts/yum.sh
   /usr/share/puppet/modules/puppi/lib/facter/last_run.rb
   /usr/share/puppet/modules/puppi/lib/facter/puppi_projects.rb
   /usr/share/puppet/modules/puppi/lib/facter/windows_common_appdata.rb
   /usr/share/puppet/modules/puppi/lib/puppet/functions/params_lookup.rb
   /usr/share/puppet/modules/puppi/lib/puppet/parser/functions/bool2ensure.rb
   /usr/share/puppet/modules/puppi/lib/puppet/parser/functions/get_class_args.rb
   /usr/share/puppet/modules/puppi/lib/puppet/parser/functions/get_magicvar.rb
   /usr/share/puppet/modules/puppi/lib/puppet/parser/functions/get_module_path.rb
   /usr/share/puppet/modules/puppi/lib/puppet/parser/functions/nslookup.rb
   /usr/share/puppet/modules/puppi/lib/puppet/parser/functions/options_lookup.rb
   /usr/share/puppet/modules/puppi/lib/puppet/parser/functions/params_lookup.rb
   /usr/share/puppet/modules/puppi/lib/puppet/parser/functions/url_parse.rb
   /usr/share/puppet/modules/puppi/manifests/check.pp
   /usr/share/puppet/modules/puppi/manifests/configure.pp
   /usr/share/puppet/modules/puppi/manifests/dependencies.pp
   /usr/share/puppet/modules/puppi/manifests/deploy.pp
   /usr/share/puppet/modules/puppi/manifests/extras.pp
   /usr/share/puppet/modules/puppi/manifests/helper.pp
   /usr/share/puppet/modules/puppi/manifests/helpers.pp
   /usr/share/puppet/modules/puppi/manifests/info.pp
   /usr/share/puppet/modules/puppi/manifests/info/instance.pp
   /usr/share/puppet/modules/puppi/manifests/info/module.pp
   /usr/share/puppet/modules/puppi/manifests/info/readme.pp
   /usr/share/puppet/modules/puppi/manifests/init.pp
   /usr/share/puppet/modules/puppi/manifests/initialize.pp
   /usr/share/puppet/modules/puppi/manifests/install_packages.pp
   /usr/share/puppet/modules/puppi/manifests/log.pp
   /usr/share/puppet/modules/puppi/manifests/mcollective/client.pp
   /usr/share/puppet/modules/puppi/manifests/mcollective/server.pp
   /usr/share/puppet/modules/puppi/manifests/netinstall.pp
   /usr/share/puppet/modules/puppi/manifests/one.pp
   /usr/share/puppet/modules/puppi/manifests/params.pp
   /usr/share/puppet/modules/puppi/manifests/project.pp
   /usr/share/puppet/modules/puppi/manifests/project/README
   /usr/share/puppet/modules/puppi/manifests/project/archive.pp
   /usr/share/puppet/modules/puppi/manifests/project/builder.pp
   /usr/share/puppet/modules/puppi/manifests/project/dir.pp
   /usr/share/puppet/modules/puppi/manifests/project/files.pp
   /usr/share/puppet/modules/puppi/manifests/project/git.pp
   /usr/share/puppet/modules/puppi/manifests/project/hg.pp
   /usr/share/puppet/modules/puppi/manifests/project/maven.pp
   /usr/share/puppet/modules/puppi/manifests/project/mysql.pp
   /usr/share/puppet/modules/puppi/manifests/project/service.pp
   /usr/share/puppet/modules/puppi/manifests/project/svn.pp
   /usr/share/puppet/modules/puppi/manifests/project/tar.pp
   /usr/share/puppet/modules/puppi/manifests/project/war.pp
   /usr/share/puppet/modules/puppi/manifests/project/y4maven.pp
   /usr/share/puppet/modules/puppi/manifests/project/yum.pp
   /usr/share/puppet/modules/puppi/manifests/report.pp
   /usr/share/puppet/modules/puppi/manifests/rollback.pp
   /usr/share/puppet/modules/puppi/manifests/run.pp
   /usr/share/puppet/modules/puppi/manifests/runscript.pp
   /usr/share/puppet/modules/puppi/manifests/skel.pp
   /usr/share/puppet/modules/puppi/manifests/todo.pp
   /usr/share/puppet/modules/puppi/manifests/two.pp
   /usr/share/puppet/modules/puppi/manifests/ze.pp
   /usr/share/puppet/modules/puppi/metadata.json
   /usr/share/puppet/modules/puppi/spec/classes/puppi_spec.rb
   /usr/share/puppet/modules/puppi/spec/defines/puppi_check_spec.rb
   /usr/share/puppet/modules/puppi/spec/defines/puppi_deploy_spec.rb
   /usr/share/puppet/modules/puppi/spec/defines/puppi_helper_spec.rb
   /usr/share/puppet/modules/puppi/spec/defines/puppi_info_spec.rb
   /usr/share/puppet/modules/puppi/spec/defines/puppi_initialize_spec.rb
   /usr/share/puppet/modules/puppi/spec/defines/puppi_log_spec.rb
   /usr/share/puppet/modules/puppi/spec/defines/puppi_project_spec.rb
   /usr/share/puppet/modules/puppi/spec/defines/puppi_report_spec.rb
   /usr/share/puppet/modules/puppi/spec/defines/puppi_rollback_spec.rb
   /usr/share/puppet/modules/puppi/spec/defines/puppi_run_spec.rb
   /usr/share/puppet/modules/puppi/spec/defines/puppi_todo_spec.rb
   /usr/share/puppet/modules/puppi/spec/defines/puppi_ze_spec.rb
   /usr/share/puppet/modules/puppi/spec/functions/any2bool_spec.rb
   /usr/share/puppet/modules/puppi/spec/functions/bool2ensure_spec.rb
   /usr/share/puppet/modules/puppi/spec/functions/url_parse_spec.rb
   /usr/share/puppet/modules/puppi/spec/spec_helper.rb
   /usr/share/puppet/modules/puppi/templates/helpers/standard.yml.erb
   /usr/share/puppet/modules/puppi/templates/info.erb
   /usr/share/puppet/modules/puppi/templates/info/instance.erb
   /usr/share/puppet/modules/puppi/templates/info/module.erb
   /usr/share/puppet/modules/puppi/templates/info/puppet.erb
   /usr/share/puppet/modules/puppi/templates/info/readme.erb
   /usr/share/puppet/modules/puppi/templates/install_packages.erb
   /usr/share/puppet/modules/puppi/templates/log.erb
   /usr/share/puppet/modules/puppi/templates/project/config.erb
   /usr/share/puppet/modules/puppi/templates/puppi.conf.erb
   /usr/share/puppet/modules/puppi/templates/puppi.erb
   /usr/share/puppet/modules/puppi/templates/puppi_clean.erb
   /usr/share/puppet/modules/puppi/templates/todo.erb
    Empty %files file /builddir/build/BUILD/puppi-master/debugfiles.list
    Empty %files file /builddir/build/BUILD/puppi-master/abifiles.list
    Installed (but unpackaged) file(s) found:
   /usr/share/puppet/modules/puppi/Gemfile
   /usr/share/puppet/modules/puppi/LICENSE
   /usr/share/puppet/modules/puppi/Makefile
   /usr/share/puppet/modules/puppi/README.md
   /usr/share/puppet/modules/puppi/README_check.md
   /usr/share/puppet/modules/puppi/README_deploy.md
   /usr/share/puppet/modules/puppi/README_info.md
   /usr/share/puppet/modules/puppi/README_log.md
   /usr/share/puppet/modules/puppi/Rakefile
   /usr/share/puppet/modules/puppi/files/info/readme/readme
   /usr/share/puppet/modules/puppi/files/info/readme/readme-default
   /usr/share/puppet/modules/puppi/files/mailpuppicheck
   /usr/share/puppet/modules/puppi/files/mcollective/mc-puppi
   /usr/share/puppet/modules/puppi/files/mcollective/puppi.ddl
   /usr/share/puppet/modules/puppi/files/mcollective/puppi.rb
   /usr/share/puppet/modules/puppi/files/mcollective/puppicheck
   /usr/share/puppet/modules/puppi/files/mcollective/puppideploy
   /usr/share/puppet/modules/puppi/files/scripts/archive.sh
   /usr/share/puppet/modules/puppi/files/scripts/check_project.sh
   /usr/share/puppet/modules/puppi/files/scripts/checkwardir.sh
   /usr/share/puppet/modules/puppi/files/scripts/clean_filelist.sh
   /usr/share/puppet/modules/puppi/files/scripts/database.sh
   /usr/share/puppet/modules/puppi/files/scripts/delete.sh
   /usr/share/puppet/modules/puppi/files/scripts/deploy.sh
   /usr/share/puppet/modules/puppi/files/scripts/deploy_files.sh
   /usr/share/puppet/modules/puppi/files/scripts/execute.sh
   /usr/share/puppet/modules/puppi/files/scripts/firewall.sh
   /usr/share/puppet/modules/puppi/files/scripts/functions
   /usr/share/puppet/modules/puppi/files/scripts/get_file.sh
   /usr/share/puppet/modules/puppi/files/scripts/get_filesfromlist.sh
   /usr/share/puppet/modules/puppi/files/scripts/get_maven_files.sh
   /usr/share/puppet/modules/puppi/files/scripts/get_metadata.sh
   /usr/share/puppet/modules/puppi/files/scripts/git.sh
   /usr/share/puppet/modules/puppi/files/scripts/header
   /usr/share/puppet/modules/puppi/files/scripts/hg.sh
   /usr/share/puppet/modules/puppi/files/scripts/predeploy.sh
   /usr/share/puppet/modules/puppi/files/scripts/predeploy_tar.sh
   /usr/share/puppet/modules/puppi/files/scripts/report_mail.sh
   /usr/share/puppet/modules/puppi/files/scripts/report_mongo.sh
   /usr/share/puppet/modules/puppi/files/scripts/service.sh
   /usr/share/puppet/modules/puppi/files/scripts/svn.sh
   /usr/share/puppet/modules/puppi/files/scripts/wait.sh
   /usr/share/puppet/modules/puppi/files/scripts/yant.sh
   /usr/share/puppet/modules/puppi/files/scripts/yum.sh
   /usr/share/puppet/modules/puppi/lib/facter/last_run.rb
   /usr/share/puppet/modules/puppi/lib/facter/puppi_projects.rb
   /usr/share/puppet/modules/puppi/lib/facter/windows_common_appdata.rb
   /usr/share/puppet/modules/puppi/lib/puppet/functions/params_lookup.rb
   /usr/share/puppet/modules/puppi/lib/puppet/parser/functions/bool2ensure.rb
   /usr/share/puppet/modules/puppi/lib/puppet/parser/functions/get_class_args.rb
   /usr/share/puppet/modules/puppi/lib/puppet/parser/functions/get_magicvar.rb
   /usr/share/puppet/modules/puppi/lib/puppet/parser/functions/get_module_path.rb
   /usr/share/puppet/modules/puppi/lib/puppet/parser/functions/nslookup.rb
   /usr/share/puppet/modules/puppi/lib/puppet/parser/functions/options_lookup.rb
   /usr/share/puppet/modules/puppi/lib/puppet/parser/functions/params_lookup.rb
   /usr/share/puppet/modules/puppi/lib/puppet/parser/functions/url_parse.rb
   /usr/share/puppet/modules/puppi/manifests/check.pp
   /usr/share/puppet/modules/puppi/manifests/configure.pp
   /usr/share/puppet/modules/puppi/manifests/dependencies.pp
   /usr/share/puppet/modules/puppi/manifests/deploy.pp
   /usr/share/puppet/modules/puppi/manifests/extras.pp
   /usr/share/puppet/modules/puppi/manifests/helper.pp
   /usr/share/puppet/modules/puppi/manifests/helpers.pp
   /usr/share/puppet/modules/puppi/manifests/info.pp
   /usr/share/puppet/modules/puppi/manifests/info/instance.pp
   /usr/share/puppet/modules/puppi/manifests/info/module.pp
   /usr/share/puppet/modules/puppi/manifests/info/readme.pp
   /usr/share/puppet/modules/puppi/manifests/init.pp
   /usr/share/puppet/modules/puppi/manifests/initialize.pp
   /usr/share/puppet/modules/puppi/manifests/install_packages.pp
   /usr/share/puppet/modules/puppi/manifests/log.pp
   /usr/share/puppet/modules/puppi/manifests/mcollective/client.pp
   /usr/share/puppet/modules/puppi/manifests/mcollective/server.pp
   /usr/share/puppet/modules/puppi/manifests/netinstall.pp
   /usr/share/puppet/modules/puppi/manifests/one.pp
   /usr/share/puppet/modules/puppi/manifests/params.pp
   /usr/share/puppet/modules/puppi/manifests/project.pp
   /usr/share/puppet/modules/puppi/manifests/project/README
   /usr/share/puppet/modules/puppi/manifests/project/archive.pp
   /usr/share/puppet/modules/puppi/manifests/project/builder.pp
   /usr/share/puppet/modules/puppi/manifests/project/dir.pp
   /usr/share/puppet/modules/puppi/manifests/project/files.pp
   /usr/share/puppet/modules/puppi/manifests/project/git.pp
   /usr/share/puppet/modules/puppi/manifests/project/hg.pp
   /usr/share/puppet/modules/puppi/manifests/project/maven.pp
   /usr/share/puppet/modules/puppi/manifests/project/mysql.pp
   /usr/share/puppet/modules/puppi/manifests/project/service.pp
   /usr/share/puppet/modules/puppi/manifests/project/svn.pp
   /usr/share/puppet/modules/puppi/manifests/project/tar.pp
   /usr/share/puppet/modules/puppi/manifests/project/war.pp
   /usr/share/puppet/modules/puppi/manifests/project/y4maven.pp
   /usr/share/puppet/modules/puppi/manifests/project/yum.pp
   /usr/share/puppet/modules/puppi/manifests/report.pp
   /usr/share/puppet/modules/puppi/manifests/rollback.pp
   /usr/share/puppet/modules/puppi/manifests/run.pp
   /usr/share/puppet/modules/puppi/manifests/runscript.pp
   /usr/share/puppet/modules/puppi/manifests/skel.pp
   /usr/share/puppet/modules/puppi/manifests/todo.pp
   /usr/share/puppet/modules/puppi/manifests/two.pp
   /usr/share/puppet/modules/puppi/manifests/ze.pp
   /usr/share/puppet/modules/puppi/metadata.json
   /usr/share/puppet/modules/puppi/spec/classes/puppi_spec.rb
   /usr/share/puppet/modules/puppi/spec/defines/puppi_check_spec.rb
   /usr/share/puppet/modules/puppi/spec/defines/puppi_deploy_spec.rb
   /usr/share/puppet/modules/puppi/spec/defines/puppi_helper_spec.rb
   /usr/share/puppet/modules/puppi/spec/defines/puppi_info_spec.rb
   /usr/share/puppet/modules/puppi/spec/defines/puppi_initialize_spec.rb
   /usr/share/puppet/modules/puppi/spec/defines/puppi_log_spec.rb
   /usr/share/puppet/modules/puppi/spec/defines/puppi_project_spec.rb
   /usr/share/puppet/modules/puppi/spec/defines/puppi_report_spec.rb
   /usr/share/puppet/modules/puppi/spec/defines/puppi_rollback_spec.rb
   /usr/share/puppet/modules/puppi/spec/defines/puppi_run_spec.rb
   /usr/share/puppet/modules/puppi/spec/defines/puppi_todo_spec.rb
   /usr/share/puppet/modules/puppi/spec/defines/puppi_ze_spec.rb
   /usr/share/puppet/modules/puppi/spec/functions/any2bool_spec.rb
   /usr/share/puppet/modules/puppi/spec/functions/bool2ensure_spec.rb
   /usr/share/puppet/modules/puppi/spec/functions/url_parse_spec.rb
   /usr/share/puppet/modules/puppi/spec/spec_helper.rb
   /usr/share/puppet/modules/puppi/templates/helpers/standard.yml.erb
   /usr/share/puppet/modules/puppi/templates/info.erb
   /usr/share/puppet/modules/puppi/templates/info/instance.erb
   /usr/share/puppet/modules/puppi/templates/info/module.erb
   /usr/share/puppet/modules/puppi/templates/info/puppet.erb
   /usr/share/puppet/modules/puppi/templates/info/readme.erb
   /usr/share/puppet/modules/puppi/templates/install_packages.erb
   /usr/share/puppet/modules/puppi/templates/log.erb
   /usr/share/puppet/modules/puppi/templates/project/config.erb
   /usr/share/puppet/modules/puppi/templates/puppi.conf.erb
   /usr/share/puppet/modules/puppi/templates/puppi.erb
   /usr/share/puppet/modules/puppi/templates/puppi_clean.erb
   /usr/share/puppet/modules/puppi/templates/todo.erb
RPM build errors:
Child return code was: 1
EXCEPTION: Command failed. See logs for output.
 # bash --login -c /usr/bin/rpmbuild -bb --target x86_64 --nodeps  /builddir/build/SPECS/puppet-puppi.spec 
Traceback (most recent call last):
  File "/usr/lib/python3.7/site-packages/mockbuild/trace_decorator.py", line 84, in trace
    result = func(*args, **kw)
  File "/usr/lib/python3.7/site-packages/mockbuild/util.py", line 531, in do
    raise exception.Error("Command failed. See logs for output.\n # %s" % (command,), child.returncode)
mockbuild.exception.Error: Command failed. See logs for output.
 # bash --login -c /usr/bin/rpmbuild -bb --target x86_64 --nodeps  /builddir/build/SPECS/puppet-puppi.spec 
LEAVE do --> EXCEPTION RAISED

